[2025-08-07T00:26:24.528+0000] {processor.py:186} INFO - Started process (PID=1061) to work on /opt/airflow/dags/Etl_pipeline.py
[2025-08-07T00:26:24.529+0000] {processor.py:914} INFO - Processing file /opt/airflow/dags/Etl_pipeline.py for tasks to queue
[2025-08-07T00:26:24.530+0000] {logging_mixin.py:190} INFO - [2025-08-07T00:26:24.530+0000] {dagbag.py:588} INFO - Filling up the DagBag from /opt/airflow/dags/Etl_pipeline.py
[2025-08-07T00:26:24.560+0000] {processor.py:925} INFO - DAG(s) 'etl_twitter_pipeline' retrieved from /opt/airflow/dags/Etl_pipeline.py
[2025-08-07T00:26:24.798+0000] {logging_mixin.py:190} INFO - [2025-08-07T00:26:24.797+0000] {dag.py:3239} INFO - Sync 1 DAGs
[2025-08-07T00:26:24.841+0000] {logging_mixin.py:190} INFO - [2025-08-07T00:26:24.841+0000] {dag.py:4180} INFO - Setting next_dagrun for etl_twitter_pipeline to 2023-02-05 00:00:00+00:00, run_after=2023-02-05 00:02:00+00:00
[2025-08-07T00:26:24.878+0000] {processor.py:208} INFO - Processing /opt/airflow/dags/Etl_pipeline.py took 0.356 seconds
[2025-08-07T02:45:29.175+0000] {processor.py:186} INFO - Started process (PID=1078) to work on /opt/airflow/dags/Etl_pipeline.py
[2025-08-07T02:45:29.181+0000] {processor.py:914} INFO - Processing file /opt/airflow/dags/Etl_pipeline.py for tasks to queue
[2025-08-07T02:45:29.196+0000] {logging_mixin.py:190} INFO - [2025-08-07T02:45:29.189+0000] {dagbag.py:588} INFO - Filling up the DagBag from /opt/airflow/dags/Etl_pipeline.py
[2025-08-07T02:45:29.287+0000] {processor.py:925} INFO - DAG(s) 'etl_twitter_pipeline' retrieved from /opt/airflow/dags/Etl_pipeline.py
[2025-08-07T02:45:29.372+0000] {logging_mixin.py:190} INFO - [2025-08-07T02:45:29.371+0000] {dag.py:3239} INFO - Sync 1 DAGs
[2025-08-07T02:45:29.495+0000] {logging_mixin.py:190} INFO - [2025-08-07T02:45:29.494+0000] {dag.py:4180} INFO - Setting next_dagrun for etl_twitter_pipeline to 2023-02-05 00:00:00+00:00, run_after=2023-02-05 00:02:00+00:00
[2025-08-07T02:45:29.597+0000] {processor.py:208} INFO - Processing /opt/airflow/dags/Etl_pipeline.py took 0.431 seconds
[2025-08-07T11:29:46.282+0000] {processor.py:186} INFO - Started process (PID=1149) to work on /opt/airflow/dags/Etl_pipeline.py
[2025-08-07T11:29:46.283+0000] {processor.py:914} INFO - Processing file /opt/airflow/dags/Etl_pipeline.py for tasks to queue
[2025-08-07T11:29:46.285+0000] {logging_mixin.py:190} INFO - [2025-08-07T11:29:46.285+0000] {dagbag.py:588} INFO - Filling up the DagBag from /opt/airflow/dags/Etl_pipeline.py
[2025-08-07T11:29:46.311+0000] {processor.py:925} INFO - DAG(s) 'etl_twitter_pipeline' retrieved from /opt/airflow/dags/Etl_pipeline.py
[2025-08-07T11:29:46.337+0000] {logging_mixin.py:190} INFO - [2025-08-07T11:29:46.337+0000] {dag.py:3239} INFO - Sync 1 DAGs
[2025-08-07T11:29:46.374+0000] {logging_mixin.py:190} INFO - [2025-08-07T11:29:46.373+0000] {dag.py:4180} INFO - Setting next_dagrun for etl_twitter_pipeline to 2023-02-05 00:00:00+00:00, run_after=2023-02-05 00:02:00+00:00
[2025-08-07T11:29:46.399+0000] {processor.py:208} INFO - Processing /opt/airflow/dags/Etl_pipeline.py took 0.125 seconds
[2025-08-07T17:21:32.584+0000] {processor.py:186} INFO - Started process (PID=1167) to work on /opt/airflow/dags/Etl_pipeline.py
[2025-08-07T17:21:32.595+0000] {processor.py:914} INFO - Processing file /opt/airflow/dags/Etl_pipeline.py for tasks to queue
[2025-08-07T17:21:32.622+0000] {logging_mixin.py:190} INFO - [2025-08-07T17:21:32.621+0000] {dagbag.py:588} INFO - Filling up the DagBag from /opt/airflow/dags/Etl_pipeline.py
[2025-08-07T17:21:32.894+0000] {processor.py:925} INFO - DAG(s) 'etl_twitter_pipeline' retrieved from /opt/airflow/dags/Etl_pipeline.py
[2025-08-07T17:21:32.948+0000] {logging_mixin.py:190} INFO - [2025-08-07T17:21:32.937+0000] {dag.py:3239} INFO - Sync 1 DAGs
[2025-08-07T17:21:33.048+0000] {logging_mixin.py:190} INFO - [2025-08-07T17:21:33.039+0000] {dag.py:4180} INFO - Setting next_dagrun for etl_twitter_pipeline to 2023-02-05 00:00:00+00:00, run_after=2023-02-05 00:02:00+00:00
[2025-08-07T17:21:33.134+0000] {processor.py:208} INFO - Processing /opt/airflow/dags/Etl_pipeline.py took 0.568 seconds
[2025-08-07T17:22:03.909+0000] {processor.py:186} INFO - Started process (PID=1233) to work on /opt/airflow/dags/Etl_pipeline.py
[2025-08-07T17:22:03.910+0000] {processor.py:914} INFO - Processing file /opt/airflow/dags/Etl_pipeline.py for tasks to queue
[2025-08-07T17:22:03.912+0000] {logging_mixin.py:190} INFO - [2025-08-07T17:22:03.912+0000] {dagbag.py:588} INFO - Filling up the DagBag from /opt/airflow/dags/Etl_pipeline.py
[2025-08-07T17:22:03.933+0000] {processor.py:925} INFO - DAG(s) 'etl_twitter_pipeline' retrieved from /opt/airflow/dags/Etl_pipeline.py
[2025-08-07T17:22:03.957+0000] {logging_mixin.py:190} INFO - [2025-08-07T17:22:03.957+0000] {dag.py:3239} INFO - Sync 1 DAGs
[2025-08-07T17:22:03.989+0000] {logging_mixin.py:190} INFO - [2025-08-07T17:22:03.989+0000] {dag.py:4180} INFO - Setting next_dagrun for etl_twitter_pipeline to 2023-02-05 00:00:00+00:00, run_after=2023-02-05 00:02:00+00:00
[2025-08-07T17:22:04.013+0000] {processor.py:208} INFO - Processing /opt/airflow/dags/Etl_pipeline.py took 0.112 seconds
[2025-08-07T17:22:34.775+0000] {processor.py:186} INFO - Started process (PID=1299) to work on /opt/airflow/dags/Etl_pipeline.py
[2025-08-07T17:22:34.776+0000] {processor.py:914} INFO - Processing file /opt/airflow/dags/Etl_pipeline.py for tasks to queue
[2025-08-07T17:22:34.778+0000] {logging_mixin.py:190} INFO - [2025-08-07T17:22:34.778+0000] {dagbag.py:588} INFO - Filling up the DagBag from /opt/airflow/dags/Etl_pipeline.py
[2025-08-07T17:22:34.805+0000] {processor.py:925} INFO - DAG(s) 'etl_twitter_pipeline' retrieved from /opt/airflow/dags/Etl_pipeline.py
[2025-08-07T17:22:34.831+0000] {logging_mixin.py:190} INFO - [2025-08-07T17:22:34.830+0000] {dag.py:3239} INFO - Sync 1 DAGs
[2025-08-07T17:22:34.864+0000] {logging_mixin.py:190} INFO - [2025-08-07T17:22:34.863+0000] {dag.py:4180} INFO - Setting next_dagrun for etl_twitter_pipeline to 2023-02-05 00:00:00+00:00, run_after=2023-02-05 00:02:00+00:00
[2025-08-07T17:22:34.890+0000] {processor.py:208} INFO - Processing /opt/airflow/dags/Etl_pipeline.py took 0.123 seconds
[2025-08-07T17:23:05.056+0000] {processor.py:186} INFO - Started process (PID=1365) to work on /opt/airflow/dags/Etl_pipeline.py
[2025-08-07T17:23:05.057+0000] {processor.py:914} INFO - Processing file /opt/airflow/dags/Etl_pipeline.py for tasks to queue
[2025-08-07T17:23:05.059+0000] {logging_mixin.py:190} INFO - [2025-08-07T17:23:05.059+0000] {dagbag.py:588} INFO - Filling up the DagBag from /opt/airflow/dags/Etl_pipeline.py
[2025-08-07T17:23:05.081+0000] {processor.py:925} INFO - DAG(s) 'etl_twitter_pipeline' retrieved from /opt/airflow/dags/Etl_pipeline.py
[2025-08-07T17:23:05.104+0000] {logging_mixin.py:190} INFO - [2025-08-07T17:23:05.104+0000] {dag.py:3239} INFO - Sync 1 DAGs
[2025-08-07T17:23:05.130+0000] {logging_mixin.py:190} INFO - [2025-08-07T17:23:05.130+0000] {dag.py:4180} INFO - Setting next_dagrun for etl_twitter_pipeline to 2023-02-05 00:00:00+00:00, run_after=2023-02-05 00:02:00+00:00
[2025-08-07T17:23:05.153+0000] {processor.py:208} INFO - Processing /opt/airflow/dags/Etl_pipeline.py took 0.106 seconds
[2025-08-07T17:23:13.447+0000] {processor.py:186} INFO - Started process (PID=1457) to work on /opt/airflow/dags/Etl_pipeline.py
[2025-08-07T17:23:13.449+0000] {processor.py:914} INFO - Processing file /opt/airflow/dags/Etl_pipeline.py for tasks to queue
[2025-08-07T17:23:13.450+0000] {logging_mixin.py:190} INFO - [2025-08-07T17:23:13.450+0000] {dagbag.py:588} INFO - Filling up the DagBag from /opt/airflow/dags/Etl_pipeline.py
[2025-08-07T17:23:13.468+0000] {processor.py:925} INFO - DAG(s) 'etl_twitter_pipeline' retrieved from /opt/airflow/dags/Etl_pipeline.py
[2025-08-07T17:23:13.491+0000] {logging_mixin.py:190} INFO - [2025-08-07T17:23:13.491+0000] {dag.py:3239} INFO - Sync 1 DAGs
[2025-08-07T17:23:13.526+0000] {logging_mixin.py:190} INFO - [2025-08-07T17:23:13.526+0000] {dag.py:4180} INFO - Setting next_dagrun for etl_twitter_pipeline to 2023-02-05 00:00:00+00:00, run_after=2023-02-05 00:02:00+00:00
[2025-08-07T17:23:13.553+0000] {processor.py:208} INFO - Processing /opt/airflow/dags/Etl_pipeline.py took 0.113 seconds
[2025-08-07T17:23:43.308+0000] {processor.py:186} INFO - Started process (PID=1523) to work on /opt/airflow/dags/Etl_pipeline.py
[2025-08-07T17:23:43.309+0000] {processor.py:914} INFO - Processing file /opt/airflow/dags/Etl_pipeline.py for tasks to queue
[2025-08-07T17:23:43.312+0000] {logging_mixin.py:190} INFO - [2025-08-07T17:23:43.311+0000] {dagbag.py:588} INFO - Filling up the DagBag from /opt/airflow/dags/Etl_pipeline.py
[2025-08-07T17:23:43.338+0000] {processor.py:925} INFO - DAG(s) 'etl_twitter_pipeline' retrieved from /opt/airflow/dags/Etl_pipeline.py
[2025-08-07T17:23:43.365+0000] {logging_mixin.py:190} INFO - [2025-08-07T17:23:43.365+0000] {dag.py:3239} INFO - Sync 1 DAGs
[2025-08-07T17:23:43.404+0000] {logging_mixin.py:190} INFO - [2025-08-07T17:23:43.404+0000] {dag.py:4180} INFO - Setting next_dagrun for etl_twitter_pipeline to 2023-02-05 00:00:00+00:00, run_after=2023-02-05 00:02:00+00:00
[2025-08-07T17:23:43.428+0000] {processor.py:208} INFO - Processing /opt/airflow/dags/Etl_pipeline.py took 0.127 seconds
[2025-08-07T17:23:58.253+0000] {processor.py:186} INFO - Started process (PID=1587) to work on /opt/airflow/dags/Etl_pipeline.py
[2025-08-07T17:23:58.255+0000] {processor.py:914} INFO - Processing file /opt/airflow/dags/Etl_pipeline.py for tasks to queue
[2025-08-07T17:23:58.256+0000] {logging_mixin.py:190} INFO - [2025-08-07T17:23:58.256+0000] {dagbag.py:588} INFO - Filling up the DagBag from /opt/airflow/dags/Etl_pipeline.py
[2025-08-07T17:23:58.275+0000] {processor.py:925} INFO - DAG(s) 'etl_twitter_pipeline' retrieved from /opt/airflow/dags/Etl_pipeline.py
[2025-08-07T17:23:58.297+0000] {logging_mixin.py:190} INFO - [2025-08-07T17:23:58.296+0000] {dag.py:3239} INFO - Sync 1 DAGs
[2025-08-07T17:23:58.322+0000] {logging_mixin.py:190} INFO - [2025-08-07T17:23:58.322+0000] {dag.py:4180} INFO - Setting next_dagrun for etl_twitter_pipeline to 2023-02-05 00:00:00+00:00, run_after=2023-02-05 00:02:00+00:00
[2025-08-07T17:23:58.348+0000] {processor.py:208} INFO - Processing /opt/airflow/dags/Etl_pipeline.py took 0.100 seconds
[2025-08-07T17:24:11.862+0000] {processor.py:186} INFO - Started process (PID=1647) to work on /opt/airflow/dags/Etl_pipeline.py
[2025-08-07T17:24:11.864+0000] {processor.py:914} INFO - Processing file /opt/airflow/dags/Etl_pipeline.py for tasks to queue
[2025-08-07T17:24:11.865+0000] {logging_mixin.py:190} INFO - [2025-08-07T17:24:11.865+0000] {dagbag.py:588} INFO - Filling up the DagBag from /opt/airflow/dags/Etl_pipeline.py
[2025-08-07T17:24:11.884+0000] {processor.py:925} INFO - DAG(s) 'etl_twitter_pipeline' retrieved from /opt/airflow/dags/Etl_pipeline.py
[2025-08-07T17:24:11.905+0000] {logging_mixin.py:190} INFO - [2025-08-07T17:24:11.905+0000] {dag.py:3239} INFO - Sync 1 DAGs
[2025-08-07T17:24:11.935+0000] {logging_mixin.py:190} INFO - [2025-08-07T17:24:11.934+0000] {dag.py:4180} INFO - Setting next_dagrun for etl_twitter_pipeline to 2023-02-05 00:00:00+00:00, run_after=2023-02-05 00:02:00+00:00
[2025-08-07T17:24:11.973+0000] {processor.py:208} INFO - Processing /opt/airflow/dags/Etl_pipeline.py took 0.119 seconds
[2025-08-07T17:24:42.056+0000] {processor.py:186} INFO - Started process (PID=1712) to work on /opt/airflow/dags/Etl_pipeline.py
[2025-08-07T17:24:42.057+0000] {processor.py:914} INFO - Processing file /opt/airflow/dags/Etl_pipeline.py for tasks to queue
[2025-08-07T17:24:42.059+0000] {logging_mixin.py:190} INFO - [2025-08-07T17:24:42.059+0000] {dagbag.py:588} INFO - Filling up the DagBag from /opt/airflow/dags/Etl_pipeline.py
[2025-08-07T17:24:42.075+0000] {processor.py:925} INFO - DAG(s) 'etl_twitter_pipeline' retrieved from /opt/airflow/dags/Etl_pipeline.py
[2025-08-07T17:24:42.095+0000] {logging_mixin.py:190} INFO - [2025-08-07T17:24:42.095+0000] {dag.py:3239} INFO - Sync 1 DAGs
[2025-08-07T17:24:42.126+0000] {logging_mixin.py:190} INFO - [2025-08-07T17:24:42.126+0000] {dag.py:4180} INFO - Setting next_dagrun for etl_twitter_pipeline to 2023-02-05 00:00:00+00:00, run_after=2023-02-05 00:02:00+00:00
[2025-08-07T17:24:42.153+0000] {processor.py:208} INFO - Processing /opt/airflow/dags/Etl_pipeline.py took 0.102 seconds
[2025-08-07T17:24:43.397+0000] {processor.py:186} INFO - Started process (PID=1716) to work on /opt/airflow/dags/Etl_pipeline.py
[2025-08-07T17:24:43.399+0000] {processor.py:914} INFO - Processing file /opt/airflow/dags/Etl_pipeline.py for tasks to queue
[2025-08-07T17:24:43.401+0000] {logging_mixin.py:190} INFO - [2025-08-07T17:24:43.400+0000] {dagbag.py:588} INFO - Filling up the DagBag from /opt/airflow/dags/Etl_pipeline.py
[2025-08-07T17:24:43.425+0000] {processor.py:925} INFO - DAG(s) 'etl_twitter_pipeline' retrieved from /opt/airflow/dags/Etl_pipeline.py
[2025-08-07T17:24:43.448+0000] {logging_mixin.py:190} INFO - [2025-08-07T17:24:43.447+0000] {dag.py:3239} INFO - Sync 1 DAGs
[2025-08-07T17:24:43.478+0000] {logging_mixin.py:190} INFO - [2025-08-07T17:24:43.477+0000] {dag.py:4180} INFO - Setting next_dagrun for etl_twitter_pipeline to 2023-02-05 00:00:00+00:00, run_after=2023-02-05 00:02:00+00:00
[2025-08-07T17:24:43.505+0000] {processor.py:208} INFO - Processing /opt/airflow/dags/Etl_pipeline.py took 0.114 seconds
[2025-08-07T17:24:58.326+0000] {processor.py:186} INFO - Started process (PID=1781) to work on /opt/airflow/dags/Etl_pipeline.py
[2025-08-07T17:24:58.327+0000] {processor.py:914} INFO - Processing file /opt/airflow/dags/Etl_pipeline.py for tasks to queue
[2025-08-07T17:24:58.329+0000] {logging_mixin.py:190} INFO - [2025-08-07T17:24:58.329+0000] {dagbag.py:588} INFO - Filling up the DagBag from /opt/airflow/dags/Etl_pipeline.py
[2025-08-07T17:24:58.353+0000] {processor.py:925} INFO - DAG(s) 'etl_twitter_pipeline' retrieved from /opt/airflow/dags/Etl_pipeline.py
[2025-08-07T17:24:58.373+0000] {logging_mixin.py:190} INFO - [2025-08-07T17:24:58.372+0000] {dag.py:3239} INFO - Sync 1 DAGs
[2025-08-07T17:24:58.400+0000] {logging_mixin.py:190} INFO - [2025-08-07T17:24:58.400+0000] {dag.py:4180} INFO - Setting next_dagrun for etl_twitter_pipeline to 2023-02-05 00:00:00+00:00, run_after=2023-02-05 00:02:00+00:00
[2025-08-07T17:24:58.430+0000] {processor.py:208} INFO - Processing /opt/airflow/dags/Etl_pipeline.py took 0.110 seconds
[2025-08-07T17:25:11.692+0000] {processor.py:186} INFO - Started process (PID=1837) to work on /opt/airflow/dags/Etl_pipeline.py
[2025-08-07T17:25:11.693+0000] {processor.py:914} INFO - Processing file /opt/airflow/dags/Etl_pipeline.py for tasks to queue
[2025-08-07T17:25:11.695+0000] {logging_mixin.py:190} INFO - [2025-08-07T17:25:11.695+0000] {dagbag.py:588} INFO - Filling up the DagBag from /opt/airflow/dags/Etl_pipeline.py
[2025-08-07T17:25:11.723+0000] {processor.py:925} INFO - DAG(s) 'etl_twitter_pipeline' retrieved from /opt/airflow/dags/Etl_pipeline.py
[2025-08-07T17:25:11.747+0000] {logging_mixin.py:190} INFO - [2025-08-07T17:25:11.747+0000] {dag.py:3239} INFO - Sync 1 DAGs
[2025-08-07T17:25:11.777+0000] {logging_mixin.py:190} INFO - [2025-08-07T17:25:11.776+0000] {dag.py:4180} INFO - Setting next_dagrun for etl_twitter_pipeline to 2023-02-05 00:00:00+00:00, run_after=2023-02-05 00:02:00+00:00
[2025-08-07T17:25:11.808+0000] {processor.py:208} INFO - Processing /opt/airflow/dags/Etl_pipeline.py took 0.124 seconds
[2025-08-07T17:25:40.418+0000] {processor.py:186} INFO - Started process (PID=1901) to work on /opt/airflow/dags/Etl_pipeline.py
[2025-08-07T17:25:40.420+0000] {processor.py:914} INFO - Processing file /opt/airflow/dags/Etl_pipeline.py for tasks to queue
[2025-08-07T17:25:40.422+0000] {logging_mixin.py:190} INFO - [2025-08-07T17:25:40.421+0000] {dagbag.py:588} INFO - Filling up the DagBag from /opt/airflow/dags/Etl_pipeline.py
[2025-08-07T17:25:40.440+0000] {processor.py:925} INFO - DAG(s) 'etl_twitter_pipeline' retrieved from /opt/airflow/dags/Etl_pipeline.py
[2025-08-07T17:25:40.461+0000] {logging_mixin.py:190} INFO - [2025-08-07T17:25:40.461+0000] {dag.py:3239} INFO - Sync 1 DAGs
[2025-08-07T17:25:40.487+0000] {logging_mixin.py:190} INFO - [2025-08-07T17:25:40.487+0000] {dag.py:4180} INFO - Setting next_dagrun for etl_twitter_pipeline to 2023-02-05 00:00:00+00:00, run_after=2023-02-05 00:02:00+00:00
[2025-08-07T17:25:40.517+0000] {processor.py:208} INFO - Processing /opt/airflow/dags/Etl_pipeline.py took 0.105 seconds
[2025-08-07T17:26:11.137+0000] {processor.py:186} INFO - Started process (PID=1965) to work on /opt/airflow/dags/Etl_pipeline.py
[2025-08-07T17:26:11.138+0000] {processor.py:914} INFO - Processing file /opt/airflow/dags/Etl_pipeline.py for tasks to queue
[2025-08-07T17:26:11.140+0000] {logging_mixin.py:190} INFO - [2025-08-07T17:26:11.140+0000] {dagbag.py:588} INFO - Filling up the DagBag from /opt/airflow/dags/Etl_pipeline.py
[2025-08-07T17:26:11.169+0000] {processor.py:925} INFO - DAG(s) 'etl_twitter_pipeline' retrieved from /opt/airflow/dags/Etl_pipeline.py
[2025-08-07T17:26:11.190+0000] {logging_mixin.py:190} INFO - [2025-08-07T17:26:11.190+0000] {dag.py:3239} INFO - Sync 1 DAGs
[2025-08-07T17:26:11.218+0000] {logging_mixin.py:190} INFO - [2025-08-07T17:26:11.217+0000] {dag.py:4180} INFO - Setting next_dagrun for etl_twitter_pipeline to 2023-02-05 00:00:00+00:00, run_after=2023-02-05 00:02:00+00:00
[2025-08-07T17:26:11.248+0000] {processor.py:208} INFO - Processing /opt/airflow/dags/Etl_pipeline.py took 0.117 seconds
[2025-08-07T17:26:41.745+0000] {processor.py:186} INFO - Started process (PID=2035) to work on /opt/airflow/dags/Etl_pipeline.py
[2025-08-07T17:26:41.746+0000] {processor.py:914} INFO - Processing file /opt/airflow/dags/Etl_pipeline.py for tasks to queue
[2025-08-07T17:26:41.748+0000] {logging_mixin.py:190} INFO - [2025-08-07T17:26:41.748+0000] {dagbag.py:588} INFO - Filling up the DagBag from /opt/airflow/dags/Etl_pipeline.py
[2025-08-07T17:26:41.765+0000] {processor.py:925} INFO - DAG(s) 'etl_twitter_pipeline' retrieved from /opt/airflow/dags/Etl_pipeline.py
[2025-08-07T17:26:41.785+0000] {logging_mixin.py:190} INFO - [2025-08-07T17:26:41.785+0000] {dag.py:3239} INFO - Sync 1 DAGs
[2025-08-07T17:26:41.815+0000] {logging_mixin.py:190} INFO - [2025-08-07T17:26:41.815+0000] {dag.py:4180} INFO - Setting next_dagrun for etl_twitter_pipeline to 2023-02-05 00:00:00+00:00, run_after=2023-02-05 00:02:00+00:00
[2025-08-07T17:26:41.844+0000] {processor.py:208} INFO - Processing /opt/airflow/dags/Etl_pipeline.py took 0.106 seconds
[2025-08-07T17:26:53.605+0000] {processor.py:186} INFO - Started process (PID=2094) to work on /opt/airflow/dags/Etl_pipeline.py
[2025-08-07T17:26:53.606+0000] {processor.py:914} INFO - Processing file /opt/airflow/dags/Etl_pipeline.py for tasks to queue
[2025-08-07T17:26:53.608+0000] {logging_mixin.py:190} INFO - [2025-08-07T17:26:53.608+0000] {dagbag.py:588} INFO - Filling up the DagBag from /opt/airflow/dags/Etl_pipeline.py
[2025-08-07T17:26:53.657+0000] {processor.py:925} INFO - DAG(s) 'etl_twitter_pipeline' retrieved from /opt/airflow/dags/Etl_pipeline.py
[2025-08-07T17:26:53.682+0000] {logging_mixin.py:190} INFO - [2025-08-07T17:26:53.681+0000] {dag.py:3239} INFO - Sync 1 DAGs
[2025-08-07T17:26:53.712+0000] {logging_mixin.py:190} INFO - [2025-08-07T17:26:53.711+0000] {dag.py:4180} INFO - Setting next_dagrun for etl_twitter_pipeline to 2023-02-05 00:00:00+00:00, run_after=2023-02-05 00:02:00+00:00
[2025-08-07T17:26:53.746+0000] {processor.py:208} INFO - Processing /opt/airflow/dags/Etl_pipeline.py took 0.148 seconds
[2025-08-07T17:27:24.100+0000] {processor.py:186} INFO - Started process (PID=2158) to work on /opt/airflow/dags/Etl_pipeline.py
[2025-08-07T17:27:24.102+0000] {processor.py:914} INFO - Processing file /opt/airflow/dags/Etl_pipeline.py for tasks to queue
[2025-08-07T17:27:24.104+0000] {logging_mixin.py:190} INFO - [2025-08-07T17:27:24.103+0000] {dagbag.py:588} INFO - Filling up the DagBag from /opt/airflow/dags/Etl_pipeline.py
[2025-08-07T17:27:24.129+0000] {processor.py:925} INFO - DAG(s) 'etl_twitter_pipeline' retrieved from /opt/airflow/dags/Etl_pipeline.py
[2025-08-07T17:27:24.152+0000] {logging_mixin.py:190} INFO - [2025-08-07T17:27:24.152+0000] {dag.py:3239} INFO - Sync 1 DAGs
[2025-08-07T17:27:24.177+0000] {logging_mixin.py:190} INFO - [2025-08-07T17:27:24.177+0000] {dag.py:4180} INFO - Setting next_dagrun for etl_twitter_pipeline to 2023-02-05 00:00:00+00:00, run_after=2023-02-05 00:02:00+00:00
[2025-08-07T17:27:24.207+0000] {processor.py:208} INFO - Processing /opt/airflow/dags/Etl_pipeline.py took 0.112 seconds
[2025-08-07T17:27:53.677+0000] {processor.py:186} INFO - Started process (PID=2222) to work on /opt/airflow/dags/Etl_pipeline.py
[2025-08-07T17:27:53.679+0000] {processor.py:914} INFO - Processing file /opt/airflow/dags/Etl_pipeline.py for tasks to queue
[2025-08-07T17:27:53.681+0000] {logging_mixin.py:190} INFO - [2025-08-07T17:27:53.680+0000] {dagbag.py:588} INFO - Filling up the DagBag from /opt/airflow/dags/Etl_pipeline.py
[2025-08-07T17:27:53.697+0000] {processor.py:925} INFO - DAG(s) 'etl_twitter_pipeline' retrieved from /opt/airflow/dags/Etl_pipeline.py
[2025-08-07T17:27:53.716+0000] {logging_mixin.py:190} INFO - [2025-08-07T17:27:53.716+0000] {dag.py:3239} INFO - Sync 1 DAGs
[2025-08-07T17:27:53.743+0000] {logging_mixin.py:190} INFO - [2025-08-07T17:27:53.743+0000] {dag.py:4180} INFO - Setting next_dagrun for etl_twitter_pipeline to 2023-02-05 00:00:00+00:00, run_after=2023-02-05 00:02:00+00:00
[2025-08-07T17:27:53.770+0000] {processor.py:208} INFO - Processing /opt/airflow/dags/Etl_pipeline.py took 0.098 seconds
[2025-08-07T17:28:24.539+0000] {processor.py:186} INFO - Started process (PID=2288) to work on /opt/airflow/dags/Etl_pipeline.py
[2025-08-07T17:28:24.540+0000] {processor.py:914} INFO - Processing file /opt/airflow/dags/Etl_pipeline.py for tasks to queue
[2025-08-07T17:28:24.543+0000] {logging_mixin.py:190} INFO - [2025-08-07T17:28:24.543+0000] {dagbag.py:588} INFO - Filling up the DagBag from /opt/airflow/dags/Etl_pipeline.py
[2025-08-07T17:28:24.566+0000] {processor.py:925} INFO - DAG(s) 'etl_twitter_pipeline' retrieved from /opt/airflow/dags/Etl_pipeline.py
[2025-08-07T17:28:24.618+0000] {logging_mixin.py:190} INFO - [2025-08-07T17:28:24.617+0000] {dag.py:3239} INFO - Sync 1 DAGs
[2025-08-07T17:28:24.655+0000] {logging_mixin.py:190} INFO - [2025-08-07T17:28:24.655+0000] {dag.py:4180} INFO - Setting next_dagrun for etl_twitter_pipeline to 2023-02-05 00:00:00+00:00, run_after=2023-02-05 00:02:00+00:00
[2025-08-07T17:28:24.681+0000] {processor.py:208} INFO - Processing /opt/airflow/dags/Etl_pipeline.py took 0.147 seconds
[2025-08-07T17:28:35.457+0000] {processor.py:186} INFO - Started process (PID=2346) to work on /opt/airflow/dags/Etl_pipeline.py
[2025-08-07T17:28:35.458+0000] {processor.py:914} INFO - Processing file /opt/airflow/dags/Etl_pipeline.py for tasks to queue
[2025-08-07T17:28:35.459+0000] {logging_mixin.py:190} INFO - [2025-08-07T17:28:35.459+0000] {dagbag.py:588} INFO - Filling up the DagBag from /opt/airflow/dags/Etl_pipeline.py
[2025-08-07T17:28:35.485+0000] {processor.py:925} INFO - DAG(s) 'etl_twitter_pipeline' retrieved from /opt/airflow/dags/Etl_pipeline.py
[2025-08-07T17:28:35.513+0000] {logging_mixin.py:190} INFO - [2025-08-07T17:28:35.513+0000] {dag.py:3239} INFO - Sync 1 DAGs
[2025-08-07T17:28:35.543+0000] {logging_mixin.py:190} INFO - [2025-08-07T17:28:35.541+0000] {dag.py:4180} INFO - Setting next_dagrun for etl_twitter_pipeline to 2023-02-05 00:00:00+00:00, run_after=2023-02-05 00:02:00+00:00
[2025-08-07T17:28:35.566+0000] {processor.py:208} INFO - Processing /opt/airflow/dags/Etl_pipeline.py took 0.116 seconds
[2025-08-07T17:29:06.070+0000] {processor.py:186} INFO - Started process (PID=2411) to work on /opt/airflow/dags/Etl_pipeline.py
[2025-08-07T17:29:06.071+0000] {processor.py:914} INFO - Processing file /opt/airflow/dags/Etl_pipeline.py for tasks to queue
[2025-08-07T17:29:06.073+0000] {logging_mixin.py:190} INFO - [2025-08-07T17:29:06.072+0000] {dagbag.py:588} INFO - Filling up the DagBag from /opt/airflow/dags/Etl_pipeline.py
[2025-08-07T17:29:06.100+0000] {processor.py:925} INFO - DAG(s) 'etl_twitter_pipeline' retrieved from /opt/airflow/dags/Etl_pipeline.py
[2025-08-07T17:29:06.121+0000] {logging_mixin.py:190} INFO - [2025-08-07T17:29:06.121+0000] {dag.py:3239} INFO - Sync 1 DAGs
[2025-08-07T17:29:06.149+0000] {logging_mixin.py:190} INFO - [2025-08-07T17:29:06.148+0000] {dag.py:4180} INFO - Setting next_dagrun for etl_twitter_pipeline to 2023-02-05 00:00:00+00:00, run_after=2023-02-05 00:02:00+00:00
[2025-08-07T17:29:06.175+0000] {processor.py:208} INFO - Processing /opt/airflow/dags/Etl_pipeline.py took 0.113 seconds
[2025-08-07T17:29:13.784+0000] {processor.py:186} INFO - Started process (PID=2477) to work on /opt/airflow/dags/Etl_pipeline.py
[2025-08-07T17:29:13.786+0000] {processor.py:914} INFO - Processing file /opt/airflow/dags/Etl_pipeline.py for tasks to queue
[2025-08-07T17:29:13.788+0000] {logging_mixin.py:190} INFO - [2025-08-07T17:29:13.787+0000] {dagbag.py:588} INFO - Filling up the DagBag from /opt/airflow/dags/Etl_pipeline.py
[2025-08-07T17:29:13.813+0000] {processor.py:925} INFO - DAG(s) 'etl_twitter_pipeline' retrieved from /opt/airflow/dags/Etl_pipeline.py
[2025-08-07T17:29:13.836+0000] {logging_mixin.py:190} INFO - [2025-08-07T17:29:13.836+0000] {dag.py:3239} INFO - Sync 1 DAGs
[2025-08-07T17:29:13.865+0000] {logging_mixin.py:190} INFO - [2025-08-07T17:29:13.865+0000] {dag.py:4180} INFO - Setting next_dagrun for etl_twitter_pipeline to 2023-02-05 00:00:00+00:00, run_after=2023-02-05 00:02:00+00:00
[2025-08-07T17:29:13.896+0000] {processor.py:208} INFO - Processing /opt/airflow/dags/Etl_pipeline.py took 0.120 seconds
[2025-08-07T17:29:44.364+0000] {processor.py:186} INFO - Started process (PID=2541) to work on /opt/airflow/dags/Etl_pipeline.py
[2025-08-07T17:29:44.365+0000] {processor.py:914} INFO - Processing file /opt/airflow/dags/Etl_pipeline.py for tasks to queue
[2025-08-07T17:29:44.368+0000] {logging_mixin.py:190} INFO - [2025-08-07T17:29:44.367+0000] {dagbag.py:588} INFO - Filling up the DagBag from /opt/airflow/dags/Etl_pipeline.py
[2025-08-07T17:29:44.390+0000] {processor.py:925} INFO - DAG(s) 'etl_twitter_pipeline' retrieved from /opt/airflow/dags/Etl_pipeline.py
[2025-08-07T17:29:44.412+0000] {logging_mixin.py:190} INFO - [2025-08-07T17:29:44.412+0000] {dag.py:3239} INFO - Sync 1 DAGs
[2025-08-07T17:29:44.457+0000] {logging_mixin.py:190} INFO - [2025-08-07T17:29:44.457+0000] {dag.py:4180} INFO - Setting next_dagrun for etl_twitter_pipeline to 2023-02-05 00:00:00+00:00, run_after=2023-02-05 00:02:00+00:00
[2025-08-07T17:29:44.489+0000] {processor.py:208} INFO - Processing /opt/airflow/dags/Etl_pipeline.py took 0.132 seconds
[2025-08-07T17:30:14.608+0000] {processor.py:186} INFO - Started process (PID=2605) to work on /opt/airflow/dags/Etl_pipeline.py
[2025-08-07T17:30:14.609+0000] {processor.py:914} INFO - Processing file /opt/airflow/dags/Etl_pipeline.py for tasks to queue
[2025-08-07T17:30:14.611+0000] {logging_mixin.py:190} INFO - [2025-08-07T17:30:14.610+0000] {dagbag.py:588} INFO - Filling up the DagBag from /opt/airflow/dags/Etl_pipeline.py
[2025-08-07T17:30:14.629+0000] {processor.py:925} INFO - DAG(s) 'etl_twitter_pipeline' retrieved from /opt/airflow/dags/Etl_pipeline.py
[2025-08-07T17:30:14.652+0000] {logging_mixin.py:190} INFO - [2025-08-07T17:30:14.652+0000] {dag.py:3239} INFO - Sync 1 DAGs
[2025-08-07T17:30:14.689+0000] {logging_mixin.py:190} INFO - [2025-08-07T17:30:14.689+0000] {dag.py:4180} INFO - Setting next_dagrun for etl_twitter_pipeline to 2023-02-05 00:00:00+00:00, run_after=2023-02-05 00:02:00+00:00
[2025-08-07T17:30:14.741+0000] {processor.py:208} INFO - Processing /opt/airflow/dags/Etl_pipeline.py took 0.140 seconds
[2025-08-07T17:42:23.801+0000] {processor.py:186} INFO - Started process (PID=2681) to work on /opt/airflow/dags/Etl_pipeline.py
[2025-08-07T17:42:23.806+0000] {processor.py:914} INFO - Processing file /opt/airflow/dags/Etl_pipeline.py for tasks to queue
[2025-08-07T17:42:23.808+0000] {logging_mixin.py:190} INFO - [2025-08-07T17:42:23.808+0000] {dagbag.py:588} INFO - Filling up the DagBag from /opt/airflow/dags/Etl_pipeline.py
[2025-08-07T17:42:23.981+0000] {processor.py:925} INFO - DAG(s) 'etl_twitter_pipeline' retrieved from /opt/airflow/dags/Etl_pipeline.py
[2025-08-07T17:42:24.098+0000] {logging_mixin.py:190} INFO - [2025-08-07T17:42:24.098+0000] {dag.py:3239} INFO - Sync 1 DAGs
[2025-08-07T17:42:24.320+0000] {logging_mixin.py:190} INFO - [2025-08-07T17:42:24.319+0000] {dag.py:4180} INFO - Setting next_dagrun for etl_twitter_pipeline to 2023-02-05 00:00:00+00:00, run_after=2023-02-05 00:02:00+00:00
[2025-08-07T17:42:24.431+0000] {processor.py:208} INFO - Processing /opt/airflow/dags/Etl_pipeline.py took 0.642 seconds
[2025-08-07T17:42:54.801+0000] {processor.py:186} INFO - Started process (PID=2748) to work on /opt/airflow/dags/Etl_pipeline.py
[2025-08-07T17:42:54.802+0000] {processor.py:914} INFO - Processing file /opt/airflow/dags/Etl_pipeline.py for tasks to queue
[2025-08-07T17:42:54.807+0000] {logging_mixin.py:190} INFO - [2025-08-07T17:42:54.807+0000] {dagbag.py:588} INFO - Filling up the DagBag from /opt/airflow/dags/Etl_pipeline.py
[2025-08-07T17:42:54.847+0000] {processor.py:925} INFO - DAG(s) 'etl_twitter_pipeline' retrieved from /opt/airflow/dags/Etl_pipeline.py
[2025-08-07T17:42:54.906+0000] {logging_mixin.py:190} INFO - [2025-08-07T17:42:54.903+0000] {dag.py:3239} INFO - Sync 1 DAGs
[2025-08-07T17:42:54.963+0000] {logging_mixin.py:190} INFO - [2025-08-07T17:42:54.963+0000] {dag.py:4180} INFO - Setting next_dagrun for etl_twitter_pipeline to 2023-02-05 00:00:00+00:00, run_after=2023-02-05 00:02:00+00:00
[2025-08-07T17:42:55.038+0000] {processor.py:208} INFO - Processing /opt/airflow/dags/Etl_pipeline.py took 0.248 seconds
[2025-08-07T17:43:21.306+0000] {processor.py:186} INFO - Started process (PID=2805) to work on /opt/airflow/dags/Etl_pipeline.py
[2025-08-07T17:43:21.310+0000] {processor.py:914} INFO - Processing file /opt/airflow/dags/Etl_pipeline.py for tasks to queue
[2025-08-07T17:43:21.312+0000] {logging_mixin.py:190} INFO - [2025-08-07T17:43:21.311+0000] {dagbag.py:588} INFO - Filling up the DagBag from /opt/airflow/dags/Etl_pipeline.py
[2025-08-07T17:43:21.448+0000] {processor.py:925} INFO - DAG(s) 'etl_twitter_pipeline' retrieved from /opt/airflow/dags/Etl_pipeline.py
[2025-08-07T17:43:21.508+0000] {logging_mixin.py:190} INFO - [2025-08-07T17:43:21.508+0000] {dag.py:3239} INFO - Sync 1 DAGs
[2025-08-07T17:43:21.571+0000] {logging_mixin.py:190} INFO - [2025-08-07T17:43:21.570+0000] {dag.py:4180} INFO - Setting next_dagrun for etl_twitter_pipeline to 2023-02-05 00:00:00+00:00, run_after=2023-02-05 00:02:00+00:00
[2025-08-07T17:43:21.650+0000] {processor.py:208} INFO - Processing /opt/airflow/dags/Etl_pipeline.py took 0.361 seconds
[2025-08-07T17:43:41.192+0000] {processor.py:186} INFO - Started process (PID=2871) to work on /opt/airflow/dags/Etl_pipeline.py
[2025-08-07T17:43:41.193+0000] {processor.py:914} INFO - Processing file /opt/airflow/dags/Etl_pipeline.py for tasks to queue
[2025-08-07T17:43:41.198+0000] {logging_mixin.py:190} INFO - [2025-08-07T17:43:41.198+0000] {dagbag.py:588} INFO - Filling up the DagBag from /opt/airflow/dags/Etl_pipeline.py
[2025-08-07T17:43:41.231+0000] {processor.py:925} INFO - DAG(s) 'etl_twitter_pipeline' retrieved from /opt/airflow/dags/Etl_pipeline.py
[2025-08-07T17:43:41.259+0000] {logging_mixin.py:190} INFO - [2025-08-07T17:43:41.259+0000] {dag.py:3239} INFO - Sync 1 DAGs
[2025-08-07T17:43:41.291+0000] {logging_mixin.py:190} INFO - [2025-08-07T17:43:41.291+0000] {dag.py:4180} INFO - Setting next_dagrun for etl_twitter_pipeline to 2023-02-05 00:00:00+00:00, run_after=2023-02-05 00:02:00+00:00
[2025-08-07T17:43:41.332+0000] {processor.py:208} INFO - Processing /opt/airflow/dags/Etl_pipeline.py took 0.151 seconds
[2025-08-07T17:44:12.482+0000] {processor.py:186} INFO - Started process (PID=2937) to work on /opt/airflow/dags/Etl_pipeline.py
[2025-08-07T17:44:12.484+0000] {processor.py:914} INFO - Processing file /opt/airflow/dags/Etl_pipeline.py for tasks to queue
[2025-08-07T17:44:12.500+0000] {logging_mixin.py:190} INFO - [2025-08-07T17:44:12.499+0000] {dagbag.py:588} INFO - Filling up the DagBag from /opt/airflow/dags/Etl_pipeline.py
[2025-08-07T17:44:12.571+0000] {processor.py:925} INFO - DAG(s) 'etl_twitter_pipeline' retrieved from /opt/airflow/dags/Etl_pipeline.py
[2025-08-07T17:44:12.614+0000] {logging_mixin.py:190} INFO - [2025-08-07T17:44:12.613+0000] {dag.py:3239} INFO - Sync 1 DAGs
[2025-08-07T17:44:12.681+0000] {logging_mixin.py:190} INFO - [2025-08-07T17:44:12.681+0000] {dag.py:4180} INFO - Setting next_dagrun for etl_twitter_pipeline to 2023-02-05 00:00:00+00:00, run_after=2023-02-05 00:02:00+00:00
[2025-08-07T17:44:12.745+0000] {processor.py:208} INFO - Processing /opt/airflow/dags/Etl_pipeline.py took 0.276 seconds
[2025-08-07T17:44:43.564+0000] {processor.py:186} INFO - Started process (PID=3003) to work on /opt/airflow/dags/Etl_pipeline.py
[2025-08-07T17:44:43.569+0000] {processor.py:914} INFO - Processing file /opt/airflow/dags/Etl_pipeline.py for tasks to queue
[2025-08-07T17:44:43.571+0000] {logging_mixin.py:190} INFO - [2025-08-07T17:44:43.571+0000] {dagbag.py:588} INFO - Filling up the DagBag from /opt/airflow/dags/Etl_pipeline.py
[2025-08-07T17:44:43.608+0000] {processor.py:925} INFO - DAG(s) 'etl_twitter_pipeline' retrieved from /opt/airflow/dags/Etl_pipeline.py
[2025-08-07T17:44:43.641+0000] {logging_mixin.py:190} INFO - [2025-08-07T17:44:43.641+0000] {dag.py:3239} INFO - Sync 1 DAGs
[2025-08-07T17:44:43.684+0000] {logging_mixin.py:190} INFO - [2025-08-07T17:44:43.684+0000] {dag.py:4180} INFO - Setting next_dagrun for etl_twitter_pipeline to 2023-02-05 00:00:00+00:00, run_after=2023-02-05 00:02:00+00:00
[2025-08-07T17:44:43.729+0000] {processor.py:208} INFO - Processing /opt/airflow/dags/Etl_pipeline.py took 0.170 seconds
[2025-08-07T17:45:14.700+0000] {processor.py:186} INFO - Started process (PID=3069) to work on /opt/airflow/dags/Etl_pipeline.py
[2025-08-07T17:45:14.704+0000] {processor.py:914} INFO - Processing file /opt/airflow/dags/Etl_pipeline.py for tasks to queue
[2025-08-07T17:45:14.708+0000] {logging_mixin.py:190} INFO - [2025-08-07T17:45:14.708+0000] {dagbag.py:588} INFO - Filling up the DagBag from /opt/airflow/dags/Etl_pipeline.py
[2025-08-07T17:45:14.738+0000] {processor.py:925} INFO - DAG(s) 'etl_twitter_pipeline' retrieved from /opt/airflow/dags/Etl_pipeline.py
[2025-08-07T17:45:14.769+0000] {logging_mixin.py:190} INFO - [2025-08-07T17:45:14.769+0000] {dag.py:3239} INFO - Sync 1 DAGs
[2025-08-07T17:45:14.808+0000] {logging_mixin.py:190} INFO - [2025-08-07T17:45:14.808+0000] {dag.py:4180} INFO - Setting next_dagrun for etl_twitter_pipeline to 2023-02-05 00:00:00+00:00, run_after=2023-02-05 00:02:00+00:00
[2025-08-07T17:45:14.848+0000] {processor.py:208} INFO - Processing /opt/airflow/dags/Etl_pipeline.py took 0.158 seconds
[2025-08-07T17:45:45.018+0000] {processor.py:186} INFO - Started process (PID=3134) to work on /opt/airflow/dags/Etl_pipeline.py
[2025-08-07T17:45:45.019+0000] {processor.py:914} INFO - Processing file /opt/airflow/dags/Etl_pipeline.py for tasks to queue
[2025-08-07T17:45:45.024+0000] {logging_mixin.py:190} INFO - [2025-08-07T17:45:45.024+0000] {dagbag.py:588} INFO - Filling up the DagBag from /opt/airflow/dags/Etl_pipeline.py
[2025-08-07T17:45:45.058+0000] {processor.py:925} INFO - DAG(s) 'etl_twitter_pipeline' retrieved from /opt/airflow/dags/Etl_pipeline.py
[2025-08-07T17:45:45.095+0000] {logging_mixin.py:190} INFO - [2025-08-07T17:45:45.095+0000] {dag.py:3239} INFO - Sync 1 DAGs
[2025-08-07T17:45:45.129+0000] {logging_mixin.py:190} INFO - [2025-08-07T17:45:45.128+0000] {dag.py:4180} INFO - Setting next_dagrun for etl_twitter_pipeline to 2023-02-05 00:00:00+00:00, run_after=2023-02-05 00:02:00+00:00
[2025-08-07T17:45:45.167+0000] {processor.py:208} INFO - Processing /opt/airflow/dags/Etl_pipeline.py took 0.158 seconds
[2025-08-07T17:46:16.216+0000] {processor.py:186} INFO - Started process (PID=3197) to work on /opt/airflow/dags/Etl_pipeline.py
[2025-08-07T17:46:16.218+0000] {processor.py:914} INFO - Processing file /opt/airflow/dags/Etl_pipeline.py for tasks to queue
[2025-08-07T17:46:16.223+0000] {logging_mixin.py:190} INFO - [2025-08-07T17:46:16.223+0000] {dagbag.py:588} INFO - Filling up the DagBag from /opt/airflow/dags/Etl_pipeline.py
[2025-08-07T17:46:16.267+0000] {processor.py:925} INFO - DAG(s) 'etl_twitter_pipeline' retrieved from /opt/airflow/dags/Etl_pipeline.py
[2025-08-07T17:46:16.193+0000] {logging_mixin.py:190} INFO - [2025-08-07T17:46:16.193+0000] {dag.py:3239} INFO - Sync 1 DAGs
[2025-08-07T17:46:16.243+0000] {logging_mixin.py:190} INFO - [2025-08-07T17:46:16.242+0000] {dag.py:4180} INFO - Setting next_dagrun for etl_twitter_pipeline to 2023-02-05 00:00:00+00:00, run_after=2023-02-05 00:02:00+00:00
[2025-08-07T17:46:16.285+0000] {processor.py:208} INFO - Processing /opt/airflow/dags/Etl_pipeline.py took 0.470 seconds
[2025-08-07T17:46:46.569+0000] {processor.py:186} INFO - Started process (PID=3261) to work on /opt/airflow/dags/Etl_pipeline.py
[2025-08-07T17:46:46.570+0000] {processor.py:914} INFO - Processing file /opt/airflow/dags/Etl_pipeline.py for tasks to queue
[2025-08-07T17:46:46.571+0000] {logging_mixin.py:190} INFO - [2025-08-07T17:46:46.571+0000] {dagbag.py:588} INFO - Filling up the DagBag from /opt/airflow/dags/Etl_pipeline.py
[2025-08-07T17:47:59.745+0000] {processor.py:925} INFO - DAG(s) 'etl_twitter_pipeline' retrieved from /opt/airflow/dags/Etl_pipeline.py
[2025-08-07T17:47:59.775+0000] {logging_mixin.py:190} INFO - [2025-08-07T17:47:59.775+0000] {dag.py:3239} INFO - Sync 1 DAGs
[2025-08-07T17:46:46.267+0000] {logging_mixin.py:190} INFO - [2025-08-07T17:46:46.264+0000] {dag.py:4180} INFO - Setting next_dagrun for etl_twitter_pipeline to 2023-02-05 00:00:00+00:00, run_after=2023-02-05 00:02:00+00:00
[2025-08-07T17:46:46.299+0000] {processor.py:208} INFO - Processing /opt/airflow/dags/Etl_pipeline.py took 0.159 seconds
[2025-08-07T17:47:16.438+0000] {processor.py:186} INFO - Started process (PID=3325) to work on /opt/airflow/dags/Etl_pipeline.py
[2025-08-07T17:47:16.440+0000] {processor.py:914} INFO - Processing file /opt/airflow/dags/Etl_pipeline.py for tasks to queue
[2025-08-07T17:47:16.441+0000] {logging_mixin.py:190} INFO - [2025-08-07T17:47:16.441+0000] {dagbag.py:588} INFO - Filling up the DagBag from /opt/airflow/dags/Etl_pipeline.py
[2025-08-07T17:47:16.490+0000] {processor.py:925} INFO - DAG(s) 'etl_twitter_pipeline' retrieved from /opt/airflow/dags/Etl_pipeline.py
[2025-08-07T17:47:16.542+0000] {logging_mixin.py:190} INFO - [2025-08-07T17:47:16.542+0000] {dag.py:3239} INFO - Sync 1 DAGs
[2025-08-07T17:47:16.589+0000] {logging_mixin.py:190} INFO - [2025-08-07T17:47:16.589+0000] {dag.py:4180} INFO - Setting next_dagrun for etl_twitter_pipeline to 2023-02-05 00:00:00+00:00, run_after=2023-02-05 00:02:00+00:00
[2025-08-07T17:47:16.631+0000] {processor.py:208} INFO - Processing /opt/airflow/dags/Etl_pipeline.py took 0.202 seconds
[2025-08-07T17:47:47.425+0000] {processor.py:186} INFO - Started process (PID=3392) to work on /opt/airflow/dags/Etl_pipeline.py
[2025-08-07T17:47:47.426+0000] {processor.py:914} INFO - Processing file /opt/airflow/dags/Etl_pipeline.py for tasks to queue
[2025-08-07T17:47:47.428+0000] {logging_mixin.py:190} INFO - [2025-08-07T17:47:47.428+0000] {dagbag.py:588} INFO - Filling up the DagBag from /opt/airflow/dags/Etl_pipeline.py
[2025-08-07T17:47:47.467+0000] {processor.py:925} INFO - DAG(s) 'etl_twitter_pipeline' retrieved from /opt/airflow/dags/Etl_pipeline.py
[2025-08-07T17:47:47.508+0000] {logging_mixin.py:190} INFO - [2025-08-07T17:47:47.508+0000] {dag.py:3239} INFO - Sync 1 DAGs
[2025-08-07T17:47:47.580+0000] {logging_mixin.py:190} INFO - [2025-08-07T17:47:47.580+0000] {dag.py:4180} INFO - Setting next_dagrun for etl_twitter_pipeline to 2023-02-05 00:00:00+00:00, run_after=2023-02-05 00:02:00+00:00
[2025-08-07T17:47:47.622+0000] {processor.py:208} INFO - Processing /opt/airflow/dags/Etl_pipeline.py took 0.208 seconds
[2025-08-07T17:48:18.393+0000] {processor.py:186} INFO - Started process (PID=3458) to work on /opt/airflow/dags/Etl_pipeline.py
[2025-08-07T17:48:18.398+0000] {processor.py:914} INFO - Processing file /opt/airflow/dags/Etl_pipeline.py for tasks to queue
[2025-08-07T17:48:18.400+0000] {logging_mixin.py:190} INFO - [2025-08-07T17:48:18.400+0000] {dagbag.py:588} INFO - Filling up the DagBag from /opt/airflow/dags/Etl_pipeline.py
[2025-08-07T17:48:18.442+0000] {processor.py:925} INFO - DAG(s) 'etl_twitter_pipeline' retrieved from /opt/airflow/dags/Etl_pipeline.py
[2025-08-07T17:48:18.489+0000] {logging_mixin.py:190} INFO - [2025-08-07T17:48:18.489+0000] {dag.py:3239} INFO - Sync 1 DAGs
[2025-08-07T17:48:18.540+0000] {logging_mixin.py:190} INFO - [2025-08-07T17:48:18.540+0000] {dag.py:4180} INFO - Setting next_dagrun for etl_twitter_pipeline to 2023-02-05 00:00:00+00:00, run_after=2023-02-05 00:02:00+00:00
[2025-08-07T17:48:18.583+0000] {processor.py:208} INFO - Processing /opt/airflow/dags/Etl_pipeline.py took 0.205 seconds
[2025-08-07T17:48:48.920+0000] {processor.py:186} INFO - Started process (PID=3520) to work on /opt/airflow/dags/Etl_pipeline.py
[2025-08-07T17:48:48.926+0000] {processor.py:914} INFO - Processing file /opt/airflow/dags/Etl_pipeline.py for tasks to queue
[2025-08-07T17:48:48.929+0000] {logging_mixin.py:190} INFO - [2025-08-07T17:48:48.929+0000] {dagbag.py:588} INFO - Filling up the DagBag from /opt/airflow/dags/Etl_pipeline.py
[2025-08-07T17:48:48.990+0000] {processor.py:925} INFO - DAG(s) 'etl_twitter_pipeline' retrieved from /opt/airflow/dags/Etl_pipeline.py
[2025-08-07T17:48:49.039+0000] {logging_mixin.py:190} INFO - [2025-08-07T17:48:49.039+0000] {dag.py:3239} INFO - Sync 1 DAGs
[2025-08-07T17:48:49.108+0000] {logging_mixin.py:190} INFO - [2025-08-07T17:48:49.108+0000] {dag.py:4180} INFO - Setting next_dagrun for etl_twitter_pipeline to 2023-02-05 00:00:00+00:00, run_after=2023-02-05 00:02:00+00:00
[2025-08-07T17:48:49.158+0000] {processor.py:208} INFO - Processing /opt/airflow/dags/Etl_pipeline.py took 0.252 seconds
[2025-08-07T17:49:19.447+0000] {processor.py:186} INFO - Started process (PID=3588) to work on /opt/airflow/dags/Etl_pipeline.py
[2025-08-07T17:49:19.449+0000] {processor.py:914} INFO - Processing file /opt/airflow/dags/Etl_pipeline.py for tasks to queue
[2025-08-07T17:49:19.454+0000] {logging_mixin.py:190} INFO - [2025-08-07T17:49:19.454+0000] {dagbag.py:588} INFO - Filling up the DagBag from /opt/airflow/dags/Etl_pipeline.py
[2025-08-07T17:49:19.487+0000] {processor.py:925} INFO - DAG(s) 'etl_twitter_pipeline' retrieved from /opt/airflow/dags/Etl_pipeline.py
[2025-08-07T17:49:19.523+0000] {logging_mixin.py:190} INFO - [2025-08-07T17:49:19.523+0000] {dag.py:3239} INFO - Sync 1 DAGs
[2025-08-07T17:49:19.567+0000] {logging_mixin.py:190} INFO - [2025-08-07T17:49:19.567+0000] {dag.py:4180} INFO - Setting next_dagrun for etl_twitter_pipeline to 2023-02-05 00:00:00+00:00, run_after=2023-02-05 00:02:00+00:00
[2025-08-07T17:49:19.624+0000] {processor.py:208} INFO - Processing /opt/airflow/dags/Etl_pipeline.py took 0.186 seconds
[2025-08-07T17:49:47.068+0000] {processor.py:186} INFO - Started process (PID=3650) to work on /opt/airflow/dags/Etl_pipeline.py
[2025-08-07T17:49:47.070+0000] {processor.py:914} INFO - Processing file /opt/airflow/dags/Etl_pipeline.py for tasks to queue
[2025-08-07T17:49:47.073+0000] {logging_mixin.py:190} INFO - [2025-08-07T17:49:47.072+0000] {dagbag.py:588} INFO - Filling up the DagBag from /opt/airflow/dags/Etl_pipeline.py
[2025-08-07T17:49:47.131+0000] {processor.py:925} INFO - DAG(s) 'etl_twitter_pipeline' retrieved from /opt/airflow/dags/Etl_pipeline.py
[2025-08-07T17:49:47.208+0000] {logging_mixin.py:190} INFO - [2025-08-07T17:49:47.208+0000] {dag.py:3239} INFO - Sync 1 DAGs
[2025-08-07T17:49:47.301+0000] {logging_mixin.py:190} INFO - [2025-08-07T17:49:47.300+0000] {dag.py:4180} INFO - Setting next_dagrun for etl_twitter_pipeline to 2023-02-05 00:00:00+00:00, run_after=2023-02-05 00:02:00+00:00
[2025-08-07T17:49:47.370+0000] {processor.py:208} INFO - Processing /opt/airflow/dags/Etl_pipeline.py took 0.321 seconds
[2025-08-07T17:50:02.006+0000] {processor.py:186} INFO - Started process (PID=3709) to work on /opt/airflow/dags/Etl_pipeline.py
[2025-08-07T17:50:02.008+0000] {processor.py:914} INFO - Processing file /opt/airflow/dags/Etl_pipeline.py for tasks to queue
[2025-08-07T17:50:02.010+0000] {logging_mixin.py:190} INFO - [2025-08-07T17:50:02.009+0000] {dagbag.py:588} INFO - Filling up the DagBag from /opt/airflow/dags/Etl_pipeline.py
[2025-08-07T17:50:02.065+0000] {processor.py:925} INFO - DAG(s) 'etl_twitter_pipeline' retrieved from /opt/airflow/dags/Etl_pipeline.py
[2025-08-07T17:50:02.106+0000] {logging_mixin.py:190} INFO - [2025-08-07T17:50:02.106+0000] {dag.py:3239} INFO - Sync 1 DAGs
[2025-08-07T17:50:02.160+0000] {logging_mixin.py:190} INFO - [2025-08-07T17:50:02.160+0000] {dag.py:4180} INFO - Setting next_dagrun for etl_twitter_pipeline to 2023-02-05 00:00:00+00:00, run_after=2023-02-05 00:02:00+00:00
[2025-08-07T17:50:02.215+0000] {processor.py:208} INFO - Processing /opt/airflow/dags/Etl_pipeline.py took 0.219 seconds
[2025-08-07T17:50:32.645+0000] {processor.py:186} INFO - Started process (PID=3774) to work on /opt/airflow/dags/Etl_pipeline.py
[2025-08-07T17:50:32.646+0000] {processor.py:914} INFO - Processing file /opt/airflow/dags/Etl_pipeline.py for tasks to queue
[2025-08-07T17:50:32.652+0000] {logging_mixin.py:190} INFO - [2025-08-07T17:50:32.651+0000] {dagbag.py:588} INFO - Filling up the DagBag from /opt/airflow/dags/Etl_pipeline.py
[2025-08-07T17:50:32.675+0000] {processor.py:925} INFO - DAG(s) 'etl_twitter_pipeline' retrieved from /opt/airflow/dags/Etl_pipeline.py
[2025-08-07T17:50:32.713+0000] {logging_mixin.py:190} INFO - [2025-08-07T17:50:32.712+0000] {dag.py:3239} INFO - Sync 1 DAGs
[2025-08-07T17:50:32.755+0000] {logging_mixin.py:190} INFO - [2025-08-07T17:50:32.755+0000] {dag.py:4180} INFO - Setting next_dagrun for etl_twitter_pipeline to 2023-02-05 00:00:00+00:00, run_after=2023-02-05 00:02:00+00:00
[2025-08-07T17:50:32.803+0000] {processor.py:208} INFO - Processing /opt/airflow/dags/Etl_pipeline.py took 0.167 seconds
[2025-08-07T17:51:03.648+0000] {processor.py:186} INFO - Started process (PID=3840) to work on /opt/airflow/dags/Etl_pipeline.py
[2025-08-07T17:51:03.653+0000] {processor.py:914} INFO - Processing file /opt/airflow/dags/Etl_pipeline.py for tasks to queue
[2025-08-07T17:51:03.655+0000] {logging_mixin.py:190} INFO - [2025-08-07T17:51:03.654+0000] {dagbag.py:588} INFO - Filling up the DagBag from /opt/airflow/dags/Etl_pipeline.py
[2025-08-07T17:51:03.683+0000] {processor.py:925} INFO - DAG(s) 'etl_twitter_pipeline' retrieved from /opt/airflow/dags/Etl_pipeline.py
[2025-08-07T17:51:03.718+0000] {logging_mixin.py:190} INFO - [2025-08-07T17:51:03.718+0000] {dag.py:3239} INFO - Sync 1 DAGs
[2025-08-07T17:51:03.757+0000] {logging_mixin.py:190} INFO - [2025-08-07T17:51:03.757+0000] {dag.py:4180} INFO - Setting next_dagrun for etl_twitter_pipeline to 2023-02-05 00:00:00+00:00, run_after=2023-02-05 00:02:00+00:00
[2025-08-07T17:51:03.795+0000] {processor.py:208} INFO - Processing /opt/airflow/dags/Etl_pipeline.py took 0.157 seconds
[2025-08-07T17:51:34.502+0000] {processor.py:186} INFO - Started process (PID=3906) to work on /opt/airflow/dags/Etl_pipeline.py
[2025-08-07T17:51:34.504+0000] {processor.py:914} INFO - Processing file /opt/airflow/dags/Etl_pipeline.py for tasks to queue
[2025-08-07T17:51:34.506+0000] {logging_mixin.py:190} INFO - [2025-08-07T17:51:34.505+0000] {dagbag.py:588} INFO - Filling up the DagBag from /opt/airflow/dags/Etl_pipeline.py
[2025-08-07T17:51:34.596+0000] {processor.py:925} INFO - DAG(s) 'etl_twitter_pipeline' retrieved from /opt/airflow/dags/Etl_pipeline.py
[2025-08-07T17:51:34.716+0000] {logging_mixin.py:190} INFO - [2025-08-07T17:51:34.715+0000] {dag.py:3239} INFO - Sync 1 DAGs
[2025-08-07T17:51:34.803+0000] {logging_mixin.py:190} INFO - [2025-08-07T17:51:34.802+0000] {dag.py:4180} INFO - Setting next_dagrun for etl_twitter_pipeline to 2023-02-05 00:00:00+00:00, run_after=2023-02-05 00:02:00+00:00
[2025-08-07T17:51:34.865+0000] {processor.py:208} INFO - Processing /opt/airflow/dags/Etl_pipeline.py took 0.390 seconds
[2025-08-07T17:52:05.586+0000] {processor.py:186} INFO - Started process (PID=3972) to work on /opt/airflow/dags/Etl_pipeline.py
[2025-08-07T17:52:05.592+0000] {processor.py:914} INFO - Processing file /opt/airflow/dags/Etl_pipeline.py for tasks to queue
[2025-08-07T17:52:05.594+0000] {logging_mixin.py:190} INFO - [2025-08-07T17:52:05.593+0000] {dagbag.py:588} INFO - Filling up the DagBag from /opt/airflow/dags/Etl_pipeline.py
[2025-08-07T17:52:05.632+0000] {processor.py:925} INFO - DAG(s) 'etl_twitter_pipeline' retrieved from /opt/airflow/dags/Etl_pipeline.py
[2025-08-07T17:52:05.665+0000] {logging_mixin.py:190} INFO - [2025-08-07T17:52:05.665+0000] {dag.py:3239} INFO - Sync 1 DAGs
[2025-08-07T17:52:05.723+0000] {logging_mixin.py:190} INFO - [2025-08-07T17:52:05.723+0000] {dag.py:4180} INFO - Setting next_dagrun for etl_twitter_pipeline to 2023-02-05 00:00:00+00:00, run_after=2023-02-05 00:02:00+00:00
[2025-08-07T17:52:05.775+0000] {processor.py:208} INFO - Processing /opt/airflow/dags/Etl_pipeline.py took 0.208 seconds
[2025-08-07T17:52:07.216+0000] {processor.py:186} INFO - Started process (PID=3976) to work on /opt/airflow/dags/Etl_pipeline.py
[2025-08-07T17:52:07.217+0000] {processor.py:914} INFO - Processing file /opt/airflow/dags/Etl_pipeline.py for tasks to queue
[2025-08-07T17:52:07.222+0000] {logging_mixin.py:190} INFO - [2025-08-07T17:52:07.222+0000] {dagbag.py:588} INFO - Filling up the DagBag from /opt/airflow/dags/Etl_pipeline.py
[2025-08-07T17:52:07.255+0000] {processor.py:925} INFO - DAG(s) 'etl_twitter_pipeline' retrieved from /opt/airflow/dags/Etl_pipeline.py
[2025-08-07T17:52:07.286+0000] {logging_mixin.py:190} INFO - [2025-08-07T17:52:07.286+0000] {dag.py:3239} INFO - Sync 1 DAGs
[2025-08-07T17:52:07.345+0000] {logging_mixin.py:190} INFO - [2025-08-07T17:52:07.345+0000] {dag.py:4180} INFO - Setting next_dagrun for etl_twitter_pipeline to 2023-02-05 00:00:00+00:00, run_after=2023-02-05 00:02:00+00:00
[2025-08-07T17:52:07.402+0000] {processor.py:208} INFO - Processing /opt/airflow/dags/Etl_pipeline.py took 0.197 seconds
[2025-08-07T17:52:27.231+0000] {processor.py:186} INFO - Started process (PID=4039) to work on /opt/airflow/dags/Etl_pipeline.py
[2025-08-07T17:52:27.232+0000] {processor.py:914} INFO - Processing file /opt/airflow/dags/Etl_pipeline.py for tasks to queue
[2025-08-07T17:52:27.238+0000] {logging_mixin.py:190} INFO - [2025-08-07T17:52:27.238+0000] {dagbag.py:588} INFO - Filling up the DagBag from /opt/airflow/dags/Etl_pipeline.py
[2025-08-07T17:52:27.271+0000] {processor.py:925} INFO - DAG(s) 'etl_twitter_pipeline' retrieved from /opt/airflow/dags/Etl_pipeline.py
[2025-08-07T17:52:27.308+0000] {logging_mixin.py:190} INFO - [2025-08-07T17:52:27.308+0000] {dag.py:3239} INFO - Sync 1 DAGs
[2025-08-07T17:52:27.352+0000] {logging_mixin.py:190} INFO - [2025-08-07T17:52:27.352+0000] {dag.py:4180} INFO - Setting next_dagrun for etl_twitter_pipeline to 2023-02-05 00:00:00+00:00, run_after=2023-02-05 00:02:00+00:00
[2025-08-07T17:52:27.392+0000] {processor.py:208} INFO - Processing /opt/airflow/dags/Etl_pipeline.py took 0.172 seconds
[2025-08-07T17:52:58.110+0000] {processor.py:186} INFO - Started process (PID=4103) to work on /opt/airflow/dags/Etl_pipeline.py
[2025-08-07T17:52:58.111+0000] {processor.py:914} INFO - Processing file /opt/airflow/dags/Etl_pipeline.py for tasks to queue
[2025-08-07T17:52:58.118+0000] {logging_mixin.py:190} INFO - [2025-08-07T17:52:58.117+0000] {dagbag.py:588} INFO - Filling up the DagBag from /opt/airflow/dags/Etl_pipeline.py
[2025-08-07T17:52:58.157+0000] {processor.py:925} INFO - DAG(s) 'etl_twitter_pipeline' retrieved from /opt/airflow/dags/Etl_pipeline.py
[2025-08-07T17:52:58.199+0000] {logging_mixin.py:190} INFO - [2025-08-07T17:52:58.198+0000] {dag.py:3239} INFO - Sync 1 DAGs
[2025-08-07T17:52:58.251+0000] {logging_mixin.py:190} INFO - [2025-08-07T17:52:58.251+0000] {dag.py:4180} INFO - Setting next_dagrun for etl_twitter_pipeline to 2023-02-05 00:00:00+00:00, run_after=2023-02-05 00:02:00+00:00
[2025-08-07T17:52:58.301+0000] {processor.py:208} INFO - Processing /opt/airflow/dags/Etl_pipeline.py took 0.203 seconds
[2025-08-07T17:53:27.366+0000] {processor.py:186} INFO - Started process (PID=4167) to work on /opt/airflow/dags/Etl_pipeline.py
[2025-08-07T17:53:27.372+0000] {processor.py:914} INFO - Processing file /opt/airflow/dags/Etl_pipeline.py for tasks to queue
[2025-08-07T17:53:27.374+0000] {logging_mixin.py:190} INFO - [2025-08-07T17:53:27.373+0000] {dagbag.py:588} INFO - Filling up the DagBag from /opt/airflow/dags/Etl_pipeline.py
[2025-08-07T17:53:27.405+0000] {processor.py:925} INFO - DAG(s) 'etl_twitter_pipeline' retrieved from /opt/airflow/dags/Etl_pipeline.py
[2025-08-07T17:53:27.446+0000] {logging_mixin.py:190} INFO - [2025-08-07T17:53:27.446+0000] {dag.py:3239} INFO - Sync 1 DAGs
[2025-08-07T17:53:27.505+0000] {logging_mixin.py:190} INFO - [2025-08-07T17:53:27.505+0000] {dag.py:4180} INFO - Setting next_dagrun for etl_twitter_pipeline to 2023-02-05 00:00:00+00:00, run_after=2023-02-05 00:02:00+00:00
[2025-08-07T17:53:27.546+0000] {processor.py:208} INFO - Processing /opt/airflow/dags/Etl_pipeline.py took 0.199 seconds
[2025-08-07T17:53:42.836+0000] {processor.py:186} INFO - Started process (PID=4230) to work on /opt/airflow/dags/Etl_pipeline.py
[2025-08-07T17:53:42.837+0000] {processor.py:914} INFO - Processing file /opt/airflow/dags/Etl_pipeline.py for tasks to queue
[2025-08-07T17:53:42.840+0000] {logging_mixin.py:190} INFO - [2025-08-07T17:53:42.839+0000] {dagbag.py:588} INFO - Filling up the DagBag from /opt/airflow/dags/Etl_pipeline.py
[2025-08-07T17:53:42.905+0000] {processor.py:925} INFO - DAG(s) 'etl_twitter_pipeline' retrieved from /opt/airflow/dags/Etl_pipeline.py
[2025-08-07T17:53:42.949+0000] {logging_mixin.py:190} INFO - [2025-08-07T17:53:42.948+0000] {dag.py:3239} INFO - Sync 1 DAGs
[2025-08-07T17:53:43.018+0000] {logging_mixin.py:190} INFO - [2025-08-07T17:53:43.018+0000] {dag.py:4180} INFO - Setting next_dagrun for etl_twitter_pipeline to 2023-02-05 00:00:00+00:00, run_after=2023-02-05 00:02:00+00:00
[2025-08-07T17:53:43.076+0000] {processor.py:208} INFO - Processing /opt/airflow/dags/Etl_pipeline.py took 0.258 seconds
[2025-08-07T17:53:57.457+0000] {processor.py:186} INFO - Started process (PID=4290) to work on /opt/airflow/dags/Etl_pipeline.py
[2025-08-07T17:53:57.458+0000] {processor.py:914} INFO - Processing file /opt/airflow/dags/Etl_pipeline.py for tasks to queue
[2025-08-07T17:53:57.460+0000] {logging_mixin.py:190} INFO - [2025-08-07T17:53:57.460+0000] {dagbag.py:588} INFO - Filling up the DagBag from /opt/airflow/dags/Etl_pipeline.py
[2025-08-07T17:53:57.499+0000] {processor.py:925} INFO - DAG(s) 'etl_twitter_pipeline' retrieved from /opt/airflow/dags/Etl_pipeline.py
[2025-08-07T17:53:57.539+0000] {logging_mixin.py:190} INFO - [2025-08-07T17:53:57.539+0000] {dag.py:3239} INFO - Sync 1 DAGs
[2025-08-07T17:53:57.595+0000] {logging_mixin.py:190} INFO - [2025-08-07T17:53:57.590+0000] {dag.py:4180} INFO - Setting next_dagrun for etl_twitter_pipeline to 2023-02-05 00:00:00+00:00, run_after=2023-02-05 00:02:00+00:00
[2025-08-07T17:53:57.636+0000] {processor.py:208} INFO - Processing /opt/airflow/dags/Etl_pipeline.py took 0.191 seconds
[2025-08-07T17:54:27.884+0000] {processor.py:186} INFO - Started process (PID=4356) to work on /opt/airflow/dags/Etl_pipeline.py
[2025-08-07T17:54:27.885+0000] {processor.py:914} INFO - Processing file /opt/airflow/dags/Etl_pipeline.py for tasks to queue
[2025-08-07T17:54:27.887+0000] {logging_mixin.py:190} INFO - [2025-08-07T17:54:27.887+0000] {dagbag.py:588} INFO - Filling up the DagBag from /opt/airflow/dags/Etl_pipeline.py
[2025-08-07T17:54:27.927+0000] {processor.py:925} INFO - DAG(s) 'etl_twitter_pipeline' retrieved from /opt/airflow/dags/Etl_pipeline.py
[2025-08-07T17:54:27.984+0000] {logging_mixin.py:190} INFO - [2025-08-07T17:54:27.977+0000] {dag.py:3239} INFO - Sync 1 DAGs
[2025-08-07T17:54:28.056+0000] {logging_mixin.py:190} INFO - [2025-08-07T17:54:28.056+0000] {dag.py:4180} INFO - Setting next_dagrun for etl_twitter_pipeline to 2023-02-05 00:00:00+00:00, run_after=2023-02-05 00:02:00+00:00
[2025-08-07T17:54:28.113+0000] {processor.py:208} INFO - Processing /opt/airflow/dags/Etl_pipeline.py took 0.246 seconds
[2025-08-07T17:54:58.451+0000] {processor.py:186} INFO - Started process (PID=4420) to work on /opt/airflow/dags/Etl_pipeline.py
[2025-08-07T17:54:58.452+0000] {processor.py:914} INFO - Processing file /opt/airflow/dags/Etl_pipeline.py for tasks to queue
[2025-08-07T17:54:58.459+0000] {logging_mixin.py:190} INFO - [2025-08-07T17:54:58.453+0000] {dagbag.py:588} INFO - Filling up the DagBag from /opt/airflow/dags/Etl_pipeline.py
[2025-08-07T17:54:58.509+0000] {processor.py:925} INFO - DAG(s) 'etl_twitter_pipeline' retrieved from /opt/airflow/dags/Etl_pipeline.py
[2025-08-07T17:54:58.563+0000] {logging_mixin.py:190} INFO - [2025-08-07T17:54:58.563+0000] {dag.py:3239} INFO - Sync 1 DAGs
[2025-08-07T17:54:58.632+0000] {logging_mixin.py:190} INFO - [2025-08-07T17:54:58.632+0000] {dag.py:4180} INFO - Setting next_dagrun for etl_twitter_pipeline to 2023-02-05 00:00:00+00:00, run_after=2023-02-05 00:02:00+00:00
[2025-08-07T17:54:58.703+0000] {processor.py:208} INFO - Processing /opt/airflow/dags/Etl_pipeline.py took 0.271 seconds
[2025-08-07T17:55:28.897+0000] {processor.py:186} INFO - Started process (PID=4484) to work on /opt/airflow/dags/Etl_pipeline.py
[2025-08-07T17:55:28.898+0000] {processor.py:914} INFO - Processing file /opt/airflow/dags/Etl_pipeline.py for tasks to queue
[2025-08-07T17:55:28.900+0000] {logging_mixin.py:190} INFO - [2025-08-07T17:55:28.899+0000] {dagbag.py:588} INFO - Filling up the DagBag from /opt/airflow/dags/Etl_pipeline.py
[2025-08-07T17:55:28.938+0000] {processor.py:925} INFO - DAG(s) 'etl_twitter_pipeline' retrieved from /opt/airflow/dags/Etl_pipeline.py
[2025-08-07T17:55:28.976+0000] {logging_mixin.py:190} INFO - [2025-08-07T17:55:28.971+0000] {dag.py:3239} INFO - Sync 1 DAGs
[2025-08-07T17:55:29.020+0000] {logging_mixin.py:190} INFO - [2025-08-07T17:55:29.019+0000] {dag.py:4180} INFO - Setting next_dagrun for etl_twitter_pipeline to 2023-02-05 00:00:00+00:00, run_after=2023-02-05 00:02:00+00:00
[2025-08-07T17:55:29.060+0000] {processor.py:208} INFO - Processing /opt/airflow/dags/Etl_pipeline.py took 0.174 seconds
[2025-08-07T19:34:46.168+0000] {processor.py:186} INFO - Started process (PID=87) to work on /opt/airflow/dags/Etl_pipeline.py
[2025-08-07T19:34:46.172+0000] {processor.py:914} INFO - Processing file /opt/airflow/dags/Etl_pipeline.py for tasks to queue
[2025-08-07T19:34:46.185+0000] {logging_mixin.py:190} INFO - [2025-08-07T19:34:46.182+0000] {dagbag.py:588} INFO - Filling up the DagBag from /opt/airflow/dags/Etl_pipeline.py
[2025-08-07T19:34:46.267+0000] {processor.py:925} INFO - DAG(s) 'etl_twitter_pipeline' retrieved from /opt/airflow/dags/Etl_pipeline.py
[2025-08-07T19:34:46.356+0000] {logging_mixin.py:190} INFO - [2025-08-07T19:34:46.356+0000] {dag.py:3239} INFO - Sync 1 DAGs
[2025-08-07T19:34:46.873+0000] {logging_mixin.py:190} INFO - [2025-08-07T19:34:46.872+0000] {dag.py:4180} INFO - Setting next_dagrun for etl_twitter_pipeline to 2023-02-05 00:00:00+00:00, run_after=2023-02-05 00:02:00+00:00
[2025-08-07T19:34:46.953+0000] {processor.py:208} INFO - Processing /opt/airflow/dags/Etl_pipeline.py took 0.807 seconds
