[2025-08-06T20:30:19.153+0000] {processor.py:186} INFO - Started process (PID=129) to work on /home/airflow/.local/lib/python3.12/site-packages/airflow/example_dags/example_skip_dag.py
[2025-08-06T20:30:19.155+0000] {processor.py:914} INFO - Processing file /home/airflow/.local/lib/python3.12/site-packages/airflow/example_dags/example_skip_dag.py for tasks to queue
[2025-08-06T20:30:19.158+0000] {logging_mixin.py:190} INFO - [2025-08-06T20:30:19.157+0000] {dagbag.py:588} INFO - Filling up the DagBag from /home/airflow/.local/lib/python3.12/site-packages/airflow/example_dags/example_skip_dag.py
[2025-08-06T20:30:19.175+0000] {processor.py:925} INFO - DAG(s) 'example_skip_dag' retrieved from /home/airflow/.local/lib/python3.12/site-packages/airflow/example_dags/example_skip_dag.py
[2025-08-06T20:30:19.222+0000] {logging_mixin.py:190} INFO - [2025-08-06T20:30:19.221+0000] {dag.py:3239} INFO - Sync 1 DAGs
[2025-08-06T20:30:19.269+0000] {logging_mixin.py:190} INFO - [2025-08-06T20:30:19.269+0000] {dag.py:4180} INFO - Setting next_dagrun for example_skip_dag to 2025-08-05 00:00:00+00:00, run_after=2025-08-06 00:00:00+00:00
[2025-08-06T20:30:19.309+0000] {processor.py:208} INFO - Processing /home/airflow/.local/lib/python3.12/site-packages/airflow/example_dags/example_skip_dag.py took 0.167 seconds
[2025-08-06T20:30:36.312+0000] {processor.py:186} INFO - Started process (PID=198) to work on /home/airflow/.local/lib/python3.12/site-packages/airflow/example_dags/example_skip_dag.py
[2025-08-06T20:30:36.314+0000] {processor.py:914} INFO - Processing file /home/airflow/.local/lib/python3.12/site-packages/airflow/example_dags/example_skip_dag.py for tasks to queue
[2025-08-06T20:30:36.318+0000] {logging_mixin.py:190} INFO - [2025-08-06T20:30:36.317+0000] {dagbag.py:588} INFO - Filling up the DagBag from /home/airflow/.local/lib/python3.12/site-packages/airflow/example_dags/example_skip_dag.py
[2025-08-06T20:30:36.338+0000] {processor.py:925} INFO - DAG(s) 'example_skip_dag' retrieved from /home/airflow/.local/lib/python3.12/site-packages/airflow/example_dags/example_skip_dag.py
[2025-08-06T20:30:36.363+0000] {logging_mixin.py:190} INFO - [2025-08-06T20:30:36.363+0000] {dag.py:3239} INFO - Sync 1 DAGs
[2025-08-06T20:30:36.394+0000] {logging_mixin.py:190} INFO - [2025-08-06T20:30:36.394+0000] {dag.py:4180} INFO - Setting next_dagrun for example_skip_dag to 2025-08-05 00:00:00+00:00, run_after=2025-08-06 00:00:00+00:00
[2025-08-06T20:30:36.416+0000] {processor.py:208} INFO - Processing /home/airflow/.local/lib/python3.12/site-packages/airflow/example_dags/example_skip_dag.py took 0.118 seconds
[2025-08-06T20:31:00.276+0000] {processor.py:186} INFO - Started process (PID=255) to work on /home/airflow/.local/lib/python3.12/site-packages/airflow/example_dags/example_skip_dag.py
[2025-08-06T20:31:00.278+0000] {processor.py:914} INFO - Processing file /home/airflow/.local/lib/python3.12/site-packages/airflow/example_dags/example_skip_dag.py for tasks to queue
[2025-08-06T20:31:00.281+0000] {logging_mixin.py:190} INFO - [2025-08-06T20:31:00.280+0000] {dagbag.py:588} INFO - Filling up the DagBag from /home/airflow/.local/lib/python3.12/site-packages/airflow/example_dags/example_skip_dag.py
[2025-08-06T20:31:00.304+0000] {processor.py:925} INFO - DAG(s) 'example_skip_dag' retrieved from /home/airflow/.local/lib/python3.12/site-packages/airflow/example_dags/example_skip_dag.py
[2025-08-06T20:31:00.346+0000] {logging_mixin.py:190} INFO - [2025-08-06T20:31:00.345+0000] {dag.py:3239} INFO - Sync 1 DAGs
[2025-08-06T20:31:00.390+0000] {logging_mixin.py:190} INFO - [2025-08-06T20:31:00.390+0000] {dag.py:4180} INFO - Setting next_dagrun for example_skip_dag to 2025-08-05 00:00:00+00:00, run_after=2025-08-06 00:00:00+00:00
[2025-08-06T20:31:00.428+0000] {processor.py:208} INFO - Processing /home/airflow/.local/lib/python3.12/site-packages/airflow/example_dags/example_skip_dag.py took 0.165 seconds
[2025-08-06T20:31:20.744+0000] {processor.py:186} INFO - Started process (PID=319) to work on /home/airflow/.local/lib/python3.12/site-packages/airflow/example_dags/example_skip_dag.py
[2025-08-06T20:31:20.745+0000] {processor.py:914} INFO - Processing file /home/airflow/.local/lib/python3.12/site-packages/airflow/example_dags/example_skip_dag.py for tasks to queue
[2025-08-06T20:31:20.746+0000] {logging_mixin.py:190} INFO - [2025-08-06T20:31:20.746+0000] {dagbag.py:588} INFO - Filling up the DagBag from /home/airflow/.local/lib/python3.12/site-packages/airflow/example_dags/example_skip_dag.py
[2025-08-06T20:31:20.755+0000] {processor.py:925} INFO - DAG(s) 'example_skip_dag' retrieved from /home/airflow/.local/lib/python3.12/site-packages/airflow/example_dags/example_skip_dag.py
[2025-08-06T20:31:20.779+0000] {logging_mixin.py:190} INFO - [2025-08-06T20:31:20.779+0000] {dag.py:3239} INFO - Sync 1 DAGs
[2025-08-06T20:31:20.805+0000] {logging_mixin.py:190} INFO - [2025-08-06T20:31:20.805+0000] {dag.py:4180} INFO - Setting next_dagrun for example_skip_dag to 2025-08-05 00:00:00+00:00, run_after=2025-08-06 00:00:00+00:00
[2025-08-06T20:31:20.831+0000] {processor.py:208} INFO - Processing /home/airflow/.local/lib/python3.12/site-packages/airflow/example_dags/example_skip_dag.py took 0.094 seconds
[2025-08-06T20:31:31.263+0000] {processor.py:186} INFO - Started process (PID=376) to work on /home/airflow/.local/lib/python3.12/site-packages/airflow/example_dags/example_skip_dag.py
[2025-08-06T20:31:31.264+0000] {processor.py:914} INFO - Processing file /home/airflow/.local/lib/python3.12/site-packages/airflow/example_dags/example_skip_dag.py for tasks to queue
[2025-08-06T20:31:31.266+0000] {logging_mixin.py:190} INFO - [2025-08-06T20:31:31.265+0000] {dagbag.py:588} INFO - Filling up the DagBag from /home/airflow/.local/lib/python3.12/site-packages/airflow/example_dags/example_skip_dag.py
[2025-08-06T20:31:31.275+0000] {processor.py:925} INFO - DAG(s) 'example_skip_dag' retrieved from /home/airflow/.local/lib/python3.12/site-packages/airflow/example_dags/example_skip_dag.py
[2025-08-06T20:31:31.301+0000] {logging_mixin.py:190} INFO - [2025-08-06T20:31:31.301+0000] {dag.py:3239} INFO - Sync 1 DAGs
[2025-08-06T20:31:31.326+0000] {logging_mixin.py:190} INFO - [2025-08-06T20:31:31.326+0000] {dag.py:4180} INFO - Setting next_dagrun for example_skip_dag to 2025-08-05 00:00:00+00:00, run_after=2025-08-06 00:00:00+00:00
[2025-08-06T20:31:31.351+0000] {processor.py:208} INFO - Processing /home/airflow/.local/lib/python3.12/site-packages/airflow/example_dags/example_skip_dag.py took 0.094 seconds
[2025-08-06T20:31:59.451+0000] {processor.py:186} INFO - Started process (PID=440) to work on /home/airflow/.local/lib/python3.12/site-packages/airflow/example_dags/example_skip_dag.py
[2025-08-06T20:31:59.452+0000] {processor.py:914} INFO - Processing file /home/airflow/.local/lib/python3.12/site-packages/airflow/example_dags/example_skip_dag.py for tasks to queue
[2025-08-06T20:31:59.453+0000] {logging_mixin.py:190} INFO - [2025-08-06T20:31:59.453+0000] {dagbag.py:588} INFO - Filling up the DagBag from /home/airflow/.local/lib/python3.12/site-packages/airflow/example_dags/example_skip_dag.py
[2025-08-06T20:31:59.461+0000] {processor.py:925} INFO - DAG(s) 'example_skip_dag' retrieved from /home/airflow/.local/lib/python3.12/site-packages/airflow/example_dags/example_skip_dag.py
[2025-08-06T20:31:59.485+0000] {logging_mixin.py:190} INFO - [2025-08-06T20:31:59.485+0000] {dag.py:3239} INFO - Sync 1 DAGs
[2025-08-06T20:31:59.510+0000] {logging_mixin.py:190} INFO - [2025-08-06T20:31:59.510+0000] {dag.py:4180} INFO - Setting next_dagrun for example_skip_dag to 2025-08-05 00:00:00+00:00, run_after=2025-08-06 00:00:00+00:00
[2025-08-06T20:31:59.537+0000] {processor.py:208} INFO - Processing /home/airflow/.local/lib/python3.12/site-packages/airflow/example_dags/example_skip_dag.py took 0.091 seconds
[2025-08-06T20:32:30.896+0000] {processor.py:186} INFO - Started process (PID=506) to work on /home/airflow/.local/lib/python3.12/site-packages/airflow/example_dags/example_skip_dag.py
[2025-08-06T20:32:30.897+0000] {processor.py:914} INFO - Processing file /home/airflow/.local/lib/python3.12/site-packages/airflow/example_dags/example_skip_dag.py for tasks to queue
[2025-08-06T20:32:30.898+0000] {logging_mixin.py:190} INFO - [2025-08-06T20:32:30.898+0000] {dagbag.py:588} INFO - Filling up the DagBag from /home/airflow/.local/lib/python3.12/site-packages/airflow/example_dags/example_skip_dag.py
[2025-08-06T20:32:30.905+0000] {processor.py:925} INFO - DAG(s) 'example_skip_dag' retrieved from /home/airflow/.local/lib/python3.12/site-packages/airflow/example_dags/example_skip_dag.py
[2025-08-06T20:32:30.931+0000] {logging_mixin.py:190} INFO - [2025-08-06T20:32:30.930+0000] {dag.py:3239} INFO - Sync 1 DAGs
[2025-08-06T20:32:30.956+0000] {logging_mixin.py:190} INFO - [2025-08-06T20:32:30.956+0000] {dag.py:4180} INFO - Setting next_dagrun for example_skip_dag to 2025-08-05 00:00:00+00:00, run_after=2025-08-06 00:00:00+00:00
[2025-08-06T20:32:30.981+0000] {processor.py:208} INFO - Processing /home/airflow/.local/lib/python3.12/site-packages/airflow/example_dags/example_skip_dag.py took 0.089 seconds
[2025-08-06T20:33:01.709+0000] {processor.py:186} INFO - Started process (PID=566) to work on /home/airflow/.local/lib/python3.12/site-packages/airflow/example_dags/example_skip_dag.py
[2025-08-06T20:33:01.710+0000] {processor.py:914} INFO - Processing file /home/airflow/.local/lib/python3.12/site-packages/airflow/example_dags/example_skip_dag.py for tasks to queue
[2025-08-06T20:33:01.711+0000] {logging_mixin.py:190} INFO - [2025-08-06T20:33:01.711+0000] {dagbag.py:588} INFO - Filling up the DagBag from /home/airflow/.local/lib/python3.12/site-packages/airflow/example_dags/example_skip_dag.py
[2025-08-06T20:33:01.718+0000] {processor.py:925} INFO - DAG(s) 'example_skip_dag' retrieved from /home/airflow/.local/lib/python3.12/site-packages/airflow/example_dags/example_skip_dag.py
[2025-08-06T20:33:01.741+0000] {logging_mixin.py:190} INFO - [2025-08-06T20:33:01.741+0000] {dag.py:3239} INFO - Sync 1 DAGs
[2025-08-06T20:33:01.764+0000] {logging_mixin.py:190} INFO - [2025-08-06T20:33:01.764+0000] {dag.py:4180} INFO - Setting next_dagrun for example_skip_dag to 2025-08-05 00:00:00+00:00, run_after=2025-08-06 00:00:00+00:00
[2025-08-06T20:33:01.787+0000] {processor.py:208} INFO - Processing /home/airflow/.local/lib/python3.12/site-packages/airflow/example_dags/example_skip_dag.py took 0.083 seconds
[2025-08-06T20:33:31.873+0000] {processor.py:186} INFO - Started process (PID=627) to work on /home/airflow/.local/lib/python3.12/site-packages/airflow/example_dags/example_skip_dag.py
[2025-08-06T20:33:31.875+0000] {processor.py:914} INFO - Processing file /home/airflow/.local/lib/python3.12/site-packages/airflow/example_dags/example_skip_dag.py for tasks to queue
[2025-08-06T20:33:31.877+0000] {logging_mixin.py:190} INFO - [2025-08-06T20:33:31.876+0000] {dagbag.py:588} INFO - Filling up the DagBag from /home/airflow/.local/lib/python3.12/site-packages/airflow/example_dags/example_skip_dag.py
[2025-08-06T20:33:31.889+0000] {processor.py:925} INFO - DAG(s) 'example_skip_dag' retrieved from /home/airflow/.local/lib/python3.12/site-packages/airflow/example_dags/example_skip_dag.py
[2025-08-06T20:33:31.918+0000] {logging_mixin.py:190} INFO - [2025-08-06T20:33:31.917+0000] {dag.py:3239} INFO - Sync 1 DAGs
[2025-08-06T20:33:31.952+0000] {logging_mixin.py:190} INFO - [2025-08-06T20:33:31.952+0000] {dag.py:4180} INFO - Setting next_dagrun for example_skip_dag to 2025-08-05 00:00:00+00:00, run_after=2025-08-06 00:00:00+00:00
[2025-08-06T20:33:31.977+0000] {processor.py:208} INFO - Processing /home/airflow/.local/lib/python3.12/site-packages/airflow/example_dags/example_skip_dag.py took 0.111 seconds
[2025-08-06T20:34:03.171+0000] {processor.py:186} INFO - Started process (PID=698) to work on /home/airflow/.local/lib/python3.12/site-packages/airflow/example_dags/example_skip_dag.py
[2025-08-06T20:34:03.173+0000] {processor.py:914} INFO - Processing file /home/airflow/.local/lib/python3.12/site-packages/airflow/example_dags/example_skip_dag.py for tasks to queue
[2025-08-06T20:34:03.175+0000] {logging_mixin.py:190} INFO - [2025-08-06T20:34:03.175+0000] {dagbag.py:588} INFO - Filling up the DagBag from /home/airflow/.local/lib/python3.12/site-packages/airflow/example_dags/example_skip_dag.py
[2025-08-06T20:34:03.184+0000] {processor.py:925} INFO - DAG(s) 'example_skip_dag' retrieved from /home/airflow/.local/lib/python3.12/site-packages/airflow/example_dags/example_skip_dag.py
[2025-08-06T20:34:03.207+0000] {logging_mixin.py:190} INFO - [2025-08-06T20:34:03.206+0000] {dag.py:3239} INFO - Sync 1 DAGs
[2025-08-06T20:34:03.232+0000] {logging_mixin.py:190} INFO - [2025-08-06T20:34:03.232+0000] {dag.py:4180} INFO - Setting next_dagrun for example_skip_dag to 2025-08-05 00:00:00+00:00, run_after=2025-08-06 00:00:00+00:00
[2025-08-06T20:34:03.260+0000] {processor.py:208} INFO - Processing /home/airflow/.local/lib/python3.12/site-packages/airflow/example_dags/example_skip_dag.py took 0.093 seconds
[2025-08-06T20:34:34.054+0000] {processor.py:186} INFO - Started process (PID=764) to work on /home/airflow/.local/lib/python3.12/site-packages/airflow/example_dags/example_skip_dag.py
[2025-08-06T20:34:34.055+0000] {processor.py:914} INFO - Processing file /home/airflow/.local/lib/python3.12/site-packages/airflow/example_dags/example_skip_dag.py for tasks to queue
[2025-08-06T20:34:34.057+0000] {logging_mixin.py:190} INFO - [2025-08-06T20:34:34.056+0000] {dagbag.py:588} INFO - Filling up the DagBag from /home/airflow/.local/lib/python3.12/site-packages/airflow/example_dags/example_skip_dag.py
[2025-08-06T20:34:34.068+0000] {processor.py:925} INFO - DAG(s) 'example_skip_dag' retrieved from /home/airflow/.local/lib/python3.12/site-packages/airflow/example_dags/example_skip_dag.py
[2025-08-06T20:34:34.090+0000] {logging_mixin.py:190} INFO - [2025-08-06T20:34:34.090+0000] {dag.py:3239} INFO - Sync 1 DAGs
[2025-08-06T20:34:34.122+0000] {logging_mixin.py:190} INFO - [2025-08-06T20:34:34.121+0000] {dag.py:4180} INFO - Setting next_dagrun for example_skip_dag to 2025-08-05 00:00:00+00:00, run_after=2025-08-06 00:00:00+00:00
[2025-08-06T20:34:34.148+0000] {processor.py:208} INFO - Processing /home/airflow/.local/lib/python3.12/site-packages/airflow/example_dags/example_skip_dag.py took 0.100 seconds
[2025-08-06T20:35:58.252+0000] {processor.py:186} INFO - Started process (PID=822) to work on /home/airflow/.local/lib/python3.12/site-packages/airflow/example_dags/example_skip_dag.py
[2025-08-06T20:35:58.253+0000] {processor.py:914} INFO - Processing file /home/airflow/.local/lib/python3.12/site-packages/airflow/example_dags/example_skip_dag.py for tasks to queue
[2025-08-06T20:35:58.255+0000] {logging_mixin.py:190} INFO - [2025-08-06T20:35:58.254+0000] {dagbag.py:588} INFO - Filling up the DagBag from /home/airflow/.local/lib/python3.12/site-packages/airflow/example_dags/example_skip_dag.py
[2025-08-06T20:35:58.263+0000] {processor.py:925} INFO - DAG(s) 'example_skip_dag' retrieved from /home/airflow/.local/lib/python3.12/site-packages/airflow/example_dags/example_skip_dag.py
[2025-08-06T20:35:58.285+0000] {logging_mixin.py:190} INFO - [2025-08-06T20:35:58.285+0000] {dag.py:3239} INFO - Sync 1 DAGs
[2025-08-06T20:35:58.316+0000] {logging_mixin.py:190} INFO - [2025-08-06T20:35:58.315+0000] {dag.py:4180} INFO - Setting next_dagrun for example_skip_dag to 2025-08-05 00:00:00+00:00, run_after=2025-08-06 00:00:00+00:00
[2025-08-06T20:35:58.343+0000] {processor.py:208} INFO - Processing /home/airflow/.local/lib/python3.12/site-packages/airflow/example_dags/example_skip_dag.py took 0.096 seconds
[2025-08-06T20:36:31.873+0000] {processor.py:186} INFO - Started process (PID=900) to work on /home/airflow/.local/lib/python3.12/site-packages/airflow/example_dags/example_skip_dag.py
[2025-08-06T20:36:31.874+0000] {processor.py:914} INFO - Processing file /home/airflow/.local/lib/python3.12/site-packages/airflow/example_dags/example_skip_dag.py for tasks to queue
[2025-08-06T20:36:31.876+0000] {logging_mixin.py:190} INFO - [2025-08-06T20:36:31.876+0000] {dagbag.py:588} INFO - Filling up the DagBag from /home/airflow/.local/lib/python3.12/site-packages/airflow/example_dags/example_skip_dag.py
[2025-08-06T20:36:31.885+0000] {processor.py:925} INFO - DAG(s) 'example_skip_dag' retrieved from /home/airflow/.local/lib/python3.12/site-packages/airflow/example_dags/example_skip_dag.py
[2025-08-06T20:36:31.910+0000] {logging_mixin.py:190} INFO - [2025-08-06T20:36:31.910+0000] {dag.py:3239} INFO - Sync 1 DAGs
[2025-08-06T20:36:31.955+0000] {logging_mixin.py:190} INFO - [2025-08-06T20:36:31.954+0000] {dag.py:4180} INFO - Setting next_dagrun for example_skip_dag to 2025-08-05 00:00:00+00:00, run_after=2025-08-06 00:00:00+00:00
[2025-08-06T20:36:31.988+0000] {processor.py:208} INFO - Processing /home/airflow/.local/lib/python3.12/site-packages/airflow/example_dags/example_skip_dag.py took 0.120 seconds
[2025-08-06T20:36:50.462+0000] {processor.py:186} INFO - Started process (PID=962) to work on /home/airflow/.local/lib/python3.12/site-packages/airflow/example_dags/example_skip_dag.py
[2025-08-06T20:36:50.464+0000] {processor.py:914} INFO - Processing file /home/airflow/.local/lib/python3.12/site-packages/airflow/example_dags/example_skip_dag.py for tasks to queue
[2025-08-06T20:36:50.465+0000] {logging_mixin.py:190} INFO - [2025-08-06T20:36:50.465+0000] {dagbag.py:588} INFO - Filling up the DagBag from /home/airflow/.local/lib/python3.12/site-packages/airflow/example_dags/example_skip_dag.py
[2025-08-06T20:36:50.474+0000] {processor.py:925} INFO - DAG(s) 'example_skip_dag' retrieved from /home/airflow/.local/lib/python3.12/site-packages/airflow/example_dags/example_skip_dag.py
[2025-08-06T20:36:50.500+0000] {logging_mixin.py:190} INFO - [2025-08-06T20:36:50.500+0000] {dag.py:3239} INFO - Sync 1 DAGs
[2025-08-06T20:36:50.528+0000] {logging_mixin.py:190} INFO - [2025-08-06T20:36:50.528+0000] {dag.py:4180} INFO - Setting next_dagrun for example_skip_dag to 2025-08-05 00:00:00+00:00, run_after=2025-08-06 00:00:00+00:00
[2025-08-06T20:36:50.558+0000] {processor.py:208} INFO - Processing /home/airflow/.local/lib/python3.12/site-packages/airflow/example_dags/example_skip_dag.py took 0.101 seconds
