[2025-08-06T20:30:17.090+0000] {processor.py:186} INFO - Started process (PID=116) to work on /home/airflow/.local/lib/python3.12/site-packages/airflow/example_dags/example_latest_only_with_trigger.py
[2025-08-06T20:30:17.093+0000] {processor.py:914} INFO - Processing file /home/airflow/.local/lib/python3.12/site-packages/airflow/example_dags/example_latest_only_with_trigger.py for tasks to queue
[2025-08-06T20:30:17.097+0000] {logging_mixin.py:190} INFO - [2025-08-06T20:30:17.096+0000] {dagbag.py:588} INFO - Filling up the DagBag from /home/airflow/.local/lib/python3.12/site-packages/airflow/example_dags/example_latest_only_with_trigger.py
[2025-08-06T20:30:17.122+0000] {processor.py:925} INFO - DAG(s) 'latest_only_with_trigger' retrieved from /home/airflow/.local/lib/python3.12/site-packages/airflow/example_dags/example_latest_only_with_trigger.py
[2025-08-06T20:30:17.184+0000] {logging_mixin.py:190} INFO - [2025-08-06T20:30:17.184+0000] {dag.py:3239} INFO - Sync 1 DAGs
[2025-08-06T20:30:17.265+0000] {logging_mixin.py:190} INFO - [2025-08-06T20:30:17.265+0000] {dag.py:4180} INFO - Setting next_dagrun for latest_only_with_trigger to 2025-08-06 16:00:00+00:00, run_after=2025-08-06 20:00:00+00:00
[2025-08-06T20:30:17.333+0000] {processor.py:208} INFO - Processing /home/airflow/.local/lib/python3.12/site-packages/airflow/example_dags/example_latest_only_with_trigger.py took 0.257 seconds
[2025-08-06T20:30:34.861+0000] {processor.py:186} INFO - Started process (PID=185) to work on /home/airflow/.local/lib/python3.12/site-packages/airflow/example_dags/example_latest_only_with_trigger.py
[2025-08-06T20:30:34.863+0000] {processor.py:914} INFO - Processing file /home/airflow/.local/lib/python3.12/site-packages/airflow/example_dags/example_latest_only_with_trigger.py for tasks to queue
[2025-08-06T20:30:34.865+0000] {logging_mixin.py:190} INFO - [2025-08-06T20:30:34.864+0000] {dagbag.py:588} INFO - Filling up the DagBag from /home/airflow/.local/lib/python3.12/site-packages/airflow/example_dags/example_latest_only_with_trigger.py
[2025-08-06T20:30:34.877+0000] {processor.py:925} INFO - DAG(s) 'latest_only_with_trigger' retrieved from /home/airflow/.local/lib/python3.12/site-packages/airflow/example_dags/example_latest_only_with_trigger.py
[2025-08-06T20:30:34.903+0000] {logging_mixin.py:190} INFO - [2025-08-06T20:30:34.903+0000] {dag.py:3239} INFO - Sync 1 DAGs
[2025-08-06T20:30:34.936+0000] {logging_mixin.py:190} INFO - [2025-08-06T20:30:34.936+0000] {dag.py:4180} INFO - Setting next_dagrun for latest_only_with_trigger to 2025-08-06 16:00:00+00:00, run_after=2025-08-06 20:00:00+00:00
[2025-08-06T20:30:34.971+0000] {processor.py:208} INFO - Processing /home/airflow/.local/lib/python3.12/site-packages/airflow/example_dags/example_latest_only_with_trigger.py took 0.114 seconds
[2025-08-06T20:30:59.236+0000] {processor.py:186} INFO - Started process (PID=242) to work on /home/airflow/.local/lib/python3.12/site-packages/airflow/example_dags/example_latest_only_with_trigger.py
[2025-08-06T20:30:59.237+0000] {processor.py:914} INFO - Processing file /home/airflow/.local/lib/python3.12/site-packages/airflow/example_dags/example_latest_only_with_trigger.py for tasks to queue
[2025-08-06T20:30:59.239+0000] {logging_mixin.py:190} INFO - [2025-08-06T20:30:59.239+0000] {dagbag.py:588} INFO - Filling up the DagBag from /home/airflow/.local/lib/python3.12/site-packages/airflow/example_dags/example_latest_only_with_trigger.py
[2025-08-06T20:30:59.250+0000] {processor.py:925} INFO - DAG(s) 'latest_only_with_trigger' retrieved from /home/airflow/.local/lib/python3.12/site-packages/airflow/example_dags/example_latest_only_with_trigger.py
[2025-08-06T20:30:59.274+0000] {logging_mixin.py:190} INFO - [2025-08-06T20:30:59.274+0000] {dag.py:3239} INFO - Sync 1 DAGs
[2025-08-06T20:30:59.319+0000] {logging_mixin.py:190} INFO - [2025-08-06T20:30:59.319+0000] {dag.py:4180} INFO - Setting next_dagrun for latest_only_with_trigger to 2025-08-06 16:00:00+00:00, run_after=2025-08-06 20:00:00+00:00
[2025-08-06T20:30:59.355+0000] {processor.py:208} INFO - Processing /home/airflow/.local/lib/python3.12/site-packages/airflow/example_dags/example_latest_only_with_trigger.py took 0.126 seconds
[2025-08-06T20:31:19.896+0000] {processor.py:186} INFO - Started process (PID=308) to work on /home/airflow/.local/lib/python3.12/site-packages/airflow/example_dags/example_latest_only_with_trigger.py
[2025-08-06T20:31:19.897+0000] {processor.py:914} INFO - Processing file /home/airflow/.local/lib/python3.12/site-packages/airflow/example_dags/example_latest_only_with_trigger.py for tasks to queue
[2025-08-06T20:31:19.899+0000] {logging_mixin.py:190} INFO - [2025-08-06T20:31:19.899+0000] {dagbag.py:588} INFO - Filling up the DagBag from /home/airflow/.local/lib/python3.12/site-packages/airflow/example_dags/example_latest_only_with_trigger.py
[2025-08-06T20:31:19.908+0000] {processor.py:925} INFO - DAG(s) 'latest_only_with_trigger' retrieved from /home/airflow/.local/lib/python3.12/site-packages/airflow/example_dags/example_latest_only_with_trigger.py
[2025-08-06T20:31:19.938+0000] {logging_mixin.py:190} INFO - [2025-08-06T20:31:19.937+0000] {dag.py:3239} INFO - Sync 1 DAGs
[2025-08-06T20:31:19.979+0000] {logging_mixin.py:190} INFO - [2025-08-06T20:31:19.979+0000] {dag.py:4180} INFO - Setting next_dagrun for latest_only_with_trigger to 2025-08-06 16:00:00+00:00, run_after=2025-08-06 20:00:00+00:00
[2025-08-06T20:31:20.010+0000] {processor.py:208} INFO - Processing /home/airflow/.local/lib/python3.12/site-packages/airflow/example_dags/example_latest_only_with_trigger.py took 0.121 seconds
[2025-08-06T20:31:30.106+0000] {processor.py:186} INFO - Started process (PID=365) to work on /home/airflow/.local/lib/python3.12/site-packages/airflow/example_dags/example_latest_only_with_trigger.py
[2025-08-06T20:31:30.108+0000] {processor.py:914} INFO - Processing file /home/airflow/.local/lib/python3.12/site-packages/airflow/example_dags/example_latest_only_with_trigger.py for tasks to queue
[2025-08-06T20:31:30.109+0000] {logging_mixin.py:190} INFO - [2025-08-06T20:31:30.109+0000] {dagbag.py:588} INFO - Filling up the DagBag from /home/airflow/.local/lib/python3.12/site-packages/airflow/example_dags/example_latest_only_with_trigger.py
[2025-08-06T20:31:30.118+0000] {processor.py:925} INFO - DAG(s) 'latest_only_with_trigger' retrieved from /home/airflow/.local/lib/python3.12/site-packages/airflow/example_dags/example_latest_only_with_trigger.py
[2025-08-06T20:31:30.143+0000] {logging_mixin.py:190} INFO - [2025-08-06T20:31:30.143+0000] {dag.py:3239} INFO - Sync 1 DAGs
[2025-08-06T20:31:30.175+0000] {logging_mixin.py:190} INFO - [2025-08-06T20:31:30.174+0000] {dag.py:4180} INFO - Setting next_dagrun for latest_only_with_trigger to 2025-08-06 16:00:00+00:00, run_after=2025-08-06 20:00:00+00:00
[2025-08-06T20:31:30.203+0000] {processor.py:208} INFO - Processing /home/airflow/.local/lib/python3.12/site-packages/airflow/example_dags/example_latest_only_with_trigger.py took 0.104 seconds
[2025-08-06T20:31:58.474+0000] {processor.py:186} INFO - Started process (PID=427) to work on /home/airflow/.local/lib/python3.12/site-packages/airflow/example_dags/example_latest_only_with_trigger.py
[2025-08-06T20:31:58.475+0000] {processor.py:914} INFO - Processing file /home/airflow/.local/lib/python3.12/site-packages/airflow/example_dags/example_latest_only_with_trigger.py for tasks to queue
[2025-08-06T20:31:58.476+0000] {logging_mixin.py:190} INFO - [2025-08-06T20:31:58.476+0000] {dagbag.py:588} INFO - Filling up the DagBag from /home/airflow/.local/lib/python3.12/site-packages/airflow/example_dags/example_latest_only_with_trigger.py
[2025-08-06T20:31:58.484+0000] {processor.py:925} INFO - DAG(s) 'latest_only_with_trigger' retrieved from /home/airflow/.local/lib/python3.12/site-packages/airflow/example_dags/example_latest_only_with_trigger.py
[2025-08-06T20:31:58.505+0000] {logging_mixin.py:190} INFO - [2025-08-06T20:31:58.505+0000] {dag.py:3239} INFO - Sync 1 DAGs
[2025-08-06T20:31:58.529+0000] {logging_mixin.py:190} INFO - [2025-08-06T20:31:58.529+0000] {dag.py:4180} INFO - Setting next_dagrun for latest_only_with_trigger to 2025-08-06 16:00:00+00:00, run_after=2025-08-06 20:00:00+00:00
[2025-08-06T20:31:58.549+0000] {processor.py:208} INFO - Processing /home/airflow/.local/lib/python3.12/site-packages/airflow/example_dags/example_latest_only_with_trigger.py took 0.081 seconds
[2025-08-06T20:32:29.904+0000] {processor.py:186} INFO - Started process (PID=493) to work on /home/airflow/.local/lib/python3.12/site-packages/airflow/example_dags/example_latest_only_with_trigger.py
[2025-08-06T20:32:29.905+0000] {processor.py:914} INFO - Processing file /home/airflow/.local/lib/python3.12/site-packages/airflow/example_dags/example_latest_only_with_trigger.py for tasks to queue
[2025-08-06T20:32:29.906+0000] {logging_mixin.py:190} INFO - [2025-08-06T20:32:29.906+0000] {dagbag.py:588} INFO - Filling up the DagBag from /home/airflow/.local/lib/python3.12/site-packages/airflow/example_dags/example_latest_only_with_trigger.py
[2025-08-06T20:32:29.914+0000] {processor.py:925} INFO - DAG(s) 'latest_only_with_trigger' retrieved from /home/airflow/.local/lib/python3.12/site-packages/airflow/example_dags/example_latest_only_with_trigger.py
[2025-08-06T20:32:29.936+0000] {logging_mixin.py:190} INFO - [2025-08-06T20:32:29.935+0000] {dag.py:3239} INFO - Sync 1 DAGs
[2025-08-06T20:32:29.961+0000] {logging_mixin.py:190} INFO - [2025-08-06T20:32:29.960+0000] {dag.py:4180} INFO - Setting next_dagrun for latest_only_with_trigger to 2025-08-06 16:00:00+00:00, run_after=2025-08-06 20:00:00+00:00
[2025-08-06T20:32:29.982+0000] {processor.py:208} INFO - Processing /home/airflow/.local/lib/python3.12/site-packages/airflow/example_dags/example_latest_only_with_trigger.py took 0.084 seconds
[2025-08-06T20:33:00.656+0000] {processor.py:186} INFO - Started process (PID=554) to work on /home/airflow/.local/lib/python3.12/site-packages/airflow/example_dags/example_latest_only_with_trigger.py
[2025-08-06T20:33:00.657+0000] {processor.py:914} INFO - Processing file /home/airflow/.local/lib/python3.12/site-packages/airflow/example_dags/example_latest_only_with_trigger.py for tasks to queue
[2025-08-06T20:33:00.658+0000] {logging_mixin.py:190} INFO - [2025-08-06T20:33:00.658+0000] {dagbag.py:588} INFO - Filling up the DagBag from /home/airflow/.local/lib/python3.12/site-packages/airflow/example_dags/example_latest_only_with_trigger.py
[2025-08-06T20:33:00.668+0000] {processor.py:925} INFO - DAG(s) 'latest_only_with_trigger' retrieved from /home/airflow/.local/lib/python3.12/site-packages/airflow/example_dags/example_latest_only_with_trigger.py
[2025-08-06T20:33:00.694+0000] {logging_mixin.py:190} INFO - [2025-08-06T20:33:00.693+0000] {dag.py:3239} INFO - Sync 1 DAGs
[2025-08-06T20:33:00.719+0000] {logging_mixin.py:190} INFO - [2025-08-06T20:33:00.718+0000] {dag.py:4180} INFO - Setting next_dagrun for latest_only_with_trigger to 2025-08-06 16:00:00+00:00, run_after=2025-08-06 20:00:00+00:00
[2025-08-06T20:33:00.744+0000] {processor.py:208} INFO - Processing /home/airflow/.local/lib/python3.12/site-packages/airflow/example_dags/example_latest_only_with_trigger.py took 0.094 seconds
[2025-08-06T20:33:30.884+0000] {processor.py:186} INFO - Started process (PID=615) to work on /home/airflow/.local/lib/python3.12/site-packages/airflow/example_dags/example_latest_only_with_trigger.py
[2025-08-06T20:33:30.885+0000] {processor.py:914} INFO - Processing file /home/airflow/.local/lib/python3.12/site-packages/airflow/example_dags/example_latest_only_with_trigger.py for tasks to queue
[2025-08-06T20:33:30.887+0000] {logging_mixin.py:190} INFO - [2025-08-06T20:33:30.887+0000] {dagbag.py:588} INFO - Filling up the DagBag from /home/airflow/.local/lib/python3.12/site-packages/airflow/example_dags/example_latest_only_with_trigger.py
[2025-08-06T20:33:30.895+0000] {processor.py:925} INFO - DAG(s) 'latest_only_with_trigger' retrieved from /home/airflow/.local/lib/python3.12/site-packages/airflow/example_dags/example_latest_only_with_trigger.py
[2025-08-06T20:33:30.914+0000] {logging_mixin.py:190} INFO - [2025-08-06T20:33:30.914+0000] {dag.py:3239} INFO - Sync 1 DAGs
[2025-08-06T20:33:30.937+0000] {logging_mixin.py:190} INFO - [2025-08-06T20:33:30.937+0000] {dag.py:4180} INFO - Setting next_dagrun for latest_only_with_trigger to 2025-08-06 16:00:00+00:00, run_after=2025-08-06 20:00:00+00:00
[2025-08-06T20:33:30.964+0000] {processor.py:208} INFO - Processing /home/airflow/.local/lib/python3.12/site-packages/airflow/example_dags/example_latest_only_with_trigger.py took 0.085 seconds
[2025-08-06T20:34:02.243+0000] {processor.py:186} INFO - Started process (PID=679) to work on /home/airflow/.local/lib/python3.12/site-packages/airflow/example_dags/example_latest_only_with_trigger.py
[2025-08-06T20:34:02.244+0000] {processor.py:914} INFO - Processing file /home/airflow/.local/lib/python3.12/site-packages/airflow/example_dags/example_latest_only_with_trigger.py for tasks to queue
[2025-08-06T20:34:02.246+0000] {logging_mixin.py:190} INFO - [2025-08-06T20:34:02.245+0000] {dagbag.py:588} INFO - Filling up the DagBag from /home/airflow/.local/lib/python3.12/site-packages/airflow/example_dags/example_latest_only_with_trigger.py
[2025-08-06T20:34:02.255+0000] {processor.py:925} INFO - DAG(s) 'latest_only_with_trigger' retrieved from /home/airflow/.local/lib/python3.12/site-packages/airflow/example_dags/example_latest_only_with_trigger.py
[2025-08-06T20:34:02.278+0000] {logging_mixin.py:190} INFO - [2025-08-06T20:34:02.278+0000] {dag.py:3239} INFO - Sync 1 DAGs
[2025-08-06T20:34:02.306+0000] {logging_mixin.py:190} INFO - [2025-08-06T20:34:02.306+0000] {dag.py:4180} INFO - Setting next_dagrun for latest_only_with_trigger to 2025-08-06 16:00:00+00:00, run_after=2025-08-06 20:00:00+00:00
[2025-08-06T20:34:02.332+0000] {processor.py:208} INFO - Processing /home/airflow/.local/lib/python3.12/site-packages/airflow/example_dags/example_latest_only_with_trigger.py took 0.096 seconds
[2025-08-06T20:34:32.731+0000] {processor.py:186} INFO - Started process (PID=751) to work on /home/airflow/.local/lib/python3.12/site-packages/airflow/example_dags/example_latest_only_with_trigger.py
[2025-08-06T20:34:32.732+0000] {processor.py:914} INFO - Processing file /home/airflow/.local/lib/python3.12/site-packages/airflow/example_dags/example_latest_only_with_trigger.py for tasks to queue
[2025-08-06T20:34:32.734+0000] {logging_mixin.py:190} INFO - [2025-08-06T20:34:32.733+0000] {dagbag.py:588} INFO - Filling up the DagBag from /home/airflow/.local/lib/python3.12/site-packages/airflow/example_dags/example_latest_only_with_trigger.py
[2025-08-06T20:34:32.745+0000] {processor.py:925} INFO - DAG(s) 'latest_only_with_trigger' retrieved from /home/airflow/.local/lib/python3.12/site-packages/airflow/example_dags/example_latest_only_with_trigger.py
[2025-08-06T20:34:32.770+0000] {logging_mixin.py:190} INFO - [2025-08-06T20:34:32.769+0000] {dag.py:3239} INFO - Sync 1 DAGs
[2025-08-06T20:34:32.803+0000] {logging_mixin.py:190} INFO - [2025-08-06T20:34:32.803+0000] {dag.py:4180} INFO - Setting next_dagrun for latest_only_with_trigger to 2025-08-06 16:00:00+00:00, run_after=2025-08-06 20:00:00+00:00
[2025-08-06T20:34:32.828+0000] {processor.py:208} INFO - Processing /home/airflow/.local/lib/python3.12/site-packages/airflow/example_dags/example_latest_only_with_trigger.py took 0.103 seconds
[2025-08-06T20:35:57.247+0000] {processor.py:186} INFO - Started process (PID=809) to work on /home/airflow/.local/lib/python3.12/site-packages/airflow/example_dags/example_latest_only_with_trigger.py
[2025-08-06T20:35:57.248+0000] {processor.py:914} INFO - Processing file /home/airflow/.local/lib/python3.12/site-packages/airflow/example_dags/example_latest_only_with_trigger.py for tasks to queue
[2025-08-06T20:35:57.250+0000] {logging_mixin.py:190} INFO - [2025-08-06T20:35:57.250+0000] {dagbag.py:588} INFO - Filling up the DagBag from /home/airflow/.local/lib/python3.12/site-packages/airflow/example_dags/example_latest_only_with_trigger.py
[2025-08-06T20:35:57.260+0000] {processor.py:925} INFO - DAG(s) 'latest_only_with_trigger' retrieved from /home/airflow/.local/lib/python3.12/site-packages/airflow/example_dags/example_latest_only_with_trigger.py
[2025-08-06T20:35:57.282+0000] {logging_mixin.py:190} INFO - [2025-08-06T20:35:57.282+0000] {dag.py:3239} INFO - Sync 1 DAGs
[2025-08-06T20:35:57.307+0000] {logging_mixin.py:190} INFO - [2025-08-06T20:35:57.306+0000] {dag.py:4180} INFO - Setting next_dagrun for latest_only_with_trigger to 2025-08-06 16:00:00+00:00, run_after=2025-08-06 20:00:00+00:00
[2025-08-06T20:35:57.327+0000] {processor.py:208} INFO - Processing /home/airflow/.local/lib/python3.12/site-packages/airflow/example_dags/example_latest_only_with_trigger.py took 0.086 seconds
[2025-08-06T20:36:30.837+0000] {processor.py:186} INFO - Started process (PID=887) to work on /home/airflow/.local/lib/python3.12/site-packages/airflow/example_dags/example_latest_only_with_trigger.py
[2025-08-06T20:36:30.838+0000] {processor.py:914} INFO - Processing file /home/airflow/.local/lib/python3.12/site-packages/airflow/example_dags/example_latest_only_with_trigger.py for tasks to queue
[2025-08-06T20:36:30.840+0000] {logging_mixin.py:190} INFO - [2025-08-06T20:36:30.840+0000] {dagbag.py:588} INFO - Filling up the DagBag from /home/airflow/.local/lib/python3.12/site-packages/airflow/example_dags/example_latest_only_with_trigger.py
[2025-08-06T20:36:30.849+0000] {processor.py:925} INFO - DAG(s) 'latest_only_with_trigger' retrieved from /home/airflow/.local/lib/python3.12/site-packages/airflow/example_dags/example_latest_only_with_trigger.py
[2025-08-06T20:36:30.875+0000] {logging_mixin.py:190} INFO - [2025-08-06T20:36:30.875+0000] {dag.py:3239} INFO - Sync 1 DAGs
[2025-08-06T20:36:30.920+0000] {logging_mixin.py:190} INFO - [2025-08-06T20:36:30.920+0000] {dag.py:4180} INFO - Setting next_dagrun for latest_only_with_trigger to 2025-08-06 16:00:00+00:00, run_after=2025-08-06 20:00:00+00:00
[2025-08-06T20:36:30.954+0000] {processor.py:208} INFO - Processing /home/airflow/.local/lib/python3.12/site-packages/airflow/example_dags/example_latest_only_with_trigger.py took 0.125 seconds
[2025-08-06T20:36:49.991+0000] {processor.py:186} INFO - Started process (PID=949) to work on /home/airflow/.local/lib/python3.12/site-packages/airflow/example_dags/example_latest_only_with_trigger.py
[2025-08-06T20:36:49.993+0000] {processor.py:914} INFO - Processing file /home/airflow/.local/lib/python3.12/site-packages/airflow/example_dags/example_latest_only_with_trigger.py for tasks to queue
[2025-08-06T20:36:49.994+0000] {logging_mixin.py:190} INFO - [2025-08-06T20:36:49.994+0000] {dagbag.py:588} INFO - Filling up the DagBag from /home/airflow/.local/lib/python3.12/site-packages/airflow/example_dags/example_latest_only_with_trigger.py
[2025-08-06T20:36:50.003+0000] {processor.py:925} INFO - DAG(s) 'latest_only_with_trigger' retrieved from /home/airflow/.local/lib/python3.12/site-packages/airflow/example_dags/example_latest_only_with_trigger.py
[2025-08-06T20:36:50.025+0000] {logging_mixin.py:190} INFO - [2025-08-06T20:36:50.025+0000] {dag.py:3239} INFO - Sync 1 DAGs
[2025-08-06T20:36:50.053+0000] {logging_mixin.py:190} INFO - [2025-08-06T20:36:50.053+0000] {dag.py:4180} INFO - Setting next_dagrun for latest_only_with_trigger to 2025-08-06 16:00:00+00:00, run_after=2025-08-06 20:00:00+00:00
[2025-08-06T20:36:50.077+0000] {processor.py:208} INFO - Processing /home/airflow/.local/lib/python3.12/site-packages/airflow/example_dags/example_latest_only_with_trigger.py took 0.093 seconds
