[2025-08-06T20:30:17.876+0000] {processor.py:186} INFO - Started process (PID=120) to work on /home/airflow/.local/lib/python3.12/site-packages/airflow/example_dags/example_subdag_operator.py
[2025-08-06T20:30:17.877+0000] {processor.py:914} INFO - Processing file /home/airflow/.local/lib/python3.12/site-packages/airflow/example_dags/example_subdag_operator.py for tasks to queue
[2025-08-06T20:30:17.880+0000] {logging_mixin.py:190} INFO - [2025-08-06T20:30:17.879+0000] {dagbag.py:588} INFO - Filling up the DagBag from /home/airflow/.local/lib/python3.12/site-packages/airflow/example_dags/example_subdag_operator.py
[2025-08-06T20:30:17.937+0000] {processor.py:925} INFO - DAG(s) 'example_subdag_operator.section-1', 'example_subdag_operator.section-2', 'example_subdag_operator' retrieved from /home/airflow/.local/lib/python3.12/site-packages/airflow/example_dags/example_subdag_operator.py
[2025-08-06T20:30:17.972+0000] {logging_mixin.py:190} INFO - [2025-08-06T20:30:17.972+0000] {dag.py:3239} INFO - Sync 3 DAGs
[2025-08-06T20:30:18.024+0000] {logging_mixin.py:190} INFO - [2025-08-06T20:30:18.024+0000] {dag.py:4180} INFO - Setting next_dagrun for example_subdag_operator to 2022-01-01 00:00:00+00:00, run_after=2022-01-01 00:00:00+00:00
[2025-08-06T20:30:18.033+0000] {logging_mixin.py:190} INFO - [2025-08-06T20:30:18.033+0000] {dag.py:4180} INFO - Setting next_dagrun for example_subdag_operator.section-1 to None, run_after=None
[2025-08-06T20:30:18.041+0000] {logging_mixin.py:190} INFO - [2025-08-06T20:30:18.041+0000] {dag.py:4180} INFO - Setting next_dagrun for example_subdag_operator.section-2 to None, run_after=None
[2025-08-06T20:30:18.060+0000] {logging_mixin.py:190} INFO - [2025-08-06T20:30:18.060+0000] {dag.py:3239} INFO - Sync 2 DAGs
[2025-08-06T20:30:18.074+0000] {logging_mixin.py:190} INFO - [2025-08-06T20:30:18.074+0000] {dag.py:4180} INFO - Setting next_dagrun for example_subdag_operator.section-1 to None, run_after=None
[2025-08-06T20:30:18.076+0000] {logging_mixin.py:190} INFO - [2025-08-06T20:30:18.075+0000] {dag.py:4180} INFO - Setting next_dagrun for example_subdag_operator.section-2 to None, run_after=None
[2025-08-06T20:30:18.111+0000] {processor.py:208} INFO - Processing /home/airflow/.local/lib/python3.12/site-packages/airflow/example_dags/example_subdag_operator.py took 0.247 seconds
[2025-08-06T20:30:35.353+0000] {processor.py:186} INFO - Started process (PID=189) to work on /home/airflow/.local/lib/python3.12/site-packages/airflow/example_dags/example_subdag_operator.py
[2025-08-06T20:30:35.355+0000] {processor.py:914} INFO - Processing file /home/airflow/.local/lib/python3.12/site-packages/airflow/example_dags/example_subdag_operator.py for tasks to queue
[2025-08-06T20:30:35.356+0000] {logging_mixin.py:190} INFO - [2025-08-06T20:30:35.356+0000] {dagbag.py:588} INFO - Filling up the DagBag from /home/airflow/.local/lib/python3.12/site-packages/airflow/example_dags/example_subdag_operator.py
[2025-08-06T20:30:35.387+0000] {processor.py:925} INFO - DAG(s) 'example_subdag_operator.section-1', 'example_subdag_operator.section-2', 'example_subdag_operator' retrieved from /home/airflow/.local/lib/python3.12/site-packages/airflow/example_dags/example_subdag_operator.py
[2025-08-06T20:30:35.415+0000] {logging_mixin.py:190} INFO - [2025-08-06T20:30:35.415+0000] {dag.py:3239} INFO - Sync 3 DAGs
[2025-08-06T20:30:35.467+0000] {logging_mixin.py:190} INFO - [2025-08-06T20:30:35.466+0000] {dag.py:4180} INFO - Setting next_dagrun for example_subdag_operator to 2022-01-01 00:00:00+00:00, run_after=2022-01-01 00:00:00+00:00
[2025-08-06T20:30:35.474+0000] {logging_mixin.py:190} INFO - [2025-08-06T20:30:35.474+0000] {dag.py:4180} INFO - Setting next_dagrun for example_subdag_operator.section-1 to None, run_after=None
[2025-08-06T20:30:35.478+0000] {logging_mixin.py:190} INFO - [2025-08-06T20:30:35.477+0000] {dag.py:4180} INFO - Setting next_dagrun for example_subdag_operator.section-2 to None, run_after=None
[2025-08-06T20:30:35.493+0000] {logging_mixin.py:190} INFO - [2025-08-06T20:30:35.493+0000] {dag.py:3239} INFO - Sync 2 DAGs
[2025-08-06T20:30:35.507+0000] {logging_mixin.py:190} INFO - [2025-08-06T20:30:35.507+0000] {dag.py:4180} INFO - Setting next_dagrun for example_subdag_operator.section-1 to None, run_after=None
[2025-08-06T20:30:35.508+0000] {logging_mixin.py:190} INFO - [2025-08-06T20:30:35.508+0000] {dag.py:4180} INFO - Setting next_dagrun for example_subdag_operator.section-2 to None, run_after=None
[2025-08-06T20:30:35.535+0000] {processor.py:208} INFO - Processing /home/airflow/.local/lib/python3.12/site-packages/airflow/example_dags/example_subdag_operator.py took 0.188 seconds
[2025-08-06T20:30:59.539+0000] {processor.py:186} INFO - Started process (PID=246) to work on /home/airflow/.local/lib/python3.12/site-packages/airflow/example_dags/example_subdag_operator.py
[2025-08-06T20:30:59.540+0000] {processor.py:914} INFO - Processing file /home/airflow/.local/lib/python3.12/site-packages/airflow/example_dags/example_subdag_operator.py for tasks to queue
[2025-08-06T20:30:59.543+0000] {logging_mixin.py:190} INFO - [2025-08-06T20:30:59.542+0000] {dagbag.py:588} INFO - Filling up the DagBag from /home/airflow/.local/lib/python3.12/site-packages/airflow/example_dags/example_subdag_operator.py
[2025-08-06T20:30:59.585+0000] {processor.py:925} INFO - DAG(s) 'example_subdag_operator.section-1', 'example_subdag_operator.section-2', 'example_subdag_operator' retrieved from /home/airflow/.local/lib/python3.12/site-packages/airflow/example_dags/example_subdag_operator.py
[2025-08-06T20:30:59.609+0000] {logging_mixin.py:190} INFO - [2025-08-06T20:30:59.609+0000] {dag.py:3239} INFO - Sync 3 DAGs
[2025-08-06T20:30:59.649+0000] {logging_mixin.py:190} INFO - [2025-08-06T20:30:59.649+0000] {dag.py:4180} INFO - Setting next_dagrun for example_subdag_operator to 2022-01-01 00:00:00+00:00, run_after=2022-01-01 00:00:00+00:00
[2025-08-06T20:30:59.655+0000] {logging_mixin.py:190} INFO - [2025-08-06T20:30:59.655+0000] {dag.py:4180} INFO - Setting next_dagrun for example_subdag_operator.section-1 to None, run_after=None
[2025-08-06T20:30:59.658+0000] {logging_mixin.py:190} INFO - [2025-08-06T20:30:59.658+0000] {dag.py:4180} INFO - Setting next_dagrun for example_subdag_operator.section-2 to None, run_after=None
[2025-08-06T20:30:59.670+0000] {logging_mixin.py:190} INFO - [2025-08-06T20:30:59.670+0000] {dag.py:3239} INFO - Sync 2 DAGs
[2025-08-06T20:32:12.304+0000] {logging_mixin.py:190} INFO - [2025-08-06T20:32:12.304+0000] {dag.py:4180} INFO - Setting next_dagrun for example_subdag_operator.section-1 to None, run_after=None
[2025-08-06T20:32:12.305+0000] {logging_mixin.py:190} INFO - [2025-08-06T20:32:12.305+0000] {dag.py:4180} INFO - Setting next_dagrun for example_subdag_operator.section-2 to None, run_after=None
[2025-08-06T20:32:12.324+0000] {processor.py:208} INFO - Processing /home/airflow/.local/lib/python3.12/site-packages/airflow/example_dags/example_subdag_operator.py took 0.173 seconds
[2025-08-06T20:31:58.698+0000] {processor.py:186} INFO - Started process (PID=431) to work on /home/airflow/.local/lib/python3.12/site-packages/airflow/example_dags/example_subdag_operator.py
[2025-08-06T20:31:58.699+0000] {processor.py:914} INFO - Processing file /home/airflow/.local/lib/python3.12/site-packages/airflow/example_dags/example_subdag_operator.py for tasks to queue
[2025-08-06T20:31:58.700+0000] {logging_mixin.py:190} INFO - [2025-08-06T20:31:58.699+0000] {dagbag.py:588} INFO - Filling up the DagBag from /home/airflow/.local/lib/python3.12/site-packages/airflow/example_dags/example_subdag_operator.py
[2025-08-06T20:31:58.726+0000] {processor.py:925} INFO - DAG(s) 'example_subdag_operator.section-1', 'example_subdag_operator.section-2', 'example_subdag_operator' retrieved from /home/airflow/.local/lib/python3.12/site-packages/airflow/example_dags/example_subdag_operator.py
[2025-08-06T20:31:58.830+0000] {logging_mixin.py:190} INFO - [2025-08-06T20:31:58.830+0000] {dag.py:3239} INFO - Sync 3 DAGs
[2025-08-06T20:31:58.853+0000] {logging_mixin.py:190} INFO - [2025-08-06T20:31:58.853+0000] {dag.py:4180} INFO - Setting next_dagrun for example_subdag_operator to 2022-01-01 00:00:00+00:00, run_after=2022-01-01 00:00:00+00:00
[2025-08-06T20:31:58.858+0000] {logging_mixin.py:190} INFO - [2025-08-06T20:31:58.858+0000] {dag.py:4180} INFO - Setting next_dagrun for example_subdag_operator.section-1 to None, run_after=None
[2025-08-06T20:31:58.861+0000] {logging_mixin.py:190} INFO - [2025-08-06T20:31:58.860+0000] {dag.py:4180} INFO - Setting next_dagrun for example_subdag_operator.section-2 to None, run_after=None
[2025-08-06T20:31:58.872+0000] {logging_mixin.py:190} INFO - [2025-08-06T20:31:58.872+0000] {dag.py:3239} INFO - Sync 2 DAGs
[2025-08-06T20:31:58.880+0000] {logging_mixin.py:190} INFO - [2025-08-06T20:31:58.880+0000] {dag.py:4180} INFO - Setting next_dagrun for example_subdag_operator.section-1 to None, run_after=None
[2025-08-06T20:31:58.881+0000] {logging_mixin.py:190} INFO - [2025-08-06T20:31:58.881+0000] {dag.py:4180} INFO - Setting next_dagrun for example_subdag_operator.section-2 to None, run_after=None
[2025-08-06T20:31:58.896+0000] {processor.py:208} INFO - Processing /home/airflow/.local/lib/python3.12/site-packages/airflow/example_dags/example_subdag_operator.py took 0.204 seconds
[2025-08-06T20:32:30.267+0000] {processor.py:186} INFO - Started process (PID=497) to work on /home/airflow/.local/lib/python3.12/site-packages/airflow/example_dags/example_subdag_operator.py
[2025-08-06T20:32:30.268+0000] {processor.py:914} INFO - Processing file /home/airflow/.local/lib/python3.12/site-packages/airflow/example_dags/example_subdag_operator.py for tasks to queue
[2025-08-06T20:32:30.269+0000] {logging_mixin.py:190} INFO - [2025-08-06T20:32:30.269+0000] {dagbag.py:588} INFO - Filling up the DagBag from /home/airflow/.local/lib/python3.12/site-packages/airflow/example_dags/example_subdag_operator.py
[2025-08-06T20:32:30.295+0000] {processor.py:925} INFO - DAG(s) 'example_subdag_operator.section-1', 'example_subdag_operator.section-2', 'example_subdag_operator' retrieved from /home/airflow/.local/lib/python3.12/site-packages/airflow/example_dags/example_subdag_operator.py
[2025-08-06T20:32:30.312+0000] {logging_mixin.py:190} INFO - [2025-08-06T20:32:30.311+0000] {dag.py:3239} INFO - Sync 3 DAGs
[2025-08-06T20:32:30.336+0000] {logging_mixin.py:190} INFO - [2025-08-06T20:32:30.336+0000] {dag.py:4180} INFO - Setting next_dagrun for example_subdag_operator to 2022-01-01 00:00:00+00:00, run_after=2022-01-01 00:00:00+00:00
[2025-08-06T20:32:30.340+0000] {logging_mixin.py:190} INFO - [2025-08-06T20:32:30.340+0000] {dag.py:4180} INFO - Setting next_dagrun for example_subdag_operator.section-1 to None, run_after=None
[2025-08-06T20:32:30.342+0000] {logging_mixin.py:190} INFO - [2025-08-06T20:32:30.342+0000] {dag.py:4180} INFO - Setting next_dagrun for example_subdag_operator.section-2 to None, run_after=None
[2025-08-06T20:32:30.350+0000] {logging_mixin.py:190} INFO - [2025-08-06T20:32:30.350+0000] {dag.py:3239} INFO - Sync 2 DAGs
[2025-08-06T20:32:30.358+0000] {logging_mixin.py:190} INFO - [2025-08-06T20:32:30.358+0000] {dag.py:4180} INFO - Setting next_dagrun for example_subdag_operator.section-1 to None, run_after=None
[2025-08-06T20:32:30.359+0000] {logging_mixin.py:190} INFO - [2025-08-06T20:32:30.359+0000] {dag.py:4180} INFO - Setting next_dagrun for example_subdag_operator.section-2 to None, run_after=None
[2025-08-06T20:32:30.374+0000] {processor.py:208} INFO - Processing /home/airflow/.local/lib/python3.12/site-packages/airflow/example_dags/example_subdag_operator.py took 0.112 seconds
[2025-08-06T20:33:01.045+0000] {processor.py:186} INFO - Started process (PID=559) to work on /home/airflow/.local/lib/python3.12/site-packages/airflow/example_dags/example_subdag_operator.py
[2025-08-06T20:33:01.046+0000] {processor.py:914} INFO - Processing file /home/airflow/.local/lib/python3.12/site-packages/airflow/example_dags/example_subdag_operator.py for tasks to queue
[2025-08-06T20:33:01.048+0000] {logging_mixin.py:190} INFO - [2025-08-06T20:33:01.048+0000] {dagbag.py:588} INFO - Filling up the DagBag from /home/airflow/.local/lib/python3.12/site-packages/airflow/example_dags/example_subdag_operator.py
[2025-08-06T20:33:01.079+0000] {processor.py:925} INFO - DAG(s) 'example_subdag_operator.section-1', 'example_subdag_operator.section-2', 'example_subdag_operator' retrieved from /home/airflow/.local/lib/python3.12/site-packages/airflow/example_dags/example_subdag_operator.py
[2025-08-06T20:33:01.097+0000] {logging_mixin.py:190} INFO - [2025-08-06T20:33:01.096+0000] {dag.py:3239} INFO - Sync 3 DAGs
[2025-08-06T20:33:01.125+0000] {logging_mixin.py:190} INFO - [2025-08-06T20:33:01.125+0000] {dag.py:4180} INFO - Setting next_dagrun for example_subdag_operator to 2022-01-01 00:00:00+00:00, run_after=2022-01-01 00:00:00+00:00
[2025-08-06T20:33:01.130+0000] {logging_mixin.py:190} INFO - [2025-08-06T20:33:01.129+0000] {dag.py:4180} INFO - Setting next_dagrun for example_subdag_operator.section-1 to None, run_after=None
[2025-08-06T20:33:01.132+0000] {logging_mixin.py:190} INFO - [2025-08-06T20:33:01.131+0000] {dag.py:4180} INFO - Setting next_dagrun for example_subdag_operator.section-2 to None, run_after=None
[2025-08-06T20:33:01.139+0000] {logging_mixin.py:190} INFO - [2025-08-06T20:33:01.139+0000] {dag.py:3239} INFO - Sync 2 DAGs
[2025-08-06T20:33:01.146+0000] {logging_mixin.py:190} INFO - [2025-08-06T20:33:01.145+0000] {dag.py:4180} INFO - Setting next_dagrun for example_subdag_operator.section-1 to None, run_after=None
[2025-08-06T20:33:01.147+0000] {logging_mixin.py:190} INFO - [2025-08-06T20:33:01.146+0000] {dag.py:4180} INFO - Setting next_dagrun for example_subdag_operator.section-2 to None, run_after=None
[2025-08-06T20:33:01.163+0000] {processor.py:208} INFO - Processing /home/airflow/.local/lib/python3.12/site-packages/airflow/example_dags/example_subdag_operator.py took 0.123 seconds
[2025-08-06T20:33:31.413+0000] {processor.py:186} INFO - Started process (PID=620) to work on /home/airflow/.local/lib/python3.12/site-packages/airflow/example_dags/example_subdag_operator.py
[2025-08-06T20:33:31.414+0000] {processor.py:914} INFO - Processing file /home/airflow/.local/lib/python3.12/site-packages/airflow/example_dags/example_subdag_operator.py for tasks to queue
[2025-08-06T20:33:31.416+0000] {logging_mixin.py:190} INFO - [2025-08-06T20:33:31.415+0000] {dagbag.py:588} INFO - Filling up the DagBag from /home/airflow/.local/lib/python3.12/site-packages/airflow/example_dags/example_subdag_operator.py
[2025-08-06T20:33:31.442+0000] {processor.py:925} INFO - DAG(s) 'example_subdag_operator.section-1', 'example_subdag_operator.section-2', 'example_subdag_operator' retrieved from /home/airflow/.local/lib/python3.12/site-packages/airflow/example_dags/example_subdag_operator.py
[2025-08-06T20:33:31.458+0000] {logging_mixin.py:190} INFO - [2025-08-06T20:33:31.458+0000] {dag.py:3239} INFO - Sync 3 DAGs
[2025-08-06T20:33:31.487+0000] {logging_mixin.py:190} INFO - [2025-08-06T20:33:31.486+0000] {dag.py:4180} INFO - Setting next_dagrun for example_subdag_operator to 2022-01-01 00:00:00+00:00, run_after=2022-01-01 00:00:00+00:00
[2025-08-06T20:33:31.491+0000] {logging_mixin.py:190} INFO - [2025-08-06T20:33:31.491+0000] {dag.py:4180} INFO - Setting next_dagrun for example_subdag_operator.section-1 to None, run_after=None
[2025-08-06T20:33:31.493+0000] {logging_mixin.py:190} INFO - [2025-08-06T20:33:31.493+0000] {dag.py:4180} INFO - Setting next_dagrun for example_subdag_operator.section-2 to None, run_after=None
[2025-08-06T20:33:31.501+0000] {logging_mixin.py:190} INFO - [2025-08-06T20:33:31.501+0000] {dag.py:3239} INFO - Sync 2 DAGs
[2025-08-06T20:33:31.508+0000] {logging_mixin.py:190} INFO - [2025-08-06T20:33:31.508+0000] {dag.py:4180} INFO - Setting next_dagrun for example_subdag_operator.section-1 to None, run_after=None
[2025-08-06T20:33:31.509+0000] {logging_mixin.py:190} INFO - [2025-08-06T20:33:31.509+0000] {dag.py:4180} INFO - Setting next_dagrun for example_subdag_operator.section-2 to None, run_after=None
[2025-08-06T20:33:31.525+0000] {processor.py:208} INFO - Processing /home/airflow/.local/lib/python3.12/site-packages/airflow/example_dags/example_subdag_operator.py took 0.116 seconds
[2025-08-06T20:34:02.657+0000] {processor.py:186} INFO - Started process (PID=690) to work on /home/airflow/.local/lib/python3.12/site-packages/airflow/example_dags/example_subdag_operator.py
[2025-08-06T20:34:02.658+0000] {processor.py:914} INFO - Processing file /home/airflow/.local/lib/python3.12/site-packages/airflow/example_dags/example_subdag_operator.py for tasks to queue
[2025-08-06T20:34:02.660+0000] {logging_mixin.py:190} INFO - [2025-08-06T20:34:02.659+0000] {dagbag.py:588} INFO - Filling up the DagBag from /home/airflow/.local/lib/python3.12/site-packages/airflow/example_dags/example_subdag_operator.py
[2025-08-06T20:34:02.690+0000] {processor.py:925} INFO - DAG(s) 'example_subdag_operator.section-1', 'example_subdag_operator.section-2', 'example_subdag_operator' retrieved from /home/airflow/.local/lib/python3.12/site-packages/airflow/example_dags/example_subdag_operator.py
[2025-08-06T20:34:02.707+0000] {logging_mixin.py:190} INFO - [2025-08-06T20:34:02.707+0000] {dag.py:3239} INFO - Sync 3 DAGs
[2025-08-06T20:34:02.732+0000] {logging_mixin.py:190} INFO - [2025-08-06T20:34:02.732+0000] {dag.py:4180} INFO - Setting next_dagrun for example_subdag_operator to 2022-01-01 00:00:00+00:00, run_after=2022-01-01 00:00:00+00:00
[2025-08-06T20:34:02.737+0000] {logging_mixin.py:190} INFO - [2025-08-06T20:34:02.736+0000] {dag.py:4180} INFO - Setting next_dagrun for example_subdag_operator.section-1 to None, run_after=None
[2025-08-06T20:34:02.739+0000] {logging_mixin.py:190} INFO - [2025-08-06T20:34:02.738+0000] {dag.py:4180} INFO - Setting next_dagrun for example_subdag_operator.section-2 to None, run_after=None
[2025-08-06T20:34:02.747+0000] {logging_mixin.py:190} INFO - [2025-08-06T20:34:02.747+0000] {dag.py:3239} INFO - Sync 2 DAGs
[2025-08-06T20:34:02.754+0000] {logging_mixin.py:190} INFO - [2025-08-06T20:34:02.754+0000] {dag.py:4180} INFO - Setting next_dagrun for example_subdag_operator.section-1 to None, run_after=None
[2025-08-06T20:34:02.755+0000] {logging_mixin.py:190} INFO - [2025-08-06T20:34:02.755+0000] {dag.py:4180} INFO - Setting next_dagrun for example_subdag_operator.section-2 to None, run_after=None
[2025-08-06T20:34:02.772+0000] {processor.py:208} INFO - Processing /home/airflow/.local/lib/python3.12/site-packages/airflow/example_dags/example_subdag_operator.py took 0.119 seconds
[2025-08-06T20:34:33.288+0000] {processor.py:186} INFO - Started process (PID=755) to work on /home/airflow/.local/lib/python3.12/site-packages/airflow/example_dags/example_subdag_operator.py
[2025-08-06T20:34:33.289+0000] {processor.py:914} INFO - Processing file /home/airflow/.local/lib/python3.12/site-packages/airflow/example_dags/example_subdag_operator.py for tasks to queue
[2025-08-06T20:34:33.290+0000] {logging_mixin.py:190} INFO - [2025-08-06T20:34:33.290+0000] {dagbag.py:588} INFO - Filling up the DagBag from /home/airflow/.local/lib/python3.12/site-packages/airflow/example_dags/example_subdag_operator.py
[2025-08-06T20:34:33.319+0000] {processor.py:925} INFO - DAG(s) 'example_subdag_operator.section-1', 'example_subdag_operator.section-2', 'example_subdag_operator' retrieved from /home/airflow/.local/lib/python3.12/site-packages/airflow/example_dags/example_subdag_operator.py
[2025-08-06T20:34:33.342+0000] {logging_mixin.py:190} INFO - [2025-08-06T20:34:33.342+0000] {dag.py:3239} INFO - Sync 3 DAGs
[2025-08-06T20:34:33.370+0000] {logging_mixin.py:190} INFO - [2025-08-06T20:34:33.370+0000] {dag.py:4180} INFO - Setting next_dagrun for example_subdag_operator to 2022-01-01 00:00:00+00:00, run_after=2022-01-01 00:00:00+00:00
[2025-08-06T20:34:33.375+0000] {logging_mixin.py:190} INFO - [2025-08-06T20:34:33.375+0000] {dag.py:4180} INFO - Setting next_dagrun for example_subdag_operator.section-1 to None, run_after=None
[2025-08-06T20:34:33.377+0000] {logging_mixin.py:190} INFO - [2025-08-06T20:34:33.377+0000] {dag.py:4180} INFO - Setting next_dagrun for example_subdag_operator.section-2 to None, run_after=None
[2025-08-06T20:34:33.386+0000] {logging_mixin.py:190} INFO - [2025-08-06T20:34:33.386+0000] {dag.py:3239} INFO - Sync 2 DAGs
[2025-08-06T20:34:33.395+0000] {logging_mixin.py:190} INFO - [2025-08-06T20:34:33.394+0000] {dag.py:4180} INFO - Setting next_dagrun for example_subdag_operator.section-1 to None, run_after=None
[2025-08-06T20:34:33.396+0000] {logging_mixin.py:190} INFO - [2025-08-06T20:34:33.396+0000] {dag.py:4180} INFO - Setting next_dagrun for example_subdag_operator.section-2 to None, run_after=None
[2025-08-06T20:34:33.412+0000] {processor.py:208} INFO - Processing /home/airflow/.local/lib/python3.12/site-packages/airflow/example_dags/example_subdag_operator.py took 0.129 seconds
[2025-08-06T20:35:57.629+0000] {processor.py:186} INFO - Started process (PID=813) to work on /home/airflow/.local/lib/python3.12/site-packages/airflow/example_dags/example_subdag_operator.py
[2025-08-06T20:35:57.630+0000] {processor.py:914} INFO - Processing file /home/airflow/.local/lib/python3.12/site-packages/airflow/example_dags/example_subdag_operator.py for tasks to queue
[2025-08-06T20:35:57.632+0000] {logging_mixin.py:190} INFO - [2025-08-06T20:35:57.632+0000] {dagbag.py:588} INFO - Filling up the DagBag from /home/airflow/.local/lib/python3.12/site-packages/airflow/example_dags/example_subdag_operator.py
[2025-08-06T20:35:57.661+0000] {processor.py:925} INFO - DAG(s) 'example_subdag_operator.section-1', 'example_subdag_operator.section-2', 'example_subdag_operator' retrieved from /home/airflow/.local/lib/python3.12/site-packages/airflow/example_dags/example_subdag_operator.py
[2025-08-06T20:35:57.678+0000] {logging_mixin.py:190} INFO - [2025-08-06T20:35:57.678+0000] {dag.py:3239} INFO - Sync 3 DAGs
[2025-08-06T20:35:57.705+0000] {logging_mixin.py:190} INFO - [2025-08-06T20:35:57.705+0000] {dag.py:4180} INFO - Setting next_dagrun for example_subdag_operator to 2022-01-01 00:00:00+00:00, run_after=2022-01-01 00:00:00+00:00
[2025-08-06T20:35:57.709+0000] {logging_mixin.py:190} INFO - [2025-08-06T20:35:57.709+0000] {dag.py:4180} INFO - Setting next_dagrun for example_subdag_operator.section-1 to None, run_after=None
[2025-08-06T20:35:57.712+0000] {logging_mixin.py:190} INFO - [2025-08-06T20:35:57.712+0000] {dag.py:4180} INFO - Setting next_dagrun for example_subdag_operator.section-2 to None, run_after=None
[2025-08-06T20:35:57.722+0000] {logging_mixin.py:190} INFO - [2025-08-06T20:35:57.721+0000] {dag.py:3239} INFO - Sync 2 DAGs
[2025-08-06T20:35:57.729+0000] {logging_mixin.py:190} INFO - [2025-08-06T20:35:57.729+0000] {dag.py:4180} INFO - Setting next_dagrun for example_subdag_operator.section-1 to None, run_after=None
[2025-08-06T20:35:57.730+0000] {logging_mixin.py:190} INFO - [2025-08-06T20:35:57.730+0000] {dag.py:4180} INFO - Setting next_dagrun for example_subdag_operator.section-2 to None, run_after=None
[2025-08-06T20:35:57.746+0000] {processor.py:208} INFO - Processing /home/airflow/.local/lib/python3.12/site-packages/airflow/example_dags/example_subdag_operator.py took 0.124 seconds
[2025-08-06T20:36:31.318+0000] {processor.py:186} INFO - Started process (PID=891) to work on /home/airflow/.local/lib/python3.12/site-packages/airflow/example_dags/example_subdag_operator.py
[2025-08-06T20:36:31.319+0000] {processor.py:914} INFO - Processing file /home/airflow/.local/lib/python3.12/site-packages/airflow/example_dags/example_subdag_operator.py for tasks to queue
[2025-08-06T20:36:31.321+0000] {logging_mixin.py:190} INFO - [2025-08-06T20:36:31.321+0000] {dagbag.py:588} INFO - Filling up the DagBag from /home/airflow/.local/lib/python3.12/site-packages/airflow/example_dags/example_subdag_operator.py
[2025-08-06T20:36:31.354+0000] {processor.py:925} INFO - DAG(s) 'example_subdag_operator.section-1', 'example_subdag_operator.section-2', 'example_subdag_operator' retrieved from /home/airflow/.local/lib/python3.12/site-packages/airflow/example_dags/example_subdag_operator.py
[2025-08-06T20:36:31.374+0000] {logging_mixin.py:190} INFO - [2025-08-06T20:36:31.373+0000] {dag.py:3239} INFO - Sync 3 DAGs
[2025-08-06T20:36:31.411+0000] {logging_mixin.py:190} INFO - [2025-08-06T20:36:31.411+0000] {dag.py:4180} INFO - Setting next_dagrun for example_subdag_operator to 2022-01-01 00:00:00+00:00, run_after=2022-01-01 00:00:00+00:00
[2025-08-06T20:36:31.417+0000] {logging_mixin.py:190} INFO - [2025-08-06T20:36:31.417+0000] {dag.py:4180} INFO - Setting next_dagrun for example_subdag_operator.section-1 to None, run_after=None
[2025-08-06T20:36:31.420+0000] {logging_mixin.py:190} INFO - [2025-08-06T20:36:31.420+0000] {dag.py:4180} INFO - Setting next_dagrun for example_subdag_operator.section-2 to None, run_after=None
[2025-08-06T20:36:31.432+0000] {logging_mixin.py:190} INFO - [2025-08-06T20:36:31.432+0000] {dag.py:3239} INFO - Sync 2 DAGs
[2025-08-06T20:36:31.440+0000] {logging_mixin.py:190} INFO - [2025-08-06T20:36:31.440+0000] {dag.py:4180} INFO - Setting next_dagrun for example_subdag_operator.section-1 to None, run_after=None
[2025-08-06T20:36:31.441+0000] {logging_mixin.py:190} INFO - [2025-08-06T20:36:31.440+0000] {dag.py:4180} INFO - Setting next_dagrun for example_subdag_operator.section-2 to None, run_after=None
[2025-08-06T20:36:31.457+0000] {processor.py:208} INFO - Processing /home/airflow/.local/lib/python3.12/site-packages/airflow/example_dags/example_subdag_operator.py took 0.147 seconds
[2025-08-06T20:36:50.239+0000] {processor.py:186} INFO - Started process (PID=953) to work on /home/airflow/.local/lib/python3.12/site-packages/airflow/example_dags/example_subdag_operator.py
[2025-08-06T20:36:50.241+0000] {processor.py:914} INFO - Processing file /home/airflow/.local/lib/python3.12/site-packages/airflow/example_dags/example_subdag_operator.py for tasks to queue
[2025-08-06T20:36:50.243+0000] {logging_mixin.py:190} INFO - [2025-08-06T20:36:50.242+0000] {dagbag.py:588} INFO - Filling up the DagBag from /home/airflow/.local/lib/python3.12/site-packages/airflow/example_dags/example_subdag_operator.py
[2025-08-06T20:36:50.277+0000] {processor.py:925} INFO - DAG(s) 'example_subdag_operator.section-1', 'example_subdag_operator.section-2', 'example_subdag_operator' retrieved from /home/airflow/.local/lib/python3.12/site-packages/airflow/example_dags/example_subdag_operator.py
[2025-08-06T20:36:50.298+0000] {logging_mixin.py:190} INFO - [2025-08-06T20:36:50.298+0000] {dag.py:3239} INFO - Sync 3 DAGs
[2025-08-06T20:36:50.327+0000] {logging_mixin.py:190} INFO - [2025-08-06T20:36:50.327+0000] {dag.py:4180} INFO - Setting next_dagrun for example_subdag_operator to 2022-01-01 00:00:00+00:00, run_after=2022-01-01 00:00:00+00:00
[2025-08-06T20:36:50.332+0000] {logging_mixin.py:190} INFO - [2025-08-06T20:36:50.331+0000] {dag.py:4180} INFO - Setting next_dagrun for example_subdag_operator.section-1 to None, run_after=None
[2025-08-06T20:36:50.334+0000] {logging_mixin.py:190} INFO - [2025-08-06T20:36:50.333+0000] {dag.py:4180} INFO - Setting next_dagrun for example_subdag_operator.section-2 to None, run_after=None
[2025-08-06T20:36:50.345+0000] {logging_mixin.py:190} INFO - [2025-08-06T20:36:50.344+0000] {dag.py:3239} INFO - Sync 2 DAGs
[2025-08-06T20:36:50.352+0000] {logging_mixin.py:190} INFO - [2025-08-06T20:36:50.352+0000] {dag.py:4180} INFO - Setting next_dagrun for example_subdag_operator.section-1 to None, run_after=None
[2025-08-06T20:36:50.353+0000] {logging_mixin.py:190} INFO - [2025-08-06T20:36:50.353+0000] {dag.py:4180} INFO - Setting next_dagrun for example_subdag_operator.section-2 to None, run_after=None
[2025-08-06T20:36:50.367+0000] {processor.py:208} INFO - Processing /home/airflow/.local/lib/python3.12/site-packages/airflow/example_dags/example_subdag_operator.py took 0.133 seconds
