[2025-08-06T20:30:18.593+0000] {processor.py:186} INFO - Started process (PID=124) to work on /home/airflow/.local/lib/python3.12/site-packages/airflow/example_dags/example_branch_python_dop_operator_3.py
[2025-08-06T20:30:18.595+0000] {processor.py:914} INFO - Processing file /home/airflow/.local/lib/python3.12/site-packages/airflow/example_dags/example_branch_python_dop_operator_3.py for tasks to queue
[2025-08-06T20:30:18.598+0000] {logging_mixin.py:190} INFO - [2025-08-06T20:30:18.597+0000] {dagbag.py:588} INFO - Filling up the DagBag from /home/airflow/.local/lib/python3.12/site-packages/airflow/example_dags/example_branch_python_dop_operator_3.py
[2025-08-06T20:30:18.628+0000] {processor.py:925} INFO - DAG(s) 'example_branch_dop_operator_v3' retrieved from /home/airflow/.local/lib/python3.12/site-packages/airflow/example_dags/example_branch_python_dop_operator_3.py
[2025-08-06T20:30:18.669+0000] {logging_mixin.py:190} INFO - [2025-08-06T20:30:18.668+0000] {dag.py:3239} INFO - Sync 1 DAGs
[2025-08-06T20:30:18.735+0000] {logging_mixin.py:190} INFO - [2025-08-06T20:30:18.735+0000] {dag.py:4180} INFO - Setting next_dagrun for example_branch_dop_operator_v3 to 2025-08-06 20:29:00+00:00, run_after=2025-08-06 20:30:00+00:00
[2025-08-06T20:30:18.780+0000] {processor.py:208} INFO - Processing /home/airflow/.local/lib/python3.12/site-packages/airflow/example_dags/example_branch_python_dop_operator_3.py took 0.197 seconds
[2025-08-06T20:30:35.917+0000] {processor.py:186} INFO - Started process (PID=193) to work on /home/airflow/.local/lib/python3.12/site-packages/airflow/example_dags/example_branch_python_dop_operator_3.py
[2025-08-06T20:30:35.918+0000] {processor.py:914} INFO - Processing file /home/airflow/.local/lib/python3.12/site-packages/airflow/example_dags/example_branch_python_dop_operator_3.py for tasks to queue
[2025-08-06T20:30:35.920+0000] {logging_mixin.py:190} INFO - [2025-08-06T20:30:35.920+0000] {dagbag.py:588} INFO - Filling up the DagBag from /home/airflow/.local/lib/python3.12/site-packages/airflow/example_dags/example_branch_python_dop_operator_3.py
[2025-08-06T20:30:35.932+0000] {processor.py:925} INFO - DAG(s) 'example_branch_dop_operator_v3' retrieved from /home/airflow/.local/lib/python3.12/site-packages/airflow/example_dags/example_branch_python_dop_operator_3.py
[2025-08-06T20:30:35.955+0000] {logging_mixin.py:190} INFO - [2025-08-06T20:30:35.955+0000] {dag.py:3239} INFO - Sync 1 DAGs
[2025-08-06T20:30:36.002+0000] {logging_mixin.py:190} INFO - [2025-08-06T20:30:36.001+0000] {dag.py:4180} INFO - Setting next_dagrun for example_branch_dop_operator_v3 to 2025-08-06 20:29:00+00:00, run_after=2025-08-06 20:30:00+00:00
[2025-08-06T20:30:36.035+0000] {processor.py:208} INFO - Processing /home/airflow/.local/lib/python3.12/site-packages/airflow/example_dags/example_branch_python_dop_operator_3.py took 0.125 seconds
[2025-08-06T20:30:59.926+0000] {processor.py:186} INFO - Started process (PID=250) to work on /home/airflow/.local/lib/python3.12/site-packages/airflow/example_dags/example_branch_python_dop_operator_3.py
[2025-08-06T20:30:59.927+0000] {processor.py:914} INFO - Processing file /home/airflow/.local/lib/python3.12/site-packages/airflow/example_dags/example_branch_python_dop_operator_3.py for tasks to queue
[2025-08-06T20:30:59.929+0000] {logging_mixin.py:190} INFO - [2025-08-06T20:30:59.928+0000] {dagbag.py:588} INFO - Filling up the DagBag from /home/airflow/.local/lib/python3.12/site-packages/airflow/example_dags/example_branch_python_dop_operator_3.py
[2025-08-06T20:30:59.943+0000] {processor.py:925} INFO - DAG(s) 'example_branch_dop_operator_v3' retrieved from /home/airflow/.local/lib/python3.12/site-packages/airflow/example_dags/example_branch_python_dop_operator_3.py
[2025-08-06T20:30:59.968+0000] {logging_mixin.py:190} INFO - [2025-08-06T20:30:59.968+0000] {dag.py:3239} INFO - Sync 1 DAGs
[2025-08-06T20:31:00.006+0000] {logging_mixin.py:190} INFO - [2025-08-06T20:31:00.006+0000] {dag.py:4180} INFO - Setting next_dagrun for example_branch_dop_operator_v3 to 2025-08-06 20:29:00+00:00, run_after=2025-08-06 20:30:00+00:00
[2025-08-06T20:31:00.032+0000] {processor.py:208} INFO - Processing /home/airflow/.local/lib/python3.12/site-packages/airflow/example_dags/example_branch_python_dop_operator_3.py took 0.114 seconds
[2025-08-06T20:31:20.423+0000] {processor.py:186} INFO - Started process (PID=314) to work on /home/airflow/.local/lib/python3.12/site-packages/airflow/example_dags/example_branch_python_dop_operator_3.py
[2025-08-06T20:31:20.426+0000] {processor.py:914} INFO - Processing file /home/airflow/.local/lib/python3.12/site-packages/airflow/example_dags/example_branch_python_dop_operator_3.py for tasks to queue
[2025-08-06T20:31:20.429+0000] {logging_mixin.py:190} INFO - [2025-08-06T20:31:20.428+0000] {dagbag.py:588} INFO - Filling up the DagBag from /home/airflow/.local/lib/python3.12/site-packages/airflow/example_dags/example_branch_python_dop_operator_3.py
[2025-08-06T20:31:20.448+0000] {processor.py:925} INFO - DAG(s) 'example_branch_dop_operator_v3' retrieved from /home/airflow/.local/lib/python3.12/site-packages/airflow/example_dags/example_branch_python_dop_operator_3.py
[2025-08-06T20:31:20.480+0000] {logging_mixin.py:190} INFO - [2025-08-06T20:31:20.480+0000] {dag.py:3239} INFO - Sync 1 DAGs
[2025-08-06T20:31:20.514+0000] {logging_mixin.py:190} INFO - [2025-08-06T20:31:20.514+0000] {dag.py:4180} INFO - Setting next_dagrun for example_branch_dop_operator_v3 to 2025-08-06 20:30:00+00:00, run_after=2025-08-06 20:31:00+00:00
[2025-08-06T20:31:20.538+0000] {processor.py:208} INFO - Processing /home/airflow/.local/lib/python3.12/site-packages/airflow/example_dags/example_branch_python_dop_operator_3.py took 0.126 seconds
[2025-08-06T20:31:30.751+0000] {processor.py:186} INFO - Started process (PID=371) to work on /home/airflow/.local/lib/python3.12/site-packages/airflow/example_dags/example_branch_python_dop_operator_3.py
[2025-08-06T20:31:30.752+0000] {processor.py:914} INFO - Processing file /home/airflow/.local/lib/python3.12/site-packages/airflow/example_dags/example_branch_python_dop_operator_3.py for tasks to queue
[2025-08-06T20:31:30.753+0000] {logging_mixin.py:190} INFO - [2025-08-06T20:31:30.753+0000] {dagbag.py:588} INFO - Filling up the DagBag from /home/airflow/.local/lib/python3.12/site-packages/airflow/example_dags/example_branch_python_dop_operator_3.py
[2025-08-06T20:31:30.765+0000] {processor.py:925} INFO - DAG(s) 'example_branch_dop_operator_v3' retrieved from /home/airflow/.local/lib/python3.12/site-packages/airflow/example_dags/example_branch_python_dop_operator_3.py
[2025-08-06T20:31:30.790+0000] {logging_mixin.py:190} INFO - [2025-08-06T20:31:30.789+0000] {dag.py:3239} INFO - Sync 1 DAGs
[2025-08-06T20:31:30.840+0000] {logging_mixin.py:190} INFO - [2025-08-06T20:31:30.840+0000] {dag.py:4180} INFO - Setting next_dagrun for example_branch_dop_operator_v3 to 2025-08-06 20:30:00+00:00, run_after=2025-08-06 20:31:00+00:00
[2025-08-06T20:31:30.879+0000] {processor.py:208} INFO - Processing /home/airflow/.local/lib/python3.12/site-packages/airflow/example_dags/example_branch_python_dop_operator_3.py took 0.135 seconds
[2025-08-06T20:31:59.050+0000] {processor.py:186} INFO - Started process (PID=435) to work on /home/airflow/.local/lib/python3.12/site-packages/airflow/example_dags/example_branch_python_dop_operator_3.py
[2025-08-06T20:31:59.051+0000] {processor.py:914} INFO - Processing file /home/airflow/.local/lib/python3.12/site-packages/airflow/example_dags/example_branch_python_dop_operator_3.py for tasks to queue
[2025-08-06T20:31:59.053+0000] {logging_mixin.py:190} INFO - [2025-08-06T20:31:59.052+0000] {dagbag.py:588} INFO - Filling up the DagBag from /home/airflow/.local/lib/python3.12/site-packages/airflow/example_dags/example_branch_python_dop_operator_3.py
[2025-08-06T20:31:59.063+0000] {processor.py:925} INFO - DAG(s) 'example_branch_dop_operator_v3' retrieved from /home/airflow/.local/lib/python3.12/site-packages/airflow/example_dags/example_branch_python_dop_operator_3.py
[2025-08-06T20:31:59.082+0000] {logging_mixin.py:190} INFO - [2025-08-06T20:31:59.082+0000] {dag.py:3239} INFO - Sync 1 DAGs
[2025-08-06T20:31:59.110+0000] {logging_mixin.py:190} INFO - [2025-08-06T20:31:59.110+0000] {dag.py:4180} INFO - Setting next_dagrun for example_branch_dop_operator_v3 to 2025-08-06 20:30:00+00:00, run_after=2025-08-06 20:31:00+00:00
[2025-08-06T20:31:59.135+0000] {processor.py:208} INFO - Processing /home/airflow/.local/lib/python3.12/site-packages/airflow/example_dags/example_branch_python_dop_operator_3.py took 0.091 seconds
[2025-08-06T20:32:30.524+0000] {processor.py:186} INFO - Started process (PID=501) to work on /home/airflow/.local/lib/python3.12/site-packages/airflow/example_dags/example_branch_python_dop_operator_3.py
[2025-08-06T20:32:30.525+0000] {processor.py:914} INFO - Processing file /home/airflow/.local/lib/python3.12/site-packages/airflow/example_dags/example_branch_python_dop_operator_3.py for tasks to queue
[2025-08-06T20:32:30.527+0000] {logging_mixin.py:190} INFO - [2025-08-06T20:32:30.527+0000] {dagbag.py:588} INFO - Filling up the DagBag from /home/airflow/.local/lib/python3.12/site-packages/airflow/example_dags/example_branch_python_dop_operator_3.py
[2025-08-06T20:32:30.545+0000] {processor.py:925} INFO - DAG(s) 'example_branch_dop_operator_v3' retrieved from /home/airflow/.local/lib/python3.12/site-packages/airflow/example_dags/example_branch_python_dop_operator_3.py
[2025-08-06T20:32:30.572+0000] {logging_mixin.py:190} INFO - [2025-08-06T20:32:30.571+0000] {dag.py:3239} INFO - Sync 1 DAGs
[2025-08-06T20:32:30.610+0000] {logging_mixin.py:190} INFO - [2025-08-06T20:32:30.610+0000] {dag.py:4180} INFO - Setting next_dagrun for example_branch_dop_operator_v3 to 2025-08-06 20:31:00+00:00, run_after=2025-08-06 20:32:00+00:00
[2025-08-06T20:32:30.633+0000] {processor.py:208} INFO - Processing /home/airflow/.local/lib/python3.12/site-packages/airflow/example_dags/example_branch_python_dop_operator_3.py took 0.115 seconds
[2025-08-06T20:33:01.335+0000] {processor.py:186} INFO - Started process (PID=562) to work on /home/airflow/.local/lib/python3.12/site-packages/airflow/example_dags/example_branch_python_dop_operator_3.py
[2025-08-06T20:33:01.336+0000] {processor.py:914} INFO - Processing file /home/airflow/.local/lib/python3.12/site-packages/airflow/example_dags/example_branch_python_dop_operator_3.py for tasks to queue
[2025-08-06T20:33:01.338+0000] {logging_mixin.py:190} INFO - [2025-08-06T20:33:01.337+0000] {dagbag.py:588} INFO - Filling up the DagBag from /home/airflow/.local/lib/python3.12/site-packages/airflow/example_dags/example_branch_python_dop_operator_3.py
[2025-08-06T20:33:01.348+0000] {processor.py:925} INFO - DAG(s) 'example_branch_dop_operator_v3' retrieved from /home/airflow/.local/lib/python3.12/site-packages/airflow/example_dags/example_branch_python_dop_operator_3.py
[2025-08-06T20:33:01.369+0000] {logging_mixin.py:190} INFO - [2025-08-06T20:33:01.369+0000] {dag.py:3239} INFO - Sync 1 DAGs
[2025-08-06T20:33:01.396+0000] {logging_mixin.py:190} INFO - [2025-08-06T20:33:01.396+0000] {dag.py:4180} INFO - Setting next_dagrun for example_branch_dop_operator_v3 to 2025-08-06 20:32:00+00:00, run_after=2025-08-06 20:33:00+00:00
[2025-08-06T20:33:01.419+0000] {processor.py:208} INFO - Processing /home/airflow/.local/lib/python3.12/site-packages/airflow/example_dags/example_branch_python_dop_operator_3.py took 0.089 seconds
[2025-08-06T20:33:31.608+0000] {processor.py:186} INFO - Started process (PID=623) to work on /home/airflow/.local/lib/python3.12/site-packages/airflow/example_dags/example_branch_python_dop_operator_3.py
[2025-08-06T20:33:31.610+0000] {processor.py:914} INFO - Processing file /home/airflow/.local/lib/python3.12/site-packages/airflow/example_dags/example_branch_python_dop_operator_3.py for tasks to queue
[2025-08-06T20:33:31.611+0000] {logging_mixin.py:190} INFO - [2025-08-06T20:33:31.611+0000] {dagbag.py:588} INFO - Filling up the DagBag from /home/airflow/.local/lib/python3.12/site-packages/airflow/example_dags/example_branch_python_dop_operator_3.py
[2025-08-06T20:33:31.621+0000] {processor.py:925} INFO - DAG(s) 'example_branch_dop_operator_v3' retrieved from /home/airflow/.local/lib/python3.12/site-packages/airflow/example_dags/example_branch_python_dop_operator_3.py
[2025-08-06T20:33:31.645+0000] {logging_mixin.py:190} INFO - [2025-08-06T20:33:31.645+0000] {dag.py:3239} INFO - Sync 1 DAGs
[2025-08-06T20:33:31.681+0000] {logging_mixin.py:190} INFO - [2025-08-06T20:33:31.681+0000] {dag.py:4180} INFO - Setting next_dagrun for example_branch_dop_operator_v3 to 2025-08-06 20:32:00+00:00, run_after=2025-08-06 20:33:00+00:00
[2025-08-06T20:33:31.703+0000] {processor.py:208} INFO - Processing /home/airflow/.local/lib/python3.12/site-packages/airflow/example_dags/example_branch_python_dop_operator_3.py took 0.100 seconds
[2025-08-06T20:34:02.863+0000] {processor.py:186} INFO - Started process (PID=693) to work on /home/airflow/.local/lib/python3.12/site-packages/airflow/example_dags/example_branch_python_dop_operator_3.py
[2025-08-06T20:34:02.864+0000] {processor.py:914} INFO - Processing file /home/airflow/.local/lib/python3.12/site-packages/airflow/example_dags/example_branch_python_dop_operator_3.py for tasks to queue
[2025-08-06T20:34:02.866+0000] {logging_mixin.py:190} INFO - [2025-08-06T20:34:02.866+0000] {dagbag.py:588} INFO - Filling up the DagBag from /home/airflow/.local/lib/python3.12/site-packages/airflow/example_dags/example_branch_python_dop_operator_3.py
[2025-08-06T20:34:02.877+0000] {processor.py:925} INFO - DAG(s) 'example_branch_dop_operator_v3' retrieved from /home/airflow/.local/lib/python3.12/site-packages/airflow/example_dags/example_branch_python_dop_operator_3.py
[2025-08-06T20:34:02.900+0000] {logging_mixin.py:190} INFO - [2025-08-06T20:34:02.900+0000] {dag.py:3239} INFO - Sync 1 DAGs
[2025-08-06T20:34:02.932+0000] {logging_mixin.py:190} INFO - [2025-08-06T20:34:02.932+0000] {dag.py:4180} INFO - Setting next_dagrun for example_branch_dop_operator_v3 to 2025-08-06 20:33:00+00:00, run_after=2025-08-06 20:34:00+00:00
[2025-08-06T20:34:02.956+0000] {processor.py:208} INFO - Processing /home/airflow/.local/lib/python3.12/site-packages/airflow/example_dags/example_branch_python_dop_operator_3.py took 0.099 seconds
[2025-08-06T20:34:33.688+0000] {processor.py:186} INFO - Started process (PID=759) to work on /home/airflow/.local/lib/python3.12/site-packages/airflow/example_dags/example_branch_python_dop_operator_3.py
[2025-08-06T20:34:33.689+0000] {processor.py:914} INFO - Processing file /home/airflow/.local/lib/python3.12/site-packages/airflow/example_dags/example_branch_python_dop_operator_3.py for tasks to queue
[2025-08-06T20:34:33.690+0000] {logging_mixin.py:190} INFO - [2025-08-06T20:34:33.690+0000] {dagbag.py:588} INFO - Filling up the DagBag from /home/airflow/.local/lib/python3.12/site-packages/airflow/example_dags/example_branch_python_dop_operator_3.py
[2025-08-06T20:34:33.700+0000] {processor.py:925} INFO - DAG(s) 'example_branch_dop_operator_v3' retrieved from /home/airflow/.local/lib/python3.12/site-packages/airflow/example_dags/example_branch_python_dop_operator_3.py
[2025-08-06T20:34:33.721+0000] {logging_mixin.py:190} INFO - [2025-08-06T20:34:33.721+0000] {dag.py:3239} INFO - Sync 1 DAGs
[2025-08-06T20:34:33.752+0000] {logging_mixin.py:190} INFO - [2025-08-06T20:34:33.752+0000] {dag.py:4180} INFO - Setting next_dagrun for example_branch_dop_operator_v3 to 2025-08-06 20:33:00+00:00, run_after=2025-08-06 20:34:00+00:00
[2025-08-06T20:34:33.774+0000] {processor.py:208} INFO - Processing /home/airflow/.local/lib/python3.12/site-packages/airflow/example_dags/example_branch_python_dop_operator_3.py took 0.092 seconds
[2025-08-06T20:35:57.903+0000] {processor.py:186} INFO - Started process (PID=817) to work on /home/airflow/.local/lib/python3.12/site-packages/airflow/example_dags/example_branch_python_dop_operator_3.py
[2025-08-06T20:35:57.905+0000] {processor.py:914} INFO - Processing file /home/airflow/.local/lib/python3.12/site-packages/airflow/example_dags/example_branch_python_dop_operator_3.py for tasks to queue
[2025-08-06T20:35:57.913+0000] {logging_mixin.py:190} INFO - [2025-08-06T20:35:57.908+0000] {dagbag.py:588} INFO - Filling up the DagBag from /home/airflow/.local/lib/python3.12/site-packages/airflow/example_dags/example_branch_python_dop_operator_3.py
[2025-08-06T20:35:57.935+0000] {processor.py:925} INFO - DAG(s) 'example_branch_dop_operator_v3' retrieved from /home/airflow/.local/lib/python3.12/site-packages/airflow/example_dags/example_branch_python_dop_operator_3.py
[2025-08-06T20:35:57.961+0000] {logging_mixin.py:190} INFO - [2025-08-06T20:35:57.961+0000] {dag.py:3239} INFO - Sync 1 DAGs
[2025-08-06T20:35:58.008+0000] {logging_mixin.py:190} INFO - [2025-08-06T20:35:58.008+0000] {dag.py:4180} INFO - Setting next_dagrun for example_branch_dop_operator_v3 to 2025-08-06 20:34:00+00:00, run_after=2025-08-06 20:35:00+00:00
[2025-08-06T20:35:58.038+0000] {processor.py:208} INFO - Processing /home/airflow/.local/lib/python3.12/site-packages/airflow/example_dags/example_branch_python_dop_operator_3.py took 0.147 seconds
[2025-08-06T20:36:31.595+0000] {processor.py:186} INFO - Started process (PID=895) to work on /home/airflow/.local/lib/python3.12/site-packages/airflow/example_dags/example_branch_python_dop_operator_3.py
[2025-08-06T20:36:31.597+0000] {processor.py:914} INFO - Processing file /home/airflow/.local/lib/python3.12/site-packages/airflow/example_dags/example_branch_python_dop_operator_3.py for tasks to queue
[2025-08-06T20:36:31.599+0000] {logging_mixin.py:190} INFO - [2025-08-06T20:36:31.598+0000] {dagbag.py:588} INFO - Filling up the DagBag from /home/airflow/.local/lib/python3.12/site-packages/airflow/example_dags/example_branch_python_dop_operator_3.py
[2025-08-06T20:36:31.613+0000] {processor.py:925} INFO - DAG(s) 'example_branch_dop_operator_v3' retrieved from /home/airflow/.local/lib/python3.12/site-packages/airflow/example_dags/example_branch_python_dop_operator_3.py
[2025-08-06T20:36:31.636+0000] {logging_mixin.py:190} INFO - [2025-08-06T20:36:31.636+0000] {dag.py:3239} INFO - Sync 1 DAGs
[2025-08-06T20:36:31.673+0000] {logging_mixin.py:190} INFO - [2025-08-06T20:36:31.673+0000] {dag.py:4180} INFO - Setting next_dagrun for example_branch_dop_operator_v3 to 2025-08-06 20:35:00+00:00, run_after=2025-08-06 20:36:00+00:00
[2025-08-06T20:36:31.695+0000] {processor.py:208} INFO - Processing /home/airflow/.local/lib/python3.12/site-packages/airflow/example_dags/example_branch_python_dop_operator_3.py took 0.108 seconds
[2025-08-06T20:36:50.529+0000] {processor.py:186} INFO - Started process (PID=957) to work on /home/airflow/.local/lib/python3.12/site-packages/airflow/example_dags/example_branch_python_dop_operator_3.py
[2025-08-06T20:36:50.530+0000] {processor.py:914} INFO - Processing file /home/airflow/.local/lib/python3.12/site-packages/airflow/example_dags/example_branch_python_dop_operator_3.py for tasks to queue
[2025-08-06T20:36:50.532+0000] {logging_mixin.py:190} INFO - [2025-08-06T20:36:50.531+0000] {dagbag.py:588} INFO - Filling up the DagBag from /home/airflow/.local/lib/python3.12/site-packages/airflow/example_dags/example_branch_python_dop_operator_3.py
[2025-08-06T20:36:50.544+0000] {processor.py:925} INFO - DAG(s) 'example_branch_dop_operator_v3' retrieved from /home/airflow/.local/lib/python3.12/site-packages/airflow/example_dags/example_branch_python_dop_operator_3.py
[2025-08-06T20:36:50.567+0000] {logging_mixin.py:190} INFO - [2025-08-06T20:36:50.567+0000] {dag.py:3239} INFO - Sync 1 DAGs
[2025-08-06T20:38:02.811+0000] {logging_mixin.py:190} INFO - [2025-08-06T20:38:02.811+0000] {dag.py:4180} INFO - Setting next_dagrun for example_branch_dop_operator_v3 to 2025-08-06 20:35:00+00:00, run_after=2025-08-06 20:36:00+00:00
[2025-08-06T20:38:02.839+0000] {processor.py:208} INFO - Processing /home/airflow/.local/lib/python3.12/site-packages/airflow/example_dags/example_branch_python_dop_operator_3.py took 0.108 seconds
