[2025-08-06T20:30:18.719+0000] {processor.py:186} INFO - Started process (PID=125) to work on /home/airflow/.local/lib/python3.12/site-packages/airflow/example_dags/example_time_delta_sensor_async.py
[2025-08-06T20:30:18.721+0000] {processor.py:914} INFO - Processing file /home/airflow/.local/lib/python3.12/site-packages/airflow/example_dags/example_time_delta_sensor_async.py for tasks to queue
[2025-08-06T20:30:18.723+0000] {logging_mixin.py:190} INFO - [2025-08-06T20:30:18.723+0000] {dagbag.py:588} INFO - Filling up the DagBag from /home/airflow/.local/lib/python3.12/site-packages/airflow/example_dags/example_time_delta_sensor_async.py
[2025-08-06T20:30:18.738+0000] {processor.py:925} INFO - DAG(s) 'example_time_delta_sensor_async' retrieved from /home/airflow/.local/lib/python3.12/site-packages/airflow/example_dags/example_time_delta_sensor_async.py
[2025-08-06T20:30:18.775+0000] {logging_mixin.py:190} INFO - [2025-08-06T20:30:18.775+0000] {dag.py:3239} INFO - Sync 1 DAGs
[2025-08-06T20:30:18.809+0000] {logging_mixin.py:190} INFO - [2025-08-06T20:30:18.809+0000] {dag.py:4180} INFO - Setting next_dagrun for example_time_delta_sensor_async to None, run_after=None
[2025-08-06T20:30:18.849+0000] {processor.py:208} INFO - Processing /home/airflow/.local/lib/python3.12/site-packages/airflow/example_dags/example_time_delta_sensor_async.py took 0.141 seconds
[2025-08-06T20:30:35.917+0000] {processor.py:186} INFO - Started process (PID=194) to work on /home/airflow/.local/lib/python3.12/site-packages/airflow/example_dags/example_time_delta_sensor_async.py
[2025-08-06T20:30:35.918+0000] {processor.py:914} INFO - Processing file /home/airflow/.local/lib/python3.12/site-packages/airflow/example_dags/example_time_delta_sensor_async.py for tasks to queue
[2025-08-06T20:30:35.920+0000] {logging_mixin.py:190} INFO - [2025-08-06T20:30:35.920+0000] {dagbag.py:588} INFO - Filling up the DagBag from /home/airflow/.local/lib/python3.12/site-packages/airflow/example_dags/example_time_delta_sensor_async.py
[2025-08-06T20:30:35.927+0000] {processor.py:925} INFO - DAG(s) 'example_time_delta_sensor_async' retrieved from /home/airflow/.local/lib/python3.12/site-packages/airflow/example_dags/example_time_delta_sensor_async.py
[2025-08-06T20:30:35.949+0000] {logging_mixin.py:190} INFO - [2025-08-06T20:30:35.949+0000] {dag.py:3239} INFO - Sync 1 DAGs
[2025-08-06T20:30:35.969+0000] {logging_mixin.py:190} INFO - [2025-08-06T20:30:35.969+0000] {dag.py:4180} INFO - Setting next_dagrun for example_time_delta_sensor_async to None, run_after=None
[2025-08-06T20:30:35.999+0000] {processor.py:208} INFO - Processing /home/airflow/.local/lib/python3.12/site-packages/airflow/example_dags/example_time_delta_sensor_async.py took 0.089 seconds
[2025-08-06T20:30:59.933+0000] {processor.py:186} INFO - Started process (PID=251) to work on /home/airflow/.local/lib/python3.12/site-packages/airflow/example_dags/example_time_delta_sensor_async.py
[2025-08-06T20:30:59.935+0000] {processor.py:914} INFO - Processing file /home/airflow/.local/lib/python3.12/site-packages/airflow/example_dags/example_time_delta_sensor_async.py for tasks to queue
[2025-08-06T20:30:59.936+0000] {logging_mixin.py:190} INFO - [2025-08-06T20:30:59.936+0000] {dagbag.py:588} INFO - Filling up the DagBag from /home/airflow/.local/lib/python3.12/site-packages/airflow/example_dags/example_time_delta_sensor_async.py
[2025-08-06T20:30:59.945+0000] {processor.py:925} INFO - DAG(s) 'example_time_delta_sensor_async' retrieved from /home/airflow/.local/lib/python3.12/site-packages/airflow/example_dags/example_time_delta_sensor_async.py
[2025-08-06T20:30:59.970+0000] {logging_mixin.py:190} INFO - [2025-08-06T20:30:59.969+0000] {dag.py:3239} INFO - Sync 1 DAGs
[2025-08-06T20:30:59.989+0000] {logging_mixin.py:190} INFO - [2025-08-06T20:30:59.989+0000] {dag.py:4180} INFO - Setting next_dagrun for example_time_delta_sensor_async to None, run_after=None
[2025-08-06T20:31:00.017+0000] {processor.py:208} INFO - Processing /home/airflow/.local/lib/python3.12/site-packages/airflow/example_dags/example_time_delta_sensor_async.py took 0.090 seconds
[2025-08-06T20:31:20.507+0000] {processor.py:186} INFO - Started process (PID=315) to work on /home/airflow/.local/lib/python3.12/site-packages/airflow/example_dags/example_time_delta_sensor_async.py
[2025-08-06T20:31:20.508+0000] {processor.py:914} INFO - Processing file /home/airflow/.local/lib/python3.12/site-packages/airflow/example_dags/example_time_delta_sensor_async.py for tasks to queue
[2025-08-06T20:31:20.510+0000] {logging_mixin.py:190} INFO - [2025-08-06T20:31:20.509+0000] {dagbag.py:588} INFO - Filling up the DagBag from /home/airflow/.local/lib/python3.12/site-packages/airflow/example_dags/example_time_delta_sensor_async.py
[2025-08-06T20:31:20.517+0000] {processor.py:925} INFO - DAG(s) 'example_time_delta_sensor_async' retrieved from /home/airflow/.local/lib/python3.12/site-packages/airflow/example_dags/example_time_delta_sensor_async.py
[2025-08-06T20:31:20.538+0000] {logging_mixin.py:190} INFO - [2025-08-06T20:31:20.538+0000] {dag.py:3239} INFO - Sync 1 DAGs
[2025-08-06T20:31:20.557+0000] {logging_mixin.py:190} INFO - [2025-08-06T20:31:20.556+0000] {dag.py:4180} INFO - Setting next_dagrun for example_time_delta_sensor_async to None, run_after=None
[2025-08-06T20:31:20.580+0000] {processor.py:208} INFO - Processing /home/airflow/.local/lib/python3.12/site-packages/airflow/example_dags/example_time_delta_sensor_async.py took 0.078 seconds
[2025-08-06T20:31:30.782+0000] {processor.py:186} INFO - Started process (PID=372) to work on /home/airflow/.local/lib/python3.12/site-packages/airflow/example_dags/example_time_delta_sensor_async.py
[2025-08-06T20:31:30.783+0000] {processor.py:914} INFO - Processing file /home/airflow/.local/lib/python3.12/site-packages/airflow/example_dags/example_time_delta_sensor_async.py for tasks to queue
[2025-08-06T20:31:30.784+0000] {logging_mixin.py:190} INFO - [2025-08-06T20:31:30.784+0000] {dagbag.py:588} INFO - Filling up the DagBag from /home/airflow/.local/lib/python3.12/site-packages/airflow/example_dags/example_time_delta_sensor_async.py
[2025-08-06T20:31:30.796+0000] {processor.py:925} INFO - DAG(s) 'example_time_delta_sensor_async' retrieved from /home/airflow/.local/lib/python3.12/site-packages/airflow/example_dags/example_time_delta_sensor_async.py
[2025-08-06T20:31:30.830+0000] {logging_mixin.py:190} INFO - [2025-08-06T20:31:30.830+0000] {dag.py:3239} INFO - Sync 1 DAGs
[2025-08-06T20:31:30.859+0000] {logging_mixin.py:190} INFO - [2025-08-06T20:31:30.858+0000] {dag.py:4180} INFO - Setting next_dagrun for example_time_delta_sensor_async to None, run_after=None
[2025-08-06T20:31:30.895+0000] {processor.py:208} INFO - Processing /home/airflow/.local/lib/python3.12/site-packages/airflow/example_dags/example_time_delta_sensor_async.py took 0.119 seconds
[2025-08-06T20:31:59.077+0000] {processor.py:186} INFO - Started process (PID=436) to work on /home/airflow/.local/lib/python3.12/site-packages/airflow/example_dags/example_time_delta_sensor_async.py
[2025-08-06T20:31:59.078+0000] {processor.py:914} INFO - Processing file /home/airflow/.local/lib/python3.12/site-packages/airflow/example_dags/example_time_delta_sensor_async.py for tasks to queue
[2025-08-06T20:31:59.080+0000] {logging_mixin.py:190} INFO - [2025-08-06T20:31:59.080+0000] {dagbag.py:588} INFO - Filling up the DagBag from /home/airflow/.local/lib/python3.12/site-packages/airflow/example_dags/example_time_delta_sensor_async.py
[2025-08-06T20:31:59.086+0000] {processor.py:925} INFO - DAG(s) 'example_time_delta_sensor_async' retrieved from /home/airflow/.local/lib/python3.12/site-packages/airflow/example_dags/example_time_delta_sensor_async.py
[2025-08-06T20:31:59.107+0000] {logging_mixin.py:190} INFO - [2025-08-06T20:31:59.107+0000] {dag.py:3239} INFO - Sync 1 DAGs
[2025-08-06T20:31:59.124+0000] {logging_mixin.py:190} INFO - [2025-08-06T20:31:59.124+0000] {dag.py:4180} INFO - Setting next_dagrun for example_time_delta_sensor_async to None, run_after=None
[2025-08-06T20:31:59.147+0000] {processor.py:208} INFO - Processing /home/airflow/.local/lib/python3.12/site-packages/airflow/example_dags/example_time_delta_sensor_async.py took 0.075 seconds
[2025-08-06T20:32:30.668+0000] {processor.py:186} INFO - Started process (PID=502) to work on /home/airflow/.local/lib/python3.12/site-packages/airflow/example_dags/example_time_delta_sensor_async.py
[2025-08-06T20:32:30.669+0000] {processor.py:914} INFO - Processing file /home/airflow/.local/lib/python3.12/site-packages/airflow/example_dags/example_time_delta_sensor_async.py for tasks to queue
[2025-08-06T20:32:30.670+0000] {logging_mixin.py:190} INFO - [2025-08-06T20:32:30.670+0000] {dagbag.py:588} INFO - Filling up the DagBag from /home/airflow/.local/lib/python3.12/site-packages/airflow/example_dags/example_time_delta_sensor_async.py
[2025-08-06T20:32:30.677+0000] {processor.py:925} INFO - DAG(s) 'example_time_delta_sensor_async' retrieved from /home/airflow/.local/lib/python3.12/site-packages/airflow/example_dags/example_time_delta_sensor_async.py
[2025-08-06T20:32:30.698+0000] {logging_mixin.py:190} INFO - [2025-08-06T20:32:30.698+0000] {dag.py:3239} INFO - Sync 1 DAGs
[2025-08-06T20:32:30.713+0000] {logging_mixin.py:190} INFO - [2025-08-06T20:32:30.713+0000] {dag.py:4180} INFO - Setting next_dagrun for example_time_delta_sensor_async to None, run_after=None
[2025-08-06T20:32:30.734+0000] {processor.py:208} INFO - Processing /home/airflow/.local/lib/python3.12/site-packages/airflow/example_dags/example_time_delta_sensor_async.py took 0.071 seconds
[2025-08-06T20:33:01.464+0000] {processor.py:186} INFO - Started process (PID=563) to work on /home/airflow/.local/lib/python3.12/site-packages/airflow/example_dags/example_time_delta_sensor_async.py
[2025-08-06T20:33:01.465+0000] {processor.py:914} INFO - Processing file /home/airflow/.local/lib/python3.12/site-packages/airflow/example_dags/example_time_delta_sensor_async.py for tasks to queue
[2025-08-06T20:33:01.467+0000] {logging_mixin.py:190} INFO - [2025-08-06T20:33:01.467+0000] {dagbag.py:588} INFO - Filling up the DagBag from /home/airflow/.local/lib/python3.12/site-packages/airflow/example_dags/example_time_delta_sensor_async.py
[2025-08-06T20:33:01.473+0000] {processor.py:925} INFO - DAG(s) 'example_time_delta_sensor_async' retrieved from /home/airflow/.local/lib/python3.12/site-packages/airflow/example_dags/example_time_delta_sensor_async.py
[2025-08-06T20:33:01.495+0000] {logging_mixin.py:190} INFO - [2025-08-06T20:33:01.495+0000] {dag.py:3239} INFO - Sync 1 DAGs
[2025-08-06T20:33:01.514+0000] {logging_mixin.py:190} INFO - [2025-08-06T20:33:01.513+0000] {dag.py:4180} INFO - Setting next_dagrun for example_time_delta_sensor_async to None, run_after=None
[2025-08-06T20:33:01.539+0000] {processor.py:208} INFO - Processing /home/airflow/.local/lib/python3.12/site-packages/airflow/example_dags/example_time_delta_sensor_async.py took 0.081 seconds
[2025-08-06T20:33:31.684+0000] {processor.py:186} INFO - Started process (PID=624) to work on /home/airflow/.local/lib/python3.12/site-packages/airflow/example_dags/example_time_delta_sensor_async.py
[2025-08-06T20:33:31.685+0000] {processor.py:914} INFO - Processing file /home/airflow/.local/lib/python3.12/site-packages/airflow/example_dags/example_time_delta_sensor_async.py for tasks to queue
[2025-08-06T20:33:31.687+0000] {logging_mixin.py:190} INFO - [2025-08-06T20:33:31.687+0000] {dagbag.py:588} INFO - Filling up the DagBag from /home/airflow/.local/lib/python3.12/site-packages/airflow/example_dags/example_time_delta_sensor_async.py
[2025-08-06T20:33:31.696+0000] {processor.py:925} INFO - DAG(s) 'example_time_delta_sensor_async' retrieved from /home/airflow/.local/lib/python3.12/site-packages/airflow/example_dags/example_time_delta_sensor_async.py
[2025-08-06T20:33:31.714+0000] {logging_mixin.py:190} INFO - [2025-08-06T20:33:31.714+0000] {dag.py:3239} INFO - Sync 1 DAGs
[2025-08-06T20:33:31.730+0000] {logging_mixin.py:190} INFO - [2025-08-06T20:33:31.730+0000] {dag.py:4180} INFO - Setting next_dagrun for example_time_delta_sensor_async to None, run_after=None
[2025-08-06T20:33:31.751+0000] {processor.py:208} INFO - Processing /home/airflow/.local/lib/python3.12/site-packages/airflow/example_dags/example_time_delta_sensor_async.py took 0.072 seconds
[2025-08-06T20:34:02.940+0000] {processor.py:186} INFO - Started process (PID=694) to work on /home/airflow/.local/lib/python3.12/site-packages/airflow/example_dags/example_time_delta_sensor_async.py
[2025-08-06T20:34:02.941+0000] {processor.py:914} INFO - Processing file /home/airflow/.local/lib/python3.12/site-packages/airflow/example_dags/example_time_delta_sensor_async.py for tasks to queue
[2025-08-06T20:34:02.942+0000] {logging_mixin.py:190} INFO - [2025-08-06T20:34:02.942+0000] {dagbag.py:588} INFO - Filling up the DagBag from /home/airflow/.local/lib/python3.12/site-packages/airflow/example_dags/example_time_delta_sensor_async.py
[2025-08-06T20:34:02.950+0000] {processor.py:925} INFO - DAG(s) 'example_time_delta_sensor_async' retrieved from /home/airflow/.local/lib/python3.12/site-packages/airflow/example_dags/example_time_delta_sensor_async.py
[2025-08-06T20:34:02.971+0000] {logging_mixin.py:190} INFO - [2025-08-06T20:34:02.971+0000] {dag.py:3239} INFO - Sync 1 DAGs
[2025-08-06T20:34:02.987+0000] {logging_mixin.py:190} INFO - [2025-08-06T20:34:02.987+0000] {dag.py:4180} INFO - Setting next_dagrun for example_time_delta_sensor_async to None, run_after=None
[2025-08-06T20:34:03.008+0000] {processor.py:208} INFO - Processing /home/airflow/.local/lib/python3.12/site-packages/airflow/example_dags/example_time_delta_sensor_async.py took 0.074 seconds
[2025-08-06T20:34:33.697+0000] {processor.py:186} INFO - Started process (PID=760) to work on /home/airflow/.local/lib/python3.12/site-packages/airflow/example_dags/example_time_delta_sensor_async.py
[2025-08-06T20:34:33.698+0000] {processor.py:914} INFO - Processing file /home/airflow/.local/lib/python3.12/site-packages/airflow/example_dags/example_time_delta_sensor_async.py for tasks to queue
[2025-08-06T20:34:33.699+0000] {logging_mixin.py:190} INFO - [2025-08-06T20:34:33.699+0000] {dagbag.py:588} INFO - Filling up the DagBag from /home/airflow/.local/lib/python3.12/site-packages/airflow/example_dags/example_time_delta_sensor_async.py
[2025-08-06T20:34:33.706+0000] {processor.py:925} INFO - DAG(s) 'example_time_delta_sensor_async' retrieved from /home/airflow/.local/lib/python3.12/site-packages/airflow/example_dags/example_time_delta_sensor_async.py
[2025-08-06T20:34:33.726+0000] {logging_mixin.py:190} INFO - [2025-08-06T20:34:33.726+0000] {dag.py:3239} INFO - Sync 1 DAGs
[2025-08-06T20:34:33.743+0000] {logging_mixin.py:190} INFO - [2025-08-06T20:34:33.743+0000] {dag.py:4180} INFO - Setting next_dagrun for example_time_delta_sensor_async to None, run_after=None
[2025-08-06T20:34:33.767+0000] {processor.py:208} INFO - Processing /home/airflow/.local/lib/python3.12/site-packages/airflow/example_dags/example_time_delta_sensor_async.py took 0.075 seconds
[2025-08-06T20:35:57.980+0000] {processor.py:186} INFO - Started process (PID=818) to work on /home/airflow/.local/lib/python3.12/site-packages/airflow/example_dags/example_time_delta_sensor_async.py
[2025-08-06T20:35:57.981+0000] {processor.py:914} INFO - Processing file /home/airflow/.local/lib/python3.12/site-packages/airflow/example_dags/example_time_delta_sensor_async.py for tasks to queue
[2025-08-06T20:35:57.983+0000] {logging_mixin.py:190} INFO - [2025-08-06T20:35:57.983+0000] {dagbag.py:588} INFO - Filling up the DagBag from /home/airflow/.local/lib/python3.12/site-packages/airflow/example_dags/example_time_delta_sensor_async.py
[2025-08-06T20:35:57.992+0000] {processor.py:925} INFO - DAG(s) 'example_time_delta_sensor_async' retrieved from /home/airflow/.local/lib/python3.12/site-packages/airflow/example_dags/example_time_delta_sensor_async.py
[2025-08-06T20:35:58.018+0000] {logging_mixin.py:190} INFO - [2025-08-06T20:35:58.018+0000] {dag.py:3239} INFO - Sync 1 DAGs
[2025-08-06T20:35:58.040+0000] {logging_mixin.py:190} INFO - [2025-08-06T20:35:58.039+0000] {dag.py:4180} INFO - Setting next_dagrun for example_time_delta_sensor_async to None, run_after=None
[2025-08-06T20:35:58.070+0000] {processor.py:208} INFO - Processing /home/airflow/.local/lib/python3.12/site-packages/airflow/example_dags/example_time_delta_sensor_async.py took 0.099 seconds
[2025-08-06T20:36:31.644+0000] {processor.py:186} INFO - Started process (PID=896) to work on /home/airflow/.local/lib/python3.12/site-packages/airflow/example_dags/example_time_delta_sensor_async.py
[2025-08-06T20:36:31.646+0000] {processor.py:914} INFO - Processing file /home/airflow/.local/lib/python3.12/site-packages/airflow/example_dags/example_time_delta_sensor_async.py for tasks to queue
[2025-08-06T20:36:31.648+0000] {logging_mixin.py:190} INFO - [2025-08-06T20:36:31.647+0000] {dagbag.py:588} INFO - Filling up the DagBag from /home/airflow/.local/lib/python3.12/site-packages/airflow/example_dags/example_time_delta_sensor_async.py
[2025-08-06T20:36:31.655+0000] {processor.py:925} INFO - DAG(s) 'example_time_delta_sensor_async' retrieved from /home/airflow/.local/lib/python3.12/site-packages/airflow/example_dags/example_time_delta_sensor_async.py
[2025-08-06T20:36:31.676+0000] {logging_mixin.py:190} INFO - [2025-08-06T20:36:31.676+0000] {dag.py:3239} INFO - Sync 1 DAGs
[2025-08-06T20:36:31.692+0000] {logging_mixin.py:190} INFO - [2025-08-06T20:36:31.692+0000] {dag.py:4180} INFO - Setting next_dagrun for example_time_delta_sensor_async to None, run_after=None
[2025-08-06T20:36:31.714+0000] {processor.py:208} INFO - Processing /home/airflow/.local/lib/python3.12/site-packages/airflow/example_dags/example_time_delta_sensor_async.py took 0.076 seconds
[2025-08-06T20:38:02.834+0000] {processor.py:186} INFO - Started process (PID=958) to work on /home/airflow/.local/lib/python3.12/site-packages/airflow/example_dags/example_time_delta_sensor_async.py
[2025-08-06T20:38:02.835+0000] {processor.py:914} INFO - Processing file /home/airflow/.local/lib/python3.12/site-packages/airflow/example_dags/example_time_delta_sensor_async.py for tasks to queue
[2025-08-06T20:38:02.837+0000] {logging_mixin.py:190} INFO - [2025-08-06T20:38:02.836+0000] {dagbag.py:588} INFO - Filling up the DagBag from /home/airflow/.local/lib/python3.12/site-packages/airflow/example_dags/example_time_delta_sensor_async.py
[2025-08-06T20:38:02.845+0000] {processor.py:925} INFO - DAG(s) 'example_time_delta_sensor_async' retrieved from /home/airflow/.local/lib/python3.12/site-packages/airflow/example_dags/example_time_delta_sensor_async.py
[2025-08-06T20:38:02.868+0000] {logging_mixin.py:190} INFO - [2025-08-06T20:38:02.868+0000] {dag.py:3239} INFO - Sync 1 DAGs
[2025-08-06T20:36:50.263+0000] {logging_mixin.py:190} INFO - [2025-08-06T20:36:50.262+0000] {dag.py:4180} INFO - Setting next_dagrun for example_time_delta_sensor_async to None, run_after=None
[2025-08-06T20:36:50.286+0000] {processor.py:208} INFO - Processing /home/airflow/.local/lib/python3.12/site-packages/airflow/example_dags/example_time_delta_sensor_async.py took 0.087 seconds
