[2025-08-06T20:30:07.791+0000] {processor.py:186} INFO - Started process (PID=96) to work on /home/airflow/.local/lib/python3.12/site-packages/airflow/example_dags/example_datasets.py
[2025-08-06T20:30:07.797+0000] {processor.py:914} INFO - Processing file /home/airflow/.local/lib/python3.12/site-packages/airflow/example_dags/example_datasets.py for tasks to queue
[2025-08-06T20:30:07.800+0000] {logging_mixin.py:190} INFO - [2025-08-06T20:30:07.799+0000] {dagbag.py:588} INFO - Filling up the DagBag from /home/airflow/.local/lib/python3.12/site-packages/airflow/example_dags/example_datasets.py
[2025-08-06T20:30:09.757+0000] {processor.py:925} INFO - DAG(s) 'dataset_consumes_1_never_scheduled', 'dataset_produces_2', 'consume_1_and_2_with_dataset_expressions', 'dataset_consumes_1_and_2', 'dataset_consumes_1', 'conditional_dataset_and_time_based_timetable', 'dataset_consumes_unknown_never_scheduled', 'consume_1_or_2_with_dataset_expressions', 'consume_1_or_both_2_and_3_with_dataset_expressions', 'dataset_produces_1' retrieved from /home/airflow/.local/lib/python3.12/site-packages/airflow/example_dags/example_datasets.py
[2025-08-06T20:30:10.755+0000] {logging_mixin.py:190} INFO - [2025-08-06T20:30:10.755+0000] {dag.py:3239} INFO - Sync 10 DAGs
[2025-08-06T20:30:10.851+0000] {logging_mixin.py:190} INFO - [2025-08-06T20:30:10.850+0000] {dag.py:4180} INFO - Setting next_dagrun for conditional_dataset_and_time_based_timetable to 2025-08-06 01:00:00+00:00, run_after=2025-08-06 01:00:00+00:00
[2025-08-06T20:30:10.860+0000] {logging_mixin.py:190} INFO - [2025-08-06T20:30:10.859+0000] {dag.py:4180} INFO - Setting next_dagrun for consume_1_and_2_with_dataset_expressions to None, run_after=None
[2025-08-06T20:30:10.864+0000] {logging_mixin.py:190} INFO - [2025-08-06T20:30:10.864+0000] {dag.py:4180} INFO - Setting next_dagrun for consume_1_or_2_with_dataset_expressions to None, run_after=None
[2025-08-06T20:30:10.868+0000] {logging_mixin.py:190} INFO - [2025-08-06T20:30:10.867+0000] {dag.py:4180} INFO - Setting next_dagrun for consume_1_or_both_2_and_3_with_dataset_expressions to None, run_after=None
[2025-08-06T20:30:10.873+0000] {logging_mixin.py:190} INFO - [2025-08-06T20:30:10.872+0000] {dag.py:4180} INFO - Setting next_dagrun for dataset_consumes_1 to None, run_after=None
[2025-08-06T20:30:10.876+0000] {logging_mixin.py:190} INFO - [2025-08-06T20:30:10.876+0000] {dag.py:4180} INFO - Setting next_dagrun for dataset_consumes_1_and_2 to None, run_after=None
[2025-08-06T20:30:10.880+0000] {logging_mixin.py:190} INFO - [2025-08-06T20:30:10.880+0000] {dag.py:4180} INFO - Setting next_dagrun for dataset_consumes_1_never_scheduled to None, run_after=None
[2025-08-06T20:30:10.885+0000] {logging_mixin.py:190} INFO - [2025-08-06T20:30:10.884+0000] {dag.py:4180} INFO - Setting next_dagrun for dataset_consumes_unknown_never_scheduled to None, run_after=None
[2025-08-06T20:30:10.904+0000] {logging_mixin.py:190} INFO - [2025-08-06T20:30:10.903+0000] {dag.py:4180} INFO - Setting next_dagrun for dataset_produces_1 to 2025-08-05 00:00:00+00:00, run_after=2025-08-06 00:00:00+00:00
[2025-08-06T20:30:10.909+0000] {logging_mixin.py:190} INFO - [2025-08-06T20:30:10.909+0000] {dag.py:4180} INFO - Setting next_dagrun for dataset_produces_2 to None, run_after=None
[2025-08-06T20:30:11.044+0000] {processor.py:208} INFO - Processing /home/airflow/.local/lib/python3.12/site-packages/airflow/example_dags/example_datasets.py took 3.695 seconds
[2025-08-06T20:30:32.089+0000] {processor.py:186} INFO - Started process (PID=159) to work on /home/airflow/.local/lib/python3.12/site-packages/airflow/example_dags/example_datasets.py
[2025-08-06T20:30:32.091+0000] {processor.py:914} INFO - Processing file /home/airflow/.local/lib/python3.12/site-packages/airflow/example_dags/example_datasets.py for tasks to queue
[2025-08-06T20:30:32.095+0000] {logging_mixin.py:190} INFO - [2025-08-06T20:30:32.094+0000] {dagbag.py:588} INFO - Filling up the DagBag from /home/airflow/.local/lib/python3.12/site-packages/airflow/example_dags/example_datasets.py
[2025-08-06T20:30:32.913+0000] {processor.py:925} INFO - DAG(s) 'dataset_produces_2', 'conditional_dataset_and_time_based_timetable', 'dataset_produces_1', 'consume_1_or_2_with_dataset_expressions', 'dataset_consumes_unknown_never_scheduled', 'dataset_consumes_1_never_scheduled', 'dataset_consumes_1_and_2', 'dataset_consumes_1', 'consume_1_and_2_with_dataset_expressions', 'consume_1_or_both_2_and_3_with_dataset_expressions' retrieved from /home/airflow/.local/lib/python3.12/site-packages/airflow/example_dags/example_datasets.py
[2025-08-06T20:30:32.955+0000] {logging_mixin.py:190} INFO - [2025-08-06T20:30:32.955+0000] {dag.py:3239} INFO - Sync 10 DAGs
[2025-08-06T20:30:33.030+0000] {logging_mixin.py:190} INFO - [2025-08-06T20:30:33.030+0000] {dag.py:4180} INFO - Setting next_dagrun for conditional_dataset_and_time_based_timetable to 2025-08-06 01:00:00+00:00, run_after=2025-08-06 01:00:00+00:00
[2025-08-06T20:30:33.037+0000] {logging_mixin.py:190} INFO - [2025-08-06T20:30:33.036+0000] {dag.py:4180} INFO - Setting next_dagrun for consume_1_and_2_with_dataset_expressions to None, run_after=None
[2025-08-06T20:30:33.040+0000] {logging_mixin.py:190} INFO - [2025-08-06T20:30:33.040+0000] {dag.py:4180} INFO - Setting next_dagrun for consume_1_or_2_with_dataset_expressions to None, run_after=None
[2025-08-06T20:30:33.043+0000] {logging_mixin.py:190} INFO - [2025-08-06T20:30:33.042+0000] {dag.py:4180} INFO - Setting next_dagrun for consume_1_or_both_2_and_3_with_dataset_expressions to None, run_after=None
[2025-08-06T20:30:33.046+0000] {logging_mixin.py:190} INFO - [2025-08-06T20:30:33.045+0000] {dag.py:4180} INFO - Setting next_dagrun for dataset_consumes_1 to None, run_after=None
[2025-08-06T20:30:33.050+0000] {logging_mixin.py:190} INFO - [2025-08-06T20:30:33.050+0000] {dag.py:4180} INFO - Setting next_dagrun for dataset_consumes_1_and_2 to None, run_after=None
[2025-08-06T20:30:33.053+0000] {logging_mixin.py:190} INFO - [2025-08-06T20:30:33.052+0000] {dag.py:4180} INFO - Setting next_dagrun for dataset_consumes_1_never_scheduled to None, run_after=None
[2025-08-06T20:30:33.055+0000] {logging_mixin.py:190} INFO - [2025-08-06T20:30:33.055+0000] {dag.py:4180} INFO - Setting next_dagrun for dataset_consumes_unknown_never_scheduled to None, run_after=None
[2025-08-06T20:30:33.060+0000] {logging_mixin.py:190} INFO - [2025-08-06T20:30:33.059+0000] {dag.py:4180} INFO - Setting next_dagrun for dataset_produces_1 to 2025-08-05 00:00:00+00:00, run_after=2025-08-06 00:00:00+00:00
[2025-08-06T20:30:33.062+0000] {logging_mixin.py:190} INFO - [2025-08-06T20:30:33.062+0000] {dag.py:4180} INFO - Setting next_dagrun for dataset_produces_2 to None, run_after=None
[2025-08-06T20:30:33.109+0000] {processor.py:208} INFO - Processing /home/airflow/.local/lib/python3.12/site-packages/airflow/example_dags/example_datasets.py took 1.037 seconds
[2025-08-06T20:30:56.900+0000] {processor.py:186} INFO - Started process (PID=224) to work on /home/airflow/.local/lib/python3.12/site-packages/airflow/example_dags/example_datasets.py
[2025-08-06T20:30:56.901+0000] {processor.py:914} INFO - Processing file /home/airflow/.local/lib/python3.12/site-packages/airflow/example_dags/example_datasets.py for tasks to queue
[2025-08-06T20:30:56.903+0000] {logging_mixin.py:190} INFO - [2025-08-06T20:30:56.902+0000] {dagbag.py:588} INFO - Filling up the DagBag from /home/airflow/.local/lib/python3.12/site-packages/airflow/example_dags/example_datasets.py
[2025-08-06T20:30:57.737+0000] {processor.py:925} INFO - DAG(s) 'dataset_produces_1', 'consume_1_and_2_with_dataset_expressions', 'dataset_consumes_1', 'dataset_consumes_1_never_scheduled', 'consume_1_or_both_2_and_3_with_dataset_expressions', 'dataset_consumes_unknown_never_scheduled', 'consume_1_or_2_with_dataset_expressions', 'conditional_dataset_and_time_based_timetable', 'dataset_consumes_1_and_2', 'dataset_produces_2' retrieved from /home/airflow/.local/lib/python3.12/site-packages/airflow/example_dags/example_datasets.py
[2025-08-06T20:30:57.832+0000] {logging_mixin.py:190} INFO - [2025-08-06T20:30:57.832+0000] {dag.py:3239} INFO - Sync 10 DAGs
[2025-08-06T20:30:57.919+0000] {logging_mixin.py:190} INFO - [2025-08-06T20:30:57.919+0000] {dag.py:4180} INFO - Setting next_dagrun for conditional_dataset_and_time_based_timetable to 2025-08-06 01:00:00+00:00, run_after=2025-08-06 01:00:00+00:00
[2025-08-06T20:30:57.927+0000] {logging_mixin.py:190} INFO - [2025-08-06T20:30:57.927+0000] {dag.py:4180} INFO - Setting next_dagrun for consume_1_and_2_with_dataset_expressions to None, run_after=None
[2025-08-06T20:30:57.934+0000] {logging_mixin.py:190} INFO - [2025-08-06T20:30:57.930+0000] {dag.py:4180} INFO - Setting next_dagrun for consume_1_or_2_with_dataset_expressions to None, run_after=None
[2025-08-06T20:30:57.939+0000] {logging_mixin.py:190} INFO - [2025-08-06T20:30:57.938+0000] {dag.py:4180} INFO - Setting next_dagrun for consume_1_or_both_2_and_3_with_dataset_expressions to None, run_after=None
[2025-08-06T20:30:57.942+0000] {logging_mixin.py:190} INFO - [2025-08-06T20:30:57.941+0000] {dag.py:4180} INFO - Setting next_dagrun for dataset_consumes_1 to None, run_after=None
[2025-08-06T20:30:57.945+0000] {logging_mixin.py:190} INFO - [2025-08-06T20:30:57.945+0000] {dag.py:4180} INFO - Setting next_dagrun for dataset_consumes_1_and_2 to None, run_after=None
[2025-08-06T20:30:57.949+0000] {logging_mixin.py:190} INFO - [2025-08-06T20:30:57.948+0000] {dag.py:4180} INFO - Setting next_dagrun for dataset_consumes_1_never_scheduled to None, run_after=None
[2025-08-06T20:30:57.956+0000] {logging_mixin.py:190} INFO - [2025-08-06T20:30:57.956+0000] {dag.py:4180} INFO - Setting next_dagrun for dataset_consumes_unknown_never_scheduled to None, run_after=None
[2025-08-06T20:30:57.963+0000] {logging_mixin.py:190} INFO - [2025-08-06T20:30:57.962+0000] {dag.py:4180} INFO - Setting next_dagrun for dataset_produces_1 to 2025-08-05 00:00:00+00:00, run_after=2025-08-06 00:00:00+00:00
[2025-08-06T20:30:57.965+0000] {logging_mixin.py:190} INFO - [2025-08-06T20:30:57.965+0000] {dag.py:4180} INFO - Setting next_dagrun for dataset_produces_2 to None, run_after=None
[2025-08-06T20:30:58.026+0000] {processor.py:208} INFO - Processing /home/airflow/.local/lib/python3.12/site-packages/airflow/example_dags/example_datasets.py took 1.131 seconds
[2025-08-06T20:31:16.854+0000] {processor.py:186} INFO - Started process (PID=288) to work on /home/airflow/.local/lib/python3.12/site-packages/airflow/example_dags/example_datasets.py
[2025-08-06T20:31:16.855+0000] {processor.py:914} INFO - Processing file /home/airflow/.local/lib/python3.12/site-packages/airflow/example_dags/example_datasets.py for tasks to queue
[2025-08-06T20:31:16.856+0000] {logging_mixin.py:190} INFO - [2025-08-06T20:31:16.856+0000] {dagbag.py:588} INFO - Filling up the DagBag from /home/airflow/.local/lib/python3.12/site-packages/airflow/example_dags/example_datasets.py
[2025-08-06T20:31:17.610+0000] {processor.py:925} INFO - DAG(s) 'conditional_dataset_and_time_based_timetable', 'dataset_produces_1', 'dataset_produces_2', 'consume_1_or_2_with_dataset_expressions', 'dataset_consumes_1_and_2', 'dataset_consumes_unknown_never_scheduled', 'consume_1_and_2_with_dataset_expressions', 'dataset_consumes_1', 'consume_1_or_both_2_and_3_with_dataset_expressions', 'dataset_consumes_1_never_scheduled' retrieved from /home/airflow/.local/lib/python3.12/site-packages/airflow/example_dags/example_datasets.py
[2025-08-06T20:31:17.670+0000] {logging_mixin.py:190} INFO - [2025-08-06T20:31:17.669+0000] {dag.py:3239} INFO - Sync 10 DAGs
[2025-08-06T20:31:17.776+0000] {logging_mixin.py:190} INFO - [2025-08-06T20:31:17.776+0000] {dag.py:4180} INFO - Setting next_dagrun for conditional_dataset_and_time_based_timetable to 2025-08-06 01:00:00+00:00, run_after=2025-08-06 01:00:00+00:00
[2025-08-06T20:31:17.783+0000] {logging_mixin.py:190} INFO - [2025-08-06T20:31:17.783+0000] {dag.py:4180} INFO - Setting next_dagrun for consume_1_and_2_with_dataset_expressions to None, run_after=None
[2025-08-06T20:31:17.787+0000] {logging_mixin.py:190} INFO - [2025-08-06T20:31:17.786+0000] {dag.py:4180} INFO - Setting next_dagrun for consume_1_or_2_with_dataset_expressions to None, run_after=None
[2025-08-06T20:31:17.790+0000] {logging_mixin.py:190} INFO - [2025-08-06T20:31:17.789+0000] {dag.py:4180} INFO - Setting next_dagrun for consume_1_or_both_2_and_3_with_dataset_expressions to None, run_after=None
[2025-08-06T20:31:17.793+0000] {logging_mixin.py:190} INFO - [2025-08-06T20:31:17.792+0000] {dag.py:4180} INFO - Setting next_dagrun for dataset_consumes_1 to None, run_after=None
[2025-08-06T20:31:17.795+0000] {logging_mixin.py:190} INFO - [2025-08-06T20:31:17.795+0000] {dag.py:4180} INFO - Setting next_dagrun for dataset_consumes_1_and_2 to None, run_after=None
[2025-08-06T20:31:17.798+0000] {logging_mixin.py:190} INFO - [2025-08-06T20:31:17.798+0000] {dag.py:4180} INFO - Setting next_dagrun for dataset_consumes_1_never_scheduled to None, run_after=None
[2025-08-06T20:31:17.802+0000] {logging_mixin.py:190} INFO - [2025-08-06T20:31:17.801+0000] {dag.py:4180} INFO - Setting next_dagrun for dataset_consumes_unknown_never_scheduled to None, run_after=None
[2025-08-06T20:31:17.807+0000] {logging_mixin.py:190} INFO - [2025-08-06T20:31:17.807+0000] {dag.py:4180} INFO - Setting next_dagrun for dataset_produces_1 to 2025-08-05 00:00:00+00:00, run_after=2025-08-06 00:00:00+00:00
[2025-08-06T20:31:17.810+0000] {logging_mixin.py:190} INFO - [2025-08-06T20:31:17.810+0000] {dag.py:4180} INFO - Setting next_dagrun for dataset_produces_2 to None, run_after=None
[2025-08-06T20:31:17.888+0000] {processor.py:208} INFO - Processing /home/airflow/.local/lib/python3.12/site-packages/airflow/example_dags/example_datasets.py took 1.040 seconds
[2025-08-06T20:31:27.093+0000] {processor.py:186} INFO - Started process (PID=346) to work on /home/airflow/.local/lib/python3.12/site-packages/airflow/example_dags/example_datasets.py
[2025-08-06T20:31:27.095+0000] {processor.py:914} INFO - Processing file /home/airflow/.local/lib/python3.12/site-packages/airflow/example_dags/example_datasets.py for tasks to queue
[2025-08-06T20:31:27.097+0000] {logging_mixin.py:190} INFO - [2025-08-06T20:31:27.097+0000] {dagbag.py:588} INFO - Filling up the DagBag from /home/airflow/.local/lib/python3.12/site-packages/airflow/example_dags/example_datasets.py
[2025-08-06T20:31:27.970+0000] {processor.py:925} INFO - DAG(s) 'dataset_consumes_1_never_scheduled', 'dataset_produces_1', 'consume_1_or_both_2_and_3_with_dataset_expressions', 'consume_1_and_2_with_dataset_expressions', 'dataset_produces_2', 'consume_1_or_2_with_dataset_expressions', 'dataset_consumes_1_and_2', 'dataset_consumes_1', 'dataset_consumes_unknown_never_scheduled', 'conditional_dataset_and_time_based_timetable' retrieved from /home/airflow/.local/lib/python3.12/site-packages/airflow/example_dags/example_datasets.py
[2025-08-06T20:31:28.039+0000] {logging_mixin.py:190} INFO - [2025-08-06T20:31:28.039+0000] {dag.py:3239} INFO - Sync 10 DAGs
[2025-08-06T20:31:28.075+0000] {logging_mixin.py:190} INFO - [2025-08-06T20:31:28.075+0000] {dag.py:4180} INFO - Setting next_dagrun for conditional_dataset_and_time_based_timetable to 2025-08-06 01:00:00+00:00, run_after=2025-08-06 01:00:00+00:00
[2025-08-06T20:31:28.080+0000] {logging_mixin.py:190} INFO - [2025-08-06T20:31:28.080+0000] {dag.py:4180} INFO - Setting next_dagrun for consume_1_and_2_with_dataset_expressions to None, run_after=None
[2025-08-06T20:31:28.083+0000] {logging_mixin.py:190} INFO - [2025-08-06T20:31:28.082+0000] {dag.py:4180} INFO - Setting next_dagrun for consume_1_or_2_with_dataset_expressions to None, run_after=None
[2025-08-06T20:31:28.085+0000] {logging_mixin.py:190} INFO - [2025-08-06T20:31:28.085+0000] {dag.py:4180} INFO - Setting next_dagrun for consume_1_or_both_2_and_3_with_dataset_expressions to None, run_after=None
[2025-08-06T20:31:28.087+0000] {logging_mixin.py:190} INFO - [2025-08-06T20:31:28.087+0000] {dag.py:4180} INFO - Setting next_dagrun for dataset_consumes_1 to None, run_after=None
[2025-08-06T20:31:28.089+0000] {logging_mixin.py:190} INFO - [2025-08-06T20:31:28.089+0000] {dag.py:4180} INFO - Setting next_dagrun for dataset_consumes_1_and_2 to None, run_after=None
[2025-08-06T20:31:28.092+0000] {logging_mixin.py:190} INFO - [2025-08-06T20:31:28.092+0000] {dag.py:4180} INFO - Setting next_dagrun for dataset_consumes_1_never_scheduled to None, run_after=None
[2025-08-06T20:31:28.095+0000] {logging_mixin.py:190} INFO - [2025-08-06T20:31:28.095+0000] {dag.py:4180} INFO - Setting next_dagrun for dataset_consumes_unknown_never_scheduled to None, run_after=None
[2025-08-06T20:31:28.099+0000] {logging_mixin.py:190} INFO - [2025-08-06T20:31:28.098+0000] {dag.py:4180} INFO - Setting next_dagrun for dataset_produces_1 to 2025-08-05 00:00:00+00:00, run_after=2025-08-06 00:00:00+00:00
[2025-08-06T20:31:28.101+0000] {logging_mixin.py:190} INFO - [2025-08-06T20:31:28.101+0000] {dag.py:4180} INFO - Setting next_dagrun for dataset_produces_2 to None, run_after=None
[2025-08-06T20:31:28.200+0000] {processor.py:208} INFO - Processing /home/airflow/.local/lib/python3.12/site-packages/airflow/example_dags/example_datasets.py took 1.119 seconds
[2025-08-06T20:31:56.600+0000] {processor.py:186} INFO - Started process (PID=409) to work on /home/airflow/.local/lib/python3.12/site-packages/airflow/example_dags/example_datasets.py
[2025-08-06T20:31:56.601+0000] {processor.py:914} INFO - Processing file /home/airflow/.local/lib/python3.12/site-packages/airflow/example_dags/example_datasets.py for tasks to queue
[2025-08-06T20:31:56.603+0000] {logging_mixin.py:190} INFO - [2025-08-06T20:31:56.602+0000] {dagbag.py:588} INFO - Filling up the DagBag from /home/airflow/.local/lib/python3.12/site-packages/airflow/example_dags/example_datasets.py
[2025-08-06T20:31:57.254+0000] {processor.py:925} INFO - DAG(s) 'conditional_dataset_and_time_based_timetable', 'dataset_consumes_1', 'dataset_consumes_1_and_2', 'dataset_produces_2', 'consume_1_or_2_with_dataset_expressions', 'dataset_consumes_unknown_never_scheduled', 'dataset_consumes_1_never_scheduled', 'dataset_produces_1', 'consume_1_or_both_2_and_3_with_dataset_expressions', 'consume_1_and_2_with_dataset_expressions' retrieved from /home/airflow/.local/lib/python3.12/site-packages/airflow/example_dags/example_datasets.py
[2025-08-06T20:31:57.306+0000] {logging_mixin.py:190} INFO - [2025-08-06T20:31:57.306+0000] {dag.py:3239} INFO - Sync 10 DAGs
[2025-08-06T20:31:57.334+0000] {logging_mixin.py:190} INFO - [2025-08-06T20:31:57.333+0000] {dag.py:4180} INFO - Setting next_dagrun for conditional_dataset_and_time_based_timetable to 2025-08-06 01:00:00+00:00, run_after=2025-08-06 01:00:00+00:00
[2025-08-06T20:31:57.338+0000] {logging_mixin.py:190} INFO - [2025-08-06T20:31:57.338+0000] {dag.py:4180} INFO - Setting next_dagrun for consume_1_and_2_with_dataset_expressions to None, run_after=None
[2025-08-06T20:31:57.342+0000] {logging_mixin.py:190} INFO - [2025-08-06T20:31:57.342+0000] {dag.py:4180} INFO - Setting next_dagrun for consume_1_or_2_with_dataset_expressions to None, run_after=None
[2025-08-06T20:31:57.344+0000] {logging_mixin.py:190} INFO - [2025-08-06T20:31:57.344+0000] {dag.py:4180} INFO - Setting next_dagrun for consume_1_or_both_2_and_3_with_dataset_expressions to None, run_after=None
[2025-08-06T20:31:57.346+0000] {logging_mixin.py:190} INFO - [2025-08-06T20:31:57.346+0000] {dag.py:4180} INFO - Setting next_dagrun for dataset_consumes_1 to None, run_after=None
[2025-08-06T20:31:57.348+0000] {logging_mixin.py:190} INFO - [2025-08-06T20:31:57.348+0000] {dag.py:4180} INFO - Setting next_dagrun for dataset_consumes_1_and_2 to None, run_after=None
[2025-08-06T20:31:57.351+0000] {logging_mixin.py:190} INFO - [2025-08-06T20:31:57.351+0000] {dag.py:4180} INFO - Setting next_dagrun for dataset_consumes_1_never_scheduled to None, run_after=None
[2025-08-06T20:31:57.353+0000] {logging_mixin.py:190} INFO - [2025-08-06T20:31:57.353+0000] {dag.py:4180} INFO - Setting next_dagrun for dataset_consumes_unknown_never_scheduled to None, run_after=None
[2025-08-06T20:31:57.357+0000] {logging_mixin.py:190} INFO - [2025-08-06T20:31:57.357+0000] {dag.py:4180} INFO - Setting next_dagrun for dataset_produces_1 to 2025-08-05 00:00:00+00:00, run_after=2025-08-06 00:00:00+00:00
[2025-08-06T20:31:57.359+0000] {logging_mixin.py:190} INFO - [2025-08-06T20:31:57.359+0000] {dag.py:4180} INFO - Setting next_dagrun for dataset_produces_2 to None, run_after=None
[2025-08-06T20:31:57.400+0000] {processor.py:208} INFO - Processing /home/airflow/.local/lib/python3.12/site-packages/airflow/example_dags/example_datasets.py took 0.805 seconds
[2025-08-06T20:32:26.368+0000] {processor.py:186} INFO - Started process (PID=473) to work on /home/airflow/.local/lib/python3.12/site-packages/airflow/example_dags/example_datasets.py
[2025-08-06T20:32:26.369+0000] {processor.py:914} INFO - Processing file /home/airflow/.local/lib/python3.12/site-packages/airflow/example_dags/example_datasets.py for tasks to queue
[2025-08-06T20:32:26.370+0000] {logging_mixin.py:190} INFO - [2025-08-06T20:32:26.370+0000] {dagbag.py:588} INFO - Filling up the DagBag from /home/airflow/.local/lib/python3.12/site-packages/airflow/example_dags/example_datasets.py
[2025-08-06T20:32:26.991+0000] {processor.py:925} INFO - DAG(s) 'consume_1_or_both_2_and_3_with_dataset_expressions', 'conditional_dataset_and_time_based_timetable', 'consume_1_and_2_with_dataset_expressions', 'consume_1_or_2_with_dataset_expressions', 'dataset_produces_1', 'dataset_consumes_1', 'dataset_consumes_1_and_2', 'dataset_produces_2', 'dataset_consumes_1_never_scheduled', 'dataset_consumes_unknown_never_scheduled' retrieved from /home/airflow/.local/lib/python3.12/site-packages/airflow/example_dags/example_datasets.py
[2025-08-06T20:32:27.043+0000] {logging_mixin.py:190} INFO - [2025-08-06T20:32:27.043+0000] {dag.py:3239} INFO - Sync 10 DAGs
[2025-08-06T20:32:27.071+0000] {logging_mixin.py:190} INFO - [2025-08-06T20:32:27.071+0000] {dag.py:4180} INFO - Setting next_dagrun for conditional_dataset_and_time_based_timetable to 2025-08-06 01:00:00+00:00, run_after=2025-08-06 01:00:00+00:00
[2025-08-06T20:32:27.076+0000] {logging_mixin.py:190} INFO - [2025-08-06T20:32:27.076+0000] {dag.py:4180} INFO - Setting next_dagrun for consume_1_and_2_with_dataset_expressions to None, run_after=None
[2025-08-06T20:32:27.079+0000] {logging_mixin.py:190} INFO - [2025-08-06T20:32:27.079+0000] {dag.py:4180} INFO - Setting next_dagrun for consume_1_or_2_with_dataset_expressions to None, run_after=None
[2025-08-06T20:32:27.082+0000] {logging_mixin.py:190} INFO - [2025-08-06T20:32:27.081+0000] {dag.py:4180} INFO - Setting next_dagrun for consume_1_or_both_2_and_3_with_dataset_expressions to None, run_after=None
[2025-08-06T20:32:27.084+0000] {logging_mixin.py:190} INFO - [2025-08-06T20:32:27.084+0000] {dag.py:4180} INFO - Setting next_dagrun for dataset_consumes_1 to None, run_after=None
[2025-08-06T20:32:27.086+0000] {logging_mixin.py:190} INFO - [2025-08-06T20:32:27.086+0000] {dag.py:4180} INFO - Setting next_dagrun for dataset_consumes_1_and_2 to None, run_after=None
[2025-08-06T20:32:27.089+0000] {logging_mixin.py:190} INFO - [2025-08-06T20:32:27.089+0000] {dag.py:4180} INFO - Setting next_dagrun for dataset_consumes_1_never_scheduled to None, run_after=None
[2025-08-06T20:32:27.092+0000] {logging_mixin.py:190} INFO - [2025-08-06T20:32:27.092+0000] {dag.py:4180} INFO - Setting next_dagrun for dataset_consumes_unknown_never_scheduled to None, run_after=None
[2025-08-06T20:32:27.096+0000] {logging_mixin.py:190} INFO - [2025-08-06T20:32:27.095+0000] {dag.py:4180} INFO - Setting next_dagrun for dataset_produces_1 to 2025-08-05 00:00:00+00:00, run_after=2025-08-06 00:00:00+00:00
[2025-08-06T20:32:27.098+0000] {logging_mixin.py:190} INFO - [2025-08-06T20:32:27.098+0000] {dag.py:4180} INFO - Setting next_dagrun for dataset_produces_2 to None, run_after=None
[2025-08-06T20:32:27.172+0000] {processor.py:208} INFO - Processing /home/airflow/.local/lib/python3.12/site-packages/airflow/example_dags/example_datasets.py took 0.808 seconds
[2025-08-06T20:32:57.294+0000] {processor.py:186} INFO - Started process (PID=536) to work on /home/airflow/.local/lib/python3.12/site-packages/airflow/example_dags/example_datasets.py
[2025-08-06T20:32:57.295+0000] {processor.py:914} INFO - Processing file /home/airflow/.local/lib/python3.12/site-packages/airflow/example_dags/example_datasets.py for tasks to queue
[2025-08-06T20:32:57.296+0000] {logging_mixin.py:190} INFO - [2025-08-06T20:32:57.296+0000] {dagbag.py:588} INFO - Filling up the DagBag from /home/airflow/.local/lib/python3.12/site-packages/airflow/example_dags/example_datasets.py
[2025-08-06T20:32:57.867+0000] {processor.py:925} INFO - DAG(s) 'dataset_consumes_1_never_scheduled', 'dataset_consumes_unknown_never_scheduled', 'dataset_consumes_1_and_2', 'consume_1_and_2_with_dataset_expressions', 'conditional_dataset_and_time_based_timetable', 'consume_1_or_2_with_dataset_expressions', 'dataset_produces_1', 'dataset_consumes_1', 'consume_1_or_both_2_and_3_with_dataset_expressions', 'dataset_produces_2' retrieved from /home/airflow/.local/lib/python3.12/site-packages/airflow/example_dags/example_datasets.py
[2025-08-06T20:32:57.917+0000] {logging_mixin.py:190} INFO - [2025-08-06T20:32:57.917+0000] {dag.py:3239} INFO - Sync 10 DAGs
[2025-08-06T20:32:57.943+0000] {logging_mixin.py:190} INFO - [2025-08-06T20:32:57.943+0000] {dag.py:4180} INFO - Setting next_dagrun for conditional_dataset_and_time_based_timetable to 2025-08-06 01:00:00+00:00, run_after=2025-08-06 01:00:00+00:00
[2025-08-06T20:32:57.947+0000] {logging_mixin.py:190} INFO - [2025-08-06T20:32:57.947+0000] {dag.py:4180} INFO - Setting next_dagrun for consume_1_and_2_with_dataset_expressions to None, run_after=None
[2025-08-06T20:32:57.949+0000] {logging_mixin.py:190} INFO - [2025-08-06T20:32:57.949+0000] {dag.py:4180} INFO - Setting next_dagrun for consume_1_or_2_with_dataset_expressions to None, run_after=None
[2025-08-06T20:32:57.951+0000] {logging_mixin.py:190} INFO - [2025-08-06T20:32:57.951+0000] {dag.py:4180} INFO - Setting next_dagrun for consume_1_or_both_2_and_3_with_dataset_expressions to None, run_after=None
[2025-08-06T20:32:57.952+0000] {logging_mixin.py:190} INFO - [2025-08-06T20:32:57.952+0000] {dag.py:4180} INFO - Setting next_dagrun for dataset_consumes_1 to None, run_after=None
[2025-08-06T20:32:57.954+0000] {logging_mixin.py:190} INFO - [2025-08-06T20:32:57.954+0000] {dag.py:4180} INFO - Setting next_dagrun for dataset_consumes_1_and_2 to None, run_after=None
[2025-08-06T20:32:57.956+0000] {logging_mixin.py:190} INFO - [2025-08-06T20:32:57.956+0000] {dag.py:4180} INFO - Setting next_dagrun for dataset_consumes_1_never_scheduled to None, run_after=None
[2025-08-06T20:32:57.958+0000] {logging_mixin.py:190} INFO - [2025-08-06T20:32:57.958+0000] {dag.py:4180} INFO - Setting next_dagrun for dataset_consumes_unknown_never_scheduled to None, run_after=None
[2025-08-06T20:32:57.961+0000] {logging_mixin.py:190} INFO - [2025-08-06T20:32:57.961+0000] {dag.py:4180} INFO - Setting next_dagrun for dataset_produces_1 to 2025-08-05 00:00:00+00:00, run_after=2025-08-06 00:00:00+00:00
[2025-08-06T20:32:57.963+0000] {logging_mixin.py:190} INFO - [2025-08-06T20:32:57.963+0000] {dag.py:4180} INFO - Setting next_dagrun for dataset_produces_2 to None, run_after=None
[2025-08-06T20:32:58.001+0000] {processor.py:208} INFO - Processing /home/airflow/.local/lib/python3.12/site-packages/airflow/example_dags/example_datasets.py took 0.712 seconds
[2025-08-06T20:33:28.307+0000] {processor.py:186} INFO - Started process (PID=597) to work on /home/airflow/.local/lib/python3.12/site-packages/airflow/example_dags/example_datasets.py
[2025-08-06T20:33:28.308+0000] {processor.py:914} INFO - Processing file /home/airflow/.local/lib/python3.12/site-packages/airflow/example_dags/example_datasets.py for tasks to queue
[2025-08-06T20:33:28.309+0000] {logging_mixin.py:190} INFO - [2025-08-06T20:33:28.309+0000] {dagbag.py:588} INFO - Filling up the DagBag from /home/airflow/.local/lib/python3.12/site-packages/airflow/example_dags/example_datasets.py
[2025-08-06T20:33:28.988+0000] {processor.py:925} INFO - DAG(s) 'conditional_dataset_and_time_based_timetable', 'dataset_produces_1', 'consume_1_or_2_with_dataset_expressions', 'dataset_consumes_1_and_2', 'consume_1_and_2_with_dataset_expressions', 'consume_1_or_both_2_and_3_with_dataset_expressions', 'dataset_consumes_1', 'dataset_produces_2', 'dataset_consumes_unknown_never_scheduled', 'dataset_consumes_1_never_scheduled' retrieved from /home/airflow/.local/lib/python3.12/site-packages/airflow/example_dags/example_datasets.py
[2025-08-06T20:33:29.052+0000] {logging_mixin.py:190} INFO - [2025-08-06T20:33:29.052+0000] {dag.py:3239} INFO - Sync 10 DAGs
[2025-08-06T20:33:29.079+0000] {logging_mixin.py:190} INFO - [2025-08-06T20:33:29.079+0000] {dag.py:4180} INFO - Setting next_dagrun for conditional_dataset_and_time_based_timetable to 2025-08-06 01:00:00+00:00, run_after=2025-08-06 01:00:00+00:00
[2025-08-06T20:33:29.084+0000] {logging_mixin.py:190} INFO - [2025-08-06T20:33:29.083+0000] {dag.py:4180} INFO - Setting next_dagrun for consume_1_and_2_with_dataset_expressions to None, run_after=None
[2025-08-06T20:33:29.086+0000] {logging_mixin.py:190} INFO - [2025-08-06T20:33:29.086+0000] {dag.py:4180} INFO - Setting next_dagrun for consume_1_or_2_with_dataset_expressions to None, run_after=None
[2025-08-06T20:33:29.088+0000] {logging_mixin.py:190} INFO - [2025-08-06T20:33:29.088+0000] {dag.py:4180} INFO - Setting next_dagrun for consume_1_or_both_2_and_3_with_dataset_expressions to None, run_after=None
[2025-08-06T20:33:29.089+0000] {logging_mixin.py:190} INFO - [2025-08-06T20:33:29.089+0000] {dag.py:4180} INFO - Setting next_dagrun for dataset_consumes_1 to None, run_after=None
[2025-08-06T20:33:29.091+0000] {logging_mixin.py:190} INFO - [2025-08-06T20:33:29.091+0000] {dag.py:4180} INFO - Setting next_dagrun for dataset_consumes_1_and_2 to None, run_after=None
[2025-08-06T20:33:29.093+0000] {logging_mixin.py:190} INFO - [2025-08-06T20:33:29.092+0000] {dag.py:4180} INFO - Setting next_dagrun for dataset_consumes_1_never_scheduled to None, run_after=None
[2025-08-06T20:33:29.094+0000] {logging_mixin.py:190} INFO - [2025-08-06T20:33:29.094+0000] {dag.py:4180} INFO - Setting next_dagrun for dataset_consumes_unknown_never_scheduled to None, run_after=None
[2025-08-06T20:33:29.098+0000] {logging_mixin.py:190} INFO - [2025-08-06T20:33:29.098+0000] {dag.py:4180} INFO - Setting next_dagrun for dataset_produces_1 to 2025-08-05 00:00:00+00:00, run_after=2025-08-06 00:00:00+00:00
[2025-08-06T20:33:29.100+0000] {logging_mixin.py:190} INFO - [2025-08-06T20:33:29.100+0000] {dag.py:4180} INFO - Setting next_dagrun for dataset_produces_2 to None, run_after=None
[2025-08-06T20:33:29.145+0000] {processor.py:208} INFO - Processing /home/airflow/.local/lib/python3.12/site-packages/airflow/example_dags/example_datasets.py took 0.844 seconds
[2025-08-06T20:34:00.077+0000] {processor.py:186} INFO - Started process (PID=663) to work on /home/airflow/.local/lib/python3.12/site-packages/airflow/example_dags/example_datasets.py
[2025-08-06T20:34:00.078+0000] {processor.py:914} INFO - Processing file /home/airflow/.local/lib/python3.12/site-packages/airflow/example_dags/example_datasets.py for tasks to queue
[2025-08-06T20:34:00.079+0000] {logging_mixin.py:190} INFO - [2025-08-06T20:34:00.079+0000] {dagbag.py:588} INFO - Filling up the DagBag from /home/airflow/.local/lib/python3.12/site-packages/airflow/example_dags/example_datasets.py
[2025-08-06T20:34:00.671+0000] {processor.py:925} INFO - DAG(s) 'dataset_consumes_1_and_2', 'dataset_consumes_1', 'conditional_dataset_and_time_based_timetable', 'consume_1_or_2_with_dataset_expressions', 'dataset_produces_1', 'consume_1_and_2_with_dataset_expressions', 'dataset_consumes_1_never_scheduled', 'dataset_consumes_unknown_never_scheduled', 'dataset_produces_2', 'consume_1_or_both_2_and_3_with_dataset_expressions' retrieved from /home/airflow/.local/lib/python3.12/site-packages/airflow/example_dags/example_datasets.py
[2025-08-06T20:34:00.721+0000] {logging_mixin.py:190} INFO - [2025-08-06T20:34:00.721+0000] {dag.py:3239} INFO - Sync 10 DAGs
[2025-08-06T20:34:00.753+0000] {logging_mixin.py:190} INFO - [2025-08-06T20:34:00.753+0000] {dag.py:4180} INFO - Setting next_dagrun for conditional_dataset_and_time_based_timetable to 2025-08-06 01:00:00+00:00, run_after=2025-08-06 01:00:00+00:00
[2025-08-06T20:34:00.759+0000] {logging_mixin.py:190} INFO - [2025-08-06T20:34:00.759+0000] {dag.py:4180} INFO - Setting next_dagrun for consume_1_and_2_with_dataset_expressions to None, run_after=None
[2025-08-06T20:34:00.762+0000] {logging_mixin.py:190} INFO - [2025-08-06T20:34:00.762+0000] {dag.py:4180} INFO - Setting next_dagrun for consume_1_or_2_with_dataset_expressions to None, run_after=None
[2025-08-06T20:34:00.765+0000] {logging_mixin.py:190} INFO - [2025-08-06T20:34:00.765+0000] {dag.py:4180} INFO - Setting next_dagrun for consume_1_or_both_2_and_3_with_dataset_expressions to None, run_after=None
[2025-08-06T20:34:00.767+0000] {logging_mixin.py:190} INFO - [2025-08-06T20:34:00.767+0000] {dag.py:4180} INFO - Setting next_dagrun for dataset_consumes_1 to None, run_after=None
[2025-08-06T20:34:00.769+0000] {logging_mixin.py:190} INFO - [2025-08-06T20:34:00.769+0000] {dag.py:4180} INFO - Setting next_dagrun for dataset_consumes_1_and_2 to None, run_after=None
[2025-08-06T20:34:00.771+0000] {logging_mixin.py:190} INFO - [2025-08-06T20:34:00.771+0000] {dag.py:4180} INFO - Setting next_dagrun for dataset_consumes_1_never_scheduled to None, run_after=None
[2025-08-06T20:34:00.774+0000] {logging_mixin.py:190} INFO - [2025-08-06T20:34:00.773+0000] {dag.py:4180} INFO - Setting next_dagrun for dataset_consumes_unknown_never_scheduled to None, run_after=None
[2025-08-06T20:34:00.778+0000] {logging_mixin.py:190} INFO - [2025-08-06T20:34:00.778+0000] {dag.py:4180} INFO - Setting next_dagrun for dataset_produces_1 to 2025-08-05 00:00:00+00:00, run_after=2025-08-06 00:00:00+00:00
[2025-08-06T20:34:00.781+0000] {logging_mixin.py:190} INFO - [2025-08-06T20:34:00.780+0000] {dag.py:4180} INFO - Setting next_dagrun for dataset_produces_2 to None, run_after=None
[2025-08-06T20:34:00.831+0000] {processor.py:208} INFO - Processing /home/airflow/.local/lib/python3.12/site-packages/airflow/example_dags/example_datasets.py took 0.759 seconds
[2025-08-06T20:34:31.062+0000] {processor.py:186} INFO - Started process (PID=735) to work on /home/airflow/.local/lib/python3.12/site-packages/airflow/example_dags/example_datasets.py
[2025-08-06T20:34:31.064+0000] {processor.py:914} INFO - Processing file /home/airflow/.local/lib/python3.12/site-packages/airflow/example_dags/example_datasets.py for tasks to queue
[2025-08-06T20:34:31.066+0000] {logging_mixin.py:190} INFO - [2025-08-06T20:34:31.065+0000] {dagbag.py:588} INFO - Filling up the DagBag from /home/airflow/.local/lib/python3.12/site-packages/airflow/example_dags/example_datasets.py
[2025-08-06T20:34:31.811+0000] {processor.py:925} INFO - DAG(s) 'consume_1_or_2_with_dataset_expressions', 'consume_1_and_2_with_dataset_expressions', 'consume_1_or_both_2_and_3_with_dataset_expressions', 'dataset_consumes_1_never_scheduled', 'dataset_produces_2', 'dataset_consumes_1_and_2', 'dataset_produces_1', 'dataset_consumes_1', 'dataset_consumes_unknown_never_scheduled', 'conditional_dataset_and_time_based_timetable' retrieved from /home/airflow/.local/lib/python3.12/site-packages/airflow/example_dags/example_datasets.py
[2025-08-06T20:34:31.879+0000] {logging_mixin.py:190} INFO - [2025-08-06T20:34:31.878+0000] {dag.py:3239} INFO - Sync 10 DAGs
[2025-08-06T20:34:31.931+0000] {logging_mixin.py:190} INFO - [2025-08-06T20:34:31.930+0000] {dag.py:4180} INFO - Setting next_dagrun for conditional_dataset_and_time_based_timetable to 2025-08-06 01:00:00+00:00, run_after=2025-08-06 01:00:00+00:00
[2025-08-06T20:34:31.938+0000] {logging_mixin.py:190} INFO - [2025-08-06T20:34:31.938+0000] {dag.py:4180} INFO - Setting next_dagrun for consume_1_and_2_with_dataset_expressions to None, run_after=None
[2025-08-06T20:34:31.941+0000] {logging_mixin.py:190} INFO - [2025-08-06T20:34:31.941+0000] {dag.py:4180} INFO - Setting next_dagrun for consume_1_or_2_with_dataset_expressions to None, run_after=None
[2025-08-06T20:34:31.944+0000] {logging_mixin.py:190} INFO - [2025-08-06T20:34:31.944+0000] {dag.py:4180} INFO - Setting next_dagrun for consume_1_or_both_2_and_3_with_dataset_expressions to None, run_after=None
[2025-08-06T20:34:31.947+0000] {logging_mixin.py:190} INFO - [2025-08-06T20:34:31.946+0000] {dag.py:4180} INFO - Setting next_dagrun for dataset_consumes_1 to None, run_after=None
[2025-08-06T20:34:31.951+0000] {logging_mixin.py:190} INFO - [2025-08-06T20:34:31.951+0000] {dag.py:4180} INFO - Setting next_dagrun for dataset_consumes_1_and_2 to None, run_after=None
[2025-08-06T20:34:31.956+0000] {logging_mixin.py:190} INFO - [2025-08-06T20:34:31.956+0000] {dag.py:4180} INFO - Setting next_dagrun for dataset_consumes_1_never_scheduled to None, run_after=None
[2025-08-06T20:34:31.959+0000] {logging_mixin.py:190} INFO - [2025-08-06T20:34:31.959+0000] {dag.py:4180} INFO - Setting next_dagrun for dataset_consumes_unknown_never_scheduled to None, run_after=None
[2025-08-06T20:34:31.964+0000] {logging_mixin.py:190} INFO - [2025-08-06T20:34:31.964+0000] {dag.py:4180} INFO - Setting next_dagrun for dataset_produces_1 to 2025-08-05 00:00:00+00:00, run_after=2025-08-06 00:00:00+00:00
[2025-08-06T20:34:31.967+0000] {logging_mixin.py:190} INFO - [2025-08-06T20:34:31.966+0000] {dag.py:4180} INFO - Setting next_dagrun for dataset_produces_2 to None, run_after=None
[2025-08-06T20:34:32.043+0000] {processor.py:208} INFO - Processing /home/airflow/.local/lib/python3.12/site-packages/airflow/example_dags/example_datasets.py took 0.986 seconds
[2025-08-06T20:35:54.909+0000] {processor.py:186} INFO - Started process (PID=789) to work on /home/airflow/.local/lib/python3.12/site-packages/airflow/example_dags/example_datasets.py
[2025-08-06T20:35:54.910+0000] {processor.py:914} INFO - Processing file /home/airflow/.local/lib/python3.12/site-packages/airflow/example_dags/example_datasets.py for tasks to queue
[2025-08-06T20:35:54.911+0000] {logging_mixin.py:190} INFO - [2025-08-06T20:35:54.911+0000] {dagbag.py:588} INFO - Filling up the DagBag from /home/airflow/.local/lib/python3.12/site-packages/airflow/example_dags/example_datasets.py
[2025-08-06T20:35:55.536+0000] {processor.py:925} INFO - DAG(s) 'conditional_dataset_and_time_based_timetable', 'dataset_consumes_unknown_never_scheduled', 'dataset_produces_2', 'dataset_consumes_1', 'consume_1_and_2_with_dataset_expressions', 'dataset_consumes_1_and_2', 'dataset_produces_1', 'dataset_consumes_1_never_scheduled', 'consume_1_or_2_with_dataset_expressions', 'consume_1_or_both_2_and_3_with_dataset_expressions' retrieved from /home/airflow/.local/lib/python3.12/site-packages/airflow/example_dags/example_datasets.py
[2025-08-06T20:35:55.592+0000] {logging_mixin.py:190} INFO - [2025-08-06T20:35:55.592+0000] {dag.py:3239} INFO - Sync 10 DAGs
[2025-08-06T20:35:55.622+0000] {logging_mixin.py:190} INFO - [2025-08-06T20:35:55.621+0000] {dag.py:4180} INFO - Setting next_dagrun for conditional_dataset_and_time_based_timetable to 2025-08-06 01:00:00+00:00, run_after=2025-08-06 01:00:00+00:00
[2025-08-06T20:35:55.626+0000] {logging_mixin.py:190} INFO - [2025-08-06T20:35:55.626+0000] {dag.py:4180} INFO - Setting next_dagrun for consume_1_and_2_with_dataset_expressions to None, run_after=None
[2025-08-06T20:35:55.628+0000] {logging_mixin.py:190} INFO - [2025-08-06T20:35:55.628+0000] {dag.py:4180} INFO - Setting next_dagrun for consume_1_or_2_with_dataset_expressions to None, run_after=None
[2025-08-06T20:35:55.630+0000] {logging_mixin.py:190} INFO - [2025-08-06T20:35:55.630+0000] {dag.py:4180} INFO - Setting next_dagrun for consume_1_or_both_2_and_3_with_dataset_expressions to None, run_after=None
[2025-08-06T20:35:55.633+0000] {logging_mixin.py:190} INFO - [2025-08-06T20:35:55.632+0000] {dag.py:4180} INFO - Setting next_dagrun for dataset_consumes_1 to None, run_after=None
[2025-08-06T20:35:55.635+0000] {logging_mixin.py:190} INFO - [2025-08-06T20:35:55.635+0000] {dag.py:4180} INFO - Setting next_dagrun for dataset_consumes_1_and_2 to None, run_after=None
[2025-08-06T20:35:55.637+0000] {logging_mixin.py:190} INFO - [2025-08-06T20:35:55.637+0000] {dag.py:4180} INFO - Setting next_dagrun for dataset_consumes_1_never_scheduled to None, run_after=None
[2025-08-06T20:35:55.640+0000] {logging_mixin.py:190} INFO - [2025-08-06T20:35:55.639+0000] {dag.py:4180} INFO - Setting next_dagrun for dataset_consumes_unknown_never_scheduled to None, run_after=None
[2025-08-06T20:35:55.643+0000] {logging_mixin.py:190} INFO - [2025-08-06T20:35:55.643+0000] {dag.py:4180} INFO - Setting next_dagrun for dataset_produces_1 to 2025-08-05 00:00:00+00:00, run_after=2025-08-06 00:00:00+00:00
[2025-08-06T20:35:55.645+0000] {logging_mixin.py:190} INFO - [2025-08-06T20:35:55.645+0000] {dag.py:4180} INFO - Setting next_dagrun for dataset_produces_2 to None, run_after=None
[2025-08-06T20:35:55.689+0000] {processor.py:208} INFO - Processing /home/airflow/.local/lib/python3.12/site-packages/airflow/example_dags/example_datasets.py took 0.785 seconds
[2025-08-06T20:36:28.122+0000] {processor.py:186} INFO - Started process (PID=867) to work on /home/airflow/.local/lib/python3.12/site-packages/airflow/example_dags/example_datasets.py
[2025-08-06T20:36:28.123+0000] {processor.py:914} INFO - Processing file /home/airflow/.local/lib/python3.12/site-packages/airflow/example_dags/example_datasets.py for tasks to queue
[2025-08-06T20:36:28.125+0000] {logging_mixin.py:190} INFO - [2025-08-06T20:36:28.125+0000] {dagbag.py:588} INFO - Filling up the DagBag from /home/airflow/.local/lib/python3.12/site-packages/airflow/example_dags/example_datasets.py
[2025-08-06T20:36:28.982+0000] {processor.py:925} INFO - DAG(s) 'dataset_consumes_unknown_never_scheduled', 'consume_1_or_2_with_dataset_expressions', 'consume_1_or_both_2_and_3_with_dataset_expressions', 'dataset_consumes_1', 'conditional_dataset_and_time_based_timetable', 'dataset_produces_1', 'dataset_consumes_1_never_scheduled', 'dataset_consumes_1_and_2', 'consume_1_and_2_with_dataset_expressions', 'dataset_produces_2' retrieved from /home/airflow/.local/lib/python3.12/site-packages/airflow/example_dags/example_datasets.py
[2025-08-06T20:36:29.065+0000] {logging_mixin.py:190} INFO - [2025-08-06T20:36:29.065+0000] {dag.py:3239} INFO - Sync 10 DAGs
[2025-08-06T20:36:29.125+0000] {logging_mixin.py:190} INFO - [2025-08-06T20:36:29.124+0000] {dag.py:4180} INFO - Setting next_dagrun for conditional_dataset_and_time_based_timetable to 2025-08-06 01:00:00+00:00, run_after=2025-08-06 01:00:00+00:00
[2025-08-06T20:36:29.134+0000] {logging_mixin.py:190} INFO - [2025-08-06T20:36:29.133+0000] {dag.py:4180} INFO - Setting next_dagrun for consume_1_and_2_with_dataset_expressions to None, run_after=None
[2025-08-06T20:36:29.137+0000] {logging_mixin.py:190} INFO - [2025-08-06T20:36:29.137+0000] {dag.py:4180} INFO - Setting next_dagrun for consume_1_or_2_with_dataset_expressions to None, run_after=None
[2025-08-06T20:36:29.140+0000] {logging_mixin.py:190} INFO - [2025-08-06T20:36:29.139+0000] {dag.py:4180} INFO - Setting next_dagrun for consume_1_or_both_2_and_3_with_dataset_expressions to None, run_after=None
[2025-08-06T20:36:29.143+0000] {logging_mixin.py:190} INFO - [2025-08-06T20:36:29.142+0000] {dag.py:4180} INFO - Setting next_dagrun for dataset_consumes_1 to None, run_after=None
[2025-08-06T20:36:29.145+0000] {logging_mixin.py:190} INFO - [2025-08-06T20:36:29.145+0000] {dag.py:4180} INFO - Setting next_dagrun for dataset_consumes_1_and_2 to None, run_after=None
[2025-08-06T20:36:29.148+0000] {logging_mixin.py:190} INFO - [2025-08-06T20:36:29.148+0000] {dag.py:4180} INFO - Setting next_dagrun for dataset_consumes_1_never_scheduled to None, run_after=None
[2025-08-06T20:36:29.151+0000] {logging_mixin.py:190} INFO - [2025-08-06T20:36:29.150+0000] {dag.py:4180} INFO - Setting next_dagrun for dataset_consumes_unknown_never_scheduled to None, run_after=None
[2025-08-06T20:36:29.155+0000] {logging_mixin.py:190} INFO - [2025-08-06T20:36:29.155+0000] {dag.py:4180} INFO - Setting next_dagrun for dataset_produces_1 to 2025-08-05 00:00:00+00:00, run_after=2025-08-06 00:00:00+00:00
[2025-08-06T20:36:29.158+0000] {logging_mixin.py:190} INFO - [2025-08-06T20:36:29.157+0000] {dag.py:4180} INFO - Setting next_dagrun for dataset_produces_2 to None, run_after=None
[2025-08-06T20:36:29.206+0000] {processor.py:208} INFO - Processing /home/airflow/.local/lib/python3.12/site-packages/airflow/example_dags/example_datasets.py took 1.090 seconds
[2025-08-06T20:36:47.362+0000] {processor.py:186} INFO - Started process (PID=931) to work on /home/airflow/.local/lib/python3.12/site-packages/airflow/example_dags/example_datasets.py
[2025-08-06T20:36:47.363+0000] {processor.py:914} INFO - Processing file /home/airflow/.local/lib/python3.12/site-packages/airflow/example_dags/example_datasets.py for tasks to queue
[2025-08-06T20:36:47.364+0000] {logging_mixin.py:190} INFO - [2025-08-06T20:36:47.364+0000] {dagbag.py:588} INFO - Filling up the DagBag from /home/airflow/.local/lib/python3.12/site-packages/airflow/example_dags/example_datasets.py
[2025-08-06T20:36:48.108+0000] {processor.py:925} INFO - DAG(s) 'conditional_dataset_and_time_based_timetable', 'dataset_consumes_1_never_scheduled', 'dataset_consumes_1', 'consume_1_and_2_with_dataset_expressions', 'dataset_produces_2', 'consume_1_or_both_2_and_3_with_dataset_expressions', 'dataset_consumes_unknown_never_scheduled', 'dataset_consumes_1_and_2', 'dataset_produces_1', 'consume_1_or_2_with_dataset_expressions' retrieved from /home/airflow/.local/lib/python3.12/site-packages/airflow/example_dags/example_datasets.py
[2025-08-06T20:36:48.176+0000] {logging_mixin.py:190} INFO - [2025-08-06T20:36:48.176+0000] {dag.py:3239} INFO - Sync 10 DAGs
[2025-08-06T20:36:48.231+0000] {logging_mixin.py:190} INFO - [2025-08-06T20:36:48.230+0000] {dag.py:4180} INFO - Setting next_dagrun for conditional_dataset_and_time_based_timetable to 2025-08-06 01:00:00+00:00, run_after=2025-08-06 01:00:00+00:00
[2025-08-06T20:36:48.238+0000] {logging_mixin.py:190} INFO - [2025-08-06T20:36:48.238+0000] {dag.py:4180} INFO - Setting next_dagrun for consume_1_and_2_with_dataset_expressions to None, run_after=None
[2025-08-06T20:36:48.242+0000] {logging_mixin.py:190} INFO - [2025-08-06T20:36:48.242+0000] {dag.py:4180} INFO - Setting next_dagrun for consume_1_or_2_with_dataset_expressions to None, run_after=None
[2025-08-06T20:36:48.245+0000] {logging_mixin.py:190} INFO - [2025-08-06T20:36:48.245+0000] {dag.py:4180} INFO - Setting next_dagrun for consume_1_or_both_2_and_3_with_dataset_expressions to None, run_after=None
[2025-08-06T20:36:48.248+0000] {logging_mixin.py:190} INFO - [2025-08-06T20:36:48.247+0000] {dag.py:4180} INFO - Setting next_dagrun for dataset_consumes_1 to None, run_after=None
[2025-08-06T20:36:48.250+0000] {logging_mixin.py:190} INFO - [2025-08-06T20:36:48.250+0000] {dag.py:4180} INFO - Setting next_dagrun for dataset_consumes_1_and_2 to None, run_after=None
[2025-08-06T20:36:48.260+0000] {logging_mixin.py:190} INFO - [2025-08-06T20:36:48.259+0000] {dag.py:4180} INFO - Setting next_dagrun for dataset_consumes_1_never_scheduled to None, run_after=None
[2025-08-06T20:36:48.263+0000] {logging_mixin.py:190} INFO - [2025-08-06T20:36:48.263+0000] {dag.py:4180} INFO - Setting next_dagrun for dataset_consumes_unknown_never_scheduled to None, run_after=None
[2025-08-06T20:36:48.269+0000] {logging_mixin.py:190} INFO - [2025-08-06T20:36:48.268+0000] {dag.py:4180} INFO - Setting next_dagrun for dataset_produces_1 to 2025-08-05 00:00:00+00:00, run_after=2025-08-06 00:00:00+00:00
[2025-08-06T20:36:48.272+0000] {logging_mixin.py:190} INFO - [2025-08-06T20:36:48.271+0000] {dag.py:4180} INFO - Setting next_dagrun for dataset_produces_2 to None, run_after=None
[2025-08-06T20:36:48.359+0000] {processor.py:208} INFO - Processing /home/airflow/.local/lib/python3.12/site-packages/airflow/example_dags/example_datasets.py took 1.003 seconds
