[2025-08-06T20:30:18.183+0000] {processor.py:186} INFO - Started process (PID=122) to work on /home/airflow/.local/lib/python3.12/site-packages/airflow/example_dags/example_short_circuit_decorator.py
[2025-08-06T20:30:18.185+0000] {processor.py:914} INFO - Processing file /home/airflow/.local/lib/python3.12/site-packages/airflow/example_dags/example_short_circuit_decorator.py for tasks to queue
[2025-08-06T20:30:18.189+0000] {logging_mixin.py:190} INFO - [2025-08-06T20:30:18.188+0000] {dagbag.py:588} INFO - Filling up the DagBag from /home/airflow/.local/lib/python3.12/site-packages/airflow/example_dags/example_short_circuit_decorator.py
[2025-08-06T20:30:18.245+0000] {processor.py:925} INFO - DAG(s) 'example_short_circuit_decorator' retrieved from /home/airflow/.local/lib/python3.12/site-packages/airflow/example_dags/example_short_circuit_decorator.py
[2025-08-06T20:30:18.311+0000] {logging_mixin.py:190} INFO - [2025-08-06T20:30:18.310+0000] {dag.py:3239} INFO - Sync 1 DAGs
[2025-08-06T20:30:18.343+0000] {logging_mixin.py:190} INFO - [2025-08-06T20:30:18.342+0000] {dag.py:4180} INFO - Setting next_dagrun for example_short_circuit_decorator to None, run_after=None
[2025-08-06T20:30:18.381+0000] {processor.py:208} INFO - Processing /home/airflow/.local/lib/python3.12/site-packages/airflow/example_dags/example_short_circuit_decorator.py took 0.212 seconds
[2025-08-06T20:30:35.610+0000] {processor.py:186} INFO - Started process (PID=191) to work on /home/airflow/.local/lib/python3.12/site-packages/airflow/example_dags/example_short_circuit_decorator.py
[2025-08-06T20:30:35.612+0000] {processor.py:914} INFO - Processing file /home/airflow/.local/lib/python3.12/site-packages/airflow/example_dags/example_short_circuit_decorator.py for tasks to queue
[2025-08-06T20:30:35.614+0000] {logging_mixin.py:190} INFO - [2025-08-06T20:30:35.613+0000] {dagbag.py:588} INFO - Filling up the DagBag from /home/airflow/.local/lib/python3.12/site-packages/airflow/example_dags/example_short_circuit_decorator.py
[2025-08-06T20:30:35.631+0000] {processor.py:925} INFO - DAG(s) 'example_short_circuit_decorator' retrieved from /home/airflow/.local/lib/python3.12/site-packages/airflow/example_dags/example_short_circuit_decorator.py
[2025-08-06T20:30:35.662+0000] {logging_mixin.py:190} INFO - [2025-08-06T20:30:35.662+0000] {dag.py:3239} INFO - Sync 1 DAGs
[2025-08-06T20:30:35.679+0000] {logging_mixin.py:190} INFO - [2025-08-06T20:30:35.678+0000] {dag.py:4180} INFO - Setting next_dagrun for example_short_circuit_decorator to None, run_after=None
[2025-08-06T20:30:35.705+0000] {processor.py:208} INFO - Processing /home/airflow/.local/lib/python3.12/site-packages/airflow/example_dags/example_short_circuit_decorator.py took 0.106 seconds
[2025-08-06T20:30:59.769+0000] {processor.py:186} INFO - Started process (PID=248) to work on /home/airflow/.local/lib/python3.12/site-packages/airflow/example_dags/example_short_circuit_decorator.py
[2025-08-06T20:30:59.770+0000] {processor.py:914} INFO - Processing file /home/airflow/.local/lib/python3.12/site-packages/airflow/example_dags/example_short_circuit_decorator.py for tasks to queue
[2025-08-06T20:30:59.773+0000] {logging_mixin.py:190} INFO - [2025-08-06T20:30:59.772+0000] {dagbag.py:588} INFO - Filling up the DagBag from /home/airflow/.local/lib/python3.12/site-packages/airflow/example_dags/example_short_circuit_decorator.py
[2025-08-06T20:30:59.788+0000] {processor.py:925} INFO - DAG(s) 'example_short_circuit_decorator' retrieved from /home/airflow/.local/lib/python3.12/site-packages/airflow/example_dags/example_short_circuit_decorator.py
[2025-08-06T20:30:59.816+0000] {logging_mixin.py:190} INFO - [2025-08-06T20:30:59.815+0000] {dag.py:3239} INFO - Sync 1 DAGs
[2025-08-06T20:30:59.844+0000] {logging_mixin.py:190} INFO - [2025-08-06T20:30:59.843+0000] {dag.py:4180} INFO - Setting next_dagrun for example_short_circuit_decorator to None, run_after=None
[2025-08-06T20:30:59.874+0000] {processor.py:208} INFO - Processing /home/airflow/.local/lib/python3.12/site-packages/airflow/example_dags/example_short_circuit_decorator.py took 0.116 seconds
[2025-08-06T20:31:20.227+0000] {processor.py:186} INFO - Started process (PID=312) to work on /home/airflow/.local/lib/python3.12/site-packages/airflow/example_dags/example_short_circuit_decorator.py
[2025-08-06T20:31:20.228+0000] {processor.py:914} INFO - Processing file /home/airflow/.local/lib/python3.12/site-packages/airflow/example_dags/example_short_circuit_decorator.py for tasks to queue
[2025-08-06T20:31:20.230+0000] {logging_mixin.py:190} INFO - [2025-08-06T20:31:20.230+0000] {dagbag.py:588} INFO - Filling up the DagBag from /home/airflow/.local/lib/python3.12/site-packages/airflow/example_dags/example_short_circuit_decorator.py
[2025-08-06T20:31:20.244+0000] {processor.py:925} INFO - DAG(s) 'example_short_circuit_decorator' retrieved from /home/airflow/.local/lib/python3.12/site-packages/airflow/example_dags/example_short_circuit_decorator.py
[2025-08-06T20:31:20.289+0000] {logging_mixin.py:190} INFO - [2025-08-06T20:31:20.288+0000] {dag.py:3239} INFO - Sync 1 DAGs
[2025-08-06T20:31:20.321+0000] {logging_mixin.py:190} INFO - [2025-08-06T20:31:20.321+0000] {dag.py:4180} INFO - Setting next_dagrun for example_short_circuit_decorator to None, run_after=None
[2025-08-06T20:31:20.365+0000] {processor.py:208} INFO - Processing /home/airflow/.local/lib/python3.12/site-packages/airflow/example_dags/example_short_circuit_decorator.py took 0.144 seconds
[2025-08-06T20:31:30.605+0000] {processor.py:186} INFO - Started process (PID=369) to work on /home/airflow/.local/lib/python3.12/site-packages/airflow/example_dags/example_short_circuit_decorator.py
[2025-08-06T20:31:30.607+0000] {processor.py:914} INFO - Processing file /home/airflow/.local/lib/python3.12/site-packages/airflow/example_dags/example_short_circuit_decorator.py for tasks to queue
[2025-08-06T20:31:30.609+0000] {logging_mixin.py:190} INFO - [2025-08-06T20:31:30.608+0000] {dagbag.py:588} INFO - Filling up the DagBag from /home/airflow/.local/lib/python3.12/site-packages/airflow/example_dags/example_short_circuit_decorator.py
[2025-08-06T20:31:30.626+0000] {processor.py:925} INFO - DAG(s) 'example_short_circuit_decorator' retrieved from /home/airflow/.local/lib/python3.12/site-packages/airflow/example_dags/example_short_circuit_decorator.py
[2025-08-06T20:31:30.661+0000] {logging_mixin.py:190} INFO - [2025-08-06T20:31:30.661+0000] {dag.py:3239} INFO - Sync 1 DAGs
[2025-08-06T20:31:30.681+0000] {logging_mixin.py:190} INFO - [2025-08-06T20:31:30.681+0000] {dag.py:4180} INFO - Setting next_dagrun for example_short_circuit_decorator to None, run_after=None
[2025-08-06T20:31:30.711+0000] {processor.py:208} INFO - Processing /home/airflow/.local/lib/python3.12/site-packages/airflow/example_dags/example_short_circuit_decorator.py took 0.113 seconds
[2025-08-06T20:31:58.933+0000] {processor.py:186} INFO - Started process (PID=433) to work on /home/airflow/.local/lib/python3.12/site-packages/airflow/example_dags/example_short_circuit_decorator.py
[2025-08-06T20:31:58.935+0000] {processor.py:914} INFO - Processing file /home/airflow/.local/lib/python3.12/site-packages/airflow/example_dags/example_short_circuit_decorator.py for tasks to queue
[2025-08-06T20:31:58.937+0000] {logging_mixin.py:190} INFO - [2025-08-06T20:31:58.936+0000] {dagbag.py:588} INFO - Filling up the DagBag from /home/airflow/.local/lib/python3.12/site-packages/airflow/example_dags/example_short_circuit_decorator.py
[2025-08-06T20:31:58.949+0000] {processor.py:925} INFO - DAG(s) 'example_short_circuit_decorator' retrieved from /home/airflow/.local/lib/python3.12/site-packages/airflow/example_dags/example_short_circuit_decorator.py
[2025-08-06T20:31:58.972+0000] {logging_mixin.py:190} INFO - [2025-08-06T20:31:58.972+0000] {dag.py:3239} INFO - Sync 1 DAGs
[2025-08-06T20:31:58.988+0000] {logging_mixin.py:190} INFO - [2025-08-06T20:31:58.987+0000] {dag.py:4180} INFO - Setting next_dagrun for example_short_circuit_decorator to None, run_after=None
[2025-08-06T20:31:59.014+0000] {processor.py:208} INFO - Processing /home/airflow/.local/lib/python3.12/site-packages/airflow/example_dags/example_short_circuit_decorator.py took 0.085 seconds
[2025-08-06T20:32:30.408+0000] {processor.py:186} INFO - Started process (PID=499) to work on /home/airflow/.local/lib/python3.12/site-packages/airflow/example_dags/example_short_circuit_decorator.py
[2025-08-06T20:32:30.409+0000] {processor.py:914} INFO - Processing file /home/airflow/.local/lib/python3.12/site-packages/airflow/example_dags/example_short_circuit_decorator.py for tasks to queue
[2025-08-06T20:32:30.410+0000] {logging_mixin.py:190} INFO - [2025-08-06T20:32:30.410+0000] {dagbag.py:588} INFO - Filling up the DagBag from /home/airflow/.local/lib/python3.12/site-packages/airflow/example_dags/example_short_circuit_decorator.py
[2025-08-06T20:32:30.419+0000] {processor.py:925} INFO - DAG(s) 'example_short_circuit_decorator' retrieved from /home/airflow/.local/lib/python3.12/site-packages/airflow/example_dags/example_short_circuit_decorator.py
[2025-08-06T20:32:30.442+0000] {logging_mixin.py:190} INFO - [2025-08-06T20:32:30.441+0000] {dag.py:3239} INFO - Sync 1 DAGs
[2025-08-06T20:32:30.463+0000] {logging_mixin.py:190} INFO - [2025-08-06T20:32:30.462+0000] {dag.py:4180} INFO - Setting next_dagrun for example_short_circuit_decorator to None, run_after=None
[2025-08-06T20:32:30.483+0000] {processor.py:208} INFO - Processing /home/airflow/.local/lib/python3.12/site-packages/airflow/example_dags/example_short_circuit_decorator.py took 0.080 seconds
[2025-08-06T20:33:01.209+0000] {processor.py:186} INFO - Started process (PID=560) to work on /home/airflow/.local/lib/python3.12/site-packages/airflow/example_dags/example_short_circuit_decorator.py
[2025-08-06T20:33:01.210+0000] {processor.py:914} INFO - Processing file /home/airflow/.local/lib/python3.12/site-packages/airflow/example_dags/example_short_circuit_decorator.py for tasks to queue
[2025-08-06T20:33:01.212+0000] {logging_mixin.py:190} INFO - [2025-08-06T20:33:01.211+0000] {dagbag.py:588} INFO - Filling up the DagBag from /home/airflow/.local/lib/python3.12/site-packages/airflow/example_dags/example_short_circuit_decorator.py
[2025-08-06T20:33:01.221+0000] {processor.py:925} INFO - DAG(s) 'example_short_circuit_decorator' retrieved from /home/airflow/.local/lib/python3.12/site-packages/airflow/example_dags/example_short_circuit_decorator.py
[2025-08-06T20:33:01.247+0000] {logging_mixin.py:190} INFO - [2025-08-06T20:33:01.246+0000] {dag.py:3239} INFO - Sync 1 DAGs
[2025-08-06T20:33:01.262+0000] {logging_mixin.py:190} INFO - [2025-08-06T20:33:01.261+0000] {dag.py:4180} INFO - Setting next_dagrun for example_short_circuit_decorator to None, run_after=None
[2025-08-06T20:33:01.287+0000] {processor.py:208} INFO - Processing /home/airflow/.local/lib/python3.12/site-packages/airflow/example_dags/example_short_circuit_decorator.py took 0.083 seconds
[2025-08-06T20:33:31.489+0000] {processor.py:186} INFO - Started process (PID=621) to work on /home/airflow/.local/lib/python3.12/site-packages/airflow/example_dags/example_short_circuit_decorator.py
[2025-08-06T20:33:31.490+0000] {processor.py:914} INFO - Processing file /home/airflow/.local/lib/python3.12/site-packages/airflow/example_dags/example_short_circuit_decorator.py for tasks to queue
[2025-08-06T20:33:31.492+0000] {logging_mixin.py:190} INFO - [2025-08-06T20:33:31.491+0000] {dagbag.py:588} INFO - Filling up the DagBag from /home/airflow/.local/lib/python3.12/site-packages/airflow/example_dags/example_short_circuit_decorator.py
[2025-08-06T20:33:31.501+0000] {processor.py:925} INFO - DAG(s) 'example_short_circuit_decorator' retrieved from /home/airflow/.local/lib/python3.12/site-packages/airflow/example_dags/example_short_circuit_decorator.py
[2025-08-06T20:33:31.526+0000] {logging_mixin.py:190} INFO - [2025-08-06T20:33:31.525+0000] {dag.py:3239} INFO - Sync 1 DAGs
[2025-08-06T20:33:31.542+0000] {logging_mixin.py:190} INFO - [2025-08-06T20:33:31.542+0000] {dag.py:4180} INFO - Setting next_dagrun for example_short_circuit_decorator to None, run_after=None
[2025-08-06T20:33:31.565+0000] {processor.py:208} INFO - Processing /home/airflow/.local/lib/python3.12/site-packages/airflow/example_dags/example_short_circuit_decorator.py took 0.081 seconds
[2025-08-06T20:34:02.746+0000] {processor.py:186} INFO - Started process (PID=691) to work on /home/airflow/.local/lib/python3.12/site-packages/airflow/example_dags/example_short_circuit_decorator.py
[2025-08-06T20:34:02.747+0000] {processor.py:914} INFO - Processing file /home/airflow/.local/lib/python3.12/site-packages/airflow/example_dags/example_short_circuit_decorator.py for tasks to queue
[2025-08-06T20:34:02.749+0000] {logging_mixin.py:190} INFO - [2025-08-06T20:34:02.748+0000] {dagbag.py:588} INFO - Filling up the DagBag from /home/airflow/.local/lib/python3.12/site-packages/airflow/example_dags/example_short_circuit_decorator.py
[2025-08-06T20:34:02.759+0000] {processor.py:925} INFO - DAG(s) 'example_short_circuit_decorator' retrieved from /home/airflow/.local/lib/python3.12/site-packages/airflow/example_dags/example_short_circuit_decorator.py
[2025-08-06T20:34:02.783+0000] {logging_mixin.py:190} INFO - [2025-08-06T20:34:02.783+0000] {dag.py:3239} INFO - Sync 1 DAGs
[2025-08-06T20:34:02.799+0000] {logging_mixin.py:190} INFO - [2025-08-06T20:34:02.799+0000] {dag.py:4180} INFO - Setting next_dagrun for example_short_circuit_decorator to None, run_after=None
[2025-08-06T20:34:02.824+0000] {processor.py:208} INFO - Processing /home/airflow/.local/lib/python3.12/site-packages/airflow/example_dags/example_short_circuit_decorator.py took 0.083 seconds
[2025-08-06T20:34:33.568+0000] {processor.py:186} INFO - Started process (PID=757) to work on /home/airflow/.local/lib/python3.12/site-packages/airflow/example_dags/example_short_circuit_decorator.py
[2025-08-06T20:34:33.569+0000] {processor.py:914} INFO - Processing file /home/airflow/.local/lib/python3.12/site-packages/airflow/example_dags/example_short_circuit_decorator.py for tasks to queue
[2025-08-06T20:34:33.571+0000] {logging_mixin.py:190} INFO - [2025-08-06T20:34:33.570+0000] {dagbag.py:588} INFO - Filling up the DagBag from /home/airflow/.local/lib/python3.12/site-packages/airflow/example_dags/example_short_circuit_decorator.py
[2025-08-06T20:34:33.582+0000] {processor.py:925} INFO - DAG(s) 'example_short_circuit_decorator' retrieved from /home/airflow/.local/lib/python3.12/site-packages/airflow/example_dags/example_short_circuit_decorator.py
[2025-08-06T20:34:33.608+0000] {logging_mixin.py:190} INFO - [2025-08-06T20:34:33.608+0000] {dag.py:3239} INFO - Sync 1 DAGs
[2025-08-06T20:34:33.625+0000] {logging_mixin.py:190} INFO - [2025-08-06T20:34:33.625+0000] {dag.py:4180} INFO - Setting next_dagrun for example_short_circuit_decorator to None, run_after=None
[2025-08-06T20:34:33.649+0000] {processor.py:208} INFO - Processing /home/airflow/.local/lib/python3.12/site-packages/airflow/example_dags/example_short_circuit_decorator.py took 0.088 seconds
[2025-08-06T20:35:57.751+0000] {processor.py:186} INFO - Started process (PID=815) to work on /home/airflow/.local/lib/python3.12/site-packages/airflow/example_dags/example_short_circuit_decorator.py
[2025-08-06T20:35:57.752+0000] {processor.py:914} INFO - Processing file /home/airflow/.local/lib/python3.12/site-packages/airflow/example_dags/example_short_circuit_decorator.py for tasks to queue
[2025-08-06T20:35:57.754+0000] {logging_mixin.py:190} INFO - [2025-08-06T20:35:57.754+0000] {dagbag.py:588} INFO - Filling up the DagBag from /home/airflow/.local/lib/python3.12/site-packages/airflow/example_dags/example_short_circuit_decorator.py
[2025-08-06T20:35:57.768+0000] {processor.py:925} INFO - DAG(s) 'example_short_circuit_decorator' retrieved from /home/airflow/.local/lib/python3.12/site-packages/airflow/example_dags/example_short_circuit_decorator.py
[2025-08-06T20:35:57.801+0000] {logging_mixin.py:190} INFO - [2025-08-06T20:35:57.801+0000] {dag.py:3239} INFO - Sync 1 DAGs
[2025-08-06T20:35:57.825+0000] {logging_mixin.py:190} INFO - [2025-08-06T20:35:57.824+0000] {dag.py:4180} INFO - Setting next_dagrun for example_short_circuit_decorator to None, run_after=None
[2025-08-06T20:35:57.858+0000] {processor.py:208} INFO - Processing /home/airflow/.local/lib/python3.12/site-packages/airflow/example_dags/example_short_circuit_decorator.py took 0.113 seconds
[2025-08-06T20:36:31.462+0000] {processor.py:186} INFO - Started process (PID=893) to work on /home/airflow/.local/lib/python3.12/site-packages/airflow/example_dags/example_short_circuit_decorator.py
[2025-08-06T20:36:31.463+0000] {processor.py:914} INFO - Processing file /home/airflow/.local/lib/python3.12/site-packages/airflow/example_dags/example_short_circuit_decorator.py for tasks to queue
[2025-08-06T20:36:31.465+0000] {logging_mixin.py:190} INFO - [2025-08-06T20:36:31.465+0000] {dagbag.py:588} INFO - Filling up the DagBag from /home/airflow/.local/lib/python3.12/site-packages/airflow/example_dags/example_short_circuit_decorator.py
[2025-08-06T20:36:31.477+0000] {processor.py:925} INFO - DAG(s) 'example_short_circuit_decorator' retrieved from /home/airflow/.local/lib/python3.12/site-packages/airflow/example_dags/example_short_circuit_decorator.py
[2025-08-06T20:36:31.503+0000] {logging_mixin.py:190} INFO - [2025-08-06T20:36:31.503+0000] {dag.py:3239} INFO - Sync 1 DAGs
[2025-08-06T20:36:31.528+0000] {logging_mixin.py:190} INFO - [2025-08-06T20:36:31.528+0000] {dag.py:4180} INFO - Setting next_dagrun for example_short_circuit_decorator to None, run_after=None
[2025-08-06T20:36:31.554+0000] {processor.py:208} INFO - Processing /home/airflow/.local/lib/python3.12/site-packages/airflow/example_dags/example_short_circuit_decorator.py took 0.102 seconds
[2025-08-06T20:36:50.407+0000] {processor.py:186} INFO - Started process (PID=955) to work on /home/airflow/.local/lib/python3.12/site-packages/airflow/example_dags/example_short_circuit_decorator.py
[2025-08-06T20:36:50.408+0000] {processor.py:914} INFO - Processing file /home/airflow/.local/lib/python3.12/site-packages/airflow/example_dags/example_short_circuit_decorator.py for tasks to queue
[2025-08-06T20:36:50.409+0000] {logging_mixin.py:190} INFO - [2025-08-06T20:36:50.409+0000] {dagbag.py:588} INFO - Filling up the DagBag from /home/airflow/.local/lib/python3.12/site-packages/airflow/example_dags/example_short_circuit_decorator.py
[2025-08-06T20:36:50.421+0000] {processor.py:925} INFO - DAG(s) 'example_short_circuit_decorator' retrieved from /home/airflow/.local/lib/python3.12/site-packages/airflow/example_dags/example_short_circuit_decorator.py
[2025-08-06T20:36:50.448+0000] {logging_mixin.py:190} INFO - [2025-08-06T20:36:50.448+0000] {dag.py:3239} INFO - Sync 1 DAGs
[2025-08-06T20:36:50.468+0000] {logging_mixin.py:190} INFO - [2025-08-06T20:36:50.468+0000] {dag.py:4180} INFO - Setting next_dagrun for example_short_circuit_decorator to None, run_after=None
[2025-08-06T20:36:50.493+0000] {processor.py:208} INFO - Processing /home/airflow/.local/lib/python3.12/site-packages/airflow/example_dags/example_short_circuit_decorator.py took 0.094 seconds
