[2025-08-06T20:30:17.362+0000] {processor.py:186} INFO - Started process (PID=117) to work on /home/airflow/.local/lib/python3.12/site-packages/airflow/example_dags/example_bash_operator.py
[2025-08-06T20:30:17.364+0000] {processor.py:914} INFO - Processing file /home/airflow/.local/lib/python3.12/site-packages/airflow/example_dags/example_bash_operator.py for tasks to queue
[2025-08-06T20:30:17.368+0000] {logging_mixin.py:190} INFO - [2025-08-06T20:30:17.367+0000] {dagbag.py:588} INFO - Filling up the DagBag from /home/airflow/.local/lib/python3.12/site-packages/airflow/example_dags/example_bash_operator.py
[2025-08-06T20:30:17.400+0000] {processor.py:925} INFO - DAG(s) 'example_bash_operator' retrieved from /home/airflow/.local/lib/python3.12/site-packages/airflow/example_dags/example_bash_operator.py
[2025-08-06T20:30:17.473+0000] {logging_mixin.py:190} INFO - [2025-08-06T20:30:17.472+0000] {dag.py:3239} INFO - Sync 1 DAGs
[2025-08-06T20:30:17.529+0000] {logging_mixin.py:190} INFO - [2025-08-06T20:30:17.529+0000] {dag.py:4180} INFO - Setting next_dagrun for example_bash_operator to 2025-08-05 00:00:00+00:00, run_after=2025-08-06 00:00:00+00:00
[2025-08-06T20:30:17.567+0000] {processor.py:208} INFO - Processing /home/airflow/.local/lib/python3.12/site-packages/airflow/example_dags/example_bash_operator.py took 0.218 seconds
[2025-08-06T20:30:35.024+0000] {processor.py:186} INFO - Started process (PID=186) to work on /home/airflow/.local/lib/python3.12/site-packages/airflow/example_dags/example_bash_operator.py
[2025-08-06T20:30:35.026+0000] {processor.py:914} INFO - Processing file /home/airflow/.local/lib/python3.12/site-packages/airflow/example_dags/example_bash_operator.py for tasks to queue
[2025-08-06T20:30:35.027+0000] {logging_mixin.py:190} INFO - [2025-08-06T20:30:35.027+0000] {dagbag.py:588} INFO - Filling up the DagBag from /home/airflow/.local/lib/python3.12/site-packages/airflow/example_dags/example_bash_operator.py
[2025-08-06T20:30:35.046+0000] {processor.py:925} INFO - DAG(s) 'example_bash_operator' retrieved from /home/airflow/.local/lib/python3.12/site-packages/airflow/example_dags/example_bash_operator.py
[2025-08-06T20:30:35.093+0000] {logging_mixin.py:190} INFO - [2025-08-06T20:30:35.093+0000] {dag.py:3239} INFO - Sync 1 DAGs
[2025-08-06T20:30:35.139+0000] {logging_mixin.py:190} INFO - [2025-08-06T20:30:35.138+0000] {dag.py:4180} INFO - Setting next_dagrun for example_bash_operator to 2025-08-05 00:00:00+00:00, run_after=2025-08-06 00:00:00+00:00
[2025-08-06T20:30:35.167+0000] {processor.py:208} INFO - Processing /home/airflow/.local/lib/python3.12/site-packages/airflow/example_dags/example_bash_operator.py took 0.152 seconds
[2025-08-06T20:30:59.268+0000] {processor.py:186} INFO - Started process (PID=243) to work on /home/airflow/.local/lib/python3.12/site-packages/airflow/example_dags/example_bash_operator.py
[2025-08-06T20:30:59.269+0000] {processor.py:914} INFO - Processing file /home/airflow/.local/lib/python3.12/site-packages/airflow/example_dags/example_bash_operator.py for tasks to queue
[2025-08-06T20:30:59.271+0000] {logging_mixin.py:190} INFO - [2025-08-06T20:30:59.271+0000] {dagbag.py:588} INFO - Filling up the DagBag from /home/airflow/.local/lib/python3.12/site-packages/airflow/example_dags/example_bash_operator.py
[2025-08-06T20:30:59.295+0000] {processor.py:925} INFO - DAG(s) 'example_bash_operator' retrieved from /home/airflow/.local/lib/python3.12/site-packages/airflow/example_dags/example_bash_operator.py
[2025-08-06T20:30:59.346+0000] {logging_mixin.py:190} INFO - [2025-08-06T20:30:59.346+0000] {dag.py:3239} INFO - Sync 1 DAGs
[2025-08-06T20:30:59.381+0000] {logging_mixin.py:190} INFO - [2025-08-06T20:30:59.380+0000] {dag.py:4180} INFO - Setting next_dagrun for example_bash_operator to 2025-08-05 00:00:00+00:00, run_after=2025-08-06 00:00:00+00:00
[2025-08-06T20:30:59.406+0000] {processor.py:208} INFO - Processing /home/airflow/.local/lib/python3.12/site-packages/airflow/example_dags/example_bash_operator.py took 0.143 seconds
[2025-08-06T20:31:19.919+0000] {processor.py:186} INFO - Started process (PID=309) to work on /home/airflow/.local/lib/python3.12/site-packages/airflow/example_dags/example_bash_operator.py
[2025-08-06T20:31:19.921+0000] {processor.py:914} INFO - Processing file /home/airflow/.local/lib/python3.12/site-packages/airflow/example_dags/example_bash_operator.py for tasks to queue
[2025-08-06T20:31:19.923+0000] {logging_mixin.py:190} INFO - [2025-08-06T20:31:19.922+0000] {dagbag.py:588} INFO - Filling up the DagBag from /home/airflow/.local/lib/python3.12/site-packages/airflow/example_dags/example_bash_operator.py
[2025-08-06T20:31:19.944+0000] {processor.py:925} INFO - DAG(s) 'example_bash_operator' retrieved from /home/airflow/.local/lib/python3.12/site-packages/airflow/example_dags/example_bash_operator.py
[2025-08-06T20:31:19.991+0000] {logging_mixin.py:190} INFO - [2025-08-06T20:31:19.991+0000] {dag.py:3239} INFO - Sync 1 DAGs
[2025-08-06T20:31:20.027+0000] {logging_mixin.py:190} INFO - [2025-08-06T20:31:20.026+0000] {dag.py:4180} INFO - Setting next_dagrun for example_bash_operator to 2025-08-05 00:00:00+00:00, run_after=2025-08-06 00:00:00+00:00
[2025-08-06T20:31:20.057+0000] {processor.py:208} INFO - Processing /home/airflow/.local/lib/python3.12/site-packages/airflow/example_dags/example_bash_operator.py took 0.147 seconds
[2025-08-06T20:31:30.271+0000] {processor.py:186} INFO - Started process (PID=366) to work on /home/airflow/.local/lib/python3.12/site-packages/airflow/example_dags/example_bash_operator.py
[2025-08-06T20:31:30.272+0000] {processor.py:914} INFO - Processing file /home/airflow/.local/lib/python3.12/site-packages/airflow/example_dags/example_bash_operator.py for tasks to queue
[2025-08-06T20:31:30.274+0000] {logging_mixin.py:190} INFO - [2025-08-06T20:31:30.274+0000] {dagbag.py:588} INFO - Filling up the DagBag from /home/airflow/.local/lib/python3.12/site-packages/airflow/example_dags/example_bash_operator.py
[2025-08-06T20:31:30.290+0000] {processor.py:925} INFO - DAG(s) 'example_bash_operator' retrieved from /home/airflow/.local/lib/python3.12/site-packages/airflow/example_dags/example_bash_operator.py
[2025-08-06T20:31:30.323+0000] {logging_mixin.py:190} INFO - [2025-08-06T20:31:30.322+0000] {dag.py:3239} INFO - Sync 1 DAGs
[2025-08-06T20:31:30.353+0000] {logging_mixin.py:190} INFO - [2025-08-06T20:31:30.353+0000] {dag.py:4180} INFO - Setting next_dagrun for example_bash_operator to 2025-08-05 00:00:00+00:00, run_after=2025-08-06 00:00:00+00:00
[2025-08-06T20:31:30.379+0000] {processor.py:208} INFO - Processing /home/airflow/.local/lib/python3.12/site-packages/airflow/example_dags/example_bash_operator.py took 0.115 seconds
[2025-08-06T20:31:58.492+0000] {processor.py:186} INFO - Started process (PID=428) to work on /home/airflow/.local/lib/python3.12/site-packages/airflow/example_dags/example_bash_operator.py
[2025-08-06T20:31:58.493+0000] {processor.py:914} INFO - Processing file /home/airflow/.local/lib/python3.12/site-packages/airflow/example_dags/example_bash_operator.py for tasks to queue
[2025-08-06T20:31:58.494+0000] {logging_mixin.py:190} INFO - [2025-08-06T20:31:58.494+0000] {dagbag.py:588} INFO - Filling up the DagBag from /home/airflow/.local/lib/python3.12/site-packages/airflow/example_dags/example_bash_operator.py
[2025-08-06T20:31:58.508+0000] {processor.py:925} INFO - DAG(s) 'example_bash_operator' retrieved from /home/airflow/.local/lib/python3.12/site-packages/airflow/example_dags/example_bash_operator.py
[2025-08-06T20:31:58.534+0000] {logging_mixin.py:190} INFO - [2025-08-06T20:31:58.534+0000] {dag.py:3239} INFO - Sync 1 DAGs
[2025-08-06T20:31:58.560+0000] {logging_mixin.py:190} INFO - [2025-08-06T20:31:58.560+0000] {dag.py:4180} INFO - Setting next_dagrun for example_bash_operator to 2025-08-05 00:00:00+00:00, run_after=2025-08-06 00:00:00+00:00
[2025-08-06T20:31:58.583+0000] {processor.py:208} INFO - Processing /home/airflow/.local/lib/python3.12/site-packages/airflow/example_dags/example_bash_operator.py took 0.097 seconds
[2025-08-06T20:32:30.020+0000] {processor.py:186} INFO - Started process (PID=494) to work on /home/airflow/.local/lib/python3.12/site-packages/airflow/example_dags/example_bash_operator.py
[2025-08-06T20:32:30.021+0000] {processor.py:914} INFO - Processing file /home/airflow/.local/lib/python3.12/site-packages/airflow/example_dags/example_bash_operator.py for tasks to queue
[2025-08-06T20:32:30.022+0000] {logging_mixin.py:190} INFO - [2025-08-06T20:32:30.022+0000] {dagbag.py:588} INFO - Filling up the DagBag from /home/airflow/.local/lib/python3.12/site-packages/airflow/example_dags/example_bash_operator.py
[2025-08-06T20:32:30.034+0000] {processor.py:925} INFO - DAG(s) 'example_bash_operator' retrieved from /home/airflow/.local/lib/python3.12/site-packages/airflow/example_dags/example_bash_operator.py
[2025-08-06T20:32:30.060+0000] {logging_mixin.py:190} INFO - [2025-08-06T20:32:30.060+0000] {dag.py:3239} INFO - Sync 1 DAGs
[2025-08-06T20:32:30.086+0000] {logging_mixin.py:190} INFO - [2025-08-06T20:32:30.086+0000] {dag.py:4180} INFO - Setting next_dagrun for example_bash_operator to 2025-08-05 00:00:00+00:00, run_after=2025-08-06 00:00:00+00:00
[2025-08-06T20:32:30.107+0000] {processor.py:208} INFO - Processing /home/airflow/.local/lib/python3.12/site-packages/airflow/example_dags/example_bash_operator.py took 0.092 seconds
[2025-08-06T20:33:00.654+0000] {processor.py:186} INFO - Started process (PID=555) to work on /home/airflow/.local/lib/python3.12/site-packages/airflow/example_dags/example_bash_operator.py
[2025-08-06T20:33:00.655+0000] {processor.py:914} INFO - Processing file /home/airflow/.local/lib/python3.12/site-packages/airflow/example_dags/example_bash_operator.py for tasks to queue
[2025-08-06T20:33:00.656+0000] {logging_mixin.py:190} INFO - [2025-08-06T20:33:00.656+0000] {dagbag.py:588} INFO - Filling up the DagBag from /home/airflow/.local/lib/python3.12/site-packages/airflow/example_dags/example_bash_operator.py
[2025-08-06T20:33:00.669+0000] {processor.py:925} INFO - DAG(s) 'example_bash_operator' retrieved from /home/airflow/.local/lib/python3.12/site-packages/airflow/example_dags/example_bash_operator.py
[2025-08-06T20:33:00.701+0000] {logging_mixin.py:190} INFO - [2025-08-06T20:33:00.701+0000] {dag.py:3239} INFO - Sync 1 DAGs
[2025-08-06T20:33:00.728+0000] {logging_mixin.py:190} INFO - [2025-08-06T20:33:00.727+0000] {dag.py:4180} INFO - Setting next_dagrun for example_bash_operator to 2025-08-05 00:00:00+00:00, run_after=2025-08-06 00:00:00+00:00
[2025-08-06T20:33:00.750+0000] {processor.py:208} INFO - Processing /home/airflow/.local/lib/python3.12/site-packages/airflow/example_dags/example_bash_operator.py took 0.101 seconds
[2025-08-06T20:33:31.007+0000] {processor.py:186} INFO - Started process (PID=616) to work on /home/airflow/.local/lib/python3.12/site-packages/airflow/example_dags/example_bash_operator.py
[2025-08-06T20:33:31.009+0000] {processor.py:914} INFO - Processing file /home/airflow/.local/lib/python3.12/site-packages/airflow/example_dags/example_bash_operator.py for tasks to queue
[2025-08-06T20:33:31.011+0000] {logging_mixin.py:190} INFO - [2025-08-06T20:33:31.011+0000] {dagbag.py:588} INFO - Filling up the DagBag from /home/airflow/.local/lib/python3.12/site-packages/airflow/example_dags/example_bash_operator.py
[2025-08-06T20:33:31.023+0000] {processor.py:925} INFO - DAG(s) 'example_bash_operator' retrieved from /home/airflow/.local/lib/python3.12/site-packages/airflow/example_dags/example_bash_operator.py
[2025-08-06T20:33:31.058+0000] {logging_mixin.py:190} INFO - [2025-08-06T20:33:31.058+0000] {dag.py:3239} INFO - Sync 1 DAGs
[2025-08-06T20:33:31.084+0000] {logging_mixin.py:190} INFO - [2025-08-06T20:33:31.084+0000] {dag.py:4180} INFO - Setting next_dagrun for example_bash_operator to 2025-08-05 00:00:00+00:00, run_after=2025-08-06 00:00:00+00:00
[2025-08-06T20:33:31.108+0000] {processor.py:208} INFO - Processing /home/airflow/.local/lib/python3.12/site-packages/airflow/example_dags/example_bash_operator.py took 0.107 seconds
[2025-08-06T20:34:02.370+0000] {processor.py:186} INFO - Started process (PID=686) to work on /home/airflow/.local/lib/python3.12/site-packages/airflow/example_dags/example_bash_operator.py
[2025-08-06T20:34:02.371+0000] {processor.py:914} INFO - Processing file /home/airflow/.local/lib/python3.12/site-packages/airflow/example_dags/example_bash_operator.py for tasks to queue
[2025-08-06T20:34:02.372+0000] {logging_mixin.py:190} INFO - [2025-08-06T20:34:02.372+0000] {dagbag.py:588} INFO - Filling up the DagBag from /home/airflow/.local/lib/python3.12/site-packages/airflow/example_dags/example_bash_operator.py
[2025-08-06T20:34:02.384+0000] {processor.py:925} INFO - DAG(s) 'example_bash_operator' retrieved from /home/airflow/.local/lib/python3.12/site-packages/airflow/example_dags/example_bash_operator.py
[2025-08-06T20:34:02.413+0000] {logging_mixin.py:190} INFO - [2025-08-06T20:34:02.412+0000] {dag.py:3239} INFO - Sync 1 DAGs
[2025-08-06T20:34:02.440+0000] {logging_mixin.py:190} INFO - [2025-08-06T20:34:02.440+0000] {dag.py:4180} INFO - Setting next_dagrun for example_bash_operator to 2025-08-05 00:00:00+00:00, run_after=2025-08-06 00:00:00+00:00
[2025-08-06T20:34:02.467+0000] {processor.py:208} INFO - Processing /home/airflow/.local/lib/python3.12/site-packages/airflow/example_dags/example_bash_operator.py took 0.102 seconds
[2025-08-06T20:34:32.864+0000] {processor.py:186} INFO - Started process (PID=752) to work on /home/airflow/.local/lib/python3.12/site-packages/airflow/example_dags/example_bash_operator.py
[2025-08-06T20:34:32.865+0000] {processor.py:914} INFO - Processing file /home/airflow/.local/lib/python3.12/site-packages/airflow/example_dags/example_bash_operator.py for tasks to queue
[2025-08-06T20:34:32.867+0000] {logging_mixin.py:190} INFO - [2025-08-06T20:34:32.867+0000] {dagbag.py:588} INFO - Filling up the DagBag from /home/airflow/.local/lib/python3.12/site-packages/airflow/example_dags/example_bash_operator.py
[2025-08-06T20:34:32.885+0000] {processor.py:925} INFO - DAG(s) 'example_bash_operator' retrieved from /home/airflow/.local/lib/python3.12/site-packages/airflow/example_dags/example_bash_operator.py
[2025-08-06T20:34:32.920+0000] {logging_mixin.py:190} INFO - [2025-08-06T20:34:32.919+0000] {dag.py:3239} INFO - Sync 1 DAGs
[2025-08-06T20:34:32.953+0000] {logging_mixin.py:190} INFO - [2025-08-06T20:34:32.952+0000] {dag.py:4180} INFO - Setting next_dagrun for example_bash_operator to 2025-08-05 00:00:00+00:00, run_after=2025-08-06 00:00:00+00:00
[2025-08-06T20:34:32.979+0000] {processor.py:208} INFO - Processing /home/airflow/.local/lib/python3.12/site-packages/airflow/example_dags/example_bash_operator.py took 0.122 seconds
[2025-08-06T20:35:57.341+0000] {processor.py:186} INFO - Started process (PID=810) to work on /home/airflow/.local/lib/python3.12/site-packages/airflow/example_dags/example_bash_operator.py
[2025-08-06T20:35:57.342+0000] {processor.py:914} INFO - Processing file /home/airflow/.local/lib/python3.12/site-packages/airflow/example_dags/example_bash_operator.py for tasks to queue
[2025-08-06T20:35:57.344+0000] {logging_mixin.py:190} INFO - [2025-08-06T20:35:57.344+0000] {dagbag.py:588} INFO - Filling up the DagBag from /home/airflow/.local/lib/python3.12/site-packages/airflow/example_dags/example_bash_operator.py
[2025-08-06T20:35:57.359+0000] {processor.py:925} INFO - DAG(s) 'example_bash_operator' retrieved from /home/airflow/.local/lib/python3.12/site-packages/airflow/example_dags/example_bash_operator.py
[2025-08-06T20:35:57.388+0000] {logging_mixin.py:190} INFO - [2025-08-06T20:35:57.388+0000] {dag.py:3239} INFO - Sync 1 DAGs
[2025-08-06T20:35:57.414+0000] {logging_mixin.py:190} INFO - [2025-08-06T20:35:57.414+0000] {dag.py:4180} INFO - Setting next_dagrun for example_bash_operator to 2025-08-05 00:00:00+00:00, run_after=2025-08-06 00:00:00+00:00
[2025-08-06T20:35:57.437+0000] {processor.py:208} INFO - Processing /home/airflow/.local/lib/python3.12/site-packages/airflow/example_dags/example_bash_operator.py took 0.101 seconds
[2025-08-06T20:36:31.001+0000] {processor.py:186} INFO - Started process (PID=888) to work on /home/airflow/.local/lib/python3.12/site-packages/airflow/example_dags/example_bash_operator.py
[2025-08-06T20:36:31.002+0000] {processor.py:914} INFO - Processing file /home/airflow/.local/lib/python3.12/site-packages/airflow/example_dags/example_bash_operator.py for tasks to queue
[2025-08-06T20:36:31.004+0000] {logging_mixin.py:190} INFO - [2025-08-06T20:36:31.004+0000] {dagbag.py:588} INFO - Filling up the DagBag from /home/airflow/.local/lib/python3.12/site-packages/airflow/example_dags/example_bash_operator.py
[2025-08-06T20:36:31.023+0000] {processor.py:925} INFO - DAG(s) 'example_bash_operator' retrieved from /home/airflow/.local/lib/python3.12/site-packages/airflow/example_dags/example_bash_operator.py
[2025-08-06T20:36:31.055+0000] {logging_mixin.py:190} INFO - [2025-08-06T20:36:31.054+0000] {dag.py:3239} INFO - Sync 1 DAGs
[2025-08-06T20:36:31.089+0000] {logging_mixin.py:190} INFO - [2025-08-06T20:36:31.089+0000] {dag.py:4180} INFO - Setting next_dagrun for example_bash_operator to 2025-08-05 00:00:00+00:00, run_after=2025-08-06 00:00:00+00:00
[2025-08-06T20:36:31.113+0000] {processor.py:208} INFO - Processing /home/airflow/.local/lib/python3.12/site-packages/airflow/example_dags/example_bash_operator.py took 0.119 seconds
[2025-08-06T20:36:50.039+0000] {processor.py:186} INFO - Started process (PID=950) to work on /home/airflow/.local/lib/python3.12/site-packages/airflow/example_dags/example_bash_operator.py
[2025-08-06T20:36:50.041+0000] {processor.py:914} INFO - Processing file /home/airflow/.local/lib/python3.12/site-packages/airflow/example_dags/example_bash_operator.py for tasks to queue
[2025-08-06T20:36:50.042+0000] {logging_mixin.py:190} INFO - [2025-08-06T20:36:50.042+0000] {dagbag.py:588} INFO - Filling up the DagBag from /home/airflow/.local/lib/python3.12/site-packages/airflow/example_dags/example_bash_operator.py
[2025-08-06T20:36:50.057+0000] {processor.py:925} INFO - DAG(s) 'example_bash_operator' retrieved from /home/airflow/.local/lib/python3.12/site-packages/airflow/example_dags/example_bash_operator.py
[2025-08-06T20:36:50.089+0000] {logging_mixin.py:190} INFO - [2025-08-06T20:36:50.089+0000] {dag.py:3239} INFO - Sync 1 DAGs
[2025-08-06T20:36:50.116+0000] {logging_mixin.py:190} INFO - [2025-08-06T20:36:50.116+0000] {dag.py:4180} INFO - Setting next_dagrun for example_bash_operator to 2025-08-05 00:00:00+00:00, run_after=2025-08-06 00:00:00+00:00
[2025-08-06T20:36:50.153+0000] {processor.py:208} INFO - Processing /home/airflow/.local/lib/python3.12/site-packages/airflow/example_dags/example_bash_operator.py took 0.120 seconds
