[2025-08-06T20:30:19.798+0000] {processor.py:186} INFO - Started process (PID=134) to work on /home/airflow/.local/lib/python3.12/site-packages/airflow/example_dags/example_branch_operator.py
[2025-08-06T20:30:19.800+0000] {processor.py:914} INFO - Processing file /home/airflow/.local/lib/python3.12/site-packages/airflow/example_dags/example_branch_operator.py for tasks to queue
[2025-08-06T20:30:19.803+0000] {logging_mixin.py:190} INFO - [2025-08-06T20:30:19.802+0000] {dagbag.py:588} INFO - Filling up the DagBag from /home/airflow/.local/lib/python3.12/site-packages/airflow/example_dags/example_branch_operator.py
[2025-08-06T20:30:19.843+0000] {processor.py:925} INFO - DAG(s) 'example_branch_operator' retrieved from /home/airflow/.local/lib/python3.12/site-packages/airflow/example_dags/example_branch_operator.py
[2025-08-06T20:30:20.006+0000] {logging_mixin.py:190} INFO - [2025-08-06T20:30:20.005+0000] {dag.py:3239} INFO - Sync 1 DAGs
[2025-08-06T20:30:20.137+0000] {logging_mixin.py:190} INFO - [2025-08-06T20:30:20.136+0000] {dag.py:4180} INFO - Setting next_dagrun for example_branch_operator to 2025-08-05 00:00:00+00:00, run_after=2025-08-06 00:00:00+00:00
[2025-08-06T20:30:20.235+0000] {processor.py:208} INFO - Processing /home/airflow/.local/lib/python3.12/site-packages/airflow/example_dags/example_branch_operator.py took 0.873 seconds
[2025-08-06T20:30:36.883+0000] {processor.py:186} INFO - Started process (PID=203) to work on /home/airflow/.local/lib/python3.12/site-packages/airflow/example_dags/example_branch_operator.py
[2025-08-06T20:30:36.884+0000] {processor.py:914} INFO - Processing file /home/airflow/.local/lib/python3.12/site-packages/airflow/example_dags/example_branch_operator.py for tasks to queue
[2025-08-06T20:30:36.886+0000] {logging_mixin.py:190} INFO - [2025-08-06T20:30:36.886+0000] {dagbag.py:588} INFO - Filling up the DagBag from /home/airflow/.local/lib/python3.12/site-packages/airflow/example_dags/example_branch_operator.py
[2025-08-06T20:30:36.918+0000] {processor.py:925} INFO - DAG(s) 'example_branch_operator' retrieved from /home/airflow/.local/lib/python3.12/site-packages/airflow/example_dags/example_branch_operator.py
[2025-08-06T20:30:36.934+0000] {logging_mixin.py:190} INFO - [2025-08-06T20:30:36.933+0000] {dag.py:3239} INFO - Sync 1 DAGs
[2025-08-06T20:30:36.972+0000] {logging_mixin.py:190} INFO - [2025-08-06T20:30:36.972+0000] {dag.py:4180} INFO - Setting next_dagrun for example_branch_operator to 2025-08-05 00:00:00+00:00, run_after=2025-08-06 00:00:00+00:00
[2025-08-06T20:30:36.997+0000] {processor.py:208} INFO - Processing /home/airflow/.local/lib/python3.12/site-packages/airflow/example_dags/example_branch_operator.py took 0.125 seconds
[2025-08-06T20:31:00.941+0000] {processor.py:186} INFO - Started process (PID=260) to work on /home/airflow/.local/lib/python3.12/site-packages/airflow/example_dags/example_branch_operator.py
[2025-08-06T20:31:00.942+0000] {processor.py:914} INFO - Processing file /home/airflow/.local/lib/python3.12/site-packages/airflow/example_dags/example_branch_operator.py for tasks to queue
[2025-08-06T20:31:00.944+0000] {logging_mixin.py:190} INFO - [2025-08-06T20:31:00.943+0000] {dagbag.py:588} INFO - Filling up the DagBag from /home/airflow/.local/lib/python3.12/site-packages/airflow/example_dags/example_branch_operator.py
[2025-08-06T20:31:00.964+0000] {processor.py:925} INFO - DAG(s) 'example_branch_operator' retrieved from /home/airflow/.local/lib/python3.12/site-packages/airflow/example_dags/example_branch_operator.py
[2025-08-06T20:31:00.999+0000] {logging_mixin.py:190} INFO - [2025-08-06T20:31:00.998+0000] {dag.py:3239} INFO - Sync 1 DAGs
[2025-08-06T20:31:01.029+0000] {logging_mixin.py:190} INFO - [2025-08-06T20:31:01.028+0000] {dag.py:4180} INFO - Setting next_dagrun for example_branch_operator to 2025-08-05 00:00:00+00:00, run_after=2025-08-06 00:00:00+00:00
[2025-08-06T20:31:01.058+0000] {processor.py:208} INFO - Processing /home/airflow/.local/lib/python3.12/site-packages/airflow/example_dags/example_branch_operator.py took 0.124 seconds
[2025-08-06T20:31:21.091+0000] {processor.py:186} INFO - Started process (PID=324) to work on /home/airflow/.local/lib/python3.12/site-packages/airflow/example_dags/example_branch_operator.py
[2025-08-06T20:31:21.093+0000] {processor.py:914} INFO - Processing file /home/airflow/.local/lib/python3.12/site-packages/airflow/example_dags/example_branch_operator.py for tasks to queue
[2025-08-06T20:31:21.094+0000] {logging_mixin.py:190} INFO - [2025-08-06T20:31:21.094+0000] {dagbag.py:588} INFO - Filling up the DagBag from /home/airflow/.local/lib/python3.12/site-packages/airflow/example_dags/example_branch_operator.py
[2025-08-06T20:31:21.117+0000] {processor.py:925} INFO - DAG(s) 'example_branch_operator' retrieved from /home/airflow/.local/lib/python3.12/site-packages/airflow/example_dags/example_branch_operator.py
[2025-08-06T20:31:21.147+0000] {logging_mixin.py:190} INFO - [2025-08-06T20:31:21.147+0000] {dag.py:3239} INFO - Sync 1 DAGs
[2025-08-06T20:31:21.175+0000] {logging_mixin.py:190} INFO - [2025-08-06T20:31:21.175+0000] {dag.py:4180} INFO - Setting next_dagrun for example_branch_operator to 2025-08-05 00:00:00+00:00, run_after=2025-08-06 00:00:00+00:00
[2025-08-06T20:31:21.200+0000] {processor.py:208} INFO - Processing /home/airflow/.local/lib/python3.12/site-packages/airflow/example_dags/example_branch_operator.py took 0.114 seconds
[2025-08-06T20:31:31.764+0000] {processor.py:186} INFO - Started process (PID=381) to work on /home/airflow/.local/lib/python3.12/site-packages/airflow/example_dags/example_branch_operator.py
[2025-08-06T20:31:31.766+0000] {processor.py:914} INFO - Processing file /home/airflow/.local/lib/python3.12/site-packages/airflow/example_dags/example_branch_operator.py for tasks to queue
[2025-08-06T20:31:31.768+0000] {logging_mixin.py:190} INFO - [2025-08-06T20:31:31.768+0000] {dagbag.py:588} INFO - Filling up the DagBag from /home/airflow/.local/lib/python3.12/site-packages/airflow/example_dags/example_branch_operator.py
[2025-08-06T20:31:31.801+0000] {processor.py:925} INFO - DAG(s) 'example_branch_operator' retrieved from /home/airflow/.local/lib/python3.12/site-packages/airflow/example_dags/example_branch_operator.py
[2025-08-06T20:31:31.852+0000] {logging_mixin.py:190} INFO - [2025-08-06T20:31:31.851+0000] {dag.py:3239} INFO - Sync 1 DAGs
[2025-08-06T20:31:31.902+0000] {logging_mixin.py:190} INFO - [2025-08-06T20:31:31.902+0000] {dag.py:4180} INFO - Setting next_dagrun for example_branch_operator to 2025-08-05 00:00:00+00:00, run_after=2025-08-06 00:00:00+00:00
[2025-08-06T20:31:31.935+0000] {processor.py:208} INFO - Processing /home/airflow/.local/lib/python3.12/site-packages/airflow/example_dags/example_branch_operator.py took 0.181 seconds
[2025-08-06T20:31:59.835+0000] {processor.py:186} INFO - Started process (PID=445) to work on /home/airflow/.local/lib/python3.12/site-packages/airflow/example_dags/example_branch_operator.py
[2025-08-06T20:31:59.836+0000] {processor.py:914} INFO - Processing file /home/airflow/.local/lib/python3.12/site-packages/airflow/example_dags/example_branch_operator.py for tasks to queue
[2025-08-06T20:31:59.837+0000] {logging_mixin.py:190} INFO - [2025-08-06T20:31:59.837+0000] {dagbag.py:588} INFO - Filling up the DagBag from /home/airflow/.local/lib/python3.12/site-packages/airflow/example_dags/example_branch_operator.py
[2025-08-06T20:31:59.857+0000] {processor.py:925} INFO - DAG(s) 'example_branch_operator' retrieved from /home/airflow/.local/lib/python3.12/site-packages/airflow/example_dags/example_branch_operator.py
[2025-08-06T20:31:59.886+0000] {logging_mixin.py:190} INFO - [2025-08-06T20:31:59.885+0000] {dag.py:3239} INFO - Sync 1 DAGs
[2025-08-06T20:31:59.913+0000] {logging_mixin.py:190} INFO - [2025-08-06T20:31:59.913+0000] {dag.py:4180} INFO - Setting next_dagrun for example_branch_operator to 2025-08-05 00:00:00+00:00, run_after=2025-08-06 00:00:00+00:00
[2025-08-06T20:31:59.937+0000] {processor.py:208} INFO - Processing /home/airflow/.local/lib/python3.12/site-packages/airflow/example_dags/example_branch_operator.py took 0.108 seconds
[2025-08-06T20:32:31.165+0000] {processor.py:186} INFO - Started process (PID=509) to work on /home/airflow/.local/lib/python3.12/site-packages/airflow/example_dags/example_branch_operator.py
[2025-08-06T20:32:31.166+0000] {processor.py:914} INFO - Processing file /home/airflow/.local/lib/python3.12/site-packages/airflow/example_dags/example_branch_operator.py for tasks to queue
[2025-08-06T20:32:31.168+0000] {logging_mixin.py:190} INFO - [2025-08-06T20:32:31.167+0000] {dagbag.py:588} INFO - Filling up the DagBag from /home/airflow/.local/lib/python3.12/site-packages/airflow/example_dags/example_branch_operator.py
[2025-08-06T20:32:31.186+0000] {processor.py:925} INFO - DAG(s) 'example_branch_operator' retrieved from /home/airflow/.local/lib/python3.12/site-packages/airflow/example_dags/example_branch_operator.py
[2025-08-06T20:32:31.215+0000] {logging_mixin.py:190} INFO - [2025-08-06T20:32:31.214+0000] {dag.py:3239} INFO - Sync 1 DAGs
[2025-08-06T20:32:31.240+0000] {logging_mixin.py:190} INFO - [2025-08-06T20:32:31.240+0000] {dag.py:4180} INFO - Setting next_dagrun for example_branch_operator to 2025-08-05 00:00:00+00:00, run_after=2025-08-06 00:00:00+00:00
[2025-08-06T20:32:31.264+0000] {processor.py:208} INFO - Processing /home/airflow/.local/lib/python3.12/site-packages/airflow/example_dags/example_branch_operator.py took 0.105 seconds
[2025-08-06T20:33:02.100+0000] {processor.py:186} INFO - Started process (PID=570) to work on /home/airflow/.local/lib/python3.12/site-packages/airflow/example_dags/example_branch_operator.py
[2025-08-06T20:33:02.101+0000] {processor.py:914} INFO - Processing file /home/airflow/.local/lib/python3.12/site-packages/airflow/example_dags/example_branch_operator.py for tasks to queue
[2025-08-06T20:33:02.102+0000] {logging_mixin.py:190} INFO - [2025-08-06T20:33:02.102+0000] {dagbag.py:588} INFO - Filling up the DagBag from /home/airflow/.local/lib/python3.12/site-packages/airflow/example_dags/example_branch_operator.py
[2025-08-06T20:33:02.120+0000] {processor.py:925} INFO - DAG(s) 'example_branch_operator' retrieved from /home/airflow/.local/lib/python3.12/site-packages/airflow/example_dags/example_branch_operator.py
[2025-08-06T20:33:02.151+0000] {logging_mixin.py:190} INFO - [2025-08-06T20:33:02.151+0000] {dag.py:3239} INFO - Sync 1 DAGs
[2025-08-06T20:33:02.177+0000] {logging_mixin.py:190} INFO - [2025-08-06T20:33:02.176+0000] {dag.py:4180} INFO - Setting next_dagrun for example_branch_operator to 2025-08-05 00:00:00+00:00, run_after=2025-08-06 00:00:00+00:00
[2025-08-06T20:33:02.201+0000] {processor.py:208} INFO - Processing /home/airflow/.local/lib/python3.12/site-packages/airflow/example_dags/example_branch_operator.py took 0.106 seconds
[2025-08-06T20:33:32.278+0000] {processor.py:186} INFO - Started process (PID=631) to work on /home/airflow/.local/lib/python3.12/site-packages/airflow/example_dags/example_branch_operator.py
[2025-08-06T20:33:32.279+0000] {processor.py:914} INFO - Processing file /home/airflow/.local/lib/python3.12/site-packages/airflow/example_dags/example_branch_operator.py for tasks to queue
[2025-08-06T20:33:32.281+0000] {logging_mixin.py:190} INFO - [2025-08-06T20:33:32.280+0000] {dagbag.py:588} INFO - Filling up the DagBag from /home/airflow/.local/lib/python3.12/site-packages/airflow/example_dags/example_branch_operator.py
[2025-08-06T20:33:32.299+0000] {processor.py:925} INFO - DAG(s) 'example_branch_operator' retrieved from /home/airflow/.local/lib/python3.12/site-packages/airflow/example_dags/example_branch_operator.py
[2025-08-06T20:33:32.330+0000] {logging_mixin.py:190} INFO - [2025-08-06T20:33:32.330+0000] {dag.py:3239} INFO - Sync 1 DAGs
[2025-08-06T20:33:32.359+0000] {logging_mixin.py:190} INFO - [2025-08-06T20:33:32.359+0000] {dag.py:4180} INFO - Setting next_dagrun for example_branch_operator to 2025-08-05 00:00:00+00:00, run_after=2025-08-06 00:00:00+00:00
[2025-08-06T20:33:32.381+0000] {processor.py:208} INFO - Processing /home/airflow/.local/lib/python3.12/site-packages/airflow/example_dags/example_branch_operator.py took 0.108 seconds
[2025-08-06T20:34:03.397+0000] {processor.py:186} INFO - Started process (PID=701) to work on /home/airflow/.local/lib/python3.12/site-packages/airflow/example_dags/example_branch_operator.py
[2025-08-06T20:34:03.399+0000] {processor.py:914} INFO - Processing file /home/airflow/.local/lib/python3.12/site-packages/airflow/example_dags/example_branch_operator.py for tasks to queue
[2025-08-06T20:34:03.401+0000] {logging_mixin.py:190} INFO - [2025-08-06T20:34:03.401+0000] {dagbag.py:588} INFO - Filling up the DagBag from /home/airflow/.local/lib/python3.12/site-packages/airflow/example_dags/example_branch_operator.py
[2025-08-06T20:34:03.427+0000] {processor.py:925} INFO - DAG(s) 'example_branch_operator' retrieved from /home/airflow/.local/lib/python3.12/site-packages/airflow/example_dags/example_branch_operator.py
[2025-08-06T20:34:03.467+0000] {logging_mixin.py:190} INFO - [2025-08-06T20:34:03.467+0000] {dag.py:3239} INFO - Sync 1 DAGs
[2025-08-06T20:34:03.504+0000] {logging_mixin.py:190} INFO - [2025-08-06T20:34:03.504+0000] {dag.py:4180} INFO - Setting next_dagrun for example_branch_operator to 2025-08-05 00:00:00+00:00, run_after=2025-08-06 00:00:00+00:00
[2025-08-06T20:34:03.538+0000] {processor.py:208} INFO - Processing /home/airflow/.local/lib/python3.12/site-packages/airflow/example_dags/example_branch_operator.py took 0.148 seconds
[2025-08-06T20:34:34.227+0000] {processor.py:186} INFO - Started process (PID=767) to work on /home/airflow/.local/lib/python3.12/site-packages/airflow/example_dags/example_branch_operator.py
[2025-08-06T20:34:34.228+0000] {processor.py:914} INFO - Processing file /home/airflow/.local/lib/python3.12/site-packages/airflow/example_dags/example_branch_operator.py for tasks to queue
[2025-08-06T20:34:34.229+0000] {logging_mixin.py:190} INFO - [2025-08-06T20:34:34.229+0000] {dagbag.py:588} INFO - Filling up the DagBag from /home/airflow/.local/lib/python3.12/site-packages/airflow/example_dags/example_branch_operator.py
[2025-08-06T20:34:34.252+0000] {processor.py:925} INFO - DAG(s) 'example_branch_operator' retrieved from /home/airflow/.local/lib/python3.12/site-packages/airflow/example_dags/example_branch_operator.py
[2025-08-06T20:34:34.283+0000] {logging_mixin.py:190} INFO - [2025-08-06T20:34:34.282+0000] {dag.py:3239} INFO - Sync 1 DAGs
[2025-08-06T20:34:34.311+0000] {logging_mixin.py:190} INFO - [2025-08-06T20:34:34.311+0000] {dag.py:4180} INFO - Setting next_dagrun for example_branch_operator to 2025-08-05 00:00:00+00:00, run_after=2025-08-06 00:00:00+00:00
[2025-08-06T20:34:34.335+0000] {processor.py:208} INFO - Processing /home/airflow/.local/lib/python3.12/site-packages/airflow/example_dags/example_branch_operator.py took 0.115 seconds
[2025-08-06T20:35:58.609+0000] {processor.py:186} INFO - Started process (PID=827) to work on /home/airflow/.local/lib/python3.12/site-packages/airflow/example_dags/example_branch_operator.py
[2025-08-06T20:35:58.610+0000] {processor.py:914} INFO - Processing file /home/airflow/.local/lib/python3.12/site-packages/airflow/example_dags/example_branch_operator.py for tasks to queue
[2025-08-06T20:35:58.612+0000] {logging_mixin.py:190} INFO - [2025-08-06T20:35:58.611+0000] {dagbag.py:588} INFO - Filling up the DagBag from /home/airflow/.local/lib/python3.12/site-packages/airflow/example_dags/example_branch_operator.py
[2025-08-06T20:35:58.628+0000] {processor.py:925} INFO - DAG(s) 'example_branch_operator' retrieved from /home/airflow/.local/lib/python3.12/site-packages/airflow/example_dags/example_branch_operator.py
[2025-08-06T20:35:58.660+0000] {logging_mixin.py:190} INFO - [2025-08-06T20:35:58.660+0000] {dag.py:3239} INFO - Sync 1 DAGs
[2025-08-06T20:35:58.689+0000] {logging_mixin.py:190} INFO - [2025-08-06T20:35:58.688+0000] {dag.py:4180} INFO - Setting next_dagrun for example_branch_operator to 2025-08-05 00:00:00+00:00, run_after=2025-08-06 00:00:00+00:00
[2025-08-06T20:35:58.717+0000] {processor.py:208} INFO - Processing /home/airflow/.local/lib/python3.12/site-packages/airflow/example_dags/example_branch_operator.py took 0.113 seconds
[2025-08-06T20:36:32.360+0000] {processor.py:186} INFO - Started process (PID=905) to work on /home/airflow/.local/lib/python3.12/site-packages/airflow/example_dags/example_branch_operator.py
[2025-08-06T20:36:32.361+0000] {processor.py:914} INFO - Processing file /home/airflow/.local/lib/python3.12/site-packages/airflow/example_dags/example_branch_operator.py for tasks to queue
[2025-08-06T20:36:32.363+0000] {logging_mixin.py:190} INFO - [2025-08-06T20:36:32.363+0000] {dagbag.py:588} INFO - Filling up the DagBag from /home/airflow/.local/lib/python3.12/site-packages/airflow/example_dags/example_branch_operator.py
[2025-08-06T20:36:32.388+0000] {processor.py:925} INFO - DAG(s) 'example_branch_operator' retrieved from /home/airflow/.local/lib/python3.12/site-packages/airflow/example_dags/example_branch_operator.py
[2025-08-06T20:36:32.428+0000] {logging_mixin.py:190} INFO - [2025-08-06T20:36:32.428+0000] {dag.py:3239} INFO - Sync 1 DAGs
[2025-08-06T20:36:32.464+0000] {logging_mixin.py:190} INFO - [2025-08-06T20:36:32.464+0000] {dag.py:4180} INFO - Setting next_dagrun for example_branch_operator to 2025-08-05 00:00:00+00:00, run_after=2025-08-06 00:00:00+00:00
[2025-08-06T20:36:32.489+0000] {processor.py:208} INFO - Processing /home/airflow/.local/lib/python3.12/site-packages/airflow/example_dags/example_branch_operator.py took 0.136 seconds
[2025-08-06T20:36:50.869+0000] {processor.py:186} INFO - Started process (PID=967) to work on /home/airflow/.local/lib/python3.12/site-packages/airflow/example_dags/example_branch_operator.py
[2025-08-06T20:36:50.870+0000] {processor.py:914} INFO - Processing file /home/airflow/.local/lib/python3.12/site-packages/airflow/example_dags/example_branch_operator.py for tasks to queue
[2025-08-06T20:36:50.872+0000] {logging_mixin.py:190} INFO - [2025-08-06T20:36:50.872+0000] {dagbag.py:588} INFO - Filling up the DagBag from /home/airflow/.local/lib/python3.12/site-packages/airflow/example_dags/example_branch_operator.py
[2025-08-06T20:36:50.892+0000] {processor.py:925} INFO - DAG(s) 'example_branch_operator' retrieved from /home/airflow/.local/lib/python3.12/site-packages/airflow/example_dags/example_branch_operator.py
[2025-08-06T20:36:50.926+0000] {logging_mixin.py:190} INFO - [2025-08-06T20:36:50.926+0000] {dag.py:3239} INFO - Sync 1 DAGs
[2025-08-06T20:36:50.955+0000] {logging_mixin.py:190} INFO - [2025-08-06T20:36:50.955+0000] {dag.py:4180} INFO - Setting next_dagrun for example_branch_operator to 2025-08-05 00:00:00+00:00, run_after=2025-08-06 00:00:00+00:00
[2025-08-06T20:36:50.980+0000] {processor.py:208} INFO - Processing /home/airflow/.local/lib/python3.12/site-packages/airflow/example_dags/example_branch_operator.py took 0.116 seconds
