[2025-08-06T20:30:06.034+0000] {processor.py:186} INFO - Started process (PID=91) to work on /home/airflow/.local/lib/python3.12/site-packages/airflow/example_dags/example_sensors.py
[2025-08-06T20:30:06.067+0000] {processor.py:914} INFO - Processing file /home/airflow/.local/lib/python3.12/site-packages/airflow/example_dags/example_sensors.py for tasks to queue
[2025-08-06T20:30:06.122+0000] {logging_mixin.py:190} INFO - [2025-08-06T20:30:06.121+0000] {dagbag.py:588} INFO - Filling up the DagBag from /home/airflow/.local/lib/python3.12/site-packages/airflow/example_dags/example_sensors.py
[2025-08-06T20:30:06.236+0000] {processor.py:925} INFO - DAG(s) 'example_sensors' retrieved from /home/airflow/.local/lib/python3.12/site-packages/airflow/example_dags/example_sensors.py
[2025-08-06T20:30:06.438+0000] {logging_mixin.py:190} INFO - [2025-08-06T20:30:06.438+0000] {dag.py:3239} INFO - Sync 1 DAGs
[2025-08-06T20:30:06.522+0000] {logging_mixin.py:190} INFO - [2025-08-06T20:30:06.521+0000] {dag.py:4180} INFO - Setting next_dagrun for example_sensors to None, run_after=None
[2025-08-06T20:30:06.640+0000] {processor.py:208} INFO - Processing /home/airflow/.local/lib/python3.12/site-packages/airflow/example_dags/example_sensors.py took 0.648 seconds
[2025-08-06T20:30:31.585+0000] {processor.py:186} INFO - Started process (PID=154) to work on /home/airflow/.local/lib/python3.12/site-packages/airflow/example_dags/example_sensors.py
[2025-08-06T20:30:31.586+0000] {processor.py:914} INFO - Processing file /home/airflow/.local/lib/python3.12/site-packages/airflow/example_dags/example_sensors.py for tasks to queue
[2025-08-06T20:30:31.588+0000] {logging_mixin.py:190} INFO - [2025-08-06T20:30:31.588+0000] {dagbag.py:588} INFO - Filling up the DagBag from /home/airflow/.local/lib/python3.12/site-packages/airflow/example_dags/example_sensors.py
[2025-08-06T20:30:31.604+0000] {processor.py:925} INFO - DAG(s) 'example_sensors' retrieved from /home/airflow/.local/lib/python3.12/site-packages/airflow/example_dags/example_sensors.py
[2025-08-06T20:30:31.638+0000] {logging_mixin.py:190} INFO - [2025-08-06T20:30:31.637+0000] {dag.py:3239} INFO - Sync 1 DAGs
[2025-08-06T20:30:31.657+0000] {logging_mixin.py:190} INFO - [2025-08-06T20:30:31.656+0000] {dag.py:4180} INFO - Setting next_dagrun for example_sensors to None, run_after=None
[2025-08-06T20:30:31.678+0000] {processor.py:208} INFO - Processing /home/airflow/.local/lib/python3.12/site-packages/airflow/example_dags/example_sensors.py took 0.100 seconds
[2025-08-06T20:30:56.524+0000] {processor.py:186} INFO - Started process (PID=219) to work on /home/airflow/.local/lib/python3.12/site-packages/airflow/example_dags/example_sensors.py
[2025-08-06T20:30:56.526+0000] {processor.py:914} INFO - Processing file /home/airflow/.local/lib/python3.12/site-packages/airflow/example_dags/example_sensors.py for tasks to queue
[2025-08-06T20:30:56.527+0000] {logging_mixin.py:190} INFO - [2025-08-06T20:30:56.527+0000] {dagbag.py:588} INFO - Filling up the DagBag from /home/airflow/.local/lib/python3.12/site-packages/airflow/example_dags/example_sensors.py
[2025-08-06T20:30:56.546+0000] {processor.py:925} INFO - DAG(s) 'example_sensors' retrieved from /home/airflow/.local/lib/python3.12/site-packages/airflow/example_dags/example_sensors.py
[2025-08-06T20:30:56.577+0000] {logging_mixin.py:190} INFO - [2025-08-06T20:30:56.577+0000] {dag.py:3239} INFO - Sync 1 DAGs
[2025-08-06T20:30:56.596+0000] {logging_mixin.py:190} INFO - [2025-08-06T20:30:56.596+0000] {dag.py:4180} INFO - Setting next_dagrun for example_sensors to None, run_after=None
[2025-08-06T20:30:56.624+0000] {processor.py:208} INFO - Processing /home/airflow/.local/lib/python3.12/site-packages/airflow/example_dags/example_sensors.py took 0.109 seconds
[2025-08-06T20:31:16.463+0000] {processor.py:186} INFO - Started process (PID=283) to work on /home/airflow/.local/lib/python3.12/site-packages/airflow/example_dags/example_sensors.py
[2025-08-06T20:31:16.465+0000] {processor.py:914} INFO - Processing file /home/airflow/.local/lib/python3.12/site-packages/airflow/example_dags/example_sensors.py for tasks to queue
[2025-08-06T20:31:16.467+0000] {logging_mixin.py:190} INFO - [2025-08-06T20:31:16.466+0000] {dagbag.py:588} INFO - Filling up the DagBag from /home/airflow/.local/lib/python3.12/site-packages/airflow/example_dags/example_sensors.py
[2025-08-06T20:31:16.478+0000] {processor.py:925} INFO - DAG(s) 'example_sensors' retrieved from /home/airflow/.local/lib/python3.12/site-packages/airflow/example_dags/example_sensors.py
[2025-08-06T20:31:16.506+0000] {logging_mixin.py:190} INFO - [2025-08-06T20:31:16.506+0000] {dag.py:3239} INFO - Sync 1 DAGs
[2025-08-06T20:31:16.526+0000] {logging_mixin.py:190} INFO - [2025-08-06T20:31:16.526+0000] {dag.py:4180} INFO - Setting next_dagrun for example_sensors to None, run_after=None
[2025-08-06T20:31:16.551+0000] {processor.py:208} INFO - Processing /home/airflow/.local/lib/python3.12/site-packages/airflow/example_dags/example_sensors.py took 0.094 seconds
[2025-08-06T20:31:26.619+0000] {processor.py:186} INFO - Started process (PID=341) to work on /home/airflow/.local/lib/python3.12/site-packages/airflow/example_dags/example_sensors.py
[2025-08-06T20:31:26.621+0000] {processor.py:914} INFO - Processing file /home/airflow/.local/lib/python3.12/site-packages/airflow/example_dags/example_sensors.py for tasks to queue
[2025-08-06T20:31:26.623+0000] {logging_mixin.py:190} INFO - [2025-08-06T20:31:26.623+0000] {dagbag.py:588} INFO - Filling up the DagBag from /home/airflow/.local/lib/python3.12/site-packages/airflow/example_dags/example_sensors.py
[2025-08-06T20:31:26.639+0000] {processor.py:925} INFO - DAG(s) 'example_sensors' retrieved from /home/airflow/.local/lib/python3.12/site-packages/airflow/example_dags/example_sensors.py
[2025-08-06T20:31:26.684+0000] {logging_mixin.py:190} INFO - [2025-08-06T20:31:26.684+0000] {dag.py:3239} INFO - Sync 1 DAGs
[2025-08-06T20:31:26.707+0000] {logging_mixin.py:190} INFO - [2025-08-06T20:31:26.707+0000] {dag.py:4180} INFO - Setting next_dagrun for example_sensors to None, run_after=None
[2025-08-06T20:31:26.732+0000] {processor.py:208} INFO - Processing /home/airflow/.local/lib/python3.12/site-packages/airflow/example_dags/example_sensors.py took 0.121 seconds
[2025-08-06T20:31:56.260+0000] {processor.py:186} INFO - Started process (PID=404) to work on /home/airflow/.local/lib/python3.12/site-packages/airflow/example_dags/example_sensors.py
[2025-08-06T20:31:56.261+0000] {processor.py:914} INFO - Processing file /home/airflow/.local/lib/python3.12/site-packages/airflow/example_dags/example_sensors.py for tasks to queue
[2025-08-06T20:31:56.262+0000] {logging_mixin.py:190} INFO - [2025-08-06T20:31:56.262+0000] {dagbag.py:588} INFO - Filling up the DagBag from /home/airflow/.local/lib/python3.12/site-packages/airflow/example_dags/example_sensors.py
[2025-08-06T20:31:56.274+0000] {processor.py:925} INFO - DAG(s) 'example_sensors' retrieved from /home/airflow/.local/lib/python3.12/site-packages/airflow/example_dags/example_sensors.py
[2025-08-06T20:31:56.298+0000] {logging_mixin.py:190} INFO - [2025-08-06T20:31:56.298+0000] {dag.py:3239} INFO - Sync 1 DAGs
[2025-08-06T20:31:56.314+0000] {logging_mixin.py:190} INFO - [2025-08-06T20:31:56.313+0000] {dag.py:4180} INFO - Setting next_dagrun for example_sensors to None, run_after=None
[2025-08-06T20:31:56.341+0000] {processor.py:208} INFO - Processing /home/airflow/.local/lib/python3.12/site-packages/airflow/example_dags/example_sensors.py took 0.086 seconds
[2025-08-06T20:32:25.965+0000] {processor.py:186} INFO - Started process (PID=468) to work on /home/airflow/.local/lib/python3.12/site-packages/airflow/example_dags/example_sensors.py
[2025-08-06T20:32:25.966+0000] {processor.py:914} INFO - Processing file /home/airflow/.local/lib/python3.12/site-packages/airflow/example_dags/example_sensors.py for tasks to queue
[2025-08-06T20:32:25.968+0000] {logging_mixin.py:190} INFO - [2025-08-06T20:32:25.967+0000] {dagbag.py:588} INFO - Filling up the DagBag from /home/airflow/.local/lib/python3.12/site-packages/airflow/example_dags/example_sensors.py
[2025-08-06T20:32:25.980+0000] {processor.py:925} INFO - DAG(s) 'example_sensors' retrieved from /home/airflow/.local/lib/python3.12/site-packages/airflow/example_dags/example_sensors.py
[2025-08-06T20:32:26.009+0000] {logging_mixin.py:190} INFO - [2025-08-06T20:32:26.009+0000] {dag.py:3239} INFO - Sync 1 DAGs
[2025-08-06T20:32:26.029+0000] {logging_mixin.py:190} INFO - [2025-08-06T20:32:26.029+0000] {dag.py:4180} INFO - Setting next_dagrun for example_sensors to None, run_after=None
[2025-08-06T20:32:26.056+0000] {processor.py:208} INFO - Processing /home/airflow/.local/lib/python3.12/site-packages/airflow/example_dags/example_sensors.py took 0.096 seconds
[2025-08-06T20:32:56.740+0000] {processor.py:186} INFO - Started process (PID=531) to work on /home/airflow/.local/lib/python3.12/site-packages/airflow/example_dags/example_sensors.py
[2025-08-06T20:32:56.742+0000] {processor.py:914} INFO - Processing file /home/airflow/.local/lib/python3.12/site-packages/airflow/example_dags/example_sensors.py for tasks to queue
[2025-08-06T20:32:56.743+0000] {logging_mixin.py:190} INFO - [2025-08-06T20:32:56.743+0000] {dagbag.py:588} INFO - Filling up the DagBag from /home/airflow/.local/lib/python3.12/site-packages/airflow/example_dags/example_sensors.py
[2025-08-06T20:32:56.754+0000] {processor.py:925} INFO - DAG(s) 'example_sensors' retrieved from /home/airflow/.local/lib/python3.12/site-packages/airflow/example_dags/example_sensors.py
[2025-08-06T20:32:56.780+0000] {logging_mixin.py:190} INFO - [2025-08-06T20:32:56.780+0000] {dag.py:3239} INFO - Sync 1 DAGs
[2025-08-06T20:32:56.796+0000] {logging_mixin.py:190} INFO - [2025-08-06T20:32:56.796+0000] {dag.py:4180} INFO - Setting next_dagrun for example_sensors to None, run_after=None
[2025-08-06T20:32:56.817+0000] {processor.py:208} INFO - Processing /home/airflow/.local/lib/python3.12/site-packages/airflow/example_dags/example_sensors.py took 0.082 seconds
[2025-08-06T20:33:27.643+0000] {processor.py:186} INFO - Started process (PID=592) to work on /home/airflow/.local/lib/python3.12/site-packages/airflow/example_dags/example_sensors.py
[2025-08-06T20:33:27.644+0000] {processor.py:914} INFO - Processing file /home/airflow/.local/lib/python3.12/site-packages/airflow/example_dags/example_sensors.py for tasks to queue
[2025-08-06T20:33:27.646+0000] {logging_mixin.py:190} INFO - [2025-08-06T20:33:27.645+0000] {dagbag.py:588} INFO - Filling up the DagBag from /home/airflow/.local/lib/python3.12/site-packages/airflow/example_dags/example_sensors.py
[2025-08-06T20:33:27.656+0000] {processor.py:925} INFO - DAG(s) 'example_sensors' retrieved from /home/airflow/.local/lib/python3.12/site-packages/airflow/example_dags/example_sensors.py
[2025-08-06T20:33:27.682+0000] {logging_mixin.py:190} INFO - [2025-08-06T20:33:27.681+0000] {dag.py:3239} INFO - Sync 1 DAGs
[2025-08-06T20:33:27.695+0000] {logging_mixin.py:190} INFO - [2025-08-06T20:33:27.695+0000] {dag.py:4180} INFO - Setting next_dagrun for example_sensors to None, run_after=None
[2025-08-06T20:33:27.717+0000] {processor.py:208} INFO - Processing /home/airflow/.local/lib/python3.12/site-packages/airflow/example_dags/example_sensors.py took 0.078 seconds
[2025-08-06T20:33:57.854+0000] {processor.py:186} INFO - Started process (PID=655) to work on /home/airflow/.local/lib/python3.12/site-packages/airflow/example_dags/example_sensors.py
[2025-08-06T20:33:57.856+0000] {processor.py:914} INFO - Processing file /home/airflow/.local/lib/python3.12/site-packages/airflow/example_dags/example_sensors.py for tasks to queue
[2025-08-06T20:33:57.857+0000] {logging_mixin.py:190} INFO - [2025-08-06T20:33:57.857+0000] {dagbag.py:588} INFO - Filling up the DagBag from /home/airflow/.local/lib/python3.12/site-packages/airflow/example_dags/example_sensors.py
[2025-08-06T20:33:57.868+0000] {processor.py:925} INFO - DAG(s) 'example_sensors' retrieved from /home/airflow/.local/lib/python3.12/site-packages/airflow/example_dags/example_sensors.py
[2025-08-06T20:33:57.907+0000] {logging_mixin.py:190} INFO - [2025-08-06T20:33:57.907+0000] {dag.py:3239} INFO - Sync 1 DAGs
[2025-08-06T20:33:57.923+0000] {logging_mixin.py:190} INFO - [2025-08-06T20:33:57.923+0000] {dag.py:4180} INFO - Setting next_dagrun for example_sensors to None, run_after=None
[2025-08-06T20:33:57.948+0000] {processor.py:208} INFO - Processing /home/airflow/.local/lib/python3.12/site-packages/airflow/example_dags/example_sensors.py took 0.099 seconds
[2025-08-06T20:34:28.036+0000] {processor.py:186} INFO - Started process (PID=720) to work on /home/airflow/.local/lib/python3.12/site-packages/airflow/example_dags/example_sensors.py
[2025-08-06T20:34:28.037+0000] {processor.py:914} INFO - Processing file /home/airflow/.local/lib/python3.12/site-packages/airflow/example_dags/example_sensors.py for tasks to queue
[2025-08-06T20:34:28.038+0000] {logging_mixin.py:190} INFO - [2025-08-06T20:34:28.038+0000] {dagbag.py:588} INFO - Filling up the DagBag from /home/airflow/.local/lib/python3.12/site-packages/airflow/example_dags/example_sensors.py
[2025-08-06T20:34:28.053+0000] {processor.py:925} INFO - DAG(s) 'example_sensors' retrieved from /home/airflow/.local/lib/python3.12/site-packages/airflow/example_dags/example_sensors.py
[2025-08-06T20:34:28.095+0000] {logging_mixin.py:190} INFO - [2025-08-06T20:34:28.095+0000] {dag.py:3239} INFO - Sync 1 DAGs
[2025-08-06T20:34:28.112+0000] {logging_mixin.py:190} INFO - [2025-08-06T20:34:28.112+0000] {dag.py:4180} INFO - Setting next_dagrun for example_sensors to None, run_after=None
[2025-08-06T20:34:28.133+0000] {processor.py:208} INFO - Processing /home/airflow/.local/lib/python3.12/site-packages/airflow/example_dags/example_sensors.py took 0.102 seconds
[2025-08-06T20:35:54.659+0000] {processor.py:186} INFO - Started process (PID=785) to work on /home/airflow/.local/lib/python3.12/site-packages/airflow/example_dags/example_sensors.py
[2025-08-06T20:35:54.660+0000] {processor.py:914} INFO - Processing file /home/airflow/.local/lib/python3.12/site-packages/airflow/example_dags/example_sensors.py for tasks to queue
[2025-08-06T20:35:54.661+0000] {logging_mixin.py:190} INFO - [2025-08-06T20:35:54.661+0000] {dagbag.py:588} INFO - Filling up the DagBag from /home/airflow/.local/lib/python3.12/site-packages/airflow/example_dags/example_sensors.py
[2025-08-06T20:35:54.673+0000] {processor.py:925} INFO - DAG(s) 'example_sensors' retrieved from /home/airflow/.local/lib/python3.12/site-packages/airflow/example_dags/example_sensors.py
[2025-08-06T20:35:54.698+0000] {logging_mixin.py:190} INFO - [2025-08-06T20:35:54.698+0000] {dag.py:3239} INFO - Sync 1 DAGs
[2025-08-06T20:35:54.713+0000] {logging_mixin.py:190} INFO - [2025-08-06T20:35:54.713+0000] {dag.py:4180} INFO - Setting next_dagrun for example_sensors to None, run_after=None
[2025-08-06T20:35:54.733+0000] {processor.py:208} INFO - Processing /home/airflow/.local/lib/python3.12/site-packages/airflow/example_dags/example_sensors.py took 0.079 seconds
[2025-08-06T20:36:27.749+0000] {processor.py:186} INFO - Started process (PID=863) to work on /home/airflow/.local/lib/python3.12/site-packages/airflow/example_dags/example_sensors.py
[2025-08-06T20:36:27.750+0000] {processor.py:914} INFO - Processing file /home/airflow/.local/lib/python3.12/site-packages/airflow/example_dags/example_sensors.py for tasks to queue
[2025-08-06T20:36:27.752+0000] {logging_mixin.py:190} INFO - [2025-08-06T20:36:27.752+0000] {dagbag.py:588} INFO - Filling up the DagBag from /home/airflow/.local/lib/python3.12/site-packages/airflow/example_dags/example_sensors.py
[2025-08-06T20:36:27.781+0000] {processor.py:925} INFO - DAG(s) 'example_sensors' retrieved from /home/airflow/.local/lib/python3.12/site-packages/airflow/example_dags/example_sensors.py
[2025-08-06T20:36:27.847+0000] {logging_mixin.py:190} INFO - [2025-08-06T20:36:27.847+0000] {dag.py:3239} INFO - Sync 1 DAGs
[2025-08-06T20:36:27.885+0000] {logging_mixin.py:190} INFO - [2025-08-06T20:36:27.884+0000] {dag.py:4180} INFO - Setting next_dagrun for example_sensors to None, run_after=None
[2025-08-06T20:36:27.913+0000] {processor.py:208} INFO - Processing /home/airflow/.local/lib/python3.12/site-packages/airflow/example_dags/example_sensors.py took 0.173 seconds
[2025-08-06T20:36:46.926+0000] {processor.py:186} INFO - Started process (PID=926) to work on /home/airflow/.local/lib/python3.12/site-packages/airflow/example_dags/example_sensors.py
[2025-08-06T20:36:46.927+0000] {processor.py:914} INFO - Processing file /home/airflow/.local/lib/python3.12/site-packages/airflow/example_dags/example_sensors.py for tasks to queue
[2025-08-06T20:36:46.929+0000] {logging_mixin.py:190} INFO - [2025-08-06T20:36:46.928+0000] {dagbag.py:588} INFO - Filling up the DagBag from /home/airflow/.local/lib/python3.12/site-packages/airflow/example_dags/example_sensors.py
[2025-08-06T20:36:46.948+0000] {processor.py:925} INFO - DAG(s) 'example_sensors' retrieved from /home/airflow/.local/lib/python3.12/site-packages/airflow/example_dags/example_sensors.py
[2025-08-06T20:36:46.985+0000] {logging_mixin.py:190} INFO - [2025-08-06T20:36:46.984+0000] {dag.py:3239} INFO - Sync 1 DAGs
[2025-08-06T20:36:47.005+0000] {logging_mixin.py:190} INFO - [2025-08-06T20:36:47.005+0000] {dag.py:4180} INFO - Setting next_dagrun for example_sensors to None, run_after=None
[2025-08-06T20:36:47.040+0000] {processor.py:208} INFO - Processing /home/airflow/.local/lib/python3.12/site-packages/airflow/example_dags/example_sensors.py took 0.124 seconds
