[2025-08-06T20:30:09.616+0000] {processor.py:186} INFO - Started process (PID=99) to work on /home/airflow/.local/lib/python3.12/site-packages/airflow/example_dags/example_inlet_event_extra.py
[2025-08-06T20:30:09.623+0000] {processor.py:914} INFO - Processing file /home/airflow/.local/lib/python3.12/site-packages/airflow/example_dags/example_inlet_event_extra.py for tasks to queue
[2025-08-06T20:30:09.641+0000] {logging_mixin.py:190} INFO - [2025-08-06T20:30:09.632+0000] {dagbag.py:588} INFO - Filling up the DagBag from /home/airflow/.local/lib/python3.12/site-packages/airflow/example_dags/example_inlet_event_extra.py
[2025-08-06T20:30:11.252+0000] {processor.py:925} INFO - DAG(s) 'read_dataset_event', 'read_dataset_event_from_classic' retrieved from /home/airflow/.local/lib/python3.12/site-packages/airflow/example_dags/example_inlet_event_extra.py
[2025-08-06T20:30:11.678+0000] {logging_mixin.py:190} INFO - [2025-08-06T20:30:11.677+0000] {dag.py:3239} INFO - Sync 2 DAGs
[2025-08-06T20:30:11.766+0000] {logging_mixin.py:190} INFO - [2025-08-06T20:30:11.765+0000] {dag.py:4180} INFO - Setting next_dagrun for read_dataset_event to 2025-08-05 00:00:00+00:00, run_after=2025-08-06 00:00:00+00:00
[2025-08-06T20:30:11.777+0000] {logging_mixin.py:190} INFO - [2025-08-06T20:30:11.777+0000] {dag.py:4180} INFO - Setting next_dagrun for read_dataset_event_from_classic to 2025-08-05 00:00:00+00:00, run_after=2025-08-06 00:00:00+00:00
[2025-08-06T20:30:11.831+0000] {processor.py:208} INFO - Processing /home/airflow/.local/lib/python3.12/site-packages/airflow/example_dags/example_inlet_event_extra.py took 2.645 seconds
[2025-08-06T20:30:32.516+0000] {processor.py:186} INFO - Started process (PID=162) to work on /home/airflow/.local/lib/python3.12/site-packages/airflow/example_dags/example_inlet_event_extra.py
[2025-08-06T20:30:32.517+0000] {processor.py:914} INFO - Processing file /home/airflow/.local/lib/python3.12/site-packages/airflow/example_dags/example_inlet_event_extra.py for tasks to queue
[2025-08-06T20:30:32.519+0000] {logging_mixin.py:190} INFO - [2025-08-06T20:30:32.519+0000] {dagbag.py:588} INFO - Filling up the DagBag from /home/airflow/.local/lib/python3.12/site-packages/airflow/example_dags/example_inlet_event_extra.py
[2025-08-06T20:30:33.354+0000] {processor.py:925} INFO - DAG(s) 'read_dataset_event', 'read_dataset_event_from_classic' retrieved from /home/airflow/.local/lib/python3.12/site-packages/airflow/example_dags/example_inlet_event_extra.py
[2025-08-06T20:30:33.372+0000] {logging_mixin.py:190} INFO - [2025-08-06T20:30:33.372+0000] {dag.py:3239} INFO - Sync 2 DAGs
[2025-08-06T20:30:33.409+0000] {logging_mixin.py:190} INFO - [2025-08-06T20:30:33.409+0000] {dag.py:4180} INFO - Setting next_dagrun for read_dataset_event to 2025-08-05 00:00:00+00:00, run_after=2025-08-06 00:00:00+00:00
[2025-08-06T20:30:33.417+0000] {logging_mixin.py:190} INFO - [2025-08-06T20:30:33.417+0000] {dag.py:4180} INFO - Setting next_dagrun for read_dataset_event_from_classic to 2025-08-05 00:00:00+00:00, run_after=2025-08-06 00:00:00+00:00
[2025-08-06T20:30:33.439+0000] {processor.py:208} INFO - Processing /home/airflow/.local/lib/python3.12/site-packages/airflow/example_dags/example_inlet_event_extra.py took 0.932 seconds
[2025-08-06T20:30:57.255+0000] {processor.py:186} INFO - Started process (PID=227) to work on /home/airflow/.local/lib/python3.12/site-packages/airflow/example_dags/example_inlet_event_extra.py
[2025-08-06T20:30:57.257+0000] {processor.py:914} INFO - Processing file /home/airflow/.local/lib/python3.12/site-packages/airflow/example_dags/example_inlet_event_extra.py for tasks to queue
[2025-08-06T20:30:57.259+0000] {logging_mixin.py:190} INFO - [2025-08-06T20:30:57.258+0000] {dagbag.py:588} INFO - Filling up the DagBag from /home/airflow/.local/lib/python3.12/site-packages/airflow/example_dags/example_inlet_event_extra.py
[2025-08-06T20:30:58.162+0000] {processor.py:925} INFO - DAG(s) 'read_dataset_event', 'read_dataset_event_from_classic' retrieved from /home/airflow/.local/lib/python3.12/site-packages/airflow/example_dags/example_inlet_event_extra.py
[2025-08-06T20:30:58.191+0000] {logging_mixin.py:190} INFO - [2025-08-06T20:30:58.190+0000] {dag.py:3239} INFO - Sync 2 DAGs
[2025-08-06T20:30:58.231+0000] {logging_mixin.py:190} INFO - [2025-08-06T20:30:58.231+0000] {dag.py:4180} INFO - Setting next_dagrun for read_dataset_event to 2025-08-05 00:00:00+00:00, run_after=2025-08-06 00:00:00+00:00
[2025-08-06T20:30:58.240+0000] {logging_mixin.py:190} INFO - [2025-08-06T20:30:58.240+0000] {dag.py:4180} INFO - Setting next_dagrun for read_dataset_event_from_classic to 2025-08-05 00:00:00+00:00, run_after=2025-08-06 00:00:00+00:00
[2025-08-06T20:30:58.260+0000] {processor.py:208} INFO - Processing /home/airflow/.local/lib/python3.12/site-packages/airflow/example_dags/example_inlet_event_extra.py took 1.011 seconds
[2025-08-06T20:31:17.229+0000] {processor.py:186} INFO - Started process (PID=291) to work on /home/airflow/.local/lib/python3.12/site-packages/airflow/example_dags/example_inlet_event_extra.py
[2025-08-06T20:31:17.231+0000] {processor.py:914} INFO - Processing file /home/airflow/.local/lib/python3.12/site-packages/airflow/example_dags/example_inlet_event_extra.py for tasks to queue
[2025-08-06T20:31:17.234+0000] {logging_mixin.py:190} INFO - [2025-08-06T20:31:17.233+0000] {dagbag.py:588} INFO - Filling up the DagBag from /home/airflow/.local/lib/python3.12/site-packages/airflow/example_dags/example_inlet_event_extra.py
[2025-08-06T20:31:17.935+0000] {processor.py:925} INFO - DAG(s) 'read_dataset_event', 'read_dataset_event_from_classic' retrieved from /home/airflow/.local/lib/python3.12/site-packages/airflow/example_dags/example_inlet_event_extra.py
[2025-08-06T20:31:17.962+0000] {logging_mixin.py:190} INFO - [2025-08-06T20:31:17.961+0000] {dag.py:3239} INFO - Sync 2 DAGs
[2025-08-06T20:31:18.003+0000] {logging_mixin.py:190} INFO - [2025-08-06T20:31:18.003+0000] {dag.py:4180} INFO - Setting next_dagrun for read_dataset_event to 2025-08-05 00:00:00+00:00, run_after=2025-08-06 00:00:00+00:00
[2025-08-06T20:31:18.012+0000] {logging_mixin.py:190} INFO - [2025-08-06T20:31:18.012+0000] {dag.py:4180} INFO - Setting next_dagrun for read_dataset_event_from_classic to 2025-08-05 00:00:00+00:00, run_after=2025-08-06 00:00:00+00:00
[2025-08-06T20:31:18.063+0000] {processor.py:208} INFO - Processing /home/airflow/.local/lib/python3.12/site-packages/airflow/example_dags/example_inlet_event_extra.py took 0.847 seconds
[2025-08-06T20:31:27.557+0000] {processor.py:186} INFO - Started process (PID=349) to work on /home/airflow/.local/lib/python3.12/site-packages/airflow/example_dags/example_inlet_event_extra.py
[2025-08-06T20:31:27.559+0000] {processor.py:914} INFO - Processing file /home/airflow/.local/lib/python3.12/site-packages/airflow/example_dags/example_inlet_event_extra.py for tasks to queue
[2025-08-06T20:31:27.561+0000] {logging_mixin.py:190} INFO - [2025-08-06T20:31:27.560+0000] {dagbag.py:588} INFO - Filling up the DagBag from /home/airflow/.local/lib/python3.12/site-packages/airflow/example_dags/example_inlet_event_extra.py
[2025-08-06T20:31:28.407+0000] {processor.py:925} INFO - DAG(s) 'read_dataset_event', 'read_dataset_event_from_classic' retrieved from /home/airflow/.local/lib/python3.12/site-packages/airflow/example_dags/example_inlet_event_extra.py
[2025-08-06T20:31:28.432+0000] {logging_mixin.py:190} INFO - [2025-08-06T20:31:28.431+0000] {dag.py:3239} INFO - Sync 2 DAGs
[2025-08-06T20:31:28.472+0000] {logging_mixin.py:190} INFO - [2025-08-06T20:31:28.472+0000] {dag.py:4180} INFO - Setting next_dagrun for read_dataset_event to 2025-08-05 00:00:00+00:00, run_after=2025-08-06 00:00:00+00:00
[2025-08-06T20:31:28.479+0000] {logging_mixin.py:190} INFO - [2025-08-06T20:31:28.479+0000] {dag.py:4180} INFO - Setting next_dagrun for read_dataset_event_from_classic to 2025-08-05 00:00:00+00:00, run_after=2025-08-06 00:00:00+00:00
[2025-08-06T20:31:28.504+0000] {processor.py:208} INFO - Processing /home/airflow/.local/lib/python3.12/site-packages/airflow/example_dags/example_inlet_event_extra.py took 0.955 seconds
[2025-08-06T20:31:56.878+0000] {processor.py:186} INFO - Started process (PID=412) to work on /home/airflow/.local/lib/python3.12/site-packages/airflow/example_dags/example_inlet_event_extra.py
[2025-08-06T20:31:56.880+0000] {processor.py:914} INFO - Processing file /home/airflow/.local/lib/python3.12/site-packages/airflow/example_dags/example_inlet_event_extra.py for tasks to queue
[2025-08-06T20:31:56.881+0000] {logging_mixin.py:190} INFO - [2025-08-06T20:31:56.881+0000] {dagbag.py:588} INFO - Filling up the DagBag from /home/airflow/.local/lib/python3.12/site-packages/airflow/example_dags/example_inlet_event_extra.py
[2025-08-06T20:31:57.486+0000] {processor.py:925} INFO - DAG(s) 'read_dataset_event_from_classic', 'read_dataset_event' retrieved from /home/airflow/.local/lib/python3.12/site-packages/airflow/example_dags/example_inlet_event_extra.py
[2025-08-06T20:31:57.509+0000] {logging_mixin.py:190} INFO - [2025-08-06T20:31:57.509+0000] {dag.py:3239} INFO - Sync 2 DAGs
[2025-08-06T20:31:57.535+0000] {logging_mixin.py:190} INFO - [2025-08-06T20:31:57.534+0000] {dag.py:4180} INFO - Setting next_dagrun for read_dataset_event to 2025-08-05 00:00:00+00:00, run_after=2025-08-06 00:00:00+00:00
[2025-08-06T20:31:57.542+0000] {logging_mixin.py:190} INFO - [2025-08-06T20:31:57.542+0000] {dag.py:4180} INFO - Setting next_dagrun for read_dataset_event_from_classic to 2025-08-05 00:00:00+00:00, run_after=2025-08-06 00:00:00+00:00
[2025-08-06T20:31:57.563+0000] {processor.py:208} INFO - Processing /home/airflow/.local/lib/python3.12/site-packages/airflow/example_dags/example_inlet_event_extra.py took 0.691 seconds
[2025-08-06T20:32:27.421+0000] {processor.py:186} INFO - Started process (PID=476) to work on /home/airflow/.local/lib/python3.12/site-packages/airflow/example_dags/example_inlet_event_extra.py
[2025-08-06T20:32:27.422+0000] {processor.py:914} INFO - Processing file /home/airflow/.local/lib/python3.12/site-packages/airflow/example_dags/example_inlet_event_extra.py for tasks to queue
[2025-08-06T20:32:27.423+0000] {logging_mixin.py:190} INFO - [2025-08-06T20:32:27.423+0000] {dagbag.py:588} INFO - Filling up the DagBag from /home/airflow/.local/lib/python3.12/site-packages/airflow/example_dags/example_inlet_event_extra.py
[2025-08-06T20:32:28.236+0000] {processor.py:925} INFO - DAG(s) 'read_dataset_event_from_classic', 'read_dataset_event' retrieved from /home/airflow/.local/lib/python3.12/site-packages/airflow/example_dags/example_inlet_event_extra.py
[2025-08-06T20:32:28.266+0000] {logging_mixin.py:190} INFO - [2025-08-06T20:32:28.265+0000] {dag.py:3239} INFO - Sync 2 DAGs
[2025-08-06T20:32:28.297+0000] {logging_mixin.py:190} INFO - [2025-08-06T20:32:28.297+0000] {dag.py:4180} INFO - Setting next_dagrun for read_dataset_event to 2025-08-05 00:00:00+00:00, run_after=2025-08-06 00:00:00+00:00
[2025-08-06T20:32:28.305+0000] {logging_mixin.py:190} INFO - [2025-08-06T20:32:28.305+0000] {dag.py:4180} INFO - Setting next_dagrun for read_dataset_event_from_classic to 2025-08-05 00:00:00+00:00, run_after=2025-08-06 00:00:00+00:00
[2025-08-06T20:32:28.337+0000] {processor.py:208} INFO - Processing /home/airflow/.local/lib/python3.12/site-packages/airflow/example_dags/example_inlet_event_extra.py took 0.921 seconds
[2025-08-06T20:32:59.067+0000] {processor.py:186} INFO - Started process (PID=539) to work on /home/airflow/.local/lib/python3.12/site-packages/airflow/example_dags/example_inlet_event_extra.py
[2025-08-06T20:32:59.068+0000] {processor.py:914} INFO - Processing file /home/airflow/.local/lib/python3.12/site-packages/airflow/example_dags/example_inlet_event_extra.py for tasks to queue
[2025-08-06T20:32:59.069+0000] {logging_mixin.py:190} INFO - [2025-08-06T20:32:59.069+0000] {dagbag.py:588} INFO - Filling up the DagBag from /home/airflow/.local/lib/python3.12/site-packages/airflow/example_dags/example_inlet_event_extra.py
[2025-08-06T20:32:59.674+0000] {processor.py:925} INFO - DAG(s) 'read_dataset_event_from_classic', 'read_dataset_event' retrieved from /home/airflow/.local/lib/python3.12/site-packages/airflow/example_dags/example_inlet_event_extra.py
[2025-08-06T20:32:59.694+0000] {logging_mixin.py:190} INFO - [2025-08-06T20:32:59.694+0000] {dag.py:3239} INFO - Sync 2 DAGs
[2025-08-06T20:32:59.719+0000] {logging_mixin.py:190} INFO - [2025-08-06T20:32:59.719+0000] {dag.py:4180} INFO - Setting next_dagrun for read_dataset_event to 2025-08-05 00:00:00+00:00, run_after=2025-08-06 00:00:00+00:00
[2025-08-06T20:32:59.725+0000] {logging_mixin.py:190} INFO - [2025-08-06T20:32:59.725+0000] {dag.py:4180} INFO - Setting next_dagrun for read_dataset_event_from_classic to 2025-08-05 00:00:00+00:00, run_after=2025-08-06 00:00:00+00:00
[2025-08-06T20:32:59.746+0000] {processor.py:208} INFO - Processing /home/airflow/.local/lib/python3.12/site-packages/airflow/example_dags/example_inlet_event_extra.py took 0.684 seconds
[2025-08-06T20:33:29.866+0000] {processor.py:186} INFO - Started process (PID=605) to work on /home/airflow/.local/lib/python3.12/site-packages/airflow/example_dags/example_inlet_event_extra.py
[2025-08-06T20:33:29.867+0000] {processor.py:914} INFO - Processing file /home/airflow/.local/lib/python3.12/site-packages/airflow/example_dags/example_inlet_event_extra.py for tasks to queue
[2025-08-06T20:33:29.869+0000] {logging_mixin.py:190} INFO - [2025-08-06T20:33:29.869+0000] {dagbag.py:588} INFO - Filling up the DagBag from /home/airflow/.local/lib/python3.12/site-packages/airflow/example_dags/example_inlet_event_extra.py
[2025-08-06T20:33:30.492+0000] {processor.py:925} INFO - DAG(s) 'read_dataset_event_from_classic', 'read_dataset_event' retrieved from /home/airflow/.local/lib/python3.12/site-packages/airflow/example_dags/example_inlet_event_extra.py
[2025-08-06T20:33:30.515+0000] {logging_mixin.py:190} INFO - [2025-08-06T20:33:30.515+0000] {dag.py:3239} INFO - Sync 2 DAGs
[2025-08-06T20:33:30.541+0000] {logging_mixin.py:190} INFO - [2025-08-06T20:33:30.541+0000] {dag.py:4180} INFO - Setting next_dagrun for read_dataset_event to 2025-08-05 00:00:00+00:00, run_after=2025-08-06 00:00:00+00:00
[2025-08-06T20:33:30.547+0000] {logging_mixin.py:190} INFO - [2025-08-06T20:33:30.547+0000] {dag.py:4180} INFO - Setting next_dagrun for read_dataset_event_from_classic to 2025-08-05 00:00:00+00:00, run_after=2025-08-06 00:00:00+00:00
[2025-08-06T20:33:30.570+0000] {processor.py:208} INFO - Processing /home/airflow/.local/lib/python3.12/site-packages/airflow/example_dags/example_inlet_event_extra.py took 0.711 seconds
[2025-08-06T20:34:00.831+0000] {processor.py:186} INFO - Started process (PID=670) to work on /home/airflow/.local/lib/python3.12/site-packages/airflow/example_dags/example_inlet_event_extra.py
[2025-08-06T20:34:00.832+0000] {processor.py:914} INFO - Processing file /home/airflow/.local/lib/python3.12/site-packages/airflow/example_dags/example_inlet_event_extra.py for tasks to queue
[2025-08-06T20:34:00.834+0000] {logging_mixin.py:190} INFO - [2025-08-06T20:34:00.833+0000] {dagbag.py:588} INFO - Filling up the DagBag from /home/airflow/.local/lib/python3.12/site-packages/airflow/example_dags/example_inlet_event_extra.py
[2025-08-06T20:34:01.424+0000] {processor.py:925} INFO - DAG(s) 'read_dataset_event_from_classic', 'read_dataset_event' retrieved from /home/airflow/.local/lib/python3.12/site-packages/airflow/example_dags/example_inlet_event_extra.py
[2025-08-06T20:34:01.452+0000] {logging_mixin.py:190} INFO - [2025-08-06T20:34:01.452+0000] {dag.py:3239} INFO - Sync 2 DAGs
[2025-08-06T20:34:01.478+0000] {logging_mixin.py:190} INFO - [2025-08-06T20:34:01.478+0000] {dag.py:4180} INFO - Setting next_dagrun for read_dataset_event to 2025-08-05 00:00:00+00:00, run_after=2025-08-06 00:00:00+00:00
[2025-08-06T20:34:01.485+0000] {logging_mixin.py:190} INFO - [2025-08-06T20:34:01.484+0000] {dag.py:4180} INFO - Setting next_dagrun for read_dataset_event_from_classic to 2025-08-05 00:00:00+00:00, run_after=2025-08-06 00:00:00+00:00
[2025-08-06T20:34:01.508+0000] {processor.py:208} INFO - Processing /home/airflow/.local/lib/python3.12/site-packages/airflow/example_dags/example_inlet_event_extra.py took 0.682 seconds
[2025-08-06T20:34:31.716+0000] {processor.py:186} INFO - Started process (PID=741) to work on /home/airflow/.local/lib/python3.12/site-packages/airflow/example_dags/example_inlet_event_extra.py
[2025-08-06T20:34:31.718+0000] {processor.py:914} INFO - Processing file /home/airflow/.local/lib/python3.12/site-packages/airflow/example_dags/example_inlet_event_extra.py for tasks to queue
[2025-08-06T20:34:31.719+0000] {logging_mixin.py:190} INFO - [2025-08-06T20:34:31.719+0000] {dagbag.py:588} INFO - Filling up the DagBag from /home/airflow/.local/lib/python3.12/site-packages/airflow/example_dags/example_inlet_event_extra.py
[2025-08-06T20:34:32.465+0000] {processor.py:925} INFO - DAG(s) 'read_dataset_event', 'read_dataset_event_from_classic' retrieved from /home/airflow/.local/lib/python3.12/site-packages/airflow/example_dags/example_inlet_event_extra.py
[2025-08-06T20:34:32.488+0000] {logging_mixin.py:190} INFO - [2025-08-06T20:34:32.488+0000] {dag.py:3239} INFO - Sync 2 DAGs
[2025-08-06T20:34:32.515+0000] {logging_mixin.py:190} INFO - [2025-08-06T20:34:32.515+0000] {dag.py:4180} INFO - Setting next_dagrun for read_dataset_event to 2025-08-05 00:00:00+00:00, run_after=2025-08-06 00:00:00+00:00
[2025-08-06T20:34:32.522+0000] {logging_mixin.py:190} INFO - [2025-08-06T20:34:32.522+0000] {dag.py:4180} INFO - Setting next_dagrun for read_dataset_event_from_classic to 2025-08-05 00:00:00+00:00, run_after=2025-08-06 00:00:00+00:00
[2025-08-06T20:34:32.544+0000] {processor.py:208} INFO - Processing /home/airflow/.local/lib/python3.12/site-packages/airflow/example_dags/example_inlet_event_extra.py took 0.835 seconds
[2025-08-06T20:35:55.221+0000] {processor.py:186} INFO - Started process (PID=792) to work on /home/airflow/.local/lib/python3.12/site-packages/airflow/example_dags/example_inlet_event_extra.py
[2025-08-06T20:35:55.222+0000] {processor.py:914} INFO - Processing file /home/airflow/.local/lib/python3.12/site-packages/airflow/example_dags/example_inlet_event_extra.py for tasks to queue
[2025-08-06T20:35:55.224+0000] {logging_mixin.py:190} INFO - [2025-08-06T20:35:55.224+0000] {dagbag.py:588} INFO - Filling up the DagBag from /home/airflow/.local/lib/python3.12/site-packages/airflow/example_dags/example_inlet_event_extra.py
[2025-08-06T20:35:55.818+0000] {processor.py:925} INFO - DAG(s) 'read_dataset_event', 'read_dataset_event_from_classic' retrieved from /home/airflow/.local/lib/python3.12/site-packages/airflow/example_dags/example_inlet_event_extra.py
[2025-08-06T20:35:55.841+0000] {logging_mixin.py:190} INFO - [2025-08-06T20:35:55.840+0000] {dag.py:3239} INFO - Sync 2 DAGs
[2025-08-06T20:35:55.867+0000] {logging_mixin.py:190} INFO - [2025-08-06T20:35:55.866+0000] {dag.py:4180} INFO - Setting next_dagrun for read_dataset_event to 2025-08-05 00:00:00+00:00, run_after=2025-08-06 00:00:00+00:00
[2025-08-06T20:35:55.874+0000] {logging_mixin.py:190} INFO - [2025-08-06T20:35:55.874+0000] {dag.py:4180} INFO - Setting next_dagrun for read_dataset_event_from_classic to 2025-08-05 00:00:00+00:00, run_after=2025-08-06 00:00:00+00:00
[2025-08-06T20:35:55.893+0000] {processor.py:208} INFO - Processing /home/airflow/.local/lib/python3.12/site-packages/airflow/example_dags/example_inlet_event_extra.py took 0.677 seconds
[2025-08-06T20:36:28.624+0000] {processor.py:186} INFO - Started process (PID=871) to work on /home/airflow/.local/lib/python3.12/site-packages/airflow/example_dags/example_inlet_event_extra.py
[2025-08-06T20:36:28.625+0000] {processor.py:914} INFO - Processing file /home/airflow/.local/lib/python3.12/site-packages/airflow/example_dags/example_inlet_event_extra.py for tasks to queue
[2025-08-06T20:36:28.627+0000] {logging_mixin.py:190} INFO - [2025-08-06T20:36:28.627+0000] {dagbag.py:588} INFO - Filling up the DagBag from /home/airflow/.local/lib/python3.12/site-packages/airflow/example_dags/example_inlet_event_extra.py
[2025-08-06T20:36:29.460+0000] {processor.py:925} INFO - DAG(s) 'read_dataset_event', 'read_dataset_event_from_classic' retrieved from /home/airflow/.local/lib/python3.12/site-packages/airflow/example_dags/example_inlet_event_extra.py
[2025-08-06T20:36:29.486+0000] {logging_mixin.py:190} INFO - [2025-08-06T20:36:29.486+0000] {dag.py:3239} INFO - Sync 2 DAGs
[2025-08-06T20:36:29.528+0000] {logging_mixin.py:190} INFO - [2025-08-06T20:36:29.528+0000] {dag.py:4180} INFO - Setting next_dagrun for read_dataset_event to 2025-08-05 00:00:00+00:00, run_after=2025-08-06 00:00:00+00:00
[2025-08-06T20:36:29.540+0000] {logging_mixin.py:190} INFO - [2025-08-06T20:36:29.540+0000] {dag.py:4180} INFO - Setting next_dagrun for read_dataset_event_from_classic to 2025-08-05 00:00:00+00:00, run_after=2025-08-06 00:00:00+00:00
[2025-08-06T20:36:29.566+0000] {processor.py:208} INFO - Processing /home/airflow/.local/lib/python3.12/site-packages/airflow/example_dags/example_inlet_event_extra.py took 0.949 seconds
[2025-08-06T20:36:48.615+0000] {processor.py:186} INFO - Started process (PID=934) to work on /home/airflow/.local/lib/python3.12/site-packages/airflow/example_dags/example_inlet_event_extra.py
[2025-08-06T20:36:48.616+0000] {processor.py:914} INFO - Processing file /home/airflow/.local/lib/python3.12/site-packages/airflow/example_dags/example_inlet_event_extra.py for tasks to queue
[2025-08-06T20:36:48.618+0000] {logging_mixin.py:190} INFO - [2025-08-06T20:36:48.618+0000] {dagbag.py:588} INFO - Filling up the DagBag from /home/airflow/.local/lib/python3.12/site-packages/airflow/example_dags/example_inlet_event_extra.py
[2025-08-06T20:36:49.331+0000] {processor.py:925} INFO - DAG(s) 'read_dataset_event_from_classic', 'read_dataset_event' retrieved from /home/airflow/.local/lib/python3.12/site-packages/airflow/example_dags/example_inlet_event_extra.py
[2025-08-06T20:36:49.357+0000] {logging_mixin.py:190} INFO - [2025-08-06T20:36:49.356+0000] {dag.py:3239} INFO - Sync 2 DAGs
[2025-08-06T20:36:49.386+0000] {logging_mixin.py:190} INFO - [2025-08-06T20:36:49.385+0000] {dag.py:4180} INFO - Setting next_dagrun for read_dataset_event to 2025-08-05 00:00:00+00:00, run_after=2025-08-06 00:00:00+00:00
[2025-08-06T20:36:49.394+0000] {logging_mixin.py:190} INFO - [2025-08-06T20:36:49.393+0000] {dag.py:4180} INFO - Setting next_dagrun for read_dataset_event_from_classic to 2025-08-05 00:00:00+00:00, run_after=2025-08-06 00:00:00+00:00
[2025-08-06T20:36:49.428+0000] {processor.py:208} INFO - Processing /home/airflow/.local/lib/python3.12/site-packages/airflow/example_dags/example_inlet_event_extra.py took 0.821 seconds
