[2025-08-06T20:30:11.962+0000] {processor.py:186} INFO - Started process (PID=103) to work on /home/airflow/.local/lib/python3.12/site-packages/airflow/example_dags/example_latest_only.py
[2025-08-06T20:30:11.964+0000] {processor.py:914} INFO - Processing file /home/airflow/.local/lib/python3.12/site-packages/airflow/example_dags/example_latest_only.py for tasks to queue
[2025-08-06T20:30:11.967+0000] {logging_mixin.py:190} INFO - [2025-08-06T20:30:11.967+0000] {dagbag.py:588} INFO - Filling up the DagBag from /home/airflow/.local/lib/python3.12/site-packages/airflow/example_dags/example_latest_only.py
[2025-08-06T20:30:11.992+0000] {processor.py:925} INFO - DAG(s) 'latest_only' retrieved from /home/airflow/.local/lib/python3.12/site-packages/airflow/example_dags/example_latest_only.py
[2025-08-06T20:30:12.064+0000] {logging_mixin.py:190} INFO - [2025-08-06T20:30:12.063+0000] {dag.py:3239} INFO - Sync 1 DAGs
[2025-08-06T20:30:12.149+0000] {logging_mixin.py:190} INFO - [2025-08-06T20:30:12.148+0000] {dag.py:4180} INFO - Setting next_dagrun for latest_only to 2025-08-06 16:00:00+00:00, run_after=2025-08-06 20:00:00+00:00
[2025-08-06T20:30:12.239+0000] {processor.py:208} INFO - Processing /home/airflow/.local/lib/python3.12/site-packages/airflow/example_dags/example_latest_only.py took 0.296 seconds
[2025-08-06T20:30:33.662+0000] {processor.py:186} INFO - Started process (PID=172) to work on /home/airflow/.local/lib/python3.12/site-packages/airflow/example_dags/example_latest_only.py
[2025-08-06T20:30:33.663+0000] {processor.py:914} INFO - Processing file /home/airflow/.local/lib/python3.12/site-packages/airflow/example_dags/example_latest_only.py for tasks to queue
[2025-08-06T20:30:33.664+0000] {logging_mixin.py:190} INFO - [2025-08-06T20:30:33.664+0000] {dagbag.py:588} INFO - Filling up the DagBag from /home/airflow/.local/lib/python3.12/site-packages/airflow/example_dags/example_latest_only.py
[2025-08-06T20:30:33.672+0000] {processor.py:925} INFO - DAG(s) 'latest_only' retrieved from /home/airflow/.local/lib/python3.12/site-packages/airflow/example_dags/example_latest_only.py
[2025-08-06T20:30:33.693+0000] {logging_mixin.py:190} INFO - [2025-08-06T20:30:33.693+0000] {dag.py:3239} INFO - Sync 1 DAGs
[2025-08-06T20:30:33.719+0000] {logging_mixin.py:190} INFO - [2025-08-06T20:30:33.718+0000] {dag.py:4180} INFO - Setting next_dagrun for latest_only to 2025-08-06 16:00:00+00:00, run_after=2025-08-06 20:00:00+00:00
[2025-08-06T20:30:33.741+0000] {processor.py:208} INFO - Processing /home/airflow/.local/lib/python3.12/site-packages/airflow/example_dags/example_latest_only.py took 0.084 seconds
[2025-08-06T20:30:58.380+0000] {processor.py:186} INFO - Started process (PID=231) to work on /home/airflow/.local/lib/python3.12/site-packages/airflow/example_dags/example_latest_only.py
[2025-08-06T20:30:58.381+0000] {processor.py:914} INFO - Processing file /home/airflow/.local/lib/python3.12/site-packages/airflow/example_dags/example_latest_only.py for tasks to queue
[2025-08-06T20:30:58.384+0000] {logging_mixin.py:190} INFO - [2025-08-06T20:30:58.383+0000] {dagbag.py:588} INFO - Filling up the DagBag from /home/airflow/.local/lib/python3.12/site-packages/airflow/example_dags/example_latest_only.py
[2025-08-06T20:30:58.394+0000] {processor.py:925} INFO - DAG(s) 'latest_only' retrieved from /home/airflow/.local/lib/python3.12/site-packages/airflow/example_dags/example_latest_only.py
[2025-08-06T20:30:58.414+0000] {logging_mixin.py:190} INFO - [2025-08-06T20:30:58.413+0000] {dag.py:3239} INFO - Sync 1 DAGs
[2025-08-06T20:30:58.441+0000] {logging_mixin.py:190} INFO - [2025-08-06T20:30:58.440+0000] {dag.py:4180} INFO - Setting next_dagrun for latest_only to 2025-08-06 16:00:00+00:00, run_after=2025-08-06 20:00:00+00:00
[2025-08-06T20:30:58.469+0000] {processor.py:208} INFO - Processing /home/airflow/.local/lib/python3.12/site-packages/airflow/example_dags/example_latest_only.py took 0.095 seconds
[2025-08-06T20:31:18.330+0000] {processor.py:186} INFO - Started process (PID=295) to work on /home/airflow/.local/lib/python3.12/site-packages/airflow/example_dags/example_latest_only.py
[2025-08-06T20:31:18.332+0000] {processor.py:914} INFO - Processing file /home/airflow/.local/lib/python3.12/site-packages/airflow/example_dags/example_latest_only.py for tasks to queue
[2025-08-06T20:31:18.335+0000] {logging_mixin.py:190} INFO - [2025-08-06T20:31:18.334+0000] {dagbag.py:588} INFO - Filling up the DagBag from /home/airflow/.local/lib/python3.12/site-packages/airflow/example_dags/example_latest_only.py
[2025-08-06T20:31:18.347+0000] {processor.py:925} INFO - DAG(s) 'latest_only' retrieved from /home/airflow/.local/lib/python3.12/site-packages/airflow/example_dags/example_latest_only.py
[2025-08-06T20:31:18.390+0000] {logging_mixin.py:190} INFO - [2025-08-06T20:31:18.390+0000] {dag.py:3239} INFO - Sync 1 DAGs
[2025-08-06T20:31:18.447+0000] {logging_mixin.py:190} INFO - [2025-08-06T20:31:18.446+0000] {dag.py:4180} INFO - Setting next_dagrun for latest_only to 2025-08-06 16:00:00+00:00, run_after=2025-08-06 20:00:00+00:00
[2025-08-06T20:31:18.484+0000] {processor.py:208} INFO - Processing /home/airflow/.local/lib/python3.12/site-packages/airflow/example_dags/example_latest_only.py took 0.164 seconds
[2025-08-06T20:31:28.585+0000] {processor.py:186} INFO - Started process (PID=353) to work on /home/airflow/.local/lib/python3.12/site-packages/airflow/example_dags/example_latest_only.py
[2025-08-06T20:31:28.587+0000] {processor.py:914} INFO - Processing file /home/airflow/.local/lib/python3.12/site-packages/airflow/example_dags/example_latest_only.py for tasks to queue
[2025-08-06T20:31:28.589+0000] {logging_mixin.py:190} INFO - [2025-08-06T20:31:28.588+0000] {dagbag.py:588} INFO - Filling up the DagBag from /home/airflow/.local/lib/python3.12/site-packages/airflow/example_dags/example_latest_only.py
[2025-08-06T20:31:28.606+0000] {processor.py:925} INFO - DAG(s) 'latest_only' retrieved from /home/airflow/.local/lib/python3.12/site-packages/airflow/example_dags/example_latest_only.py
[2025-08-06T20:31:28.636+0000] {logging_mixin.py:190} INFO - [2025-08-06T20:31:28.635+0000] {dag.py:3239} INFO - Sync 1 DAGs
[2025-08-06T20:31:28.701+0000] {logging_mixin.py:190} INFO - [2025-08-06T20:31:28.701+0000] {dag.py:4180} INFO - Setting next_dagrun for latest_only to 2025-08-06 16:00:00+00:00, run_after=2025-08-06 20:00:00+00:00
[2025-08-06T20:31:28.748+0000] {processor.py:208} INFO - Processing /home/airflow/.local/lib/python3.12/site-packages/airflow/example_dags/example_latest_only.py took 0.179 seconds
[2025-08-06T20:31:57.664+0000] {processor.py:186} INFO - Started process (PID=416) to work on /home/airflow/.local/lib/python3.12/site-packages/airflow/example_dags/example_latest_only.py
[2025-08-06T20:31:57.666+0000] {processor.py:914} INFO - Processing file /home/airflow/.local/lib/python3.12/site-packages/airflow/example_dags/example_latest_only.py for tasks to queue
[2025-08-06T20:31:57.667+0000] {logging_mixin.py:190} INFO - [2025-08-06T20:31:57.667+0000] {dagbag.py:588} INFO - Filling up the DagBag from /home/airflow/.local/lib/python3.12/site-packages/airflow/example_dags/example_latest_only.py
[2025-08-06T20:31:57.675+0000] {processor.py:925} INFO - DAG(s) 'latest_only' retrieved from /home/airflow/.local/lib/python3.12/site-packages/airflow/example_dags/example_latest_only.py
[2025-08-06T20:31:57.694+0000] {logging_mixin.py:190} INFO - [2025-08-06T20:31:57.693+0000] {dag.py:3239} INFO - Sync 1 DAGs
[2025-08-06T20:31:57.721+0000] {logging_mixin.py:190} INFO - [2025-08-06T20:31:57.721+0000] {dag.py:4180} INFO - Setting next_dagrun for latest_only to 2025-08-06 16:00:00+00:00, run_after=2025-08-06 20:00:00+00:00
[2025-08-06T20:31:57.753+0000] {processor.py:208} INFO - Processing /home/airflow/.local/lib/python3.12/site-packages/airflow/example_dags/example_latest_only.py took 0.094 seconds
[2025-08-06T20:32:28.750+0000] {processor.py:186} INFO - Started process (PID=480) to work on /home/airflow/.local/lib/python3.12/site-packages/airflow/example_dags/example_latest_only.py
[2025-08-06T20:32:28.751+0000] {processor.py:914} INFO - Processing file /home/airflow/.local/lib/python3.12/site-packages/airflow/example_dags/example_latest_only.py for tasks to queue
[2025-08-06T20:32:28.753+0000] {logging_mixin.py:190} INFO - [2025-08-06T20:32:28.752+0000] {dagbag.py:588} INFO - Filling up the DagBag from /home/airflow/.local/lib/python3.12/site-packages/airflow/example_dags/example_latest_only.py
[2025-08-06T20:32:28.760+0000] {processor.py:925} INFO - DAG(s) 'latest_only' retrieved from /home/airflow/.local/lib/python3.12/site-packages/airflow/example_dags/example_latest_only.py
[2025-08-06T20:32:28.781+0000] {logging_mixin.py:190} INFO - [2025-08-06T20:32:28.780+0000] {dag.py:3239} INFO - Sync 1 DAGs
[2025-08-06T20:32:28.806+0000] {logging_mixin.py:190} INFO - [2025-08-06T20:32:28.806+0000] {dag.py:4180} INFO - Setting next_dagrun for latest_only to 2025-08-06 16:00:00+00:00, run_after=2025-08-06 20:00:00+00:00
[2025-08-06T20:32:28.829+0000] {processor.py:208} INFO - Processing /home/airflow/.local/lib/python3.12/site-packages/airflow/example_dags/example_latest_only.py took 0.085 seconds
[2025-08-06T20:32:59.444+0000] {processor.py:186} INFO - Started process (PID=543) to work on /home/airflow/.local/lib/python3.12/site-packages/airflow/example_dags/example_latest_only.py
[2025-08-06T20:32:59.445+0000] {processor.py:914} INFO - Processing file /home/airflow/.local/lib/python3.12/site-packages/airflow/example_dags/example_latest_only.py for tasks to queue
[2025-08-06T20:32:59.447+0000] {logging_mixin.py:190} INFO - [2025-08-06T20:32:59.446+0000] {dagbag.py:588} INFO - Filling up the DagBag from /home/airflow/.local/lib/python3.12/site-packages/airflow/example_dags/example_latest_only.py
[2025-08-06T20:32:59.454+0000] {processor.py:925} INFO - DAG(s) 'latest_only' retrieved from /home/airflow/.local/lib/python3.12/site-packages/airflow/example_dags/example_latest_only.py
[2025-08-06T20:32:59.475+0000] {logging_mixin.py:190} INFO - [2025-08-06T20:32:59.475+0000] {dag.py:3239} INFO - Sync 1 DAGs
[2025-08-06T20:32:59.500+0000] {logging_mixin.py:190} INFO - [2025-08-06T20:32:59.499+0000] {dag.py:4180} INFO - Setting next_dagrun for latest_only to 2025-08-06 16:00:00+00:00, run_after=2025-08-06 20:00:00+00:00
[2025-08-06T20:32:59.525+0000] {processor.py:208} INFO - Processing /home/airflow/.local/lib/python3.12/site-packages/airflow/example_dags/example_latest_only.py took 0.087 seconds
[2025-08-06T20:33:29.610+0000] {processor.py:186} INFO - Started process (PID=603) to work on /home/airflow/.local/lib/python3.12/site-packages/airflow/example_dags/example_latest_only.py
[2025-08-06T20:33:29.611+0000] {processor.py:914} INFO - Processing file /home/airflow/.local/lib/python3.12/site-packages/airflow/example_dags/example_latest_only.py for tasks to queue
[2025-08-06T20:33:29.612+0000] {logging_mixin.py:190} INFO - [2025-08-06T20:33:29.612+0000] {dagbag.py:588} INFO - Filling up the DagBag from /home/airflow/.local/lib/python3.12/site-packages/airflow/example_dags/example_latest_only.py
[2025-08-06T20:33:29.619+0000] {processor.py:925} INFO - DAG(s) 'latest_only' retrieved from /home/airflow/.local/lib/python3.12/site-packages/airflow/example_dags/example_latest_only.py
[2025-08-06T20:33:29.639+0000] {logging_mixin.py:190} INFO - [2025-08-06T20:33:29.638+0000] {dag.py:3239} INFO - Sync 1 DAGs
[2025-08-06T20:33:29.664+0000] {logging_mixin.py:190} INFO - [2025-08-06T20:33:29.664+0000] {dag.py:4180} INFO - Setting next_dagrun for latest_only to 2025-08-06 16:00:00+00:00, run_after=2025-08-06 20:00:00+00:00
[2025-08-06T20:33:29.691+0000] {processor.py:208} INFO - Processing /home/airflow/.local/lib/python3.12/site-packages/airflow/example_dags/example_latest_only.py took 0.087 seconds
[2025-08-06T20:34:00.423+0000] {processor.py:186} INFO - Started process (PID=667) to work on /home/airflow/.local/lib/python3.12/site-packages/airflow/example_dags/example_latest_only.py
[2025-08-06T20:34:00.424+0000] {processor.py:914} INFO - Processing file /home/airflow/.local/lib/python3.12/site-packages/airflow/example_dags/example_latest_only.py for tasks to queue
[2025-08-06T20:34:00.426+0000] {logging_mixin.py:190} INFO - [2025-08-06T20:34:00.425+0000] {dagbag.py:588} INFO - Filling up the DagBag from /home/airflow/.local/lib/python3.12/site-packages/airflow/example_dags/example_latest_only.py
[2025-08-06T20:34:00.433+0000] {processor.py:925} INFO - DAG(s) 'latest_only' retrieved from /home/airflow/.local/lib/python3.12/site-packages/airflow/example_dags/example_latest_only.py
[2025-08-06T20:34:00.453+0000] {logging_mixin.py:190} INFO - [2025-08-06T20:34:00.452+0000] {dag.py:3239} INFO - Sync 1 DAGs
[2025-08-06T20:34:00.477+0000] {logging_mixin.py:190} INFO - [2025-08-06T20:34:00.477+0000] {dag.py:4180} INFO - Setting next_dagrun for latest_only to 2025-08-06 16:00:00+00:00, run_after=2025-08-06 20:00:00+00:00
[2025-08-06T20:34:00.502+0000] {processor.py:208} INFO - Processing /home/airflow/.local/lib/python3.12/site-packages/airflow/example_dags/example_latest_only.py took 0.083 seconds
[2025-08-06T20:34:30.588+0000] {processor.py:186} INFO - Started process (PID=732) to work on /home/airflow/.local/lib/python3.12/site-packages/airflow/example_dags/example_latest_only.py
[2025-08-06T20:34:30.589+0000] {processor.py:914} INFO - Processing file /home/airflow/.local/lib/python3.12/site-packages/airflow/example_dags/example_latest_only.py for tasks to queue
[2025-08-06T20:34:30.590+0000] {logging_mixin.py:190} INFO - [2025-08-06T20:34:30.590+0000] {dagbag.py:588} INFO - Filling up the DagBag from /home/airflow/.local/lib/python3.12/site-packages/airflow/example_dags/example_latest_only.py
[2025-08-06T20:34:30.598+0000] {processor.py:925} INFO - DAG(s) 'latest_only' retrieved from /home/airflow/.local/lib/python3.12/site-packages/airflow/example_dags/example_latest_only.py
[2025-08-06T20:34:30.619+0000] {logging_mixin.py:190} INFO - [2025-08-06T20:34:30.618+0000] {dag.py:3239} INFO - Sync 1 DAGs
[2025-08-06T20:34:30.645+0000] {logging_mixin.py:190} INFO - [2025-08-06T20:34:30.645+0000] {dag.py:4180} INFO - Setting next_dagrun for latest_only to 2025-08-06 16:00:00+00:00, run_after=2025-08-06 20:00:00+00:00
[2025-08-06T20:34:30.670+0000] {processor.py:208} INFO - Processing /home/airflow/.local/lib/python3.12/site-packages/airflow/example_dags/example_latest_only.py took 0.087 seconds
[2025-08-06T20:35:55.947+0000] {processor.py:186} INFO - Started process (PID=796) to work on /home/airflow/.local/lib/python3.12/site-packages/airflow/example_dags/example_latest_only.py
[2025-08-06T20:35:55.948+0000] {processor.py:914} INFO - Processing file /home/airflow/.local/lib/python3.12/site-packages/airflow/example_dags/example_latest_only.py for tasks to queue
[2025-08-06T20:35:55.950+0000] {logging_mixin.py:190} INFO - [2025-08-06T20:35:55.949+0000] {dagbag.py:588} INFO - Filling up the DagBag from /home/airflow/.local/lib/python3.12/site-packages/airflow/example_dags/example_latest_only.py
[2025-08-06T20:35:55.957+0000] {processor.py:925} INFO - DAG(s) 'latest_only' retrieved from /home/airflow/.local/lib/python3.12/site-packages/airflow/example_dags/example_latest_only.py
[2025-08-06T20:35:55.978+0000] {logging_mixin.py:190} INFO - [2025-08-06T20:35:55.977+0000] {dag.py:3239} INFO - Sync 1 DAGs
[2025-08-06T20:35:56.005+0000] {logging_mixin.py:190} INFO - [2025-08-06T20:35:56.005+0000] {dag.py:4180} INFO - Setting next_dagrun for latest_only to 2025-08-06 16:00:00+00:00, run_after=2025-08-06 20:00:00+00:00
[2025-08-06T20:35:56.031+0000] {processor.py:208} INFO - Processing /home/airflow/.local/lib/python3.12/site-packages/airflow/example_dags/example_latest_only.py took 0.090 seconds
[2025-08-06T20:36:29.594+0000] {processor.py:186} INFO - Started process (PID=874) to work on /home/airflow/.local/lib/python3.12/site-packages/airflow/example_dags/example_latest_only.py
[2025-08-06T20:36:29.595+0000] {processor.py:914} INFO - Processing file /home/airflow/.local/lib/python3.12/site-packages/airflow/example_dags/example_latest_only.py for tasks to queue
[2025-08-06T20:36:29.597+0000] {logging_mixin.py:190} INFO - [2025-08-06T20:36:29.597+0000] {dagbag.py:588} INFO - Filling up the DagBag from /home/airflow/.local/lib/python3.12/site-packages/airflow/example_dags/example_latest_only.py
[2025-08-06T20:36:29.608+0000] {processor.py:925} INFO - DAG(s) 'latest_only' retrieved from /home/airflow/.local/lib/python3.12/site-packages/airflow/example_dags/example_latest_only.py
[2025-08-06T20:36:29.633+0000] {logging_mixin.py:190} INFO - [2025-08-06T20:36:29.633+0000] {dag.py:3239} INFO - Sync 1 DAGs
[2025-08-06T20:36:29.666+0000] {logging_mixin.py:190} INFO - [2025-08-06T20:36:29.665+0000] {dag.py:4180} INFO - Setting next_dagrun for latest_only to 2025-08-06 16:00:00+00:00, run_after=2025-08-06 20:00:00+00:00
[2025-08-06T20:36:29.689+0000] {processor.py:208} INFO - Processing /home/airflow/.local/lib/python3.12/site-packages/airflow/example_dags/example_latest_only.py took 0.102 seconds
[2025-08-06T20:36:49.062+0000] {processor.py:186} INFO - Started process (PID=938) to work on /home/airflow/.local/lib/python3.12/site-packages/airflow/example_dags/example_latest_only.py
[2025-08-06T20:36:49.063+0000] {processor.py:914} INFO - Processing file /home/airflow/.local/lib/python3.12/site-packages/airflow/example_dags/example_latest_only.py for tasks to queue
[2025-08-06T20:36:49.065+0000] {logging_mixin.py:190} INFO - [2025-08-06T20:36:49.065+0000] {dagbag.py:588} INFO - Filling up the DagBag from /home/airflow/.local/lib/python3.12/site-packages/airflow/example_dags/example_latest_only.py
[2025-08-06T20:36:49.075+0000] {processor.py:925} INFO - DAG(s) 'latest_only' retrieved from /home/airflow/.local/lib/python3.12/site-packages/airflow/example_dags/example_latest_only.py
[2025-08-06T20:36:49.100+0000] {logging_mixin.py:190} INFO - [2025-08-06T20:36:49.100+0000] {dag.py:3239} INFO - Sync 1 DAGs
[2025-08-06T20:36:49.129+0000] {logging_mixin.py:190} INFO - [2025-08-06T20:36:49.129+0000] {dag.py:4180} INFO - Setting next_dagrun for latest_only to 2025-08-06 16:00:00+00:00, run_after=2025-08-06 20:00:00+00:00
[2025-08-06T20:36:49.153+0000] {processor.py:208} INFO - Processing /home/airflow/.local/lib/python3.12/site-packages/airflow/example_dags/example_latest_only.py took 0.097 seconds
