[2025-08-06T20:30:19.314+0000] {processor.py:186} INFO - Started process (PID=130) to work on /home/airflow/.local/lib/python3.12/site-packages/airflow/example_dags/example_complex.py
[2025-08-06T20:30:19.316+0000] {processor.py:914} INFO - Processing file /home/airflow/.local/lib/python3.12/site-packages/airflow/example_dags/example_complex.py for tasks to queue
[2025-08-06T20:30:19.318+0000] {logging_mixin.py:190} INFO - [2025-08-06T20:30:19.318+0000] {dagbag.py:588} INFO - Filling up the DagBag from /home/airflow/.local/lib/python3.12/site-packages/airflow/example_dags/example_complex.py
[2025-08-06T20:30:19.354+0000] {processor.py:925} INFO - DAG(s) 'example_complex' retrieved from /home/airflow/.local/lib/python3.12/site-packages/airflow/example_dags/example_complex.py
[2025-08-06T20:30:19.434+0000] {logging_mixin.py:190} INFO - [2025-08-06T20:30:19.433+0000] {dag.py:3239} INFO - Sync 1 DAGs
[2025-08-06T20:30:19.487+0000] {logging_mixin.py:190} INFO - [2025-08-06T20:30:19.487+0000] {dag.py:4180} INFO - Setting next_dagrun for example_complex to None, run_after=None
[2025-08-06T20:30:19.526+0000] {processor.py:208} INFO - Processing /home/airflow/.local/lib/python3.12/site-packages/airflow/example_dags/example_complex.py took 0.223 seconds
[2025-08-06T20:30:36.447+0000] {processor.py:186} INFO - Started process (PID=199) to work on /home/airflow/.local/lib/python3.12/site-packages/airflow/example_dags/example_complex.py
[2025-08-06T20:30:36.448+0000] {processor.py:914} INFO - Processing file /home/airflow/.local/lib/python3.12/site-packages/airflow/example_dags/example_complex.py for tasks to queue
[2025-08-06T20:30:36.450+0000] {logging_mixin.py:190} INFO - [2025-08-06T20:30:36.449+0000] {dagbag.py:588} INFO - Filling up the DagBag from /home/airflow/.local/lib/python3.12/site-packages/airflow/example_dags/example_complex.py
[2025-08-06T20:30:36.462+0000] {processor.py:925} INFO - DAG(s) 'example_complex' retrieved from /home/airflow/.local/lib/python3.12/site-packages/airflow/example_dags/example_complex.py
[2025-08-06T20:30:36.512+0000] {logging_mixin.py:190} INFO - [2025-08-06T20:30:36.511+0000] {dag.py:3239} INFO - Sync 1 DAGs
[2025-08-06T20:30:36.538+0000] {logging_mixin.py:190} INFO - [2025-08-06T20:30:36.538+0000] {dag.py:4180} INFO - Setting next_dagrun for example_complex to None, run_after=None
[2025-08-06T20:30:36.568+0000] {processor.py:208} INFO - Processing /home/airflow/.local/lib/python3.12/site-packages/airflow/example_dags/example_complex.py took 0.128 seconds
[2025-08-06T20:31:00.488+0000] {processor.py:186} INFO - Started process (PID=256) to work on /home/airflow/.local/lib/python3.12/site-packages/airflow/example_dags/example_complex.py
[2025-08-06T20:31:00.490+0000] {processor.py:914} INFO - Processing file /home/airflow/.local/lib/python3.12/site-packages/airflow/example_dags/example_complex.py for tasks to queue
[2025-08-06T20:31:00.493+0000] {logging_mixin.py:190} INFO - [2025-08-06T20:31:00.492+0000] {dagbag.py:588} INFO - Filling up the DagBag from /home/airflow/.local/lib/python3.12/site-packages/airflow/example_dags/example_complex.py
[2025-08-06T20:31:00.518+0000] {processor.py:925} INFO - DAG(s) 'example_complex' retrieved from /home/airflow/.local/lib/python3.12/site-packages/airflow/example_dags/example_complex.py
[2025-08-06T20:31:00.604+0000] {logging_mixin.py:190} INFO - [2025-08-06T20:31:00.604+0000] {dag.py:3239} INFO - Sync 1 DAGs
[2025-08-06T20:31:00.643+0000] {logging_mixin.py:190} INFO - [2025-08-06T20:31:00.642+0000] {dag.py:4180} INFO - Setting next_dagrun for example_complex to None, run_after=None
[2025-08-06T20:31:00.684+0000] {processor.py:208} INFO - Processing /home/airflow/.local/lib/python3.12/site-packages/airflow/example_dags/example_complex.py took 0.204 seconds
[2025-08-06T20:31:20.834+0000] {processor.py:186} INFO - Started process (PID=320) to work on /home/airflow/.local/lib/python3.12/site-packages/airflow/example_dags/example_complex.py
[2025-08-06T20:31:20.835+0000] {processor.py:914} INFO - Processing file /home/airflow/.local/lib/python3.12/site-packages/airflow/example_dags/example_complex.py for tasks to queue
[2025-08-06T20:31:20.837+0000] {logging_mixin.py:190} INFO - [2025-08-06T20:31:20.836+0000] {dagbag.py:588} INFO - Filling up the DagBag from /home/airflow/.local/lib/python3.12/site-packages/airflow/example_dags/example_complex.py
[2025-08-06T20:31:20.850+0000] {processor.py:925} INFO - DAG(s) 'example_complex' retrieved from /home/airflow/.local/lib/python3.12/site-packages/airflow/example_dags/example_complex.py
[2025-08-06T20:31:20.887+0000] {logging_mixin.py:190} INFO - [2025-08-06T20:31:20.887+0000] {dag.py:3239} INFO - Sync 1 DAGs
[2025-08-06T20:31:20.904+0000] {logging_mixin.py:190} INFO - [2025-08-06T20:31:20.904+0000] {dag.py:4180} INFO - Setting next_dagrun for example_complex to None, run_after=None
[2025-08-06T20:31:20.927+0000] {processor.py:208} INFO - Processing /home/airflow/.local/lib/python3.12/site-packages/airflow/example_dags/example_complex.py took 0.100 seconds
[2025-08-06T20:31:31.263+0000] {processor.py:186} INFO - Started process (PID=377) to work on /home/airflow/.local/lib/python3.12/site-packages/airflow/example_dags/example_complex.py
[2025-08-06T20:31:31.264+0000] {processor.py:914} INFO - Processing file /home/airflow/.local/lib/python3.12/site-packages/airflow/example_dags/example_complex.py for tasks to queue
[2025-08-06T20:31:31.265+0000] {logging_mixin.py:190} INFO - [2025-08-06T20:31:31.265+0000] {dagbag.py:588} INFO - Filling up the DagBag from /home/airflow/.local/lib/python3.12/site-packages/airflow/example_dags/example_complex.py
[2025-08-06T20:31:31.281+0000] {processor.py:925} INFO - DAG(s) 'example_complex' retrieved from /home/airflow/.local/lib/python3.12/site-packages/airflow/example_dags/example_complex.py
[2025-08-06T20:31:31.315+0000] {logging_mixin.py:190} INFO - [2025-08-06T20:31:31.315+0000] {dag.py:3239} INFO - Sync 1 DAGs
[2025-08-06T20:31:31.335+0000] {logging_mixin.py:190} INFO - [2025-08-06T20:31:31.334+0000] {dag.py:4180} INFO - Setting next_dagrun for example_complex to None, run_after=None
[2025-08-06T20:31:31.357+0000] {processor.py:208} INFO - Processing /home/airflow/.local/lib/python3.12/site-packages/airflow/example_dags/example_complex.py took 0.099 seconds
[2025-08-06T20:31:59.451+0000] {processor.py:186} INFO - Started process (PID=441) to work on /home/airflow/.local/lib/python3.12/site-packages/airflow/example_dags/example_complex.py
[2025-08-06T20:31:59.452+0000] {processor.py:914} INFO - Processing file /home/airflow/.local/lib/python3.12/site-packages/airflow/example_dags/example_complex.py for tasks to queue
[2025-08-06T20:31:59.453+0000] {logging_mixin.py:190} INFO - [2025-08-06T20:31:59.453+0000] {dagbag.py:588} INFO - Filling up the DagBag from /home/airflow/.local/lib/python3.12/site-packages/airflow/example_dags/example_complex.py
[2025-08-06T20:31:59.465+0000] {processor.py:925} INFO - DAG(s) 'example_complex' retrieved from /home/airflow/.local/lib/python3.12/site-packages/airflow/example_dags/example_complex.py
[2025-08-06T20:31:59.500+0000] {logging_mixin.py:190} INFO - [2025-08-06T20:31:59.500+0000] {dag.py:3239} INFO - Sync 1 DAGs
[2025-08-06T20:31:59.517+0000] {logging_mixin.py:190} INFO - [2025-08-06T20:31:59.517+0000] {dag.py:4180} INFO - Setting next_dagrun for example_complex to None, run_after=None
[2025-08-06T20:31:59.542+0000] {processor.py:208} INFO - Processing /home/airflow/.local/lib/python3.12/site-packages/airflow/example_dags/example_complex.py took 0.096 seconds
[2025-08-06T20:32:31.034+0000] {processor.py:186} INFO - Started process (PID=507) to work on /home/airflow/.local/lib/python3.12/site-packages/airflow/example_dags/example_complex.py
[2025-08-06T20:32:31.035+0000] {processor.py:914} INFO - Processing file /home/airflow/.local/lib/python3.12/site-packages/airflow/example_dags/example_complex.py for tasks to queue
[2025-08-06T20:32:31.036+0000] {logging_mixin.py:190} INFO - [2025-08-06T20:32:31.036+0000] {dagbag.py:588} INFO - Filling up the DagBag from /home/airflow/.local/lib/python3.12/site-packages/airflow/example_dags/example_complex.py
[2025-08-06T20:32:31.047+0000] {processor.py:925} INFO - DAG(s) 'example_complex' retrieved from /home/airflow/.local/lib/python3.12/site-packages/airflow/example_dags/example_complex.py
[2025-08-06T20:32:31.080+0000] {logging_mixin.py:190} INFO - [2025-08-06T20:32:31.080+0000] {dag.py:3239} INFO - Sync 1 DAGs
[2025-08-06T20:32:31.097+0000] {logging_mixin.py:190} INFO - [2025-08-06T20:32:31.097+0000] {dag.py:4180} INFO - Setting next_dagrun for example_complex to None, run_after=None
[2025-08-06T20:32:31.120+0000] {processor.py:208} INFO - Processing /home/airflow/.local/lib/python3.12/site-packages/airflow/example_dags/example_complex.py took 0.091 seconds
[2025-08-06T20:33:01.842+0000] {processor.py:186} INFO - Started process (PID=568) to work on /home/airflow/.local/lib/python3.12/site-packages/airflow/example_dags/example_complex.py
[2025-08-06T20:33:01.843+0000] {processor.py:914} INFO - Processing file /home/airflow/.local/lib/python3.12/site-packages/airflow/example_dags/example_complex.py for tasks to queue
[2025-08-06T20:33:01.844+0000] {logging_mixin.py:190} INFO - [2025-08-06T20:33:01.844+0000] {dagbag.py:588} INFO - Filling up the DagBag from /home/airflow/.local/lib/python3.12/site-packages/airflow/example_dags/example_complex.py
[2025-08-06T20:33:01.855+0000] {processor.py:925} INFO - DAG(s) 'example_complex' retrieved from /home/airflow/.local/lib/python3.12/site-packages/airflow/example_dags/example_complex.py
[2025-08-06T20:33:01.890+0000] {logging_mixin.py:190} INFO - [2025-08-06T20:33:01.890+0000] {dag.py:3239} INFO - Sync 1 DAGs
[2025-08-06T20:33:01.906+0000] {logging_mixin.py:190} INFO - [2025-08-06T20:33:01.905+0000] {dag.py:4180} INFO - Setting next_dagrun for example_complex to None, run_after=None
[2025-08-06T20:33:01.930+0000] {processor.py:208} INFO - Processing /home/airflow/.local/lib/python3.12/site-packages/airflow/example_dags/example_complex.py took 0.093 seconds
[2025-08-06T20:33:32.014+0000] {processor.py:186} INFO - Started process (PID=629) to work on /home/airflow/.local/lib/python3.12/site-packages/airflow/example_dags/example_complex.py
[2025-08-06T20:33:32.015+0000] {processor.py:914} INFO - Processing file /home/airflow/.local/lib/python3.12/site-packages/airflow/example_dags/example_complex.py for tasks to queue
[2025-08-06T20:33:32.016+0000] {logging_mixin.py:190} INFO - [2025-08-06T20:33:32.015+0000] {dagbag.py:588} INFO - Filling up the DagBag from /home/airflow/.local/lib/python3.12/site-packages/airflow/example_dags/example_complex.py
[2025-08-06T20:33:32.027+0000] {processor.py:925} INFO - DAG(s) 'example_complex' retrieved from /home/airflow/.local/lib/python3.12/site-packages/airflow/example_dags/example_complex.py
[2025-08-06T20:33:32.057+0000] {logging_mixin.py:190} INFO - [2025-08-06T20:33:32.056+0000] {dag.py:3239} INFO - Sync 1 DAGs
[2025-08-06T20:33:32.074+0000] {logging_mixin.py:190} INFO - [2025-08-06T20:33:32.073+0000] {dag.py:4180} INFO - Setting next_dagrun for example_complex to None, run_after=None
[2025-08-06T20:33:32.096+0000] {processor.py:208} INFO - Processing /home/airflow/.local/lib/python3.12/site-packages/airflow/example_dags/example_complex.py took 0.087 seconds
[2025-08-06T20:34:03.260+0000] {processor.py:186} INFO - Started process (PID=699) to work on /home/airflow/.local/lib/python3.12/site-packages/airflow/example_dags/example_complex.py
[2025-08-06T20:34:03.261+0000] {processor.py:914} INFO - Processing file /home/airflow/.local/lib/python3.12/site-packages/airflow/example_dags/example_complex.py for tasks to queue
[2025-08-06T20:34:03.263+0000] {logging_mixin.py:190} INFO - [2025-08-06T20:34:03.263+0000] {dagbag.py:588} INFO - Filling up the DagBag from /home/airflow/.local/lib/python3.12/site-packages/airflow/example_dags/example_complex.py
[2025-08-06T20:34:03.277+0000] {processor.py:925} INFO - DAG(s) 'example_complex' retrieved from /home/airflow/.local/lib/python3.12/site-packages/airflow/example_dags/example_complex.py
[2025-08-06T20:34:03.311+0000] {logging_mixin.py:190} INFO - [2025-08-06T20:34:03.311+0000] {dag.py:3239} INFO - Sync 1 DAGs
[2025-08-06T20:34:03.327+0000] {logging_mixin.py:190} INFO - [2025-08-06T20:34:03.327+0000] {dag.py:4180} INFO - Setting next_dagrun for example_complex to None, run_after=None
[2025-08-06T20:34:03.354+0000] {processor.py:208} INFO - Processing /home/airflow/.local/lib/python3.12/site-packages/airflow/example_dags/example_complex.py took 0.099 seconds
[2025-08-06T20:34:34.074+0000] {processor.py:186} INFO - Started process (PID=765) to work on /home/airflow/.local/lib/python3.12/site-packages/airflow/example_dags/example_complex.py
[2025-08-06T20:34:34.075+0000] {processor.py:914} INFO - Processing file /home/airflow/.local/lib/python3.12/site-packages/airflow/example_dags/example_complex.py for tasks to queue
[2025-08-06T20:34:34.077+0000] {logging_mixin.py:190} INFO - [2025-08-06T20:34:34.077+0000] {dagbag.py:588} INFO - Filling up the DagBag from /home/airflow/.local/lib/python3.12/site-packages/airflow/example_dags/example_complex.py
[2025-08-06T20:34:34.094+0000] {processor.py:925} INFO - DAG(s) 'example_complex' retrieved from /home/airflow/.local/lib/python3.12/site-packages/airflow/example_dags/example_complex.py
[2025-08-06T20:34:34.139+0000] {logging_mixin.py:190} INFO - [2025-08-06T20:34:34.138+0000] {dag.py:3239} INFO - Sync 1 DAGs
[2025-08-06T20:34:34.160+0000] {logging_mixin.py:190} INFO - [2025-08-06T20:34:34.160+0000] {dag.py:4180} INFO - Setting next_dagrun for example_complex to None, run_after=None
[2025-08-06T20:34:34.189+0000] {processor.py:208} INFO - Processing /home/airflow/.local/lib/python3.12/site-packages/airflow/example_dags/example_complex.py took 0.121 seconds
[2025-08-06T20:35:58.367+0000] {processor.py:186} INFO - Started process (PID=823) to work on /home/airflow/.local/lib/python3.12/site-packages/airflow/example_dags/example_complex.py
[2025-08-06T20:35:58.368+0000] {processor.py:914} INFO - Processing file /home/airflow/.local/lib/python3.12/site-packages/airflow/example_dags/example_complex.py for tasks to queue
[2025-08-06T20:35:58.369+0000] {logging_mixin.py:190} INFO - [2025-08-06T20:35:58.369+0000] {dagbag.py:588} INFO - Filling up the DagBag from /home/airflow/.local/lib/python3.12/site-packages/airflow/example_dags/example_complex.py
[2025-08-06T20:35:58.384+0000] {processor.py:925} INFO - DAG(s) 'example_complex' retrieved from /home/airflow/.local/lib/python3.12/site-packages/airflow/example_dags/example_complex.py
[2025-08-06T20:35:58.414+0000] {logging_mixin.py:190} INFO - [2025-08-06T20:35:58.413+0000] {dag.py:3239} INFO - Sync 1 DAGs
[2025-08-06T20:35:58.429+0000] {logging_mixin.py:190} INFO - [2025-08-06T20:35:58.429+0000] {dag.py:4180} INFO - Setting next_dagrun for example_complex to None, run_after=None
[2025-08-06T20:35:58.449+0000] {processor.py:208} INFO - Processing /home/airflow/.local/lib/python3.12/site-packages/airflow/example_dags/example_complex.py took 0.087 seconds
[2025-08-06T20:36:32.053+0000] {processor.py:186} INFO - Started process (PID=901) to work on /home/airflow/.local/lib/python3.12/site-packages/airflow/example_dags/example_complex.py
[2025-08-06T20:36:32.054+0000] {processor.py:914} INFO - Processing file /home/airflow/.local/lib/python3.12/site-packages/airflow/example_dags/example_complex.py for tasks to queue
[2025-08-06T20:36:32.056+0000] {logging_mixin.py:190} INFO - [2025-08-06T20:36:32.056+0000] {dagbag.py:588} INFO - Filling up the DagBag from /home/airflow/.local/lib/python3.12/site-packages/airflow/example_dags/example_complex.py
[2025-08-06T20:36:32.076+0000] {processor.py:925} INFO - DAG(s) 'example_complex' retrieved from /home/airflow/.local/lib/python3.12/site-packages/airflow/example_dags/example_complex.py
[2025-08-06T20:36:32.122+0000] {logging_mixin.py:190} INFO - [2025-08-06T20:36:32.122+0000] {dag.py:3239} INFO - Sync 1 DAGs
[2025-08-06T20:36:32.143+0000] {logging_mixin.py:190} INFO - [2025-08-06T20:36:32.142+0000] {dag.py:4180} INFO - Setting next_dagrun for example_complex to None, run_after=None
[2025-08-06T20:36:32.166+0000] {processor.py:208} INFO - Processing /home/airflow/.local/lib/python3.12/site-packages/airflow/example_dags/example_complex.py took 0.121 seconds
[2025-08-06T20:36:50.569+0000] {processor.py:186} INFO - Started process (PID=963) to work on /home/airflow/.local/lib/python3.12/site-packages/airflow/example_dags/example_complex.py
[2025-08-06T20:36:50.570+0000] {processor.py:914} INFO - Processing file /home/airflow/.local/lib/python3.12/site-packages/airflow/example_dags/example_complex.py for tasks to queue
[2025-08-06T20:36:50.572+0000] {logging_mixin.py:190} INFO - [2025-08-06T20:36:50.572+0000] {dagbag.py:588} INFO - Filling up the DagBag from /home/airflow/.local/lib/python3.12/site-packages/airflow/example_dags/example_complex.py
[2025-08-06T20:36:50.589+0000] {processor.py:925} INFO - DAG(s) 'example_complex' retrieved from /home/airflow/.local/lib/python3.12/site-packages/airflow/example_dags/example_complex.py
[2025-08-06T20:36:50.624+0000] {logging_mixin.py:190} INFO - [2025-08-06T20:36:50.624+0000] {dag.py:3239} INFO - Sync 1 DAGs
[2025-08-06T20:36:50.645+0000] {logging_mixin.py:190} INFO - [2025-08-06T20:36:50.644+0000] {dag.py:4180} INFO - Setting next_dagrun for example_complex to None, run_after=None
[2025-08-06T20:36:50.681+0000] {processor.py:208} INFO - Processing /home/airflow/.local/lib/python3.12/site-packages/airflow/example_dags/example_complex.py took 0.118 seconds
