[2025-08-06T20:30:19.627+0000] {processor.py:186} INFO - Started process (PID=133) to work on /home/airflow/.local/lib/python3.12/site-packages/airflow/example_dags/example_external_task_marker_dag.py
[2025-08-06T20:30:19.629+0000] {processor.py:914} INFO - Processing file /home/airflow/.local/lib/python3.12/site-packages/airflow/example_dags/example_external_task_marker_dag.py for tasks to queue
[2025-08-06T20:30:19.632+0000] {logging_mixin.py:190} INFO - [2025-08-06T20:30:19.631+0000] {dagbag.py:588} INFO - Filling up the DagBag from /home/airflow/.local/lib/python3.12/site-packages/airflow/example_dags/example_external_task_marker_dag.py
[2025-08-06T20:30:19.650+0000] {processor.py:925} INFO - DAG(s) 'example_external_task_marker_child', 'example_external_task_marker_parent' retrieved from /home/airflow/.local/lib/python3.12/site-packages/airflow/example_dags/example_external_task_marker_dag.py
[2025-08-06T20:30:19.696+0000] {logging_mixin.py:190} INFO - [2025-08-06T20:30:19.695+0000] {dag.py:3239} INFO - Sync 2 DAGs
[2025-08-06T20:30:19.731+0000] {logging_mixin.py:190} INFO - [2025-08-06T20:30:19.731+0000] {dag.py:4180} INFO - Setting next_dagrun for example_external_task_marker_child to None, run_after=None
[2025-08-06T20:30:19.742+0000] {logging_mixin.py:190} INFO - [2025-08-06T20:30:19.741+0000] {dag.py:4180} INFO - Setting next_dagrun for example_external_task_marker_parent to None, run_after=None
[2025-08-06T20:30:19.778+0000] {processor.py:208} INFO - Processing /home/airflow/.local/lib/python3.12/site-packages/airflow/example_dags/example_external_task_marker_dag.py took 0.160 seconds
[2025-08-06T20:30:36.880+0000] {processor.py:186} INFO - Started process (PID=202) to work on /home/airflow/.local/lib/python3.12/site-packages/airflow/example_dags/example_external_task_marker_dag.py
[2025-08-06T20:30:36.882+0000] {processor.py:914} INFO - Processing file /home/airflow/.local/lib/python3.12/site-packages/airflow/example_dags/example_external_task_marker_dag.py for tasks to queue
[2025-08-06T20:30:36.884+0000] {logging_mixin.py:190} INFO - [2025-08-06T20:30:36.884+0000] {dagbag.py:588} INFO - Filling up the DagBag from /home/airflow/.local/lib/python3.12/site-packages/airflow/example_dags/example_external_task_marker_dag.py
[2025-08-06T20:30:36.897+0000] {processor.py:925} INFO - DAG(s) 'example_external_task_marker_child', 'example_external_task_marker_parent' retrieved from /home/airflow/.local/lib/python3.12/site-packages/airflow/example_dags/example_external_task_marker_dag.py
[2025-08-06T20:30:36.936+0000] {logging_mixin.py:190} INFO - [2025-08-06T20:30:36.936+0000] {dag.py:3239} INFO - Sync 2 DAGs
[2025-08-06T20:30:36.958+0000] {logging_mixin.py:190} INFO - [2025-08-06T20:30:36.958+0000] {dag.py:4180} INFO - Setting next_dagrun for example_external_task_marker_child to None, run_after=None
[2025-08-06T20:30:36.966+0000] {logging_mixin.py:190} INFO - [2025-08-06T20:30:36.966+0000] {dag.py:4180} INFO - Setting next_dagrun for example_external_task_marker_parent to None, run_after=None
[2025-08-06T20:30:36.987+0000] {processor.py:208} INFO - Processing /home/airflow/.local/lib/python3.12/site-packages/airflow/example_dags/example_external_task_marker_dag.py took 0.118 seconds
[2025-08-06T20:31:00.927+0000] {processor.py:186} INFO - Started process (PID=259) to work on /home/airflow/.local/lib/python3.12/site-packages/airflow/example_dags/example_external_task_marker_dag.py
[2025-08-06T20:31:00.928+0000] {processor.py:914} INFO - Processing file /home/airflow/.local/lib/python3.12/site-packages/airflow/example_dags/example_external_task_marker_dag.py for tasks to queue
[2025-08-06T20:31:00.930+0000] {logging_mixin.py:190} INFO - [2025-08-06T20:31:00.930+0000] {dagbag.py:588} INFO - Filling up the DagBag from /home/airflow/.local/lib/python3.12/site-packages/airflow/example_dags/example_external_task_marker_dag.py
[2025-08-06T20:31:00.940+0000] {processor.py:925} INFO - DAG(s) 'example_external_task_marker_parent', 'example_external_task_marker_child' retrieved from /home/airflow/.local/lib/python3.12/site-packages/airflow/example_dags/example_external_task_marker_dag.py
[2025-08-06T20:31:00.966+0000] {logging_mixin.py:190} INFO - [2025-08-06T20:31:00.966+0000] {dag.py:3239} INFO - Sync 2 DAGs
[2025-08-06T20:31:00.984+0000] {logging_mixin.py:190} INFO - [2025-08-06T20:31:00.984+0000] {dag.py:4180} INFO - Setting next_dagrun for example_external_task_marker_child to None, run_after=None
[2025-08-06T20:31:00.990+0000] {logging_mixin.py:190} INFO - [2025-08-06T20:31:00.989+0000] {dag.py:4180} INFO - Setting next_dagrun for example_external_task_marker_parent to None, run_after=None
[2025-08-06T20:31:01.011+0000] {processor.py:208} INFO - Processing /home/airflow/.local/lib/python3.12/site-packages/airflow/example_dags/example_external_task_marker_dag.py took 0.090 seconds
[2025-08-06T20:31:20.986+0000] {processor.py:186} INFO - Started process (PID=323) to work on /home/airflow/.local/lib/python3.12/site-packages/airflow/example_dags/example_external_task_marker_dag.py
[2025-08-06T20:31:20.987+0000] {processor.py:914} INFO - Processing file /home/airflow/.local/lib/python3.12/site-packages/airflow/example_dags/example_external_task_marker_dag.py for tasks to queue
[2025-08-06T20:31:20.988+0000] {logging_mixin.py:190} INFO - [2025-08-06T20:31:20.988+0000] {dagbag.py:588} INFO - Filling up the DagBag from /home/airflow/.local/lib/python3.12/site-packages/airflow/example_dags/example_external_task_marker_dag.py
[2025-08-06T20:31:20.998+0000] {processor.py:925} INFO - DAG(s) 'example_external_task_marker_parent', 'example_external_task_marker_child' retrieved from /home/airflow/.local/lib/python3.12/site-packages/airflow/example_dags/example_external_task_marker_dag.py
[2025-08-06T20:31:21.027+0000] {logging_mixin.py:190} INFO - [2025-08-06T20:31:21.027+0000] {dag.py:3239} INFO - Sync 2 DAGs
[2025-08-06T20:31:21.047+0000] {logging_mixin.py:190} INFO - [2025-08-06T20:31:21.047+0000] {dag.py:4180} INFO - Setting next_dagrun for example_external_task_marker_child to None, run_after=None
[2025-08-06T20:31:21.052+0000] {logging_mixin.py:190} INFO - [2025-08-06T20:31:21.052+0000] {dag.py:4180} INFO - Setting next_dagrun for example_external_task_marker_parent to None, run_after=None
[2025-08-06T20:31:21.074+0000] {processor.py:208} INFO - Processing /home/airflow/.local/lib/python3.12/site-packages/airflow/example_dags/example_external_task_marker_dag.py took 0.094 seconds
[2025-08-06T20:31:31.566+0000] {processor.py:186} INFO - Started process (PID=380) to work on /home/airflow/.local/lib/python3.12/site-packages/airflow/example_dags/example_external_task_marker_dag.py
[2025-08-06T20:31:31.567+0000] {processor.py:914} INFO - Processing file /home/airflow/.local/lib/python3.12/site-packages/airflow/example_dags/example_external_task_marker_dag.py for tasks to queue
[2025-08-06T20:31:31.568+0000] {logging_mixin.py:190} INFO - [2025-08-06T20:31:31.568+0000] {dagbag.py:588} INFO - Filling up the DagBag from /home/airflow/.local/lib/python3.12/site-packages/airflow/example_dags/example_external_task_marker_dag.py
[2025-08-06T20:31:31.576+0000] {processor.py:925} INFO - DAG(s) 'example_external_task_marker_child', 'example_external_task_marker_parent' retrieved from /home/airflow/.local/lib/python3.12/site-packages/airflow/example_dags/example_external_task_marker_dag.py
[2025-08-06T20:31:31.616+0000] {logging_mixin.py:190} INFO - [2025-08-06T20:31:31.616+0000] {dag.py:3239} INFO - Sync 2 DAGs
[2025-08-06T20:31:31.648+0000] {logging_mixin.py:190} INFO - [2025-08-06T20:31:31.648+0000] {dag.py:4180} INFO - Setting next_dagrun for example_external_task_marker_child to None, run_after=None
[2025-08-06T20:31:31.656+0000] {logging_mixin.py:190} INFO - [2025-08-06T20:31:31.656+0000] {dag.py:4180} INFO - Setting next_dagrun for example_external_task_marker_parent to None, run_after=None
[2025-08-06T20:31:31.693+0000] {processor.py:208} INFO - Processing /home/airflow/.local/lib/python3.12/site-packages/airflow/example_dags/example_external_task_marker_dag.py took 0.132 seconds
[2025-08-06T20:31:59.718+0000] {processor.py:186} INFO - Started process (PID=444) to work on /home/airflow/.local/lib/python3.12/site-packages/airflow/example_dags/example_external_task_marker_dag.py
[2025-08-06T20:31:59.719+0000] {processor.py:914} INFO - Processing file /home/airflow/.local/lib/python3.12/site-packages/airflow/example_dags/example_external_task_marker_dag.py for tasks to queue
[2025-08-06T20:31:59.720+0000] {logging_mixin.py:190} INFO - [2025-08-06T20:31:59.720+0000] {dagbag.py:588} INFO - Filling up the DagBag from /home/airflow/.local/lib/python3.12/site-packages/airflow/example_dags/example_external_task_marker_dag.py
[2025-08-06T20:31:59.728+0000] {processor.py:925} INFO - DAG(s) 'example_external_task_marker_parent', 'example_external_task_marker_child' retrieved from /home/airflow/.local/lib/python3.12/site-packages/airflow/example_dags/example_external_task_marker_dag.py
[2025-08-06T20:31:59.754+0000] {logging_mixin.py:190} INFO - [2025-08-06T20:31:59.754+0000] {dag.py:3239} INFO - Sync 2 DAGs
[2025-08-06T20:31:59.769+0000] {logging_mixin.py:190} INFO - [2025-08-06T20:31:59.769+0000] {dag.py:4180} INFO - Setting next_dagrun for example_external_task_marker_child to None, run_after=None
[2025-08-06T20:31:59.774+0000] {logging_mixin.py:190} INFO - [2025-08-06T20:31:59.774+0000] {dag.py:4180} INFO - Setting next_dagrun for example_external_task_marker_parent to None, run_after=None
[2025-08-06T20:33:12.419+0000] {processor.py:208} INFO - Processing /home/airflow/.local/lib/python3.12/site-packages/airflow/example_dags/example_external_task_marker_dag.py took 0.083 seconds
[2025-08-06T20:33:42.614+0000] {processor.py:186} INFO - Started process (PID=646) to work on /home/airflow/.local/lib/python3.12/site-packages/airflow/example_dags/example_external_task_marker_dag.py
[2025-08-06T20:33:42.615+0000] {processor.py:914} INFO - Processing file /home/airflow/.local/lib/python3.12/site-packages/airflow/example_dags/example_external_task_marker_dag.py for tasks to queue
[2025-08-06T20:33:42.616+0000] {logging_mixin.py:190} INFO - [2025-08-06T20:33:42.616+0000] {dagbag.py:588} INFO - Filling up the DagBag from /home/airflow/.local/lib/python3.12/site-packages/airflow/example_dags/example_external_task_marker_dag.py
[2025-08-06T20:33:42.625+0000] {processor.py:925} INFO - DAG(s) 'example_external_task_marker_parent', 'example_external_task_marker_child' retrieved from /home/airflow/.local/lib/python3.12/site-packages/airflow/example_dags/example_external_task_marker_dag.py
[2025-08-06T20:33:42.784+0000] {logging_mixin.py:190} INFO - [2025-08-06T20:33:42.784+0000] {dag.py:3239} INFO - Sync 2 DAGs
[2025-08-06T20:33:42.802+0000] {logging_mixin.py:190} INFO - [2025-08-06T20:33:42.801+0000] {dag.py:4180} INFO - Setting next_dagrun for example_external_task_marker_child to None, run_after=None
[2025-08-06T20:33:42.805+0000] {logging_mixin.py:190} INFO - [2025-08-06T20:33:42.805+0000] {dag.py:4180} INFO - Setting next_dagrun for example_external_task_marker_parent to None, run_after=None
[2025-08-06T20:33:42.830+0000] {processor.py:208} INFO - Processing /home/airflow/.local/lib/python3.12/site-packages/airflow/example_dags/example_external_task_marker_dag.py took 0.222 seconds
[2025-08-06T20:34:13.291+0000] {processor.py:186} INFO - Started process (PID=712) to work on /home/airflow/.local/lib/python3.12/site-packages/airflow/example_dags/example_external_task_marker_dag.py
[2025-08-06T20:34:13.292+0000] {processor.py:914} INFO - Processing file /home/airflow/.local/lib/python3.12/site-packages/airflow/example_dags/example_external_task_marker_dag.py for tasks to queue
[2025-08-06T20:34:13.293+0000] {logging_mixin.py:190} INFO - [2025-08-06T20:34:13.293+0000] {dagbag.py:588} INFO - Filling up the DagBag from /home/airflow/.local/lib/python3.12/site-packages/airflow/example_dags/example_external_task_marker_dag.py
[2025-08-06T20:34:13.301+0000] {processor.py:925} INFO - DAG(s) 'example_external_task_marker_parent', 'example_external_task_marker_child' retrieved from /home/airflow/.local/lib/python3.12/site-packages/airflow/example_dags/example_external_task_marker_dag.py
[2025-08-06T20:34:13.326+0000] {logging_mixin.py:190} INFO - [2025-08-06T20:34:13.325+0000] {dag.py:3239} INFO - Sync 2 DAGs
[2025-08-06T20:34:13.342+0000] {logging_mixin.py:190} INFO - [2025-08-06T20:34:13.342+0000] {dag.py:4180} INFO - Setting next_dagrun for example_external_task_marker_child to None, run_after=None
[2025-08-06T20:34:13.347+0000] {logging_mixin.py:190} INFO - [2025-08-06T20:34:13.347+0000] {dag.py:4180} INFO - Setting next_dagrun for example_external_task_marker_parent to None, run_after=None
[2025-08-06T20:34:13.369+0000] {processor.py:208} INFO - Processing /home/airflow/.local/lib/python3.12/site-packages/airflow/example_dags/example_external_task_marker_dag.py took 0.083 seconds
[2025-08-06T20:35:58.594+0000] {processor.py:186} INFO - Started process (PID=826) to work on /home/airflow/.local/lib/python3.12/site-packages/airflow/example_dags/example_external_task_marker_dag.py
[2025-08-06T20:35:58.595+0000] {processor.py:914} INFO - Processing file /home/airflow/.local/lib/python3.12/site-packages/airflow/example_dags/example_external_task_marker_dag.py for tasks to queue
[2025-08-06T20:35:58.597+0000] {logging_mixin.py:190} INFO - [2025-08-06T20:35:58.596+0000] {dagbag.py:588} INFO - Filling up the DagBag from /home/airflow/.local/lib/python3.12/site-packages/airflow/example_dags/example_external_task_marker_dag.py
[2025-08-06T20:35:58.604+0000] {processor.py:925} INFO - DAG(s) 'example_external_task_marker_child', 'example_external_task_marker_parent' retrieved from /home/airflow/.local/lib/python3.12/site-packages/airflow/example_dags/example_external_task_marker_dag.py
[2025-08-06T20:35:58.629+0000] {logging_mixin.py:190} INFO - [2025-08-06T20:35:58.629+0000] {dag.py:3239} INFO - Sync 2 DAGs
[2025-08-06T20:35:58.647+0000] {logging_mixin.py:190} INFO - [2025-08-06T20:35:58.646+0000] {dag.py:4180} INFO - Setting next_dagrun for example_external_task_marker_child to None, run_after=None
[2025-08-06T20:35:58.652+0000] {logging_mixin.py:190} INFO - [2025-08-06T20:35:58.651+0000] {dag.py:4180} INFO - Setting next_dagrun for example_external_task_marker_parent to None, run_after=None
[2025-08-06T20:35:58.675+0000] {processor.py:208} INFO - Processing /home/airflow/.local/lib/python3.12/site-packages/airflow/example_dags/example_external_task_marker_dag.py took 0.087 seconds
[2025-08-06T20:36:32.348+0000] {processor.py:186} INFO - Started process (PID=904) to work on /home/airflow/.local/lib/python3.12/site-packages/airflow/example_dags/example_external_task_marker_dag.py
[2025-08-06T20:36:32.349+0000] {processor.py:914} INFO - Processing file /home/airflow/.local/lib/python3.12/site-packages/airflow/example_dags/example_external_task_marker_dag.py for tasks to queue
[2025-08-06T20:36:32.351+0000] {logging_mixin.py:190} INFO - [2025-08-06T20:36:32.351+0000] {dagbag.py:588} INFO - Filling up the DagBag from /home/airflow/.local/lib/python3.12/site-packages/airflow/example_dags/example_external_task_marker_dag.py
[2025-08-06T20:36:32.360+0000] {processor.py:925} INFO - DAG(s) 'example_external_task_marker_child', 'example_external_task_marker_parent' retrieved from /home/airflow/.local/lib/python3.12/site-packages/airflow/example_dags/example_external_task_marker_dag.py
[2025-08-06T20:36:32.389+0000] {logging_mixin.py:190} INFO - [2025-08-06T20:36:32.388+0000] {dag.py:3239} INFO - Sync 2 DAGs
[2025-08-06T20:36:32.412+0000] {logging_mixin.py:190} INFO - [2025-08-06T20:36:32.412+0000] {dag.py:4180} INFO - Setting next_dagrun for example_external_task_marker_child to None, run_after=None
[2025-08-06T20:36:32.418+0000] {logging_mixin.py:190} INFO - [2025-08-06T20:36:32.418+0000] {dag.py:4180} INFO - Setting next_dagrun for example_external_task_marker_parent to None, run_after=None
[2025-08-06T20:36:32.443+0000] {processor.py:208} INFO - Processing /home/airflow/.local/lib/python3.12/site-packages/airflow/example_dags/example_external_task_marker_dag.py took 0.101 seconds
[2025-08-06T20:36:50.869+0000] {processor.py:186} INFO - Started process (PID=966) to work on /home/airflow/.local/lib/python3.12/site-packages/airflow/example_dags/example_external_task_marker_dag.py
[2025-08-06T20:36:50.870+0000] {processor.py:914} INFO - Processing file /home/airflow/.local/lib/python3.12/site-packages/airflow/example_dags/example_external_task_marker_dag.py for tasks to queue
[2025-08-06T20:36:50.872+0000] {logging_mixin.py:190} INFO - [2025-08-06T20:36:50.872+0000] {dagbag.py:588} INFO - Filling up the DagBag from /home/airflow/.local/lib/python3.12/site-packages/airflow/example_dags/example_external_task_marker_dag.py
[2025-08-06T20:36:50.880+0000] {processor.py:925} INFO - DAG(s) 'example_external_task_marker_parent', 'example_external_task_marker_child' retrieved from /home/airflow/.local/lib/python3.12/site-packages/airflow/example_dags/example_external_task_marker_dag.py
[2025-08-06T20:36:50.909+0000] {logging_mixin.py:190} INFO - [2025-08-06T20:36:50.909+0000] {dag.py:3239} INFO - Sync 2 DAGs
[2025-08-06T20:36:50.926+0000] {logging_mixin.py:190} INFO - [2025-08-06T20:36:50.926+0000] {dag.py:4180} INFO - Setting next_dagrun for example_external_task_marker_child to None, run_after=None
[2025-08-06T20:36:50.931+0000] {logging_mixin.py:190} INFO - [2025-08-06T20:36:50.931+0000] {dag.py:4180} INFO - Setting next_dagrun for example_external_task_marker_parent to None, run_after=None
[2025-08-06T20:36:50.960+0000] {processor.py:208} INFO - Processing /home/airflow/.local/lib/python3.12/site-packages/airflow/example_dags/example_external_task_marker_dag.py took 0.097 seconds
