[2025-08-06T20:30:11.490+0000] {processor.py:186} INFO - Started process (PID=101) to work on /home/airflow/.local/lib/python3.12/site-packages/airflow/example_dags/tutorial_dag.py
[2025-08-06T20:30:11.492+0000] {processor.py:914} INFO - Processing file /home/airflow/.local/lib/python3.12/site-packages/airflow/example_dags/tutorial_dag.py for tasks to queue
[2025-08-06T20:30:11.495+0000] {logging_mixin.py:190} INFO - [2025-08-06T20:30:11.494+0000] {dagbag.py:588} INFO - Filling up the DagBag from /home/airflow/.local/lib/python3.12/site-packages/airflow/example_dags/tutorial_dag.py
[2025-08-06T20:30:11.514+0000] {processor.py:925} INFO - DAG(s) 'tutorial_dag' retrieved from /home/airflow/.local/lib/python3.12/site-packages/airflow/example_dags/tutorial_dag.py
[2025-08-06T20:30:11.597+0000] {logging_mixin.py:190} INFO - [2025-08-06T20:30:11.596+0000] {dag.py:3239} INFO - Sync 1 DAGs
[2025-08-06T20:30:11.689+0000] {logging_mixin.py:190} INFO - [2025-08-06T20:30:11.689+0000] {dag.py:4180} INFO - Setting next_dagrun for tutorial_dag to None, run_after=None
[2025-08-06T20:30:11.765+0000] {processor.py:208} INFO - Processing /home/airflow/.local/lib/python3.12/site-packages/airflow/example_dags/tutorial_dag.py took 0.294 seconds
[2025-08-06T20:30:33.361+0000] {processor.py:186} INFO - Started process (PID=170) to work on /home/airflow/.local/lib/python3.12/site-packages/airflow/example_dags/tutorial_dag.py
[2025-08-06T20:30:33.363+0000] {processor.py:914} INFO - Processing file /home/airflow/.local/lib/python3.12/site-packages/airflow/example_dags/tutorial_dag.py for tasks to queue
[2025-08-06T20:30:33.366+0000] {logging_mixin.py:190} INFO - [2025-08-06T20:30:33.365+0000] {dagbag.py:588} INFO - Filling up the DagBag from /home/airflow/.local/lib/python3.12/site-packages/airflow/example_dags/tutorial_dag.py
[2025-08-06T20:30:33.376+0000] {processor.py:925} INFO - DAG(s) 'tutorial_dag' retrieved from /home/airflow/.local/lib/python3.12/site-packages/airflow/example_dags/tutorial_dag.py
[2025-08-06T20:30:33.399+0000] {logging_mixin.py:190} INFO - [2025-08-06T20:30:33.399+0000] {dag.py:3239} INFO - Sync 1 DAGs
[2025-08-06T20:30:33.421+0000] {logging_mixin.py:190} INFO - [2025-08-06T20:30:33.420+0000] {dag.py:4180} INFO - Setting next_dagrun for tutorial_dag to None, run_after=None
[2025-08-06T20:30:33.444+0000] {processor.py:208} INFO - Processing /home/airflow/.local/lib/python3.12/site-packages/airflow/example_dags/tutorial_dag.py took 0.093 seconds
[2025-08-06T20:30:58.260+0000] {processor.py:186} INFO - Started process (PID=229) to work on /home/airflow/.local/lib/python3.12/site-packages/airflow/example_dags/tutorial_dag.py
[2025-08-06T20:30:58.261+0000] {processor.py:914} INFO - Processing file /home/airflow/.local/lib/python3.12/site-packages/airflow/example_dags/tutorial_dag.py for tasks to queue
[2025-08-06T20:30:58.263+0000] {logging_mixin.py:190} INFO - [2025-08-06T20:30:58.262+0000] {dagbag.py:588} INFO - Filling up the DagBag from /home/airflow/.local/lib/python3.12/site-packages/airflow/example_dags/tutorial_dag.py
[2025-08-06T20:30:58.271+0000] {processor.py:925} INFO - DAG(s) 'tutorial_dag' retrieved from /home/airflow/.local/lib/python3.12/site-packages/airflow/example_dags/tutorial_dag.py
[2025-08-06T20:30:58.290+0000] {logging_mixin.py:190} INFO - [2025-08-06T20:30:58.290+0000] {dag.py:3239} INFO - Sync 1 DAGs
[2025-08-06T20:30:58.312+0000] {logging_mixin.py:190} INFO - [2025-08-06T20:30:58.312+0000] {dag.py:4180} INFO - Setting next_dagrun for tutorial_dag to None, run_after=None
[2025-08-06T20:30:58.339+0000] {processor.py:208} INFO - Processing /home/airflow/.local/lib/python3.12/site-packages/airflow/example_dags/tutorial_dag.py took 0.088 seconds
[2025-08-06T20:31:18.132+0000] {processor.py:186} INFO - Started process (PID=293) to work on /home/airflow/.local/lib/python3.12/site-packages/airflow/example_dags/tutorial_dag.py
[2025-08-06T20:31:18.133+0000] {processor.py:914} INFO - Processing file /home/airflow/.local/lib/python3.12/site-packages/airflow/example_dags/tutorial_dag.py for tasks to queue
[2025-08-06T20:31:18.136+0000] {logging_mixin.py:190} INFO - [2025-08-06T20:31:18.135+0000] {dagbag.py:588} INFO - Filling up the DagBag from /home/airflow/.local/lib/python3.12/site-packages/airflow/example_dags/tutorial_dag.py
[2025-08-06T20:31:18.150+0000] {processor.py:925} INFO - DAG(s) 'tutorial_dag' retrieved from /home/airflow/.local/lib/python3.12/site-packages/airflow/example_dags/tutorial_dag.py
[2025-08-06T20:31:18.182+0000] {logging_mixin.py:190} INFO - [2025-08-06T20:31:18.182+0000] {dag.py:3239} INFO - Sync 1 DAGs
[2025-08-06T20:31:18.218+0000] {logging_mixin.py:190} INFO - [2025-08-06T20:31:18.218+0000] {dag.py:4180} INFO - Setting next_dagrun for tutorial_dag to None, run_after=None
[2025-08-06T20:31:18.257+0000] {processor.py:208} INFO - Processing /home/airflow/.local/lib/python3.12/site-packages/airflow/example_dags/tutorial_dag.py took 0.134 seconds
[2025-08-06T20:31:28.378+0000] {processor.py:186} INFO - Started process (PID=351) to work on /home/airflow/.local/lib/python3.12/site-packages/airflow/example_dags/tutorial_dag.py
[2025-08-06T20:31:28.379+0000] {processor.py:914} INFO - Processing file /home/airflow/.local/lib/python3.12/site-packages/airflow/example_dags/tutorial_dag.py for tasks to queue
[2025-08-06T20:31:28.381+0000] {logging_mixin.py:190} INFO - [2025-08-06T20:31:28.381+0000] {dagbag.py:588} INFO - Filling up the DagBag from /home/airflow/.local/lib/python3.12/site-packages/airflow/example_dags/tutorial_dag.py
[2025-08-06T20:31:28.388+0000] {processor.py:925} INFO - DAG(s) 'tutorial_dag' retrieved from /home/airflow/.local/lib/python3.12/site-packages/airflow/example_dags/tutorial_dag.py
[2025-08-06T20:31:28.411+0000] {logging_mixin.py:190} INFO - [2025-08-06T20:31:28.410+0000] {dag.py:3239} INFO - Sync 1 DAGs
[2025-08-06T20:31:28.431+0000] {logging_mixin.py:190} INFO - [2025-08-06T20:31:28.430+0000] {dag.py:4180} INFO - Setting next_dagrun for tutorial_dag to None, run_after=None
[2025-08-06T20:31:28.457+0000] {processor.py:208} INFO - Processing /home/airflow/.local/lib/python3.12/site-packages/airflow/example_dags/tutorial_dag.py took 0.084 seconds
[2025-08-06T20:31:57.557+0000] {processor.py:186} INFO - Started process (PID=414) to work on /home/airflow/.local/lib/python3.12/site-packages/airflow/example_dags/tutorial_dag.py
[2025-08-06T20:31:57.558+0000] {processor.py:914} INFO - Processing file /home/airflow/.local/lib/python3.12/site-packages/airflow/example_dags/tutorial_dag.py for tasks to queue
[2025-08-06T20:31:57.560+0000] {logging_mixin.py:190} INFO - [2025-08-06T20:31:57.559+0000] {dagbag.py:588} INFO - Filling up the DagBag from /home/airflow/.local/lib/python3.12/site-packages/airflow/example_dags/tutorial_dag.py
[2025-08-06T20:31:57.567+0000] {processor.py:925} INFO - DAG(s) 'tutorial_dag' retrieved from /home/airflow/.local/lib/python3.12/site-packages/airflow/example_dags/tutorial_dag.py
[2025-08-06T20:31:57.589+0000] {logging_mixin.py:190} INFO - [2025-08-06T20:31:57.588+0000] {dag.py:3239} INFO - Sync 1 DAGs
[2025-08-06T20:31:57.605+0000] {logging_mixin.py:190} INFO - [2025-08-06T20:31:57.604+0000] {dag.py:4180} INFO - Setting next_dagrun for tutorial_dag to None, run_after=None
[2025-08-06T20:31:57.630+0000] {processor.py:208} INFO - Processing /home/airflow/.local/lib/python3.12/site-packages/airflow/example_dags/tutorial_dag.py took 0.078 seconds
[2025-08-06T20:32:28.420+0000] {processor.py:186} INFO - Started process (PID=478) to work on /home/airflow/.local/lib/python3.12/site-packages/airflow/example_dags/tutorial_dag.py
[2025-08-06T20:32:28.422+0000] {processor.py:914} INFO - Processing file /home/airflow/.local/lib/python3.12/site-packages/airflow/example_dags/tutorial_dag.py for tasks to queue
[2025-08-06T20:32:28.425+0000] {logging_mixin.py:190} INFO - [2025-08-06T20:32:28.424+0000] {dagbag.py:588} INFO - Filling up the DagBag from /home/airflow/.local/lib/python3.12/site-packages/airflow/example_dags/tutorial_dag.py
[2025-08-06T20:32:28.441+0000] {processor.py:925} INFO - DAG(s) 'tutorial_dag' retrieved from /home/airflow/.local/lib/python3.12/site-packages/airflow/example_dags/tutorial_dag.py
[2025-08-06T20:32:28.467+0000] {logging_mixin.py:190} INFO - [2025-08-06T20:32:28.467+0000] {dag.py:3239} INFO - Sync 1 DAGs
[2025-08-06T20:32:28.489+0000] {logging_mixin.py:190} INFO - [2025-08-06T20:32:28.488+0000] {dag.py:4180} INFO - Setting next_dagrun for tutorial_dag to None, run_after=None
[2025-08-06T20:32:28.528+0000] {processor.py:208} INFO - Processing /home/airflow/.local/lib/python3.12/site-packages/airflow/example_dags/tutorial_dag.py took 0.115 seconds
[2025-08-06T20:32:59.183+0000] {processor.py:186} INFO - Started process (PID=541) to work on /home/airflow/.local/lib/python3.12/site-packages/airflow/example_dags/tutorial_dag.py
[2025-08-06T20:32:59.184+0000] {processor.py:914} INFO - Processing file /home/airflow/.local/lib/python3.12/site-packages/airflow/example_dags/tutorial_dag.py for tasks to queue
[2025-08-06T20:32:59.185+0000] {logging_mixin.py:190} INFO - [2025-08-06T20:32:59.185+0000] {dagbag.py:588} INFO - Filling up the DagBag from /home/airflow/.local/lib/python3.12/site-packages/airflow/example_dags/tutorial_dag.py
[2025-08-06T20:32:59.193+0000] {processor.py:925} INFO - DAG(s) 'tutorial_dag' retrieved from /home/airflow/.local/lib/python3.12/site-packages/airflow/example_dags/tutorial_dag.py
[2025-08-06T20:32:59.214+0000] {logging_mixin.py:190} INFO - [2025-08-06T20:32:59.214+0000] {dag.py:3239} INFO - Sync 1 DAGs
[2025-08-06T20:32:59.230+0000] {logging_mixin.py:190} INFO - [2025-08-06T20:32:59.229+0000] {dag.py:4180} INFO - Setting next_dagrun for tutorial_dag to None, run_after=None
[2025-08-06T20:32:59.254+0000] {processor.py:208} INFO - Processing /home/airflow/.local/lib/python3.12/site-packages/airflow/example_dags/tutorial_dag.py took 0.076 seconds
[2025-08-06T20:33:29.344+0000] {processor.py:186} INFO - Started process (PID=601) to work on /home/airflow/.local/lib/python3.12/site-packages/airflow/example_dags/tutorial_dag.py
[2025-08-06T20:33:29.346+0000] {processor.py:914} INFO - Processing file /home/airflow/.local/lib/python3.12/site-packages/airflow/example_dags/tutorial_dag.py for tasks to queue
[2025-08-06T20:33:29.347+0000] {logging_mixin.py:190} INFO - [2025-08-06T20:33:29.347+0000] {dagbag.py:588} INFO - Filling up the DagBag from /home/airflow/.local/lib/python3.12/site-packages/airflow/example_dags/tutorial_dag.py
[2025-08-06T20:33:29.354+0000] {processor.py:925} INFO - DAG(s) 'tutorial_dag' retrieved from /home/airflow/.local/lib/python3.12/site-packages/airflow/example_dags/tutorial_dag.py
[2025-08-06T20:33:29.376+0000] {logging_mixin.py:190} INFO - [2025-08-06T20:33:29.376+0000] {dag.py:3239} INFO - Sync 1 DAGs
[2025-08-06T20:33:29.393+0000] {logging_mixin.py:190} INFO - [2025-08-06T20:33:29.392+0000] {dag.py:4180} INFO - Setting next_dagrun for tutorial_dag to None, run_after=None
[2025-08-06T20:33:29.414+0000] {processor.py:208} INFO - Processing /home/airflow/.local/lib/python3.12/site-packages/airflow/example_dags/tutorial_dag.py took 0.075 seconds
[2025-08-06T20:34:00.185+0000] {processor.py:186} INFO - Started process (PID=665) to work on /home/airflow/.local/lib/python3.12/site-packages/airflow/example_dags/tutorial_dag.py
[2025-08-06T20:34:00.186+0000] {processor.py:914} INFO - Processing file /home/airflow/.local/lib/python3.12/site-packages/airflow/example_dags/tutorial_dag.py for tasks to queue
[2025-08-06T20:34:00.188+0000] {logging_mixin.py:190} INFO - [2025-08-06T20:34:00.187+0000] {dagbag.py:588} INFO - Filling up the DagBag from /home/airflow/.local/lib/python3.12/site-packages/airflow/example_dags/tutorial_dag.py
[2025-08-06T20:34:00.195+0000] {processor.py:925} INFO - DAG(s) 'tutorial_dag' retrieved from /home/airflow/.local/lib/python3.12/site-packages/airflow/example_dags/tutorial_dag.py
[2025-08-06T20:34:00.214+0000] {logging_mixin.py:190} INFO - [2025-08-06T20:34:00.214+0000] {dag.py:3239} INFO - Sync 1 DAGs
[2025-08-06T20:34:00.229+0000] {logging_mixin.py:190} INFO - [2025-08-06T20:34:00.229+0000] {dag.py:4180} INFO - Setting next_dagrun for tutorial_dag to None, run_after=None
[2025-08-06T20:34:00.252+0000] {processor.py:208} INFO - Processing /home/airflow/.local/lib/python3.12/site-packages/airflow/example_dags/tutorial_dag.py took 0.072 seconds
[2025-08-06T20:34:30.330+0000] {processor.py:186} INFO - Started process (PID=730) to work on /home/airflow/.local/lib/python3.12/site-packages/airflow/example_dags/tutorial_dag.py
[2025-08-06T20:34:30.332+0000] {processor.py:914} INFO - Processing file /home/airflow/.local/lib/python3.12/site-packages/airflow/example_dags/tutorial_dag.py for tasks to queue
[2025-08-06T20:34:30.333+0000] {logging_mixin.py:190} INFO - [2025-08-06T20:34:30.333+0000] {dagbag.py:588} INFO - Filling up the DagBag from /home/airflow/.local/lib/python3.12/site-packages/airflow/example_dags/tutorial_dag.py
[2025-08-06T20:34:30.341+0000] {processor.py:925} INFO - DAG(s) 'tutorial_dag' retrieved from /home/airflow/.local/lib/python3.12/site-packages/airflow/example_dags/tutorial_dag.py
[2025-08-06T20:34:30.363+0000] {logging_mixin.py:190} INFO - [2025-08-06T20:34:30.362+0000] {dag.py:3239} INFO - Sync 1 DAGs
[2025-08-06T20:34:30.382+0000] {logging_mixin.py:190} INFO - [2025-08-06T20:34:30.382+0000] {dag.py:4180} INFO - Setting next_dagrun for tutorial_dag to None, run_after=None
[2025-08-06T20:34:30.406+0000] {processor.py:208} INFO - Processing /home/airflow/.local/lib/python3.12/site-packages/airflow/example_dags/tutorial_dag.py took 0.083 seconds
[2025-08-06T20:35:55.842+0000] {processor.py:186} INFO - Started process (PID=794) to work on /home/airflow/.local/lib/python3.12/site-packages/airflow/example_dags/tutorial_dag.py
[2025-08-06T20:35:55.843+0000] {processor.py:914} INFO - Processing file /home/airflow/.local/lib/python3.12/site-packages/airflow/example_dags/tutorial_dag.py for tasks to queue
[2025-08-06T20:35:55.845+0000] {logging_mixin.py:190} INFO - [2025-08-06T20:35:55.844+0000] {dagbag.py:588} INFO - Filling up the DagBag from /home/airflow/.local/lib/python3.12/site-packages/airflow/example_dags/tutorial_dag.py
[2025-08-06T20:35:55.852+0000] {processor.py:925} INFO - DAG(s) 'tutorial_dag' retrieved from /home/airflow/.local/lib/python3.12/site-packages/airflow/example_dags/tutorial_dag.py
[2025-08-06T20:35:55.873+0000] {logging_mixin.py:190} INFO - [2025-08-06T20:35:55.873+0000] {dag.py:3239} INFO - Sync 1 DAGs
[2025-08-06T20:35:55.889+0000] {logging_mixin.py:190} INFO - [2025-08-06T20:35:55.888+0000] {dag.py:4180} INFO - Setting next_dagrun for tutorial_dag to None, run_after=None
[2025-08-06T20:35:55.915+0000] {processor.py:208} INFO - Processing /home/airflow/.local/lib/python3.12/site-packages/airflow/example_dags/tutorial_dag.py took 0.078 seconds
[2025-08-06T20:36:29.253+0000] {processor.py:186} INFO - Started process (PID=872) to work on /home/airflow/.local/lib/python3.12/site-packages/airflow/example_dags/tutorial_dag.py
[2025-08-06T20:36:29.255+0000] {processor.py:914} INFO - Processing file /home/airflow/.local/lib/python3.12/site-packages/airflow/example_dags/tutorial_dag.py for tasks to queue
[2025-08-06T20:36:29.256+0000] {logging_mixin.py:190} INFO - [2025-08-06T20:36:29.256+0000] {dagbag.py:588} INFO - Filling up the DagBag from /home/airflow/.local/lib/python3.12/site-packages/airflow/example_dags/tutorial_dag.py
[2025-08-06T20:36:29.265+0000] {processor.py:925} INFO - DAG(s) 'tutorial_dag' retrieved from /home/airflow/.local/lib/python3.12/site-packages/airflow/example_dags/tutorial_dag.py
[2025-08-06T20:36:29.299+0000] {logging_mixin.py:190} INFO - [2025-08-06T20:36:29.298+0000] {dag.py:3239} INFO - Sync 1 DAGs
[2025-08-06T20:36:29.337+0000] {logging_mixin.py:190} INFO - [2025-08-06T20:36:29.337+0000] {dag.py:4180} INFO - Setting next_dagrun for tutorial_dag to None, run_after=None
[2025-08-06T20:36:29.370+0000] {processor.py:208} INFO - Processing /home/airflow/.local/lib/python3.12/site-packages/airflow/example_dags/tutorial_dag.py took 0.123 seconds
[2025-08-06T20:36:48.766+0000] {processor.py:186} INFO - Started process (PID=936) to work on /home/airflow/.local/lib/python3.12/site-packages/airflow/example_dags/tutorial_dag.py
[2025-08-06T20:36:48.767+0000] {processor.py:914} INFO - Processing file /home/airflow/.local/lib/python3.12/site-packages/airflow/example_dags/tutorial_dag.py for tasks to queue
[2025-08-06T20:36:48.769+0000] {logging_mixin.py:190} INFO - [2025-08-06T20:36:48.769+0000] {dagbag.py:588} INFO - Filling up the DagBag from /home/airflow/.local/lib/python3.12/site-packages/airflow/example_dags/tutorial_dag.py
[2025-08-06T20:36:48.779+0000] {processor.py:925} INFO - DAG(s) 'tutorial_dag' retrieved from /home/airflow/.local/lib/python3.12/site-packages/airflow/example_dags/tutorial_dag.py
[2025-08-06T20:36:48.803+0000] {logging_mixin.py:190} INFO - [2025-08-06T20:36:48.803+0000] {dag.py:3239} INFO - Sync 1 DAGs
[2025-08-06T20:36:48.821+0000] {logging_mixin.py:190} INFO - [2025-08-06T20:36:48.821+0000] {dag.py:4180} INFO - Setting next_dagrun for tutorial_dag to None, run_after=None
[2025-08-06T20:36:48.856+0000] {processor.py:208} INFO - Processing /home/airflow/.local/lib/python3.12/site-packages/airflow/example_dags/tutorial_dag.py took 0.098 seconds
