[2025-08-06T20:30:18.839+0000] {processor.py:186} INFO - Started process (PID=126) to work on /home/airflow/.local/lib/python3.12/site-packages/airflow/example_dags/tutorial.py
[2025-08-06T20:30:18.841+0000] {processor.py:914} INFO - Processing file /home/airflow/.local/lib/python3.12/site-packages/airflow/example_dags/tutorial.py for tasks to queue
[2025-08-06T20:30:18.844+0000] {logging_mixin.py:190} INFO - [2025-08-06T20:30:18.843+0000] {dagbag.py:588} INFO - Filling up the DagBag from /home/airflow/.local/lib/python3.12/site-packages/airflow/example_dags/tutorial.py
[2025-08-06T20:30:18.864+0000] {processor.py:925} INFO - DAG(s) 'tutorial' retrieved from /home/airflow/.local/lib/python3.12/site-packages/airflow/example_dags/tutorial.py
[2025-08-06T20:30:18.906+0000] {logging_mixin.py:190} INFO - [2025-08-06T20:30:18.905+0000] {dag.py:3239} INFO - Sync 1 DAGs
[2025-08-06T20:30:18.958+0000] {logging_mixin.py:190} INFO - [2025-08-06T20:30:18.958+0000] {dag.py:4180} INFO - Setting next_dagrun for tutorial to 2025-08-05 00:00:00+00:00, run_after=2025-08-06 00:00:00+00:00
[2025-08-06T20:30:18.993+0000] {processor.py:208} INFO - Processing /home/airflow/.local/lib/python3.12/site-packages/airflow/example_dags/tutorial.py took 0.165 seconds
[2025-08-06T20:30:36.048+0000] {processor.py:186} INFO - Started process (PID=195) to work on /home/airflow/.local/lib/python3.12/site-packages/airflow/example_dags/tutorial.py
[2025-08-06T20:30:36.049+0000] {processor.py:914} INFO - Processing file /home/airflow/.local/lib/python3.12/site-packages/airflow/example_dags/tutorial.py for tasks to queue
[2025-08-06T20:30:36.051+0000] {logging_mixin.py:190} INFO - [2025-08-06T20:30:36.051+0000] {dagbag.py:588} INFO - Filling up the DagBag from /home/airflow/.local/lib/python3.12/site-packages/airflow/example_dags/tutorial.py
[2025-08-06T20:30:36.066+0000] {processor.py:925} INFO - DAG(s) 'tutorial' retrieved from /home/airflow/.local/lib/python3.12/site-packages/airflow/example_dags/tutorial.py
[2025-08-06T20:30:36.094+0000] {logging_mixin.py:190} INFO - [2025-08-06T20:30:36.094+0000] {dag.py:3239} INFO - Sync 1 DAGs
[2025-08-06T20:30:36.151+0000] {logging_mixin.py:190} INFO - [2025-08-06T20:30:36.151+0000] {dag.py:4180} INFO - Setting next_dagrun for tutorial to 2025-08-05 00:00:00+00:00, run_after=2025-08-06 00:00:00+00:00
[2025-08-06T20:30:36.190+0000] {processor.py:208} INFO - Processing /home/airflow/.local/lib/python3.12/site-packages/airflow/example_dags/tutorial.py took 0.152 seconds
[2025-08-06T20:31:00.053+0000] {processor.py:186} INFO - Started process (PID=252) to work on /home/airflow/.local/lib/python3.12/site-packages/airflow/example_dags/tutorial.py
[2025-08-06T20:31:00.055+0000] {processor.py:914} INFO - Processing file /home/airflow/.local/lib/python3.12/site-packages/airflow/example_dags/tutorial.py for tasks to queue
[2025-08-06T20:31:00.057+0000] {logging_mixin.py:190} INFO - [2025-08-06T20:31:00.056+0000] {dagbag.py:588} INFO - Filling up the DagBag from /home/airflow/.local/lib/python3.12/site-packages/airflow/example_dags/tutorial.py
[2025-08-06T20:31:00.073+0000] {processor.py:925} INFO - DAG(s) 'tutorial' retrieved from /home/airflow/.local/lib/python3.12/site-packages/airflow/example_dags/tutorial.py
[2025-08-06T20:31:00.100+0000] {logging_mixin.py:190} INFO - [2025-08-06T20:31:00.099+0000] {dag.py:3239} INFO - Sync 1 DAGs
[2025-08-06T20:31:00.132+0000] {logging_mixin.py:190} INFO - [2025-08-06T20:31:00.132+0000] {dag.py:4180} INFO - Setting next_dagrun for tutorial to 2025-08-05 00:00:00+00:00, run_after=2025-08-06 00:00:00+00:00
[2025-08-06T20:31:00.165+0000] {processor.py:208} INFO - Processing /home/airflow/.local/lib/python3.12/site-packages/airflow/example_dags/tutorial.py took 0.118 seconds
[2025-08-06T20:31:20.577+0000] {processor.py:186} INFO - Started process (PID=316) to work on /home/airflow/.local/lib/python3.12/site-packages/airflow/example_dags/tutorial.py
[2025-08-06T20:31:20.579+0000] {processor.py:914} INFO - Processing file /home/airflow/.local/lib/python3.12/site-packages/airflow/example_dags/tutorial.py for tasks to queue
[2025-08-06T20:31:20.580+0000] {logging_mixin.py:190} INFO - [2025-08-06T20:31:20.580+0000] {dagbag.py:588} INFO - Filling up the DagBag from /home/airflow/.local/lib/python3.12/site-packages/airflow/example_dags/tutorial.py
[2025-08-06T20:31:20.590+0000] {processor.py:925} INFO - DAG(s) 'tutorial' retrieved from /home/airflow/.local/lib/python3.12/site-packages/airflow/example_dags/tutorial.py
[2025-08-06T20:31:20.616+0000] {logging_mixin.py:190} INFO - [2025-08-06T20:31:20.616+0000] {dag.py:3239} INFO - Sync 1 DAGs
[2025-08-06T20:31:20.643+0000] {logging_mixin.py:190} INFO - [2025-08-06T20:31:20.643+0000] {dag.py:4180} INFO - Setting next_dagrun for tutorial to 2025-08-05 00:00:00+00:00, run_after=2025-08-06 00:00:00+00:00
[2025-08-06T20:31:20.664+0000] {processor.py:208} INFO - Processing /home/airflow/.local/lib/python3.12/site-packages/airflow/example_dags/tutorial.py took 0.094 seconds
[2025-08-06T20:31:30.928+0000] {processor.py:186} INFO - Started process (PID=373) to work on /home/airflow/.local/lib/python3.12/site-packages/airflow/example_dags/tutorial.py
[2025-08-06T20:31:30.929+0000] {processor.py:914} INFO - Processing file /home/airflow/.local/lib/python3.12/site-packages/airflow/example_dags/tutorial.py for tasks to queue
[2025-08-06T20:31:30.931+0000] {logging_mixin.py:190} INFO - [2025-08-06T20:31:30.930+0000] {dagbag.py:588} INFO - Filling up the DagBag from /home/airflow/.local/lib/python3.12/site-packages/airflow/example_dags/tutorial.py
[2025-08-06T20:31:30.942+0000] {processor.py:925} INFO - DAG(s) 'tutorial' retrieved from /home/airflow/.local/lib/python3.12/site-packages/airflow/example_dags/tutorial.py
[2025-08-06T20:31:30.965+0000] {logging_mixin.py:190} INFO - [2025-08-06T20:31:30.965+0000] {dag.py:3239} INFO - Sync 1 DAGs
[2025-08-06T20:31:30.993+0000] {logging_mixin.py:190} INFO - [2025-08-06T20:31:30.993+0000] {dag.py:4180} INFO - Setting next_dagrun for tutorial to 2025-08-05 00:00:00+00:00, run_after=2025-08-06 00:00:00+00:00
[2025-08-06T20:31:31.020+0000] {processor.py:208} INFO - Processing /home/airflow/.local/lib/python3.12/site-packages/airflow/example_dags/tutorial.py took 0.100 seconds
[2025-08-06T20:31:59.177+0000] {processor.py:186} INFO - Started process (PID=437) to work on /home/airflow/.local/lib/python3.12/site-packages/airflow/example_dags/tutorial.py
[2025-08-06T20:31:59.178+0000] {processor.py:914} INFO - Processing file /home/airflow/.local/lib/python3.12/site-packages/airflow/example_dags/tutorial.py for tasks to queue
[2025-08-06T20:31:59.180+0000] {logging_mixin.py:190} INFO - [2025-08-06T20:31:59.179+0000] {dagbag.py:588} INFO - Filling up the DagBag from /home/airflow/.local/lib/python3.12/site-packages/airflow/example_dags/tutorial.py
[2025-08-06T20:31:59.187+0000] {processor.py:925} INFO - DAG(s) 'tutorial' retrieved from /home/airflow/.local/lib/python3.12/site-packages/airflow/example_dags/tutorial.py
[2025-08-06T20:31:59.208+0000] {logging_mixin.py:190} INFO - [2025-08-06T20:31:59.207+0000] {dag.py:3239} INFO - Sync 1 DAGs
[2025-08-06T20:31:59.232+0000] {logging_mixin.py:190} INFO - [2025-08-06T20:31:59.232+0000] {dag.py:4180} INFO - Setting next_dagrun for tutorial to 2025-08-05 00:00:00+00:00, run_after=2025-08-06 00:00:00+00:00
[2025-08-06T20:31:59.258+0000] {processor.py:208} INFO - Processing /home/airflow/.local/lib/python3.12/site-packages/airflow/example_dags/tutorial.py took 0.086 seconds
[2025-08-06T20:32:30.669+0000] {processor.py:186} INFO - Started process (PID=503) to work on /home/airflow/.local/lib/python3.12/site-packages/airflow/example_dags/tutorial.py
[2025-08-06T20:32:30.669+0000] {processor.py:914} INFO - Processing file /home/airflow/.local/lib/python3.12/site-packages/airflow/example_dags/tutorial.py for tasks to queue
[2025-08-06T20:32:30.671+0000] {logging_mixin.py:190} INFO - [2025-08-06T20:32:30.670+0000] {dagbag.py:588} INFO - Filling up the DagBag from /home/airflow/.local/lib/python3.12/site-packages/airflow/example_dags/tutorial.py
[2025-08-06T20:32:30.678+0000] {processor.py:925} INFO - DAG(s) 'tutorial' retrieved from /home/airflow/.local/lib/python3.12/site-packages/airflow/example_dags/tutorial.py
[2025-08-06T20:32:30.698+0000] {logging_mixin.py:190} INFO - [2025-08-06T20:32:30.698+0000] {dag.py:3239} INFO - Sync 1 DAGs
[2025-08-06T20:32:30.722+0000] {logging_mixin.py:190} INFO - [2025-08-06T20:32:30.722+0000] {dag.py:4180} INFO - Setting next_dagrun for tutorial to 2025-08-05 00:00:00+00:00, run_after=2025-08-06 00:00:00+00:00
[2025-08-06T20:32:30.743+0000] {processor.py:208} INFO - Processing /home/airflow/.local/lib/python3.12/site-packages/airflow/example_dags/tutorial.py took 0.079 seconds
[2025-08-06T20:33:01.462+0000] {processor.py:186} INFO - Started process (PID=564) to work on /home/airflow/.local/lib/python3.12/site-packages/airflow/example_dags/tutorial.py
[2025-08-06T20:33:01.463+0000] {processor.py:914} INFO - Processing file /home/airflow/.local/lib/python3.12/site-packages/airflow/example_dags/tutorial.py for tasks to queue
[2025-08-06T20:33:01.465+0000] {logging_mixin.py:190} INFO - [2025-08-06T20:33:01.465+0000] {dagbag.py:588} INFO - Filling up the DagBag from /home/airflow/.local/lib/python3.12/site-packages/airflow/example_dags/tutorial.py
[2025-08-06T20:33:01.473+0000] {processor.py:925} INFO - DAG(s) 'tutorial' retrieved from /home/airflow/.local/lib/python3.12/site-packages/airflow/example_dags/tutorial.py
[2025-08-06T20:33:01.495+0000] {logging_mixin.py:190} INFO - [2025-08-06T20:33:01.495+0000] {dag.py:3239} INFO - Sync 1 DAGs
[2025-08-06T20:33:01.523+0000] {logging_mixin.py:190} INFO - [2025-08-06T20:33:01.522+0000] {dag.py:4180} INFO - Setting next_dagrun for tutorial to 2025-08-05 00:00:00+00:00, run_after=2025-08-06 00:00:00+00:00
[2025-08-06T20:33:01.547+0000] {processor.py:208} INFO - Processing /home/airflow/.local/lib/python3.12/site-packages/airflow/example_dags/tutorial.py took 0.090 seconds
[2025-08-06T20:33:31.736+0000] {processor.py:186} INFO - Started process (PID=625) to work on /home/airflow/.local/lib/python3.12/site-packages/airflow/example_dags/tutorial.py
[2025-08-06T20:33:31.737+0000] {processor.py:914} INFO - Processing file /home/airflow/.local/lib/python3.12/site-packages/airflow/example_dags/tutorial.py for tasks to queue
[2025-08-06T20:33:31.739+0000] {logging_mixin.py:190} INFO - [2025-08-06T20:33:31.738+0000] {dagbag.py:588} INFO - Filling up the DagBag from /home/airflow/.local/lib/python3.12/site-packages/airflow/example_dags/tutorial.py
[2025-08-06T20:33:31.747+0000] {processor.py:925} INFO - DAG(s) 'tutorial' retrieved from /home/airflow/.local/lib/python3.12/site-packages/airflow/example_dags/tutorial.py
[2025-08-06T20:33:31.772+0000] {logging_mixin.py:190} INFO - [2025-08-06T20:33:31.772+0000] {dag.py:3239} INFO - Sync 1 DAGs
[2025-08-06T20:33:31.799+0000] {logging_mixin.py:190} INFO - [2025-08-06T20:33:31.799+0000] {dag.py:4180} INFO - Setting next_dagrun for tutorial to 2025-08-05 00:00:00+00:00, run_after=2025-08-06 00:00:00+00:00
[2025-08-06T20:33:31.822+0000] {processor.py:208} INFO - Processing /home/airflow/.local/lib/python3.12/site-packages/airflow/example_dags/tutorial.py took 0.091 seconds
[2025-08-06T20:34:02.992+0000] {processor.py:186} INFO - Started process (PID=695) to work on /home/airflow/.local/lib/python3.12/site-packages/airflow/example_dags/tutorial.py
[2025-08-06T20:34:02.993+0000] {processor.py:914} INFO - Processing file /home/airflow/.local/lib/python3.12/site-packages/airflow/example_dags/tutorial.py for tasks to queue
[2025-08-06T20:34:02.995+0000] {logging_mixin.py:190} INFO - [2025-08-06T20:34:02.995+0000] {dagbag.py:588} INFO - Filling up the DagBag from /home/airflow/.local/lib/python3.12/site-packages/airflow/example_dags/tutorial.py
[2025-08-06T20:34:03.003+0000] {processor.py:925} INFO - DAG(s) 'tutorial' retrieved from /home/airflow/.local/lib/python3.12/site-packages/airflow/example_dags/tutorial.py
[2025-08-06T20:34:03.023+0000] {logging_mixin.py:190} INFO - [2025-08-06T20:34:03.023+0000] {dag.py:3239} INFO - Sync 1 DAGs
[2025-08-06T20:34:03.048+0000] {logging_mixin.py:190} INFO - [2025-08-06T20:34:03.048+0000] {dag.py:4180} INFO - Setting next_dagrun for tutorial to 2025-08-05 00:00:00+00:00, run_after=2025-08-06 00:00:00+00:00
[2025-08-06T20:34:03.073+0000] {processor.py:208} INFO - Processing /home/airflow/.local/lib/python3.12/site-packages/airflow/example_dags/tutorial.py took 0.086 seconds
[2025-08-06T20:34:33.806+0000] {processor.py:186} INFO - Started process (PID=761) to work on /home/airflow/.local/lib/python3.12/site-packages/airflow/example_dags/tutorial.py
[2025-08-06T20:34:33.807+0000] {processor.py:914} INFO - Processing file /home/airflow/.local/lib/python3.12/site-packages/airflow/example_dags/tutorial.py for tasks to queue
[2025-08-06T20:34:33.808+0000] {logging_mixin.py:190} INFO - [2025-08-06T20:34:33.808+0000] {dagbag.py:588} INFO - Filling up the DagBag from /home/airflow/.local/lib/python3.12/site-packages/airflow/example_dags/tutorial.py
[2025-08-06T20:34:33.817+0000] {processor.py:925} INFO - DAG(s) 'tutorial' retrieved from /home/airflow/.local/lib/python3.12/site-packages/airflow/example_dags/tutorial.py
[2025-08-06T20:34:33.837+0000] {logging_mixin.py:190} INFO - [2025-08-06T20:34:33.837+0000] {dag.py:3239} INFO - Sync 1 DAGs
[2025-08-06T20:34:33.864+0000] {logging_mixin.py:190} INFO - [2025-08-06T20:34:33.864+0000] {dag.py:4180} INFO - Setting next_dagrun for tutorial to 2025-08-05 00:00:00+00:00, run_after=2025-08-06 00:00:00+00:00
[2025-08-06T20:34:33.887+0000] {processor.py:208} INFO - Processing /home/airflow/.local/lib/python3.12/site-packages/airflow/example_dags/tutorial.py took 0.088 seconds
[2025-08-06T20:35:58.088+0000] {processor.py:186} INFO - Started process (PID=819) to work on /home/airflow/.local/lib/python3.12/site-packages/airflow/example_dags/tutorial.py
[2025-08-06T20:35:58.089+0000] {processor.py:914} INFO - Processing file /home/airflow/.local/lib/python3.12/site-packages/airflow/example_dags/tutorial.py for tasks to queue
[2025-08-06T20:35:58.091+0000] {logging_mixin.py:190} INFO - [2025-08-06T20:35:58.091+0000] {dagbag.py:588} INFO - Filling up the DagBag from /home/airflow/.local/lib/python3.12/site-packages/airflow/example_dags/tutorial.py
[2025-08-06T20:35:58.104+0000] {processor.py:925} INFO - DAG(s) 'tutorial' retrieved from /home/airflow/.local/lib/python3.12/site-packages/airflow/example_dags/tutorial.py
[2025-08-06T20:35:58.136+0000] {logging_mixin.py:190} INFO - [2025-08-06T20:35:58.136+0000] {dag.py:3239} INFO - Sync 1 DAGs
[2025-08-06T20:35:58.171+0000] {logging_mixin.py:190} INFO - [2025-08-06T20:35:58.170+0000] {dag.py:4180} INFO - Setting next_dagrun for tutorial to 2025-08-05 00:00:00+00:00, run_after=2025-08-06 00:00:00+00:00
[2025-08-06T20:35:58.197+0000] {processor.py:208} INFO - Processing /home/airflow/.local/lib/python3.12/site-packages/airflow/example_dags/tutorial.py took 0.116 seconds
[2025-08-06T20:36:31.730+0000] {processor.py:186} INFO - Started process (PID=897) to work on /home/airflow/.local/lib/python3.12/site-packages/airflow/example_dags/tutorial.py
[2025-08-06T20:36:31.731+0000] {processor.py:914} INFO - Processing file /home/airflow/.local/lib/python3.12/site-packages/airflow/example_dags/tutorial.py for tasks to queue
[2025-08-06T20:36:31.732+0000] {logging_mixin.py:190} INFO - [2025-08-06T20:36:31.732+0000] {dagbag.py:588} INFO - Filling up the DagBag from /home/airflow/.local/lib/python3.12/site-packages/airflow/example_dags/tutorial.py
[2025-08-06T20:36:31.742+0000] {processor.py:925} INFO - DAG(s) 'tutorial' retrieved from /home/airflow/.local/lib/python3.12/site-packages/airflow/example_dags/tutorial.py
[2025-08-06T20:36:31.763+0000] {logging_mixin.py:190} INFO - [2025-08-06T20:36:31.763+0000] {dag.py:3239} INFO - Sync 1 DAGs
[2025-08-06T20:36:31.790+0000] {logging_mixin.py:190} INFO - [2025-08-06T20:36:31.790+0000] {dag.py:4180} INFO - Setting next_dagrun for tutorial to 2025-08-05 00:00:00+00:00, run_after=2025-08-06 00:00:00+00:00
[2025-08-06T20:36:31.811+0000] {processor.py:208} INFO - Processing /home/airflow/.local/lib/python3.12/site-packages/airflow/example_dags/tutorial.py took 0.086 seconds
[2025-08-06T20:36:50.276+0000] {processor.py:186} INFO - Started process (PID=959) to work on /home/airflow/.local/lib/python3.12/site-packages/airflow/example_dags/tutorial.py
[2025-08-06T20:36:50.277+0000] {processor.py:914} INFO - Processing file /home/airflow/.local/lib/python3.12/site-packages/airflow/example_dags/tutorial.py for tasks to queue
[2025-08-06T20:36:50.279+0000] {logging_mixin.py:190} INFO - [2025-08-06T20:36:50.279+0000] {dagbag.py:588} INFO - Filling up the DagBag from /home/airflow/.local/lib/python3.12/site-packages/airflow/example_dags/tutorial.py
[2025-08-06T20:36:50.289+0000] {processor.py:925} INFO - DAG(s) 'tutorial' retrieved from /home/airflow/.local/lib/python3.12/site-packages/airflow/example_dags/tutorial.py
[2025-08-06T20:36:50.310+0000] {logging_mixin.py:190} INFO - [2025-08-06T20:36:50.309+0000] {dag.py:3239} INFO - Sync 1 DAGs
[2025-08-06T20:36:50.334+0000] {logging_mixin.py:190} INFO - [2025-08-06T20:36:50.334+0000] {dag.py:4180} INFO - Setting next_dagrun for tutorial to 2025-08-05 00:00:00+00:00, run_after=2025-08-06 00:00:00+00:00
[2025-08-06T20:36:50.359+0000] {processor.py:208} INFO - Processing /home/airflow/.local/lib/python3.12/site-packages/airflow/example_dags/tutorial.py took 0.089 seconds
