[2025-11-16T00:04:30.355+0000] {processor.py:186} INFO - Started process (PID=3781) to work on /home/airflow/.local/lib/python3.12/site-packages/airflow/example_dags/example_dataset_alias_with_no_taskflow.py
[2025-11-16T00:04:30.366+0000] {processor.py:914} INFO - Processing file /home/airflow/.local/lib/python3.12/site-packages/airflow/example_dags/example_dataset_alias_with_no_taskflow.py for tasks to queue
[2025-11-16T00:04:30.369+0000] {logging_mixin.py:190} INFO - [2025-11-16T00:04:30.368+0000] {dagbag.py:588} INFO - Filling up the DagBag from /home/airflow/.local/lib/python3.12/site-packages/airflow/example_dags/example_dataset_alias_with_no_taskflow.py
[2025-11-16T00:04:38.776+0000] {processor.py:925} INFO - DAG(s) 'dataset_alias_example_alias_consumer_with_no_taskflow', 'dataset_s3_bucket_consumer_with_no_taskflow', 'dataset_s3_bucket_producer_with_no_taskflow', 'dataset_alias_example_alias_producer_with_no_taskflow' retrieved from /home/airflow/.local/lib/python3.12/site-packages/airflow/example_dags/example_dataset_alias_with_no_taskflow.py
[2025-11-16T00:04:38.964+0000] {logging_mixin.py:190} INFO - [2025-11-16T00:04:38.963+0000] {dag.py:3239} INFO - Sync 4 DAGs
[2025-11-16T00:04:39.013+0000] {logging_mixin.py:190} INFO - [2025-11-16T00:04:39.013+0000] {dag.py:4180} INFO - Setting next_dagrun for dataset_alias_example_alias_consumer_with_no_taskflow to None, run_after=None
[2025-11-16T00:04:39.028+0000] {logging_mixin.py:190} INFO - [2025-11-16T00:04:39.027+0000] {dag.py:4180} INFO - Setting next_dagrun for dataset_alias_example_alias_producer_with_no_taskflow to None, run_after=None
[2025-11-16T00:04:39.031+0000] {logging_mixin.py:190} INFO - [2025-11-16T00:04:39.031+0000] {dag.py:4180} INFO - Setting next_dagrun for dataset_s3_bucket_consumer_with_no_taskflow to None, run_after=None
[2025-11-16T00:04:39.035+0000] {logging_mixin.py:190} INFO - [2025-11-16T00:04:39.034+0000] {dag.py:4180} INFO - Setting next_dagrun for dataset_s3_bucket_producer_with_no_taskflow to None, run_after=None
[2025-11-16T00:04:39.121+0000] {processor.py:208} INFO - Processing /home/airflow/.local/lib/python3.12/site-packages/airflow/example_dags/example_dataset_alias_with_no_taskflow.py took 9.210 seconds
[2025-11-16T07:28:33.295+0000] {processor.py:186} INFO - Started process (PID=105) to work on /home/airflow/.local/lib/python3.12/site-packages/airflow/example_dags/example_dataset_alias_with_no_taskflow.py
[2025-11-16T07:28:33.297+0000] {processor.py:914} INFO - Processing file /home/airflow/.local/lib/python3.12/site-packages/airflow/example_dags/example_dataset_alias_with_no_taskflow.py for tasks to queue
[2025-11-16T07:28:33.312+0000] {logging_mixin.py:190} INFO - [2025-11-16T07:28:33.311+0000] {dagbag.py:588} INFO - Filling up the DagBag from /home/airflow/.local/lib/python3.12/site-packages/airflow/example_dags/example_dataset_alias_with_no_taskflow.py
[2025-11-16T07:28:37.490+0000] {processor.py:925} INFO - DAG(s) 'dataset_s3_bucket_producer_with_no_taskflow', 'dataset_alias_example_alias_consumer_with_no_taskflow', 'dataset_s3_bucket_consumer_with_no_taskflow', 'dataset_alias_example_alias_producer_with_no_taskflow' retrieved from /home/airflow/.local/lib/python3.12/site-packages/airflow/example_dags/example_dataset_alias_with_no_taskflow.py
[2025-11-16T07:28:37.579+0000] {logging_mixin.py:190} INFO - [2025-11-16T07:28:37.578+0000] {dag.py:3239} INFO - Sync 4 DAGs
[2025-11-16T07:28:37.655+0000] {logging_mixin.py:190} INFO - [2025-11-16T07:28:37.654+0000] {dag.py:4180} INFO - Setting next_dagrun for dataset_alias_example_alias_consumer_with_no_taskflow to None, run_after=None
[2025-11-16T07:28:37.663+0000] {logging_mixin.py:190} INFO - [2025-11-16T07:28:37.663+0000] {dag.py:4180} INFO - Setting next_dagrun for dataset_alias_example_alias_producer_with_no_taskflow to None, run_after=None
[2025-11-16T07:28:37.667+0000] {logging_mixin.py:190} INFO - [2025-11-16T07:28:37.666+0000] {dag.py:4180} INFO - Setting next_dagrun for dataset_s3_bucket_consumer_with_no_taskflow to None, run_after=None
[2025-11-16T07:28:37.671+0000] {logging_mixin.py:190} INFO - [2025-11-16T07:28:37.670+0000] {dag.py:4180} INFO - Setting next_dagrun for dataset_s3_bucket_producer_with_no_taskflow to None, run_after=None
[2025-11-16T07:28:37.734+0000] {processor.py:208} INFO - Processing /home/airflow/.local/lib/python3.12/site-packages/airflow/example_dags/example_dataset_alias_with_no_taskflow.py took 5.197 seconds
[2025-11-16T10:05:41.990+0000] {processor.py:186} INFO - Started process (PID=185) to work on /home/airflow/.local/lib/python3.12/site-packages/airflow/example_dags/example_dataset_alias_with_no_taskflow.py
[2025-11-16T10:05:42.011+0000] {processor.py:914} INFO - Processing file /home/airflow/.local/lib/python3.12/site-packages/airflow/example_dags/example_dataset_alias_with_no_taskflow.py for tasks to queue
[2025-11-16T10:05:42.017+0000] {logging_mixin.py:190} INFO - [2025-11-16T10:05:42.016+0000] {dagbag.py:588} INFO - Filling up the DagBag from /home/airflow/.local/lib/python3.12/site-packages/airflow/example_dags/example_dataset_alias_with_no_taskflow.py
[2025-11-16T10:08:12.999+0000] {processor.py:186} INFO - Started process (PID=91) to work on /home/airflow/.local/lib/python3.12/site-packages/airflow/example_dags/example_dataset_alias_with_no_taskflow.py
[2025-11-16T10:08:13.002+0000] {processor.py:914} INFO - Processing file /home/airflow/.local/lib/python3.12/site-packages/airflow/example_dags/example_dataset_alias_with_no_taskflow.py for tasks to queue
[2025-11-16T10:08:13.010+0000] {logging_mixin.py:190} INFO - [2025-11-16T10:08:13.009+0000] {dagbag.py:588} INFO - Filling up the DagBag from /home/airflow/.local/lib/python3.12/site-packages/airflow/example_dags/example_dataset_alias_with_no_taskflow.py
[2025-11-16T10:08:17.507+0000] {processor.py:925} INFO - DAG(s) 'dataset_s3_bucket_consumer_with_no_taskflow', 'dataset_alias_example_alias_consumer_with_no_taskflow', 'dataset_alias_example_alias_producer_with_no_taskflow', 'dataset_s3_bucket_producer_with_no_taskflow' retrieved from /home/airflow/.local/lib/python3.12/site-packages/airflow/example_dags/example_dataset_alias_with_no_taskflow.py
[2025-11-16T10:08:17.867+0000] {logging_mixin.py:190} INFO - [2025-11-16T10:08:17.866+0000] {dag.py:3239} INFO - Sync 4 DAGs
[2025-11-16T10:08:17.938+0000] {logging_mixin.py:190} INFO - [2025-11-16T10:08:17.937+0000] {dag.py:4180} INFO - Setting next_dagrun for dataset_alias_example_alias_consumer_with_no_taskflow to None, run_after=None
[2025-11-16T10:08:17.950+0000] {logging_mixin.py:190} INFO - [2025-11-16T10:08:17.950+0000] {dag.py:4180} INFO - Setting next_dagrun for dataset_alias_example_alias_producer_with_no_taskflow to None, run_after=None
[2025-11-16T10:08:17.956+0000] {logging_mixin.py:190} INFO - [2025-11-16T10:08:17.955+0000] {dag.py:4180} INFO - Setting next_dagrun for dataset_s3_bucket_consumer_with_no_taskflow to None, run_after=None
[2025-11-16T10:08:17.960+0000] {logging_mixin.py:190} INFO - [2025-11-16T10:08:17.960+0000] {dag.py:4180} INFO - Setting next_dagrun for dataset_s3_bucket_producer_with_no_taskflow to None, run_after=None
[2025-11-16T10:08:18.046+0000] {processor.py:208} INFO - Processing /home/airflow/.local/lib/python3.12/site-packages/airflow/example_dags/example_dataset_alias_with_no_taskflow.py took 5.572 seconds
[2025-11-16T10:08:48.228+0000] {processor.py:186} INFO - Started process (PID=162) to work on /home/airflow/.local/lib/python3.12/site-packages/airflow/example_dags/example_dataset_alias_with_no_taskflow.py
[2025-11-16T10:08:48.245+0000] {processor.py:914} INFO - Processing file /home/airflow/.local/lib/python3.12/site-packages/airflow/example_dags/example_dataset_alias_with_no_taskflow.py for tasks to queue
[2025-11-16T10:08:48.258+0000] {logging_mixin.py:190} INFO - [2025-11-16T10:08:48.256+0000] {dagbag.py:588} INFO - Filling up the DagBag from /home/airflow/.local/lib/python3.12/site-packages/airflow/example_dags/example_dataset_alias_with_no_taskflow.py
[2025-11-16T10:09:00.873+0000] {processor.py:925} INFO - DAG(s) 'dataset_alias_example_alias_consumer_with_no_taskflow', 'dataset_s3_bucket_producer_with_no_taskflow', 'dataset_alias_example_alias_producer_with_no_taskflow', 'dataset_s3_bucket_consumer_with_no_taskflow' retrieved from /home/airflow/.local/lib/python3.12/site-packages/airflow/example_dags/example_dataset_alias_with_no_taskflow.py
[2025-11-16T10:09:01.065+0000] {logging_mixin.py:190} INFO - [2025-11-16T10:09:01.063+0000] {dag.py:3239} INFO - Sync 4 DAGs
[2025-11-16T10:09:01.164+0000] {logging_mixin.py:190} INFO - [2025-11-16T10:09:01.163+0000] {dag.py:4180} INFO - Setting next_dagrun for dataset_alias_example_alias_consumer_with_no_taskflow to None, run_after=None
[2025-11-16T10:09:01.175+0000] {logging_mixin.py:190} INFO - [2025-11-16T10:09:01.174+0000] {dag.py:4180} INFO - Setting next_dagrun for dataset_alias_example_alias_producer_with_no_taskflow to None, run_after=None
[2025-11-16T10:09:01.184+0000] {logging_mixin.py:190} INFO - [2025-11-16T10:09:01.184+0000] {dag.py:4180} INFO - Setting next_dagrun for dataset_s3_bucket_consumer_with_no_taskflow to None, run_after=None
[2025-11-16T10:09:01.189+0000] {logging_mixin.py:190} INFO - [2025-11-16T10:09:01.189+0000] {dag.py:4180} INFO - Setting next_dagrun for dataset_s3_bucket_producer_with_no_taskflow to None, run_after=None
[2025-11-16T10:09:01.292+0000] {processor.py:208} INFO - Processing /home/airflow/.local/lib/python3.12/site-packages/airflow/example_dags/example_dataset_alias_with_no_taskflow.py took 14.375 seconds
[2025-11-16T10:09:31.866+0000] {processor.py:186} INFO - Started process (PID=228) to work on /home/airflow/.local/lib/python3.12/site-packages/airflow/example_dags/example_dataset_alias_with_no_taskflow.py
[2025-11-16T10:09:31.870+0000] {processor.py:914} INFO - Processing file /home/airflow/.local/lib/python3.12/site-packages/airflow/example_dags/example_dataset_alias_with_no_taskflow.py for tasks to queue
[2025-11-16T10:09:31.877+0000] {logging_mixin.py:190} INFO - [2025-11-16T10:09:31.875+0000] {dagbag.py:588} INFO - Filling up the DagBag from /home/airflow/.local/lib/python3.12/site-packages/airflow/example_dags/example_dataset_alias_with_no_taskflow.py
[2025-11-16T10:09:36.997+0000] {processor.py:925} INFO - DAG(s) 'dataset_s3_bucket_consumer_with_no_taskflow', 'dataset_alias_example_alias_producer_with_no_taskflow', 'dataset_alias_example_alias_consumer_with_no_taskflow', 'dataset_s3_bucket_producer_with_no_taskflow' retrieved from /home/airflow/.local/lib/python3.12/site-packages/airflow/example_dags/example_dataset_alias_with_no_taskflow.py
[2025-11-16T10:09:37.067+0000] {logging_mixin.py:190} INFO - [2025-11-16T10:09:37.065+0000] {dag.py:3239} INFO - Sync 4 DAGs
[2025-11-16T10:09:37.147+0000] {logging_mixin.py:190} INFO - [2025-11-16T10:09:37.147+0000] {dag.py:4180} INFO - Setting next_dagrun for dataset_alias_example_alias_consumer_with_no_taskflow to None, run_after=None
[2025-11-16T10:09:37.157+0000] {logging_mixin.py:190} INFO - [2025-11-16T10:09:37.157+0000] {dag.py:4180} INFO - Setting next_dagrun for dataset_alias_example_alias_producer_with_no_taskflow to None, run_after=None
[2025-11-16T10:09:37.162+0000] {logging_mixin.py:190} INFO - [2025-11-16T10:09:37.162+0000] {dag.py:4180} INFO - Setting next_dagrun for dataset_s3_bucket_consumer_with_no_taskflow to None, run_after=None
[2025-11-16T10:09:37.166+0000] {logging_mixin.py:190} INFO - [2025-11-16T10:09:37.165+0000] {dag.py:4180} INFO - Setting next_dagrun for dataset_s3_bucket_producer_with_no_taskflow to None, run_after=None
[2025-11-16T10:09:37.266+0000] {processor.py:208} INFO - Processing /home/airflow/.local/lib/python3.12/site-packages/airflow/example_dags/example_dataset_alias_with_no_taskflow.py took 5.994 seconds
[2025-11-16T10:10:08.189+0000] {processor.py:186} INFO - Started process (PID=298) to work on /home/airflow/.local/lib/python3.12/site-packages/airflow/example_dags/example_dataset_alias_with_no_taskflow.py
[2025-11-16T10:10:08.191+0000] {processor.py:914} INFO - Processing file /home/airflow/.local/lib/python3.12/site-packages/airflow/example_dags/example_dataset_alias_with_no_taskflow.py for tasks to queue
[2025-11-16T10:10:08.196+0000] {logging_mixin.py:190} INFO - [2025-11-16T10:10:08.196+0000] {dagbag.py:588} INFO - Filling up the DagBag from /home/airflow/.local/lib/python3.12/site-packages/airflow/example_dags/example_dataset_alias_with_no_taskflow.py
[2025-11-16T10:10:09.046+0000] {processor.py:925} INFO - DAG(s) 'dataset_alias_example_alias_consumer_with_no_taskflow', 'dataset_alias_example_alias_producer_with_no_taskflow', 'dataset_s3_bucket_producer_with_no_taskflow', 'dataset_s3_bucket_consumer_with_no_taskflow' retrieved from /home/airflow/.local/lib/python3.12/site-packages/airflow/example_dags/example_dataset_alias_with_no_taskflow.py
[2025-11-16T10:10:09.098+0000] {logging_mixin.py:190} INFO - [2025-11-16T10:10:09.096+0000] {dag.py:3239} INFO - Sync 4 DAGs
[2025-11-16T10:10:09.147+0000] {logging_mixin.py:190} INFO - [2025-11-16T10:10:09.146+0000] {dag.py:4180} INFO - Setting next_dagrun for dataset_alias_example_alias_consumer_with_no_taskflow to None, run_after=None
[2025-11-16T10:10:09.153+0000] {logging_mixin.py:190} INFO - [2025-11-16T10:10:09.152+0000] {dag.py:4180} INFO - Setting next_dagrun for dataset_alias_example_alias_producer_with_no_taskflow to None, run_after=None
[2025-11-16T10:10:09.156+0000] {logging_mixin.py:190} INFO - [2025-11-16T10:10:09.155+0000] {dag.py:4180} INFO - Setting next_dagrun for dataset_s3_bucket_consumer_with_no_taskflow to None, run_after=None
[2025-11-16T10:10:09.158+0000] {logging_mixin.py:190} INFO - [2025-11-16T10:10:09.158+0000] {dag.py:4180} INFO - Setting next_dagrun for dataset_s3_bucket_producer_with_no_taskflow to None, run_after=None
[2025-11-16T10:10:09.201+0000] {processor.py:208} INFO - Processing /home/airflow/.local/lib/python3.12/site-packages/airflow/example_dags/example_dataset_alias_with_no_taskflow.py took 1.448 seconds
[2025-11-16T10:10:39.603+0000] {processor.py:186} INFO - Started process (PID=362) to work on /home/airflow/.local/lib/python3.12/site-packages/airflow/example_dags/example_dataset_alias_with_no_taskflow.py
[2025-11-16T10:10:39.607+0000] {processor.py:914} INFO - Processing file /home/airflow/.local/lib/python3.12/site-packages/airflow/example_dags/example_dataset_alias_with_no_taskflow.py for tasks to queue
[2025-11-16T10:10:39.616+0000] {logging_mixin.py:190} INFO - [2025-11-16T10:10:39.616+0000] {dagbag.py:588} INFO - Filling up the DagBag from /home/airflow/.local/lib/python3.12/site-packages/airflow/example_dags/example_dataset_alias_with_no_taskflow.py
[2025-11-16T10:10:40.617+0000] {processor.py:925} INFO - DAG(s) 'dataset_s3_bucket_producer_with_no_taskflow', 'dataset_alias_example_alias_producer_with_no_taskflow', 'dataset_s3_bucket_consumer_with_no_taskflow', 'dataset_alias_example_alias_consumer_with_no_taskflow' retrieved from /home/airflow/.local/lib/python3.12/site-packages/airflow/example_dags/example_dataset_alias_with_no_taskflow.py
[2025-11-16T10:10:40.654+0000] {logging_mixin.py:190} INFO - [2025-11-16T10:10:40.653+0000] {dag.py:3239} INFO - Sync 4 DAGs
[2025-11-16T10:10:40.691+0000] {logging_mixin.py:190} INFO - [2025-11-16T10:10:40.690+0000] {dag.py:4180} INFO - Setting next_dagrun for dataset_alias_example_alias_consumer_with_no_taskflow to None, run_after=None
[2025-11-16T10:10:40.696+0000] {logging_mixin.py:190} INFO - [2025-11-16T10:10:40.695+0000] {dag.py:4180} INFO - Setting next_dagrun for dataset_alias_example_alias_producer_with_no_taskflow to None, run_after=None
[2025-11-16T10:10:40.699+0000] {logging_mixin.py:190} INFO - [2025-11-16T10:10:40.699+0000] {dag.py:4180} INFO - Setting next_dagrun for dataset_s3_bucket_consumer_with_no_taskflow to None, run_after=None
[2025-11-16T10:10:40.702+0000] {logging_mixin.py:190} INFO - [2025-11-16T10:10:40.702+0000] {dag.py:4180} INFO - Setting next_dagrun for dataset_s3_bucket_producer_with_no_taskflow to None, run_after=None
[2025-11-16T10:10:40.744+0000] {processor.py:208} INFO - Processing /home/airflow/.local/lib/python3.12/site-packages/airflow/example_dags/example_dataset_alias_with_no_taskflow.py took 1.168 seconds
