[2025-11-16T07:28:46.981+0000] {processor.py:186} INFO - Started process (PID=136) to work on /home/airflow/.local/lib/python3.12/site-packages/airflow/example_dags/example_branch_labels.py
[2025-11-16T07:28:46.990+0000] {processor.py:914} INFO - Processing file /home/airflow/.local/lib/python3.12/site-packages/airflow/example_dags/example_branch_labels.py for tasks to queue
[2025-11-16T07:28:46.996+0000] {logging_mixin.py:190} INFO - [2025-11-16T07:28:46.995+0000] {dagbag.py:588} INFO - Filling up the DagBag from /home/airflow/.local/lib/python3.12/site-packages/airflow/example_dags/example_branch_labels.py
[2025-11-16T07:28:47.091+0000] {processor.py:925} INFO - DAG(s) 'example_branch_labels' retrieved from /home/airflow/.local/lib/python3.12/site-packages/airflow/example_dags/example_branch_labels.py
[2025-11-16T07:28:47.235+0000] {logging_mixin.py:190} INFO - [2025-11-16T07:28:47.234+0000] {dag.py:3239} INFO - Sync 1 DAGs
[2025-11-16T07:28:47.305+0000] {logging_mixin.py:190} INFO - [2025-11-16T07:28:47.304+0000] {dag.py:4180} INFO - Setting next_dagrun for example_branch_labels to 2025-11-15 00:00:00+00:00, run_after=2025-11-16 00:00:00+00:00
[2025-11-16T07:28:47.350+0000] {processor.py:208} INFO - Processing /home/airflow/.local/lib/python3.12/site-packages/airflow/example_dags/example_branch_labels.py took 0.381 seconds
[2025-11-16T10:05:57.530+0000] {processor.py:186} INFO - Started process (PID=210) to work on /home/airflow/.local/lib/python3.12/site-packages/airflow/example_dags/example_branch_labels.py
[2025-11-16T10:05:57.540+0000] {processor.py:914} INFO - Processing file /home/airflow/.local/lib/python3.12/site-packages/airflow/example_dags/example_branch_labels.py for tasks to queue
[2025-11-16T10:05:57.544+0000] {logging_mixin.py:190} INFO - [2025-11-16T10:05:57.543+0000] {dagbag.py:588} INFO - Filling up the DagBag from /home/airflow/.local/lib/python3.12/site-packages/airflow/example_dags/example_branch_labels.py
[2025-11-16T10:05:57.583+0000] {processor.py:925} INFO - DAG(s) 'example_branch_labels' retrieved from /home/airflow/.local/lib/python3.12/site-packages/airflow/example_dags/example_branch_labels.py
[2025-11-16T10:05:57.674+0000] {logging_mixin.py:190} INFO - [2025-11-16T10:05:57.673+0000] {dag.py:3239} INFO - Sync 1 DAGs
[2025-11-16T10:05:57.765+0000] {logging_mixin.py:190} INFO - [2025-11-16T10:05:57.764+0000] {dag.py:4180} INFO - Setting next_dagrun for example_branch_labels to 2025-11-15 00:00:00+00:00, run_after=2025-11-16 00:00:00+00:00
[2025-11-16T10:05:57.815+0000] {processor.py:208} INFO - Processing /home/airflow/.local/lib/python3.12/site-packages/airflow/example_dags/example_branch_labels.py took 0.315 seconds
[2025-11-16T10:08:27.467+0000] {processor.py:186} INFO - Started process (PID=116) to work on /home/airflow/.local/lib/python3.12/site-packages/airflow/example_dags/example_branch_labels.py
[2025-11-16T10:08:27.471+0000] {processor.py:914} INFO - Processing file /home/airflow/.local/lib/python3.12/site-packages/airflow/example_dags/example_branch_labels.py for tasks to queue
[2025-11-16T10:08:27.478+0000] {logging_mixin.py:190} INFO - [2025-11-16T10:08:27.478+0000] {dagbag.py:588} INFO - Filling up the DagBag from /home/airflow/.local/lib/python3.12/site-packages/airflow/example_dags/example_branch_labels.py
[2025-11-16T10:08:27.512+0000] {processor.py:925} INFO - DAG(s) 'example_branch_labels' retrieved from /home/airflow/.local/lib/python3.12/site-packages/airflow/example_dags/example_branch_labels.py
[2025-11-16T10:08:27.580+0000] {logging_mixin.py:190} INFO - [2025-11-16T10:08:27.580+0000] {dag.py:3239} INFO - Sync 1 DAGs
[2025-11-16T10:08:27.667+0000] {logging_mixin.py:190} INFO - [2025-11-16T10:08:27.665+0000] {dag.py:4180} INFO - Setting next_dagrun for example_branch_labels to 2025-11-15 00:00:00+00:00, run_after=2025-11-16 00:00:00+00:00
[2025-11-16T10:08:27.757+0000] {processor.py:208} INFO - Processing /home/airflow/.local/lib/python3.12/site-packages/airflow/example_dags/example_branch_labels.py took 0.305 seconds
[2025-11-16T10:09:09.320+0000] {processor.py:186} INFO - Started process (PID=190) to work on /home/airflow/.local/lib/python3.12/site-packages/airflow/example_dags/example_branch_labels.py
[2025-11-16T10:09:09.323+0000] {processor.py:914} INFO - Processing file /home/airflow/.local/lib/python3.12/site-packages/airflow/example_dags/example_branch_labels.py for tasks to queue
[2025-11-16T10:09:09.330+0000] {logging_mixin.py:190} INFO - [2025-11-16T10:09:09.329+0000] {dagbag.py:588} INFO - Filling up the DagBag from /home/airflow/.local/lib/python3.12/site-packages/airflow/example_dags/example_branch_labels.py
[2025-11-16T10:09:09.364+0000] {processor.py:925} INFO - DAG(s) 'example_branch_labels' retrieved from /home/airflow/.local/lib/python3.12/site-packages/airflow/example_dags/example_branch_labels.py
[2025-11-16T10:09:09.430+0000] {logging_mixin.py:190} INFO - [2025-11-16T10:09:09.429+0000] {dag.py:3239} INFO - Sync 1 DAGs
[2025-11-16T10:09:09.502+0000] {logging_mixin.py:190} INFO - [2025-11-16T10:09:09.502+0000] {dag.py:4180} INFO - Setting next_dagrun for example_branch_labels to 2025-11-15 00:00:00+00:00, run_after=2025-11-16 00:00:00+00:00
[2025-11-16T10:09:09.557+0000] {processor.py:208} INFO - Processing /home/airflow/.local/lib/python3.12/site-packages/airflow/example_dags/example_branch_labels.py took 0.254 seconds
[2025-11-16T10:09:43.292+0000] {processor.py:186} INFO - Started process (PID=257) to work on /home/airflow/.local/lib/python3.12/site-packages/airflow/example_dags/example_branch_labels.py
[2025-11-16T10:09:43.294+0000] {processor.py:914} INFO - Processing file /home/airflow/.local/lib/python3.12/site-packages/airflow/example_dags/example_branch_labels.py for tasks to queue
[2025-11-16T10:09:43.320+0000] {logging_mixin.py:190} INFO - [2025-11-16T10:09:43.313+0000] {dagbag.py:588} INFO - Filling up the DagBag from /home/airflow/.local/lib/python3.12/site-packages/airflow/example_dags/example_branch_labels.py
[2025-11-16T10:09:43.386+0000] {processor.py:925} INFO - DAG(s) 'example_branch_labels' retrieved from /home/airflow/.local/lib/python3.12/site-packages/airflow/example_dags/example_branch_labels.py
[2025-11-16T10:09:43.498+0000] {logging_mixin.py:190} INFO - [2025-11-16T10:09:43.497+0000] {dag.py:3239} INFO - Sync 1 DAGs
[2025-11-16T10:09:43.696+0000] {logging_mixin.py:190} INFO - [2025-11-16T10:09:43.695+0000] {dag.py:4180} INFO - Setting next_dagrun for example_branch_labels to 2025-11-15 00:00:00+00:00, run_after=2025-11-16 00:00:00+00:00
[2025-11-16T10:09:43.876+0000] {processor.py:208} INFO - Processing /home/airflow/.local/lib/python3.12/site-packages/airflow/example_dags/example_branch_labels.py took 0.613 seconds
[2025-11-16T10:10:15.208+0000] {processor.py:186} INFO - Started process (PID=321) to work on /home/airflow/.local/lib/python3.12/site-packages/airflow/example_dags/example_branch_labels.py
[2025-11-16T10:10:15.210+0000] {processor.py:914} INFO - Processing file /home/airflow/.local/lib/python3.12/site-packages/airflow/example_dags/example_branch_labels.py for tasks to queue
[2025-11-16T10:10:15.215+0000] {logging_mixin.py:190} INFO - [2025-11-16T10:10:15.214+0000] {dagbag.py:588} INFO - Filling up the DagBag from /home/airflow/.local/lib/python3.12/site-packages/airflow/example_dags/example_branch_labels.py
[2025-11-16T10:10:15.232+0000] {processor.py:925} INFO - DAG(s) 'example_branch_labels' retrieved from /home/airflow/.local/lib/python3.12/site-packages/airflow/example_dags/example_branch_labels.py
[2025-11-16T10:10:15.276+0000] {logging_mixin.py:190} INFO - [2025-11-16T10:10:15.275+0000] {dag.py:3239} INFO - Sync 1 DAGs
[2025-11-16T10:10:15.367+0000] {logging_mixin.py:190} INFO - [2025-11-16T10:10:15.366+0000] {dag.py:4180} INFO - Setting next_dagrun for example_branch_labels to 2025-11-15 00:00:00+00:00, run_after=2025-11-16 00:00:00+00:00
[2025-11-16T10:10:15.420+0000] {processor.py:208} INFO - Processing /home/airflow/.local/lib/python3.12/site-packages/airflow/example_dags/example_branch_labels.py took 0.226 seconds
[2025-11-16T10:10:47.976+0000] {processor.py:186} INFO - Started process (PID=385) to work on /home/airflow/.local/lib/python3.12/site-packages/airflow/example_dags/example_branch_labels.py
[2025-11-16T10:10:47.978+0000] {processor.py:914} INFO - Processing file /home/airflow/.local/lib/python3.12/site-packages/airflow/example_dags/example_branch_labels.py for tasks to queue
[2025-11-16T10:10:47.984+0000] {logging_mixin.py:190} INFO - [2025-11-16T10:10:47.983+0000] {dagbag.py:588} INFO - Filling up the DagBag from /home/airflow/.local/lib/python3.12/site-packages/airflow/example_dags/example_branch_labels.py
[2025-11-16T10:10:48.005+0000] {processor.py:925} INFO - DAG(s) 'example_branch_labels' retrieved from /home/airflow/.local/lib/python3.12/site-packages/airflow/example_dags/example_branch_labels.py
[2025-11-16T10:10:48.049+0000] {logging_mixin.py:190} INFO - [2025-11-16T10:10:48.048+0000] {dag.py:3239} INFO - Sync 1 DAGs
[2025-11-16T10:10:48.116+0000] {logging_mixin.py:190} INFO - [2025-11-16T10:10:48.116+0000] {dag.py:4180} INFO - Setting next_dagrun for example_branch_labels to 2025-11-15 00:00:00+00:00, run_after=2025-11-16 00:00:00+00:00
[2025-11-16T10:10:48.165+0000] {processor.py:208} INFO - Processing /home/airflow/.local/lib/python3.12/site-packages/airflow/example_dags/example_branch_labels.py took 0.202 seconds
