[2025-11-16T00:04:41.121+0000] {processor.py:186} INFO - Started process (PID=3794) to work on /home/airflow/.local/lib/python3.12/site-packages/airflow/example_dags/example_short_circuit_operator.py
[2025-11-16T00:04:41.129+0000] {processor.py:914} INFO - Processing file /home/airflow/.local/lib/python3.12/site-packages/airflow/example_dags/example_short_circuit_operator.py for tasks to queue
[2025-11-16T00:04:41.138+0000] {logging_mixin.py:190} INFO - [2025-11-16T00:04:41.137+0000] {dagbag.py:588} INFO - Filling up the DagBag from /home/airflow/.local/lib/python3.12/site-packages/airflow/example_dags/example_short_circuit_operator.py
[2025-11-16T00:04:41.211+0000] {processor.py:925} INFO - DAG(s) 'example_short_circuit_operator' retrieved from /home/airflow/.local/lib/python3.12/site-packages/airflow/example_dags/example_short_circuit_operator.py
[2025-11-16T00:04:41.359+0000] {logging_mixin.py:190} INFO - [2025-11-16T00:04:41.355+0000] {dag.py:3239} INFO - Sync 1 DAGs
[2025-11-16T00:04:41.439+0000] {logging_mixin.py:190} INFO - [2025-11-16T00:04:41.438+0000] {dag.py:4180} INFO - Setting next_dagrun for example_short_circuit_operator to None, run_after=None
[2025-11-16T00:04:41.592+0000] {processor.py:208} INFO - Processing /home/airflow/.local/lib/python3.12/site-packages/airflow/example_dags/example_short_circuit_operator.py took 0.605 seconds
[2025-11-16T07:28:41.424+0000] {processor.py:186} INFO - Started process (PID=124) to work on /home/airflow/.local/lib/python3.12/site-packages/airflow/example_dags/example_short_circuit_operator.py
[2025-11-16T07:28:41.428+0000] {processor.py:914} INFO - Processing file /home/airflow/.local/lib/python3.12/site-packages/airflow/example_dags/example_short_circuit_operator.py for tasks to queue
[2025-11-16T07:28:41.433+0000] {logging_mixin.py:190} INFO - [2025-11-16T07:28:41.432+0000] {dagbag.py:588} INFO - Filling up the DagBag from /home/airflow/.local/lib/python3.12/site-packages/airflow/example_dags/example_short_circuit_operator.py
[2025-11-16T07:28:41.468+0000] {processor.py:925} INFO - DAG(s) 'example_short_circuit_operator' retrieved from /home/airflow/.local/lib/python3.12/site-packages/airflow/example_dags/example_short_circuit_operator.py
[2025-11-16T07:28:41.576+0000] {logging_mixin.py:190} INFO - [2025-11-16T07:28:41.576+0000] {dag.py:3239} INFO - Sync 1 DAGs
[2025-11-16T07:28:41.646+0000] {logging_mixin.py:190} INFO - [2025-11-16T07:28:41.645+0000] {dag.py:4180} INFO - Setting next_dagrun for example_short_circuit_operator to None, run_after=None
[2025-11-16T07:28:41.697+0000] {processor.py:208} INFO - Processing /home/airflow/.local/lib/python3.12/site-packages/airflow/example_dags/example_short_circuit_operator.py took 0.292 seconds
[2025-11-16T10:05:54.201+0000] {processor.py:186} INFO - Started process (PID=198) to work on /home/airflow/.local/lib/python3.12/site-packages/airflow/example_dags/example_short_circuit_operator.py
[2025-11-16T10:05:54.207+0000] {processor.py:914} INFO - Processing file /home/airflow/.local/lib/python3.12/site-packages/airflow/example_dags/example_short_circuit_operator.py for tasks to queue
[2025-11-16T10:05:54.213+0000] {logging_mixin.py:190} INFO - [2025-11-16T10:05:54.212+0000] {dagbag.py:588} INFO - Filling up the DagBag from /home/airflow/.local/lib/python3.12/site-packages/airflow/example_dags/example_short_circuit_operator.py
[2025-11-16T10:05:54.262+0000] {processor.py:925} INFO - DAG(s) 'example_short_circuit_operator' retrieved from /home/airflow/.local/lib/python3.12/site-packages/airflow/example_dags/example_short_circuit_operator.py
[2025-11-16T10:05:54.330+0000] {logging_mixin.py:190} INFO - [2025-11-16T10:05:54.330+0000] {dag.py:3239} INFO - Sync 1 DAGs
[2025-11-16T10:05:54.391+0000] {logging_mixin.py:190} INFO - [2025-11-16T10:05:54.377+0000] {dag.py:4180} INFO - Setting next_dagrun for example_short_circuit_operator to None, run_after=None
[2025-11-16T10:05:54.457+0000] {processor.py:208} INFO - Processing /home/airflow/.local/lib/python3.12/site-packages/airflow/example_dags/example_short_circuit_operator.py took 0.301 seconds
[2025-11-16T10:08:21.198+0000] {processor.py:186} INFO - Started process (PID=104) to work on /home/airflow/.local/lib/python3.12/site-packages/airflow/example_dags/example_short_circuit_operator.py
[2025-11-16T10:08:21.201+0000] {processor.py:914} INFO - Processing file /home/airflow/.local/lib/python3.12/site-packages/airflow/example_dags/example_short_circuit_operator.py for tasks to queue
[2025-11-16T10:08:21.207+0000] {logging_mixin.py:190} INFO - [2025-11-16T10:08:21.206+0000] {dagbag.py:588} INFO - Filling up the DagBag from /home/airflow/.local/lib/python3.12/site-packages/airflow/example_dags/example_short_circuit_operator.py
[2025-11-16T10:08:21.241+0000] {processor.py:925} INFO - DAG(s) 'example_short_circuit_operator' retrieved from /home/airflow/.local/lib/python3.12/site-packages/airflow/example_dags/example_short_circuit_operator.py
[2025-11-16T10:08:21.347+0000] {logging_mixin.py:190} INFO - [2025-11-16T10:08:21.346+0000] {dag.py:3239} INFO - Sync 1 DAGs
[2025-11-16T10:08:21.403+0000] {logging_mixin.py:190} INFO - [2025-11-16T10:08:21.402+0000] {dag.py:4180} INFO - Setting next_dagrun for example_short_circuit_operator to None, run_after=None
[2025-11-16T10:08:21.464+0000] {processor.py:208} INFO - Processing /home/airflow/.local/lib/python3.12/site-packages/airflow/example_dags/example_short_circuit_operator.py took 0.300 seconds
[2025-11-16T10:09:05.460+0000] {processor.py:186} INFO - Started process (PID=172) to work on /home/airflow/.local/lib/python3.12/site-packages/airflow/example_dags/example_short_circuit_operator.py
[2025-11-16T10:09:05.475+0000] {processor.py:914} INFO - Processing file /home/airflow/.local/lib/python3.12/site-packages/airflow/example_dags/example_short_circuit_operator.py for tasks to queue
[2025-11-16T10:09:05.483+0000] {logging_mixin.py:190} INFO - [2025-11-16T10:09:05.482+0000] {dagbag.py:588} INFO - Filling up the DagBag from /home/airflow/.local/lib/python3.12/site-packages/airflow/example_dags/example_short_circuit_operator.py
[2025-11-16T10:09:05.529+0000] {processor.py:925} INFO - DAG(s) 'example_short_circuit_operator' retrieved from /home/airflow/.local/lib/python3.12/site-packages/airflow/example_dags/example_short_circuit_operator.py
[2025-11-16T10:09:05.630+0000] {logging_mixin.py:190} INFO - [2025-11-16T10:09:05.629+0000] {dag.py:3239} INFO - Sync 1 DAGs
[2025-11-16T10:09:05.682+0000] {logging_mixin.py:190} INFO - [2025-11-16T10:09:05.681+0000] {dag.py:4180} INFO - Setting next_dagrun for example_short_circuit_operator to None, run_after=None
[2025-11-16T10:09:05.745+0000] {processor.py:208} INFO - Processing /home/airflow/.local/lib/python3.12/site-packages/airflow/example_dags/example_short_circuit_operator.py took 0.312 seconds
[2025-11-16T10:09:38.632+0000] {processor.py:186} INFO - Started process (PID=244) to work on /home/airflow/.local/lib/python3.12/site-packages/airflow/example_dags/example_short_circuit_operator.py
[2025-11-16T10:09:38.635+0000] {processor.py:914} INFO - Processing file /home/airflow/.local/lib/python3.12/site-packages/airflow/example_dags/example_short_circuit_operator.py for tasks to queue
[2025-11-16T10:09:38.641+0000] {logging_mixin.py:190} INFO - [2025-11-16T10:09:38.640+0000] {dagbag.py:588} INFO - Filling up the DagBag from /home/airflow/.local/lib/python3.12/site-packages/airflow/example_dags/example_short_circuit_operator.py
[2025-11-16T10:09:38.667+0000] {processor.py:925} INFO - DAG(s) 'example_short_circuit_operator' retrieved from /home/airflow/.local/lib/python3.12/site-packages/airflow/example_dags/example_short_circuit_operator.py
[2025-11-16T10:09:38.724+0000] {logging_mixin.py:190} INFO - [2025-11-16T10:09:38.723+0000] {dag.py:3239} INFO - Sync 1 DAGs
[2025-11-16T10:09:38.768+0000] {logging_mixin.py:190} INFO - [2025-11-16T10:09:38.768+0000] {dag.py:4180} INFO - Setting next_dagrun for example_short_circuit_operator to None, run_after=None
[2025-11-16T10:09:38.820+0000] {processor.py:208} INFO - Processing /home/airflow/.local/lib/python3.12/site-packages/airflow/example_dags/example_short_circuit_operator.py took 0.206 seconds
[2025-11-16T10:10:10.488+0000] {processor.py:186} INFO - Started process (PID=308) to work on /home/airflow/.local/lib/python3.12/site-packages/airflow/example_dags/example_short_circuit_operator.py
[2025-11-16T10:10:10.489+0000] {processor.py:914} INFO - Processing file /home/airflow/.local/lib/python3.12/site-packages/airflow/example_dags/example_short_circuit_operator.py for tasks to queue
[2025-11-16T10:10:10.494+0000] {logging_mixin.py:190} INFO - [2025-11-16T10:10:10.493+0000] {dagbag.py:588} INFO - Filling up the DagBag from /home/airflow/.local/lib/python3.12/site-packages/airflow/example_dags/example_short_circuit_operator.py
[2025-11-16T10:10:10.511+0000] {processor.py:925} INFO - DAG(s) 'example_short_circuit_operator' retrieved from /home/airflow/.local/lib/python3.12/site-packages/airflow/example_dags/example_short_circuit_operator.py
[2025-11-16T10:10:10.558+0000] {logging_mixin.py:190} INFO - [2025-11-16T10:10:10.558+0000] {dag.py:3239} INFO - Sync 1 DAGs
[2025-11-16T10:10:10.586+0000] {logging_mixin.py:190} INFO - [2025-11-16T10:10:10.586+0000] {dag.py:4180} INFO - Setting next_dagrun for example_short_circuit_operator to None, run_after=None
[2025-11-16T10:10:10.625+0000] {processor.py:208} INFO - Processing /home/airflow/.local/lib/python3.12/site-packages/airflow/example_dags/example_short_circuit_operator.py took 0.147 seconds
[2025-11-16T10:10:42.042+0000] {processor.py:186} INFO - Started process (PID=372) to work on /home/airflow/.local/lib/python3.12/site-packages/airflow/example_dags/example_short_circuit_operator.py
[2025-11-16T10:10:42.045+0000] {processor.py:914} INFO - Processing file /home/airflow/.local/lib/python3.12/site-packages/airflow/example_dags/example_short_circuit_operator.py for tasks to queue
[2025-11-16T10:10:42.050+0000] {logging_mixin.py:190} INFO - [2025-11-16T10:10:42.049+0000] {dagbag.py:588} INFO - Filling up the DagBag from /home/airflow/.local/lib/python3.12/site-packages/airflow/example_dags/example_short_circuit_operator.py
[2025-11-16T10:10:42.070+0000] {processor.py:925} INFO - DAG(s) 'example_short_circuit_operator' retrieved from /home/airflow/.local/lib/python3.12/site-packages/airflow/example_dags/example_short_circuit_operator.py
[2025-11-16T10:10:42.122+0000] {logging_mixin.py:190} INFO - [2025-11-16T10:10:42.122+0000] {dag.py:3239} INFO - Sync 1 DAGs
[2025-11-16T10:10:42.161+0000] {logging_mixin.py:190} INFO - [2025-11-16T10:10:42.161+0000] {dag.py:4180} INFO - Setting next_dagrun for example_short_circuit_operator to None, run_after=None
[2025-11-16T10:10:42.196+0000] {processor.py:208} INFO - Processing /home/airflow/.local/lib/python3.12/site-packages/airflow/example_dags/example_short_circuit_operator.py took 0.173 seconds
