[2025-11-16T07:28:44.739+0000] {processor.py:186} INFO - Started process (PID=131) to work on /home/airflow/.local/lib/python3.12/site-packages/airflow/example_dags/example_branch_day_of_week_operator.py
[2025-11-16T07:28:44.752+0000] {processor.py:914} INFO - Processing file /home/airflow/.local/lib/python3.12/site-packages/airflow/example_dags/example_branch_day_of_week_operator.py for tasks to queue
[2025-11-16T07:28:44.787+0000] {logging_mixin.py:190} INFO - [2025-11-16T07:28:44.781+0000] {dagbag.py:588} INFO - Filling up the DagBag from /home/airflow/.local/lib/python3.12/site-packages/airflow/example_dags/example_branch_day_of_week_operator.py
[2025-11-16T07:28:44.862+0000] {processor.py:925} INFO - DAG(s) 'example_weekday_branch_operator' retrieved from /home/airflow/.local/lib/python3.12/site-packages/airflow/example_dags/example_branch_day_of_week_operator.py
[2025-11-16T07:28:44.986+0000] {logging_mixin.py:190} INFO - [2025-11-16T07:28:44.986+0000] {dag.py:3239} INFO - Sync 1 DAGs
[2025-11-16T07:28:45.055+0000] {logging_mixin.py:190} INFO - [2025-11-16T07:28:45.055+0000] {dag.py:4180} INFO - Setting next_dagrun for example_weekday_branch_operator to 2025-11-15 00:00:00+00:00, run_after=2025-11-16 00:00:00+00:00
[2025-11-16T07:28:45.093+0000] {processor.py:208} INFO - Processing /home/airflow/.local/lib/python3.12/site-packages/airflow/example_dags/example_branch_day_of_week_operator.py took 0.387 seconds
[2025-11-16T10:05:56.110+0000] {processor.py:186} INFO - Started process (PID=205) to work on /home/airflow/.local/lib/python3.12/site-packages/airflow/example_dags/example_branch_day_of_week_operator.py
[2025-11-16T10:05:56.118+0000] {processor.py:914} INFO - Processing file /home/airflow/.local/lib/python3.12/site-packages/airflow/example_dags/example_branch_day_of_week_operator.py for tasks to queue
[2025-11-16T10:05:56.122+0000] {logging_mixin.py:190} INFO - [2025-11-16T10:05:56.121+0000] {dagbag.py:588} INFO - Filling up the DagBag from /home/airflow/.local/lib/python3.12/site-packages/airflow/example_dags/example_branch_day_of_week_operator.py
[2025-11-16T10:05:56.153+0000] {processor.py:925} INFO - DAG(s) 'example_weekday_branch_operator' retrieved from /home/airflow/.local/lib/python3.12/site-packages/airflow/example_dags/example_branch_day_of_week_operator.py
[2025-11-16T10:05:56.218+0000] {logging_mixin.py:190} INFO - [2025-11-16T10:05:56.218+0000] {dag.py:3239} INFO - Sync 1 DAGs
[2025-11-16T10:05:56.353+0000] {logging_mixin.py:190} INFO - [2025-11-16T10:05:56.352+0000] {dag.py:4180} INFO - Setting next_dagrun for example_weekday_branch_operator to 2025-11-15 00:00:00+00:00, run_after=2025-11-16 00:00:00+00:00
[2025-11-16T10:05:56.489+0000] {processor.py:208} INFO - Processing /home/airflow/.local/lib/python3.12/site-packages/airflow/example_dags/example_branch_day_of_week_operator.py took 0.395 seconds
[2025-11-16T10:08:25.693+0000] {processor.py:186} INFO - Started process (PID=111) to work on /home/airflow/.local/lib/python3.12/site-packages/airflow/example_dags/example_branch_day_of_week_operator.py
[2025-11-16T10:08:25.697+0000] {processor.py:914} INFO - Processing file /home/airflow/.local/lib/python3.12/site-packages/airflow/example_dags/example_branch_day_of_week_operator.py for tasks to queue
[2025-11-16T10:08:25.704+0000] {logging_mixin.py:190} INFO - [2025-11-16T10:08:25.703+0000] {dagbag.py:588} INFO - Filling up the DagBag from /home/airflow/.local/lib/python3.12/site-packages/airflow/example_dags/example_branch_day_of_week_operator.py
[2025-11-16T10:08:25.732+0000] {processor.py:925} INFO - DAG(s) 'example_weekday_branch_operator' retrieved from /home/airflow/.local/lib/python3.12/site-packages/airflow/example_dags/example_branch_day_of_week_operator.py
[2025-11-16T10:08:25.826+0000] {logging_mixin.py:190} INFO - [2025-11-16T10:08:25.825+0000] {dag.py:3239} INFO - Sync 1 DAGs
[2025-11-16T10:08:25.938+0000] {logging_mixin.py:190} INFO - [2025-11-16T10:08:25.937+0000] {dag.py:4180} INFO - Setting next_dagrun for example_weekday_branch_operator to 2025-11-15 00:00:00+00:00, run_after=2025-11-16 00:00:00+00:00
[2025-11-16T10:08:26.006+0000] {processor.py:208} INFO - Processing /home/airflow/.local/lib/python3.12/site-packages/airflow/example_dags/example_branch_day_of_week_operator.py took 0.326 seconds
[2025-11-16T10:09:08.643+0000] {processor.py:186} INFO - Started process (PID=186) to work on /home/airflow/.local/lib/python3.12/site-packages/airflow/example_dags/example_branch_day_of_week_operator.py
[2025-11-16T10:09:08.651+0000] {processor.py:914} INFO - Processing file /home/airflow/.local/lib/python3.12/site-packages/airflow/example_dags/example_branch_day_of_week_operator.py for tasks to queue
[2025-11-16T10:09:08.658+0000] {logging_mixin.py:190} INFO - [2025-11-16T10:09:08.657+0000] {dagbag.py:588} INFO - Filling up the DagBag from /home/airflow/.local/lib/python3.12/site-packages/airflow/example_dags/example_branch_day_of_week_operator.py
[2025-11-16T10:09:08.701+0000] {processor.py:925} INFO - DAG(s) 'example_weekday_branch_operator' retrieved from /home/airflow/.local/lib/python3.12/site-packages/airflow/example_dags/example_branch_day_of_week_operator.py
[2025-11-16T10:09:08.779+0000] {logging_mixin.py:190} INFO - [2025-11-16T10:09:08.778+0000] {dag.py:3239} INFO - Sync 1 DAGs
[2025-11-16T10:09:08.848+0000] {logging_mixin.py:190} INFO - [2025-11-16T10:09:08.847+0000] {dag.py:4180} INFO - Setting next_dagrun for example_weekday_branch_operator to 2025-11-15 00:00:00+00:00, run_after=2025-11-16 00:00:00+00:00
[2025-11-16T10:09:08.899+0000] {processor.py:208} INFO - Processing /home/airflow/.local/lib/python3.12/site-packages/airflow/example_dags/example_branch_day_of_week_operator.py took 0.272 seconds
[2025-11-16T10:09:42.851+0000] {processor.py:186} INFO - Started process (PID=253) to work on /home/airflow/.local/lib/python3.12/site-packages/airflow/example_dags/example_branch_day_of_week_operator.py
[2025-11-16T10:09:42.857+0000] {processor.py:914} INFO - Processing file /home/airflow/.local/lib/python3.12/site-packages/airflow/example_dags/example_branch_day_of_week_operator.py for tasks to queue
[2025-11-16T10:09:42.872+0000] {logging_mixin.py:190} INFO - [2025-11-16T10:09:42.870+0000] {dagbag.py:588} INFO - Filling up the DagBag from /home/airflow/.local/lib/python3.12/site-packages/airflow/example_dags/example_branch_day_of_week_operator.py
[2025-11-16T10:09:42.920+0000] {processor.py:925} INFO - DAG(s) 'example_weekday_branch_operator' retrieved from /home/airflow/.local/lib/python3.12/site-packages/airflow/example_dags/example_branch_day_of_week_operator.py
[2025-11-16T10:09:43.025+0000] {logging_mixin.py:190} INFO - [2025-11-16T10:09:43.024+0000] {dag.py:3239} INFO - Sync 1 DAGs
[2025-11-16T10:09:43.126+0000] {logging_mixin.py:190} INFO - [2025-11-16T10:09:43.125+0000] {dag.py:4180} INFO - Setting next_dagrun for example_weekday_branch_operator to 2025-11-15 00:00:00+00:00, run_after=2025-11-16 00:00:00+00:00
[2025-11-16T10:09:43.187+0000] {processor.py:208} INFO - Processing /home/airflow/.local/lib/python3.12/site-packages/airflow/example_dags/example_branch_day_of_week_operator.py took 0.370 seconds
[2025-11-16T10:10:14.619+0000] {processor.py:186} INFO - Started process (PID=317) to work on /home/airflow/.local/lib/python3.12/site-packages/airflow/example_dags/example_branch_day_of_week_operator.py
[2025-11-16T10:10:14.621+0000] {processor.py:914} INFO - Processing file /home/airflow/.local/lib/python3.12/site-packages/airflow/example_dags/example_branch_day_of_week_operator.py for tasks to queue
[2025-11-16T10:10:14.625+0000] {logging_mixin.py:190} INFO - [2025-11-16T10:10:14.624+0000] {dagbag.py:588} INFO - Filling up the DagBag from /home/airflow/.local/lib/python3.12/site-packages/airflow/example_dags/example_branch_day_of_week_operator.py
[2025-11-16T10:10:14.643+0000] {processor.py:925} INFO - DAG(s) 'example_weekday_branch_operator' retrieved from /home/airflow/.local/lib/python3.12/site-packages/airflow/example_dags/example_branch_day_of_week_operator.py
[2025-11-16T10:10:14.682+0000] {logging_mixin.py:190} INFO - [2025-11-16T10:10:14.681+0000] {dag.py:3239} INFO - Sync 1 DAGs
[2025-11-16T10:10:14.745+0000] {logging_mixin.py:190} INFO - [2025-11-16T10:10:14.745+0000] {dag.py:4180} INFO - Setting next_dagrun for example_weekday_branch_operator to 2025-11-15 00:00:00+00:00, run_after=2025-11-16 00:00:00+00:00
[2025-11-16T10:10:14.790+0000] {processor.py:208} INFO - Processing /home/airflow/.local/lib/python3.12/site-packages/airflow/example_dags/example_branch_day_of_week_operator.py took 0.182 seconds
[2025-11-16T10:10:47.338+0000] {processor.py:186} INFO - Started process (PID=381) to work on /home/airflow/.local/lib/python3.12/site-packages/airflow/example_dags/example_branch_day_of_week_operator.py
[2025-11-16T10:10:47.340+0000] {processor.py:914} INFO - Processing file /home/airflow/.local/lib/python3.12/site-packages/airflow/example_dags/example_branch_day_of_week_operator.py for tasks to queue
[2025-11-16T10:10:47.345+0000] {logging_mixin.py:190} INFO - [2025-11-16T10:10:47.345+0000] {dagbag.py:588} INFO - Filling up the DagBag from /home/airflow/.local/lib/python3.12/site-packages/airflow/example_dags/example_branch_day_of_week_operator.py
[2025-11-16T10:10:47.372+0000] {processor.py:925} INFO - DAG(s) 'example_weekday_branch_operator' retrieved from /home/airflow/.local/lib/python3.12/site-packages/airflow/example_dags/example_branch_day_of_week_operator.py
[2025-11-16T10:10:47.415+0000] {logging_mixin.py:190} INFO - [2025-11-16T10:10:47.414+0000] {dag.py:3239} INFO - Sync 1 DAGs
[2025-11-16T10:10:47.510+0000] {logging_mixin.py:190} INFO - [2025-11-16T10:10:47.509+0000] {dag.py:4180} INFO - Setting next_dagrun for example_weekday_branch_operator to 2025-11-15 00:00:00+00:00, run_after=2025-11-16 00:00:00+00:00
[2025-11-16T10:10:47.561+0000] {processor.py:208} INFO - Processing /home/airflow/.local/lib/python3.12/site-packages/airflow/example_dags/example_branch_day_of_week_operator.py took 0.233 seconds
