[2025-11-16T07:28:59.723+0000] {processor.py:186} INFO - Started process (PID=157) to work on /home/airflow/.local/lib/python3.12/site-packages/airflow/example_dags/example_complex.py
[2025-11-16T07:28:59.740+0000] {processor.py:914} INFO - Processing file /home/airflow/.local/lib/python3.12/site-packages/airflow/example_dags/example_complex.py for tasks to queue
[2025-11-16T07:28:59.746+0000] {logging_mixin.py:190} INFO - [2025-11-16T07:28:59.744+0000] {dagbag.py:588} INFO - Filling up the DagBag from /home/airflow/.local/lib/python3.12/site-packages/airflow/example_dags/example_complex.py
[2025-11-16T07:28:59.811+0000] {processor.py:925} INFO - DAG(s) 'example_complex' retrieved from /home/airflow/.local/lib/python3.12/site-packages/airflow/example_dags/example_complex.py
[2025-11-16T07:28:59.993+0000] {logging_mixin.py:190} INFO - [2025-11-16T07:28:59.992+0000] {dag.py:3239} INFO - Sync 1 DAGs
[2025-11-16T07:29:00.036+0000] {logging_mixin.py:190} INFO - [2025-11-16T07:29:00.035+0000] {dag.py:4180} INFO - Setting next_dagrun for example_complex to None, run_after=None
[2025-11-16T07:29:00.122+0000] {processor.py:208} INFO - Processing /home/airflow/.local/lib/python3.12/site-packages/airflow/example_dags/example_complex.py took 0.414 seconds
[2025-11-16T10:06:02.246+0000] {processor.py:186} INFO - Started process (PID=237) to work on /home/airflow/.local/lib/python3.12/site-packages/airflow/example_dags/example_complex.py
[2025-11-16T10:06:02.249+0000] {processor.py:914} INFO - Processing file /home/airflow/.local/lib/python3.12/site-packages/airflow/example_dags/example_complex.py for tasks to queue
[2025-11-16T10:06:02.251+0000] {logging_mixin.py:190} INFO - [2025-11-16T10:06:02.251+0000] {dagbag.py:588} INFO - Filling up the DagBag from /home/airflow/.local/lib/python3.12/site-packages/airflow/example_dags/example_complex.py
[2025-11-16T10:06:02.289+0000] {processor.py:925} INFO - DAG(s) 'example_complex' retrieved from /home/airflow/.local/lib/python3.12/site-packages/airflow/example_dags/example_complex.py
[2025-11-16T10:06:02.377+0000] {logging_mixin.py:190} INFO - [2025-11-16T10:06:02.377+0000] {dag.py:3239} INFO - Sync 1 DAGs
[2025-11-16T10:06:02.410+0000] {logging_mixin.py:190} INFO - [2025-11-16T10:06:02.410+0000] {dag.py:4180} INFO - Setting next_dagrun for example_complex to None, run_after=None
[2025-11-16T10:06:02.458+0000] {processor.py:208} INFO - Processing /home/airflow/.local/lib/python3.12/site-packages/airflow/example_dags/example_complex.py took 0.234 seconds
[2025-11-16T10:08:35.271+0000] {processor.py:186} INFO - Started process (PID=137) to work on /home/airflow/.local/lib/python3.12/site-packages/airflow/example_dags/example_complex.py
[2025-11-16T10:08:35.274+0000] {processor.py:914} INFO - Processing file /home/airflow/.local/lib/python3.12/site-packages/airflow/example_dags/example_complex.py for tasks to queue
[2025-11-16T10:08:35.280+0000] {logging_mixin.py:190} INFO - [2025-11-16T10:08:35.278+0000] {dagbag.py:588} INFO - Filling up the DagBag from /home/airflow/.local/lib/python3.12/site-packages/airflow/example_dags/example_complex.py
[2025-11-16T10:08:35.314+0000] {processor.py:925} INFO - DAG(s) 'example_complex' retrieved from /home/airflow/.local/lib/python3.12/site-packages/airflow/example_dags/example_complex.py
[2025-11-16T10:08:35.389+0000] {logging_mixin.py:190} INFO - [2025-11-16T10:08:35.389+0000] {dag.py:3239} INFO - Sync 1 DAGs
[2025-11-16T10:08:35.424+0000] {logging_mixin.py:190} INFO - [2025-11-16T10:08:35.424+0000] {dag.py:4180} INFO - Setting next_dagrun for example_complex to None, run_after=None
[2025-11-16T10:08:35.471+0000] {processor.py:208} INFO - Processing /home/airflow/.local/lib/python3.12/site-packages/airflow/example_dags/example_complex.py took 0.215 seconds
[2025-11-16T10:09:15.242+0000] {processor.py:186} INFO - Started process (PID=211) to work on /home/airflow/.local/lib/python3.12/site-packages/airflow/example_dags/example_complex.py
[2025-11-16T10:09:15.246+0000] {processor.py:914} INFO - Processing file /home/airflow/.local/lib/python3.12/site-packages/airflow/example_dags/example_complex.py for tasks to queue
[2025-11-16T10:09:15.253+0000] {logging_mixin.py:190} INFO - [2025-11-16T10:09:15.253+0000] {dagbag.py:588} INFO - Filling up the DagBag from /home/airflow/.local/lib/python3.12/site-packages/airflow/example_dags/example_complex.py
[2025-11-16T10:09:15.290+0000] {processor.py:925} INFO - DAG(s) 'example_complex' retrieved from /home/airflow/.local/lib/python3.12/site-packages/airflow/example_dags/example_complex.py
[2025-11-16T10:09:15.408+0000] {logging_mixin.py:190} INFO - [2025-11-16T10:09:15.407+0000] {dag.py:3239} INFO - Sync 1 DAGs
[2025-11-16T10:09:15.456+0000] {logging_mixin.py:190} INFO - [2025-11-16T10:09:15.455+0000] {dag.py:4180} INFO - Setting next_dagrun for example_complex to None, run_after=None
[2025-11-16T10:09:15.530+0000] {processor.py:208} INFO - Processing /home/airflow/.local/lib/python3.12/site-packages/airflow/example_dags/example_complex.py took 0.305 seconds
[2025-11-16T10:09:48.639+0000] {processor.py:186} INFO - Started process (PID=276) to work on /home/airflow/.local/lib/python3.12/site-packages/airflow/example_dags/example_complex.py
[2025-11-16T10:09:48.641+0000] {processor.py:914} INFO - Processing file /home/airflow/.local/lib/python3.12/site-packages/airflow/example_dags/example_complex.py for tasks to queue
[2025-11-16T10:09:48.646+0000] {logging_mixin.py:190} INFO - [2025-11-16T10:09:48.645+0000] {dagbag.py:588} INFO - Filling up the DagBag from /home/airflow/.local/lib/python3.12/site-packages/airflow/example_dags/example_complex.py
[2025-11-16T10:09:48.676+0000] {processor.py:925} INFO - DAG(s) 'example_complex' retrieved from /home/airflow/.local/lib/python3.12/site-packages/airflow/example_dags/example_complex.py
[2025-11-16T10:09:48.740+0000] {logging_mixin.py:190} INFO - [2025-11-16T10:09:48.740+0000] {dag.py:3239} INFO - Sync 1 DAGs
[2025-11-16T10:09:48.771+0000] {logging_mixin.py:190} INFO - [2025-11-16T10:09:48.771+0000] {dag.py:4180} INFO - Setting next_dagrun for example_complex to None, run_after=None
[2025-11-16T10:09:48.820+0000] {processor.py:208} INFO - Processing /home/airflow/.local/lib/python3.12/site-packages/airflow/example_dags/example_complex.py took 0.193 seconds
[2025-11-16T10:10:18.950+0000] {processor.py:186} INFO - Started process (PID=340) to work on /home/airflow/.local/lib/python3.12/site-packages/airflow/example_dags/example_complex.py
[2025-11-16T10:10:18.954+0000] {processor.py:914} INFO - Processing file /home/airflow/.local/lib/python3.12/site-packages/airflow/example_dags/example_complex.py for tasks to queue
[2025-11-16T10:10:18.960+0000] {logging_mixin.py:190} INFO - [2025-11-16T10:10:18.960+0000] {dagbag.py:588} INFO - Filling up the DagBag from /home/airflow/.local/lib/python3.12/site-packages/airflow/example_dags/example_complex.py
[2025-11-16T10:10:18.986+0000] {processor.py:925} INFO - DAG(s) 'example_complex' retrieved from /home/airflow/.local/lib/python3.12/site-packages/airflow/example_dags/example_complex.py
[2025-11-16T10:10:19.060+0000] {logging_mixin.py:190} INFO - [2025-11-16T10:10:19.059+0000] {dag.py:3239} INFO - Sync 1 DAGs
[2025-11-16T10:10:19.090+0000] {logging_mixin.py:190} INFO - [2025-11-16T10:10:19.090+0000] {dag.py:4180} INFO - Setting next_dagrun for example_complex to None, run_after=None
[2025-11-16T10:10:19.135+0000] {processor.py:208} INFO - Processing /home/airflow/.local/lib/python3.12/site-packages/airflow/example_dags/example_complex.py took 0.199 seconds
[2025-11-16T10:10:50.138+0000] {processor.py:186} INFO - Started process (PID=404) to work on /home/airflow/.local/lib/python3.12/site-packages/airflow/example_dags/example_complex.py
[2025-11-16T10:10:50.140+0000] {processor.py:914} INFO - Processing file /home/airflow/.local/lib/python3.12/site-packages/airflow/example_dags/example_complex.py for tasks to queue
[2025-11-16T10:10:50.142+0000] {logging_mixin.py:190} INFO - [2025-11-16T10:10:50.142+0000] {dagbag.py:588} INFO - Filling up the DagBag from /home/airflow/.local/lib/python3.12/site-packages/airflow/example_dags/example_complex.py
[2025-11-16T10:10:50.164+0000] {processor.py:925} INFO - DAG(s) 'example_complex' retrieved from /home/airflow/.local/lib/python3.12/site-packages/airflow/example_dags/example_complex.py
[2025-11-16T10:10:50.216+0000] {logging_mixin.py:190} INFO - [2025-11-16T10:10:50.216+0000] {dag.py:3239} INFO - Sync 1 DAGs
[2025-11-16T10:10:50.246+0000] {logging_mixin.py:190} INFO - [2025-11-16T10:10:50.246+0000] {dag.py:4180} INFO - Setting next_dagrun for example_complex to None, run_after=None
[2025-11-16T10:10:50.283+0000] {processor.py:208} INFO - Processing /home/airflow/.local/lib/python3.12/site-packages/airflow/example_dags/example_complex.py took 0.156 seconds
