[2025-11-16T07:29:00.630+0000] {processor.py:186} INFO - Started process (PID=161) to work on /home/airflow/.local/lib/python3.12/site-packages/airflow/example_dags/example_branch_operator.py
[2025-11-16T07:29:00.634+0000] {processor.py:914} INFO - Processing file /home/airflow/.local/lib/python3.12/site-packages/airflow/example_dags/example_branch_operator.py for tasks to queue
[2025-11-16T07:29:00.640+0000] {logging_mixin.py:190} INFO - [2025-11-16T07:29:00.639+0000] {dagbag.py:588} INFO - Filling up the DagBag from /home/airflow/.local/lib/python3.12/site-packages/airflow/example_dags/example_branch_operator.py
[2025-11-16T07:29:00.707+0000] {processor.py:925} INFO - DAG(s) 'example_branch_operator' retrieved from /home/airflow/.local/lib/python3.12/site-packages/airflow/example_dags/example_branch_operator.py
[2025-11-16T07:29:01.231+0000] {logging_mixin.py:190} INFO - [2025-11-16T07:29:01.231+0000] {dag.py:3239} INFO - Sync 1 DAGs
[2025-11-16T07:29:01.302+0000] {logging_mixin.py:190} INFO - [2025-11-16T07:29:01.301+0000] {dag.py:4180} INFO - Setting next_dagrun for example_branch_operator to 2025-11-15 00:00:00+00:00, run_after=2025-11-16 00:00:00+00:00
[2025-11-16T07:29:01.361+0000] {processor.py:208} INFO - Processing /home/airflow/.local/lib/python3.12/site-packages/airflow/example_dags/example_branch_operator.py took 0.744 seconds
[2025-11-16T10:06:02.408+0000] {processor.py:186} INFO - Started process (PID=241) to work on /home/airflow/.local/lib/python3.12/site-packages/airflow/example_dags/example_branch_operator.py
[2025-11-16T10:06:02.414+0000] {processor.py:914} INFO - Processing file /home/airflow/.local/lib/python3.12/site-packages/airflow/example_dags/example_branch_operator.py for tasks to queue
[2025-11-16T10:06:02.418+0000] {logging_mixin.py:190} INFO - [2025-11-16T10:06:02.417+0000] {dagbag.py:588} INFO - Filling up the DagBag from /home/airflow/.local/lib/python3.12/site-packages/airflow/example_dags/example_branch_operator.py
[2025-11-16T10:06:02.456+0000] {processor.py:925} INFO - DAG(s) 'example_branch_operator' retrieved from /home/airflow/.local/lib/python3.12/site-packages/airflow/example_dags/example_branch_operator.py
[2025-11-16T10:06:02.600+0000] {logging_mixin.py:190} INFO - [2025-11-16T10:06:02.599+0000] {dag.py:3239} INFO - Sync 1 DAGs
[2025-11-16T10:06:02.692+0000] {logging_mixin.py:190} INFO - [2025-11-16T10:06:02.692+0000] {dag.py:4180} INFO - Setting next_dagrun for example_branch_operator to 2025-11-15 00:00:00+00:00, run_after=2025-11-16 00:00:00+00:00
[2025-11-16T10:06:02.780+0000] {processor.py:208} INFO - Processing /home/airflow/.local/lib/python3.12/site-packages/airflow/example_dags/example_branch_operator.py took 0.383 seconds
[2025-11-16T10:08:36.721+0000] {processor.py:186} INFO - Started process (PID=141) to work on /home/airflow/.local/lib/python3.12/site-packages/airflow/example_dags/example_branch_operator.py
[2025-11-16T10:08:36.725+0000] {processor.py:914} INFO - Processing file /home/airflow/.local/lib/python3.12/site-packages/airflow/example_dags/example_branch_operator.py for tasks to queue
[2025-11-16T10:08:36.732+0000] {logging_mixin.py:190} INFO - [2025-11-16T10:08:36.731+0000] {dagbag.py:588} INFO - Filling up the DagBag from /home/airflow/.local/lib/python3.12/site-packages/airflow/example_dags/example_branch_operator.py
[2025-11-16T10:08:36.851+0000] {processor.py:925} INFO - DAG(s) 'example_branch_operator' retrieved from /home/airflow/.local/lib/python3.12/site-packages/airflow/example_dags/example_branch_operator.py
[2025-11-16T10:08:37.515+0000] {logging_mixin.py:190} INFO - [2025-11-16T10:08:37.514+0000] {dag.py:3239} INFO - Sync 1 DAGs
[2025-11-16T10:08:37.642+0000] {logging_mixin.py:190} INFO - [2025-11-16T10:08:37.640+0000] {dag.py:4180} INFO - Setting next_dagrun for example_branch_operator to 2025-11-15 00:00:00+00:00, run_after=2025-11-16 00:00:00+00:00
[2025-11-16T10:08:37.731+0000] {processor.py:208} INFO - Processing /home/airflow/.local/lib/python3.12/site-packages/airflow/example_dags/example_branch_operator.py took 1.043 seconds
[2025-11-16T10:09:16.101+0000] {processor.py:186} INFO - Started process (PID=215) to work on /home/airflow/.local/lib/python3.12/site-packages/airflow/example_dags/example_branch_operator.py
[2025-11-16T10:09:16.104+0000] {processor.py:914} INFO - Processing file /home/airflow/.local/lib/python3.12/site-packages/airflow/example_dags/example_branch_operator.py for tasks to queue
[2025-11-16T10:09:16.112+0000] {logging_mixin.py:190} INFO - [2025-11-16T10:09:16.110+0000] {dagbag.py:588} INFO - Filling up the DagBag from /home/airflow/.local/lib/python3.12/site-packages/airflow/example_dags/example_branch_operator.py
[2025-11-16T10:09:16.185+0000] {processor.py:925} INFO - DAG(s) 'example_branch_operator' retrieved from /home/airflow/.local/lib/python3.12/site-packages/airflow/example_dags/example_branch_operator.py
[2025-11-16T10:09:16.292+0000] {logging_mixin.py:190} INFO - [2025-11-16T10:09:16.292+0000] {dag.py:3239} INFO - Sync 1 DAGs
[2025-11-16T10:09:16.407+0000] {logging_mixin.py:190} INFO - [2025-11-16T10:09:16.407+0000] {dag.py:4180} INFO - Setting next_dagrun for example_branch_operator to 2025-11-15 00:00:00+00:00, run_after=2025-11-16 00:00:00+00:00
[2025-11-16T10:09:16.518+0000] {processor.py:208} INFO - Processing /home/airflow/.local/lib/python3.12/site-packages/airflow/example_dags/example_branch_operator.py took 0.433 seconds
[2025-11-16T10:09:49.193+0000] {processor.py:186} INFO - Started process (PID=280) to work on /home/airflow/.local/lib/python3.12/site-packages/airflow/example_dags/example_branch_operator.py
[2025-11-16T10:09:49.196+0000] {processor.py:914} INFO - Processing file /home/airflow/.local/lib/python3.12/site-packages/airflow/example_dags/example_branch_operator.py for tasks to queue
[2025-11-16T10:09:49.201+0000] {logging_mixin.py:190} INFO - [2025-11-16T10:09:49.201+0000] {dagbag.py:588} INFO - Filling up the DagBag from /home/airflow/.local/lib/python3.12/site-packages/airflow/example_dags/example_branch_operator.py
[2025-11-16T10:09:49.245+0000] {processor.py:925} INFO - DAG(s) 'example_branch_operator' retrieved from /home/airflow/.local/lib/python3.12/site-packages/airflow/example_dags/example_branch_operator.py
[2025-11-16T10:09:49.317+0000] {logging_mixin.py:190} INFO - [2025-11-16T10:09:49.316+0000] {dag.py:3239} INFO - Sync 1 DAGs
[2025-11-16T10:09:49.380+0000] {logging_mixin.py:190} INFO - [2025-11-16T10:09:49.379+0000] {dag.py:4180} INFO - Setting next_dagrun for example_branch_operator to 2025-11-15 00:00:00+00:00, run_after=2025-11-16 00:00:00+00:00
[2025-11-16T10:09:49.442+0000] {processor.py:208} INFO - Processing /home/airflow/.local/lib/python3.12/site-packages/airflow/example_dags/example_branch_operator.py took 0.262 seconds
[2025-11-16T10:10:19.754+0000] {processor.py:186} INFO - Started process (PID=344) to work on /home/airflow/.local/lib/python3.12/site-packages/airflow/example_dags/example_branch_operator.py
[2025-11-16T10:10:19.756+0000] {processor.py:914} INFO - Processing file /home/airflow/.local/lib/python3.12/site-packages/airflow/example_dags/example_branch_operator.py for tasks to queue
[2025-11-16T10:10:19.761+0000] {logging_mixin.py:190} INFO - [2025-11-16T10:10:19.760+0000] {dagbag.py:588} INFO - Filling up the DagBag from /home/airflow/.local/lib/python3.12/site-packages/airflow/example_dags/example_branch_operator.py
[2025-11-16T10:10:19.796+0000] {processor.py:925} INFO - DAG(s) 'example_branch_operator' retrieved from /home/airflow/.local/lib/python3.12/site-packages/airflow/example_dags/example_branch_operator.py
[2025-11-16T10:10:19.878+0000] {logging_mixin.py:190} INFO - [2025-11-16T10:10:19.877+0000] {dag.py:3239} INFO - Sync 1 DAGs
[2025-11-16T10:10:19.930+0000] {logging_mixin.py:190} INFO - [2025-11-16T10:10:19.929+0000] {dag.py:4180} INFO - Setting next_dagrun for example_branch_operator to 2025-11-15 00:00:00+00:00, run_after=2025-11-16 00:00:00+00:00
[2025-11-16T10:10:19.976+0000] {processor.py:208} INFO - Processing /home/airflow/.local/lib/python3.12/site-packages/airflow/example_dags/example_branch_operator.py took 0.235 seconds
