[2025-11-16T07:28:44.217+0000] {processor.py:186} INFO - Started process (PID=130) to work on /home/airflow/.local/lib/python3.12/site-packages/airflow/example_dags/example_latest_only.py
[2025-11-16T07:28:44.256+0000] {processor.py:914} INFO - Processing file /home/airflow/.local/lib/python3.12/site-packages/airflow/example_dags/example_latest_only.py for tasks to queue
[2025-11-16T07:28:44.262+0000] {logging_mixin.py:190} INFO - [2025-11-16T07:28:44.261+0000] {dagbag.py:588} INFO - Filling up the DagBag from /home/airflow/.local/lib/python3.12/site-packages/airflow/example_dags/example_latest_only.py
[2025-11-16T07:28:44.284+0000] {processor.py:925} INFO - DAG(s) 'latest_only' retrieved from /home/airflow/.local/lib/python3.12/site-packages/airflow/example_dags/example_latest_only.py
[2025-11-16T07:28:44.370+0000] {logging_mixin.py:190} INFO - [2025-11-16T07:28:44.369+0000] {dag.py:3239} INFO - Sync 1 DAGs
[2025-11-16T07:28:44.467+0000] {logging_mixin.py:190} INFO - [2025-11-16T07:28:44.466+0000] {dag.py:4180} INFO - Setting next_dagrun for latest_only to 2025-11-16 00:00:00+00:00, run_after=2025-11-16 04:00:00+00:00
[2025-11-16T07:28:44.536+0000] {processor.py:208} INFO - Processing /home/airflow/.local/lib/python3.12/site-packages/airflow/example_dags/example_latest_only.py took 0.333 seconds
[2025-11-16T10:05:56.008+0000] {processor.py:186} INFO - Started process (PID=204) to work on /home/airflow/.local/lib/python3.12/site-packages/airflow/example_dags/example_latest_only.py
[2025-11-16T10:05:56.015+0000] {processor.py:914} INFO - Processing file /home/airflow/.local/lib/python3.12/site-packages/airflow/example_dags/example_latest_only.py for tasks to queue
[2025-11-16T10:05:56.020+0000] {logging_mixin.py:190} INFO - [2025-11-16T10:05:56.019+0000] {dagbag.py:588} INFO - Filling up the DagBag from /home/airflow/.local/lib/python3.12/site-packages/airflow/example_dags/example_latest_only.py
[2025-11-16T10:05:56.050+0000] {processor.py:925} INFO - DAG(s) 'latest_only' retrieved from /home/airflow/.local/lib/python3.12/site-packages/airflow/example_dags/example_latest_only.py
[2025-11-16T10:05:56.124+0000] {logging_mixin.py:190} INFO - [2025-11-16T10:05:56.122+0000] {dag.py:3239} INFO - Sync 1 DAGs
[2025-11-16T10:05:56.214+0000] {logging_mixin.py:190} INFO - [2025-11-16T10:05:56.213+0000] {dag.py:4180} INFO - Setting next_dagrun for latest_only to 2025-11-16 04:00:00+00:00, run_after=2025-11-16 08:00:00+00:00
[2025-11-16T10:05:56.269+0000] {processor.py:208} INFO - Processing /home/airflow/.local/lib/python3.12/site-packages/airflow/example_dags/example_latest_only.py took 0.283 seconds
[2025-11-16T10:08:25.566+0000] {processor.py:186} INFO - Started process (PID=110) to work on /home/airflow/.local/lib/python3.12/site-packages/airflow/example_dags/example_latest_only.py
[2025-11-16T10:08:25.568+0000] {processor.py:914} INFO - Processing file /home/airflow/.local/lib/python3.12/site-packages/airflow/example_dags/example_latest_only.py for tasks to queue
[2025-11-16T10:08:25.575+0000] {logging_mixin.py:190} INFO - [2025-11-16T10:08:25.574+0000] {dagbag.py:588} INFO - Filling up the DagBag from /home/airflow/.local/lib/python3.12/site-packages/airflow/example_dags/example_latest_only.py
[2025-11-16T10:08:25.597+0000] {processor.py:925} INFO - DAG(s) 'latest_only' retrieved from /home/airflow/.local/lib/python3.12/site-packages/airflow/example_dags/example_latest_only.py
[2025-11-16T10:08:25.662+0000] {logging_mixin.py:190} INFO - [2025-11-16T10:08:25.661+0000] {dag.py:3239} INFO - Sync 1 DAGs
[2025-11-16T10:08:25.733+0000] {logging_mixin.py:190} INFO - [2025-11-16T10:08:25.733+0000] {dag.py:4180} INFO - Setting next_dagrun for latest_only to 2025-11-16 04:00:00+00:00, run_after=2025-11-16 08:00:00+00:00
[2025-11-16T10:08:25.787+0000] {processor.py:208} INFO - Processing /home/airflow/.local/lib/python3.12/site-packages/airflow/example_dags/example_latest_only.py took 0.242 seconds
[2025-11-16T10:09:08.356+0000] {processor.py:186} INFO - Started process (PID=185) to work on /home/airflow/.local/lib/python3.12/site-packages/airflow/example_dags/example_latest_only.py
[2025-11-16T10:09:08.359+0000] {processor.py:914} INFO - Processing file /home/airflow/.local/lib/python3.12/site-packages/airflow/example_dags/example_latest_only.py for tasks to queue
[2025-11-16T10:09:08.364+0000] {logging_mixin.py:190} INFO - [2025-11-16T10:09:08.364+0000] {dagbag.py:588} INFO - Filling up the DagBag from /home/airflow/.local/lib/python3.12/site-packages/airflow/example_dags/example_latest_only.py
[2025-11-16T10:09:08.383+0000] {processor.py:925} INFO - DAG(s) 'latest_only' retrieved from /home/airflow/.local/lib/python3.12/site-packages/airflow/example_dags/example_latest_only.py
[2025-11-16T10:09:08.442+0000] {logging_mixin.py:190} INFO - [2025-11-16T10:09:08.442+0000] {dag.py:3239} INFO - Sync 1 DAGs
[2025-11-16T10:09:08.506+0000] {logging_mixin.py:190} INFO - [2025-11-16T10:09:08.505+0000] {dag.py:4180} INFO - Setting next_dagrun for latest_only to 2025-11-16 04:00:00+00:00, run_after=2025-11-16 08:00:00+00:00
[2025-11-16T10:09:08.552+0000] {processor.py:208} INFO - Processing /home/airflow/.local/lib/python3.12/site-packages/airflow/example_dags/example_latest_only.py took 0.208 seconds
[2025-11-16T10:09:41.926+0000] {processor.py:186} INFO - Started process (PID=251) to work on /home/airflow/.local/lib/python3.12/site-packages/airflow/example_dags/example_latest_only.py
[2025-11-16T10:09:41.935+0000] {processor.py:914} INFO - Processing file /home/airflow/.local/lib/python3.12/site-packages/airflow/example_dags/example_latest_only.py for tasks to queue
[2025-11-16T10:09:41.944+0000] {logging_mixin.py:190} INFO - [2025-11-16T10:09:41.943+0000] {dagbag.py:588} INFO - Filling up the DagBag from /home/airflow/.local/lib/python3.12/site-packages/airflow/example_dags/example_latest_only.py
[2025-11-16T10:09:41.985+0000] {processor.py:925} INFO - DAG(s) 'latest_only' retrieved from /home/airflow/.local/lib/python3.12/site-packages/airflow/example_dags/example_latest_only.py
[2025-11-16T10:09:42.071+0000] {logging_mixin.py:190} INFO - [2025-11-16T10:09:42.070+0000] {dag.py:3239} INFO - Sync 1 DAGs
[2025-11-16T10:09:42.157+0000] {logging_mixin.py:190} INFO - [2025-11-16T10:09:42.156+0000] {dag.py:4180} INFO - Setting next_dagrun for latest_only to 2025-11-16 04:00:00+00:00, run_after=2025-11-16 08:00:00+00:00
[2025-11-16T10:09:42.217+0000] {processor.py:208} INFO - Processing /home/airflow/.local/lib/python3.12/site-packages/airflow/example_dags/example_latest_only.py took 0.317 seconds
[2025-11-16T10:10:14.381+0000] {processor.py:186} INFO - Started process (PID=316) to work on /home/airflow/.local/lib/python3.12/site-packages/airflow/example_dags/example_latest_only.py
[2025-11-16T10:10:14.383+0000] {processor.py:914} INFO - Processing file /home/airflow/.local/lib/python3.12/site-packages/airflow/example_dags/example_latest_only.py for tasks to queue
[2025-11-16T10:10:14.388+0000] {logging_mixin.py:190} INFO - [2025-11-16T10:10:14.387+0000] {dagbag.py:588} INFO - Filling up the DagBag from /home/airflow/.local/lib/python3.12/site-packages/airflow/example_dags/example_latest_only.py
[2025-11-16T10:10:14.402+0000] {processor.py:925} INFO - DAG(s) 'latest_only' retrieved from /home/airflow/.local/lib/python3.12/site-packages/airflow/example_dags/example_latest_only.py
[2025-11-16T10:10:14.449+0000] {logging_mixin.py:190} INFO - [2025-11-16T10:10:14.448+0000] {dag.py:3239} INFO - Sync 1 DAGs
[2025-11-16T10:10:14.512+0000] {logging_mixin.py:190} INFO - [2025-11-16T10:10:14.511+0000] {dag.py:4180} INFO - Setting next_dagrun for latest_only to 2025-11-16 04:00:00+00:00, run_after=2025-11-16 08:00:00+00:00
[2025-11-16T10:10:14.554+0000] {processor.py:208} INFO - Processing /home/airflow/.local/lib/python3.12/site-packages/airflow/example_dags/example_latest_only.py took 0.184 seconds
[2025-11-16T10:10:46.970+0000] {processor.py:186} INFO - Started process (PID=380) to work on /home/airflow/.local/lib/python3.12/site-packages/airflow/example_dags/example_latest_only.py
[2025-11-16T10:10:46.972+0000] {processor.py:914} INFO - Processing file /home/airflow/.local/lib/python3.12/site-packages/airflow/example_dags/example_latest_only.py for tasks to queue
[2025-11-16T10:10:46.980+0000] {logging_mixin.py:190} INFO - [2025-11-16T10:10:46.979+0000] {dagbag.py:588} INFO - Filling up the DagBag from /home/airflow/.local/lib/python3.12/site-packages/airflow/example_dags/example_latest_only.py
[2025-11-16T10:10:47.013+0000] {processor.py:925} INFO - DAG(s) 'latest_only' retrieved from /home/airflow/.local/lib/python3.12/site-packages/airflow/example_dags/example_latest_only.py
[2025-11-16T10:10:47.100+0000] {logging_mixin.py:190} INFO - [2025-11-16T10:10:47.100+0000] {dag.py:3239} INFO - Sync 1 DAGs
[2025-11-16T10:10:47.203+0000] {logging_mixin.py:190} INFO - [2025-11-16T10:10:47.202+0000] {dag.py:4180} INFO - Setting next_dagrun for latest_only to 2025-11-16 04:00:00+00:00, run_after=2025-11-16 08:00:00+00:00
[2025-11-16T10:10:47.258+0000] {processor.py:208} INFO - Processing /home/airflow/.local/lib/python3.12/site-packages/airflow/example_dags/example_latest_only.py took 0.312 seconds
