[2025-11-16T07:28:59.596+0000] {processor.py:186} INFO - Started process (PID=156) to work on /home/airflow/.local/lib/python3.12/site-packages/airflow/example_dags/example_skip_dag.py
[2025-11-16T07:28:59.598+0000] {processor.py:914} INFO - Processing file /home/airflow/.local/lib/python3.12/site-packages/airflow/example_dags/example_skip_dag.py for tasks to queue
[2025-11-16T07:28:59.604+0000] {logging_mixin.py:190} INFO - [2025-11-16T07:28:59.604+0000] {dagbag.py:588} INFO - Filling up the DagBag from /home/airflow/.local/lib/python3.12/site-packages/airflow/example_dags/example_skip_dag.py
[2025-11-16T07:28:59.633+0000] {processor.py:925} INFO - DAG(s) 'example_skip_dag' retrieved from /home/airflow/.local/lib/python3.12/site-packages/airflow/example_dags/example_skip_dag.py
[2025-11-16T07:28:59.721+0000] {logging_mixin.py:190} INFO - [2025-11-16T07:28:59.721+0000] {dag.py:3239} INFO - Sync 1 DAGs
[2025-11-16T07:28:59.777+0000] {logging_mixin.py:190} INFO - [2025-11-16T07:28:59.777+0000] {dag.py:4180} INFO - Setting next_dagrun for example_skip_dag to 2025-11-15 00:00:00+00:00, run_after=2025-11-16 00:00:00+00:00
[2025-11-16T07:28:59.868+0000] {processor.py:208} INFO - Processing /home/airflow/.local/lib/python3.12/site-packages/airflow/example_dags/example_skip_dag.py took 0.284 seconds
[2025-11-16T10:06:01.874+0000] {processor.py:186} INFO - Started process (PID=236) to work on /home/airflow/.local/lib/python3.12/site-packages/airflow/example_dags/example_skip_dag.py
[2025-11-16T10:06:01.876+0000] {processor.py:914} INFO - Processing file /home/airflow/.local/lib/python3.12/site-packages/airflow/example_dags/example_skip_dag.py for tasks to queue
[2025-11-16T10:06:01.879+0000] {logging_mixin.py:190} INFO - [2025-11-16T10:06:01.878+0000] {dagbag.py:588} INFO - Filling up the DagBag from /home/airflow/.local/lib/python3.12/site-packages/airflow/example_dags/example_skip_dag.py
[2025-11-16T10:06:01.898+0000] {processor.py:925} INFO - DAG(s) 'example_skip_dag' retrieved from /home/airflow/.local/lib/python3.12/site-packages/airflow/example_dags/example_skip_dag.py
[2025-11-16T10:06:01.944+0000] {logging_mixin.py:190} INFO - [2025-11-16T10:06:01.944+0000] {dag.py:3239} INFO - Sync 1 DAGs
[2025-11-16T10:06:02.019+0000] {logging_mixin.py:190} INFO - [2025-11-16T10:06:02.018+0000] {dag.py:4180} INFO - Setting next_dagrun for example_skip_dag to 2025-11-15 00:00:00+00:00, run_after=2025-11-16 00:00:00+00:00
[2025-11-16T10:06:02.061+0000] {processor.py:208} INFO - Processing /home/airflow/.local/lib/python3.12/site-packages/airflow/example_dags/example_skip_dag.py took 0.207 seconds
[2025-11-16T10:08:34.904+0000] {processor.py:186} INFO - Started process (PID=136) to work on /home/airflow/.local/lib/python3.12/site-packages/airflow/example_dags/example_skip_dag.py
[2025-11-16T10:08:34.907+0000] {processor.py:914} INFO - Processing file /home/airflow/.local/lib/python3.12/site-packages/airflow/example_dags/example_skip_dag.py for tasks to queue
[2025-11-16T10:08:34.913+0000] {logging_mixin.py:190} INFO - [2025-11-16T10:08:34.912+0000] {dagbag.py:588} INFO - Filling up the DagBag from /home/airflow/.local/lib/python3.12/site-packages/airflow/example_dags/example_skip_dag.py
[2025-11-16T10:08:34.945+0000] {processor.py:925} INFO - DAG(s) 'example_skip_dag' retrieved from /home/airflow/.local/lib/python3.12/site-packages/airflow/example_dags/example_skip_dag.py
[2025-11-16T10:08:35.017+0000] {logging_mixin.py:190} INFO - [2025-11-16T10:08:35.017+0000] {dag.py:3239} INFO - Sync 1 DAGs
[2025-11-16T10:08:35.098+0000] {logging_mixin.py:190} INFO - [2025-11-16T10:08:35.098+0000] {dag.py:4180} INFO - Setting next_dagrun for example_skip_dag to 2025-11-15 00:00:00+00:00, run_after=2025-11-16 00:00:00+00:00
[2025-11-16T10:08:35.171+0000] {processor.py:208} INFO - Processing /home/airflow/.local/lib/python3.12/site-packages/airflow/example_dags/example_skip_dag.py took 0.283 seconds
[2025-11-16T10:09:14.872+0000] {processor.py:186} INFO - Started process (PID=210) to work on /home/airflow/.local/lib/python3.12/site-packages/airflow/example_dags/example_skip_dag.py
[2025-11-16T10:09:14.874+0000] {processor.py:914} INFO - Processing file /home/airflow/.local/lib/python3.12/site-packages/airflow/example_dags/example_skip_dag.py for tasks to queue
[2025-11-16T10:09:14.883+0000] {logging_mixin.py:190} INFO - [2025-11-16T10:09:14.881+0000] {dagbag.py:588} INFO - Filling up the DagBag from /home/airflow/.local/lib/python3.12/site-packages/airflow/example_dags/example_skip_dag.py
[2025-11-16T10:09:14.909+0000] {processor.py:925} INFO - DAG(s) 'example_skip_dag' retrieved from /home/airflow/.local/lib/python3.12/site-packages/airflow/example_dags/example_skip_dag.py
[2025-11-16T10:09:14.972+0000] {logging_mixin.py:190} INFO - [2025-11-16T10:09:14.972+0000] {dag.py:3239} INFO - Sync 1 DAGs
[2025-11-16T10:09:15.040+0000] {logging_mixin.py:190} INFO - [2025-11-16T10:09:15.039+0000] {dag.py:4180} INFO - Setting next_dagrun for example_skip_dag to 2025-11-15 00:00:00+00:00, run_after=2025-11-16 00:00:00+00:00
[2025-11-16T10:09:15.109+0000] {processor.py:208} INFO - Processing /home/airflow/.local/lib/python3.12/site-packages/airflow/example_dags/example_skip_dag.py took 0.260 seconds
[2025-11-16T10:09:48.369+0000] {processor.py:186} INFO - Started process (PID=275) to work on /home/airflow/.local/lib/python3.12/site-packages/airflow/example_dags/example_skip_dag.py
[2025-11-16T10:09:48.372+0000] {processor.py:914} INFO - Processing file /home/airflow/.local/lib/python3.12/site-packages/airflow/example_dags/example_skip_dag.py for tasks to queue
[2025-11-16T10:09:48.379+0000] {logging_mixin.py:190} INFO - [2025-11-16T10:09:48.378+0000] {dagbag.py:588} INFO - Filling up the DagBag from /home/airflow/.local/lib/python3.12/site-packages/airflow/example_dags/example_skip_dag.py
[2025-11-16T10:09:48.408+0000] {processor.py:925} INFO - DAG(s) 'example_skip_dag' retrieved from /home/airflow/.local/lib/python3.12/site-packages/airflow/example_dags/example_skip_dag.py
[2025-11-16T10:09:48.468+0000] {logging_mixin.py:190} INFO - [2025-11-16T10:09:48.467+0000] {dag.py:3239} INFO - Sync 1 DAGs
[2025-11-16T10:09:48.527+0000] {logging_mixin.py:190} INFO - [2025-11-16T10:09:48.526+0000] {dag.py:4180} INFO - Setting next_dagrun for example_skip_dag to 2025-11-15 00:00:00+00:00, run_after=2025-11-16 00:00:00+00:00
[2025-11-16T10:09:48.573+0000] {processor.py:208} INFO - Processing /home/airflow/.local/lib/python3.12/site-packages/airflow/example_dags/example_skip_dag.py took 0.219 seconds
[2025-11-16T10:10:18.865+0000] {processor.py:186} INFO - Started process (PID=339) to work on /home/airflow/.local/lib/python3.12/site-packages/airflow/example_dags/example_skip_dag.py
[2025-11-16T10:10:18.867+0000] {processor.py:914} INFO - Processing file /home/airflow/.local/lib/python3.12/site-packages/airflow/example_dags/example_skip_dag.py for tasks to queue
[2025-11-16T10:10:18.873+0000] {logging_mixin.py:190} INFO - [2025-11-16T10:10:18.872+0000] {dagbag.py:588} INFO - Filling up the DagBag from /home/airflow/.local/lib/python3.12/site-packages/airflow/example_dags/example_skip_dag.py
[2025-11-16T10:10:18.892+0000] {processor.py:925} INFO - DAG(s) 'example_skip_dag' retrieved from /home/airflow/.local/lib/python3.12/site-packages/airflow/example_dags/example_skip_dag.py
[2025-11-16T10:10:18.929+0000] {logging_mixin.py:190} INFO - [2025-11-16T10:10:18.928+0000] {dag.py:3239} INFO - Sync 1 DAGs
[2025-11-16T10:10:18.984+0000] {logging_mixin.py:190} INFO - [2025-11-16T10:10:18.984+0000] {dag.py:4180} INFO - Setting next_dagrun for example_skip_dag to 2025-11-15 00:00:00+00:00, run_after=2025-11-16 00:00:00+00:00
[2025-11-16T10:10:19.024+0000] {processor.py:208} INFO - Processing /home/airflow/.local/lib/python3.12/site-packages/airflow/example_dags/example_skip_dag.py took 0.170 seconds
[2025-11-16T10:10:50.015+0000] {processor.py:186} INFO - Started process (PID=403) to work on /home/airflow/.local/lib/python3.12/site-packages/airflow/example_dags/example_skip_dag.py
[2025-11-16T10:10:50.017+0000] {processor.py:914} INFO - Processing file /home/airflow/.local/lib/python3.12/site-packages/airflow/example_dags/example_skip_dag.py for tasks to queue
[2025-11-16T10:10:50.021+0000] {logging_mixin.py:190} INFO - [2025-11-16T10:10:50.020+0000] {dagbag.py:588} INFO - Filling up the DagBag from /home/airflow/.local/lib/python3.12/site-packages/airflow/example_dags/example_skip_dag.py
[2025-11-16T10:10:50.038+0000] {processor.py:925} INFO - DAG(s) 'example_skip_dag' retrieved from /home/airflow/.local/lib/python3.12/site-packages/airflow/example_dags/example_skip_dag.py
[2025-11-16T10:10:50.077+0000] {logging_mixin.py:190} INFO - [2025-11-16T10:10:50.076+0000] {dag.py:3239} INFO - Sync 1 DAGs
[2025-11-16T10:10:50.121+0000] {logging_mixin.py:190} INFO - [2025-11-16T10:10:50.120+0000] {dag.py:4180} INFO - Setting next_dagrun for example_skip_dag to 2025-11-15 00:00:00+00:00, run_after=2025-11-16 00:00:00+00:00
[2025-11-16T10:10:50.153+0000] {processor.py:208} INFO - Processing /home/airflow/.local/lib/python3.12/site-packages/airflow/example_dags/example_skip_dag.py took 0.151 seconds
