[2025-11-16T07:28:49.023+0000] {processor.py:186} INFO - Started process (PID=143) to work on /home/airflow/.local/lib/python3.12/site-packages/airflow/example_dags/example_latest_only_with_trigger.py
[2025-11-16T07:28:49.025+0000] {processor.py:914} INFO - Processing file /home/airflow/.local/lib/python3.12/site-packages/airflow/example_dags/example_latest_only_with_trigger.py for tasks to queue
[2025-11-16T07:28:49.032+0000] {logging_mixin.py:190} INFO - [2025-11-16T07:28:49.031+0000] {dagbag.py:588} INFO - Filling up the DagBag from /home/airflow/.local/lib/python3.12/site-packages/airflow/example_dags/example_latest_only_with_trigger.py
[2025-11-16T07:28:49.070+0000] {processor.py:925} INFO - DAG(s) 'latest_only_with_trigger' retrieved from /home/airflow/.local/lib/python3.12/site-packages/airflow/example_dags/example_latest_only_with_trigger.py
[2025-11-16T07:28:49.155+0000] {logging_mixin.py:190} INFO - [2025-11-16T07:28:49.154+0000] {dag.py:3239} INFO - Sync 1 DAGs
[2025-11-16T07:28:49.282+0000] {logging_mixin.py:190} INFO - [2025-11-16T07:28:49.282+0000] {dag.py:4180} INFO - Setting next_dagrun for latest_only_with_trigger to 2025-11-16 00:00:00+00:00, run_after=2025-11-16 04:00:00+00:00
[2025-11-16T07:28:49.339+0000] {processor.py:208} INFO - Processing /home/airflow/.local/lib/python3.12/site-packages/airflow/example_dags/example_latest_only_with_trigger.py took 0.329 seconds
[2025-11-16T10:05:59.161+0000] {processor.py:186} INFO - Started process (PID=223) to work on /home/airflow/.local/lib/python3.12/site-packages/airflow/example_dags/example_latest_only_with_trigger.py
[2025-11-16T10:05:59.163+0000] {processor.py:914} INFO - Processing file /home/airflow/.local/lib/python3.12/site-packages/airflow/example_dags/example_latest_only_with_trigger.py for tasks to queue
[2025-11-16T10:05:59.167+0000] {logging_mixin.py:190} INFO - [2025-11-16T10:05:59.166+0000] {dagbag.py:588} INFO - Filling up the DagBag from /home/airflow/.local/lib/python3.12/site-packages/airflow/example_dags/example_latest_only_with_trigger.py
[2025-11-16T10:05:59.186+0000] {processor.py:925} INFO - DAG(s) 'latest_only_with_trigger' retrieved from /home/airflow/.local/lib/python3.12/site-packages/airflow/example_dags/example_latest_only_with_trigger.py
[2025-11-16T10:05:59.231+0000] {logging_mixin.py:190} INFO - [2025-11-16T10:05:59.231+0000] {dag.py:3239} INFO - Sync 1 DAGs
[2025-11-16T10:05:59.331+0000] {logging_mixin.py:190} INFO - [2025-11-16T10:05:59.331+0000] {dag.py:4180} INFO - Setting next_dagrun for latest_only_with_trigger to 2025-11-16 04:00:00+00:00, run_after=2025-11-16 08:00:00+00:00
[2025-11-16T10:05:59.483+0000] {processor.py:208} INFO - Processing /home/airflow/.local/lib/python3.12/site-packages/airflow/example_dags/example_latest_only_with_trigger.py took 0.336 seconds
[2025-11-16T10:08:29.913+0000] {processor.py:186} INFO - Started process (PID=123) to work on /home/airflow/.local/lib/python3.12/site-packages/airflow/example_dags/example_latest_only_with_trigger.py
[2025-11-16T10:08:29.937+0000] {processor.py:914} INFO - Processing file /home/airflow/.local/lib/python3.12/site-packages/airflow/example_dags/example_latest_only_with_trigger.py for tasks to queue
[2025-11-16T10:08:29.945+0000] {logging_mixin.py:190} INFO - [2025-11-16T10:08:29.944+0000] {dagbag.py:588} INFO - Filling up the DagBag from /home/airflow/.local/lib/python3.12/site-packages/airflow/example_dags/example_latest_only_with_trigger.py
[2025-11-16T10:08:30.049+0000] {processor.py:925} INFO - DAG(s) 'latest_only_with_trigger' retrieved from /home/airflow/.local/lib/python3.12/site-packages/airflow/example_dags/example_latest_only_with_trigger.py
[2025-11-16T10:08:30.186+0000] {logging_mixin.py:190} INFO - [2025-11-16T10:08:30.181+0000] {dag.py:3239} INFO - Sync 1 DAGs
[2025-11-16T10:08:30.344+0000] {logging_mixin.py:190} INFO - [2025-11-16T10:08:30.344+0000] {dag.py:4180} INFO - Setting next_dagrun for latest_only_with_trigger to 2025-11-16 04:00:00+00:00, run_after=2025-11-16 08:00:00+00:00
[2025-11-16T10:08:30.449+0000] {processor.py:208} INFO - Processing /home/airflow/.local/lib/python3.12/site-packages/airflow/example_dags/example_latest_only_with_trigger.py took 0.586 seconds
[2025-11-16T10:09:11.253+0000] {processor.py:186} INFO - Started process (PID=197) to work on /home/airflow/.local/lib/python3.12/site-packages/airflow/example_dags/example_latest_only_with_trigger.py
[2025-11-16T10:09:11.257+0000] {processor.py:914} INFO - Processing file /home/airflow/.local/lib/python3.12/site-packages/airflow/example_dags/example_latest_only_with_trigger.py for tasks to queue
[2025-11-16T10:09:11.267+0000] {logging_mixin.py:190} INFO - [2025-11-16T10:09:11.265+0000] {dagbag.py:588} INFO - Filling up the DagBag from /home/airflow/.local/lib/python3.12/site-packages/airflow/example_dags/example_latest_only_with_trigger.py
[2025-11-16T10:09:11.317+0000] {processor.py:925} INFO - DAG(s) 'latest_only_with_trigger' retrieved from /home/airflow/.local/lib/python3.12/site-packages/airflow/example_dags/example_latest_only_with_trigger.py
[2025-11-16T10:09:11.382+0000] {logging_mixin.py:190} INFO - [2025-11-16T10:09:11.381+0000] {dag.py:3239} INFO - Sync 1 DAGs
[2025-11-16T10:09:11.483+0000] {logging_mixin.py:190} INFO - [2025-11-16T10:09:11.482+0000] {dag.py:4180} INFO - Setting next_dagrun for latest_only_with_trigger to 2025-11-16 04:00:00+00:00, run_after=2025-11-16 08:00:00+00:00
[2025-11-16T10:09:11.587+0000] {processor.py:208} INFO - Processing /home/airflow/.local/lib/python3.12/site-packages/airflow/example_dags/example_latest_only_with_trigger.py took 0.372 seconds
[2025-11-16T10:09:46.841+0000] {processor.py:186} INFO - Started process (PID=263) to work on /home/airflow/.local/lib/python3.12/site-packages/airflow/example_dags/example_latest_only_with_trigger.py
[2025-11-16T10:09:46.844+0000] {processor.py:914} INFO - Processing file /home/airflow/.local/lib/python3.12/site-packages/airflow/example_dags/example_latest_only_with_trigger.py for tasks to queue
[2025-11-16T10:09:46.850+0000] {logging_mixin.py:190} INFO - [2025-11-16T10:09:46.849+0000] {dagbag.py:588} INFO - Filling up the DagBag from /home/airflow/.local/lib/python3.12/site-packages/airflow/example_dags/example_latest_only_with_trigger.py
[2025-11-16T10:09:46.870+0000] {processor.py:925} INFO - DAG(s) 'latest_only_with_trigger' retrieved from /home/airflow/.local/lib/python3.12/site-packages/airflow/example_dags/example_latest_only_with_trigger.py
[2025-11-16T10:09:46.924+0000] {logging_mixin.py:190} INFO - [2025-11-16T10:09:46.924+0000] {dag.py:3239} INFO - Sync 1 DAGs
[2025-11-16T10:09:46.990+0000] {logging_mixin.py:190} INFO - [2025-11-16T10:09:46.989+0000] {dag.py:4180} INFO - Setting next_dagrun for latest_only_with_trigger to 2025-11-16 04:00:00+00:00, run_after=2025-11-16 08:00:00+00:00
[2025-11-16T10:09:47.049+0000] {processor.py:208} INFO - Processing /home/airflow/.local/lib/python3.12/site-packages/airflow/example_dags/example_latest_only_with_trigger.py took 0.223 seconds
[2025-11-16T10:10:17.652+0000] {processor.py:186} INFO - Started process (PID=327) to work on /home/airflow/.local/lib/python3.12/site-packages/airflow/example_dags/example_latest_only_with_trigger.py
[2025-11-16T10:10:17.656+0000] {processor.py:914} INFO - Processing file /home/airflow/.local/lib/python3.12/site-packages/airflow/example_dags/example_latest_only_with_trigger.py for tasks to queue
[2025-11-16T10:10:17.665+0000] {logging_mixin.py:190} INFO - [2025-11-16T10:10:17.664+0000] {dagbag.py:588} INFO - Filling up the DagBag from /home/airflow/.local/lib/python3.12/site-packages/airflow/example_dags/example_latest_only_with_trigger.py
[2025-11-16T10:10:17.690+0000] {processor.py:925} INFO - DAG(s) 'latest_only_with_trigger' retrieved from /home/airflow/.local/lib/python3.12/site-packages/airflow/example_dags/example_latest_only_with_trigger.py
[2025-11-16T10:10:17.741+0000] {logging_mixin.py:190} INFO - [2025-11-16T10:10:17.741+0000] {dag.py:3239} INFO - Sync 1 DAGs
[2025-11-16T10:10:17.815+0000] {logging_mixin.py:190} INFO - [2025-11-16T10:10:17.814+0000] {dag.py:4180} INFO - Setting next_dagrun for latest_only_with_trigger to 2025-11-16 04:00:00+00:00, run_after=2025-11-16 08:00:00+00:00
[2025-11-16T10:10:17.874+0000] {processor.py:208} INFO - Processing /home/airflow/.local/lib/python3.12/site-packages/airflow/example_dags/example_latest_only_with_trigger.py took 0.238 seconds
[2025-11-16T10:10:48.458+0000] {processor.py:186} INFO - Started process (PID=391) to work on /home/airflow/.local/lib/python3.12/site-packages/airflow/example_dags/example_latest_only_with_trigger.py
[2025-11-16T10:10:48.460+0000] {processor.py:914} INFO - Processing file /home/airflow/.local/lib/python3.12/site-packages/airflow/example_dags/example_latest_only_with_trigger.py for tasks to queue
[2025-11-16T10:10:48.463+0000] {logging_mixin.py:190} INFO - [2025-11-16T10:10:48.462+0000] {dagbag.py:588} INFO - Filling up the DagBag from /home/airflow/.local/lib/python3.12/site-packages/airflow/example_dags/example_latest_only_with_trigger.py
[2025-11-16T10:10:48.481+0000] {processor.py:925} INFO - DAG(s) 'latest_only_with_trigger' retrieved from /home/airflow/.local/lib/python3.12/site-packages/airflow/example_dags/example_latest_only_with_trigger.py
[2025-11-16T10:10:48.525+0000] {logging_mixin.py:190} INFO - [2025-11-16T10:10:48.524+0000] {dag.py:3239} INFO - Sync 1 DAGs
[2025-11-16T10:10:48.594+0000] {logging_mixin.py:190} INFO - [2025-11-16T10:10:48.594+0000] {dag.py:4180} INFO - Setting next_dagrun for latest_only_with_trigger to 2025-11-16 04:00:00+00:00, run_after=2025-11-16 08:00:00+00:00
[2025-11-16T10:10:48.642+0000] {processor.py:208} INFO - Processing /home/airflow/.local/lib/python3.12/site-packages/airflow/example_dags/example_latest_only_with_trigger.py took 0.195 seconds
