[2025-11-16T00:04:39.170+0000] {processor.py:186} INFO - Started process (PID=3785) to work on /home/airflow/.local/lib/python3.12/site-packages/airflow/example_dags/example_trigger_target_dag.py
[2025-11-16T00:04:39.172+0000] {processor.py:914} INFO - Processing file /home/airflow/.local/lib/python3.12/site-packages/airflow/example_dags/example_trigger_target_dag.py for tasks to queue
[2025-11-16T00:04:39.176+0000] {logging_mixin.py:190} INFO - [2025-11-16T00:04:39.175+0000] {dagbag.py:588} INFO - Filling up the DagBag from /home/airflow/.local/lib/python3.12/site-packages/airflow/example_dags/example_trigger_target_dag.py
[2025-11-16T00:04:39.192+0000] {processor.py:925} INFO - DAG(s) 'example_trigger_target_dag' retrieved from /home/airflow/.local/lib/python3.12/site-packages/airflow/example_dags/example_trigger_target_dag.py
[2025-11-16T00:04:39.258+0000] {logging_mixin.py:190} INFO - [2025-11-16T00:04:39.258+0000] {dag.py:3239} INFO - Sync 1 DAGs
[2025-11-16T00:04:39.303+0000] {logging_mixin.py:190} INFO - [2025-11-16T00:04:39.302+0000] {dag.py:4180} INFO - Setting next_dagrun for example_trigger_target_dag to None, run_after=None
[2025-11-16T00:04:39.363+0000] {processor.py:208} INFO - Processing /home/airflow/.local/lib/python3.12/site-packages/airflow/example_dags/example_trigger_target_dag.py took 0.209 seconds
[2025-11-16T07:28:38.248+0000] {processor.py:186} INFO - Started process (PID=109) to work on /home/airflow/.local/lib/python3.12/site-packages/airflow/example_dags/example_trigger_target_dag.py
[2025-11-16T07:28:38.251+0000] {processor.py:914} INFO - Processing file /home/airflow/.local/lib/python3.12/site-packages/airflow/example_dags/example_trigger_target_dag.py for tasks to queue
[2025-11-16T07:28:38.269+0000] {logging_mixin.py:190} INFO - [2025-11-16T07:28:38.268+0000] {dagbag.py:588} INFO - Filling up the DagBag from /home/airflow/.local/lib/python3.12/site-packages/airflow/example_dags/example_trigger_target_dag.py
[2025-11-16T07:28:38.317+0000] {processor.py:925} INFO - DAG(s) 'example_trigger_target_dag' retrieved from /home/airflow/.local/lib/python3.12/site-packages/airflow/example_dags/example_trigger_target_dag.py
[2025-11-16T07:32:31.405+0000] {logging_mixin.py:190} INFO - [2025-11-16T07:32:31.404+0000] {dag.py:3239} INFO - Sync 1 DAGs
[2025-11-16T07:32:31.473+0000] {logging_mixin.py:190} INFO - [2025-11-16T07:32:31.470+0000] {dag.py:4180} INFO - Setting next_dagrun for example_trigger_target_dag to None, run_after=None
[2025-11-16T07:28:38.553+0000] {processor.py:208} INFO - Processing /home/airflow/.local/lib/python3.12/site-packages/airflow/example_dags/example_trigger_target_dag.py took 0.422 seconds
[2025-11-16T10:05:43.859+0000] {processor.py:186} INFO - Started process (PID=189) to work on /home/airflow/.local/lib/python3.12/site-packages/airflow/example_dags/example_trigger_target_dag.py
[2025-11-16T10:05:43.880+0000] {processor.py:914} INFO - Processing file /home/airflow/.local/lib/python3.12/site-packages/airflow/example_dags/example_trigger_target_dag.py for tasks to queue
[2025-11-16T10:05:43.910+0000] {logging_mixin.py:190} INFO - [2025-11-16T10:05:43.909+0000] {dagbag.py:588} INFO - Filling up the DagBag from /home/airflow/.local/lib/python3.12/site-packages/airflow/example_dags/example_trigger_target_dag.py
[2025-11-16T10:05:43.993+0000] {processor.py:925} INFO - DAG(s) 'example_trigger_target_dag' retrieved from /home/airflow/.local/lib/python3.12/site-packages/airflow/example_dags/example_trigger_target_dag.py
[2025-11-16T10:05:44.092+0000] {logging_mixin.py:190} INFO - [2025-11-16T10:05:44.091+0000] {dag.py:3239} INFO - Sync 1 DAGs
[2025-11-16T10:05:44.168+0000] {logging_mixin.py:190} INFO - [2025-11-16T10:05:44.167+0000] {dag.py:4180} INFO - Setting next_dagrun for example_trigger_target_dag to None, run_after=None
[2025-11-16T10:05:44.363+0000] {processor.py:208} INFO - Processing /home/airflow/.local/lib/python3.12/site-packages/airflow/example_dags/example_trigger_target_dag.py took 0.546 seconds
[2025-11-16T10:06:15.541+0000] {processor.py:186} INFO - Started process (PID=254) to work on /home/airflow/.local/lib/python3.12/site-packages/airflow/example_dags/example_trigger_target_dag.py
[2025-11-16T10:06:15.547+0000] {processor.py:914} INFO - Processing file /home/airflow/.local/lib/python3.12/site-packages/airflow/example_dags/example_trigger_target_dag.py for tasks to queue
[2025-11-16T10:06:15.553+0000] {logging_mixin.py:190} INFO - [2025-11-16T10:06:15.552+0000] {dagbag.py:588} INFO - Filling up the DagBag from /home/airflow/.local/lib/python3.12/site-packages/airflow/example_dags/example_trigger_target_dag.py
[2025-11-16T10:06:15.615+0000] {processor.py:925} INFO - DAG(s) 'example_trigger_target_dag' retrieved from /home/airflow/.local/lib/python3.12/site-packages/airflow/example_dags/example_trigger_target_dag.py
[2025-11-16T10:06:15.792+0000] {logging_mixin.py:190} INFO - [2025-11-16T10:06:15.791+0000] {dag.py:3239} INFO - Sync 1 DAGs
[2025-11-16T10:06:15.872+0000] {logging_mixin.py:190} INFO - [2025-11-16T10:06:15.866+0000] {dag.py:4180} INFO - Setting next_dagrun for example_trigger_target_dag to None, run_after=None
[2025-11-16T10:06:15.930+0000] {processor.py:208} INFO - Processing /home/airflow/.local/lib/python3.12/site-packages/airflow/example_dags/example_trigger_target_dag.py took 0.408 seconds
[2025-11-16T10:08:17.776+0000] {processor.py:186} INFO - Started process (PID=95) to work on /home/airflow/.local/lib/python3.12/site-packages/airflow/example_dags/example_trigger_target_dag.py
[2025-11-16T10:08:17.783+0000] {processor.py:914} INFO - Processing file /home/airflow/.local/lib/python3.12/site-packages/airflow/example_dags/example_trigger_target_dag.py for tasks to queue
[2025-11-16T10:08:17.790+0000] {logging_mixin.py:190} INFO - [2025-11-16T10:08:17.789+0000] {dagbag.py:588} INFO - Filling up the DagBag from /home/airflow/.local/lib/python3.12/site-packages/airflow/example_dags/example_trigger_target_dag.py
[2025-11-16T10:08:17.820+0000] {processor.py:925} INFO - DAG(s) 'example_trigger_target_dag' retrieved from /home/airflow/.local/lib/python3.12/site-packages/airflow/example_dags/example_trigger_target_dag.py
[2025-11-16T10:08:17.900+0000] {logging_mixin.py:190} INFO - [2025-11-16T10:08:17.899+0000] {dag.py:3239} INFO - Sync 1 DAGs
[2025-11-16T10:08:17.956+0000] {logging_mixin.py:190} INFO - [2025-11-16T10:08:17.956+0000] {dag.py:4180} INFO - Setting next_dagrun for example_trigger_target_dag to None, run_after=None
[2025-11-16T10:08:18.032+0000] {processor.py:208} INFO - Processing /home/airflow/.local/lib/python3.12/site-packages/airflow/example_dags/example_trigger_target_dag.py took 0.272 seconds
[2025-11-16T10:09:01.630+0000] {processor.py:186} INFO - Started process (PID=163) to work on /home/airflow/.local/lib/python3.12/site-packages/airflow/example_dags/example_trigger_target_dag.py
[2025-11-16T10:09:01.649+0000] {processor.py:914} INFO - Processing file /home/airflow/.local/lib/python3.12/site-packages/airflow/example_dags/example_trigger_target_dag.py for tasks to queue
[2025-11-16T10:09:01.668+0000] {logging_mixin.py:190} INFO - [2025-11-16T10:09:01.663+0000] {dagbag.py:588} INFO - Filling up the DagBag from /home/airflow/.local/lib/python3.12/site-packages/airflow/example_dags/example_trigger_target_dag.py
[2025-11-16T10:09:01.822+0000] {processor.py:925} INFO - DAG(s) 'example_trigger_target_dag' retrieved from /home/airflow/.local/lib/python3.12/site-packages/airflow/example_dags/example_trigger_target_dag.py
[2025-11-16T10:09:02.053+0000] {logging_mixin.py:190} INFO - [2025-11-16T10:09:02.052+0000] {dag.py:3239} INFO - Sync 1 DAGs
[2025-11-16T10:09:02.257+0000] {logging_mixin.py:190} INFO - [2025-11-16T10:09:02.256+0000] {dag.py:4180} INFO - Setting next_dagrun for example_trigger_target_dag to None, run_after=None
[2025-11-16T10:09:02.443+0000] {processor.py:208} INFO - Processing /home/airflow/.local/lib/python3.12/site-packages/airflow/example_dags/example_trigger_target_dag.py took 0.854 seconds
[2025-11-16T10:09:37.507+0000] {processor.py:186} INFO - Started process (PID=236) to work on /home/airflow/.local/lib/python3.12/site-packages/airflow/example_dags/example_trigger_target_dag.py
[2025-11-16T10:09:37.511+0000] {processor.py:914} INFO - Processing file /home/airflow/.local/lib/python3.12/site-packages/airflow/example_dags/example_trigger_target_dag.py for tasks to queue
[2025-11-16T10:09:37.521+0000] {logging_mixin.py:190} INFO - [2025-11-16T10:09:37.520+0000] {dagbag.py:588} INFO - Filling up the DagBag from /home/airflow/.local/lib/python3.12/site-packages/airflow/example_dags/example_trigger_target_dag.py
[2025-11-16T10:09:37.553+0000] {processor.py:925} INFO - DAG(s) 'example_trigger_target_dag' retrieved from /home/airflow/.local/lib/python3.12/site-packages/airflow/example_dags/example_trigger_target_dag.py
[2025-11-16T10:09:37.639+0000] {logging_mixin.py:190} INFO - [2025-11-16T10:09:37.639+0000] {dag.py:3239} INFO - Sync 1 DAGs
[2025-11-16T10:09:37.724+0000] {logging_mixin.py:190} INFO - [2025-11-16T10:09:37.723+0000] {dag.py:4180} INFO - Setting next_dagrun for example_trigger_target_dag to None, run_after=None
[2025-11-16T10:09:37.788+0000] {processor.py:208} INFO - Processing /home/airflow/.local/lib/python3.12/site-packages/airflow/example_dags/example_trigger_target_dag.py took 0.316 seconds
[2025-11-16T10:10:09.296+0000] {processor.py:186} INFO - Started process (PID=300) to work on /home/airflow/.local/lib/python3.12/site-packages/airflow/example_dags/example_trigger_target_dag.py
[2025-11-16T10:10:09.298+0000] {processor.py:914} INFO - Processing file /home/airflow/.local/lib/python3.12/site-packages/airflow/example_dags/example_trigger_target_dag.py for tasks to queue
[2025-11-16T10:10:09.305+0000] {logging_mixin.py:190} INFO - [2025-11-16T10:10:09.303+0000] {dagbag.py:588} INFO - Filling up the DagBag from /home/airflow/.local/lib/python3.12/site-packages/airflow/example_dags/example_trigger_target_dag.py
[2025-11-16T10:10:09.322+0000] {processor.py:925} INFO - DAG(s) 'example_trigger_target_dag' retrieved from /home/airflow/.local/lib/python3.12/site-packages/airflow/example_dags/example_trigger_target_dag.py
[2025-11-16T10:10:09.360+0000] {logging_mixin.py:190} INFO - [2025-11-16T10:10:09.360+0000] {dag.py:3239} INFO - Sync 1 DAGs
[2025-11-16T10:10:09.387+0000] {logging_mixin.py:190} INFO - [2025-11-16T10:10:09.387+0000] {dag.py:4180} INFO - Setting next_dagrun for example_trigger_target_dag to None, run_after=None
[2025-11-16T10:10:09.419+0000] {processor.py:208} INFO - Processing /home/airflow/.local/lib/python3.12/site-packages/airflow/example_dags/example_trigger_target_dag.py took 0.136 seconds
[2025-11-16T10:10:40.829+0000] {processor.py:186} INFO - Started process (PID=364) to work on /home/airflow/.local/lib/python3.12/site-packages/airflow/example_dags/example_trigger_target_dag.py
[2025-11-16T10:10:40.831+0000] {processor.py:914} INFO - Processing file /home/airflow/.local/lib/python3.12/site-packages/airflow/example_dags/example_trigger_target_dag.py for tasks to queue
[2025-11-16T10:10:40.835+0000] {logging_mixin.py:190} INFO - [2025-11-16T10:10:40.835+0000] {dagbag.py:588} INFO - Filling up the DagBag from /home/airflow/.local/lib/python3.12/site-packages/airflow/example_dags/example_trigger_target_dag.py
[2025-11-16T10:10:40.848+0000] {processor.py:925} INFO - DAG(s) 'example_trigger_target_dag' retrieved from /home/airflow/.local/lib/python3.12/site-packages/airflow/example_dags/example_trigger_target_dag.py
[2025-11-16T10:10:40.884+0000] {logging_mixin.py:190} INFO - [2025-11-16T10:10:40.883+0000] {dag.py:3239} INFO - Sync 1 DAGs
[2025-11-16T10:10:40.907+0000] {logging_mixin.py:190} INFO - [2025-11-16T10:10:40.907+0000] {dag.py:4180} INFO - Setting next_dagrun for example_trigger_target_dag to None, run_after=None
[2025-11-16T10:10:40.938+0000] {processor.py:208} INFO - Processing /home/airflow/.local/lib/python3.12/site-packages/airflow/example_dags/example_trigger_target_dag.py took 0.120 seconds
