[2025-11-16T00:05:20.592+0000] {processor.py:186} INFO - Started process (PID=3797) to work on /home/airflow/.local/lib/python3.12/site-packages/airflow/example_dags/example_setup_teardown_taskflow.py
[2025-11-16T00:05:20.595+0000] {processor.py:914} INFO - Processing file /home/airflow/.local/lib/python3.12/site-packages/airflow/example_dags/example_setup_teardown_taskflow.py for tasks to queue
[2025-11-16T00:05:20.608+0000] {logging_mixin.py:190} INFO - [2025-11-16T00:05:20.607+0000] {dagbag.py:588} INFO - Filling up the DagBag from /home/airflow/.local/lib/python3.12/site-packages/airflow/example_dags/example_setup_teardown_taskflow.py
[2025-11-16T00:05:20.810+0000] {processor.py:925} INFO - DAG(s) 'example_setup_teardown_taskflow' retrieved from /home/airflow/.local/lib/python3.12/site-packages/airflow/example_dags/example_setup_teardown_taskflow.py
[2025-11-16T00:05:22.212+0000] {logging_mixin.py:190} INFO - [2025-11-16T00:05:22.206+0000] {dag.py:3239} INFO - Sync 1 DAGs
[2025-11-16T00:09:04.715+0000] {logging_mixin.py:190} INFO - [2025-11-16T00:09:04.714+0000] {dag.py:4180} INFO - Setting next_dagrun for example_setup_teardown_taskflow to None, run_after=None
[2025-11-16T00:05:22.438+0000] {processor.py:208} INFO - Processing /home/airflow/.local/lib/python3.12/site-packages/airflow/example_dags/example_setup_teardown_taskflow.py took 2.077 seconds
[2025-11-16T07:28:43.680+0000] {processor.py:186} INFO - Started process (PID=127) to work on /home/airflow/.local/lib/python3.12/site-packages/airflow/example_dags/example_setup_teardown_taskflow.py
[2025-11-16T07:28:43.683+0000] {processor.py:914} INFO - Processing file /home/airflow/.local/lib/python3.12/site-packages/airflow/example_dags/example_setup_teardown_taskflow.py for tasks to queue
[2025-11-16T07:28:43.689+0000] {logging_mixin.py:190} INFO - [2025-11-16T07:28:43.689+0000] {dagbag.py:588} INFO - Filling up the DagBag from /home/airflow/.local/lib/python3.12/site-packages/airflow/example_dags/example_setup_teardown_taskflow.py
[2025-11-16T07:28:43.736+0000] {processor.py:925} INFO - DAG(s) 'example_setup_teardown_taskflow' retrieved from /home/airflow/.local/lib/python3.12/site-packages/airflow/example_dags/example_setup_teardown_taskflow.py
[2025-11-16T07:28:43.799+0000] {logging_mixin.py:190} INFO - [2025-11-16T07:28:43.798+0000] {dag.py:3239} INFO - Sync 1 DAGs
[2025-11-16T07:28:43.842+0000] {logging_mixin.py:190} INFO - [2025-11-16T07:28:43.842+0000] {dag.py:4180} INFO - Setting next_dagrun for example_setup_teardown_taskflow to None, run_after=None
[2025-11-16T07:28:43.896+0000] {processor.py:208} INFO - Processing /home/airflow/.local/lib/python3.12/site-packages/airflow/example_dags/example_setup_teardown_taskflow.py took 0.231 seconds
[2025-11-16T10:05:55.669+0000] {processor.py:186} INFO - Started process (PID=201) to work on /home/airflow/.local/lib/python3.12/site-packages/airflow/example_dags/example_setup_teardown_taskflow.py
[2025-11-16T10:05:55.671+0000] {processor.py:914} INFO - Processing file /home/airflow/.local/lib/python3.12/site-packages/airflow/example_dags/example_setup_teardown_taskflow.py for tasks to queue
[2025-11-16T10:05:55.686+0000] {logging_mixin.py:190} INFO - [2025-11-16T10:05:55.684+0000] {dagbag.py:588} INFO - Filling up the DagBag from /home/airflow/.local/lib/python3.12/site-packages/airflow/example_dags/example_setup_teardown_taskflow.py
[2025-11-16T10:05:55.713+0000] {processor.py:925} INFO - DAG(s) 'example_setup_teardown_taskflow' retrieved from /home/airflow/.local/lib/python3.12/site-packages/airflow/example_dags/example_setup_teardown_taskflow.py
[2025-11-16T10:09:52.188+0000] {logging_mixin.py:190} INFO - [2025-11-16T10:09:52.188+0000] {dag.py:3239} INFO - Sync 1 DAGs
[2025-11-16T10:09:52.238+0000] {logging_mixin.py:190} INFO - [2025-11-16T10:09:52.237+0000] {dag.py:4180} INFO - Setting next_dagrun for example_setup_teardown_taskflow to None, run_after=None
[2025-11-16T10:08:23.342+0000] {processor.py:186} INFO - Started process (PID=107) to work on /home/airflow/.local/lib/python3.12/site-packages/airflow/example_dags/example_setup_teardown_taskflow.py
[2025-11-16T10:08:23.349+0000] {processor.py:914} INFO - Processing file /home/airflow/.local/lib/python3.12/site-packages/airflow/example_dags/example_setup_teardown_taskflow.py for tasks to queue
[2025-11-16T10:08:23.357+0000] {logging_mixin.py:190} INFO - [2025-11-16T10:08:23.356+0000] {dagbag.py:588} INFO - Filling up the DagBag from /home/airflow/.local/lib/python3.12/site-packages/airflow/example_dags/example_setup_teardown_taskflow.py
[2025-11-16T10:08:23.407+0000] {processor.py:925} INFO - DAG(s) 'example_setup_teardown_taskflow' retrieved from /home/airflow/.local/lib/python3.12/site-packages/airflow/example_dags/example_setup_teardown_taskflow.py
[2025-11-16T10:08:24.363+0000] {logging_mixin.py:190} INFO - [2025-11-16T10:08:24.361+0000] {dag.py:3239} INFO - Sync 1 DAGs
[2025-11-16T10:08:24.466+0000] {logging_mixin.py:190} INFO - [2025-11-16T10:08:24.455+0000] {dag.py:4180} INFO - Setting next_dagrun for example_setup_teardown_taskflow to None, run_after=None
[2025-11-16T10:08:24.675+0000] {processor.py:208} INFO - Processing /home/airflow/.local/lib/python3.12/site-packages/airflow/example_dags/example_setup_teardown_taskflow.py took 1.382 seconds
[2025-11-16T10:09:07.962+0000] {processor.py:186} INFO - Started process (PID=175) to work on /home/airflow/.local/lib/python3.12/site-packages/airflow/example_dags/example_setup_teardown_taskflow.py
[2025-11-16T10:09:07.964+0000] {processor.py:914} INFO - Processing file /home/airflow/.local/lib/python3.12/site-packages/airflow/example_dags/example_setup_teardown_taskflow.py for tasks to queue
[2025-11-16T10:09:07.975+0000] {logging_mixin.py:190} INFO - [2025-11-16T10:09:07.971+0000] {dagbag.py:588} INFO - Filling up the DagBag from /home/airflow/.local/lib/python3.12/site-packages/airflow/example_dags/example_setup_teardown_taskflow.py
[2025-11-16T10:09:08.010+0000] {processor.py:925} INFO - DAG(s) 'example_setup_teardown_taskflow' retrieved from /home/airflow/.local/lib/python3.12/site-packages/airflow/example_dags/example_setup_teardown_taskflow.py
[2025-11-16T10:09:08.072+0000] {logging_mixin.py:190} INFO - [2025-11-16T10:09:08.071+0000] {dag.py:3239} INFO - Sync 1 DAGs
[2025-11-16T10:09:08.113+0000] {logging_mixin.py:190} INFO - [2025-11-16T10:09:08.112+0000] {dag.py:4180} INFO - Setting next_dagrun for example_setup_teardown_taskflow to None, run_after=None
[2025-11-16T10:09:08.170+0000] {processor.py:208} INFO - Processing /home/airflow/.local/lib/python3.12/site-packages/airflow/example_dags/example_setup_teardown_taskflow.py took 0.225 seconds
[2025-11-16T10:09:41.276+0000] {processor.py:186} INFO - Started process (PID=248) to work on /home/airflow/.local/lib/python3.12/site-packages/airflow/example_dags/example_setup_teardown_taskflow.py
[2025-11-16T10:09:41.279+0000] {processor.py:914} INFO - Processing file /home/airflow/.local/lib/python3.12/site-packages/airflow/example_dags/example_setup_teardown_taskflow.py for tasks to queue
[2025-11-16T10:09:41.286+0000] {logging_mixin.py:190} INFO - [2025-11-16T10:09:41.285+0000] {dagbag.py:588} INFO - Filling up the DagBag from /home/airflow/.local/lib/python3.12/site-packages/airflow/example_dags/example_setup_teardown_taskflow.py
[2025-11-16T10:09:41.329+0000] {processor.py:925} INFO - DAG(s) 'example_setup_teardown_taskflow' retrieved from /home/airflow/.local/lib/python3.12/site-packages/airflow/example_dags/example_setup_teardown_taskflow.py
[2025-11-16T10:09:41.400+0000] {logging_mixin.py:190} INFO - [2025-11-16T10:09:41.400+0000] {dag.py:3239} INFO - Sync 1 DAGs
[2025-11-16T10:09:41.469+0000] {logging_mixin.py:190} INFO - [2025-11-16T10:09:41.468+0000] {dag.py:4180} INFO - Setting next_dagrun for example_setup_teardown_taskflow to None, run_after=None
[2025-11-16T10:09:41.544+0000] {processor.py:208} INFO - Processing /home/airflow/.local/lib/python3.12/site-packages/airflow/example_dags/example_setup_teardown_taskflow.py took 0.288 seconds
[2025-11-16T10:10:13.813+0000] {processor.py:186} INFO - Started process (PID=312) to work on /home/airflow/.local/lib/python3.12/site-packages/airflow/example_dags/example_setup_teardown_taskflow.py
[2025-11-16T10:10:13.815+0000] {processor.py:914} INFO - Processing file /home/airflow/.local/lib/python3.12/site-packages/airflow/example_dags/example_setup_teardown_taskflow.py for tasks to queue
[2025-11-16T10:10:13.823+0000] {logging_mixin.py:190} INFO - [2025-11-16T10:10:13.822+0000] {dagbag.py:588} INFO - Filling up the DagBag from /home/airflow/.local/lib/python3.12/site-packages/airflow/example_dags/example_setup_teardown_taskflow.py
[2025-11-16T10:10:13.853+0000] {processor.py:925} INFO - DAG(s) 'example_setup_teardown_taskflow' retrieved from /home/airflow/.local/lib/python3.12/site-packages/airflow/example_dags/example_setup_teardown_taskflow.py
[2025-11-16T10:10:13.915+0000] {logging_mixin.py:190} INFO - [2025-11-16T10:10:13.914+0000] {dag.py:3239} INFO - Sync 1 DAGs
[2025-11-16T10:10:13.966+0000] {logging_mixin.py:190} INFO - [2025-11-16T10:10:13.965+0000] {dag.py:4180} INFO - Setting next_dagrun for example_setup_teardown_taskflow to None, run_after=None
[2025-11-16T10:10:14.038+0000] {processor.py:208} INFO - Processing /home/airflow/.local/lib/python3.12/site-packages/airflow/example_dags/example_setup_teardown_taskflow.py took 0.244 seconds
[2025-11-16T10:10:46.085+0000] {processor.py:186} INFO - Started process (PID=376) to work on /home/airflow/.local/lib/python3.12/site-packages/airflow/example_dags/example_setup_teardown_taskflow.py
[2025-11-16T10:10:46.087+0000] {processor.py:914} INFO - Processing file /home/airflow/.local/lib/python3.12/site-packages/airflow/example_dags/example_setup_teardown_taskflow.py for tasks to queue
[2025-11-16T10:10:46.091+0000] {logging_mixin.py:190} INFO - [2025-11-16T10:10:46.091+0000] {dagbag.py:588} INFO - Filling up the DagBag from /home/airflow/.local/lib/python3.12/site-packages/airflow/example_dags/example_setup_teardown_taskflow.py
[2025-11-16T10:10:46.112+0000] {processor.py:925} INFO - DAG(s) 'example_setup_teardown_taskflow' retrieved from /home/airflow/.local/lib/python3.12/site-packages/airflow/example_dags/example_setup_teardown_taskflow.py
[2025-11-16T10:10:46.154+0000] {logging_mixin.py:190} INFO - [2025-11-16T10:10:46.153+0000] {dag.py:3239} INFO - Sync 1 DAGs
[2025-11-16T10:10:46.186+0000] {logging_mixin.py:190} INFO - [2025-11-16T10:10:46.185+0000] {dag.py:4180} INFO - Setting next_dagrun for example_setup_teardown_taskflow to None, run_after=None
[2025-11-16T10:10:46.244+0000] {processor.py:208} INFO - Processing /home/airflow/.local/lib/python3.12/site-packages/airflow/example_dags/example_setup_teardown_taskflow.py took 0.172 seconds
