[2025-11-16T07:28:58.483+0000] {processor.py:186} INFO - Started process (PID=151) to work on /home/airflow/.local/lib/python3.12/site-packages/airflow/example_dags/example_branch_python_dop_operator_3.py
[2025-11-16T07:28:58.491+0000] {processor.py:914} INFO - Processing file /home/airflow/.local/lib/python3.12/site-packages/airflow/example_dags/example_branch_python_dop_operator_3.py for tasks to queue
[2025-11-16T07:28:58.497+0000] {logging_mixin.py:190} INFO - [2025-11-16T07:28:58.496+0000] {dagbag.py:588} INFO - Filling up the DagBag from /home/airflow/.local/lib/python3.12/site-packages/airflow/example_dags/example_branch_python_dop_operator_3.py
[2025-11-16T07:28:58.536+0000] {processor.py:925} INFO - DAG(s) 'example_branch_dop_operator_v3' retrieved from /home/airflow/.local/lib/python3.12/site-packages/airflow/example_dags/example_branch_python_dop_operator_3.py
[2025-11-16T07:28:58.596+0000] {logging_mixin.py:190} INFO - [2025-11-16T07:28:58.596+0000] {dag.py:3239} INFO - Sync 1 DAGs
[2025-11-16T07:28:58.693+0000] {logging_mixin.py:190} INFO - [2025-11-16T07:28:58.693+0000] {dag.py:4180} INFO - Setting next_dagrun for example_branch_dop_operator_v3 to 2025-11-16 07:27:00+00:00, run_after=2025-11-16 07:28:00+00:00
[2025-11-16T07:28:58.755+0000] {processor.py:208} INFO - Processing /home/airflow/.local/lib/python3.12/site-packages/airflow/example_dags/example_branch_python_dop_operator_3.py took 0.308 seconds
[2025-11-16T10:06:00.706+0000] {processor.py:186} INFO - Started process (PID=231) to work on /home/airflow/.local/lib/python3.12/site-packages/airflow/example_dags/example_branch_python_dop_operator_3.py
[2025-11-16T10:06:00.710+0000] {processor.py:914} INFO - Processing file /home/airflow/.local/lib/python3.12/site-packages/airflow/example_dags/example_branch_python_dop_operator_3.py for tasks to queue
[2025-11-16T10:06:00.714+0000] {logging_mixin.py:190} INFO - [2025-11-16T10:06:00.713+0000] {dagbag.py:588} INFO - Filling up the DagBag from /home/airflow/.local/lib/python3.12/site-packages/airflow/example_dags/example_branch_python_dop_operator_3.py
[2025-11-16T10:06:00.751+0000] {processor.py:925} INFO - DAG(s) 'example_branch_dop_operator_v3' retrieved from /home/airflow/.local/lib/python3.12/site-packages/airflow/example_dags/example_branch_python_dop_operator_3.py
[2025-11-16T10:06:01.338+0000] {logging_mixin.py:190} INFO - [2025-11-16T10:06:01.338+0000] {dag.py:3239} INFO - Sync 1 DAGs
[2025-11-16T10:06:01.421+0000] {logging_mixin.py:190} INFO - [2025-11-16T10:06:01.421+0000] {dag.py:4180} INFO - Setting next_dagrun for example_branch_dop_operator_v3 to 2025-11-16 10:05:00+00:00, run_after=2025-11-16 10:06:00+00:00
[2025-11-16T10:06:01.471+0000] {processor.py:208} INFO - Processing /home/airflow/.local/lib/python3.12/site-packages/airflow/example_dags/example_branch_python_dop_operator_3.py took 0.781 seconds
[2025-11-16T10:08:33.336+0000] {processor.py:186} INFO - Started process (PID=131) to work on /home/airflow/.local/lib/python3.12/site-packages/airflow/example_dags/example_branch_python_dop_operator_3.py
[2025-11-16T10:08:33.342+0000] {processor.py:914} INFO - Processing file /home/airflow/.local/lib/python3.12/site-packages/airflow/example_dags/example_branch_python_dop_operator_3.py for tasks to queue
[2025-11-16T10:08:33.362+0000] {logging_mixin.py:190} INFO - [2025-11-16T10:08:33.361+0000] {dagbag.py:588} INFO - Filling up the DagBag from /home/airflow/.local/lib/python3.12/site-packages/airflow/example_dags/example_branch_python_dop_operator_3.py
[2025-11-16T10:08:33.423+0000] {processor.py:925} INFO - DAG(s) 'example_branch_dop_operator_v3' retrieved from /home/airflow/.local/lib/python3.12/site-packages/airflow/example_dags/example_branch_python_dop_operator_3.py
[2025-11-16T10:08:33.527+0000] {logging_mixin.py:190} INFO - [2025-11-16T10:08:33.526+0000] {dag.py:3239} INFO - Sync 1 DAGs
[2025-11-16T10:08:33.694+0000] {logging_mixin.py:190} INFO - [2025-11-16T10:08:33.694+0000] {dag.py:4180} INFO - Setting next_dagrun for example_branch_dop_operator_v3 to 2025-11-16 10:07:00+00:00, run_after=2025-11-16 10:08:00+00:00
[2025-11-16T10:08:33.762+0000] {processor.py:208} INFO - Processing /home/airflow/.local/lib/python3.12/site-packages/airflow/example_dags/example_branch_python_dop_operator_3.py took 0.446 seconds
[2025-11-16T10:09:13.293+0000] {processor.py:186} INFO - Started process (PID=205) to work on /home/airflow/.local/lib/python3.12/site-packages/airflow/example_dags/example_branch_python_dop_operator_3.py
[2025-11-16T10:09:13.320+0000] {processor.py:914} INFO - Processing file /home/airflow/.local/lib/python3.12/site-packages/airflow/example_dags/example_branch_python_dop_operator_3.py for tasks to queue
[2025-11-16T10:09:13.344+0000] {logging_mixin.py:190} INFO - [2025-11-16T10:09:13.343+0000] {dagbag.py:588} INFO - Filling up the DagBag from /home/airflow/.local/lib/python3.12/site-packages/airflow/example_dags/example_branch_python_dop_operator_3.py
[2025-11-16T10:09:13.421+0000] {processor.py:925} INFO - DAG(s) 'example_branch_dop_operator_v3' retrieved from /home/airflow/.local/lib/python3.12/site-packages/airflow/example_dags/example_branch_python_dop_operator_3.py
[2025-11-16T10:09:13.487+0000] {logging_mixin.py:190} INFO - [2025-11-16T10:09:13.487+0000] {dag.py:3239} INFO - Sync 1 DAGs
[2025-11-16T10:09:13.700+0000] {logging_mixin.py:190} INFO - [2025-11-16T10:09:13.688+0000] {dag.py:4180} INFO - Setting next_dagrun for example_branch_dop_operator_v3 to 2025-11-16 10:08:00+00:00, run_after=2025-11-16 10:09:00+00:00
[2025-11-16T10:09:13.827+0000] {processor.py:208} INFO - Processing /home/airflow/.local/lib/python3.12/site-packages/airflow/example_dags/example_branch_python_dop_operator_3.py took 0.578 seconds
[2025-11-16T10:09:47.951+0000] {processor.py:186} INFO - Started process (PID=270) to work on /home/airflow/.local/lib/python3.12/site-packages/airflow/example_dags/example_branch_python_dop_operator_3.py
[2025-11-16T10:09:47.954+0000] {processor.py:914} INFO - Processing file /home/airflow/.local/lib/python3.12/site-packages/airflow/example_dags/example_branch_python_dop_operator_3.py for tasks to queue
[2025-11-16T10:09:47.959+0000] {logging_mixin.py:190} INFO - [2025-11-16T10:09:47.958+0000] {dagbag.py:588} INFO - Filling up the DagBag from /home/airflow/.local/lib/python3.12/site-packages/airflow/example_dags/example_branch_python_dop_operator_3.py
[2025-11-16T10:09:47.986+0000] {processor.py:925} INFO - DAG(s) 'example_branch_dop_operator_v3' retrieved from /home/airflow/.local/lib/python3.12/site-packages/airflow/example_dags/example_branch_python_dop_operator_3.py
[2025-11-16T10:09:48.034+0000] {logging_mixin.py:190} INFO - [2025-11-16T10:09:48.033+0000] {dag.py:3239} INFO - Sync 1 DAGs
[2025-11-16T10:09:48.129+0000] {logging_mixin.py:190} INFO - [2025-11-16T10:09:48.128+0000] {dag.py:4180} INFO - Setting next_dagrun for example_branch_dop_operator_v3 to 2025-11-16 10:08:00+00:00, run_after=2025-11-16 10:09:00+00:00
[2025-11-16T10:09:48.206+0000] {processor.py:208} INFO - Processing /home/airflow/.local/lib/python3.12/site-packages/airflow/example_dags/example_branch_python_dop_operator_3.py took 0.271 seconds
[2025-11-16T10:10:18.397+0000] {processor.py:186} INFO - Started process (PID=335) to work on /home/airflow/.local/lib/python3.12/site-packages/airflow/example_dags/example_branch_python_dop_operator_3.py
[2025-11-16T10:10:18.399+0000] {processor.py:914} INFO - Processing file /home/airflow/.local/lib/python3.12/site-packages/airflow/example_dags/example_branch_python_dop_operator_3.py for tasks to queue
[2025-11-16T10:10:18.404+0000] {logging_mixin.py:190} INFO - [2025-11-16T10:10:18.403+0000] {dagbag.py:588} INFO - Filling up the DagBag from /home/airflow/.local/lib/python3.12/site-packages/airflow/example_dags/example_branch_python_dop_operator_3.py
[2025-11-16T10:10:18.428+0000] {processor.py:925} INFO - DAG(s) 'example_branch_dop_operator_v3' retrieved from /home/airflow/.local/lib/python3.12/site-packages/airflow/example_dags/example_branch_python_dop_operator_3.py
[2025-11-16T10:10:18.472+0000] {logging_mixin.py:190} INFO - [2025-11-16T10:10:18.472+0000] {dag.py:3239} INFO - Sync 1 DAGs
[2025-11-16T10:10:18.529+0000] {logging_mixin.py:190} INFO - [2025-11-16T10:10:18.528+0000] {dag.py:4180} INFO - Setting next_dagrun for example_branch_dop_operator_v3 to 2025-11-16 10:09:00+00:00, run_after=2025-11-16 10:10:00+00:00
[2025-11-16T10:10:18.571+0000] {processor.py:208} INFO - Processing /home/airflow/.local/lib/python3.12/site-packages/airflow/example_dags/example_branch_python_dop_operator_3.py took 0.189 seconds
[2025-11-16T10:10:49.297+0000] {processor.py:186} INFO - Started process (PID=398) to work on /home/airflow/.local/lib/python3.12/site-packages/airflow/example_dags/example_branch_python_dop_operator_3.py
[2025-11-16T10:10:49.299+0000] {processor.py:914} INFO - Processing file /home/airflow/.local/lib/python3.12/site-packages/airflow/example_dags/example_branch_python_dop_operator_3.py for tasks to queue
[2025-11-16T10:10:49.302+0000] {logging_mixin.py:190} INFO - [2025-11-16T10:10:49.301+0000] {dagbag.py:588} INFO - Filling up the DagBag from /home/airflow/.local/lib/python3.12/site-packages/airflow/example_dags/example_branch_python_dop_operator_3.py
[2025-11-16T10:10:49.323+0000] {processor.py:925} INFO - DAG(s) 'example_branch_dop_operator_v3' retrieved from /home/airflow/.local/lib/python3.12/site-packages/airflow/example_dags/example_branch_python_dop_operator_3.py
[2025-11-16T10:10:49.367+0000] {logging_mixin.py:190} INFO - [2025-11-16T10:10:49.366+0000] {dag.py:3239} INFO - Sync 1 DAGs
[2025-11-16T10:10:49.450+0000] {logging_mixin.py:190} INFO - [2025-11-16T10:10:49.449+0000] {dag.py:4180} INFO - Setting next_dagrun for example_branch_dop_operator_v3 to 2025-11-16 10:09:00+00:00, run_after=2025-11-16 10:10:00+00:00
[2025-11-16T10:10:49.502+0000] {processor.py:208} INFO - Processing /home/airflow/.local/lib/python3.12/site-packages/airflow/example_dags/example_branch_python_dop_operator_3.py took 0.217 seconds
