[2025-11-16T00:05:15.607+0000] {processor.py:186} INFO - Started process (PID=3796) to work on /home/airflow/.local/lib/python3.12/site-packages/airflow/example_dags/example_inlet_event_extra.py
[2025-11-16T00:05:15.613+0000] {processor.py:914} INFO - Processing file /home/airflow/.local/lib/python3.12/site-packages/airflow/example_dags/example_inlet_event_extra.py for tasks to queue
[2025-11-16T00:05:15.627+0000] {logging_mixin.py:190} INFO - [2025-11-16T00:05:15.618+0000] {dagbag.py:588} INFO - Filling up the DagBag from /home/airflow/.local/lib/python3.12/site-packages/airflow/example_dags/example_inlet_event_extra.py
[2025-11-16T00:09:12.906+0000] {logging_mixin.py:190} INFO - [2025-11-16T00:09:12.906+0000] {process_utils.py:266} INFO - Waiting up to 5 seconds for processes to exit...
[2025-11-16T07:28:42.349+0000] {processor.py:186} INFO - Started process (PID=126) to work on /home/airflow/.local/lib/python3.12/site-packages/airflow/example_dags/example_inlet_event_extra.py
[2025-11-16T07:28:42.353+0000] {processor.py:914} INFO - Processing file /home/airflow/.local/lib/python3.12/site-packages/airflow/example_dags/example_inlet_event_extra.py for tasks to queue
[2025-11-16T07:28:42.361+0000] {logging_mixin.py:190} INFO - [2025-11-16T07:28:42.360+0000] {dagbag.py:588} INFO - Filling up the DagBag from /home/airflow/.local/lib/python3.12/site-packages/airflow/example_dags/example_inlet_event_extra.py
[2025-11-16T07:32:36.484+0000] {processor.py:925} INFO - DAG(s) 'read_dataset_event_from_classic', 'read_dataset_event' retrieved from /home/airflow/.local/lib/python3.12/site-packages/airflow/example_dags/example_inlet_event_extra.py
[2025-11-16T10:05:54.868+0000] {processor.py:186} INFO - Started process (PID=200) to work on /home/airflow/.local/lib/python3.12/site-packages/airflow/example_dags/example_inlet_event_extra.py
[2025-11-16T10:05:54.872+0000] {processor.py:914} INFO - Processing file /home/airflow/.local/lib/python3.12/site-packages/airflow/example_dags/example_inlet_event_extra.py for tasks to queue
[2025-11-16T10:05:54.880+0000] {logging_mixin.py:190} INFO - [2025-11-16T10:05:54.875+0000] {dagbag.py:588} INFO - Filling up the DagBag from /home/airflow/.local/lib/python3.12/site-packages/airflow/example_dags/example_inlet_event_extra.py
[2025-11-16T10:08:22.087+0000] {processor.py:186} INFO - Started process (PID=106) to work on /home/airflow/.local/lib/python3.12/site-packages/airflow/example_dags/example_inlet_event_extra.py
[2025-11-16T10:08:22.094+0000] {processor.py:914} INFO - Processing file /home/airflow/.local/lib/python3.12/site-packages/airflow/example_dags/example_inlet_event_extra.py for tasks to queue
[2025-11-16T10:08:22.100+0000] {logging_mixin.py:190} INFO - [2025-11-16T10:08:22.099+0000] {dagbag.py:588} INFO - Filling up the DagBag from /home/airflow/.local/lib/python3.12/site-packages/airflow/example_dags/example_inlet_event_extra.py
[2025-11-16T10:08:23.500+0000] {processor.py:925} INFO - DAG(s) 'read_dataset_event_from_classic', 'read_dataset_event' retrieved from /home/airflow/.local/lib/python3.12/site-packages/airflow/example_dags/example_inlet_event_extra.py
[2025-11-16T10:08:24.520+0000] {logging_mixin.py:190} INFO - [2025-11-16T10:08:24.519+0000] {dag.py:3239} INFO - Sync 2 DAGs
[2025-11-16T10:08:24.690+0000] {logging_mixin.py:190} INFO - [2025-11-16T10:08:24.688+0000] {dag.py:4180} INFO - Setting next_dagrun for read_dataset_event to 2025-11-15 00:00:00+00:00, run_after=2025-11-16 00:00:00+00:00
[2025-11-16T10:08:24.704+0000] {logging_mixin.py:190} INFO - [2025-11-16T10:08:24.703+0000] {dag.py:4180} INFO - Setting next_dagrun for read_dataset_event_from_classic to 2025-11-15 00:00:00+00:00, run_after=2025-11-16 00:00:00+00:00
[2025-11-16T10:08:24.798+0000] {processor.py:208} INFO - Processing /home/airflow/.local/lib/python3.12/site-packages/airflow/example_dags/example_inlet_event_extra.py took 3.235 seconds
[2025-11-16T10:09:06.354+0000] {processor.py:186} INFO - Started process (PID=174) to work on /home/airflow/.local/lib/python3.12/site-packages/airflow/example_dags/example_inlet_event_extra.py
[2025-11-16T10:09:06.356+0000] {processor.py:914} INFO - Processing file /home/airflow/.local/lib/python3.12/site-packages/airflow/example_dags/example_inlet_event_extra.py for tasks to queue
[2025-11-16T10:09:06.363+0000] {logging_mixin.py:190} INFO - [2025-11-16T10:09:06.362+0000] {dagbag.py:588} INFO - Filling up the DagBag from /home/airflow/.local/lib/python3.12/site-packages/airflow/example_dags/example_inlet_event_extra.py
[2025-11-16T10:09:08.136+0000] {processor.py:925} INFO - DAG(s) 'read_dataset_event', 'read_dataset_event_from_classic' retrieved from /home/airflow/.local/lib/python3.12/site-packages/airflow/example_dags/example_inlet_event_extra.py
[2025-11-16T10:09:08.190+0000] {logging_mixin.py:190} INFO - [2025-11-16T10:09:08.189+0000] {dag.py:3239} INFO - Sync 2 DAGs
[2025-11-16T10:09:07.785+0000] {logging_mixin.py:190} INFO - [2025-11-16T10:09:07.784+0000] {dag.py:4180} INFO - Setting next_dagrun for read_dataset_event to 2025-11-15 00:00:00+00:00, run_after=2025-11-16 00:00:00+00:00
[2025-11-16T10:09:07.801+0000] {logging_mixin.py:190} INFO - [2025-11-16T10:09:07.801+0000] {dag.py:4180} INFO - Setting next_dagrun for read_dataset_event_from_classic to 2025-11-15 00:00:00+00:00, run_after=2025-11-16 00:00:00+00:00
[2025-11-16T10:09:07.846+0000] {processor.py:208} INFO - Processing /home/airflow/.local/lib/python3.12/site-packages/airflow/example_dags/example_inlet_event_extra.py took 2.026 seconds
[2025-11-16T10:09:39.044+0000] {processor.py:186} INFO - Started process (PID=247) to work on /home/airflow/.local/lib/python3.12/site-packages/airflow/example_dags/example_inlet_event_extra.py
[2025-11-16T10:09:39.046+0000] {processor.py:914} INFO - Processing file /home/airflow/.local/lib/python3.12/site-packages/airflow/example_dags/example_inlet_event_extra.py for tasks to queue
[2025-11-16T10:09:39.053+0000] {logging_mixin.py:190} INFO - [2025-11-16T10:09:39.052+0000] {dagbag.py:588} INFO - Filling up the DagBag from /home/airflow/.local/lib/python3.12/site-packages/airflow/example_dags/example_inlet_event_extra.py
[2025-11-16T10:09:40.819+0000] {processor.py:925} INFO - DAG(s) 'read_dataset_event_from_classic', 'read_dataset_event' retrieved from /home/airflow/.local/lib/python3.12/site-packages/airflow/example_dags/example_inlet_event_extra.py
[2025-11-16T10:09:40.956+0000] {logging_mixin.py:190} INFO - [2025-11-16T10:09:40.954+0000] {dag.py:3239} INFO - Sync 2 DAGs
[2025-11-16T10:09:41.057+0000] {logging_mixin.py:190} INFO - [2025-11-16T10:09:41.056+0000] {dag.py:4180} INFO - Setting next_dagrun for read_dataset_event to 2025-11-15 00:00:00+00:00, run_after=2025-11-16 00:00:00+00:00
[2025-11-16T10:09:41.078+0000] {logging_mixin.py:190} INFO - [2025-11-16T10:09:41.078+0000] {dag.py:4180} INFO - Setting next_dagrun for read_dataset_event_from_classic to 2025-11-15 00:00:00+00:00, run_after=2025-11-16 00:00:00+00:00
[2025-11-16T10:09:41.146+0000] {processor.py:208} INFO - Processing /home/airflow/.local/lib/python3.12/site-packages/airflow/example_dags/example_inlet_event_extra.py took 2.117 seconds
[2025-11-16T10:10:11.741+0000] {processor.py:186} INFO - Started process (PID=311) to work on /home/airflow/.local/lib/python3.12/site-packages/airflow/example_dags/example_inlet_event_extra.py
[2025-11-16T10:10:11.743+0000] {processor.py:914} INFO - Processing file /home/airflow/.local/lib/python3.12/site-packages/airflow/example_dags/example_inlet_event_extra.py for tasks to queue
[2025-11-16T10:10:11.748+0000] {logging_mixin.py:190} INFO - [2025-11-16T10:10:11.748+0000] {dagbag.py:588} INFO - Filling up the DagBag from /home/airflow/.local/lib/python3.12/site-packages/airflow/example_dags/example_inlet_event_extra.py
[2025-11-16T10:10:13.448+0000] {processor.py:925} INFO - DAG(s) 'read_dataset_event', 'read_dataset_event_from_classic' retrieved from /home/airflow/.local/lib/python3.12/site-packages/airflow/example_dags/example_inlet_event_extra.py
[2025-11-16T10:10:13.539+0000] {logging_mixin.py:190} INFO - [2025-11-16T10:10:13.537+0000] {dag.py:3239} INFO - Sync 2 DAGs
[2025-11-16T10:10:13.618+0000] {logging_mixin.py:190} INFO - [2025-11-16T10:10:13.617+0000] {dag.py:4180} INFO - Setting next_dagrun for read_dataset_event to 2025-11-15 00:00:00+00:00, run_after=2025-11-16 00:00:00+00:00
[2025-11-16T10:10:13.639+0000] {logging_mixin.py:190} INFO - [2025-11-16T10:10:13.638+0000] {dag.py:4180} INFO - Setting next_dagrun for read_dataset_event_from_classic to 2025-11-15 00:00:00+00:00, run_after=2025-11-16 00:00:00+00:00
[2025-11-16T10:10:13.702+0000] {processor.py:208} INFO - Processing /home/airflow/.local/lib/python3.12/site-packages/airflow/example_dags/example_inlet_event_extra.py took 2.401 seconds
[2025-11-16T10:10:43.966+0000] {processor.py:186} INFO - Started process (PID=374) to work on /home/airflow/.local/lib/python3.12/site-packages/airflow/example_dags/example_inlet_event_extra.py
[2025-11-16T10:10:43.969+0000] {processor.py:914} INFO - Processing file /home/airflow/.local/lib/python3.12/site-packages/airflow/example_dags/example_inlet_event_extra.py for tasks to queue
[2025-11-16T10:10:43.974+0000] {logging_mixin.py:190} INFO - [2025-11-16T10:10:43.973+0000] {dagbag.py:588} INFO - Filling up the DagBag from /home/airflow/.local/lib/python3.12/site-packages/airflow/example_dags/example_inlet_event_extra.py
[2025-11-16T10:10:45.797+0000] {processor.py:925} INFO - DAG(s) 'read_dataset_event_from_classic', 'read_dataset_event' retrieved from /home/airflow/.local/lib/python3.12/site-packages/airflow/example_dags/example_inlet_event_extra.py
[2025-11-16T10:10:45.878+0000] {logging_mixin.py:190} INFO - [2025-11-16T10:10:45.877+0000] {dag.py:3239} INFO - Sync 2 DAGs
[2025-11-16T10:10:45.940+0000] {logging_mixin.py:190} INFO - [2025-11-16T10:10:45.940+0000] {dag.py:4180} INFO - Setting next_dagrun for read_dataset_event to 2025-11-15 00:00:00+00:00, run_after=2025-11-16 00:00:00+00:00
[2025-11-16T10:10:45.952+0000] {logging_mixin.py:190} INFO - [2025-11-16T10:10:45.951+0000] {dag.py:4180} INFO - Setting next_dagrun for read_dataset_event_from_classic to 2025-11-15 00:00:00+00:00, run_after=2025-11-16 00:00:00+00:00
[2025-11-16T10:10:45.993+0000] {processor.py:208} INFO - Processing /home/airflow/.local/lib/python3.12/site-packages/airflow/example_dags/example_inlet_event_extra.py took 2.049 seconds
