[2025-11-16T07:28:48.078+0000] {processor.py:186} INFO - Started process (PID=139) to work on /home/airflow/.local/lib/python3.12/site-packages/airflow/example_dags/example_dag_decorator.py
[2025-11-16T07:28:48.084+0000] {processor.py:914} INFO - Processing file /home/airflow/.local/lib/python3.12/site-packages/airflow/example_dags/example_dag_decorator.py for tasks to queue
[2025-11-16T07:28:48.111+0000] {logging_mixin.py:190} INFO - [2025-11-16T07:28:48.110+0000] {dagbag.py:588} INFO - Filling up the DagBag from /home/airflow/.local/lib/python3.12/site-packages/airflow/example_dags/example_dag_decorator.py
[2025-11-16T07:28:48.262+0000] {processor.py:925} INFO - DAG(s) 'example_dag_decorator' retrieved from /home/airflow/.local/lib/python3.12/site-packages/airflow/example_dags/example_dag_decorator.py
[2025-11-16T07:28:48.729+0000] {logging_mixin.py:190} INFO - [2025-11-16T07:28:48.727+0000] {dag.py:3239} INFO - Sync 1 DAGs
[2025-11-16T07:28:48.772+0000] {logging_mixin.py:190} INFO - [2025-11-16T07:28:48.772+0000] {dag.py:4180} INFO - Setting next_dagrun for example_dag_decorator to None, run_after=None
[2025-11-16T07:28:48.424+0000] {processor.py:208} INFO - Processing /home/airflow/.local/lib/python3.12/site-packages/airflow/example_dags/example_dag_decorator.py took 0.821 seconds
[2025-11-16T10:05:58.190+0000] {processor.py:186} INFO - Started process (PID=213) to work on /home/airflow/.local/lib/python3.12/site-packages/airflow/example_dags/example_dag_decorator.py
[2025-11-16T10:05:58.193+0000] {processor.py:914} INFO - Processing file /home/airflow/.local/lib/python3.12/site-packages/airflow/example_dags/example_dag_decorator.py for tasks to queue
[2025-11-16T10:05:58.197+0000] {logging_mixin.py:190} INFO - [2025-11-16T10:05:58.196+0000] {dagbag.py:588} INFO - Filling up the DagBag from /home/airflow/.local/lib/python3.12/site-packages/airflow/example_dags/example_dag_decorator.py
[2025-11-16T10:05:58.235+0000] {processor.py:925} INFO - DAG(s) 'example_dag_decorator' retrieved from /home/airflow/.local/lib/python3.12/site-packages/airflow/example_dags/example_dag_decorator.py
[2025-11-16T10:05:58.707+0000] {logging_mixin.py:190} INFO - [2025-11-16T10:05:58.706+0000] {dag.py:3239} INFO - Sync 1 DAGs
[2025-11-16T10:05:58.752+0000] {logging_mixin.py:190} INFO - [2025-11-16T10:05:58.751+0000] {dag.py:4180} INFO - Setting next_dagrun for example_dag_decorator to None, run_after=None
[2025-11-16T10:05:58.831+0000] {processor.py:208} INFO - Processing /home/airflow/.local/lib/python3.12/site-packages/airflow/example_dags/example_dag_decorator.py took 0.657 seconds
[2025-11-16T10:08:27.906+0000] {processor.py:186} INFO - Started process (PID=119) to work on /home/airflow/.local/lib/python3.12/site-packages/airflow/example_dags/example_dag_decorator.py
[2025-11-16T10:08:27.909+0000] {processor.py:914} INFO - Processing file /home/airflow/.local/lib/python3.12/site-packages/airflow/example_dags/example_dag_decorator.py for tasks to queue
[2025-11-16T10:08:27.916+0000] {logging_mixin.py:190} INFO - [2025-11-16T10:08:27.915+0000] {dagbag.py:588} INFO - Filling up the DagBag from /home/airflow/.local/lib/python3.12/site-packages/airflow/example_dags/example_dag_decorator.py
[2025-11-16T10:08:27.958+0000] {processor.py:925} INFO - DAG(s) 'example_dag_decorator' retrieved from /home/airflow/.local/lib/python3.12/site-packages/airflow/example_dags/example_dag_decorator.py
[2025-11-16T10:08:28.383+0000] {logging_mixin.py:190} INFO - [2025-11-16T10:08:28.382+0000] {dag.py:3239} INFO - Sync 1 DAGs
[2025-11-16T10:08:28.462+0000] {logging_mixin.py:190} INFO - [2025-11-16T10:08:28.462+0000] {dag.py:4180} INFO - Setting next_dagrun for example_dag_decorator to None, run_after=None
[2025-11-16T10:08:28.588+0000] {processor.py:208} INFO - Processing /home/airflow/.local/lib/python3.12/site-packages/airflow/example_dags/example_dag_decorator.py took 0.697 seconds
[2025-11-16T10:09:09.641+0000] {processor.py:186} INFO - Started process (PID=192) to work on /home/airflow/.local/lib/python3.12/site-packages/airflow/example_dags/example_dag_decorator.py
[2025-11-16T10:09:09.645+0000] {processor.py:914} INFO - Processing file /home/airflow/.local/lib/python3.12/site-packages/airflow/example_dags/example_dag_decorator.py for tasks to queue
[2025-11-16T10:09:09.651+0000] {logging_mixin.py:190} INFO - [2025-11-16T10:09:09.650+0000] {dagbag.py:588} INFO - Filling up the DagBag from /home/airflow/.local/lib/python3.12/site-packages/airflow/example_dags/example_dag_decorator.py
[2025-11-16T10:09:09.685+0000] {processor.py:925} INFO - DAG(s) 'example_dag_decorator' retrieved from /home/airflow/.local/lib/python3.12/site-packages/airflow/example_dags/example_dag_decorator.py
[2025-11-16T10:09:10.387+0000] {logging_mixin.py:190} INFO - [2025-11-16T10:09:10.387+0000] {dag.py:3239} INFO - Sync 1 DAGs
[2025-11-16T10:09:10.435+0000] {logging_mixin.py:190} INFO - [2025-11-16T10:09:10.435+0000] {dag.py:4180} INFO - Setting next_dagrun for example_dag_decorator to None, run_after=None
[2025-11-16T10:09:10.508+0000] {processor.py:208} INFO - Processing /home/airflow/.local/lib/python3.12/site-packages/airflow/example_dags/example_dag_decorator.py took 0.879 seconds
[2025-11-16T10:09:44.654+0000] {processor.py:186} INFO - Started process (PID=259) to work on /home/airflow/.local/lib/python3.12/site-packages/airflow/example_dags/example_dag_decorator.py
[2025-11-16T10:09:44.661+0000] {processor.py:914} INFO - Processing file /home/airflow/.local/lib/python3.12/site-packages/airflow/example_dags/example_dag_decorator.py for tasks to queue
[2025-11-16T10:09:44.779+0000] {logging_mixin.py:190} INFO - [2025-11-16T10:09:44.778+0000] {dagbag.py:588} INFO - Filling up the DagBag from /home/airflow/.local/lib/python3.12/site-packages/airflow/example_dags/example_dag_decorator.py
[2025-11-16T10:09:45.064+0000] {processor.py:925} INFO - DAG(s) 'example_dag_decorator' retrieved from /home/airflow/.local/lib/python3.12/site-packages/airflow/example_dags/example_dag_decorator.py
[2025-11-16T10:09:46.533+0000] {logging_mixin.py:190} INFO - [2025-11-16T10:09:46.532+0000] {dag.py:3239} INFO - Sync 1 DAGs
[2025-11-16T10:09:46.563+0000] {logging_mixin.py:190} INFO - [2025-11-16T10:09:46.562+0000] {dag.py:4180} INFO - Setting next_dagrun for example_dag_decorator to None, run_after=None
[2025-11-16T10:09:46.621+0000] {processor.py:208} INFO - Processing /home/airflow/.local/lib/python3.12/site-packages/airflow/example_dags/example_dag_decorator.py took 1.994 seconds
[2025-11-16T10:10:16.842+0000] {processor.py:186} INFO - Started process (PID=324) to work on /home/airflow/.local/lib/python3.12/site-packages/airflow/example_dags/example_dag_decorator.py
[2025-11-16T10:10:16.845+0000] {processor.py:914} INFO - Processing file /home/airflow/.local/lib/python3.12/site-packages/airflow/example_dags/example_dag_decorator.py for tasks to queue
[2025-11-16T10:10:16.852+0000] {logging_mixin.py:190} INFO - [2025-11-16T10:10:16.852+0000] {dagbag.py:588} INFO - Filling up the DagBag from /home/airflow/.local/lib/python3.12/site-packages/airflow/example_dags/example_dag_decorator.py
[2025-11-16T10:10:16.888+0000] {processor.py:925} INFO - DAG(s) 'example_dag_decorator' retrieved from /home/airflow/.local/lib/python3.12/site-packages/airflow/example_dags/example_dag_decorator.py
[2025-11-16T10:10:17.189+0000] {logging_mixin.py:190} INFO - [2025-11-16T10:10:17.189+0000] {dag.py:3239} INFO - Sync 1 DAGs
[2025-11-16T10:10:17.239+0000] {logging_mixin.py:190} INFO - [2025-11-16T10:10:17.238+0000] {dag.py:4180} INFO - Setting next_dagrun for example_dag_decorator to None, run_after=None
[2025-11-16T10:10:17.290+0000] {processor.py:208} INFO - Processing /home/airflow/.local/lib/python3.12/site-packages/airflow/example_dags/example_dag_decorator.py took 0.463 seconds
[2025-11-16T10:10:48.240+0000] {processor.py:186} INFO - Started process (PID=387) to work on /home/airflow/.local/lib/python3.12/site-packages/airflow/example_dags/example_dag_decorator.py
[2025-11-16T10:10:48.241+0000] {processor.py:914} INFO - Processing file /home/airflow/.local/lib/python3.12/site-packages/airflow/example_dags/example_dag_decorator.py for tasks to queue
[2025-11-16T10:10:48.246+0000] {logging_mixin.py:190} INFO - [2025-11-16T10:10:48.245+0000] {dagbag.py:588} INFO - Filling up the DagBag from /home/airflow/.local/lib/python3.12/site-packages/airflow/example_dags/example_dag_decorator.py
[2025-11-16T10:10:48.275+0000] {processor.py:925} INFO - DAG(s) 'example_dag_decorator' retrieved from /home/airflow/.local/lib/python3.12/site-packages/airflow/example_dags/example_dag_decorator.py
[2025-11-16T10:10:48.112+0000] {logging_mixin.py:190} INFO - [2025-11-16T10:10:48.112+0000] {dag.py:3239} INFO - Sync 1 DAGs
[2025-11-16T10:10:48.135+0000] {logging_mixin.py:190} INFO - [2025-11-16T10:10:48.134+0000] {dag.py:4180} INFO - Setting next_dagrun for example_dag_decorator to None, run_after=None
[2025-11-16T10:10:48.180+0000] {processor.py:208} INFO - Processing /home/airflow/.local/lib/python3.12/site-packages/airflow/example_dags/example_dag_decorator.py took 0.381 seconds
