[2025-11-16T07:28:58.017+0000] {processor.py:186} INFO - Started process (PID=150) to work on /home/airflow/.local/lib/python3.12/site-packages/airflow/example_dags/example_nested_branch_dag.py
[2025-11-16T07:28:58.026+0000] {processor.py:914} INFO - Processing file /home/airflow/.local/lib/python3.12/site-packages/airflow/example_dags/example_nested_branch_dag.py for tasks to queue
[2025-11-16T07:28:58.039+0000] {logging_mixin.py:190} INFO - [2025-11-16T07:28:58.038+0000] {dagbag.py:588} INFO - Filling up the DagBag from /home/airflow/.local/lib/python3.12/site-packages/airflow/example_dags/example_nested_branch_dag.py
[2025-11-16T07:28:58.103+0000] {processor.py:925} INFO - DAG(s) 'example_nested_branch_dag' retrieved from /home/airflow/.local/lib/python3.12/site-packages/airflow/example_dags/example_nested_branch_dag.py
[2025-11-16T07:28:58.174+0000] {logging_mixin.py:190} INFO - [2025-11-16T07:28:58.174+0000] {dag.py:3239} INFO - Sync 1 DAGs
[2025-11-16T07:28:58.254+0000] {logging_mixin.py:190} INFO - [2025-11-16T07:28:58.250+0000] {dag.py:4180} INFO - Setting next_dagrun for example_nested_branch_dag to 2025-11-15 00:00:00+00:00, run_after=2025-11-16 00:00:00+00:00
[2025-11-16T07:28:58.313+0000] {processor.py:208} INFO - Processing /home/airflow/.local/lib/python3.12/site-packages/airflow/example_dags/example_nested_branch_dag.py took 0.312 seconds
[2025-11-16T10:06:00.591+0000] {processor.py:186} INFO - Started process (PID=230) to work on /home/airflow/.local/lib/python3.12/site-packages/airflow/example_dags/example_nested_branch_dag.py
[2025-11-16T10:06:00.594+0000] {processor.py:914} INFO - Processing file /home/airflow/.local/lib/python3.12/site-packages/airflow/example_dags/example_nested_branch_dag.py for tasks to queue
[2025-11-16T10:06:00.599+0000] {logging_mixin.py:190} INFO - [2025-11-16T10:06:00.598+0000] {dagbag.py:588} INFO - Filling up the DagBag from /home/airflow/.local/lib/python3.12/site-packages/airflow/example_dags/example_nested_branch_dag.py
[2025-11-16T10:06:00.629+0000] {processor.py:925} INFO - DAG(s) 'example_nested_branch_dag' retrieved from /home/airflow/.local/lib/python3.12/site-packages/airflow/example_dags/example_nested_branch_dag.py
[2025-11-16T10:06:00.718+0000] {logging_mixin.py:190} INFO - [2025-11-16T10:06:00.717+0000] {dag.py:3239} INFO - Sync 1 DAGs
[2025-11-16T10:06:00.787+0000] {logging_mixin.py:190} INFO - [2025-11-16T10:06:00.786+0000] {dag.py:4180} INFO - Setting next_dagrun for example_nested_branch_dag to 2025-11-15 00:00:00+00:00, run_after=2025-11-16 00:00:00+00:00
[2025-11-16T10:06:00.830+0000] {processor.py:208} INFO - Processing /home/airflow/.local/lib/python3.12/site-packages/airflow/example_dags/example_nested_branch_dag.py took 0.255 seconds
[2025-11-16T10:08:33.136+0000] {processor.py:186} INFO - Started process (PID=130) to work on /home/airflow/.local/lib/python3.12/site-packages/airflow/example_dags/example_nested_branch_dag.py
[2025-11-16T10:08:33.139+0000] {processor.py:914} INFO - Processing file /home/airflow/.local/lib/python3.12/site-packages/airflow/example_dags/example_nested_branch_dag.py for tasks to queue
[2025-11-16T10:08:33.145+0000] {logging_mixin.py:190} INFO - [2025-11-16T10:08:33.144+0000] {dagbag.py:588} INFO - Filling up the DagBag from /home/airflow/.local/lib/python3.12/site-packages/airflow/example_dags/example_nested_branch_dag.py
[2025-11-16T10:08:33.174+0000] {processor.py:925} INFO - DAG(s) 'example_nested_branch_dag' retrieved from /home/airflow/.local/lib/python3.12/site-packages/airflow/example_dags/example_nested_branch_dag.py
[2025-11-16T10:08:33.243+0000] {logging_mixin.py:190} INFO - [2025-11-16T10:08:33.242+0000] {dag.py:3239} INFO - Sync 1 DAGs
[2025-11-16T10:08:33.369+0000] {logging_mixin.py:190} INFO - [2025-11-16T10:08:33.367+0000] {dag.py:4180} INFO - Setting next_dagrun for example_nested_branch_dag to 2025-11-15 00:00:00+00:00, run_after=2025-11-16 00:00:00+00:00
[2025-11-16T10:08:33.470+0000] {processor.py:208} INFO - Processing /home/airflow/.local/lib/python3.12/site-packages/airflow/example_dags/example_nested_branch_dag.py took 0.348 seconds
[2025-11-16T10:09:12.877+0000] {processor.py:186} INFO - Started process (PID=204) to work on /home/airflow/.local/lib/python3.12/site-packages/airflow/example_dags/example_nested_branch_dag.py
[2025-11-16T10:09:12.885+0000] {processor.py:914} INFO - Processing file /home/airflow/.local/lib/python3.12/site-packages/airflow/example_dags/example_nested_branch_dag.py for tasks to queue
[2025-11-16T10:09:12.892+0000] {logging_mixin.py:190} INFO - [2025-11-16T10:09:12.891+0000] {dagbag.py:588} INFO - Filling up the DagBag from /home/airflow/.local/lib/python3.12/site-packages/airflow/example_dags/example_nested_branch_dag.py
[2025-11-16T10:09:12.931+0000] {processor.py:925} INFO - DAG(s) 'example_nested_branch_dag' retrieved from /home/airflow/.local/lib/python3.12/site-packages/airflow/example_dags/example_nested_branch_dag.py
[2025-11-16T10:09:13.026+0000] {logging_mixin.py:190} INFO - [2025-11-16T10:09:13.026+0000] {dag.py:3239} INFO - Sync 1 DAGs
[2025-11-16T10:09:13.174+0000] {logging_mixin.py:190} INFO - [2025-11-16T10:09:13.173+0000] {dag.py:4180} INFO - Setting next_dagrun for example_nested_branch_dag to 2025-11-15 00:00:00+00:00, run_after=2025-11-16 00:00:00+00:00
[2025-11-16T10:09:13.288+0000] {processor.py:208} INFO - Processing /home/airflow/.local/lib/python3.12/site-packages/airflow/example_dags/example_nested_branch_dag.py took 0.430 seconds
[2025-11-16T10:09:47.754+0000] {processor.py:186} INFO - Started process (PID=269) to work on /home/airflow/.local/lib/python3.12/site-packages/airflow/example_dags/example_nested_branch_dag.py
[2025-11-16T10:09:47.757+0000] {processor.py:914} INFO - Processing file /home/airflow/.local/lib/python3.12/site-packages/airflow/example_dags/example_nested_branch_dag.py for tasks to queue
[2025-11-16T10:09:47.763+0000] {logging_mixin.py:190} INFO - [2025-11-16T10:09:47.762+0000] {dagbag.py:588} INFO - Filling up the DagBag from /home/airflow/.local/lib/python3.12/site-packages/airflow/example_dags/example_nested_branch_dag.py
[2025-11-16T10:09:47.792+0000] {processor.py:925} INFO - DAG(s) 'example_nested_branch_dag' retrieved from /home/airflow/.local/lib/python3.12/site-packages/airflow/example_dags/example_nested_branch_dag.py
[2025-11-16T10:09:47.848+0000] {logging_mixin.py:190} INFO - [2025-11-16T10:09:47.848+0000] {dag.py:3239} INFO - Sync 1 DAGs
[2025-11-16T10:09:47.907+0000] {logging_mixin.py:190} INFO - [2025-11-16T10:09:47.907+0000] {dag.py:4180} INFO - Setting next_dagrun for example_nested_branch_dag to 2025-11-15 00:00:00+00:00, run_after=2025-11-16 00:00:00+00:00
[2025-11-16T10:09:47.955+0000] {processor.py:208} INFO - Processing /home/airflow/.local/lib/python3.12/site-packages/airflow/example_dags/example_nested_branch_dag.py took 0.217 seconds
[2025-11-16T10:10:18.123+0000] {processor.py:186} INFO - Started process (PID=333) to work on /home/airflow/.local/lib/python3.12/site-packages/airflow/example_dags/example_nested_branch_dag.py
[2025-11-16T10:10:18.125+0000] {processor.py:914} INFO - Processing file /home/airflow/.local/lib/python3.12/site-packages/airflow/example_dags/example_nested_branch_dag.py for tasks to queue
[2025-11-16T10:10:18.130+0000] {logging_mixin.py:190} INFO - [2025-11-16T10:10:18.129+0000] {dagbag.py:588} INFO - Filling up the DagBag from /home/airflow/.local/lib/python3.12/site-packages/airflow/example_dags/example_nested_branch_dag.py
[2025-11-16T10:10:18.167+0000] {processor.py:925} INFO - DAG(s) 'example_nested_branch_dag' retrieved from /home/airflow/.local/lib/python3.12/site-packages/airflow/example_dags/example_nested_branch_dag.py
[2025-11-16T10:10:18.220+0000] {logging_mixin.py:190} INFO - [2025-11-16T10:10:18.220+0000] {dag.py:3239} INFO - Sync 1 DAGs
[2025-11-16T10:10:18.278+0000] {logging_mixin.py:190} INFO - [2025-11-16T10:10:18.277+0000] {dag.py:4180} INFO - Setting next_dagrun for example_nested_branch_dag to 2025-11-15 00:00:00+00:00, run_after=2025-11-16 00:00:00+00:00
[2025-11-16T10:10:18.311+0000] {processor.py:208} INFO - Processing /home/airflow/.local/lib/python3.12/site-packages/airflow/example_dags/example_nested_branch_dag.py took 0.200 seconds
[2025-11-16T10:10:49.244+0000] {processor.py:186} INFO - Started process (PID=397) to work on /home/airflow/.local/lib/python3.12/site-packages/airflow/example_dags/example_nested_branch_dag.py
[2025-11-16T10:10:49.246+0000] {processor.py:914} INFO - Processing file /home/airflow/.local/lib/python3.12/site-packages/airflow/example_dags/example_nested_branch_dag.py for tasks to queue
[2025-11-16T10:10:49.248+0000] {logging_mixin.py:190} INFO - [2025-11-16T10:10:49.248+0000] {dagbag.py:588} INFO - Filling up the DagBag from /home/airflow/.local/lib/python3.12/site-packages/airflow/example_dags/example_nested_branch_dag.py
[2025-11-16T10:10:49.272+0000] {processor.py:925} INFO - DAG(s) 'example_nested_branch_dag' retrieved from /home/airflow/.local/lib/python3.12/site-packages/airflow/example_dags/example_nested_branch_dag.py
[2025-11-16T10:10:49.312+0000] {logging_mixin.py:190} INFO - [2025-11-16T10:10:49.311+0000] {dag.py:3239} INFO - Sync 1 DAGs
[2025-11-16T10:10:49.374+0000] {logging_mixin.py:190} INFO - [2025-11-16T10:10:49.373+0000] {dag.py:4180} INFO - Setting next_dagrun for example_nested_branch_dag to 2025-11-15 00:00:00+00:00, run_after=2025-11-16 00:00:00+00:00
[2025-11-16T10:10:49.425+0000] {processor.py:208} INFO - Processing /home/airflow/.local/lib/python3.12/site-packages/airflow/example_dags/example_nested_branch_dag.py took 0.190 seconds
