[2025-11-16T07:28:45.531+0000] {processor.py:186} INFO - Started process (PID=134) to work on /home/airflow/.local/lib/python3.12/site-packages/airflow/example_dags/tutorial_taskflow_api_virtualenv.py
[2025-11-16T07:28:45.537+0000] {processor.py:914} INFO - Processing file /home/airflow/.local/lib/python3.12/site-packages/airflow/example_dags/tutorial_taskflow_api_virtualenv.py for tasks to queue
[2025-11-16T07:28:45.548+0000] {logging_mixin.py:190} INFO - [2025-11-16T07:28:45.547+0000] {dagbag.py:588} INFO - Filling up the DagBag from /home/airflow/.local/lib/python3.12/site-packages/airflow/example_dags/tutorial_taskflow_api_virtualenv.py
[2025-11-16T07:28:45.594+0000] {processor.py:925} INFO - DAG(s) 'tutorial_taskflow_api_virtualenv' retrieved from /home/airflow/.local/lib/python3.12/site-packages/airflow/example_dags/tutorial_taskflow_api_virtualenv.py
[2025-11-16T07:28:46.114+0000] {logging_mixin.py:190} INFO - [2025-11-16T07:28:46.113+0000] {dag.py:3239} INFO - Sync 1 DAGs
[2025-11-16T07:28:46.219+0000] {logging_mixin.py:190} INFO - [2025-11-16T07:28:46.219+0000] {dag.py:4180} INFO - Setting next_dagrun for tutorial_taskflow_api_virtualenv to None, run_after=None
[2025-11-16T07:28:46.356+0000] {processor.py:208} INFO - Processing /home/airflow/.local/lib/python3.12/site-packages/airflow/example_dags/tutorial_taskflow_api_virtualenv.py took 0.844 seconds
[2025-11-16T10:05:57.021+0000] {processor.py:186} INFO - Started process (PID=208) to work on /home/airflow/.local/lib/python3.12/site-packages/airflow/example_dags/tutorial_taskflow_api_virtualenv.py
[2025-11-16T10:05:57.035+0000] {processor.py:914} INFO - Processing file /home/airflow/.local/lib/python3.12/site-packages/airflow/example_dags/tutorial_taskflow_api_virtualenv.py for tasks to queue
[2025-11-16T10:05:57.052+0000] {logging_mixin.py:190} INFO - [2025-11-16T10:05:57.051+0000] {dagbag.py:588} INFO - Filling up the DagBag from /home/airflow/.local/lib/python3.12/site-packages/airflow/example_dags/tutorial_taskflow_api_virtualenv.py
[2025-11-16T10:05:57.086+0000] {processor.py:925} INFO - DAG(s) 'tutorial_taskflow_api_virtualenv' retrieved from /home/airflow/.local/lib/python3.12/site-packages/airflow/example_dags/tutorial_taskflow_api_virtualenv.py
[2025-11-16T10:05:57.147+0000] {logging_mixin.py:190} INFO - [2025-11-16T10:05:57.147+0000] {dag.py:3239} INFO - Sync 1 DAGs
[2025-11-16T10:05:57.296+0000] {logging_mixin.py:190} INFO - [2025-11-16T10:05:57.294+0000] {dag.py:4180} INFO - Setting next_dagrun for tutorial_taskflow_api_virtualenv to None, run_after=None
[2025-11-16T10:05:57.443+0000] {processor.py:208} INFO - Processing /home/airflow/.local/lib/python3.12/site-packages/airflow/example_dags/tutorial_taskflow_api_virtualenv.py took 0.439 seconds
[2025-11-16T10:08:26.549+0000] {processor.py:186} INFO - Started process (PID=114) to work on /home/airflow/.local/lib/python3.12/site-packages/airflow/example_dags/tutorial_taskflow_api_virtualenv.py
[2025-11-16T10:08:26.552+0000] {processor.py:914} INFO - Processing file /home/airflow/.local/lib/python3.12/site-packages/airflow/example_dags/tutorial_taskflow_api_virtualenv.py for tasks to queue
[2025-11-16T10:08:26.570+0000] {logging_mixin.py:190} INFO - [2025-11-16T10:08:26.569+0000] {dagbag.py:588} INFO - Filling up the DagBag from /home/airflow/.local/lib/python3.12/site-packages/airflow/example_dags/tutorial_taskflow_api_virtualenv.py
[2025-11-16T10:08:26.616+0000] {processor.py:925} INFO - DAG(s) 'tutorial_taskflow_api_virtualenv' retrieved from /home/airflow/.local/lib/python3.12/site-packages/airflow/example_dags/tutorial_taskflow_api_virtualenv.py
[2025-11-16T10:08:26.993+0000] {logging_mixin.py:190} INFO - [2025-11-16T10:08:26.992+0000] {dag.py:3239} INFO - Sync 1 DAGs
[2025-11-16T10:08:27.024+0000] {logging_mixin.py:190} INFO - [2025-11-16T10:08:27.024+0000] {dag.py:4180} INFO - Setting next_dagrun for tutorial_taskflow_api_virtualenv to None, run_after=None
[2025-11-16T10:08:27.083+0000] {processor.py:208} INFO - Processing /home/airflow/.local/lib/python3.12/site-packages/airflow/example_dags/tutorial_taskflow_api_virtualenv.py took 0.550 seconds
[2025-11-16T10:09:08.989+0000] {processor.py:186} INFO - Started process (PID=188) to work on /home/airflow/.local/lib/python3.12/site-packages/airflow/example_dags/tutorial_taskflow_api_virtualenv.py
[2025-11-16T10:09:08.991+0000] {processor.py:914} INFO - Processing file /home/airflow/.local/lib/python3.12/site-packages/airflow/example_dags/tutorial_taskflow_api_virtualenv.py for tasks to queue
[2025-11-16T10:09:08.997+0000] {logging_mixin.py:190} INFO - [2025-11-16T10:09:08.997+0000] {dagbag.py:588} INFO - Filling up the DagBag from /home/airflow/.local/lib/python3.12/site-packages/airflow/example_dags/tutorial_taskflow_api_virtualenv.py
[2025-11-16T10:09:09.036+0000] {processor.py:925} INFO - DAG(s) 'tutorial_taskflow_api_virtualenv' retrieved from /home/airflow/.local/lib/python3.12/site-packages/airflow/example_dags/tutorial_taskflow_api_virtualenv.py
[2025-11-16T10:09:09.094+0000] {logging_mixin.py:190} INFO - [2025-11-16T10:09:09.093+0000] {dag.py:3239} INFO - Sync 1 DAGs
[2025-11-16T10:09:09.135+0000] {logging_mixin.py:190} INFO - [2025-11-16T10:09:09.135+0000] {dag.py:4180} INFO - Setting next_dagrun for tutorial_taskflow_api_virtualenv to None, run_after=None
[2025-11-16T10:09:09.189+0000] {processor.py:208} INFO - Processing /home/airflow/.local/lib/python3.12/site-packages/airflow/example_dags/tutorial_taskflow_api_virtualenv.py took 0.214 seconds
[2025-11-16T10:09:42.828+0000] {processor.py:186} INFO - Started process (PID=255) to work on /home/airflow/.local/lib/python3.12/site-packages/airflow/example_dags/tutorial_taskflow_api_virtualenv.py
[2025-11-16T10:09:42.831+0000] {processor.py:914} INFO - Processing file /home/airflow/.local/lib/python3.12/site-packages/airflow/example_dags/tutorial_taskflow_api_virtualenv.py for tasks to queue
[2025-11-16T10:09:42.844+0000] {logging_mixin.py:190} INFO - [2025-11-16T10:09:42.843+0000] {dagbag.py:588} INFO - Filling up the DagBag from /home/airflow/.local/lib/python3.12/site-packages/airflow/example_dags/tutorial_taskflow_api_virtualenv.py
[2025-11-16T10:09:42.896+0000] {processor.py:925} INFO - DAG(s) 'tutorial_taskflow_api_virtualenv' retrieved from /home/airflow/.local/lib/python3.12/site-packages/airflow/example_dags/tutorial_taskflow_api_virtualenv.py
[2025-11-16T10:09:42.960+0000] {logging_mixin.py:190} INFO - [2025-11-16T10:09:42.960+0000] {dag.py:3239} INFO - Sync 1 DAGs
[2025-11-16T10:09:43.027+0000] {logging_mixin.py:190} INFO - [2025-11-16T10:09:43.026+0000] {dag.py:4180} INFO - Setting next_dagrun for tutorial_taskflow_api_virtualenv to None, run_after=None
[2025-11-16T10:09:43.102+0000] {processor.py:208} INFO - Processing /home/airflow/.local/lib/python3.12/site-packages/airflow/example_dags/tutorial_taskflow_api_virtualenv.py took 0.295 seconds
[2025-11-16T10:10:14.860+0000] {processor.py:186} INFO - Started process (PID=319) to work on /home/airflow/.local/lib/python3.12/site-packages/airflow/example_dags/tutorial_taskflow_api_virtualenv.py
[2025-11-16T10:10:14.862+0000] {processor.py:914} INFO - Processing file /home/airflow/.local/lib/python3.12/site-packages/airflow/example_dags/tutorial_taskflow_api_virtualenv.py for tasks to queue
[2025-11-16T10:10:14.872+0000] {logging_mixin.py:190} INFO - [2025-11-16T10:10:14.871+0000] {dagbag.py:588} INFO - Filling up the DagBag from /home/airflow/.local/lib/python3.12/site-packages/airflow/example_dags/tutorial_taskflow_api_virtualenv.py
[2025-11-16T10:10:14.903+0000] {processor.py:925} INFO - DAG(s) 'tutorial_taskflow_api_virtualenv' retrieved from /home/airflow/.local/lib/python3.12/site-packages/airflow/example_dags/tutorial_taskflow_api_virtualenv.py
[2025-11-16T10:10:15.021+0000] {logging_mixin.py:190} INFO - [2025-11-16T10:10:15.021+0000] {dag.py:3239} INFO - Sync 1 DAGs
[2025-11-16T10:10:15.080+0000] {logging_mixin.py:190} INFO - [2025-11-16T10:10:15.079+0000] {dag.py:4180} INFO - Setting next_dagrun for tutorial_taskflow_api_virtualenv to None, run_after=None
[2025-11-16T10:10:15.125+0000] {processor.py:208} INFO - Processing /home/airflow/.local/lib/python3.12/site-packages/airflow/example_dags/tutorial_taskflow_api_virtualenv.py took 0.277 seconds
[2025-11-16T10:10:47.661+0000] {processor.py:186} INFO - Started process (PID=383) to work on /home/airflow/.local/lib/python3.12/site-packages/airflow/example_dags/tutorial_taskflow_api_virtualenv.py
[2025-11-16T10:10:47.663+0000] {processor.py:914} INFO - Processing file /home/airflow/.local/lib/python3.12/site-packages/airflow/example_dags/tutorial_taskflow_api_virtualenv.py for tasks to queue
[2025-11-16T10:10:47.667+0000] {logging_mixin.py:190} INFO - [2025-11-16T10:10:47.667+0000] {dagbag.py:588} INFO - Filling up the DagBag from /home/airflow/.local/lib/python3.12/site-packages/airflow/example_dags/tutorial_taskflow_api_virtualenv.py
[2025-11-16T10:10:47.711+0000] {processor.py:925} INFO - DAG(s) 'tutorial_taskflow_api_virtualenv' retrieved from /home/airflow/.local/lib/python3.12/site-packages/airflow/example_dags/tutorial_taskflow_api_virtualenv.py
[2025-11-16T10:10:47.761+0000] {logging_mixin.py:190} INFO - [2025-11-16T10:10:47.760+0000] {dag.py:3239} INFO - Sync 1 DAGs
[2025-11-16T10:10:47.793+0000] {logging_mixin.py:190} INFO - [2025-11-16T10:10:47.792+0000] {dag.py:4180} INFO - Setting next_dagrun for tutorial_taskflow_api_virtualenv to None, run_after=None
[2025-11-16T10:10:47.828+0000] {processor.py:208} INFO - Processing /home/airflow/.local/lib/python3.12/site-packages/airflow/example_dags/tutorial_taskflow_api_virtualenv.py took 0.189 seconds
