[2025-11-16T00:04:29.404+0000] {processor.py:186} INFO - Started process (PID=3778) to work on /opt/airflow/dags/MKS_local_1.py
[2025-11-16T00:04:29.407+0000] {processor.py:914} INFO - Processing file /opt/airflow/dags/MKS_local_1.py for tasks to queue
[2025-11-16T00:04:29.410+0000] {logging_mixin.py:190} INFO - [2025-11-16T00:04:29.409+0000] {dagbag.py:588} INFO - Filling up the DagBag from /opt/airflow/dags/MKS_local_1.py
[2025-11-16T00:04:29.481+0000] {processor.py:925} INFO - DAG(s) 'iss_position_tracking_fixed' retrieved from /opt/airflow/dags/MKS_local_1.py
[2025-11-16T00:04:29.712+0000] {logging_mixin.py:190} INFO - [2025-11-16T00:04:29.682+0000] {dag.py:3239} INFO - Sync 1 DAGs
[2025-11-16T00:04:29.845+0000] {logging_mixin.py:190} INFO - [2025-11-16T00:04:29.844+0000] {dag.py:4180} INFO - Setting next_dagrun for iss_position_tracking_fixed to 2025-11-16 00:04:00+00:00, run_after=2025-11-16 00:05:00+00:00
[2025-11-16T00:04:30.006+0000] {processor.py:208} INFO - Processing /opt/airflow/dags/MKS_local_1.py took 0.631 seconds
[2025-11-16T07:28:32.357+0000] {processor.py:186} INFO - Started process (PID=102) to work on /opt/airflow/dags/MKS_local_1.py
[2025-11-16T07:28:32.376+0000] {processor.py:914} INFO - Processing file /opt/airflow/dags/MKS_local_1.py for tasks to queue
[2025-11-16T07:28:32.386+0000] {logging_mixin.py:190} INFO - [2025-11-16T07:28:32.385+0000] {dagbag.py:588} INFO - Filling up the DagBag from /opt/airflow/dags/MKS_local_1.py
[2025-11-16T07:28:32.511+0000] {processor.py:925} INFO - DAG(s) 'iss_position_tracking_fixed' retrieved from /opt/airflow/dags/MKS_local_1.py
[2025-11-16T07:28:32.649+0000] {logging_mixin.py:190} INFO - [2025-11-16T07:28:32.649+0000] {dag.py:3239} INFO - Sync 1 DAGs
[2025-11-16T07:28:32.727+0000] {logging_mixin.py:190} INFO - [2025-11-16T07:28:32.726+0000] {dag.py:4180} INFO - Setting next_dagrun for iss_position_tracking_fixed to 2025-11-16 07:27:00+00:00, run_after=2025-11-16 07:28:00+00:00
[2025-11-16T07:28:32.805+0000] {processor.py:208} INFO - Processing /opt/airflow/dags/MKS_local_1.py took 0.464 seconds
[2025-11-16T07:28:40.918+0000] {processor.py:186} INFO - Started process (PID=123) to work on /opt/airflow/dags/MKS_local_1.py
[2025-11-16T07:28:40.924+0000] {processor.py:914} INFO - Processing file /opt/airflow/dags/MKS_local_1.py for tasks to queue
[2025-11-16T07:28:40.933+0000] {logging_mixin.py:190} INFO - [2025-11-16T07:28:40.932+0000] {dagbag.py:588} INFO - Filling up the DagBag from /opt/airflow/dags/MKS_local_1.py
[2025-11-16T07:28:40.989+0000] {processor.py:925} INFO - DAG(s) 'iss_position_tracking_fixed' retrieved from /opt/airflow/dags/MKS_local_1.py
[2025-11-16T07:28:41.033+0000] {logging_mixin.py:190} INFO - [2025-11-16T07:28:41.032+0000] {taskinstance.py:3313} ERROR - {'DAG Id': 'iss_position_tracking_fixed', 'Task Id': 'create_table_if_not_exists', 'Run Id': 'scheduled__2025-11-15T21:40:00+00:00', 'Hostname': '7e7dc45b3d3b', 'External Executor Id': '304efda3-e200-4ac8-8257-5abb1e00cebd'}
[2025-11-16T07:28:41.098+0000] {logging_mixin.py:190} INFO - Task instance in failure state
[2025-11-16T07:28:41.099+0000] {logging_mixin.py:190} INFO - Task start:2025-11-16 00:04:40.552941+00:00 end:2025-11-16 07:28:41.049947+00:00 duration:26640.497006
[2025-11-16T07:28:41.101+0000] {logging_mixin.py:190} INFO - Task:<Task(PythonOperator): create_table_if_not_exists> dag:<DAG: iss_position_tracking_fixed> dagrun:<DagRun iss_position_tracking_fixed @ 2025-11-15 21:40:00+00:00: scheduled__2025-11-15T21:40:00+00:00, state:running, queued_at: 2025-11-15 21:41:50.083193+00:00. externally triggered: False>
[2025-11-16T07:28:41.102+0000] {logging_mixin.py:190} INFO - Failure caused by {'DAG Id': 'iss_position_tracking_fixed', 'Task Id': 'create_table_if_not_exists', 'Run Id': 'scheduled__2025-11-15T21:40:00+00:00', 'Hostname': '7e7dc45b3d3b', 'External Executor Id': '304efda3-e200-4ac8-8257-5abb1e00cebd'}
[2025-11-16T07:28:41.103+0000] {logging_mixin.py:190} INFO - [2025-11-16T07:28:41.103+0000] {taskinstance.py:1225} INFO - Marking task as FAILED. dag_id=iss_position_tracking_fixed, task_id=create_table_if_not_exists, run_id=scheduled__2025-11-15T21:40:00+00:00, execution_date=20251115T214000, start_date=20251116T000440, end_date=20251116T072841
[2025-11-16T07:28:41.128+0000] {logging_mixin.py:190} INFO - [2025-11-16T07:28:41.128+0000] {processor.py:876} INFO - Executed callback for <TaskInstance: iss_position_tracking_fixed.create_table_if_not_exists scheduled__2025-11-15T21:40:00+00:00 [failed]> in state failed
[2025-11-16T07:28:41.135+0000] {logging_mixin.py:190} INFO - [2025-11-16T07:28:41.135+0000] {taskinstance.py:3313} ERROR - {'DAG Id': 'iss_position_tracking_fixed', 'Task Id': 'create_table_if_not_exists', 'Run Id': 'scheduled__2025-11-15T21:39:00+00:00', 'Hostname': '7e7dc45b3d3b', 'External Executor Id': '0e3c8c06-3838-4811-b9e9-bf81df260e95'}
[2025-11-16T07:28:41.153+0000] {logging_mixin.py:190} INFO - Task instance in failure state
[2025-11-16T07:28:41.155+0000] {logging_mixin.py:190} INFO - Task start:2025-11-16 00:04:40.650319+00:00 end:2025-11-16 07:28:41.143751+00:00 duration:26640.493432
[2025-11-16T07:28:41.155+0000] {logging_mixin.py:190} INFO - Task:<Task(PythonOperator): create_table_if_not_exists> dag:<DAG: iss_position_tracking_fixed> dagrun:<DagRun iss_position_tracking_fixed @ 2025-11-15 21:39:00+00:00: scheduled__2025-11-15T21:39:00+00:00, state:running, queued_at: 2025-11-15 21:40:00.515111+00:00. externally triggered: False>
[2025-11-16T07:28:41.156+0000] {logging_mixin.py:190} INFO - Failure caused by {'DAG Id': 'iss_position_tracking_fixed', 'Task Id': 'create_table_if_not_exists', 'Run Id': 'scheduled__2025-11-15T21:39:00+00:00', 'Hostname': '7e7dc45b3d3b', 'External Executor Id': '0e3c8c06-3838-4811-b9e9-bf81df260e95'}
[2025-11-16T07:28:41.159+0000] {logging_mixin.py:190} INFO - [2025-11-16T07:28:41.158+0000] {taskinstance.py:1225} INFO - Marking task as FAILED. dag_id=iss_position_tracking_fixed, task_id=create_table_if_not_exists, run_id=scheduled__2025-11-15T21:39:00+00:00, execution_date=20251115T213900, start_date=20251116T000440, end_date=20251116T072841
[2025-11-16T07:28:41.171+0000] {logging_mixin.py:190} INFO - [2025-11-16T07:28:41.170+0000] {processor.py:876} INFO - Executed callback for <TaskInstance: iss_position_tracking_fixed.create_table_if_not_exists scheduled__2025-11-15T21:39:00+00:00 [failed]> in state failed
[2025-11-16T07:28:41.208+0000] {logging_mixin.py:190} INFO - [2025-11-16T07:28:41.208+0000] {dag.py:3239} INFO - Sync 1 DAGs
[2025-11-16T07:28:41.254+0000] {logging_mixin.py:190} INFO - [2025-11-16T07:28:41.254+0000] {dag.py:4180} INFO - Setting next_dagrun for iss_position_tracking_fixed to 2025-11-16 07:28:00+00:00, run_after=2025-11-16 07:29:00+00:00
[2025-11-16T07:28:41.319+0000] {processor.py:208} INFO - Processing /opt/airflow/dags/MKS_local_1.py took 0.417 seconds
[2025-11-16T10:05:39.049+0000] {processor.py:186} INFO - Started process (PID=182) to work on /opt/airflow/dags/MKS_local_1.py
[2025-11-16T10:05:39.055+0000] {processor.py:914} INFO - Processing file /opt/airflow/dags/MKS_local_1.py for tasks to queue
[2025-11-16T10:05:39.063+0000] {logging_mixin.py:190} INFO - [2025-11-16T10:05:39.063+0000] {dagbag.py:588} INFO - Filling up the DagBag from /opt/airflow/dags/MKS_local_1.py
[2025-11-16T10:05:39.845+0000] {processor.py:925} INFO - DAG(s) 'iss_position_tracking_fixed' retrieved from /opt/airflow/dags/MKS_local_1.py
[2025-11-16T10:05:40.112+0000] {logging_mixin.py:190} INFO - [2025-11-16T10:05:40.112+0000] {dag.py:3239} INFO - Sync 1 DAGs
[2025-11-16T10:05:40.439+0000] {logging_mixin.py:190} INFO - [2025-11-16T10:05:40.438+0000] {dag.py:4180} INFO - Setting next_dagrun for iss_position_tracking_fixed to 2025-11-16 10:05:00+00:00, run_after=2025-11-16 10:06:00+00:00
[2025-11-16T10:05:40.768+0000] {processor.py:208} INFO - Processing /opt/airflow/dags/MKS_local_1.py took 1.772 seconds
[2025-11-16T10:06:11.014+0000] {processor.py:186} INFO - Started process (PID=250) to work on /opt/airflow/dags/MKS_local_1.py
[2025-11-16T10:06:11.017+0000] {processor.py:914} INFO - Processing file /opt/airflow/dags/MKS_local_1.py for tasks to queue
[2025-11-16T10:06:11.023+0000] {logging_mixin.py:190} INFO - [2025-11-16T10:06:11.022+0000] {dagbag.py:588} INFO - Filling up the DagBag from /opt/airflow/dags/MKS_local_1.py
[2025-11-16T10:06:11.070+0000] {processor.py:925} INFO - DAG(s) 'iss_position_tracking_fixed' retrieved from /opt/airflow/dags/MKS_local_1.py
[2025-11-16T10:06:11.139+0000] {logging_mixin.py:190} INFO - [2025-11-16T10:06:11.138+0000] {dag.py:3239} INFO - Sync 1 DAGs
[2025-11-16T10:06:11.198+0000] {logging_mixin.py:190} INFO - [2025-11-16T10:06:11.198+0000] {dag.py:4180} INFO - Setting next_dagrun for iss_position_tracking_fixed to 2025-11-16 10:06:00+00:00, run_after=2025-11-16 10:07:00+00:00
[2025-11-16T10:06:11.295+0000] {processor.py:208} INFO - Processing /opt/airflow/dags/MKS_local_1.py took 0.296 seconds
[2025-11-16T10:08:12.547+0000] {processor.py:186} INFO - Started process (PID=82) to work on /opt/airflow/dags/MKS_local_1.py
[2025-11-16T10:08:12.551+0000] {processor.py:914} INFO - Processing file /opt/airflow/dags/MKS_local_1.py for tasks to queue
[2025-11-16T10:08:12.561+0000] {logging_mixin.py:190} INFO - [2025-11-16T10:08:12.559+0000] {dagbag.py:588} INFO - Filling up the DagBag from /opt/airflow/dags/MKS_local_1.py
[2025-11-16T10:08:12.669+0000] {processor.py:925} INFO - DAG(s) 'iss_position_tracking_fixed' retrieved from /opt/airflow/dags/MKS_local_1.py
[2025-11-16T10:08:12.763+0000] {logging_mixin.py:190} INFO - [2025-11-16T10:08:12.762+0000] {dag.py:3239} INFO - Sync 1 DAGs
[2025-11-16T10:08:12.864+0000] {logging_mixin.py:190} INFO - [2025-11-16T10:08:12.863+0000] {dag.py:4180} INFO - Setting next_dagrun for iss_position_tracking_fixed to 2025-11-16 10:08:00+00:00, run_after=2025-11-16 10:09:00+00:00
[2025-11-16T10:08:12.931+0000] {processor.py:208} INFO - Processing /opt/airflow/dags/MKS_local_1.py took 0.404 seconds
[2025-11-16T10:08:43.913+0000] {processor.py:186} INFO - Started process (PID=156) to work on /opt/airflow/dags/MKS_local_1.py
[2025-11-16T10:08:43.918+0000] {processor.py:914} INFO - Processing file /opt/airflow/dags/MKS_local_1.py for tasks to queue
[2025-11-16T10:08:43.951+0000] {logging_mixin.py:190} INFO - [2025-11-16T10:08:43.950+0000] {dagbag.py:588} INFO - Filling up the DagBag from /opt/airflow/dags/MKS_local_1.py
[2025-11-16T10:08:44.304+0000] {processor.py:925} INFO - DAG(s) 'iss_position_tracking_fixed' retrieved from /opt/airflow/dags/MKS_local_1.py
[2025-11-16T10:08:44.442+0000] {logging_mixin.py:190} INFO - [2025-11-16T10:08:44.429+0000] {dag.py:3239} INFO - Sync 1 DAGs
[2025-11-16T10:08:44.716+0000] {logging_mixin.py:190} INFO - [2025-11-16T10:08:44.714+0000] {dag.py:4180} INFO - Setting next_dagrun for iss_position_tracking_fixed to 2025-11-16 10:08:00+00:00, run_after=2025-11-16 10:09:00+00:00
[2025-11-16T10:08:44.900+0000] {processor.py:208} INFO - Processing /opt/airflow/dags/MKS_local_1.py took 1.048 seconds
[2025-11-16T10:09:10.657+0000] {processor.py:186} INFO - Started process (PID=195) to work on /opt/airflow/dags/MKS_local_1.py
[2025-11-16T10:09:10.660+0000] {processor.py:914} INFO - Processing file /opt/airflow/dags/MKS_local_1.py for tasks to queue
[2025-11-16T10:09:10.666+0000] {logging_mixin.py:190} INFO - [2025-11-16T10:09:10.665+0000] {dagbag.py:588} INFO - Filling up the DagBag from /opt/airflow/dags/MKS_local_1.py
[2025-11-16T10:09:10.712+0000] {processor.py:925} INFO - DAG(s) 'iss_position_tracking_fixed' retrieved from /opt/airflow/dags/MKS_local_1.py
[2025-11-16T10:09:10.768+0000] {logging_mixin.py:190} INFO - [2025-11-16T10:09:10.767+0000] {taskinstance.py:3313} ERROR - {'DAG Id': 'iss_position_tracking_fixed', 'Task Id': 'create_table_if_not_exists', 'Run Id': 'scheduled__2025-11-16T10:06:00+00:00', 'Hostname': '7e7dc45b3d3b', 'External Executor Id': 'b55cc4e2-9bb5-4c35-9ee1-820189723519'}
[2025-11-16T10:09:10.835+0000] {logging_mixin.py:190} INFO - Task instance in failure state
[2025-11-16T10:09:10.836+0000] {logging_mixin.py:190} INFO - Task start:2025-11-16 10:08:48.251689+00:00 end:2025-11-16 10:09:10.834405+00:00 duration:22.582716
[2025-11-16T10:09:10.839+0000] {logging_mixin.py:190} INFO - Task:<Task(PythonOperator): create_table_if_not_exists> dag:<DAG: iss_position_tracking_fixed> dagrun:<DagRun iss_position_tracking_fixed @ 2025-11-16 10:06:00+00:00: scheduled__2025-11-16T10:06:00+00:00, state:running, queued_at: 2025-11-16 10:10:09.041888+00:00. externally triggered: False>
[2025-11-16T10:09:10.841+0000] {logging_mixin.py:190} INFO - Failure caused by {'DAG Id': 'iss_position_tracking_fixed', 'Task Id': 'create_table_if_not_exists', 'Run Id': 'scheduled__2025-11-16T10:06:00+00:00', 'Hostname': '7e7dc45b3d3b', 'External Executor Id': 'b55cc4e2-9bb5-4c35-9ee1-820189723519'}
[2025-11-16T10:09:10.843+0000] {logging_mixin.py:190} INFO - [2025-11-16T10:09:10.842+0000] {taskinstance.py:1225} INFO - Marking task as UP_FOR_RETRY. dag_id=iss_position_tracking_fixed, task_id=create_table_if_not_exists, run_id=scheduled__2025-11-16T10:06:00+00:00, execution_date=20251116T100600, start_date=20251116T100848, end_date=20251116T100910
[2025-11-16T10:09:10.881+0000] {logging_mixin.py:190} INFO - [2025-11-16T10:09:10.880+0000] {processor.py:876} INFO - Executed callback for <TaskInstance: iss_position_tracking_fixed.create_table_if_not_exists scheduled__2025-11-16T10:06:00+00:00 [up_for_retry]> in state up_for_retry
[2025-11-16T10:09:10.889+0000] {logging_mixin.py:190} INFO - [2025-11-16T10:09:10.888+0000] {taskinstance.py:3313} ERROR - {'DAG Id': 'iss_position_tracking_fixed', 'Task Id': 'create_table_if_not_exists', 'Run Id': 'scheduled__2025-11-16T07:29:00+00:00', 'Hostname': '7e7dc45b3d3b', 'External Executor Id': 'e715585d-5b6e-4281-aec4-bc9d14b62c8d'}
[2025-11-16T10:09:10.912+0000] {logging_mixin.py:190} INFO - Task instance in failure state
[2025-11-16T10:09:10.913+0000] {logging_mixin.py:190} INFO - Task start:2025-11-16 10:08:48.338739+00:00 end:2025-11-16 10:09:10.911218+00:00 duration:22.572479
[2025-11-16T10:09:10.914+0000] {logging_mixin.py:190} INFO - Task:<Task(PythonOperator): create_table_if_not_exists> dag:<DAG: iss_position_tracking_fixed> dagrun:<DagRun iss_position_tracking_fixed @ 2025-11-16 07:29:00+00:00: scheduled__2025-11-16T07:29:00+00:00, state:running, queued_at: 2025-11-16 10:05:25.279108+00:00. externally triggered: False>
[2025-11-16T10:09:10.915+0000] {logging_mixin.py:190} INFO - Failure caused by {'DAG Id': 'iss_position_tracking_fixed', 'Task Id': 'create_table_if_not_exists', 'Run Id': 'scheduled__2025-11-16T07:29:00+00:00', 'Hostname': '7e7dc45b3d3b', 'External Executor Id': 'e715585d-5b6e-4281-aec4-bc9d14b62c8d'}
[2025-11-16T10:09:10.917+0000] {logging_mixin.py:190} INFO - [2025-11-16T10:09:10.916+0000] {taskinstance.py:1225} INFO - Marking task as UP_FOR_RETRY. dag_id=iss_position_tracking_fixed, task_id=create_table_if_not_exists, run_id=scheduled__2025-11-16T07:29:00+00:00, execution_date=20251116T072900, start_date=20251116T100848, end_date=20251116T100910
[2025-11-16T10:09:10.935+0000] {logging_mixin.py:190} INFO - [2025-11-16T10:09:10.934+0000] {processor.py:876} INFO - Executed callback for <TaskInstance: iss_position_tracking_fixed.create_table_if_not_exists scheduled__2025-11-16T07:29:00+00:00 [up_for_retry]> in state up_for_retry
[2025-11-16T10:09:10.971+0000] {logging_mixin.py:190} INFO - [2025-11-16T10:09:10.970+0000] {dag.py:3239} INFO - Sync 1 DAGs
[2025-11-16T10:09:11.037+0000] {logging_mixin.py:190} INFO - [2025-11-16T10:09:11.036+0000] {dag.py:4180} INFO - Setting next_dagrun for iss_position_tracking_fixed to 2025-11-16 10:09:00+00:00, run_after=2025-11-16 10:10:00+00:00
[2025-11-16T10:09:11.089+0000] {processor.py:208} INFO - Processing /opt/airflow/dags/MKS_local_1.py took 0.460 seconds
[2025-11-16T10:09:42.345+0000] {processor.py:186} INFO - Started process (PID=252) to work on /opt/airflow/dags/MKS_local_1.py
[2025-11-16T10:09:42.348+0000] {processor.py:914} INFO - Processing file /opt/airflow/dags/MKS_local_1.py for tasks to queue
[2025-11-16T10:09:42.356+0000] {logging_mixin.py:190} INFO - [2025-11-16T10:09:42.355+0000] {dagbag.py:588} INFO - Filling up the DagBag from /opt/airflow/dags/MKS_local_1.py
[2025-11-16T10:09:42.431+0000] {processor.py:925} INFO - DAG(s) 'iss_position_tracking_fixed' retrieved from /opt/airflow/dags/MKS_local_1.py
[2025-11-16T10:09:42.501+0000] {logging_mixin.py:190} INFO - [2025-11-16T10:09:42.500+0000] {dag.py:3239} INFO - Sync 1 DAGs
[2025-11-16T10:09:42.600+0000] {logging_mixin.py:190} INFO - [2025-11-16T10:09:42.600+0000] {dag.py:4180} INFO - Setting next_dagrun for iss_position_tracking_fixed to 2025-11-16 10:09:00+00:00, run_after=2025-11-16 10:10:00+00:00
[2025-11-16T10:09:42.677+0000] {processor.py:208} INFO - Processing /opt/airflow/dags/MKS_local_1.py took 0.353 seconds
[2025-11-16T10:10:14.009+0000] {processor.py:186} INFO - Started process (PID=313) to work on /opt/airflow/dags/MKS_local_1.py
[2025-11-16T10:10:14.011+0000] {processor.py:914} INFO - Processing file /opt/airflow/dags/MKS_local_1.py for tasks to queue
[2025-11-16T10:10:14.019+0000] {logging_mixin.py:190} INFO - [2025-11-16T10:10:14.017+0000] {dagbag.py:588} INFO - Filling up the DagBag from /opt/airflow/dags/MKS_local_1.py
[2025-11-16T10:10:14.077+0000] {processor.py:925} INFO - DAG(s) 'iss_position_tracking_fixed' retrieved from /opt/airflow/dags/MKS_local_1.py
[2025-11-16T10:10:14.146+0000] {logging_mixin.py:190} INFO - [2025-11-16T10:10:14.145+0000] {dag.py:3239} INFO - Sync 1 DAGs
[2025-11-16T10:10:14.204+0000] {logging_mixin.py:190} INFO - [2025-11-16T10:10:14.204+0000] {dag.py:4180} INFO - Setting next_dagrun for iss_position_tracking_fixed to 2025-11-16 10:09:00+00:00, run_after=2025-11-16 10:10:00+00:00
[2025-11-16T10:10:14.247+0000] {processor.py:208} INFO - Processing /opt/airflow/dags/MKS_local_1.py took 0.261 seconds
[2025-11-16T10:10:46.261+0000] {processor.py:186} INFO - Started process (PID=377) to work on /opt/airflow/dags/MKS_local_1.py
[2025-11-16T10:10:46.265+0000] {processor.py:914} INFO - Processing file /opt/airflow/dags/MKS_local_1.py for tasks to queue
[2025-11-16T10:10:46.271+0000] {logging_mixin.py:190} INFO - [2025-11-16T10:10:46.271+0000] {dagbag.py:588} INFO - Filling up the DagBag from /opt/airflow/dags/MKS_local_1.py
[2025-11-16T10:10:46.361+0000] {processor.py:925} INFO - DAG(s) 'iss_position_tracking_fixed' retrieved from /opt/airflow/dags/MKS_local_1.py
[2025-11-16T10:10:46.485+0000] {logging_mixin.py:190} INFO - [2025-11-16T10:10:46.484+0000] {dag.py:3239} INFO - Sync 1 DAGs
[2025-11-16T10:10:46.685+0000] {logging_mixin.py:190} INFO - [2025-11-16T10:10:46.684+0000] {dag.py:4180} INFO - Setting next_dagrun for iss_position_tracking_fixed to 2025-11-16 10:09:00+00:00, run_after=2025-11-16 10:10:00+00:00
[2025-11-16T10:10:46.781+0000] {processor.py:208} INFO - Processing /opt/airflow/dags/MKS_local_1.py took 0.534 seconds
