[2025-11-16T00:04:28.165+0000] {processor.py:186} INFO - Started process (PID=3776) to work on /opt/airflow/dags/pq_example.py
[2025-11-16T00:04:28.172+0000] {processor.py:914} INFO - Processing file /opt/airflow/dags/pq_example.py for tasks to queue
[2025-11-16T00:04:28.176+0000] {logging_mixin.py:190} INFO - [2025-11-16T00:04:28.175+0000] {dagbag.py:588} INFO - Filling up the DagBag from /opt/airflow/dags/pq_example.py
[2025-11-16T00:04:28.334+0000] {processor.py:925} INFO - DAG(s) 'excel_powerquery_etl' retrieved from /opt/airflow/dags/pq_example.py
[2025-11-16T00:04:28.535+0000] {logging_mixin.py:190} INFO - [2025-11-16T00:04:28.535+0000] {dag.py:3239} INFO - Sync 1 DAGs
[2025-11-16T00:04:28.715+0000] {logging_mixin.py:190} INFO - [2025-11-16T00:04:28.714+0000] {dag.py:4180} INFO - Setting next_dagrun for excel_powerquery_etl to 2025-11-16 00:00:00+00:00, run_after=2025-11-17 00:00:00+00:00
[2025-11-16T00:04:28.990+0000] {processor.py:208} INFO - Processing /opt/airflow/dags/pq_example.py took 0.860 seconds
[2025-11-16T07:28:31.516+0000] {processor.py:186} INFO - Started process (PID=93) to work on /opt/airflow/dags/pq_example.py
[2025-11-16T07:28:31.523+0000] {processor.py:914} INFO - Processing file /opt/airflow/dags/pq_example.py for tasks to queue
[2025-11-16T07:28:31.535+0000] {logging_mixin.py:190} INFO - [2025-11-16T07:28:31.534+0000] {dagbag.py:588} INFO - Filling up the DagBag from /opt/airflow/dags/pq_example.py
[2025-11-16T07:28:31.617+0000] {processor.py:925} INFO - DAG(s) 'excel_powerquery_etl' retrieved from /opt/airflow/dags/pq_example.py
[2025-11-16T07:28:31.711+0000] {logging_mixin.py:190} INFO - [2025-11-16T07:28:31.710+0000] {dag.py:3239} INFO - Sync 1 DAGs
[2025-11-16T07:28:31.798+0000] {logging_mixin.py:190} INFO - [2025-11-16T07:28:31.798+0000] {dag.py:4180} INFO - Setting next_dagrun for excel_powerquery_etl to 2025-11-16 00:00:00+00:00, run_after=2025-11-17 00:00:00+00:00
[2025-11-16T07:28:31.877+0000] {processor.py:208} INFO - Processing /opt/airflow/dags/pq_example.py took 0.386 seconds
[2025-11-16T10:05:36.801+0000] {processor.py:186} INFO - Started process (PID=180) to work on /opt/airflow/dags/pq_example.py
[2025-11-16T10:05:36.846+0000] {processor.py:914} INFO - Processing file /opt/airflow/dags/pq_example.py for tasks to queue
[2025-11-16T10:05:36.908+0000] {logging_mixin.py:190} INFO - [2025-11-16T10:05:36.908+0000] {dagbag.py:588} INFO - Filling up the DagBag from /opt/airflow/dags/pq_example.py
[2025-11-16T10:05:37.641+0000] {processor.py:925} INFO - DAG(s) 'excel_powerquery_etl' retrieved from /opt/airflow/dags/pq_example.py
[2025-11-16T10:05:37.499+0000] {logging_mixin.py:190} INFO - [2025-11-16T10:05:37.498+0000] {dag.py:3239} INFO - Sync 1 DAGs
[2025-11-16T10:05:37.691+0000] {logging_mixin.py:190} INFO - [2025-11-16T10:05:37.690+0000] {dag.py:4180} INFO - Setting next_dagrun for excel_powerquery_etl to 2025-11-16 00:00:00+00:00, run_after=2025-11-17 00:00:00+00:00
[2025-11-16T10:05:38.055+0000] {processor.py:208} INFO - Processing /opt/airflow/dags/pq_example.py took 1.682 seconds
[2025-11-16T10:06:08.407+0000] {processor.py:186} INFO - Started process (PID=248) to work on /opt/airflow/dags/pq_example.py
[2025-11-16T10:06:08.412+0000] {processor.py:914} INFO - Processing file /opt/airflow/dags/pq_example.py for tasks to queue
[2025-11-16T10:06:08.416+0000] {logging_mixin.py:190} INFO - [2025-11-16T10:06:08.415+0000] {dagbag.py:588} INFO - Filling up the DagBag from /opt/airflow/dags/pq_example.py
[2025-11-16T10:06:08.473+0000] {processor.py:925} INFO - DAG(s) 'excel_powerquery_etl' retrieved from /opt/airflow/dags/pq_example.py
[2025-11-16T10:06:08.559+0000] {logging_mixin.py:190} INFO - [2025-11-16T10:06:08.557+0000] {dag.py:3239} INFO - Sync 1 DAGs
[2025-11-16T10:06:08.690+0000] {logging_mixin.py:190} INFO - [2025-11-16T10:06:08.690+0000] {dag.py:4180} INFO - Setting next_dagrun for excel_powerquery_etl to 2025-11-16 00:00:00+00:00, run_after=2025-11-17 00:00:00+00:00
[2025-11-16T10:06:08.766+0000] {processor.py:208} INFO - Processing /opt/airflow/dags/pq_example.py took 0.374 seconds
[2025-11-16T10:06:53.711+0000] {processor.py:186} INFO - Started process (PID=262) to work on /opt/airflow/dags/pq_example.py
[2025-11-16T10:06:53.715+0000] {processor.py:914} INFO - Processing file /opt/airflow/dags/pq_example.py for tasks to queue
[2025-11-16T10:06:53.724+0000] {logging_mixin.py:190} INFO - [2025-11-16T10:06:53.723+0000] {dagbag.py:588} INFO - Filling up the DagBag from /opt/airflow/dags/pq_example.py
[2025-11-16T10:06:53.854+0000] {processor.py:925} INFO - DAG(s) 'excel_powerquery_etl' retrieved from /opt/airflow/dags/pq_example.py
[2025-11-16T10:06:53.969+0000] {logging_mixin.py:190} INFO - [2025-11-16T10:06:53.968+0000] {dag.py:3239} INFO - Sync 1 DAGs
[2025-11-16T10:06:54.121+0000] {logging_mixin.py:190} INFO - [2025-11-16T10:06:54.121+0000] {dag.py:4180} INFO - Setting next_dagrun for excel_powerquery_etl to 2025-11-16 00:00:00+00:00, run_after=2025-11-17 00:00:00+00:00
[2025-11-16T10:06:54.196+0000] {processor.py:208} INFO - Processing /opt/airflow/dags/pq_example.py took 0.569 seconds
[2025-11-16T10:08:12.075+0000] {processor.py:186} INFO - Started process (PID=71) to work on /opt/airflow/dags/pq_example.py
[2025-11-16T10:08:12.078+0000] {processor.py:914} INFO - Processing file /opt/airflow/dags/pq_example.py for tasks to queue
[2025-11-16T10:08:12.082+0000] {logging_mixin.py:190} INFO - [2025-11-16T10:08:12.082+0000] {dagbag.py:588} INFO - Filling up the DagBag from /opt/airflow/dags/pq_example.py
[2025-11-16T10:08:12.123+0000] {processor.py:925} INFO - DAG(s) 'excel_powerquery_etl' retrieved from /opt/airflow/dags/pq_example.py
[2025-11-16T10:08:12.185+0000] {logging_mixin.py:190} INFO - [2025-11-16T10:08:12.185+0000] {dag.py:3239} INFO - Sync 1 DAGs
[2025-11-16T10:08:12.248+0000] {logging_mixin.py:190} INFO - [2025-11-16T10:08:12.247+0000] {dag.py:4180} INFO - Setting next_dagrun for excel_powerquery_etl to 2025-11-16 00:00:00+00:00, run_after=2025-11-17 00:00:00+00:00
[2025-11-16T10:08:12.319+0000] {processor.py:208} INFO - Processing /opt/airflow/dags/pq_example.py took 0.256 seconds
[2025-11-16T10:08:42.781+0000] {processor.py:186} INFO - Started process (PID=154) to work on /opt/airflow/dags/pq_example.py
[2025-11-16T10:08:42.795+0000] {processor.py:914} INFO - Processing file /opt/airflow/dags/pq_example.py for tasks to queue
[2025-11-16T10:08:42.814+0000] {logging_mixin.py:190} INFO - [2025-11-16T10:08:42.813+0000] {dagbag.py:588} INFO - Filling up the DagBag from /opt/airflow/dags/pq_example.py
[2025-11-16T10:08:43.013+0000] {processor.py:925} INFO - DAG(s) 'excel_powerquery_etl' retrieved from /opt/airflow/dags/pq_example.py
[2025-11-16T10:08:43.139+0000] {logging_mixin.py:190} INFO - [2025-11-16T10:08:43.139+0000] {dag.py:3239} INFO - Sync 1 DAGs
[2025-11-16T10:08:43.393+0000] {logging_mixin.py:190} INFO - [2025-11-16T10:08:43.393+0000] {dag.py:4180} INFO - Setting next_dagrun for excel_powerquery_etl to 2025-11-16 00:00:00+00:00, run_after=2025-11-17 00:00:00+00:00
[2025-11-16T10:08:43.557+0000] {processor.py:208} INFO - Processing /opt/airflow/dags/pq_example.py took 0.813 seconds
[2025-11-16T10:09:17.900+0000] {processor.py:186} INFO - Started process (PID=222) to work on /opt/airflow/dags/pq_example.py
[2025-11-16T10:09:17.903+0000] {processor.py:914} INFO - Processing file /opt/airflow/dags/pq_example.py for tasks to queue
[2025-11-16T10:09:17.912+0000] {logging_mixin.py:190} INFO - [2025-11-16T10:09:17.911+0000] {dagbag.py:588} INFO - Filling up the DagBag from /opt/airflow/dags/pq_example.py
[2025-11-16T10:09:17.967+0000] {processor.py:925} INFO - DAG(s) 'excel_powerquery_etl' retrieved from /opt/airflow/dags/pq_example.py
[2025-11-16T10:09:18.036+0000] {logging_mixin.py:190} INFO - [2025-11-16T10:09:18.036+0000] {dag.py:3239} INFO - Sync 1 DAGs
[2025-11-16T10:09:18.126+0000] {logging_mixin.py:190} INFO - [2025-11-16T10:09:18.125+0000] {dag.py:4180} INFO - Setting next_dagrun for excel_powerquery_etl to 2025-11-16 00:00:00+00:00, run_after=2025-11-17 00:00:00+00:00
[2025-11-16T10:09:18.196+0000] {processor.py:208} INFO - Processing /opt/airflow/dags/pq_example.py took 0.316 seconds
