[2025-08-07T00:26:17.211+0000] {processor.py:186} INFO - Started process (PID=1018) to work on /home/airflow/.local/lib/python3.12/site-packages/airflow/example_dags/example_setup_teardown_taskflow.py
[2025-08-07T00:26:17.213+0000] {processor.py:914} INFO - Processing file /home/airflow/.local/lib/python3.12/site-packages/airflow/example_dags/example_setup_teardown_taskflow.py for tasks to queue
[2025-08-07T00:26:17.217+0000] {logging_mixin.py:190} INFO - [2025-08-07T00:26:17.216+0000] {dagbag.py:588} INFO - Filling up the DagBag from /home/airflow/.local/lib/python3.12/site-packages/airflow/example_dags/example_setup_teardown_taskflow.py
[2025-08-07T00:26:17.239+0000] {processor.py:925} INFO - DAG(s) 'example_setup_teardown_taskflow' retrieved from /home/airflow/.local/lib/python3.12/site-packages/airflow/example_dags/example_setup_teardown_taskflow.py
[2025-08-07T00:26:17.283+0000] {logging_mixin.py:190} INFO - [2025-08-07T00:26:17.283+0000] {dag.py:3239} INFO - Sync 1 DAGs
[2025-08-07T00:26:17.313+0000] {logging_mixin.py:190} INFO - [2025-08-07T00:26:17.313+0000] {dag.py:4180} INFO - Setting next_dagrun for example_setup_teardown_taskflow to None, run_after=None
[2025-08-07T00:26:17.410+0000] {processor.py:208} INFO - Processing /home/airflow/.local/lib/python3.12/site-packages/airflow/example_dags/example_setup_teardown_taskflow.py took 0.208 seconds
[2025-08-07T11:29:42.093+0000] {processor.py:186} INFO - Started process (PID=1106) to work on /home/airflow/.local/lib/python3.12/site-packages/airflow/example_dags/example_setup_teardown_taskflow.py
[2025-08-07T11:29:42.096+0000] {processor.py:914} INFO - Processing file /home/airflow/.local/lib/python3.12/site-packages/airflow/example_dags/example_setup_teardown_taskflow.py for tasks to queue
[2025-08-07T11:29:42.098+0000] {logging_mixin.py:190} INFO - [2025-08-07T11:29:42.097+0000] {dagbag.py:588} INFO - Filling up the DagBag from /home/airflow/.local/lib/python3.12/site-packages/airflow/example_dags/example_setup_teardown_taskflow.py
[2025-08-07T11:29:42.126+0000] {processor.py:925} INFO - DAG(s) 'example_setup_teardown_taskflow' retrieved from /home/airflow/.local/lib/python3.12/site-packages/airflow/example_dags/example_setup_teardown_taskflow.py
[2025-08-07T11:29:42.165+0000] {logging_mixin.py:190} INFO - [2025-08-07T11:29:42.164+0000] {dag.py:3239} INFO - Sync 1 DAGs
[2025-08-07T11:29:42.194+0000] {logging_mixin.py:190} INFO - [2025-08-07T11:29:42.194+0000] {dag.py:4180} INFO - Setting next_dagrun for example_setup_teardown_taskflow to None, run_after=None
[2025-08-07T11:29:42.271+0000] {processor.py:208} INFO - Processing /home/airflow/.local/lib/python3.12/site-packages/airflow/example_dags/example_setup_teardown_taskflow.py took 0.189 seconds
[2025-08-07T17:21:41.889+0000] {processor.py:186} INFO - Started process (PID=1184) to work on /home/airflow/.local/lib/python3.12/site-packages/airflow/example_dags/example_setup_teardown_taskflow.py
[2025-08-07T17:21:41.899+0000] {processor.py:914} INFO - Processing file /home/airflow/.local/lib/python3.12/site-packages/airflow/example_dags/example_setup_teardown_taskflow.py for tasks to queue
[2025-08-07T17:21:41.902+0000] {logging_mixin.py:190} INFO - [2025-08-07T17:21:41.901+0000] {dagbag.py:588} INFO - Filling up the DagBag from /home/airflow/.local/lib/python3.12/site-packages/airflow/example_dags/example_setup_teardown_taskflow.py
[2025-08-07T17:21:41.924+0000] {processor.py:925} INFO - DAG(s) 'example_setup_teardown_taskflow' retrieved from /home/airflow/.local/lib/python3.12/site-packages/airflow/example_dags/example_setup_teardown_taskflow.py
[2025-08-07T17:21:41.993+0000] {logging_mixin.py:190} INFO - [2025-08-07T17:21:41.992+0000] {dag.py:3239} INFO - Sync 1 DAGs
[2025-08-07T17:21:42.037+0000] {logging_mixin.py:190} INFO - [2025-08-07T17:21:42.036+0000] {dag.py:4180} INFO - Setting next_dagrun for example_setup_teardown_taskflow to None, run_after=None
[2025-08-07T17:21:42.095+0000] {processor.py:208} INFO - Processing /home/airflow/.local/lib/python3.12/site-packages/airflow/example_dags/example_setup_teardown_taskflow.py took 0.215 seconds
[2025-08-07T17:22:13.989+0000] {processor.py:186} INFO - Started process (PID=1250) to work on /home/airflow/.local/lib/python3.12/site-packages/airflow/example_dags/example_setup_teardown_taskflow.py
[2025-08-07T17:22:13.990+0000] {processor.py:914} INFO - Processing file /home/airflow/.local/lib/python3.12/site-packages/airflow/example_dags/example_setup_teardown_taskflow.py for tasks to queue
[2025-08-07T17:22:13.992+0000] {logging_mixin.py:190} INFO - [2025-08-07T17:22:13.992+0000] {dagbag.py:588} INFO - Filling up the DagBag from /home/airflow/.local/lib/python3.12/site-packages/airflow/example_dags/example_setup_teardown_taskflow.py
[2025-08-07T17:22:14.010+0000] {processor.py:925} INFO - DAG(s) 'example_setup_teardown_taskflow' retrieved from /home/airflow/.local/lib/python3.12/site-packages/airflow/example_dags/example_setup_teardown_taskflow.py
[2025-08-07T17:22:14.041+0000] {logging_mixin.py:190} INFO - [2025-08-07T17:22:14.041+0000] {dag.py:3239} INFO - Sync 1 DAGs
[2025-08-07T17:22:14.067+0000] {logging_mixin.py:190} INFO - [2025-08-07T17:22:14.066+0000] {dag.py:4180} INFO - Setting next_dagrun for example_setup_teardown_taskflow to None, run_after=None
[2025-08-07T17:22:14.092+0000] {processor.py:208} INFO - Processing /home/airflow/.local/lib/python3.12/site-packages/airflow/example_dags/example_setup_teardown_taskflow.py took 0.112 seconds
[2025-08-07T17:22:45.102+0000] {processor.py:186} INFO - Started process (PID=1316) to work on /home/airflow/.local/lib/python3.12/site-packages/airflow/example_dags/example_setup_teardown_taskflow.py
[2025-08-07T17:22:45.104+0000] {processor.py:914} INFO - Processing file /home/airflow/.local/lib/python3.12/site-packages/airflow/example_dags/example_setup_teardown_taskflow.py for tasks to queue
[2025-08-07T17:22:45.106+0000] {logging_mixin.py:190} INFO - [2025-08-07T17:22:45.105+0000] {dagbag.py:588} INFO - Filling up the DagBag from /home/airflow/.local/lib/python3.12/site-packages/airflow/example_dags/example_setup_teardown_taskflow.py
[2025-08-07T17:22:45.119+0000] {processor.py:925} INFO - DAG(s) 'example_setup_teardown_taskflow' retrieved from /home/airflow/.local/lib/python3.12/site-packages/airflow/example_dags/example_setup_teardown_taskflow.py
[2025-08-07T17:22:45.146+0000] {logging_mixin.py:190} INFO - [2025-08-07T17:22:45.146+0000] {dag.py:3239} INFO - Sync 1 DAGs
[2025-08-07T17:22:45.170+0000] {logging_mixin.py:190} INFO - [2025-08-07T17:22:45.169+0000] {dag.py:4180} INFO - Setting next_dagrun for example_setup_teardown_taskflow to None, run_after=None
[2025-08-07T17:22:45.204+0000] {processor.py:208} INFO - Processing /home/airflow/.local/lib/python3.12/site-packages/airflow/example_dags/example_setup_teardown_taskflow.py took 0.109 seconds
[2025-08-07T17:22:05.394+0000] {processor.py:186} INFO - Started process (PID=1382) to work on /home/airflow/.local/lib/python3.12/site-packages/airflow/example_dags/example_setup_teardown_taskflow.py
[2025-08-07T17:22:05.396+0000] {processor.py:914} INFO - Processing file /home/airflow/.local/lib/python3.12/site-packages/airflow/example_dags/example_setup_teardown_taskflow.py for tasks to queue
[2025-08-07T17:22:05.397+0000] {logging_mixin.py:190} INFO - [2025-08-07T17:22:05.397+0000] {dagbag.py:588} INFO - Filling up the DagBag from /home/airflow/.local/lib/python3.12/site-packages/airflow/example_dags/example_setup_teardown_taskflow.py
[2025-08-07T17:22:05.408+0000] {processor.py:925} INFO - DAG(s) 'example_setup_teardown_taskflow' retrieved from /home/airflow/.local/lib/python3.12/site-packages/airflow/example_dags/example_setup_teardown_taskflow.py
[2025-08-07T17:22:05.436+0000] {logging_mixin.py:190} INFO - [2025-08-07T17:22:05.435+0000] {dag.py:3239} INFO - Sync 1 DAGs
[2025-08-07T17:22:05.457+0000] {logging_mixin.py:190} INFO - [2025-08-07T17:22:05.457+0000] {dag.py:4180} INFO - Setting next_dagrun for example_setup_teardown_taskflow to None, run_after=None
[2025-08-07T17:22:05.490+0000] {processor.py:208} INFO - Processing /home/airflow/.local/lib/python3.12/site-packages/airflow/example_dags/example_setup_teardown_taskflow.py took 0.102 seconds
[2025-08-07T17:22:36.204+0000] {processor.py:186} INFO - Started process (PID=1412) to work on /home/airflow/.local/lib/python3.12/site-packages/airflow/example_dags/example_setup_teardown_taskflow.py
[2025-08-07T17:22:36.206+0000] {processor.py:914} INFO - Processing file /home/airflow/.local/lib/python3.12/site-packages/airflow/example_dags/example_setup_teardown_taskflow.py for tasks to queue
[2025-08-07T17:22:36.208+0000] {logging_mixin.py:190} INFO - [2025-08-07T17:22:36.207+0000] {dagbag.py:588} INFO - Filling up the DagBag from /home/airflow/.local/lib/python3.12/site-packages/airflow/example_dags/example_setup_teardown_taskflow.py
[2025-08-07T17:22:36.219+0000] {processor.py:925} INFO - DAG(s) 'example_setup_teardown_taskflow' retrieved from /home/airflow/.local/lib/python3.12/site-packages/airflow/example_dags/example_setup_teardown_taskflow.py
[2025-08-07T17:22:36.246+0000] {logging_mixin.py:190} INFO - [2025-08-07T17:22:36.246+0000] {dag.py:3239} INFO - Sync 1 DAGs
[2025-08-07T17:22:36.263+0000] {logging_mixin.py:190} INFO - [2025-08-07T17:22:36.262+0000] {dag.py:4180} INFO - Setting next_dagrun for example_setup_teardown_taskflow to None, run_after=None
[2025-08-07T17:22:36.287+0000] {processor.py:208} INFO - Processing /home/airflow/.local/lib/python3.12/site-packages/airflow/example_dags/example_setup_teardown_taskflow.py took 0.089 seconds
[2025-08-07T17:23:08.210+0000] {processor.py:186} INFO - Started process (PID=1444) to work on /home/airflow/.local/lib/python3.12/site-packages/airflow/example_dags/example_setup_teardown_taskflow.py
[2025-08-07T17:23:08.211+0000] {processor.py:914} INFO - Processing file /home/airflow/.local/lib/python3.12/site-packages/airflow/example_dags/example_setup_teardown_taskflow.py for tasks to queue
[2025-08-07T17:23:08.213+0000] {logging_mixin.py:190} INFO - [2025-08-07T17:23:08.213+0000] {dagbag.py:588} INFO - Filling up the DagBag from /home/airflow/.local/lib/python3.12/site-packages/airflow/example_dags/example_setup_teardown_taskflow.py
[2025-08-07T17:23:08.224+0000] {processor.py:925} INFO - DAG(s) 'example_setup_teardown_taskflow' retrieved from /home/airflow/.local/lib/python3.12/site-packages/airflow/example_dags/example_setup_teardown_taskflow.py
[2025-08-07T17:23:08.250+0000] {logging_mixin.py:190} INFO - [2025-08-07T17:23:08.250+0000] {dag.py:3239} INFO - Sync 1 DAGs
[2025-08-07T17:23:08.265+0000] {logging_mixin.py:190} INFO - [2025-08-07T17:23:08.265+0000] {dag.py:4180} INFO - Setting next_dagrun for example_setup_teardown_taskflow to None, run_after=None
[2025-08-07T17:23:08.292+0000] {processor.py:208} INFO - Processing /home/airflow/.local/lib/python3.12/site-packages/airflow/example_dags/example_setup_teardown_taskflow.py took 0.088 seconds
[2025-08-07T17:23:16.180+0000] {processor.py:186} INFO - Started process (PID=1480) to work on /home/airflow/.local/lib/python3.12/site-packages/airflow/example_dags/example_setup_teardown_taskflow.py
[2025-08-07T17:23:16.181+0000] {processor.py:914} INFO - Processing file /home/airflow/.local/lib/python3.12/site-packages/airflow/example_dags/example_setup_teardown_taskflow.py for tasks to queue
[2025-08-07T17:23:16.183+0000] {logging_mixin.py:190} INFO - [2025-08-07T17:23:16.182+0000] {dagbag.py:588} INFO - Filling up the DagBag from /home/airflow/.local/lib/python3.12/site-packages/airflow/example_dags/example_setup_teardown_taskflow.py
[2025-08-07T17:23:16.195+0000] {processor.py:925} INFO - DAG(s) 'example_setup_teardown_taskflow' retrieved from /home/airflow/.local/lib/python3.12/site-packages/airflow/example_dags/example_setup_teardown_taskflow.py
[2025-08-07T17:23:16.224+0000] {logging_mixin.py:190} INFO - [2025-08-07T17:23:16.223+0000] {dag.py:3239} INFO - Sync 1 DAGs
[2025-08-07T17:23:16.242+0000] {logging_mixin.py:190} INFO - [2025-08-07T17:23:16.242+0000] {dag.py:4180} INFO - Setting next_dagrun for example_setup_teardown_taskflow to None, run_after=None
[2025-08-07T17:23:16.265+0000] {processor.py:208} INFO - Processing /home/airflow/.local/lib/python3.12/site-packages/airflow/example_dags/example_setup_teardown_taskflow.py took 0.092 seconds
[2025-08-07T17:23:46.084+0000] {processor.py:186} INFO - Started process (PID=1546) to work on /home/airflow/.local/lib/python3.12/site-packages/airflow/example_dags/example_setup_teardown_taskflow.py
[2025-08-07T17:23:46.086+0000] {processor.py:914} INFO - Processing file /home/airflow/.local/lib/python3.12/site-packages/airflow/example_dags/example_setup_teardown_taskflow.py for tasks to queue
[2025-08-07T17:23:46.087+0000] {logging_mixin.py:190} INFO - [2025-08-07T17:23:46.087+0000] {dagbag.py:588} INFO - Filling up the DagBag from /home/airflow/.local/lib/python3.12/site-packages/airflow/example_dags/example_setup_teardown_taskflow.py
[2025-08-07T17:23:46.098+0000] {processor.py:925} INFO - DAG(s) 'example_setup_teardown_taskflow' retrieved from /home/airflow/.local/lib/python3.12/site-packages/airflow/example_dags/example_setup_teardown_taskflow.py
[2025-08-07T17:23:46.124+0000] {logging_mixin.py:190} INFO - [2025-08-07T17:23:46.124+0000] {dag.py:3239} INFO - Sync 1 DAGs
[2025-08-07T17:23:46.142+0000] {logging_mixin.py:190} INFO - [2025-08-07T17:23:46.142+0000] {dag.py:4180} INFO - Setting next_dagrun for example_setup_teardown_taskflow to None, run_after=None
[2025-08-07T17:23:46.167+0000] {processor.py:208} INFO - Processing /home/airflow/.local/lib/python3.12/site-packages/airflow/example_dags/example_setup_teardown_taskflow.py took 0.089 seconds
[2025-08-07T17:24:01.014+0000] {processor.py:186} INFO - Started process (PID=1604) to work on /home/airflow/.local/lib/python3.12/site-packages/airflow/example_dags/example_setup_teardown_taskflow.py
[2025-08-07T17:24:01.015+0000] {processor.py:914} INFO - Processing file /home/airflow/.local/lib/python3.12/site-packages/airflow/example_dags/example_setup_teardown_taskflow.py for tasks to queue
[2025-08-07T17:24:01.016+0000] {logging_mixin.py:190} INFO - [2025-08-07T17:24:01.016+0000] {dagbag.py:588} INFO - Filling up the DagBag from /home/airflow/.local/lib/python3.12/site-packages/airflow/example_dags/example_setup_teardown_taskflow.py
[2025-08-07T17:24:01.027+0000] {processor.py:925} INFO - DAG(s) 'example_setup_teardown_taskflow' retrieved from /home/airflow/.local/lib/python3.12/site-packages/airflow/example_dags/example_setup_teardown_taskflow.py
[2025-08-07T17:24:01.052+0000] {logging_mixin.py:190} INFO - [2025-08-07T17:24:01.052+0000] {dag.py:3239} INFO - Sync 1 DAGs
[2025-08-07T17:24:01.068+0000] {logging_mixin.py:190} INFO - [2025-08-07T17:24:01.068+0000] {dag.py:4180} INFO - Setting next_dagrun for example_setup_teardown_taskflow to None, run_after=None
[2025-08-07T17:24:01.095+0000] {processor.py:208} INFO - Processing /home/airflow/.local/lib/python3.12/site-packages/airflow/example_dags/example_setup_teardown_taskflow.py took 0.088 seconds
[2025-08-07T17:24:14.707+0000] {processor.py:186} INFO - Started process (PID=1670) to work on /home/airflow/.local/lib/python3.12/site-packages/airflow/example_dags/example_setup_teardown_taskflow.py
[2025-08-07T17:24:14.708+0000] {processor.py:914} INFO - Processing file /home/airflow/.local/lib/python3.12/site-packages/airflow/example_dags/example_setup_teardown_taskflow.py for tasks to queue
[2025-08-07T17:24:14.710+0000] {logging_mixin.py:190} INFO - [2025-08-07T17:24:14.709+0000] {dagbag.py:588} INFO - Filling up the DagBag from /home/airflow/.local/lib/python3.12/site-packages/airflow/example_dags/example_setup_teardown_taskflow.py
[2025-08-07T17:24:14.721+0000] {processor.py:925} INFO - DAG(s) 'example_setup_teardown_taskflow' retrieved from /home/airflow/.local/lib/python3.12/site-packages/airflow/example_dags/example_setup_teardown_taskflow.py
[2025-08-07T17:24:14.745+0000] {logging_mixin.py:190} INFO - [2025-08-07T17:24:14.745+0000] {dag.py:3239} INFO - Sync 1 DAGs
[2025-08-07T17:24:14.762+0000] {logging_mixin.py:190} INFO - [2025-08-07T17:24:14.762+0000] {dag.py:4180} INFO - Setting next_dagrun for example_setup_teardown_taskflow to None, run_after=None
[2025-08-07T17:24:14.787+0000] {processor.py:208} INFO - Processing /home/airflow/.local/lib/python3.12/site-packages/airflow/example_dags/example_setup_teardown_taskflow.py took 0.086 seconds
[2025-08-07T17:24:45.924+0000] {processor.py:186} INFO - Started process (PID=1738) to work on /home/airflow/.local/lib/python3.12/site-packages/airflow/example_dags/example_setup_teardown_taskflow.py
[2025-08-07T17:24:45.925+0000] {processor.py:914} INFO - Processing file /home/airflow/.local/lib/python3.12/site-packages/airflow/example_dags/example_setup_teardown_taskflow.py for tasks to queue
[2025-08-07T17:24:45.927+0000] {logging_mixin.py:190} INFO - [2025-08-07T17:24:45.927+0000] {dagbag.py:588} INFO - Filling up the DagBag from /home/airflow/.local/lib/python3.12/site-packages/airflow/example_dags/example_setup_teardown_taskflow.py
[2025-08-07T17:24:45.941+0000] {processor.py:925} INFO - DAG(s) 'example_setup_teardown_taskflow' retrieved from /home/airflow/.local/lib/python3.12/site-packages/airflow/example_dags/example_setup_teardown_taskflow.py
[2025-08-07T17:24:45.965+0000] {logging_mixin.py:190} INFO - [2025-08-07T17:24:45.965+0000] {dag.py:3239} INFO - Sync 1 DAGs
[2025-08-07T17:24:45.982+0000] {logging_mixin.py:190} INFO - [2025-08-07T17:24:45.982+0000] {dag.py:4180} INFO - Setting next_dagrun for example_setup_teardown_taskflow to None, run_after=None
[2025-08-07T17:24:46.010+0000] {processor.py:208} INFO - Processing /home/airflow/.local/lib/python3.12/site-packages/airflow/example_dags/example_setup_teardown_taskflow.py took 0.092 seconds
[2025-08-07T17:25:01.054+0000] {processor.py:186} INFO - Started process (PID=1797) to work on /home/airflow/.local/lib/python3.12/site-packages/airflow/example_dags/example_setup_teardown_taskflow.py
[2025-08-07T17:25:01.055+0000] {processor.py:914} INFO - Processing file /home/airflow/.local/lib/python3.12/site-packages/airflow/example_dags/example_setup_teardown_taskflow.py for tasks to queue
[2025-08-07T17:25:01.056+0000] {logging_mixin.py:190} INFO - [2025-08-07T17:25:01.056+0000] {dagbag.py:588} INFO - Filling up the DagBag from /home/airflow/.local/lib/python3.12/site-packages/airflow/example_dags/example_setup_teardown_taskflow.py
[2025-08-07T17:25:01.072+0000] {processor.py:925} INFO - DAG(s) 'example_setup_teardown_taskflow' retrieved from /home/airflow/.local/lib/python3.12/site-packages/airflow/example_dags/example_setup_teardown_taskflow.py
[2025-08-07T17:25:01.098+0000] {logging_mixin.py:190} INFO - [2025-08-07T17:25:01.097+0000] {dag.py:3239} INFO - Sync 1 DAGs
[2025-08-07T17:25:01.120+0000] {logging_mixin.py:190} INFO - [2025-08-07T17:25:01.120+0000] {dag.py:4180} INFO - Setting next_dagrun for example_setup_teardown_taskflow to None, run_after=None
[2025-08-07T17:25:01.150+0000] {processor.py:208} INFO - Processing /home/airflow/.local/lib/python3.12/site-packages/airflow/example_dags/example_setup_teardown_taskflow.py took 0.103 seconds
[2025-08-07T17:25:14.753+0000] {processor.py:186} INFO - Started process (PID=1859) to work on /home/airflow/.local/lib/python3.12/site-packages/airflow/example_dags/example_setup_teardown_taskflow.py
[2025-08-07T17:25:14.754+0000] {processor.py:914} INFO - Processing file /home/airflow/.local/lib/python3.12/site-packages/airflow/example_dags/example_setup_teardown_taskflow.py for tasks to queue
[2025-08-07T17:25:14.756+0000] {logging_mixin.py:190} INFO - [2025-08-07T17:25:14.756+0000] {dagbag.py:588} INFO - Filling up the DagBag from /home/airflow/.local/lib/python3.12/site-packages/airflow/example_dags/example_setup_teardown_taskflow.py
[2025-08-07T17:25:14.769+0000] {processor.py:925} INFO - DAG(s) 'example_setup_teardown_taskflow' retrieved from /home/airflow/.local/lib/python3.12/site-packages/airflow/example_dags/example_setup_teardown_taskflow.py
[2025-08-07T17:25:14.793+0000] {logging_mixin.py:190} INFO - [2025-08-07T17:25:14.793+0000] {dag.py:3239} INFO - Sync 1 DAGs
[2025-08-07T17:25:14.809+0000] {logging_mixin.py:190} INFO - [2025-08-07T17:25:14.809+0000] {dag.py:4180} INFO - Setting next_dagrun for example_setup_teardown_taskflow to None, run_after=None
[2025-08-07T17:25:14.833+0000] {processor.py:208} INFO - Processing /home/airflow/.local/lib/python3.12/site-packages/airflow/example_dags/example_setup_teardown_taskflow.py took 0.086 seconds
[2025-08-07T17:25:43.434+0000] {processor.py:186} INFO - Started process (PID=1924) to work on /home/airflow/.local/lib/python3.12/site-packages/airflow/example_dags/example_setup_teardown_taskflow.py
[2025-08-07T17:25:43.435+0000] {processor.py:914} INFO - Processing file /home/airflow/.local/lib/python3.12/site-packages/airflow/example_dags/example_setup_teardown_taskflow.py for tasks to queue
[2025-08-07T17:25:43.438+0000] {logging_mixin.py:190} INFO - [2025-08-07T17:25:43.438+0000] {dagbag.py:588} INFO - Filling up the DagBag from /home/airflow/.local/lib/python3.12/site-packages/airflow/example_dags/example_setup_teardown_taskflow.py
[2025-08-07T17:25:43.452+0000] {processor.py:925} INFO - DAG(s) 'example_setup_teardown_taskflow' retrieved from /home/airflow/.local/lib/python3.12/site-packages/airflow/example_dags/example_setup_teardown_taskflow.py
[2025-08-07T17:25:43.484+0000] {logging_mixin.py:190} INFO - [2025-08-07T17:25:43.483+0000] {dag.py:3239} INFO - Sync 1 DAGs
[2025-08-07T17:25:43.510+0000] {logging_mixin.py:190} INFO - [2025-08-07T17:25:43.510+0000] {dag.py:4180} INFO - Setting next_dagrun for example_setup_teardown_taskflow to None, run_after=None
[2025-08-07T17:25:43.540+0000] {processor.py:208} INFO - Processing /home/airflow/.local/lib/python3.12/site-packages/airflow/example_dags/example_setup_teardown_taskflow.py took 0.113 seconds
[2025-08-07T17:26:14.994+0000] {processor.py:186} INFO - Started process (PID=1988) to work on /home/airflow/.local/lib/python3.12/site-packages/airflow/example_dags/example_setup_teardown_taskflow.py
[2025-08-07T17:26:14.996+0000] {processor.py:914} INFO - Processing file /home/airflow/.local/lib/python3.12/site-packages/airflow/example_dags/example_setup_teardown_taskflow.py for tasks to queue
[2025-08-07T17:26:14.998+0000] {logging_mixin.py:190} INFO - [2025-08-07T17:26:14.997+0000] {dagbag.py:588} INFO - Filling up the DagBag from /home/airflow/.local/lib/python3.12/site-packages/airflow/example_dags/example_setup_teardown_taskflow.py
[2025-08-07T17:26:15.009+0000] {processor.py:925} INFO - DAG(s) 'example_setup_teardown_taskflow' retrieved from /home/airflow/.local/lib/python3.12/site-packages/airflow/example_dags/example_setup_teardown_taskflow.py
[2025-08-07T17:26:15.037+0000] {logging_mixin.py:190} INFO - [2025-08-07T17:26:15.036+0000] {dag.py:3239} INFO - Sync 1 DAGs
[2025-08-07T17:26:15.055+0000] {logging_mixin.py:190} INFO - [2025-08-07T17:26:15.054+0000] {dag.py:4180} INFO - Setting next_dagrun for example_setup_teardown_taskflow to None, run_after=None
[2025-08-07T17:26:15.082+0000] {processor.py:208} INFO - Processing /home/airflow/.local/lib/python3.12/site-packages/airflow/example_dags/example_setup_teardown_taskflow.py took 0.094 seconds
[2025-08-07T17:26:46.216+0000] {processor.py:186} INFO - Started process (PID=2051) to work on /home/airflow/.local/lib/python3.12/site-packages/airflow/example_dags/example_setup_teardown_taskflow.py
[2025-08-07T17:26:46.217+0000] {processor.py:914} INFO - Processing file /home/airflow/.local/lib/python3.12/site-packages/airflow/example_dags/example_setup_teardown_taskflow.py for tasks to queue
[2025-08-07T17:26:46.219+0000] {logging_mixin.py:190} INFO - [2025-08-07T17:26:46.219+0000] {dagbag.py:588} INFO - Filling up the DagBag from /home/airflow/.local/lib/python3.12/site-packages/airflow/example_dags/example_setup_teardown_taskflow.py
[2025-08-07T17:26:46.230+0000] {processor.py:925} INFO - DAG(s) 'example_setup_teardown_taskflow' retrieved from /home/airflow/.local/lib/python3.12/site-packages/airflow/example_dags/example_setup_teardown_taskflow.py
[2025-08-07T17:26:46.257+0000] {logging_mixin.py:190} INFO - [2025-08-07T17:26:46.256+0000] {dag.py:3239} INFO - Sync 1 DAGs
[2025-08-07T17:26:46.273+0000] {logging_mixin.py:190} INFO - [2025-08-07T17:26:46.273+0000] {dag.py:4180} INFO - Setting next_dagrun for example_setup_teardown_taskflow to None, run_after=None
[2025-08-07T17:26:46.301+0000] {processor.py:208} INFO - Processing /home/airflow/.local/lib/python3.12/site-packages/airflow/example_dags/example_setup_teardown_taskflow.py took 0.091 seconds
[2025-08-07T17:26:56.459+0000] {processor.py:186} INFO - Started process (PID=2111) to work on /home/airflow/.local/lib/python3.12/site-packages/airflow/example_dags/example_setup_teardown_taskflow.py
[2025-08-07T17:26:56.461+0000] {processor.py:914} INFO - Processing file /home/airflow/.local/lib/python3.12/site-packages/airflow/example_dags/example_setup_teardown_taskflow.py for tasks to queue
[2025-08-07T17:26:56.463+0000] {logging_mixin.py:190} INFO - [2025-08-07T17:26:56.462+0000] {dagbag.py:588} INFO - Filling up the DagBag from /home/airflow/.local/lib/python3.12/site-packages/airflow/example_dags/example_setup_teardown_taskflow.py
[2025-08-07T17:26:56.478+0000] {processor.py:925} INFO - DAG(s) 'example_setup_teardown_taskflow' retrieved from /home/airflow/.local/lib/python3.12/site-packages/airflow/example_dags/example_setup_teardown_taskflow.py
[2025-08-07T17:26:56.513+0000] {logging_mixin.py:190} INFO - [2025-08-07T17:26:56.513+0000] {dag.py:3239} INFO - Sync 1 DAGs
[2025-08-07T17:26:56.530+0000] {logging_mixin.py:190} INFO - [2025-08-07T17:26:56.530+0000] {dag.py:4180} INFO - Setting next_dagrun for example_setup_teardown_taskflow to None, run_after=None
[2025-08-07T17:26:56.559+0000] {processor.py:208} INFO - Processing /home/airflow/.local/lib/python3.12/site-packages/airflow/example_dags/example_setup_teardown_taskflow.py took 0.104 seconds
[2025-08-07T17:27:27.850+0000] {processor.py:186} INFO - Started process (PID=2175) to work on /home/airflow/.local/lib/python3.12/site-packages/airflow/example_dags/example_setup_teardown_taskflow.py
[2025-08-07T17:27:27.852+0000] {processor.py:914} INFO - Processing file /home/airflow/.local/lib/python3.12/site-packages/airflow/example_dags/example_setup_teardown_taskflow.py for tasks to queue
[2025-08-07T17:27:27.854+0000] {logging_mixin.py:190} INFO - [2025-08-07T17:27:27.853+0000] {dagbag.py:588} INFO - Filling up the DagBag from /home/airflow/.local/lib/python3.12/site-packages/airflow/example_dags/example_setup_teardown_taskflow.py
[2025-08-07T17:27:27.869+0000] {processor.py:925} INFO - DAG(s) 'example_setup_teardown_taskflow' retrieved from /home/airflow/.local/lib/python3.12/site-packages/airflow/example_dags/example_setup_teardown_taskflow.py
[2025-08-07T17:27:27.899+0000] {logging_mixin.py:190} INFO - [2025-08-07T17:27:27.898+0000] {dag.py:3239} INFO - Sync 1 DAGs
[2025-08-07T17:27:27.923+0000] {logging_mixin.py:190} INFO - [2025-08-07T17:27:27.922+0000] {dag.py:4180} INFO - Setting next_dagrun for example_setup_teardown_taskflow to None, run_after=None
[2025-08-07T17:27:27.951+0000] {processor.py:208} INFO - Processing /home/airflow/.local/lib/python3.12/site-packages/airflow/example_dags/example_setup_teardown_taskflow.py took 0.107 seconds
[2025-08-07T17:27:57.147+0000] {processor.py:186} INFO - Started process (PID=2239) to work on /home/airflow/.local/lib/python3.12/site-packages/airflow/example_dags/example_setup_teardown_taskflow.py
[2025-08-07T17:27:57.148+0000] {processor.py:914} INFO - Processing file /home/airflow/.local/lib/python3.12/site-packages/airflow/example_dags/example_setup_teardown_taskflow.py for tasks to queue
[2025-08-07T17:27:57.150+0000] {logging_mixin.py:190} INFO - [2025-08-07T17:27:57.149+0000] {dagbag.py:588} INFO - Filling up the DagBag from /home/airflow/.local/lib/python3.12/site-packages/airflow/example_dags/example_setup_teardown_taskflow.py
[2025-08-07T17:27:57.165+0000] {processor.py:925} INFO - DAG(s) 'example_setup_teardown_taskflow' retrieved from /home/airflow/.local/lib/python3.12/site-packages/airflow/example_dags/example_setup_teardown_taskflow.py
[2025-08-07T17:27:57.194+0000] {logging_mixin.py:190} INFO - [2025-08-07T17:27:57.193+0000] {dag.py:3239} INFO - Sync 1 DAGs
[2025-08-07T17:27:57.212+0000] {logging_mixin.py:190} INFO - [2025-08-07T17:27:57.212+0000] {dag.py:4180} INFO - Setting next_dagrun for example_setup_teardown_taskflow to None, run_after=None
[2025-08-07T17:27:57.241+0000] {processor.py:208} INFO - Processing /home/airflow/.local/lib/python3.12/site-packages/airflow/example_dags/example_setup_teardown_taskflow.py took 0.101 seconds
[2025-08-07T17:28:27.489+0000] {processor.py:186} INFO - Started process (PID=2305) to work on /home/airflow/.local/lib/python3.12/site-packages/airflow/example_dags/example_setup_teardown_taskflow.py
[2025-08-07T17:28:27.491+0000] {processor.py:914} INFO - Processing file /home/airflow/.local/lib/python3.12/site-packages/airflow/example_dags/example_setup_teardown_taskflow.py for tasks to queue
[2025-08-07T17:28:27.493+0000] {logging_mixin.py:190} INFO - [2025-08-07T17:28:27.493+0000] {dagbag.py:588} INFO - Filling up the DagBag from /home/airflow/.local/lib/python3.12/site-packages/airflow/example_dags/example_setup_teardown_taskflow.py
[2025-08-07T17:28:27.509+0000] {processor.py:925} INFO - DAG(s) 'example_setup_teardown_taskflow' retrieved from /home/airflow/.local/lib/python3.12/site-packages/airflow/example_dags/example_setup_teardown_taskflow.py
[2025-08-07T17:28:27.537+0000] {logging_mixin.py:190} INFO - [2025-08-07T17:28:27.537+0000] {dag.py:3239} INFO - Sync 1 DAGs
[2025-08-07T17:28:27.555+0000] {logging_mixin.py:190} INFO - [2025-08-07T17:28:27.554+0000] {dag.py:4180} INFO - Setting next_dagrun for example_setup_teardown_taskflow to None, run_after=None
[2025-08-07T17:28:27.583+0000] {processor.py:208} INFO - Processing /home/airflow/.local/lib/python3.12/site-packages/airflow/example_dags/example_setup_teardown_taskflow.py took 0.098 seconds
[2025-08-07T17:28:38.354+0000] {processor.py:186} INFO - Started process (PID=2369) to work on /home/airflow/.local/lib/python3.12/site-packages/airflow/example_dags/example_setup_teardown_taskflow.py
[2025-08-07T17:28:38.355+0000] {processor.py:914} INFO - Processing file /home/airflow/.local/lib/python3.12/site-packages/airflow/example_dags/example_setup_teardown_taskflow.py for tasks to queue
[2025-08-07T17:28:38.357+0000] {logging_mixin.py:190} INFO - [2025-08-07T17:28:38.357+0000] {dagbag.py:588} INFO - Filling up the DagBag from /home/airflow/.local/lib/python3.12/site-packages/airflow/example_dags/example_setup_teardown_taskflow.py
[2025-08-07T17:28:38.370+0000] {processor.py:925} INFO - DAG(s) 'example_setup_teardown_taskflow' retrieved from /home/airflow/.local/lib/python3.12/site-packages/airflow/example_dags/example_setup_teardown_taskflow.py
[2025-08-07T17:28:38.414+0000] {logging_mixin.py:190} INFO - [2025-08-07T17:28:38.413+0000] {dag.py:3239} INFO - Sync 1 DAGs
[2025-08-07T17:28:38.444+0000] {logging_mixin.py:190} INFO - [2025-08-07T17:28:38.444+0000] {dag.py:4180} INFO - Setting next_dagrun for example_setup_teardown_taskflow to None, run_after=None
[2025-08-07T17:28:38.475+0000] {processor.py:208} INFO - Processing /home/airflow/.local/lib/python3.12/site-packages/airflow/example_dags/example_setup_teardown_taskflow.py took 0.129 seconds
[2025-08-07T17:29:09.115+0000] {processor.py:186} INFO - Started process (PID=2434) to work on /home/airflow/.local/lib/python3.12/site-packages/airflow/example_dags/example_setup_teardown_taskflow.py
[2025-08-07T17:29:09.116+0000] {processor.py:914} INFO - Processing file /home/airflow/.local/lib/python3.12/site-packages/airflow/example_dags/example_setup_teardown_taskflow.py for tasks to queue
[2025-08-07T17:29:09.118+0000] {logging_mixin.py:190} INFO - [2025-08-07T17:29:09.118+0000] {dagbag.py:588} INFO - Filling up the DagBag from /home/airflow/.local/lib/python3.12/site-packages/airflow/example_dags/example_setup_teardown_taskflow.py
[2025-08-07T17:29:09.130+0000] {processor.py:925} INFO - DAG(s) 'example_setup_teardown_taskflow' retrieved from /home/airflow/.local/lib/python3.12/site-packages/airflow/example_dags/example_setup_teardown_taskflow.py
[2025-08-07T17:29:09.159+0000] {logging_mixin.py:190} INFO - [2025-08-07T17:29:09.159+0000] {dag.py:3239} INFO - Sync 1 DAGs
[2025-08-07T17:29:09.178+0000] {logging_mixin.py:190} INFO - [2025-08-07T17:29:09.178+0000] {dag.py:4180} INFO - Setting next_dagrun for example_setup_teardown_taskflow to None, run_after=None
[2025-08-07T17:29:09.210+0000] {processor.py:208} INFO - Processing /home/airflow/.local/lib/python3.12/site-packages/airflow/example_dags/example_setup_teardown_taskflow.py took 0.102 seconds
[2025-08-07T17:29:16.808+0000] {processor.py:186} INFO - Started process (PID=2492) to work on /home/airflow/.local/lib/python3.12/site-packages/airflow/example_dags/example_setup_teardown_taskflow.py
[2025-08-07T17:29:16.810+0000] {processor.py:914} INFO - Processing file /home/airflow/.local/lib/python3.12/site-packages/airflow/example_dags/example_setup_teardown_taskflow.py for tasks to queue
[2025-08-07T17:29:16.812+0000] {logging_mixin.py:190} INFO - [2025-08-07T17:29:16.812+0000] {dagbag.py:588} INFO - Filling up the DagBag from /home/airflow/.local/lib/python3.12/site-packages/airflow/example_dags/example_setup_teardown_taskflow.py
[2025-08-07T17:29:16.824+0000] {processor.py:925} INFO - DAG(s) 'example_setup_teardown_taskflow' retrieved from /home/airflow/.local/lib/python3.12/site-packages/airflow/example_dags/example_setup_teardown_taskflow.py
[2025-08-07T17:29:16.853+0000] {logging_mixin.py:190} INFO - [2025-08-07T17:29:16.853+0000] {dag.py:3239} INFO - Sync 1 DAGs
[2025-08-07T17:29:16.872+0000] {logging_mixin.py:190} INFO - [2025-08-07T17:29:16.872+0000] {dag.py:4180} INFO - Setting next_dagrun for example_setup_teardown_taskflow to None, run_after=None
[2025-08-07T17:29:16.912+0000] {processor.py:208} INFO - Processing /home/airflow/.local/lib/python3.12/site-packages/airflow/example_dags/example_setup_teardown_taskflow.py took 0.113 seconds
[2025-08-07T17:29:48.042+0000] {processor.py:186} INFO - Started process (PID=2556) to work on /home/airflow/.local/lib/python3.12/site-packages/airflow/example_dags/example_setup_teardown_taskflow.py
[2025-08-07T17:29:48.043+0000] {processor.py:914} INFO - Processing file /home/airflow/.local/lib/python3.12/site-packages/airflow/example_dags/example_setup_teardown_taskflow.py for tasks to queue
[2025-08-07T17:29:48.044+0000] {logging_mixin.py:190} INFO - [2025-08-07T17:29:48.044+0000] {dagbag.py:588} INFO - Filling up the DagBag from /home/airflow/.local/lib/python3.12/site-packages/airflow/example_dags/example_setup_teardown_taskflow.py
[2025-08-07T17:29:48.059+0000] {processor.py:925} INFO - DAG(s) 'example_setup_teardown_taskflow' retrieved from /home/airflow/.local/lib/python3.12/site-packages/airflow/example_dags/example_setup_teardown_taskflow.py
[2025-08-07T17:29:48.112+0000] {logging_mixin.py:190} INFO - [2025-08-07T17:29:48.111+0000] {dag.py:3239} INFO - Sync 1 DAGs
[2025-08-07T17:29:48.141+0000] {logging_mixin.py:190} INFO - [2025-08-07T17:29:48.140+0000] {dag.py:4180} INFO - Setting next_dagrun for example_setup_teardown_taskflow to None, run_after=None
[2025-08-07T17:29:48.183+0000] {processor.py:208} INFO - Processing /home/airflow/.local/lib/python3.12/site-packages/airflow/example_dags/example_setup_teardown_taskflow.py took 0.148 seconds
[2025-08-07T17:30:19.433+0000] {processor.py:186} INFO - Started process (PID=2620) to work on /home/airflow/.local/lib/python3.12/site-packages/airflow/example_dags/example_setup_teardown_taskflow.py
[2025-08-07T17:30:19.435+0000] {processor.py:914} INFO - Processing file /home/airflow/.local/lib/python3.12/site-packages/airflow/example_dags/example_setup_teardown_taskflow.py for tasks to queue
[2025-08-07T17:30:19.437+0000] {logging_mixin.py:190} INFO - [2025-08-07T17:30:19.437+0000] {dagbag.py:588} INFO - Filling up the DagBag from /home/airflow/.local/lib/python3.12/site-packages/airflow/example_dags/example_setup_teardown_taskflow.py
[2025-08-07T17:30:19.450+0000] {processor.py:925} INFO - DAG(s) 'example_setup_teardown_taskflow' retrieved from /home/airflow/.local/lib/python3.12/site-packages/airflow/example_dags/example_setup_teardown_taskflow.py
[2025-08-07T17:30:19.478+0000] {logging_mixin.py:190} INFO - [2025-08-07T17:30:19.478+0000] {dag.py:3239} INFO - Sync 1 DAGs
[2025-08-07T17:30:19.494+0000] {logging_mixin.py:190} INFO - [2025-08-07T17:30:19.494+0000] {dag.py:4180} INFO - Setting next_dagrun for example_setup_teardown_taskflow to None, run_after=None
[2025-08-07T17:30:19.524+0000] {processor.py:208} INFO - Processing /home/airflow/.local/lib/python3.12/site-packages/airflow/example_dags/example_setup_teardown_taskflow.py took 0.097 seconds
[2025-08-07T17:42:35.201+0000] {processor.py:186} INFO - Started process (PID=2698) to work on /home/airflow/.local/lib/python3.12/site-packages/airflow/example_dags/example_setup_teardown_taskflow.py
[2025-08-07T17:42:35.202+0000] {processor.py:914} INFO - Processing file /home/airflow/.local/lib/python3.12/site-packages/airflow/example_dags/example_setup_teardown_taskflow.py for tasks to queue
[2025-08-07T17:42:35.204+0000] {logging_mixin.py:190} INFO - [2025-08-07T17:42:35.204+0000] {dagbag.py:588} INFO - Filling up the DagBag from /home/airflow/.local/lib/python3.12/site-packages/airflow/example_dags/example_setup_teardown_taskflow.py
[2025-08-07T17:42:35.234+0000] {processor.py:925} INFO - DAG(s) 'example_setup_teardown_taskflow' retrieved from /home/airflow/.local/lib/python3.12/site-packages/airflow/example_dags/example_setup_teardown_taskflow.py
[2025-08-07T17:42:35.293+0000] {logging_mixin.py:190} INFO - [2025-08-07T17:42:35.293+0000] {dag.py:3239} INFO - Sync 1 DAGs
[2025-08-07T17:42:35.334+0000] {logging_mixin.py:190} INFO - [2025-08-07T17:42:35.333+0000] {dag.py:4180} INFO - Setting next_dagrun for example_setup_teardown_taskflow to None, run_after=None
[2025-08-07T17:42:35.393+0000] {processor.py:208} INFO - Processing /home/airflow/.local/lib/python3.12/site-packages/airflow/example_dags/example_setup_teardown_taskflow.py took 0.204 seconds
[2025-08-07T17:43:06.547+0000] {processor.py:186} INFO - Started process (PID=2765) to work on /home/airflow/.local/lib/python3.12/site-packages/airflow/example_dags/example_setup_teardown_taskflow.py
[2025-08-07T17:43:06.548+0000] {processor.py:914} INFO - Processing file /home/airflow/.local/lib/python3.12/site-packages/airflow/example_dags/example_setup_teardown_taskflow.py for tasks to queue
[2025-08-07T17:43:06.549+0000] {logging_mixin.py:190} INFO - [2025-08-07T17:43:06.549+0000] {dagbag.py:588} INFO - Filling up the DagBag from /home/airflow/.local/lib/python3.12/site-packages/airflow/example_dags/example_setup_teardown_taskflow.py
[2025-08-07T17:43:06.566+0000] {processor.py:925} INFO - DAG(s) 'example_setup_teardown_taskflow' retrieved from /home/airflow/.local/lib/python3.12/site-packages/airflow/example_dags/example_setup_teardown_taskflow.py
[2025-08-07T17:43:06.598+0000] {logging_mixin.py:190} INFO - [2025-08-07T17:43:06.598+0000] {dag.py:3239} INFO - Sync 1 DAGs
[2025-08-07T17:43:06.626+0000] {logging_mixin.py:190} INFO - [2025-08-07T17:43:06.626+0000] {dag.py:4180} INFO - Setting next_dagrun for example_setup_teardown_taskflow to None, run_after=None
[2025-08-07T17:43:06.659+0000] {processor.py:208} INFO - Processing /home/airflow/.local/lib/python3.12/site-packages/airflow/example_dags/example_setup_teardown_taskflow.py took 0.124 seconds
[2025-08-07T17:43:25.481+0000] {processor.py:186} INFO - Started process (PID=2828) to work on /home/airflow/.local/lib/python3.12/site-packages/airflow/example_dags/example_setup_teardown_taskflow.py
[2025-08-07T17:43:25.483+0000] {processor.py:914} INFO - Processing file /home/airflow/.local/lib/python3.12/site-packages/airflow/example_dags/example_setup_teardown_taskflow.py for tasks to queue
[2025-08-07T17:43:25.487+0000] {logging_mixin.py:190} INFO - [2025-08-07T17:43:25.487+0000] {dagbag.py:588} INFO - Filling up the DagBag from /home/airflow/.local/lib/python3.12/site-packages/airflow/example_dags/example_setup_teardown_taskflow.py
[2025-08-07T17:43:25.507+0000] {processor.py:925} INFO - DAG(s) 'example_setup_teardown_taskflow' retrieved from /home/airflow/.local/lib/python3.12/site-packages/airflow/example_dags/example_setup_teardown_taskflow.py
[2025-08-07T17:43:25.548+0000] {logging_mixin.py:190} INFO - [2025-08-07T17:43:25.548+0000] {dag.py:3239} INFO - Sync 1 DAGs
[2025-08-07T17:43:25.581+0000] {logging_mixin.py:190} INFO - [2025-08-07T17:43:25.580+0000] {dag.py:4180} INFO - Setting next_dagrun for example_setup_teardown_taskflow to None, run_after=None
[2025-08-07T17:43:25.619+0000] {processor.py:208} INFO - Processing /home/airflow/.local/lib/python3.12/site-packages/airflow/example_dags/example_setup_teardown_taskflow.py took 0.147 seconds
[2025-08-07T17:43:45.334+0000] {processor.py:186} INFO - Started process (PID=2888) to work on /home/airflow/.local/lib/python3.12/site-packages/airflow/example_dags/example_setup_teardown_taskflow.py
[2025-08-07T17:43:45.338+0000] {processor.py:914} INFO - Processing file /home/airflow/.local/lib/python3.12/site-packages/airflow/example_dags/example_setup_teardown_taskflow.py for tasks to queue
[2025-08-07T17:43:45.340+0000] {logging_mixin.py:190} INFO - [2025-08-07T17:43:45.340+0000] {dagbag.py:588} INFO - Filling up the DagBag from /home/airflow/.local/lib/python3.12/site-packages/airflow/example_dags/example_setup_teardown_taskflow.py
[2025-08-07T17:43:45.360+0000] {processor.py:925} INFO - DAG(s) 'example_setup_teardown_taskflow' retrieved from /home/airflow/.local/lib/python3.12/site-packages/airflow/example_dags/example_setup_teardown_taskflow.py
[2025-08-07T17:43:45.402+0000] {logging_mixin.py:190} INFO - [2025-08-07T17:43:45.402+0000] {dag.py:3239} INFO - Sync 1 DAGs
[2025-08-07T17:43:45.428+0000] {logging_mixin.py:190} INFO - [2025-08-07T17:43:45.424+0000] {dag.py:4180} INFO - Setting next_dagrun for example_setup_teardown_taskflow to None, run_after=None
[2025-08-07T17:43:45.464+0000] {processor.py:208} INFO - Processing /home/airflow/.local/lib/python3.12/site-packages/airflow/example_dags/example_setup_teardown_taskflow.py took 0.136 seconds
[2025-08-07T17:44:17.838+0000] {processor.py:186} INFO - Started process (PID=2954) to work on /home/airflow/.local/lib/python3.12/site-packages/airflow/example_dags/example_setup_teardown_taskflow.py
[2025-08-07T17:44:17.839+0000] {processor.py:914} INFO - Processing file /home/airflow/.local/lib/python3.12/site-packages/airflow/example_dags/example_setup_teardown_taskflow.py for tasks to queue
[2025-08-07T17:44:17.841+0000] {logging_mixin.py:190} INFO - [2025-08-07T17:44:17.841+0000] {dagbag.py:588} INFO - Filling up the DagBag from /home/airflow/.local/lib/python3.12/site-packages/airflow/example_dags/example_setup_teardown_taskflow.py
[2025-08-07T17:44:17.861+0000] {processor.py:925} INFO - DAG(s) 'example_setup_teardown_taskflow' retrieved from /home/airflow/.local/lib/python3.12/site-packages/airflow/example_dags/example_setup_teardown_taskflow.py
[2025-08-07T17:44:17.916+0000] {logging_mixin.py:190} INFO - [2025-08-07T17:44:17.916+0000] {dag.py:3239} INFO - Sync 1 DAGs
[2025-08-07T17:44:17.948+0000] {logging_mixin.py:190} INFO - [2025-08-07T17:44:17.948+0000] {dag.py:4180} INFO - Setting next_dagrun for example_setup_teardown_taskflow to None, run_after=None
[2025-08-07T17:44:17.987+0000] {processor.py:208} INFO - Processing /home/airflow/.local/lib/python3.12/site-packages/airflow/example_dags/example_setup_teardown_taskflow.py took 0.159 seconds
[2025-08-07T17:44:49.957+0000] {processor.py:186} INFO - Started process (PID=3020) to work on /home/airflow/.local/lib/python3.12/site-packages/airflow/example_dags/example_setup_teardown_taskflow.py
[2025-08-07T17:44:49.958+0000] {processor.py:914} INFO - Processing file /home/airflow/.local/lib/python3.12/site-packages/airflow/example_dags/example_setup_teardown_taskflow.py for tasks to queue
[2025-08-07T17:44:49.960+0000] {logging_mixin.py:190} INFO - [2025-08-07T17:44:49.959+0000] {dagbag.py:588} INFO - Filling up the DagBag from /home/airflow/.local/lib/python3.12/site-packages/airflow/example_dags/example_setup_teardown_taskflow.py
[2025-08-07T17:44:49.979+0000] {processor.py:925} INFO - DAG(s) 'example_setup_teardown_taskflow' retrieved from /home/airflow/.local/lib/python3.12/site-packages/airflow/example_dags/example_setup_teardown_taskflow.py
[2025-08-07T17:44:50.017+0000] {logging_mixin.py:190} INFO - [2025-08-07T17:44:50.016+0000] {dag.py:3239} INFO - Sync 1 DAGs
[2025-08-07T17:44:50.049+0000] {logging_mixin.py:190} INFO - [2025-08-07T17:44:50.048+0000] {dag.py:4180} INFO - Setting next_dagrun for example_setup_teardown_taskflow to None, run_after=None
[2025-08-07T17:44:50.088+0000] {processor.py:208} INFO - Processing /home/airflow/.local/lib/python3.12/site-packages/airflow/example_dags/example_setup_teardown_taskflow.py took 0.141 seconds
[2025-08-07T17:45:21.479+0000] {processor.py:186} INFO - Started process (PID=3086) to work on /home/airflow/.local/lib/python3.12/site-packages/airflow/example_dags/example_setup_teardown_taskflow.py
[2025-08-07T17:45:21.486+0000] {processor.py:914} INFO - Processing file /home/airflow/.local/lib/python3.12/site-packages/airflow/example_dags/example_setup_teardown_taskflow.py for tasks to queue
[2025-08-07T17:45:21.489+0000] {logging_mixin.py:190} INFO - [2025-08-07T17:45:21.488+0000] {dagbag.py:588} INFO - Filling up the DagBag from /home/airflow/.local/lib/python3.12/site-packages/airflow/example_dags/example_setup_teardown_taskflow.py
[2025-08-07T17:45:21.525+0000] {processor.py:925} INFO - DAG(s) 'example_setup_teardown_taskflow' retrieved from /home/airflow/.local/lib/python3.12/site-packages/airflow/example_dags/example_setup_teardown_taskflow.py
[2025-08-07T17:45:21.579+0000] {logging_mixin.py:190} INFO - [2025-08-07T17:45:21.578+0000] {dag.py:3239} INFO - Sync 1 DAGs
[2025-08-07T17:45:21.615+0000] {logging_mixin.py:190} INFO - [2025-08-07T17:45:21.614+0000] {dag.py:4180} INFO - Setting next_dagrun for example_setup_teardown_taskflow to None, run_after=None
[2025-08-07T17:45:21.678+0000] {processor.py:208} INFO - Processing /home/airflow/.local/lib/python3.12/site-packages/airflow/example_dags/example_setup_teardown_taskflow.py took 0.228 seconds
[2025-08-07T17:45:52.229+0000] {processor.py:186} INFO - Started process (PID=3150) to work on /home/airflow/.local/lib/python3.12/site-packages/airflow/example_dags/example_setup_teardown_taskflow.py
[2025-08-07T17:45:52.230+0000] {processor.py:914} INFO - Processing file /home/airflow/.local/lib/python3.12/site-packages/airflow/example_dags/example_setup_teardown_taskflow.py for tasks to queue
[2025-08-07T17:45:52.232+0000] {logging_mixin.py:190} INFO - [2025-08-07T17:45:52.231+0000] {dagbag.py:588} INFO - Filling up the DagBag from /home/airflow/.local/lib/python3.12/site-packages/airflow/example_dags/example_setup_teardown_taskflow.py
[2025-08-07T17:45:52.253+0000] {processor.py:925} INFO - DAG(s) 'example_setup_teardown_taskflow' retrieved from /home/airflow/.local/lib/python3.12/site-packages/airflow/example_dags/example_setup_teardown_taskflow.py
[2025-08-07T17:45:52.292+0000] {logging_mixin.py:190} INFO - [2025-08-07T17:45:52.292+0000] {dag.py:3239} INFO - Sync 1 DAGs
[2025-08-07T17:45:52.318+0000] {logging_mixin.py:190} INFO - [2025-08-07T17:45:52.318+0000] {dag.py:4180} INFO - Setting next_dagrun for example_setup_teardown_taskflow to None, run_after=None
[2025-08-07T17:45:52.351+0000] {processor.py:208} INFO - Processing /home/airflow/.local/lib/python3.12/site-packages/airflow/example_dags/example_setup_teardown_taskflow.py took 0.132 seconds
[2025-08-07T17:46:22.595+0000] {processor.py:186} INFO - Started process (PID=3218) to work on /home/airflow/.local/lib/python3.12/site-packages/airflow/example_dags/example_setup_teardown_taskflow.py
[2025-08-07T17:46:22.597+0000] {processor.py:914} INFO - Processing file /home/airflow/.local/lib/python3.12/site-packages/airflow/example_dags/example_setup_teardown_taskflow.py for tasks to queue
[2025-08-07T17:46:22.602+0000] {logging_mixin.py:190} INFO - [2025-08-07T17:46:22.598+0000] {dagbag.py:588} INFO - Filling up the DagBag from /home/airflow/.local/lib/python3.12/site-packages/airflow/example_dags/example_setup_teardown_taskflow.py
[2025-08-07T17:46:22.856+0000] {processor.py:925} INFO - DAG(s) 'example_setup_teardown_taskflow' retrieved from /home/airflow/.local/lib/python3.12/site-packages/airflow/example_dags/example_setup_teardown_taskflow.py
[2025-08-07T17:46:22.887+0000] {logging_mixin.py:190} INFO - [2025-08-07T17:46:22.886+0000] {dag.py:3239} INFO - Sync 1 DAGs
[2025-08-07T17:46:22.906+0000] {logging_mixin.py:190} INFO - [2025-08-07T17:46:22.906+0000] {dag.py:4180} INFO - Setting next_dagrun for example_setup_teardown_taskflow to None, run_after=None
[2025-08-07T17:46:22.938+0000] {processor.py:208} INFO - Processing /home/airflow/.local/lib/python3.12/site-packages/airflow/example_dags/example_setup_teardown_taskflow.py took 0.352 seconds
[2025-08-07T17:46:53.214+0000] {processor.py:186} INFO - Started process (PID=3282) to work on /home/airflow/.local/lib/python3.12/site-packages/airflow/example_dags/example_setup_teardown_taskflow.py
[2025-08-07T17:46:53.219+0000] {processor.py:914} INFO - Processing file /home/airflow/.local/lib/python3.12/site-packages/airflow/example_dags/example_setup_teardown_taskflow.py for tasks to queue
[2025-08-07T17:46:53.221+0000] {logging_mixin.py:190} INFO - [2025-08-07T17:46:53.221+0000] {dagbag.py:588} INFO - Filling up the DagBag from /home/airflow/.local/lib/python3.12/site-packages/airflow/example_dags/example_setup_teardown_taskflow.py
[2025-08-07T17:46:53.242+0000] {processor.py:925} INFO - DAG(s) 'example_setup_teardown_taskflow' retrieved from /home/airflow/.local/lib/python3.12/site-packages/airflow/example_dags/example_setup_teardown_taskflow.py
[2025-08-07T17:46:53.285+0000] {logging_mixin.py:190} INFO - [2025-08-07T17:46:53.284+0000] {dag.py:3239} INFO - Sync 1 DAGs
[2025-08-07T17:46:53.321+0000] {logging_mixin.py:190} INFO - [2025-08-07T17:46:53.321+0000] {dag.py:4180} INFO - Setting next_dagrun for example_setup_teardown_taskflow to None, run_after=None
[2025-08-07T17:46:53.432+0000] {processor.py:208} INFO - Processing /home/airflow/.local/lib/python3.12/site-packages/airflow/example_dags/example_setup_teardown_taskflow.py took 0.230 seconds
[2025-08-07T17:47:24.090+0000] {processor.py:186} INFO - Started process (PID=3347) to work on /home/airflow/.local/lib/python3.12/site-packages/airflow/example_dags/example_setup_teardown_taskflow.py
[2025-08-07T17:47:24.096+0000] {processor.py:914} INFO - Processing file /home/airflow/.local/lib/python3.12/site-packages/airflow/example_dags/example_setup_teardown_taskflow.py for tasks to queue
[2025-08-07T17:47:24.098+0000] {logging_mixin.py:190} INFO - [2025-08-07T17:47:24.098+0000] {dagbag.py:588} INFO - Filling up the DagBag from /home/airflow/.local/lib/python3.12/site-packages/airflow/example_dags/example_setup_teardown_taskflow.py
[2025-08-07T17:47:24.126+0000] {processor.py:925} INFO - DAG(s) 'example_setup_teardown_taskflow' retrieved from /home/airflow/.local/lib/python3.12/site-packages/airflow/example_dags/example_setup_teardown_taskflow.py
[2025-08-07T17:47:24.170+0000] {logging_mixin.py:190} INFO - [2025-08-07T17:47:24.169+0000] {dag.py:3239} INFO - Sync 1 DAGs
[2025-08-07T17:47:24.197+0000] {logging_mixin.py:190} INFO - [2025-08-07T17:47:24.197+0000] {dag.py:4180} INFO - Setting next_dagrun for example_setup_teardown_taskflow to None, run_after=None
[2025-08-07T17:47:24.230+0000] {processor.py:208} INFO - Processing /home/airflow/.local/lib/python3.12/site-packages/airflow/example_dags/example_setup_teardown_taskflow.py took 0.150 seconds
[2025-08-07T17:47:54.370+0000] {processor.py:186} INFO - Started process (PID=3413) to work on /home/airflow/.local/lib/python3.12/site-packages/airflow/example_dags/example_setup_teardown_taskflow.py
[2025-08-07T17:47:54.372+0000] {processor.py:914} INFO - Processing file /home/airflow/.local/lib/python3.12/site-packages/airflow/example_dags/example_setup_teardown_taskflow.py for tasks to queue
[2025-08-07T17:47:54.373+0000] {logging_mixin.py:190} INFO - [2025-08-07T17:47:54.373+0000] {dagbag.py:588} INFO - Filling up the DagBag from /home/airflow/.local/lib/python3.12/site-packages/airflow/example_dags/example_setup_teardown_taskflow.py
[2025-08-07T17:47:54.394+0000] {processor.py:925} INFO - DAG(s) 'example_setup_teardown_taskflow' retrieved from /home/airflow/.local/lib/python3.12/site-packages/airflow/example_dags/example_setup_teardown_taskflow.py
[2025-08-07T17:47:54.434+0000] {logging_mixin.py:190} INFO - [2025-08-07T17:47:54.434+0000] {dag.py:3239} INFO - Sync 1 DAGs
[2025-08-07T17:47:54.465+0000] {logging_mixin.py:190} INFO - [2025-08-07T17:47:54.464+0000] {dag.py:4180} INFO - Setting next_dagrun for example_setup_teardown_taskflow to None, run_after=None
[2025-08-07T17:47:54.504+0000] {processor.py:208} INFO - Processing /home/airflow/.local/lib/python3.12/site-packages/airflow/example_dags/example_setup_teardown_taskflow.py took 0.144 seconds
[2025-08-07T17:48:24.750+0000] {processor.py:186} INFO - Started process (PID=3478) to work on /home/airflow/.local/lib/python3.12/site-packages/airflow/example_dags/example_setup_teardown_taskflow.py
[2025-08-07T17:48:24.752+0000] {processor.py:914} INFO - Processing file /home/airflow/.local/lib/python3.12/site-packages/airflow/example_dags/example_setup_teardown_taskflow.py for tasks to queue
[2025-08-07T17:48:24.759+0000] {logging_mixin.py:190} INFO - [2025-08-07T17:48:24.758+0000] {dagbag.py:588} INFO - Filling up the DagBag from /home/airflow/.local/lib/python3.12/site-packages/airflow/example_dags/example_setup_teardown_taskflow.py
[2025-08-07T17:48:24.841+0000] {processor.py:925} INFO - DAG(s) 'example_setup_teardown_taskflow' retrieved from /home/airflow/.local/lib/python3.12/site-packages/airflow/example_dags/example_setup_teardown_taskflow.py
[2025-08-07T17:48:24.951+0000] {logging_mixin.py:190} INFO - [2025-08-07T17:48:24.950+0000] {dag.py:3239} INFO - Sync 1 DAGs
[2025-08-07T17:48:25.019+0000] {logging_mixin.py:190} INFO - [2025-08-07T17:48:25.018+0000] {dag.py:4180} INFO - Setting next_dagrun for example_setup_teardown_taskflow to None, run_after=None
[2025-08-07T17:48:25.091+0000] {processor.py:208} INFO - Processing /home/airflow/.local/lib/python3.12/site-packages/airflow/example_dags/example_setup_teardown_taskflow.py took 0.364 seconds
[2025-08-07T17:48:55.769+0000] {processor.py:186} INFO - Started process (PID=3539) to work on /home/airflow/.local/lib/python3.12/site-packages/airflow/example_dags/example_setup_teardown_taskflow.py
[2025-08-07T17:48:55.771+0000] {processor.py:914} INFO - Processing file /home/airflow/.local/lib/python3.12/site-packages/airflow/example_dags/example_setup_teardown_taskflow.py for tasks to queue
[2025-08-07T17:48:55.773+0000] {logging_mixin.py:190} INFO - [2025-08-07T17:48:55.773+0000] {dagbag.py:588} INFO - Filling up the DagBag from /home/airflow/.local/lib/python3.12/site-packages/airflow/example_dags/example_setup_teardown_taskflow.py
[2025-08-07T17:48:55.803+0000] {processor.py:925} INFO - DAG(s) 'example_setup_teardown_taskflow' retrieved from /home/airflow/.local/lib/python3.12/site-packages/airflow/example_dags/example_setup_teardown_taskflow.py
[2025-08-07T17:48:55.880+0000] {logging_mixin.py:190} INFO - [2025-08-07T17:48:55.879+0000] {dag.py:3239} INFO - Sync 1 DAGs
[2025-08-07T17:48:55.972+0000] {logging_mixin.py:190} INFO - [2025-08-07T17:48:55.970+0000] {dag.py:4180} INFO - Setting next_dagrun for example_setup_teardown_taskflow to None, run_after=None
[2025-08-07T17:48:56.109+0000] {processor.py:208} INFO - Processing /home/airflow/.local/lib/python3.12/site-packages/airflow/example_dags/example_setup_teardown_taskflow.py took 0.357 seconds
[2025-08-07T17:49:26.526+0000] {processor.py:186} INFO - Started process (PID=3601) to work on /home/airflow/.local/lib/python3.12/site-packages/airflow/example_dags/example_setup_teardown_taskflow.py
[2025-08-07T17:49:26.528+0000] {processor.py:914} INFO - Processing file /home/airflow/.local/lib/python3.12/site-packages/airflow/example_dags/example_setup_teardown_taskflow.py for tasks to queue
[2025-08-07T17:49:26.534+0000] {logging_mixin.py:190} INFO - [2025-08-07T17:49:26.533+0000] {dagbag.py:588} INFO - Filling up the DagBag from /home/airflow/.local/lib/python3.12/site-packages/airflow/example_dags/example_setup_teardown_taskflow.py
[2025-08-07T17:49:26.555+0000] {processor.py:925} INFO - DAG(s) 'example_setup_teardown_taskflow' retrieved from /home/airflow/.local/lib/python3.12/site-packages/airflow/example_dags/example_setup_teardown_taskflow.py
[2025-08-07T17:50:40.032+0000] {logging_mixin.py:190} INFO - [2025-08-07T17:50:40.032+0000] {dag.py:3239} INFO - Sync 1 DAGs
[2025-08-07T17:50:40.069+0000] {logging_mixin.py:190} INFO - [2025-08-07T17:50:40.068+0000] {dag.py:4180} INFO - Setting next_dagrun for example_setup_teardown_taskflow to None, run_after=None
[2025-08-07T17:49:26.557+0000] {processor.py:208} INFO - Processing /home/airflow/.local/lib/python3.12/site-packages/airflow/example_dags/example_setup_teardown_taskflow.py took 0.183 seconds
[2025-08-07T17:49:52.924+0000] {processor.py:186} INFO - Started process (PID=3667) to work on /home/airflow/.local/lib/python3.12/site-packages/airflow/example_dags/example_setup_teardown_taskflow.py
[2025-08-07T17:49:52.930+0000] {processor.py:914} INFO - Processing file /home/airflow/.local/lib/python3.12/site-packages/airflow/example_dags/example_setup_teardown_taskflow.py for tasks to queue
[2025-08-07T17:49:52.932+0000] {logging_mixin.py:190} INFO - [2025-08-07T17:49:52.931+0000] {dagbag.py:588} INFO - Filling up the DagBag from /home/airflow/.local/lib/python3.12/site-packages/airflow/example_dags/example_setup_teardown_taskflow.py
[2025-08-07T17:49:52.954+0000] {processor.py:925} INFO - DAG(s) 'example_setup_teardown_taskflow' retrieved from /home/airflow/.local/lib/python3.12/site-packages/airflow/example_dags/example_setup_teardown_taskflow.py
[2025-08-07T17:49:53.010+0000] {logging_mixin.py:190} INFO - [2025-08-07T17:49:53.010+0000] {dag.py:3239} INFO - Sync 1 DAGs
[2025-08-07T17:49:53.044+0000] {logging_mixin.py:190} INFO - [2025-08-07T17:49:53.043+0000] {dag.py:4180} INFO - Setting next_dagrun for example_setup_teardown_taskflow to None, run_after=None
[2025-08-07T17:49:53.085+0000] {processor.py:208} INFO - Processing /home/airflow/.local/lib/python3.12/site-packages/airflow/example_dags/example_setup_teardown_taskflow.py took 0.182 seconds
[2025-08-07T17:50:06.038+0000] {processor.py:186} INFO - Started process (PID=3726) to work on /home/airflow/.local/lib/python3.12/site-packages/airflow/example_dags/example_setup_teardown_taskflow.py
[2025-08-07T17:50:06.039+0000] {processor.py:914} INFO - Processing file /home/airflow/.local/lib/python3.12/site-packages/airflow/example_dags/example_setup_teardown_taskflow.py for tasks to queue
[2025-08-07T17:50:06.045+0000] {logging_mixin.py:190} INFO - [2025-08-07T17:50:06.041+0000] {dagbag.py:588} INFO - Filling up the DagBag from /home/airflow/.local/lib/python3.12/site-packages/airflow/example_dags/example_setup_teardown_taskflow.py
[2025-08-07T17:50:06.067+0000] {processor.py:925} INFO - DAG(s) 'example_setup_teardown_taskflow' retrieved from /home/airflow/.local/lib/python3.12/site-packages/airflow/example_dags/example_setup_teardown_taskflow.py
[2025-08-07T17:50:06.125+0000] {logging_mixin.py:190} INFO - [2025-08-07T17:50:06.121+0000] {dag.py:3239} INFO - Sync 1 DAGs
[2025-08-07T17:50:06.158+0000] {logging_mixin.py:190} INFO - [2025-08-07T17:50:06.157+0000] {dag.py:4180} INFO - Setting next_dagrun for example_setup_teardown_taskflow to None, run_after=None
[2025-08-07T17:50:06.208+0000] {processor.py:208} INFO - Processing /home/airflow/.local/lib/python3.12/site-packages/airflow/example_dags/example_setup_teardown_taskflow.py took 0.181 seconds
[2025-08-07T17:50:37.375+0000] {processor.py:186} INFO - Started process (PID=3791) to work on /home/airflow/.local/lib/python3.12/site-packages/airflow/example_dags/example_setup_teardown_taskflow.py
[2025-08-07T17:50:37.376+0000] {processor.py:914} INFO - Processing file /home/airflow/.local/lib/python3.12/site-packages/airflow/example_dags/example_setup_teardown_taskflow.py for tasks to queue
[2025-08-07T17:50:37.382+0000] {logging_mixin.py:190} INFO - [2025-08-07T17:50:37.382+0000] {dagbag.py:588} INFO - Filling up the DagBag from /home/airflow/.local/lib/python3.12/site-packages/airflow/example_dags/example_setup_teardown_taskflow.py
[2025-08-07T17:50:37.402+0000] {processor.py:925} INFO - DAG(s) 'example_setup_teardown_taskflow' retrieved from /home/airflow/.local/lib/python3.12/site-packages/airflow/example_dags/example_setup_teardown_taskflow.py
[2025-08-07T17:50:37.456+0000] {logging_mixin.py:190} INFO - [2025-08-07T17:50:37.456+0000] {dag.py:3239} INFO - Sync 1 DAGs
[2025-08-07T17:50:37.492+0000] {logging_mixin.py:190} INFO - [2025-08-07T17:50:37.486+0000] {dag.py:4180} INFO - Setting next_dagrun for example_setup_teardown_taskflow to None, run_after=None
[2025-08-07T17:50:37.534+0000] {processor.py:208} INFO - Processing /home/airflow/.local/lib/python3.12/site-packages/airflow/example_dags/example_setup_teardown_taskflow.py took 0.170 seconds
[2025-08-07T17:51:09.609+0000] {processor.py:186} INFO - Started process (PID=3857) to work on /home/airflow/.local/lib/python3.12/site-packages/airflow/example_dags/example_setup_teardown_taskflow.py
[2025-08-07T17:51:09.615+0000] {processor.py:914} INFO - Processing file /home/airflow/.local/lib/python3.12/site-packages/airflow/example_dags/example_setup_teardown_taskflow.py for tasks to queue
[2025-08-07T17:51:09.617+0000] {logging_mixin.py:190} INFO - [2025-08-07T17:51:09.617+0000] {dagbag.py:588} INFO - Filling up the DagBag from /home/airflow/.local/lib/python3.12/site-packages/airflow/example_dags/example_setup_teardown_taskflow.py
[2025-08-07T17:51:09.647+0000] {processor.py:925} INFO - DAG(s) 'example_setup_teardown_taskflow' retrieved from /home/airflow/.local/lib/python3.12/site-packages/airflow/example_dags/example_setup_teardown_taskflow.py
[2025-08-07T17:51:09.696+0000] {logging_mixin.py:190} INFO - [2025-08-07T17:51:09.696+0000] {dag.py:3239} INFO - Sync 1 DAGs
[2025-08-07T17:51:09.736+0000] {logging_mixin.py:190} INFO - [2025-08-07T17:51:09.735+0000] {dag.py:4180} INFO - Setting next_dagrun for example_setup_teardown_taskflow to None, run_after=None
[2025-08-07T17:51:09.778+0000] {processor.py:208} INFO - Processing /home/airflow/.local/lib/python3.12/site-packages/airflow/example_dags/example_setup_teardown_taskflow.py took 0.182 seconds
[2025-08-07T17:51:41.890+0000] {processor.py:186} INFO - Started process (PID=3923) to work on /home/airflow/.local/lib/python3.12/site-packages/airflow/example_dags/example_setup_teardown_taskflow.py
[2025-08-07T17:51:41.892+0000] {processor.py:914} INFO - Processing file /home/airflow/.local/lib/python3.12/site-packages/airflow/example_dags/example_setup_teardown_taskflow.py for tasks to queue
[2025-08-07T17:51:41.899+0000] {logging_mixin.py:190} INFO - [2025-08-07T17:51:41.894+0000] {dagbag.py:588} INFO - Filling up the DagBag from /home/airflow/.local/lib/python3.12/site-packages/airflow/example_dags/example_setup_teardown_taskflow.py
[2025-08-07T17:51:41.929+0000] {processor.py:925} INFO - DAG(s) 'example_setup_teardown_taskflow' retrieved from /home/airflow/.local/lib/python3.12/site-packages/airflow/example_dags/example_setup_teardown_taskflow.py
[2025-08-07T17:51:42.000+0000] {logging_mixin.py:190} INFO - [2025-08-07T17:51:41.999+0000] {dag.py:3239} INFO - Sync 1 DAGs
[2025-08-07T17:51:42.051+0000] {logging_mixin.py:190} INFO - [2025-08-07T17:51:42.050+0000] {dag.py:4180} INFO - Setting next_dagrun for example_setup_teardown_taskflow to None, run_after=None
[2025-08-07T17:51:42.111+0000] {processor.py:208} INFO - Processing /home/airflow/.local/lib/python3.12/site-packages/airflow/example_dags/example_setup_teardown_taskflow.py took 0.247 seconds
[2025-08-07T17:52:10.402+0000] {processor.py:186} INFO - Started process (PID=3992) to work on /home/airflow/.local/lib/python3.12/site-packages/airflow/example_dags/example_setup_teardown_taskflow.py
[2025-08-07T17:52:10.404+0000] {processor.py:914} INFO - Processing file /home/airflow/.local/lib/python3.12/site-packages/airflow/example_dags/example_setup_teardown_taskflow.py for tasks to queue
[2025-08-07T17:52:10.406+0000] {logging_mixin.py:190} INFO - [2025-08-07T17:52:10.405+0000] {dagbag.py:588} INFO - Filling up the DagBag from /home/airflow/.local/lib/python3.12/site-packages/airflow/example_dags/example_setup_teardown_taskflow.py
[2025-08-07T17:52:10.442+0000] {processor.py:925} INFO - DAG(s) 'example_setup_teardown_taskflow' retrieved from /home/airflow/.local/lib/python3.12/site-packages/airflow/example_dags/example_setup_teardown_taskflow.py
[2025-08-07T17:52:10.515+0000] {logging_mixin.py:190} INFO - [2025-08-07T17:52:10.515+0000] {dag.py:3239} INFO - Sync 1 DAGs
[2025-08-07T17:52:10.564+0000] {logging_mixin.py:190} INFO - [2025-08-07T17:52:10.563+0000] {dag.py:4180} INFO - Setting next_dagrun for example_setup_teardown_taskflow to None, run_after=None
[2025-08-07T17:52:10.632+0000] {processor.py:208} INFO - Processing /home/airflow/.local/lib/python3.12/site-packages/airflow/example_dags/example_setup_teardown_taskflow.py took 0.247 seconds
[2025-08-07T17:52:31.372+0000] {processor.py:186} INFO - Started process (PID=4055) to work on /home/airflow/.local/lib/python3.12/site-packages/airflow/example_dags/example_setup_teardown_taskflow.py
[2025-08-07T17:52:31.373+0000] {processor.py:914} INFO - Processing file /home/airflow/.local/lib/python3.12/site-packages/airflow/example_dags/example_setup_teardown_taskflow.py for tasks to queue
[2025-08-07T17:52:31.379+0000] {logging_mixin.py:190} INFO - [2025-08-07T17:52:31.378+0000] {dagbag.py:588} INFO - Filling up the DagBag from /home/airflow/.local/lib/python3.12/site-packages/airflow/example_dags/example_setup_teardown_taskflow.py
[2025-08-07T17:52:31.401+0000] {processor.py:925} INFO - DAG(s) 'example_setup_teardown_taskflow' retrieved from /home/airflow/.local/lib/python3.12/site-packages/airflow/example_dags/example_setup_teardown_taskflow.py
[2025-08-07T17:52:31.453+0000] {logging_mixin.py:190} INFO - [2025-08-07T17:52:31.452+0000] {dag.py:3239} INFO - Sync 1 DAGs
[2025-08-07T17:52:31.489+0000] {logging_mixin.py:190} INFO - [2025-08-07T17:52:31.489+0000] {dag.py:4180} INFO - Setting next_dagrun for example_setup_teardown_taskflow to None, run_after=None
[2025-08-07T17:52:31.531+0000] {processor.py:208} INFO - Processing /home/airflow/.local/lib/python3.12/site-packages/airflow/example_dags/example_setup_teardown_taskflow.py took 0.171 seconds
[2025-08-07T17:53:04.124+0000] {processor.py:186} INFO - Started process (PID=4119) to work on /home/airflow/.local/lib/python3.12/site-packages/airflow/example_dags/example_setup_teardown_taskflow.py
[2025-08-07T17:53:04.126+0000] {processor.py:914} INFO - Processing file /home/airflow/.local/lib/python3.12/site-packages/airflow/example_dags/example_setup_teardown_taskflow.py for tasks to queue
[2025-08-07T17:53:04.127+0000] {logging_mixin.py:190} INFO - [2025-08-07T17:53:04.127+0000] {dagbag.py:588} INFO - Filling up the DagBag from /home/airflow/.local/lib/python3.12/site-packages/airflow/example_dags/example_setup_teardown_taskflow.py
[2025-08-07T17:53:04.155+0000] {processor.py:925} INFO - DAG(s) 'example_setup_teardown_taskflow' retrieved from /home/airflow/.local/lib/python3.12/site-packages/airflow/example_dags/example_setup_teardown_taskflow.py
[2025-08-07T17:53:04.216+0000] {logging_mixin.py:190} INFO - [2025-08-07T17:53:04.216+0000] {dag.py:3239} INFO - Sync 1 DAGs
[2025-08-07T17:53:04.267+0000] {logging_mixin.py:190} INFO - [2025-08-07T17:53:04.267+0000] {dag.py:4180} INFO - Setting next_dagrun for example_setup_teardown_taskflow to None, run_after=None
[2025-08-07T17:53:04.334+0000] {processor.py:208} INFO - Processing /home/airflow/.local/lib/python3.12/site-packages/airflow/example_dags/example_setup_teardown_taskflow.py took 0.221 seconds
[2025-08-07T17:53:32.527+0000] {processor.py:186} INFO - Started process (PID=4183) to work on /home/airflow/.local/lib/python3.12/site-packages/airflow/example_dags/example_setup_teardown_taskflow.py
[2025-08-07T17:53:32.529+0000] {processor.py:914} INFO - Processing file /home/airflow/.local/lib/python3.12/site-packages/airflow/example_dags/example_setup_teardown_taskflow.py for tasks to queue
[2025-08-07T17:53:32.537+0000] {logging_mixin.py:190} INFO - [2025-08-07T17:53:32.536+0000] {dagbag.py:588} INFO - Filling up the DagBag from /home/airflow/.local/lib/python3.12/site-packages/airflow/example_dags/example_setup_teardown_taskflow.py
[2025-08-07T17:53:32.577+0000] {processor.py:925} INFO - DAG(s) 'example_setup_teardown_taskflow' retrieved from /home/airflow/.local/lib/python3.12/site-packages/airflow/example_dags/example_setup_teardown_taskflow.py
[2025-08-07T17:53:32.678+0000] {logging_mixin.py:190} INFO - [2025-08-07T17:53:32.678+0000] {dag.py:3239} INFO - Sync 1 DAGs
[2025-08-07T17:53:32.767+0000] {logging_mixin.py:190} INFO - [2025-08-07T17:53:32.766+0000] {dag.py:4180} INFO - Setting next_dagrun for example_setup_teardown_taskflow to None, run_after=None
[2025-08-07T17:53:32.850+0000] {processor.py:208} INFO - Processing /home/airflow/.local/lib/python3.12/site-packages/airflow/example_dags/example_setup_teardown_taskflow.py took 0.342 seconds
[2025-08-07T17:53:47.920+0000] {processor.py:186} INFO - Started process (PID=4247) to work on /home/airflow/.local/lib/python3.12/site-packages/airflow/example_dags/example_setup_teardown_taskflow.py
[2025-08-07T17:53:47.921+0000] {processor.py:914} INFO - Processing file /home/airflow/.local/lib/python3.12/site-packages/airflow/example_dags/example_setup_teardown_taskflow.py for tasks to queue
[2025-08-07T17:53:47.922+0000] {logging_mixin.py:190} INFO - [2025-08-07T17:53:47.922+0000] {dagbag.py:588} INFO - Filling up the DagBag from /home/airflow/.local/lib/python3.12/site-packages/airflow/example_dags/example_setup_teardown_taskflow.py
[2025-08-07T17:53:47.950+0000] {processor.py:925} INFO - DAG(s) 'example_setup_teardown_taskflow' retrieved from /home/airflow/.local/lib/python3.12/site-packages/airflow/example_dags/example_setup_teardown_taskflow.py
[2025-08-07T17:53:47.993+0000] {logging_mixin.py:190} INFO - [2025-08-07T17:53:47.993+0000] {dag.py:3239} INFO - Sync 1 DAGs
[2025-08-07T17:53:48.030+0000] {logging_mixin.py:190} INFO - [2025-08-07T17:53:48.030+0000] {dag.py:4180} INFO - Setting next_dagrun for example_setup_teardown_taskflow to None, run_after=None
[2025-08-07T17:53:48.072+0000] {processor.py:208} INFO - Processing /home/airflow/.local/lib/python3.12/site-packages/airflow/example_dags/example_setup_teardown_taskflow.py took 0.170 seconds
[2025-08-07T17:54:02.252+0000] {processor.py:186} INFO - Started process (PID=4307) to work on /home/airflow/.local/lib/python3.12/site-packages/airflow/example_dags/example_setup_teardown_taskflow.py
[2025-08-07T17:54:02.259+0000] {processor.py:914} INFO - Processing file /home/airflow/.local/lib/python3.12/site-packages/airflow/example_dags/example_setup_teardown_taskflow.py for tasks to queue
[2025-08-07T17:54:02.262+0000] {logging_mixin.py:190} INFO - [2025-08-07T17:54:02.261+0000] {dagbag.py:588} INFO - Filling up the DagBag from /home/airflow/.local/lib/python3.12/site-packages/airflow/example_dags/example_setup_teardown_taskflow.py
[2025-08-07T17:54:02.302+0000] {processor.py:925} INFO - DAG(s) 'example_setup_teardown_taskflow' retrieved from /home/airflow/.local/lib/python3.12/site-packages/airflow/example_dags/example_setup_teardown_taskflow.py
[2025-08-07T17:54:02.383+0000] {logging_mixin.py:190} INFO - [2025-08-07T17:54:02.383+0000] {dag.py:3239} INFO - Sync 1 DAGs
[2025-08-07T17:54:02.443+0000] {logging_mixin.py:190} INFO - [2025-08-07T17:54:02.443+0000] {dag.py:4180} INFO - Setting next_dagrun for example_setup_teardown_taskflow to None, run_after=None
[2025-08-07T17:54:02.590+0000] {processor.py:208} INFO - Processing /home/airflow/.local/lib/python3.12/site-packages/airflow/example_dags/example_setup_teardown_taskflow.py took 0.357 seconds
[2025-08-07T17:54:34.104+0000] {processor.py:186} INFO - Started process (PID=4373) to work on /home/airflow/.local/lib/python3.12/site-packages/airflow/example_dags/example_setup_teardown_taskflow.py
[2025-08-07T17:54:34.105+0000] {processor.py:914} INFO - Processing file /home/airflow/.local/lib/python3.12/site-packages/airflow/example_dags/example_setup_teardown_taskflow.py for tasks to queue
[2025-08-07T17:54:34.111+0000] {logging_mixin.py:190} INFO - [2025-08-07T17:54:34.106+0000] {dagbag.py:588} INFO - Filling up the DagBag from /home/airflow/.local/lib/python3.12/site-packages/airflow/example_dags/example_setup_teardown_taskflow.py
[2025-08-07T17:54:34.134+0000] {processor.py:925} INFO - DAG(s) 'example_setup_teardown_taskflow' retrieved from /home/airflow/.local/lib/python3.12/site-packages/airflow/example_dags/example_setup_teardown_taskflow.py
[2025-08-07T17:54:34.186+0000] {logging_mixin.py:190} INFO - [2025-08-07T17:54:34.186+0000] {dag.py:3239} INFO - Sync 1 DAGs
[2025-08-07T17:54:34.224+0000] {logging_mixin.py:190} INFO - [2025-08-07T17:54:34.224+0000] {dag.py:4180} INFO - Setting next_dagrun for example_setup_teardown_taskflow to None, run_after=None
[2025-08-07T17:54:34.276+0000] {processor.py:208} INFO - Processing /home/airflow/.local/lib/python3.12/site-packages/airflow/example_dags/example_setup_teardown_taskflow.py took 0.184 seconds
[2025-08-07T17:55:07.551+0000] {processor.py:186} INFO - Started process (PID=4443) to work on /home/airflow/.local/lib/python3.12/site-packages/airflow/example_dags/example_setup_teardown_taskflow.py
[2025-08-07T17:55:07.553+0000] {processor.py:914} INFO - Processing file /home/airflow/.local/lib/python3.12/site-packages/airflow/example_dags/example_setup_teardown_taskflow.py for tasks to queue
[2025-08-07T17:55:07.555+0000] {logging_mixin.py:190} INFO - [2025-08-07T17:55:07.555+0000] {dagbag.py:588} INFO - Filling up the DagBag from /home/airflow/.local/lib/python3.12/site-packages/airflow/example_dags/example_setup_teardown_taskflow.py
[2025-08-07T17:55:07.593+0000] {processor.py:925} INFO - DAG(s) 'example_setup_teardown_taskflow' retrieved from /home/airflow/.local/lib/python3.12/site-packages/airflow/example_dags/example_setup_teardown_taskflow.py
[2025-08-07T17:55:07.646+0000] {logging_mixin.py:190} INFO - [2025-08-07T17:55:07.645+0000] {dag.py:3239} INFO - Sync 1 DAGs
[2025-08-07T17:55:07.692+0000] {logging_mixin.py:190} INFO - [2025-08-07T17:55:07.692+0000] {dag.py:4180} INFO - Setting next_dagrun for example_setup_teardown_taskflow to None, run_after=None
[2025-08-07T17:55:07.755+0000] {processor.py:208} INFO - Processing /home/airflow/.local/lib/python3.12/site-packages/airflow/example_dags/example_setup_teardown_taskflow.py took 0.221 seconds
