[2025-08-07T00:24:59.667+0000] {processor.py:186} INFO - Started process (PID=1007) to work on /home/airflow/.local/lib/python3.12/site-packages/airflow/example_dags/example_python_operator.py
[2025-08-07T00:24:59.668+0000] {processor.py:914} INFO - Processing file /home/airflow/.local/lib/python3.12/site-packages/airflow/example_dags/example_python_operator.py for tasks to queue
[2025-08-07T00:24:59.671+0000] {logging_mixin.py:190} INFO - [2025-08-07T00:24:59.670+0000] {dagbag.py:588} INFO - Filling up the DagBag from /home/airflow/.local/lib/python3.12/site-packages/airflow/example_dags/example_python_operator.py
[2025-08-07T00:24:59.715+0000] {processor.py:925} INFO - DAG(s) 'example_python_operator' retrieved from /home/airflow/.local/lib/python3.12/site-packages/airflow/example_dags/example_python_operator.py
[2025-08-07T00:24:59.807+0000] {logging_mixin.py:190} INFO - [2025-08-07T00:24:59.806+0000] {dag.py:3239} INFO - Sync 1 DAGs
[2025-08-07T00:24:59.858+0000] {logging_mixin.py:190} INFO - [2025-08-07T00:24:59.858+0000] {dag.py:4180} INFO - Setting next_dagrun for example_python_operator to None, run_after=None
[2025-08-07T00:24:59.954+0000] {processor.py:208} INFO - Processing /home/airflow/.local/lib/python3.12/site-packages/airflow/example_dags/example_python_operator.py took 0.322 seconds
[2025-08-07T00:26:26.301+0000] {processor.py:186} INFO - Started process (PID=1067) to work on /home/airflow/.local/lib/python3.12/site-packages/airflow/example_dags/example_python_operator.py
[2025-08-07T00:26:26.302+0000] {processor.py:914} INFO - Processing file /home/airflow/.local/lib/python3.12/site-packages/airflow/example_dags/example_python_operator.py for tasks to queue
[2025-08-07T00:26:26.303+0000] {logging_mixin.py:190} INFO - [2025-08-07T00:26:26.303+0000] {dagbag.py:588} INFO - Filling up the DagBag from /home/airflow/.local/lib/python3.12/site-packages/airflow/example_dags/example_python_operator.py
[2025-08-07T00:26:26.315+0000] {processor.py:925} INFO - DAG(s) 'example_python_operator' retrieved from /home/airflow/.local/lib/python3.12/site-packages/airflow/example_dags/example_python_operator.py
[2025-08-07T00:26:26.338+0000] {logging_mixin.py:190} INFO - [2025-08-07T00:26:26.337+0000] {dag.py:3239} INFO - Sync 1 DAGs
[2025-08-07T00:26:26.355+0000] {logging_mixin.py:190} INFO - [2025-08-07T00:26:26.355+0000] {dag.py:4180} INFO - Setting next_dagrun for example_python_operator to None, run_after=None
[2025-08-07T00:26:26.377+0000] {processor.py:208} INFO - Processing /home/airflow/.local/lib/python3.12/site-packages/airflow/example_dags/example_python_operator.py took 0.081 seconds
[2025-08-07T05:28:26.544+0000] {processor.py:186} INFO - Started process (PID=1089) to work on /home/airflow/.local/lib/python3.12/site-packages/airflow/example_dags/example_python_operator.py
[2025-08-07T05:28:26.548+0000] {processor.py:914} INFO - Processing file /home/airflow/.local/lib/python3.12/site-packages/airflow/example_dags/example_python_operator.py for tasks to queue
[2025-08-07T05:28:26.554+0000] {logging_mixin.py:190} INFO - [2025-08-07T05:28:26.554+0000] {dagbag.py:588} INFO - Filling up the DagBag from /home/airflow/.local/lib/python3.12/site-packages/airflow/example_dags/example_python_operator.py
[2025-08-07T05:28:26.594+0000] {processor.py:925} INFO - DAG(s) 'example_python_operator' retrieved from /home/airflow/.local/lib/python3.12/site-packages/airflow/example_dags/example_python_operator.py
[2025-08-07T05:28:26.690+0000] {logging_mixin.py:190} INFO - [2025-08-07T05:28:26.689+0000] {dag.py:3239} INFO - Sync 1 DAGs
[2025-08-07T05:28:26.767+0000] {logging_mixin.py:190} INFO - [2025-08-07T05:28:26.767+0000] {dag.py:4180} INFO - Setting next_dagrun for example_python_operator to None, run_after=None
[2025-08-07T05:28:26.828+0000] {processor.py:208} INFO - Processing /home/airflow/.local/lib/python3.12/site-packages/airflow/example_dags/example_python_operator.py took 0.304 seconds
[2025-08-07T11:29:47.701+0000] {processor.py:186} INFO - Started process (PID=1155) to work on /home/airflow/.local/lib/python3.12/site-packages/airflow/example_dags/example_python_operator.py
[2025-08-07T11:29:47.703+0000] {processor.py:914} INFO - Processing file /home/airflow/.local/lib/python3.12/site-packages/airflow/example_dags/example_python_operator.py for tasks to queue
[2025-08-07T11:29:47.705+0000] {logging_mixin.py:190} INFO - [2025-08-07T11:29:47.704+0000] {dagbag.py:588} INFO - Filling up the DagBag from /home/airflow/.local/lib/python3.12/site-packages/airflow/example_dags/example_python_operator.py
[2025-08-07T11:29:47.722+0000] {processor.py:925} INFO - DAG(s) 'example_python_operator' retrieved from /home/airflow/.local/lib/python3.12/site-packages/airflow/example_dags/example_python_operator.py
[2025-08-07T11:29:47.748+0000] {logging_mixin.py:190} INFO - [2025-08-07T11:29:47.748+0000] {dag.py:3239} INFO - Sync 1 DAGs
[2025-08-07T11:29:47.768+0000] {logging_mixin.py:190} INFO - [2025-08-07T11:29:47.768+0000] {dag.py:4180} INFO - Setting next_dagrun for example_python_operator to None, run_after=None
[2025-08-07T11:29:47.793+0000] {processor.py:208} INFO - Processing /home/airflow/.local/lib/python3.12/site-packages/airflow/example_dags/example_python_operator.py took 0.097 seconds
[2025-08-07T17:21:37.177+0000] {processor.py:186} INFO - Started process (PID=1173) to work on /home/airflow/.local/lib/python3.12/site-packages/airflow/example_dags/example_python_operator.py
[2025-08-07T17:21:37.193+0000] {processor.py:914} INFO - Processing file /home/airflow/.local/lib/python3.12/site-packages/airflow/example_dags/example_python_operator.py for tasks to queue
[2025-08-07T17:21:37.195+0000] {logging_mixin.py:190} INFO - [2025-08-07T17:21:37.195+0000] {dagbag.py:588} INFO - Filling up the DagBag from /home/airflow/.local/lib/python3.12/site-packages/airflow/example_dags/example_python_operator.py
[2025-08-07T17:21:37.278+0000] {processor.py:925} INFO - DAG(s) 'example_python_operator' retrieved from /home/airflow/.local/lib/python3.12/site-packages/airflow/example_dags/example_python_operator.py
[2025-08-07T17:21:37.401+0000] {logging_mixin.py:190} INFO - [2025-08-07T17:21:37.390+0000] {dag.py:3239} INFO - Sync 1 DAGs
[2025-08-07T17:21:37.475+0000] {logging_mixin.py:190} INFO - [2025-08-07T17:21:37.475+0000] {dag.py:4180} INFO - Setting next_dagrun for example_python_operator to None, run_after=None
[2025-08-07T17:21:37.563+0000] {processor.py:208} INFO - Processing /home/airflow/.local/lib/python3.12/site-packages/airflow/example_dags/example_python_operator.py took 0.395 seconds
[2025-08-07T17:22:08.096+0000] {processor.py:186} INFO - Started process (PID=1239) to work on /home/airflow/.local/lib/python3.12/site-packages/airflow/example_dags/example_python_operator.py
[2025-08-07T17:22:08.098+0000] {processor.py:914} INFO - Processing file /home/airflow/.local/lib/python3.12/site-packages/airflow/example_dags/example_python_operator.py for tasks to queue
[2025-08-07T17:22:08.099+0000] {logging_mixin.py:190} INFO - [2025-08-07T17:22:08.099+0000] {dagbag.py:588} INFO - Filling up the DagBag from /home/airflow/.local/lib/python3.12/site-packages/airflow/example_dags/example_python_operator.py
[2025-08-07T17:22:08.119+0000] {processor.py:925} INFO - DAG(s) 'example_python_operator' retrieved from /home/airflow/.local/lib/python3.12/site-packages/airflow/example_dags/example_python_operator.py
[2025-08-07T17:22:08.147+0000] {logging_mixin.py:190} INFO - [2025-08-07T17:22:08.147+0000] {dag.py:3239} INFO - Sync 1 DAGs
[2025-08-07T17:22:08.171+0000] {logging_mixin.py:190} INFO - [2025-08-07T17:22:08.171+0000] {dag.py:4180} INFO - Setting next_dagrun for example_python_operator to None, run_after=None
[2025-08-07T17:22:08.215+0000] {processor.py:208} INFO - Processing /home/airflow/.local/lib/python3.12/site-packages/airflow/example_dags/example_python_operator.py took 0.127 seconds
[2025-08-07T17:22:38.995+0000] {processor.py:186} INFO - Started process (PID=1304) to work on /home/airflow/.local/lib/python3.12/site-packages/airflow/example_dags/example_python_operator.py
[2025-08-07T17:22:38.997+0000] {processor.py:914} INFO - Processing file /home/airflow/.local/lib/python3.12/site-packages/airflow/example_dags/example_python_operator.py for tasks to queue
[2025-08-07T17:22:38.999+0000] {logging_mixin.py:190} INFO - [2025-08-07T17:22:38.998+0000] {dagbag.py:588} INFO - Filling up the DagBag from /home/airflow/.local/lib/python3.12/site-packages/airflow/example_dags/example_python_operator.py
[2025-08-07T17:22:39.015+0000] {processor.py:925} INFO - DAG(s) 'example_python_operator' retrieved from /home/airflow/.local/lib/python3.12/site-packages/airflow/example_dags/example_python_operator.py
[2025-08-07T17:22:39.045+0000] {logging_mixin.py:190} INFO - [2025-08-07T17:22:39.045+0000] {dag.py:3239} INFO - Sync 1 DAGs
[2025-08-07T17:22:39.062+0000] {logging_mixin.py:190} INFO - [2025-08-07T17:22:39.062+0000] {dag.py:4180} INFO - Setting next_dagrun for example_python_operator to None, run_after=None
[2025-08-07T17:22:39.086+0000] {processor.py:208} INFO - Processing /home/airflow/.local/lib/python3.12/site-packages/airflow/example_dags/example_python_operator.py took 0.098 seconds
[2025-08-07T17:22:03.827+0000] {processor.py:186} INFO - Started process (PID=1371) to work on /home/airflow/.local/lib/python3.12/site-packages/airflow/example_dags/example_python_operator.py
[2025-08-07T17:22:03.829+0000] {processor.py:914} INFO - Processing file /home/airflow/.local/lib/python3.12/site-packages/airflow/example_dags/example_python_operator.py for tasks to queue
[2025-08-07T17:22:03.831+0000] {logging_mixin.py:190} INFO - [2025-08-07T17:22:03.830+0000] {dagbag.py:588} INFO - Filling up the DagBag from /home/airflow/.local/lib/python3.12/site-packages/airflow/example_dags/example_python_operator.py
[2025-08-07T17:22:03.848+0000] {processor.py:925} INFO - DAG(s) 'example_python_operator' retrieved from /home/airflow/.local/lib/python3.12/site-packages/airflow/example_dags/example_python_operator.py
[2025-08-07T17:22:03.879+0000] {logging_mixin.py:190} INFO - [2025-08-07T17:22:03.878+0000] {dag.py:3239} INFO - Sync 1 DAGs
[2025-08-07T17:22:03.901+0000] {logging_mixin.py:190} INFO - [2025-08-07T17:22:03.901+0000] {dag.py:4180} INFO - Setting next_dagrun for example_python_operator to None, run_after=None
[2025-08-07T17:22:03.929+0000] {processor.py:208} INFO - Processing /home/airflow/.local/lib/python3.12/site-packages/airflow/example_dags/example_python_operator.py took 0.110 seconds
[2025-08-07T17:22:35.286+0000] {processor.py:186} INFO - Started process (PID=1402) to work on /home/airflow/.local/lib/python3.12/site-packages/airflow/example_dags/example_python_operator.py
[2025-08-07T17:22:35.287+0000] {processor.py:914} INFO - Processing file /home/airflow/.local/lib/python3.12/site-packages/airflow/example_dags/example_python_operator.py for tasks to queue
[2025-08-07T17:22:35.289+0000] {logging_mixin.py:190} INFO - [2025-08-07T17:22:35.288+0000] {dagbag.py:588} INFO - Filling up the DagBag from /home/airflow/.local/lib/python3.12/site-packages/airflow/example_dags/example_python_operator.py
[2025-08-07T17:22:35.301+0000] {processor.py:925} INFO - DAG(s) 'example_python_operator' retrieved from /home/airflow/.local/lib/python3.12/site-packages/airflow/example_dags/example_python_operator.py
[2025-08-07T17:22:35.327+0000] {logging_mixin.py:190} INFO - [2025-08-07T17:22:35.326+0000] {dag.py:3239} INFO - Sync 1 DAGs
[2025-08-07T17:22:35.344+0000] {logging_mixin.py:190} INFO - [2025-08-07T17:22:35.343+0000] {dag.py:4180} INFO - Setting next_dagrun for example_python_operator to None, run_after=None
[2025-08-07T17:22:35.369+0000] {processor.py:208} INFO - Processing /home/airflow/.local/lib/python3.12/site-packages/airflow/example_dags/example_python_operator.py took 0.089 seconds
[2025-08-07T17:23:06.784+0000] {processor.py:186} INFO - Started process (PID=1433) to work on /home/airflow/.local/lib/python3.12/site-packages/airflow/example_dags/example_python_operator.py
[2025-08-07T17:23:06.785+0000] {processor.py:914} INFO - Processing file /home/airflow/.local/lib/python3.12/site-packages/airflow/example_dags/example_python_operator.py for tasks to queue
[2025-08-07T17:23:06.786+0000] {logging_mixin.py:190} INFO - [2025-08-07T17:23:06.786+0000] {dagbag.py:588} INFO - Filling up the DagBag from /home/airflow/.local/lib/python3.12/site-packages/airflow/example_dags/example_python_operator.py
[2025-08-07T17:23:06.799+0000] {processor.py:925} INFO - DAG(s) 'example_python_operator' retrieved from /home/airflow/.local/lib/python3.12/site-packages/airflow/example_dags/example_python_operator.py
[2025-08-07T17:23:06.826+0000] {logging_mixin.py:190} INFO - [2025-08-07T17:23:06.825+0000] {dag.py:3239} INFO - Sync 1 DAGs
[2025-08-07T17:23:06.842+0000] {logging_mixin.py:190} INFO - [2025-08-07T17:23:06.842+0000] {dag.py:4180} INFO - Setting next_dagrun for example_python_operator to None, run_after=None
[2025-08-07T17:23:06.868+0000] {processor.py:208} INFO - Processing /home/airflow/.local/lib/python3.12/site-packages/airflow/example_dags/example_python_operator.py took 0.091 seconds
[2025-08-07T17:23:14.652+0000] {processor.py:186} INFO - Started process (PID=1463) to work on /home/airflow/.local/lib/python3.12/site-packages/airflow/example_dags/example_python_operator.py
[2025-08-07T17:23:14.653+0000] {processor.py:914} INFO - Processing file /home/airflow/.local/lib/python3.12/site-packages/airflow/example_dags/example_python_operator.py for tasks to queue
[2025-08-07T17:23:14.654+0000] {logging_mixin.py:190} INFO - [2025-08-07T17:23:14.654+0000] {dagbag.py:588} INFO - Filling up the DagBag from /home/airflow/.local/lib/python3.12/site-packages/airflow/example_dags/example_python_operator.py
[2025-08-07T17:23:14.667+0000] {processor.py:925} INFO - DAG(s) 'example_python_operator' retrieved from /home/airflow/.local/lib/python3.12/site-packages/airflow/example_dags/example_python_operator.py
[2025-08-07T17:23:14.701+0000] {logging_mixin.py:190} INFO - [2025-08-07T17:23:14.700+0000] {dag.py:3239} INFO - Sync 1 DAGs
[2025-08-07T17:23:14.732+0000] {logging_mixin.py:190} INFO - [2025-08-07T17:23:14.731+0000] {dag.py:4180} INFO - Setting next_dagrun for example_python_operator to None, run_after=None
[2025-08-07T17:23:14.762+0000] {processor.py:208} INFO - Processing /home/airflow/.local/lib/python3.12/site-packages/airflow/example_dags/example_python_operator.py took 0.116 seconds
[2025-08-07T17:23:44.536+0000] {processor.py:186} INFO - Started process (PID=1535) to work on /home/airflow/.local/lib/python3.12/site-packages/airflow/example_dags/example_python_operator.py
[2025-08-07T17:23:44.537+0000] {processor.py:914} INFO - Processing file /home/airflow/.local/lib/python3.12/site-packages/airflow/example_dags/example_python_operator.py for tasks to queue
[2025-08-07T17:23:44.538+0000] {logging_mixin.py:190} INFO - [2025-08-07T17:23:44.538+0000] {dagbag.py:588} INFO - Filling up the DagBag from /home/airflow/.local/lib/python3.12/site-packages/airflow/example_dags/example_python_operator.py
[2025-08-07T17:23:44.554+0000] {processor.py:925} INFO - DAG(s) 'example_python_operator' retrieved from /home/airflow/.local/lib/python3.12/site-packages/airflow/example_dags/example_python_operator.py
[2025-08-07T17:23:44.583+0000] {logging_mixin.py:190} INFO - [2025-08-07T17:23:44.583+0000] {dag.py:3239} INFO - Sync 1 DAGs
[2025-08-07T17:23:44.601+0000] {logging_mixin.py:190} INFO - [2025-08-07T17:23:44.601+0000] {dag.py:4180} INFO - Setting next_dagrun for example_python_operator to None, run_after=None
[2025-08-07T17:23:44.625+0000] {processor.py:208} INFO - Processing /home/airflow/.local/lib/python3.12/site-packages/airflow/example_dags/example_python_operator.py took 0.094 seconds
[2025-08-07T17:23:59.480+0000] {processor.py:186} INFO - Started process (PID=1593) to work on /home/airflow/.local/lib/python3.12/site-packages/airflow/example_dags/example_python_operator.py
[2025-08-07T17:23:59.481+0000] {processor.py:914} INFO - Processing file /home/airflow/.local/lib/python3.12/site-packages/airflow/example_dags/example_python_operator.py for tasks to queue
[2025-08-07T17:23:59.482+0000] {logging_mixin.py:190} INFO - [2025-08-07T17:23:59.482+0000] {dagbag.py:588} INFO - Filling up the DagBag from /home/airflow/.local/lib/python3.12/site-packages/airflow/example_dags/example_python_operator.py
[2025-08-07T17:23:59.495+0000] {processor.py:925} INFO - DAG(s) 'example_python_operator' retrieved from /home/airflow/.local/lib/python3.12/site-packages/airflow/example_dags/example_python_operator.py
[2025-08-07T17:23:59.521+0000] {logging_mixin.py:190} INFO - [2025-08-07T17:23:59.521+0000] {dag.py:3239} INFO - Sync 1 DAGs
[2025-08-07T17:23:59.541+0000] {logging_mixin.py:190} INFO - [2025-08-07T17:23:59.540+0000] {dag.py:4180} INFO - Setting next_dagrun for example_python_operator to None, run_after=None
[2025-08-07T17:23:59.565+0000] {processor.py:208} INFO - Processing /home/airflow/.local/lib/python3.12/site-packages/airflow/example_dags/example_python_operator.py took 0.091 seconds
[2025-08-07T17:24:13.366+0000] {processor.py:186} INFO - Started process (PID=1653) to work on /home/airflow/.local/lib/python3.12/site-packages/airflow/example_dags/example_python_operator.py
[2025-08-07T17:24:13.367+0000] {processor.py:914} INFO - Processing file /home/airflow/.local/lib/python3.12/site-packages/airflow/example_dags/example_python_operator.py for tasks to queue
[2025-08-07T17:24:13.369+0000] {logging_mixin.py:190} INFO - [2025-08-07T17:24:13.369+0000] {dagbag.py:588} INFO - Filling up the DagBag from /home/airflow/.local/lib/python3.12/site-packages/airflow/example_dags/example_python_operator.py
[2025-08-07T17:24:13.388+0000] {processor.py:925} INFO - DAG(s) 'example_python_operator' retrieved from /home/airflow/.local/lib/python3.12/site-packages/airflow/example_dags/example_python_operator.py
[2025-08-07T17:24:13.425+0000] {logging_mixin.py:190} INFO - [2025-08-07T17:24:13.425+0000] {dag.py:3239} INFO - Sync 1 DAGs
[2025-08-07T17:24:13.451+0000] {logging_mixin.py:190} INFO - [2025-08-07T17:24:13.451+0000] {dag.py:4180} INFO - Setting next_dagrun for example_python_operator to None, run_after=None
[2025-08-07T17:24:13.479+0000] {processor.py:208} INFO - Processing /home/airflow/.local/lib/python3.12/site-packages/airflow/example_dags/example_python_operator.py took 0.120 seconds
[2025-08-07T17:24:44.473+0000] {processor.py:186} INFO - Started process (PID=1727) to work on /home/airflow/.local/lib/python3.12/site-packages/airflow/example_dags/example_python_operator.py
[2025-08-07T17:24:44.474+0000] {processor.py:914} INFO - Processing file /home/airflow/.local/lib/python3.12/site-packages/airflow/example_dags/example_python_operator.py for tasks to queue
[2025-08-07T17:24:44.475+0000] {logging_mixin.py:190} INFO - [2025-08-07T17:24:44.474+0000] {dagbag.py:588} INFO - Filling up the DagBag from /home/airflow/.local/lib/python3.12/site-packages/airflow/example_dags/example_python_operator.py
[2025-08-07T17:24:44.486+0000] {processor.py:925} INFO - DAG(s) 'example_python_operator' retrieved from /home/airflow/.local/lib/python3.12/site-packages/airflow/example_dags/example_python_operator.py
[2025-08-07T17:24:44.512+0000] {logging_mixin.py:190} INFO - [2025-08-07T17:24:44.512+0000] {dag.py:3239} INFO - Sync 1 DAGs
[2025-08-07T17:24:44.528+0000] {logging_mixin.py:190} INFO - [2025-08-07T17:24:44.528+0000] {dag.py:4180} INFO - Setting next_dagrun for example_python_operator to None, run_after=None
[2025-08-07T17:24:44.554+0000] {processor.py:208} INFO - Processing /home/airflow/.local/lib/python3.12/site-packages/airflow/example_dags/example_python_operator.py took 0.087 seconds
[2025-08-07T17:24:59.507+0000] {processor.py:186} INFO - Started process (PID=1786) to work on /home/airflow/.local/lib/python3.12/site-packages/airflow/example_dags/example_python_operator.py
[2025-08-07T17:24:59.509+0000] {processor.py:914} INFO - Processing file /home/airflow/.local/lib/python3.12/site-packages/airflow/example_dags/example_python_operator.py for tasks to queue
[2025-08-07T17:24:59.510+0000] {logging_mixin.py:190} INFO - [2025-08-07T17:24:59.510+0000] {dagbag.py:588} INFO - Filling up the DagBag from /home/airflow/.local/lib/python3.12/site-packages/airflow/example_dags/example_python_operator.py
[2025-08-07T17:24:59.525+0000] {processor.py:925} INFO - DAG(s) 'example_python_operator' retrieved from /home/airflow/.local/lib/python3.12/site-packages/airflow/example_dags/example_python_operator.py
[2025-08-07T17:24:59.552+0000] {logging_mixin.py:190} INFO - [2025-08-07T17:24:59.552+0000] {dag.py:3239} INFO - Sync 1 DAGs
[2025-08-07T17:24:59.573+0000] {logging_mixin.py:190} INFO - [2025-08-07T17:24:59.573+0000] {dag.py:4180} INFO - Setting next_dagrun for example_python_operator to None, run_after=None
[2025-08-07T17:24:59.600+0000] {processor.py:208} INFO - Processing /home/airflow/.local/lib/python3.12/site-packages/airflow/example_dags/example_python_operator.py took 0.098 seconds
[2025-08-07T17:25:13.296+0000] {processor.py:186} INFO - Started process (PID=1842) to work on /home/airflow/.local/lib/python3.12/site-packages/airflow/example_dags/example_python_operator.py
[2025-08-07T17:25:13.298+0000] {processor.py:914} INFO - Processing file /home/airflow/.local/lib/python3.12/site-packages/airflow/example_dags/example_python_operator.py for tasks to queue
[2025-08-07T17:25:13.299+0000] {logging_mixin.py:190} INFO - [2025-08-07T17:25:13.299+0000] {dagbag.py:588} INFO - Filling up the DagBag from /home/airflow/.local/lib/python3.12/site-packages/airflow/example_dags/example_python_operator.py
[2025-08-07T17:25:13.313+0000] {processor.py:925} INFO - DAG(s) 'example_python_operator' retrieved from /home/airflow/.local/lib/python3.12/site-packages/airflow/example_dags/example_python_operator.py
[2025-08-07T17:25:13.349+0000] {logging_mixin.py:190} INFO - [2025-08-07T17:25:13.348+0000] {dag.py:3239} INFO - Sync 1 DAGs
[2025-08-07T17:25:13.368+0000] {logging_mixin.py:190} INFO - [2025-08-07T17:25:13.368+0000] {dag.py:4180} INFO - Setting next_dagrun for example_python_operator to None, run_after=None
[2025-08-07T17:25:13.403+0000] {processor.py:208} INFO - Processing /home/airflow/.local/lib/python3.12/site-packages/airflow/example_dags/example_python_operator.py took 0.112 seconds
[2025-08-07T17:25:41.691+0000] {processor.py:186} INFO - Started process (PID=1907) to work on /home/airflow/.local/lib/python3.12/site-packages/airflow/example_dags/example_python_operator.py
[2025-08-07T17:25:41.693+0000] {processor.py:914} INFO - Processing file /home/airflow/.local/lib/python3.12/site-packages/airflow/example_dags/example_python_operator.py for tasks to queue
[2025-08-07T17:25:41.695+0000] {logging_mixin.py:190} INFO - [2025-08-07T17:25:41.694+0000] {dagbag.py:588} INFO - Filling up the DagBag from /home/airflow/.local/lib/python3.12/site-packages/airflow/example_dags/example_python_operator.py
[2025-08-07T17:25:41.714+0000] {processor.py:925} INFO - DAG(s) 'example_python_operator' retrieved from /home/airflow/.local/lib/python3.12/site-packages/airflow/example_dags/example_python_operator.py
[2025-08-07T17:25:41.742+0000] {logging_mixin.py:190} INFO - [2025-08-07T17:25:41.742+0000] {dag.py:3239} INFO - Sync 1 DAGs
[2025-08-07T17:25:41.764+0000] {logging_mixin.py:190} INFO - [2025-08-07T17:25:41.764+0000] {dag.py:4180} INFO - Setting next_dagrun for example_python_operator to None, run_after=None
[2025-08-07T17:25:41.809+0000] {processor.py:208} INFO - Processing /home/airflow/.local/lib/python3.12/site-packages/airflow/example_dags/example_python_operator.py took 0.123 seconds
[2025-08-07T17:26:13.390+0000] {processor.py:186} INFO - Started process (PID=1977) to work on /home/airflow/.local/lib/python3.12/site-packages/airflow/example_dags/example_python_operator.py
[2025-08-07T17:26:13.391+0000] {processor.py:914} INFO - Processing file /home/airflow/.local/lib/python3.12/site-packages/airflow/example_dags/example_python_operator.py for tasks to queue
[2025-08-07T17:26:13.393+0000] {logging_mixin.py:190} INFO - [2025-08-07T17:26:13.392+0000] {dagbag.py:588} INFO - Filling up the DagBag from /home/airflow/.local/lib/python3.12/site-packages/airflow/example_dags/example_python_operator.py
[2025-08-07T17:26:13.409+0000] {processor.py:925} INFO - DAG(s) 'example_python_operator' retrieved from /home/airflow/.local/lib/python3.12/site-packages/airflow/example_dags/example_python_operator.py
[2025-08-07T17:26:13.437+0000] {logging_mixin.py:190} INFO - [2025-08-07T17:26:13.437+0000] {dag.py:3239} INFO - Sync 1 DAGs
[2025-08-07T17:26:13.455+0000] {logging_mixin.py:190} INFO - [2025-08-07T17:26:13.455+0000] {dag.py:4180} INFO - Setting next_dagrun for example_python_operator to None, run_after=None
[2025-08-07T17:26:13.482+0000] {processor.py:208} INFO - Processing /home/airflow/.local/lib/python3.12/site-packages/airflow/example_dags/example_python_operator.py took 0.100 seconds
[2025-08-07T17:26:44.583+0000] {processor.py:186} INFO - Started process (PID=2040) to work on /home/airflow/.local/lib/python3.12/site-packages/airflow/example_dags/example_python_operator.py
[2025-08-07T17:26:44.584+0000] {processor.py:914} INFO - Processing file /home/airflow/.local/lib/python3.12/site-packages/airflow/example_dags/example_python_operator.py for tasks to queue
[2025-08-07T17:26:44.585+0000] {logging_mixin.py:190} INFO - [2025-08-07T17:26:44.585+0000] {dagbag.py:588} INFO - Filling up the DagBag from /home/airflow/.local/lib/python3.12/site-packages/airflow/example_dags/example_python_operator.py
[2025-08-07T17:26:44.598+0000] {processor.py:925} INFO - DAG(s) 'example_python_operator' retrieved from /home/airflow/.local/lib/python3.12/site-packages/airflow/example_dags/example_python_operator.py
[2025-08-07T17:26:44.622+0000] {logging_mixin.py:190} INFO - [2025-08-07T17:26:44.622+0000] {dag.py:3239} INFO - Sync 1 DAGs
[2025-08-07T17:26:44.639+0000] {logging_mixin.py:190} INFO - [2025-08-07T17:26:44.639+0000] {dag.py:4180} INFO - Setting next_dagrun for example_python_operator to None, run_after=None
[2025-08-07T17:26:44.664+0000] {processor.py:208} INFO - Processing /home/airflow/.local/lib/python3.12/site-packages/airflow/example_dags/example_python_operator.py took 0.087 seconds
[2025-08-07T17:26:54.979+0000] {processor.py:186} INFO - Started process (PID=2100) to work on /home/airflow/.local/lib/python3.12/site-packages/airflow/example_dags/example_python_operator.py
[2025-08-07T17:26:54.981+0000] {processor.py:914} INFO - Processing file /home/airflow/.local/lib/python3.12/site-packages/airflow/example_dags/example_python_operator.py for tasks to queue
[2025-08-07T17:26:54.983+0000] {logging_mixin.py:190} INFO - [2025-08-07T17:26:54.982+0000] {dagbag.py:588} INFO - Filling up the DagBag from /home/airflow/.local/lib/python3.12/site-packages/airflow/example_dags/example_python_operator.py
[2025-08-07T17:26:55.007+0000] {processor.py:925} INFO - DAG(s) 'example_python_operator' retrieved from /home/airflow/.local/lib/python3.12/site-packages/airflow/example_dags/example_python_operator.py
[2025-08-07T17:26:55.046+0000] {logging_mixin.py:190} INFO - [2025-08-07T17:26:55.046+0000] {dag.py:3239} INFO - Sync 1 DAGs
[2025-08-07T17:26:55.066+0000] {logging_mixin.py:190} INFO - [2025-08-07T17:26:55.066+0000] {dag.py:4180} INFO - Setting next_dagrun for example_python_operator to None, run_after=None
[2025-08-07T17:26:55.098+0000] {processor.py:208} INFO - Processing /home/airflow/.local/lib/python3.12/site-packages/airflow/example_dags/example_python_operator.py took 0.125 seconds
[2025-08-07T17:27:26.239+0000] {processor.py:186} INFO - Started process (PID=2164) to work on /home/airflow/.local/lib/python3.12/site-packages/airflow/example_dags/example_python_operator.py
[2025-08-07T17:27:26.240+0000] {processor.py:914} INFO - Processing file /home/airflow/.local/lib/python3.12/site-packages/airflow/example_dags/example_python_operator.py for tasks to queue
[2025-08-07T17:27:26.243+0000] {logging_mixin.py:190} INFO - [2025-08-07T17:27:26.242+0000] {dagbag.py:588} INFO - Filling up the DagBag from /home/airflow/.local/lib/python3.12/site-packages/airflow/example_dags/example_python_operator.py
[2025-08-07T17:27:26.256+0000] {processor.py:925} INFO - DAG(s) 'example_python_operator' retrieved from /home/airflow/.local/lib/python3.12/site-packages/airflow/example_dags/example_python_operator.py
[2025-08-07T17:27:26.284+0000] {logging_mixin.py:190} INFO - [2025-08-07T17:27:26.284+0000] {dag.py:3239} INFO - Sync 1 DAGs
[2025-08-07T17:27:26.302+0000] {logging_mixin.py:190} INFO - [2025-08-07T17:27:26.302+0000] {dag.py:4180} INFO - Setting next_dagrun for example_python_operator to None, run_after=None
[2025-08-07T17:27:26.331+0000] {processor.py:208} INFO - Processing /home/airflow/.local/lib/python3.12/site-packages/airflow/example_dags/example_python_operator.py took 0.096 seconds
[2025-08-07T17:27:54.842+0000] {processor.py:186} INFO - Started process (PID=2228) to work on /home/airflow/.local/lib/python3.12/site-packages/airflow/example_dags/example_python_operator.py
[2025-08-07T17:27:54.843+0000] {processor.py:914} INFO - Processing file /home/airflow/.local/lib/python3.12/site-packages/airflow/example_dags/example_python_operator.py for tasks to queue
[2025-08-07T17:27:54.845+0000] {logging_mixin.py:190} INFO - [2025-08-07T17:27:54.845+0000] {dagbag.py:588} INFO - Filling up the DagBag from /home/airflow/.local/lib/python3.12/site-packages/airflow/example_dags/example_python_operator.py
[2025-08-07T17:27:54.861+0000] {processor.py:925} INFO - DAG(s) 'example_python_operator' retrieved from /home/airflow/.local/lib/python3.12/site-packages/airflow/example_dags/example_python_operator.py
[2025-08-07T17:27:54.888+0000] {logging_mixin.py:190} INFO - [2025-08-07T17:27:54.888+0000] {dag.py:3239} INFO - Sync 1 DAGs
[2025-08-07T17:27:54.906+0000] {logging_mixin.py:190} INFO - [2025-08-07T17:27:54.906+0000] {dag.py:4180} INFO - Setting next_dagrun for example_python_operator to None, run_after=None
[2025-08-07T17:27:54.935+0000] {processor.py:208} INFO - Processing /home/airflow/.local/lib/python3.12/site-packages/airflow/example_dags/example_python_operator.py took 0.100 seconds
[2025-08-07T17:28:25.927+0000] {processor.py:186} INFO - Started process (PID=2294) to work on /home/airflow/.local/lib/python3.12/site-packages/airflow/example_dags/example_python_operator.py
[2025-08-07T17:28:25.929+0000] {processor.py:914} INFO - Processing file /home/airflow/.local/lib/python3.12/site-packages/airflow/example_dags/example_python_operator.py for tasks to queue
[2025-08-07T17:28:25.931+0000] {logging_mixin.py:190} INFO - [2025-08-07T17:28:25.930+0000] {dagbag.py:588} INFO - Filling up the DagBag from /home/airflow/.local/lib/python3.12/site-packages/airflow/example_dags/example_python_operator.py
[2025-08-07T17:28:25.945+0000] {processor.py:925} INFO - DAG(s) 'example_python_operator' retrieved from /home/airflow/.local/lib/python3.12/site-packages/airflow/example_dags/example_python_operator.py
[2025-08-07T17:28:25.974+0000] {logging_mixin.py:190} INFO - [2025-08-07T17:28:25.974+0000] {dag.py:3239} INFO - Sync 1 DAGs
[2025-08-07T17:28:25.992+0000] {logging_mixin.py:190} INFO - [2025-08-07T17:28:25.991+0000] {dag.py:4180} INFO - Setting next_dagrun for example_python_operator to None, run_after=None
[2025-08-07T17:28:26.024+0000] {processor.py:208} INFO - Processing /home/airflow/.local/lib/python3.12/site-packages/airflow/example_dags/example_python_operator.py took 0.103 seconds
[2025-08-07T17:28:36.667+0000] {processor.py:186} INFO - Started process (PID=2352) to work on /home/airflow/.local/lib/python3.12/site-packages/airflow/example_dags/example_python_operator.py
[2025-08-07T17:28:36.668+0000] {processor.py:914} INFO - Processing file /home/airflow/.local/lib/python3.12/site-packages/airflow/example_dags/example_python_operator.py for tasks to queue
[2025-08-07T17:28:36.670+0000] {logging_mixin.py:190} INFO - [2025-08-07T17:28:36.669+0000] {dagbag.py:588} INFO - Filling up the DagBag from /home/airflow/.local/lib/python3.12/site-packages/airflow/example_dags/example_python_operator.py
[2025-08-07T17:28:36.684+0000] {processor.py:925} INFO - DAG(s) 'example_python_operator' retrieved from /home/airflow/.local/lib/python3.12/site-packages/airflow/example_dags/example_python_operator.py
[2025-08-07T17:28:36.710+0000] {logging_mixin.py:190} INFO - [2025-08-07T17:28:36.710+0000] {dag.py:3239} INFO - Sync 1 DAGs
[2025-08-07T17:28:36.731+0000] {logging_mixin.py:190} INFO - [2025-08-07T17:28:36.731+0000] {dag.py:4180} INFO - Setting next_dagrun for example_python_operator to None, run_after=None
[2025-08-07T17:28:36.758+0000] {processor.py:208} INFO - Processing /home/airflow/.local/lib/python3.12/site-packages/airflow/example_dags/example_python_operator.py took 0.099 seconds
[2025-08-07T17:29:08.200+0000] {processor.py:186} INFO - Started process (PID=2424) to work on /home/airflow/.local/lib/python3.12/site-packages/airflow/example_dags/example_python_operator.py
[2025-08-07T17:29:08.202+0000] {processor.py:914} INFO - Processing file /home/airflow/.local/lib/python3.12/site-packages/airflow/example_dags/example_python_operator.py for tasks to queue
[2025-08-07T17:29:08.203+0000] {logging_mixin.py:190} INFO - [2025-08-07T17:29:08.203+0000] {dagbag.py:588} INFO - Filling up the DagBag from /home/airflow/.local/lib/python3.12/site-packages/airflow/example_dags/example_python_operator.py
[2025-08-07T17:29:08.221+0000] {processor.py:925} INFO - DAG(s) 'example_python_operator' retrieved from /home/airflow/.local/lib/python3.12/site-packages/airflow/example_dags/example_python_operator.py
[2025-08-07T17:29:08.249+0000] {logging_mixin.py:190} INFO - [2025-08-07T17:29:08.249+0000] {dag.py:3239} INFO - Sync 1 DAGs
[2025-08-07T17:29:08.273+0000] {logging_mixin.py:190} INFO - [2025-08-07T17:29:08.272+0000] {dag.py:4180} INFO - Setting next_dagrun for example_python_operator to None, run_after=None
[2025-08-07T17:29:08.301+0000] {processor.py:208} INFO - Processing /home/airflow/.local/lib/python3.12/site-packages/airflow/example_dags/example_python_operator.py took 0.106 seconds
[2025-08-07T17:29:15.297+0000] {processor.py:186} INFO - Started process (PID=2483) to work on /home/airflow/.local/lib/python3.12/site-packages/airflow/example_dags/example_python_operator.py
[2025-08-07T17:29:15.299+0000] {processor.py:914} INFO - Processing file /home/airflow/.local/lib/python3.12/site-packages/airflow/example_dags/example_python_operator.py for tasks to queue
[2025-08-07T17:29:15.301+0000] {logging_mixin.py:190} INFO - [2025-08-07T17:29:15.301+0000] {dagbag.py:588} INFO - Filling up the DagBag from /home/airflow/.local/lib/python3.12/site-packages/airflow/example_dags/example_python_operator.py
[2025-08-07T17:29:15.315+0000] {processor.py:925} INFO - DAG(s) 'example_python_operator' retrieved from /home/airflow/.local/lib/python3.12/site-packages/airflow/example_dags/example_python_operator.py
[2025-08-07T17:29:15.344+0000] {logging_mixin.py:190} INFO - [2025-08-07T17:29:15.343+0000] {dag.py:3239} INFO - Sync 1 DAGs
[2025-08-07T17:29:15.366+0000] {logging_mixin.py:190} INFO - [2025-08-07T17:29:15.366+0000] {dag.py:4180} INFO - Setting next_dagrun for example_python_operator to None, run_after=None
[2025-08-07T17:29:15.394+0000] {processor.py:208} INFO - Processing /home/airflow/.local/lib/python3.12/site-packages/airflow/example_dags/example_python_operator.py took 0.102 seconds
[2025-08-07T17:29:46.617+0000] {processor.py:186} INFO - Started process (PID=2547) to work on /home/airflow/.local/lib/python3.12/site-packages/airflow/example_dags/example_python_operator.py
[2025-08-07T17:29:46.618+0000] {processor.py:914} INFO - Processing file /home/airflow/.local/lib/python3.12/site-packages/airflow/example_dags/example_python_operator.py for tasks to queue
[2025-08-07T17:29:46.620+0000] {logging_mixin.py:190} INFO - [2025-08-07T17:29:46.619+0000] {dagbag.py:588} INFO - Filling up the DagBag from /home/airflow/.local/lib/python3.12/site-packages/airflow/example_dags/example_python_operator.py
[2025-08-07T17:29:46.638+0000] {processor.py:925} INFO - DAG(s) 'example_python_operator' retrieved from /home/airflow/.local/lib/python3.12/site-packages/airflow/example_dags/example_python_operator.py
[2025-08-07T17:29:46.665+0000] {logging_mixin.py:190} INFO - [2025-08-07T17:29:46.665+0000] {dag.py:3239} INFO - Sync 1 DAGs
[2025-08-07T17:29:46.687+0000] {logging_mixin.py:190} INFO - [2025-08-07T17:29:46.687+0000] {dag.py:4180} INFO - Setting next_dagrun for example_python_operator to None, run_after=None
[2025-08-07T17:29:46.714+0000] {processor.py:208} INFO - Processing /home/airflow/.local/lib/python3.12/site-packages/airflow/example_dags/example_python_operator.py took 0.105 seconds
[2025-08-07T17:30:17.832+0000] {processor.py:186} INFO - Started process (PID=2611) to work on /home/airflow/.local/lib/python3.12/site-packages/airflow/example_dags/example_python_operator.py
[2025-08-07T17:30:17.833+0000] {processor.py:914} INFO - Processing file /home/airflow/.local/lib/python3.12/site-packages/airflow/example_dags/example_python_operator.py for tasks to queue
[2025-08-07T17:30:17.834+0000] {logging_mixin.py:190} INFO - [2025-08-07T17:30:17.834+0000] {dagbag.py:588} INFO - Filling up the DagBag from /home/airflow/.local/lib/python3.12/site-packages/airflow/example_dags/example_python_operator.py
[2025-08-07T17:30:17.849+0000] {processor.py:925} INFO - DAG(s) 'example_python_operator' retrieved from /home/airflow/.local/lib/python3.12/site-packages/airflow/example_dags/example_python_operator.py
[2025-08-07T17:30:17.876+0000] {logging_mixin.py:190} INFO - [2025-08-07T17:30:17.876+0000] {dag.py:3239} INFO - Sync 1 DAGs
[2025-08-07T17:30:17.893+0000] {logging_mixin.py:190} INFO - [2025-08-07T17:30:17.892+0000] {dag.py:4180} INFO - Setting next_dagrun for example_python_operator to None, run_after=None
[2025-08-07T17:30:17.922+0000] {processor.py:208} INFO - Processing /home/airflow/.local/lib/python3.12/site-packages/airflow/example_dags/example_python_operator.py took 0.097 seconds
[2025-08-07T17:42:29.147+0000] {processor.py:186} INFO - Started process (PID=2687) to work on /home/airflow/.local/lib/python3.12/site-packages/airflow/example_dags/example_python_operator.py
[2025-08-07T17:42:29.150+0000] {processor.py:914} INFO - Processing file /home/airflow/.local/lib/python3.12/site-packages/airflow/example_dags/example_python_operator.py for tasks to queue
[2025-08-07T17:42:29.152+0000] {logging_mixin.py:190} INFO - [2025-08-07T17:42:29.151+0000] {dagbag.py:588} INFO - Filling up the DagBag from /home/airflow/.local/lib/python3.12/site-packages/airflow/example_dags/example_python_operator.py
[2025-08-07T17:42:29.189+0000] {processor.py:925} INFO - DAG(s) 'example_python_operator' retrieved from /home/airflow/.local/lib/python3.12/site-packages/airflow/example_dags/example_python_operator.py
[2025-08-07T17:42:29.261+0000] {logging_mixin.py:190} INFO - [2025-08-07T17:42:29.261+0000] {dag.py:3239} INFO - Sync 1 DAGs
[2025-08-07T17:42:29.306+0000] {logging_mixin.py:190} INFO - [2025-08-07T17:42:29.306+0000] {dag.py:4180} INFO - Setting next_dagrun for example_python_operator to None, run_after=None
[2025-08-07T17:42:29.412+0000] {processor.py:208} INFO - Processing /home/airflow/.local/lib/python3.12/site-packages/airflow/example_dags/example_python_operator.py took 0.291 seconds
[2025-08-07T17:42:59.860+0000] {processor.py:186} INFO - Started process (PID=2754) to work on /home/airflow/.local/lib/python3.12/site-packages/airflow/example_dags/example_python_operator.py
[2025-08-07T17:42:59.861+0000] {processor.py:914} INFO - Processing file /home/airflow/.local/lib/python3.12/site-packages/airflow/example_dags/example_python_operator.py for tasks to queue
[2025-08-07T17:42:59.865+0000] {logging_mixin.py:190} INFO - [2025-08-07T17:42:59.865+0000] {dagbag.py:588} INFO - Filling up the DagBag from /home/airflow/.local/lib/python3.12/site-packages/airflow/example_dags/example_python_operator.py
[2025-08-07T17:42:59.881+0000] {processor.py:925} INFO - DAG(s) 'example_python_operator' retrieved from /home/airflow/.local/lib/python3.12/site-packages/airflow/example_dags/example_python_operator.py
[2025-08-07T17:42:59.921+0000] {logging_mixin.py:190} INFO - [2025-08-07T17:42:59.920+0000] {dag.py:3239} INFO - Sync 1 DAGs
[2025-08-07T17:42:59.960+0000] {logging_mixin.py:190} INFO - [2025-08-07T17:42:59.960+0000] {dag.py:4180} INFO - Setting next_dagrun for example_python_operator to None, run_after=None
[2025-08-07T17:43:00.009+0000] {processor.py:208} INFO - Processing /home/airflow/.local/lib/python3.12/site-packages/airflow/example_dags/example_python_operator.py took 0.158 seconds
[2025-08-07T17:43:23.260+0000] {processor.py:186} INFO - Started process (PID=2817) to work on /home/airflow/.local/lib/python3.12/site-packages/airflow/example_dags/example_python_operator.py
[2025-08-07T17:43:23.261+0000] {processor.py:914} INFO - Processing file /home/airflow/.local/lib/python3.12/site-packages/airflow/example_dags/example_python_operator.py for tasks to queue
[2025-08-07T17:43:23.263+0000] {logging_mixin.py:190} INFO - [2025-08-07T17:43:23.262+0000] {dagbag.py:588} INFO - Filling up the DagBag from /home/airflow/.local/lib/python3.12/site-packages/airflow/example_dags/example_python_operator.py
[2025-08-07T17:43:23.290+0000] {processor.py:925} INFO - DAG(s) 'example_python_operator' retrieved from /home/airflow/.local/lib/python3.12/site-packages/airflow/example_dags/example_python_operator.py
[2025-08-07T17:43:23.338+0000] {logging_mixin.py:190} INFO - [2025-08-07T17:43:23.337+0000] {dag.py:3239} INFO - Sync 1 DAGs
[2025-08-07T17:43:23.368+0000] {logging_mixin.py:190} INFO - [2025-08-07T17:43:23.368+0000] {dag.py:4180} INFO - Setting next_dagrun for example_python_operator to None, run_after=None
[2025-08-07T17:43:23.416+0000] {processor.py:208} INFO - Processing /home/airflow/.local/lib/python3.12/site-packages/airflow/example_dags/example_python_operator.py took 0.165 seconds
[2025-08-07T17:43:43.132+0000] {processor.py:186} INFO - Started process (PID=2877) to work on /home/airflow/.local/lib/python3.12/site-packages/airflow/example_dags/example_python_operator.py
[2025-08-07T17:43:43.133+0000] {processor.py:914} INFO - Processing file /home/airflow/.local/lib/python3.12/site-packages/airflow/example_dags/example_python_operator.py for tasks to queue
[2025-08-07T17:43:43.134+0000] {logging_mixin.py:190} INFO - [2025-08-07T17:43:43.134+0000] {dagbag.py:588} INFO - Filling up the DagBag from /home/airflow/.local/lib/python3.12/site-packages/airflow/example_dags/example_python_operator.py
[2025-08-07T17:43:43.160+0000] {processor.py:925} INFO - DAG(s) 'example_python_operator' retrieved from /home/airflow/.local/lib/python3.12/site-packages/airflow/example_dags/example_python_operator.py
[2025-08-07T17:43:43.212+0000] {logging_mixin.py:190} INFO - [2025-08-07T17:43:43.211+0000] {dag.py:3239} INFO - Sync 1 DAGs
[2025-08-07T17:43:43.262+0000] {logging_mixin.py:190} INFO - [2025-08-07T17:43:43.262+0000] {dag.py:4180} INFO - Setting next_dagrun for example_python_operator to None, run_after=None
[2025-08-07T17:43:43.298+0000] {processor.py:208} INFO - Processing /home/airflow/.local/lib/python3.12/site-packages/airflow/example_dags/example_python_operator.py took 0.175 seconds
[2025-08-07T17:44:15.171+0000] {processor.py:186} INFO - Started process (PID=2943) to work on /home/airflow/.local/lib/python3.12/site-packages/airflow/example_dags/example_python_operator.py
[2025-08-07T17:44:15.174+0000] {processor.py:914} INFO - Processing file /home/airflow/.local/lib/python3.12/site-packages/airflow/example_dags/example_python_operator.py for tasks to queue
[2025-08-07T17:44:15.180+0000] {logging_mixin.py:190} INFO - [2025-08-07T17:44:15.179+0000] {dagbag.py:588} INFO - Filling up the DagBag from /home/airflow/.local/lib/python3.12/site-packages/airflow/example_dags/example_python_operator.py
[2025-08-07T17:44:15.221+0000] {processor.py:925} INFO - DAG(s) 'example_python_operator' retrieved from /home/airflow/.local/lib/python3.12/site-packages/airflow/example_dags/example_python_operator.py
[2025-08-07T17:44:15.301+0000] {logging_mixin.py:190} INFO - [2025-08-07T17:44:15.300+0000] {dag.py:3239} INFO - Sync 1 DAGs
[2025-08-07T17:44:15.341+0000] {logging_mixin.py:190} INFO - [2025-08-07T17:44:15.340+0000] {dag.py:4180} INFO - Setting next_dagrun for example_python_operator to None, run_after=None
[2025-08-07T17:44:15.383+0000] {processor.py:208} INFO - Processing /home/airflow/.local/lib/python3.12/site-packages/airflow/example_dags/example_python_operator.py took 0.224 seconds
[2025-08-07T17:44:45.500+0000] {processor.py:186} INFO - Started process (PID=3008) to work on /home/airflow/.local/lib/python3.12/site-packages/airflow/example_dags/example_python_operator.py
[2025-08-07T17:44:45.502+0000] {processor.py:914} INFO - Processing file /home/airflow/.local/lib/python3.12/site-packages/airflow/example_dags/example_python_operator.py for tasks to queue
[2025-08-07T17:44:45.504+0000] {logging_mixin.py:190} INFO - [2025-08-07T17:44:45.503+0000] {dagbag.py:588} INFO - Filling up the DagBag from /home/airflow/.local/lib/python3.12/site-packages/airflow/example_dags/example_python_operator.py
[2025-08-07T17:44:45.532+0000] {processor.py:925} INFO - DAG(s) 'example_python_operator' retrieved from /home/airflow/.local/lib/python3.12/site-packages/airflow/example_dags/example_python_operator.py
[2025-08-07T17:44:45.579+0000] {logging_mixin.py:190} INFO - [2025-08-07T17:44:45.578+0000] {dag.py:3239} INFO - Sync 1 DAGs
[2025-08-07T17:44:45.620+0000] {logging_mixin.py:190} INFO - [2025-08-07T17:44:45.620+0000] {dag.py:4180} INFO - Setting next_dagrun for example_python_operator to None, run_after=None
[2025-08-07T17:44:45.670+0000] {processor.py:208} INFO - Processing /home/airflow/.local/lib/python3.12/site-packages/airflow/example_dags/example_python_operator.py took 0.181 seconds
[2025-08-07T17:45:16.172+0000] {processor.py:186} INFO - Started process (PID=3073) to work on /home/airflow/.local/lib/python3.12/site-packages/airflow/example_dags/example_python_operator.py
[2025-08-07T17:45:16.176+0000] {processor.py:914} INFO - Processing file /home/airflow/.local/lib/python3.12/site-packages/airflow/example_dags/example_python_operator.py for tasks to queue
[2025-08-07T17:45:16.178+0000] {logging_mixin.py:190} INFO - [2025-08-07T17:45:16.177+0000] {dagbag.py:588} INFO - Filling up the DagBag from /home/airflow/.local/lib/python3.12/site-packages/airflow/example_dags/example_python_operator.py
[2025-08-07T17:45:16.196+0000] {processor.py:925} INFO - DAG(s) 'example_python_operator' retrieved from /home/airflow/.local/lib/python3.12/site-packages/airflow/example_dags/example_python_operator.py
[2025-08-07T17:45:16.231+0000] {logging_mixin.py:190} INFO - [2025-08-07T17:45:16.230+0000] {dag.py:3239} INFO - Sync 1 DAGs
[2025-08-07T17:45:16.256+0000] {logging_mixin.py:190} INFO - [2025-08-07T17:45:16.252+0000] {dag.py:4180} INFO - Setting next_dagrun for example_python_operator to None, run_after=None
[2025-08-07T17:45:16.291+0000] {processor.py:208} INFO - Processing /home/airflow/.local/lib/python3.12/site-packages/airflow/example_dags/example_python_operator.py took 0.124 seconds
[2025-08-07T17:45:46.529+0000] {processor.py:186} INFO - Started process (PID=3138) to work on /home/airflow/.local/lib/python3.12/site-packages/airflow/example_dags/example_python_operator.py
[2025-08-07T17:45:46.530+0000] {processor.py:914} INFO - Processing file /home/airflow/.local/lib/python3.12/site-packages/airflow/example_dags/example_python_operator.py for tasks to queue
[2025-08-07T17:45:46.535+0000] {logging_mixin.py:190} INFO - [2025-08-07T17:45:46.535+0000] {dagbag.py:588} INFO - Filling up the DagBag from /home/airflow/.local/lib/python3.12/site-packages/airflow/example_dags/example_python_operator.py
[2025-08-07T17:45:46.554+0000] {processor.py:925} INFO - DAG(s) 'example_python_operator' retrieved from /home/airflow/.local/lib/python3.12/site-packages/airflow/example_dags/example_python_operator.py
[2025-08-07T17:45:46.588+0000] {logging_mixin.py:190} INFO - [2025-08-07T17:45:46.588+0000] {dag.py:3239} INFO - Sync 1 DAGs
[2025-08-07T17:45:46.614+0000] {logging_mixin.py:190} INFO - [2025-08-07T17:45:46.610+0000] {dag.py:4180} INFO - Setting next_dagrun for example_python_operator to None, run_after=None
[2025-08-07T17:45:46.647+0000] {processor.py:208} INFO - Processing /home/airflow/.local/lib/python3.12/site-packages/airflow/example_dags/example_python_operator.py took 0.127 seconds
[2025-08-07T17:46:17.374+0000] {processor.py:186} INFO - Started process (PID=3201) to work on /home/airflow/.local/lib/python3.12/site-packages/airflow/example_dags/example_python_operator.py
[2025-08-07T17:46:17.375+0000] {processor.py:914} INFO - Processing file /home/airflow/.local/lib/python3.12/site-packages/airflow/example_dags/example_python_operator.py for tasks to queue
[2025-08-07T17:46:17.377+0000] {logging_mixin.py:190} INFO - [2025-08-07T17:46:17.377+0000] {dagbag.py:588} INFO - Filling up the DagBag from /home/airflow/.local/lib/python3.12/site-packages/airflow/example_dags/example_python_operator.py
[2025-08-07T17:46:17.654+0000] {processor.py:925} INFO - DAG(s) 'example_python_operator' retrieved from /home/airflow/.local/lib/python3.12/site-packages/airflow/example_dags/example_python_operator.py
[2025-08-07T17:46:17.695+0000] {logging_mixin.py:190} INFO - [2025-08-07T17:46:17.695+0000] {dag.py:3239} INFO - Sync 1 DAGs
[2025-08-07T17:46:17.722+0000] {logging_mixin.py:190} INFO - [2025-08-07T17:46:17.721+0000] {dag.py:4180} INFO - Setting next_dagrun for example_python_operator to None, run_after=None
[2025-08-07T17:46:17.757+0000] {processor.py:208} INFO - Processing /home/airflow/.local/lib/python3.12/site-packages/airflow/example_dags/example_python_operator.py took 0.400 seconds
[2025-08-07T17:46:48.526+0000] {processor.py:186} INFO - Started process (PID=3265) to work on /home/airflow/.local/lib/python3.12/site-packages/airflow/example_dags/example_python_operator.py
[2025-08-07T17:46:48.528+0000] {processor.py:914} INFO - Processing file /home/airflow/.local/lib/python3.12/site-packages/airflow/example_dags/example_python_operator.py for tasks to queue
[2025-08-07T17:46:48.533+0000] {logging_mixin.py:190} INFO - [2025-08-07T17:46:48.533+0000] {dagbag.py:588} INFO - Filling up the DagBag from /home/airflow/.local/lib/python3.12/site-packages/airflow/example_dags/example_python_operator.py
[2025-08-07T17:46:48.553+0000] {processor.py:925} INFO - DAG(s) 'example_python_operator' retrieved from /home/airflow/.local/lib/python3.12/site-packages/airflow/example_dags/example_python_operator.py
[2025-08-07T17:46:48.603+0000] {logging_mixin.py:190} INFO - [2025-08-07T17:46:48.602+0000] {dag.py:3239} INFO - Sync 1 DAGs
[2025-08-07T17:46:48.628+0000] {logging_mixin.py:190} INFO - [2025-08-07T17:46:48.628+0000] {dag.py:4180} INFO - Setting next_dagrun for example_python_operator to None, run_after=None
[2025-08-07T17:46:48.674+0000] {processor.py:208} INFO - Processing /home/airflow/.local/lib/python3.12/site-packages/airflow/example_dags/example_python_operator.py took 0.158 seconds
[2025-08-07T17:47:19.041+0000] {processor.py:186} INFO - Started process (PID=3331) to work on /home/airflow/.local/lib/python3.12/site-packages/airflow/example_dags/example_python_operator.py
[2025-08-07T17:47:19.043+0000] {processor.py:914} INFO - Processing file /home/airflow/.local/lib/python3.12/site-packages/airflow/example_dags/example_python_operator.py for tasks to queue
[2025-08-07T17:47:19.049+0000] {logging_mixin.py:190} INFO - [2025-08-07T17:47:19.049+0000] {dagbag.py:588} INFO - Filling up the DagBag from /home/airflow/.local/lib/python3.12/site-packages/airflow/example_dags/example_python_operator.py
[2025-08-07T17:47:19.071+0000] {processor.py:925} INFO - DAG(s) 'example_python_operator' retrieved from /home/airflow/.local/lib/python3.12/site-packages/airflow/example_dags/example_python_operator.py
[2025-08-07T17:47:19.121+0000] {logging_mixin.py:190} INFO - [2025-08-07T17:47:19.121+0000] {dag.py:3239} INFO - Sync 1 DAGs
[2025-08-07T17:47:19.149+0000] {logging_mixin.py:190} INFO - [2025-08-07T17:47:19.149+0000] {dag.py:4180} INFO - Setting next_dagrun for example_python_operator to None, run_after=None
[2025-08-07T17:47:19.181+0000] {processor.py:208} INFO - Processing /home/airflow/.local/lib/python3.12/site-packages/airflow/example_dags/example_python_operator.py took 0.150 seconds
[2025-08-07T17:47:49.761+0000] {processor.py:186} INFO - Started process (PID=3396) to work on /home/airflow/.local/lib/python3.12/site-packages/airflow/example_dags/example_python_operator.py
[2025-08-07T17:47:49.763+0000] {processor.py:914} INFO - Processing file /home/airflow/.local/lib/python3.12/site-packages/airflow/example_dags/example_python_operator.py for tasks to queue
[2025-08-07T17:47:49.764+0000] {logging_mixin.py:190} INFO - [2025-08-07T17:47:49.764+0000] {dagbag.py:588} INFO - Filling up the DagBag from /home/airflow/.local/lib/python3.12/site-packages/airflow/example_dags/example_python_operator.py
[2025-08-07T17:47:49.791+0000] {processor.py:925} INFO - DAG(s) 'example_python_operator' retrieved from /home/airflow/.local/lib/python3.12/site-packages/airflow/example_dags/example_python_operator.py
[2025-08-07T17:47:49.832+0000] {logging_mixin.py:190} INFO - [2025-08-07T17:47:49.832+0000] {dag.py:3239} INFO - Sync 1 DAGs
[2025-08-07T17:47:49.864+0000] {logging_mixin.py:190} INFO - [2025-08-07T17:47:49.864+0000] {dag.py:4180} INFO - Setting next_dagrun for example_python_operator to None, run_after=None
[2025-08-07T17:47:49.912+0000] {processor.py:208} INFO - Processing /home/airflow/.local/lib/python3.12/site-packages/airflow/example_dags/example_python_operator.py took 0.161 seconds
[2025-08-07T17:48:20.743+0000] {processor.py:186} INFO - Started process (PID=3468) to work on /home/airflow/.local/lib/python3.12/site-packages/airflow/example_dags/example_python_operator.py
[2025-08-07T17:48:20.749+0000] {processor.py:914} INFO - Processing file /home/airflow/.local/lib/python3.12/site-packages/airflow/example_dags/example_python_operator.py for tasks to queue
[2025-08-07T17:48:20.752+0000] {logging_mixin.py:190} INFO - [2025-08-07T17:48:20.752+0000] {dagbag.py:588} INFO - Filling up the DagBag from /home/airflow/.local/lib/python3.12/site-packages/airflow/example_dags/example_python_operator.py
[2025-08-07T17:48:20.792+0000] {processor.py:925} INFO - DAG(s) 'example_python_operator' retrieved from /home/airflow/.local/lib/python3.12/site-packages/airflow/example_dags/example_python_operator.py
[2025-08-07T17:48:20.853+0000] {logging_mixin.py:190} INFO - [2025-08-07T17:48:20.853+0000] {dag.py:3239} INFO - Sync 1 DAGs
[2025-08-07T17:48:20.931+0000] {logging_mixin.py:190} INFO - [2025-08-07T17:48:20.931+0000] {dag.py:4180} INFO - Setting next_dagrun for example_python_operator to None, run_after=None
[2025-08-07T17:48:21.012+0000] {processor.py:208} INFO - Processing /home/airflow/.local/lib/python3.12/site-packages/airflow/example_dags/example_python_operator.py took 0.280 seconds
[2025-08-07T17:48:51.418+0000] {processor.py:186} INFO - Started process (PID=3530) to work on /home/airflow/.local/lib/python3.12/site-packages/airflow/example_dags/example_python_operator.py
[2025-08-07T17:48:51.419+0000] {processor.py:914} INFO - Processing file /home/airflow/.local/lib/python3.12/site-packages/airflow/example_dags/example_python_operator.py for tasks to queue
[2025-08-07T17:48:51.425+0000] {logging_mixin.py:190} INFO - [2025-08-07T17:48:51.421+0000] {dagbag.py:588} INFO - Filling up the DagBag from /home/airflow/.local/lib/python3.12/site-packages/airflow/example_dags/example_python_operator.py
[2025-08-07T17:48:51.460+0000] {processor.py:925} INFO - DAG(s) 'example_python_operator' retrieved from /home/airflow/.local/lib/python3.12/site-packages/airflow/example_dags/example_python_operator.py
[2025-08-07T17:48:51.549+0000] {logging_mixin.py:190} INFO - [2025-08-07T17:48:51.549+0000] {dag.py:3239} INFO - Sync 1 DAGs
[2025-08-07T17:48:51.597+0000] {logging_mixin.py:190} INFO - [2025-08-07T17:48:51.596+0000] {dag.py:4180} INFO - Setting next_dagrun for example_python_operator to None, run_after=None
[2025-08-07T17:48:51.666+0000] {processor.py:208} INFO - Processing /home/airflow/.local/lib/python3.12/site-packages/airflow/example_dags/example_python_operator.py took 0.260 seconds
[2025-08-07T17:49:21.903+0000] {processor.py:186} INFO - Started process (PID=3592) to work on /home/airflow/.local/lib/python3.12/site-packages/airflow/example_dags/example_python_operator.py
[2025-08-07T17:49:21.906+0000] {processor.py:914} INFO - Processing file /home/airflow/.local/lib/python3.12/site-packages/airflow/example_dags/example_python_operator.py for tasks to queue
[2025-08-07T17:49:21.914+0000] {logging_mixin.py:190} INFO - [2025-08-07T17:49:21.914+0000] {dagbag.py:588} INFO - Filling up the DagBag from /home/airflow/.local/lib/python3.12/site-packages/airflow/example_dags/example_python_operator.py
[2025-08-07T17:49:21.966+0000] {processor.py:925} INFO - DAG(s) 'example_python_operator' retrieved from /home/airflow/.local/lib/python3.12/site-packages/airflow/example_dags/example_python_operator.py
[2025-08-07T17:49:22.054+0000] {logging_mixin.py:190} INFO - [2025-08-07T17:49:22.054+0000] {dag.py:3239} INFO - Sync 1 DAGs
[2025-08-07T17:49:22.123+0000] {logging_mixin.py:190} INFO - [2025-08-07T17:49:22.118+0000] {dag.py:4180} INFO - Setting next_dagrun for example_python_operator to None, run_after=None
[2025-08-07T17:49:22.213+0000] {processor.py:208} INFO - Processing /home/airflow/.local/lib/python3.12/site-packages/airflow/example_dags/example_python_operator.py took 0.339 seconds
[2025-08-07T17:49:50.058+0000] {processor.py:186} INFO - Started process (PID=3656) to work on /home/airflow/.local/lib/python3.12/site-packages/airflow/example_dags/example_python_operator.py
[2025-08-07T17:49:50.059+0000] {processor.py:914} INFO - Processing file /home/airflow/.local/lib/python3.12/site-packages/airflow/example_dags/example_python_operator.py for tasks to queue
[2025-08-07T17:49:50.062+0000] {logging_mixin.py:190} INFO - [2025-08-07T17:49:50.061+0000] {dagbag.py:588} INFO - Filling up the DagBag from /home/airflow/.local/lib/python3.12/site-packages/airflow/example_dags/example_python_operator.py
[2025-08-07T17:49:50.102+0000] {processor.py:925} INFO - DAG(s) 'example_python_operator' retrieved from /home/airflow/.local/lib/python3.12/site-packages/airflow/example_dags/example_python_operator.py
[2025-08-07T17:49:50.163+0000] {logging_mixin.py:190} INFO - [2025-08-07T17:49:50.162+0000] {dag.py:3239} INFO - Sync 1 DAGs
[2025-08-07T17:49:50.210+0000] {logging_mixin.py:190} INFO - [2025-08-07T17:49:50.210+0000] {dag.py:4180} INFO - Setting next_dagrun for example_python_operator to None, run_after=None
[2025-08-07T17:49:50.270+0000] {processor.py:208} INFO - Processing /home/airflow/.local/lib/python3.12/site-packages/airflow/example_dags/example_python_operator.py took 0.229 seconds
[2025-08-07T17:50:03.607+0000] {processor.py:186} INFO - Started process (PID=3715) to work on /home/airflow/.local/lib/python3.12/site-packages/airflow/example_dags/example_python_operator.py
[2025-08-07T17:50:03.608+0000] {processor.py:914} INFO - Processing file /home/airflow/.local/lib/python3.12/site-packages/airflow/example_dags/example_python_operator.py for tasks to queue
[2025-08-07T17:50:03.609+0000] {logging_mixin.py:190} INFO - [2025-08-07T17:50:03.609+0000] {dagbag.py:588} INFO - Filling up the DagBag from /home/airflow/.local/lib/python3.12/site-packages/airflow/example_dags/example_python_operator.py
[2025-08-07T17:50:03.630+0000] {processor.py:925} INFO - DAG(s) 'example_python_operator' retrieved from /home/airflow/.local/lib/python3.12/site-packages/airflow/example_dags/example_python_operator.py
[2025-08-07T17:50:03.675+0000] {logging_mixin.py:190} INFO - [2025-08-07T17:50:03.675+0000] {dag.py:3239} INFO - Sync 1 DAGs
[2025-08-07T17:50:03.705+0000] {logging_mixin.py:190} INFO - [2025-08-07T17:50:03.705+0000] {dag.py:4180} INFO - Setting next_dagrun for example_python_operator to None, run_after=None
[2025-08-07T17:50:03.738+0000] {processor.py:208} INFO - Processing /home/airflow/.local/lib/python3.12/site-packages/airflow/example_dags/example_python_operator.py took 0.141 seconds
[2025-08-07T17:50:35.296+0000] {processor.py:186} INFO - Started process (PID=3780) to work on /home/airflow/.local/lib/python3.12/site-packages/airflow/example_dags/example_python_operator.py
[2025-08-07T17:50:35.301+0000] {processor.py:914} INFO - Processing file /home/airflow/.local/lib/python3.12/site-packages/airflow/example_dags/example_python_operator.py for tasks to queue
[2025-08-07T17:50:35.302+0000] {logging_mixin.py:190} INFO - [2025-08-07T17:50:35.302+0000] {dagbag.py:588} INFO - Filling up the DagBag from /home/airflow/.local/lib/python3.12/site-packages/airflow/example_dags/example_python_operator.py
[2025-08-07T17:50:35.322+0000] {processor.py:925} INFO - DAG(s) 'example_python_operator' retrieved from /home/airflow/.local/lib/python3.12/site-packages/airflow/example_dags/example_python_operator.py
[2025-08-07T17:50:35.362+0000] {logging_mixin.py:190} INFO - [2025-08-07T17:50:35.361+0000] {dag.py:3239} INFO - Sync 1 DAGs
[2025-08-07T17:50:35.396+0000] {logging_mixin.py:190} INFO - [2025-08-07T17:50:35.395+0000] {dag.py:4180} INFO - Setting next_dagrun for example_python_operator to None, run_after=None
[2025-08-07T17:50:35.444+0000] {processor.py:208} INFO - Processing /home/airflow/.local/lib/python3.12/site-packages/airflow/example_dags/example_python_operator.py took 0.153 seconds
[2025-08-07T17:51:06.648+0000] {processor.py:186} INFO - Started process (PID=3846) to work on /home/airflow/.local/lib/python3.12/site-packages/airflow/example_dags/example_python_operator.py
[2025-08-07T17:51:06.653+0000] {processor.py:914} INFO - Processing file /home/airflow/.local/lib/python3.12/site-packages/airflow/example_dags/example_python_operator.py for tasks to queue
[2025-08-07T17:51:06.655+0000] {logging_mixin.py:190} INFO - [2025-08-07T17:51:06.654+0000] {dagbag.py:588} INFO - Filling up the DagBag from /home/airflow/.local/lib/python3.12/site-packages/airflow/example_dags/example_python_operator.py
[2025-08-07T17:52:20.231+0000] {processor.py:925} INFO - DAG(s) 'example_python_operator' retrieved from /home/airflow/.local/lib/python3.12/site-packages/airflow/example_dags/example_python_operator.py
[2025-08-07T17:51:06.733+0000] {logging_mixin.py:190} INFO - [2025-08-07T17:51:06.732+0000] {dag.py:3239} INFO - Sync 1 DAGs
[2025-08-07T17:51:06.772+0000] {logging_mixin.py:190} INFO - [2025-08-07T17:51:06.767+0000] {dag.py:4180} INFO - Setting next_dagrun for example_python_operator to None, run_after=None
[2025-08-07T17:51:06.825+0000] {processor.py:208} INFO - Processing /home/airflow/.local/lib/python3.12/site-packages/airflow/example_dags/example_python_operator.py took 0.199 seconds
[2025-08-07T17:51:38.723+0000] {processor.py:186} INFO - Started process (PID=3912) to work on /home/airflow/.local/lib/python3.12/site-packages/airflow/example_dags/example_python_operator.py
[2025-08-07T17:51:38.726+0000] {processor.py:914} INFO - Processing file /home/airflow/.local/lib/python3.12/site-packages/airflow/example_dags/example_python_operator.py for tasks to queue
[2025-08-07T17:51:38.733+0000] {logging_mixin.py:190} INFO - [2025-08-07T17:51:38.728+0000] {dagbag.py:588} INFO - Filling up the DagBag from /home/airflow/.local/lib/python3.12/site-packages/airflow/example_dags/example_python_operator.py
[2025-08-07T17:51:38.768+0000] {processor.py:925} INFO - DAG(s) 'example_python_operator' retrieved from /home/airflow/.local/lib/python3.12/site-packages/airflow/example_dags/example_python_operator.py
[2025-08-07T17:51:38.843+0000] {logging_mixin.py:190} INFO - [2025-08-07T17:51:38.838+0000] {dag.py:3239} INFO - Sync 1 DAGs
[2025-08-07T17:51:38.903+0000] {logging_mixin.py:190} INFO - [2025-08-07T17:51:38.898+0000] {dag.py:4180} INFO - Setting next_dagrun for example_python_operator to None, run_after=None
[2025-08-07T17:51:38.977+0000] {processor.py:208} INFO - Processing /home/airflow/.local/lib/python3.12/site-packages/airflow/example_dags/example_python_operator.py took 0.272 seconds
[2025-08-07T17:52:08.832+0000] {processor.py:186} INFO - Started process (PID=3982) to work on /home/airflow/.local/lib/python3.12/site-packages/airflow/example_dags/example_python_operator.py
[2025-08-07T17:52:08.833+0000] {processor.py:914} INFO - Processing file /home/airflow/.local/lib/python3.12/site-packages/airflow/example_dags/example_python_operator.py for tasks to queue
[2025-08-07T17:52:08.835+0000] {logging_mixin.py:190} INFO - [2025-08-07T17:52:08.834+0000] {dagbag.py:588} INFO - Filling up the DagBag from /home/airflow/.local/lib/python3.12/site-packages/airflow/example_dags/example_python_operator.py
[2025-08-07T17:52:08.863+0000] {processor.py:925} INFO - DAG(s) 'example_python_operator' retrieved from /home/airflow/.local/lib/python3.12/site-packages/airflow/example_dags/example_python_operator.py
[2025-08-07T17:52:08.916+0000] {logging_mixin.py:190} INFO - [2025-08-07T17:52:08.916+0000] {dag.py:3239} INFO - Sync 1 DAGs
[2025-08-07T17:52:08.955+0000] {logging_mixin.py:190} INFO - [2025-08-07T17:52:08.955+0000] {dag.py:4180} INFO - Setting next_dagrun for example_python_operator to None, run_after=None
[2025-08-07T17:52:09.004+0000] {processor.py:208} INFO - Processing /home/airflow/.local/lib/python3.12/site-packages/airflow/example_dags/example_python_operator.py took 0.187 seconds
[2025-08-07T17:52:28.873+0000] {processor.py:186} INFO - Started process (PID=4045) to work on /home/airflow/.local/lib/python3.12/site-packages/airflow/example_dags/example_python_operator.py
[2025-08-07T17:52:28.879+0000] {processor.py:914} INFO - Processing file /home/airflow/.local/lib/python3.12/site-packages/airflow/example_dags/example_python_operator.py for tasks to queue
[2025-08-07T17:52:28.880+0000] {logging_mixin.py:190} INFO - [2025-08-07T17:52:28.880+0000] {dagbag.py:588} INFO - Filling up the DagBag from /home/airflow/.local/lib/python3.12/site-packages/airflow/example_dags/example_python_operator.py
[2025-08-07T17:52:28.902+0000] {processor.py:925} INFO - DAG(s) 'example_python_operator' retrieved from /home/airflow/.local/lib/python3.12/site-packages/airflow/example_dags/example_python_operator.py
[2025-08-07T17:52:28.968+0000] {logging_mixin.py:190} INFO - [2025-08-07T17:52:28.968+0000] {dag.py:3239} INFO - Sync 1 DAGs
[2025-08-07T17:52:28.993+0000] {logging_mixin.py:190} INFO - [2025-08-07T17:52:28.993+0000] {dag.py:4180} INFO - Setting next_dagrun for example_python_operator to None, run_after=None
[2025-08-07T17:52:29.039+0000] {processor.py:208} INFO - Processing /home/airflow/.local/lib/python3.12/site-packages/airflow/example_dags/example_python_operator.py took 0.176 seconds
[2025-08-07T17:53:00.950+0000] {processor.py:186} INFO - Started process (PID=4109) to work on /home/airflow/.local/lib/python3.12/site-packages/airflow/example_dags/example_python_operator.py
[2025-08-07T17:53:00.956+0000] {processor.py:914} INFO - Processing file /home/airflow/.local/lib/python3.12/site-packages/airflow/example_dags/example_python_operator.py for tasks to queue
[2025-08-07T17:53:00.958+0000] {logging_mixin.py:190} INFO - [2025-08-07T17:53:00.958+0000] {dagbag.py:588} INFO - Filling up the DagBag from /home/airflow/.local/lib/python3.12/site-packages/airflow/example_dags/example_python_operator.py
[2025-08-07T17:53:00.991+0000] {processor.py:925} INFO - DAG(s) 'example_python_operator' retrieved from /home/airflow/.local/lib/python3.12/site-packages/airflow/example_dags/example_python_operator.py
[2025-08-07T17:53:01.060+0000] {logging_mixin.py:190} INFO - [2025-08-07T17:53:01.059+0000] {dag.py:3239} INFO - Sync 1 DAGs
[2025-08-07T17:53:01.109+0000] {logging_mixin.py:190} INFO - [2025-08-07T17:53:01.109+0000] {dag.py:4180} INFO - Setting next_dagrun for example_python_operator to None, run_after=None
[2025-08-07T17:53:01.167+0000] {processor.py:208} INFO - Processing /home/airflow/.local/lib/python3.12/site-packages/airflow/example_dags/example_python_operator.py took 0.230 seconds
[2025-08-07T17:53:29.343+0000] {processor.py:186} INFO - Started process (PID=4173) to work on /home/airflow/.local/lib/python3.12/site-packages/airflow/example_dags/example_python_operator.py
[2025-08-07T17:53:29.346+0000] {processor.py:914} INFO - Processing file /home/airflow/.local/lib/python3.12/site-packages/airflow/example_dags/example_python_operator.py for tasks to queue
[2025-08-07T17:53:29.352+0000] {logging_mixin.py:190} INFO - [2025-08-07T17:53:29.352+0000] {dagbag.py:588} INFO - Filling up the DagBag from /home/airflow/.local/lib/python3.12/site-packages/airflow/example_dags/example_python_operator.py
[2025-08-07T17:53:29.384+0000] {processor.py:925} INFO - DAG(s) 'example_python_operator' retrieved from /home/airflow/.local/lib/python3.12/site-packages/airflow/example_dags/example_python_operator.py
[2025-08-07T17:53:29.447+0000] {logging_mixin.py:190} INFO - [2025-08-07T17:53:29.446+0000] {dag.py:3239} INFO - Sync 1 DAGs
[2025-08-07T17:53:29.494+0000] {logging_mixin.py:190} INFO - [2025-08-07T17:53:29.494+0000] {dag.py:4180} INFO - Setting next_dagrun for example_python_operator to None, run_after=None
[2025-08-07T17:53:29.543+0000] {processor.py:208} INFO - Processing /home/airflow/.local/lib/python3.12/site-packages/airflow/example_dags/example_python_operator.py took 0.211 seconds
[2025-08-07T17:53:45.285+0000] {processor.py:186} INFO - Started process (PID=4236) to work on /home/airflow/.local/lib/python3.12/site-packages/airflow/example_dags/example_python_operator.py
[2025-08-07T17:53:45.286+0000] {processor.py:914} INFO - Processing file /home/airflow/.local/lib/python3.12/site-packages/airflow/example_dags/example_python_operator.py for tasks to queue
[2025-08-07T17:53:45.288+0000] {logging_mixin.py:190} INFO - [2025-08-07T17:53:45.288+0000] {dagbag.py:588} INFO - Filling up the DagBag from /home/airflow/.local/lib/python3.12/site-packages/airflow/example_dags/example_python_operator.py
[2025-08-07T17:53:45.335+0000] {processor.py:925} INFO - DAG(s) 'example_python_operator' retrieved from /home/airflow/.local/lib/python3.12/site-packages/airflow/example_dags/example_python_operator.py
[2025-08-07T17:53:45.428+0000] {logging_mixin.py:190} INFO - [2025-08-07T17:53:45.428+0000] {dag.py:3239} INFO - Sync 1 DAGs
[2025-08-07T17:53:45.489+0000] {logging_mixin.py:190} INFO - [2025-08-07T17:53:45.488+0000] {dag.py:4180} INFO - Setting next_dagrun for example_python_operator to None, run_after=None
[2025-08-07T17:53:45.576+0000] {processor.py:208} INFO - Processing /home/airflow/.local/lib/python3.12/site-packages/airflow/example_dags/example_python_operator.py took 0.308 seconds
[2025-08-07T17:53:59.659+0000] {processor.py:186} INFO - Started process (PID=4296) to work on /home/airflow/.local/lib/python3.12/site-packages/airflow/example_dags/example_python_operator.py
[2025-08-07T17:53:59.665+0000] {processor.py:914} INFO - Processing file /home/airflow/.local/lib/python3.12/site-packages/airflow/example_dags/example_python_operator.py for tasks to queue
[2025-08-07T17:53:59.667+0000] {logging_mixin.py:190} INFO - [2025-08-07T17:53:59.666+0000] {dagbag.py:588} INFO - Filling up the DagBag from /home/airflow/.local/lib/python3.12/site-packages/airflow/example_dags/example_python_operator.py
[2025-08-07T17:53:59.696+0000] {processor.py:925} INFO - DAG(s) 'example_python_operator' retrieved from /home/airflow/.local/lib/python3.12/site-packages/airflow/example_dags/example_python_operator.py
[2025-08-07T17:53:59.750+0000] {logging_mixin.py:190} INFO - [2025-08-07T17:53:59.750+0000] {dag.py:3239} INFO - Sync 1 DAGs
[2025-08-07T17:53:59.788+0000] {logging_mixin.py:190} INFO - [2025-08-07T17:53:59.787+0000] {dag.py:4180} INFO - Setting next_dagrun for example_python_operator to None, run_after=None
[2025-08-07T17:53:59.858+0000] {processor.py:208} INFO - Processing /home/airflow/.local/lib/python3.12/site-packages/airflow/example_dags/example_python_operator.py took 0.212 seconds
[2025-08-07T17:54:31.127+0000] {processor.py:186} INFO - Started process (PID=4362) to work on /home/airflow/.local/lib/python3.12/site-packages/airflow/example_dags/example_python_operator.py
[2025-08-07T17:54:31.134+0000] {processor.py:914} INFO - Processing file /home/airflow/.local/lib/python3.12/site-packages/airflow/example_dags/example_python_operator.py for tasks to queue
[2025-08-07T17:54:31.135+0000] {logging_mixin.py:190} INFO - [2025-08-07T17:54:31.135+0000] {dagbag.py:588} INFO - Filling up the DagBag from /home/airflow/.local/lib/python3.12/site-packages/airflow/example_dags/example_python_operator.py
[2025-08-07T17:54:31.168+0000] {processor.py:925} INFO - DAG(s) 'example_python_operator' retrieved from /home/airflow/.local/lib/python3.12/site-packages/airflow/example_dags/example_python_operator.py
[2025-08-07T17:54:31.227+0000] {logging_mixin.py:190} INFO - [2025-08-07T17:54:31.227+0000] {dag.py:3239} INFO - Sync 1 DAGs
[2025-08-07T17:54:31.268+0000] {logging_mixin.py:190} INFO - [2025-08-07T17:54:31.267+0000] {dag.py:4180} INFO - Setting next_dagrun for example_python_operator to None, run_after=None
[2025-08-07T17:54:31.353+0000] {processor.py:208} INFO - Processing /home/airflow/.local/lib/python3.12/site-packages/airflow/example_dags/example_python_operator.py took 0.238 seconds
[2025-08-07T17:55:03.992+0000] {processor.py:186} INFO - Started process (PID=4426) to work on /home/airflow/.local/lib/python3.12/site-packages/airflow/example_dags/example_python_operator.py
[2025-08-07T17:55:03.993+0000] {processor.py:914} INFO - Processing file /home/airflow/.local/lib/python3.12/site-packages/airflow/example_dags/example_python_operator.py for tasks to queue
[2025-08-07T17:55:03.996+0000] {logging_mixin.py:190} INFO - [2025-08-07T17:55:03.995+0000] {dagbag.py:588} INFO - Filling up the DagBag from /home/airflow/.local/lib/python3.12/site-packages/airflow/example_dags/example_python_operator.py
[2025-08-07T17:55:04.041+0000] {processor.py:925} INFO - DAG(s) 'example_python_operator' retrieved from /home/airflow/.local/lib/python3.12/site-packages/airflow/example_dags/example_python_operator.py
[2025-08-07T17:55:04.111+0000] {logging_mixin.py:190} INFO - [2025-08-07T17:55:04.106+0000] {dag.py:3239} INFO - Sync 1 DAGs
[2025-08-07T17:55:04.175+0000] {logging_mixin.py:190} INFO - [2025-08-07T17:55:04.174+0000] {dag.py:4180} INFO - Setting next_dagrun for example_python_operator to None, run_after=None
[2025-08-07T17:55:04.244+0000] {processor.py:208} INFO - Processing /home/airflow/.local/lib/python3.12/site-packages/airflow/example_dags/example_python_operator.py took 0.280 seconds
