[2025-08-07T00:26:17.468+0000] {processor.py:186} INFO - Started process (PID=1020) to work on /home/airflow/.local/lib/python3.12/site-packages/airflow/example_dags/example_params_trigger_ui.py
[2025-08-07T00:26:17.475+0000] {processor.py:914} INFO - Processing file /home/airflow/.local/lib/python3.12/site-packages/airflow/example_dags/example_params_trigger_ui.py for tasks to queue
[2025-08-07T00:26:17.479+0000] {logging_mixin.py:190} INFO - [2025-08-07T00:26:17.479+0000] {dagbag.py:588} INFO - Filling up the DagBag from /home/airflow/.local/lib/python3.12/site-packages/airflow/example_dags/example_params_trigger_ui.py
[2025-08-07T00:26:17.507+0000] {processor.py:925} INFO - DAG(s) 'example_params_trigger_ui' retrieved from /home/airflow/.local/lib/python3.12/site-packages/airflow/example_dags/example_params_trigger_ui.py
[2025-08-07T00:26:17.640+0000] {logging_mixin.py:190} INFO - [2025-08-07T00:26:17.639+0000] {dag.py:3239} INFO - Sync 1 DAGs
[2025-08-07T00:26:17.680+0000] {logging_mixin.py:190} INFO - [2025-08-07T00:26:17.680+0000] {dag.py:4180} INFO - Setting next_dagrun for example_params_trigger_ui to None, run_after=None
[2025-08-07T00:26:17.733+0000] {processor.py:208} INFO - Processing /home/airflow/.local/lib/python3.12/site-packages/airflow/example_dags/example_params_trigger_ui.py took 0.272 seconds
[2025-08-07T11:29:42.363+0000] {processor.py:186} INFO - Started process (PID=1108) to work on /home/airflow/.local/lib/python3.12/site-packages/airflow/example_dags/example_params_trigger_ui.py
[2025-08-07T11:29:42.366+0000] {processor.py:914} INFO - Processing file /home/airflow/.local/lib/python3.12/site-packages/airflow/example_dags/example_params_trigger_ui.py for tasks to queue
[2025-08-07T11:29:42.382+0000] {logging_mixin.py:190} INFO - [2025-08-07T11:29:42.381+0000] {dagbag.py:588} INFO - Filling up the DagBag from /home/airflow/.local/lib/python3.12/site-packages/airflow/example_dags/example_params_trigger_ui.py
[2025-08-07T11:29:42.421+0000] {processor.py:925} INFO - DAG(s) 'example_params_trigger_ui' retrieved from /home/airflow/.local/lib/python3.12/site-packages/airflow/example_dags/example_params_trigger_ui.py
[2025-08-07T11:29:42.574+0000] {logging_mixin.py:190} INFO - [2025-08-07T11:29:42.573+0000] {dag.py:3239} INFO - Sync 1 DAGs
[2025-08-07T11:29:42.616+0000] {logging_mixin.py:190} INFO - [2025-08-07T11:29:42.615+0000] {dag.py:4180} INFO - Setting next_dagrun for example_params_trigger_ui to None, run_after=None
[2025-08-07T11:29:42.671+0000] {processor.py:208} INFO - Processing /home/airflow/.local/lib/python3.12/site-packages/airflow/example_dags/example_params_trigger_ui.py took 0.316 seconds
[2025-08-07T17:21:42.482+0000] {processor.py:186} INFO - Started process (PID=1186) to work on /home/airflow/.local/lib/python3.12/site-packages/airflow/example_dags/example_params_trigger_ui.py
[2025-08-07T17:21:42.484+0000] {processor.py:914} INFO - Processing file /home/airflow/.local/lib/python3.12/site-packages/airflow/example_dags/example_params_trigger_ui.py for tasks to queue
[2025-08-07T17:21:42.489+0000] {logging_mixin.py:190} INFO - [2025-08-07T17:21:42.488+0000] {dagbag.py:588} INFO - Filling up the DagBag from /home/airflow/.local/lib/python3.12/site-packages/airflow/example_dags/example_params_trigger_ui.py
[2025-08-07T17:21:42.537+0000] {processor.py:925} INFO - DAG(s) 'example_params_trigger_ui' retrieved from /home/airflow/.local/lib/python3.12/site-packages/airflow/example_dags/example_params_trigger_ui.py
[2025-08-07T17:21:42.680+0000] {logging_mixin.py:190} INFO - [2025-08-07T17:21:42.679+0000] {dag.py:3239} INFO - Sync 1 DAGs
[2025-08-07T17:21:42.714+0000] {logging_mixin.py:190} INFO - [2025-08-07T17:21:42.714+0000] {dag.py:4180} INFO - Setting next_dagrun for example_params_trigger_ui to None, run_after=None
[2025-08-07T17:21:42.783+0000] {processor.py:208} INFO - Processing /home/airflow/.local/lib/python3.12/site-packages/airflow/example_dags/example_params_trigger_ui.py took 0.313 seconds
[2025-08-07T17:22:14.202+0000] {processor.py:186} INFO - Started process (PID=1252) to work on /home/airflow/.local/lib/python3.12/site-packages/airflow/example_dags/example_params_trigger_ui.py
[2025-08-07T17:22:14.203+0000] {processor.py:914} INFO - Processing file /home/airflow/.local/lib/python3.12/site-packages/airflow/example_dags/example_params_trigger_ui.py for tasks to queue
[2025-08-07T17:22:14.205+0000] {logging_mixin.py:190} INFO - [2025-08-07T17:22:14.205+0000] {dagbag.py:588} INFO - Filling up the DagBag from /home/airflow/.local/lib/python3.12/site-packages/airflow/example_dags/example_params_trigger_ui.py
[2025-08-07T17:22:14.219+0000] {processor.py:925} INFO - DAG(s) 'example_params_trigger_ui' retrieved from /home/airflow/.local/lib/python3.12/site-packages/airflow/example_dags/example_params_trigger_ui.py
[2025-08-07T17:22:14.282+0000] {logging_mixin.py:190} INFO - [2025-08-07T17:22:14.282+0000] {dag.py:3239} INFO - Sync 1 DAGs
[2025-08-07T17:22:14.300+0000] {logging_mixin.py:190} INFO - [2025-08-07T17:22:14.300+0000] {dag.py:4180} INFO - Setting next_dagrun for example_params_trigger_ui to None, run_after=None
[2025-08-07T17:22:14.325+0000] {processor.py:208} INFO - Processing /home/airflow/.local/lib/python3.12/site-packages/airflow/example_dags/example_params_trigger_ui.py took 0.129 seconds
[2025-08-07T17:22:45.375+0000] {processor.py:186} INFO - Started process (PID=1318) to work on /home/airflow/.local/lib/python3.12/site-packages/airflow/example_dags/example_params_trigger_ui.py
[2025-08-07T17:22:45.376+0000] {processor.py:914} INFO - Processing file /home/airflow/.local/lib/python3.12/site-packages/airflow/example_dags/example_params_trigger_ui.py for tasks to queue
[2025-08-07T17:22:45.378+0000] {logging_mixin.py:190} INFO - [2025-08-07T17:22:45.377+0000] {dagbag.py:588} INFO - Filling up the DagBag from /home/airflow/.local/lib/python3.12/site-packages/airflow/example_dags/example_params_trigger_ui.py
[2025-08-07T17:22:45.390+0000] {processor.py:925} INFO - DAG(s) 'example_params_trigger_ui' retrieved from /home/airflow/.local/lib/python3.12/site-packages/airflow/example_dags/example_params_trigger_ui.py
[2025-08-07T17:22:45.452+0000] {logging_mixin.py:190} INFO - [2025-08-07T17:22:45.452+0000] {dag.py:3239} INFO - Sync 1 DAGs
[2025-08-07T17:22:45.472+0000] {logging_mixin.py:190} INFO - [2025-08-07T17:22:45.472+0000] {dag.py:4180} INFO - Setting next_dagrun for example_params_trigger_ui to None, run_after=None
[2025-08-07T17:22:45.498+0000] {processor.py:208} INFO - Processing /home/airflow/.local/lib/python3.12/site-packages/airflow/example_dags/example_params_trigger_ui.py took 0.129 seconds
[2025-08-07T17:22:05.653+0000] {processor.py:186} INFO - Started process (PID=1384) to work on /home/airflow/.local/lib/python3.12/site-packages/airflow/example_dags/example_params_trigger_ui.py
[2025-08-07T17:22:05.655+0000] {processor.py:914} INFO - Processing file /home/airflow/.local/lib/python3.12/site-packages/airflow/example_dags/example_params_trigger_ui.py for tasks to queue
[2025-08-07T17:22:05.657+0000] {logging_mixin.py:190} INFO - [2025-08-07T17:22:05.657+0000] {dagbag.py:588} INFO - Filling up the DagBag from /home/airflow/.local/lib/python3.12/site-packages/airflow/example_dags/example_params_trigger_ui.py
[2025-08-07T17:22:05.670+0000] {processor.py:925} INFO - DAG(s) 'example_params_trigger_ui' retrieved from /home/airflow/.local/lib/python3.12/site-packages/airflow/example_dags/example_params_trigger_ui.py
[2025-08-07T17:22:05.720+0000] {logging_mixin.py:190} INFO - [2025-08-07T17:22:05.720+0000] {dag.py:3239} INFO - Sync 1 DAGs
[2025-08-07T17:22:05.747+0000] {logging_mixin.py:190} INFO - [2025-08-07T17:22:05.739+0000] {dag.py:4180} INFO - Setting next_dagrun for example_params_trigger_ui to None, run_after=None
[2025-08-07T17:22:05.803+0000] {processor.py:208} INFO - Processing /home/airflow/.local/lib/python3.12/site-packages/airflow/example_dags/example_params_trigger_ui.py took 0.156 seconds
[2025-08-07T17:22:36.670+0000] {processor.py:186} INFO - Started process (PID=1415) to work on /home/airflow/.local/lib/python3.12/site-packages/airflow/example_dags/example_params_trigger_ui.py
[2025-08-07T17:22:36.672+0000] {processor.py:914} INFO - Processing file /home/airflow/.local/lib/python3.12/site-packages/airflow/example_dags/example_params_trigger_ui.py for tasks to queue
[2025-08-07T17:22:36.674+0000] {logging_mixin.py:190} INFO - [2025-08-07T17:22:36.673+0000] {dagbag.py:588} INFO - Filling up the DagBag from /home/airflow/.local/lib/python3.12/site-packages/airflow/example_dags/example_params_trigger_ui.py
[2025-08-07T17:22:36.693+0000] {processor.py:925} INFO - DAG(s) 'example_params_trigger_ui' retrieved from /home/airflow/.local/lib/python3.12/site-packages/airflow/example_dags/example_params_trigger_ui.py
[2025-08-07T17:22:36.748+0000] {logging_mixin.py:190} INFO - [2025-08-07T17:22:36.748+0000] {dag.py:3239} INFO - Sync 1 DAGs
[2025-08-07T17:22:36.768+0000] {logging_mixin.py:190} INFO - [2025-08-07T17:22:36.767+0000] {dag.py:4180} INFO - Setting next_dagrun for example_params_trigger_ui to None, run_after=None
[2025-08-07T17:22:36.794+0000] {processor.py:208} INFO - Processing /home/airflow/.local/lib/python3.12/site-packages/airflow/example_dags/example_params_trigger_ui.py took 0.130 seconds
[2025-08-07T17:23:08.471+0000] {processor.py:186} INFO - Started process (PID=1446) to work on /home/airflow/.local/lib/python3.12/site-packages/airflow/example_dags/example_params_trigger_ui.py
[2025-08-07T17:23:08.472+0000] {processor.py:914} INFO - Processing file /home/airflow/.local/lib/python3.12/site-packages/airflow/example_dags/example_params_trigger_ui.py for tasks to queue
[2025-08-07T17:23:08.473+0000] {logging_mixin.py:190} INFO - [2025-08-07T17:23:08.473+0000] {dagbag.py:588} INFO - Filling up the DagBag from /home/airflow/.local/lib/python3.12/site-packages/airflow/example_dags/example_params_trigger_ui.py
[2025-08-07T17:23:08.485+0000] {processor.py:925} INFO - DAG(s) 'example_params_trigger_ui' retrieved from /home/airflow/.local/lib/python3.12/site-packages/airflow/example_dags/example_params_trigger_ui.py
[2025-08-07T17:23:08.539+0000] {logging_mixin.py:190} INFO - [2025-08-07T17:23:08.538+0000] {dag.py:3239} INFO - Sync 1 DAGs
[2025-08-07T17:23:08.555+0000] {logging_mixin.py:190} INFO - [2025-08-07T17:23:08.555+0000] {dag.py:4180} INFO - Setting next_dagrun for example_params_trigger_ui to None, run_after=None
[2025-08-07T17:23:08.583+0000] {processor.py:208} INFO - Processing /home/airflow/.local/lib/python3.12/site-packages/airflow/example_dags/example_params_trigger_ui.py took 0.119 seconds
[2025-08-07T17:23:16.349+0000] {processor.py:186} INFO - Started process (PID=1482) to work on /home/airflow/.local/lib/python3.12/site-packages/airflow/example_dags/example_params_trigger_ui.py
[2025-08-07T17:23:16.351+0000] {processor.py:914} INFO - Processing file /home/airflow/.local/lib/python3.12/site-packages/airflow/example_dags/example_params_trigger_ui.py for tasks to queue
[2025-08-07T17:23:16.353+0000] {logging_mixin.py:190} INFO - [2025-08-07T17:23:16.352+0000] {dagbag.py:588} INFO - Filling up the DagBag from /home/airflow/.local/lib/python3.12/site-packages/airflow/example_dags/example_params_trigger_ui.py
[2025-08-07T17:23:16.371+0000] {processor.py:925} INFO - DAG(s) 'example_params_trigger_ui' retrieved from /home/airflow/.local/lib/python3.12/site-packages/airflow/example_dags/example_params_trigger_ui.py
[2025-08-07T17:23:16.422+0000] {logging_mixin.py:190} INFO - [2025-08-07T17:23:16.422+0000] {dag.py:3239} INFO - Sync 1 DAGs
[2025-08-07T17:23:16.439+0000] {logging_mixin.py:190} INFO - [2025-08-07T17:23:16.439+0000] {dag.py:4180} INFO - Setting next_dagrun for example_params_trigger_ui to None, run_after=None
[2025-08-07T17:23:16.462+0000] {processor.py:208} INFO - Processing /home/airflow/.local/lib/python3.12/site-packages/airflow/example_dags/example_params_trigger_ui.py took 0.122 seconds
[2025-08-07T17:23:46.283+0000] {processor.py:186} INFO - Started process (PID=1548) to work on /home/airflow/.local/lib/python3.12/site-packages/airflow/example_dags/example_params_trigger_ui.py
[2025-08-07T17:23:46.284+0000] {processor.py:914} INFO - Processing file /home/airflow/.local/lib/python3.12/site-packages/airflow/example_dags/example_params_trigger_ui.py for tasks to queue
[2025-08-07T17:23:46.286+0000] {logging_mixin.py:190} INFO - [2025-08-07T17:23:46.286+0000] {dagbag.py:588} INFO - Filling up the DagBag from /home/airflow/.local/lib/python3.12/site-packages/airflow/example_dags/example_params_trigger_ui.py
[2025-08-07T17:23:46.305+0000] {processor.py:925} INFO - DAG(s) 'example_params_trigger_ui' retrieved from /home/airflow/.local/lib/python3.12/site-packages/airflow/example_dags/example_params_trigger_ui.py
[2025-08-07T17:23:46.363+0000] {logging_mixin.py:190} INFO - [2025-08-07T17:23:46.363+0000] {dag.py:3239} INFO - Sync 1 DAGs
[2025-08-07T17:23:46.381+0000] {logging_mixin.py:190} INFO - [2025-08-07T17:23:46.380+0000] {dag.py:4180} INFO - Setting next_dagrun for example_params_trigger_ui to None, run_after=None
[2025-08-07T17:23:46.406+0000] {processor.py:208} INFO - Processing /home/airflow/.local/lib/python3.12/site-packages/airflow/example_dags/example_params_trigger_ui.py took 0.130 seconds
[2025-08-07T17:24:01.250+0000] {processor.py:186} INFO - Started process (PID=1606) to work on /home/airflow/.local/lib/python3.12/site-packages/airflow/example_dags/example_params_trigger_ui.py
[2025-08-07T17:24:01.251+0000] {processor.py:914} INFO - Processing file /home/airflow/.local/lib/python3.12/site-packages/airflow/example_dags/example_params_trigger_ui.py for tasks to queue
[2025-08-07T17:24:01.253+0000] {logging_mixin.py:190} INFO - [2025-08-07T17:24:01.253+0000] {dagbag.py:588} INFO - Filling up the DagBag from /home/airflow/.local/lib/python3.12/site-packages/airflow/example_dags/example_params_trigger_ui.py
[2025-08-07T17:24:01.266+0000] {processor.py:925} INFO - DAG(s) 'example_params_trigger_ui' retrieved from /home/airflow/.local/lib/python3.12/site-packages/airflow/example_dags/example_params_trigger_ui.py
[2025-08-07T17:24:01.331+0000] {logging_mixin.py:190} INFO - [2025-08-07T17:24:01.331+0000] {dag.py:3239} INFO - Sync 1 DAGs
[2025-08-07T17:24:01.350+0000] {logging_mixin.py:190} INFO - [2025-08-07T17:24:01.350+0000] {dag.py:4180} INFO - Setting next_dagrun for example_params_trigger_ui to None, run_after=None
[2025-08-07T17:24:01.376+0000] {processor.py:208} INFO - Processing /home/airflow/.local/lib/python3.12/site-packages/airflow/example_dags/example_params_trigger_ui.py took 0.133 seconds
[2025-08-07T17:24:14.866+0000] {processor.py:186} INFO - Started process (PID=1672) to work on /home/airflow/.local/lib/python3.12/site-packages/airflow/example_dags/example_params_trigger_ui.py
[2025-08-07T17:24:14.868+0000] {processor.py:914} INFO - Processing file /home/airflow/.local/lib/python3.12/site-packages/airflow/example_dags/example_params_trigger_ui.py for tasks to queue
[2025-08-07T17:24:14.871+0000] {logging_mixin.py:190} INFO - [2025-08-07T17:24:14.870+0000] {dagbag.py:588} INFO - Filling up the DagBag from /home/airflow/.local/lib/python3.12/site-packages/airflow/example_dags/example_params_trigger_ui.py
[2025-08-07T17:24:14.885+0000] {processor.py:925} INFO - DAG(s) 'example_params_trigger_ui' retrieved from /home/airflow/.local/lib/python3.12/site-packages/airflow/example_dags/example_params_trigger_ui.py
[2025-08-07T17:24:14.932+0000] {logging_mixin.py:190} INFO - [2025-08-07T17:24:14.931+0000] {dag.py:3239} INFO - Sync 1 DAGs
[2025-08-07T17:24:14.948+0000] {logging_mixin.py:190} INFO - [2025-08-07T17:24:14.948+0000] {dag.py:4180} INFO - Setting next_dagrun for example_params_trigger_ui to None, run_after=None
[2025-08-07T17:24:14.969+0000] {processor.py:208} INFO - Processing /home/airflow/.local/lib/python3.12/site-packages/airflow/example_dags/example_params_trigger_ui.py took 0.112 seconds
[2025-08-07T17:24:46.124+0000] {processor.py:186} INFO - Started process (PID=1740) to work on /home/airflow/.local/lib/python3.12/site-packages/airflow/example_dags/example_params_trigger_ui.py
[2025-08-07T17:24:46.125+0000] {processor.py:914} INFO - Processing file /home/airflow/.local/lib/python3.12/site-packages/airflow/example_dags/example_params_trigger_ui.py for tasks to queue
[2025-08-07T17:24:46.127+0000] {logging_mixin.py:190} INFO - [2025-08-07T17:24:46.127+0000] {dagbag.py:588} INFO - Filling up the DagBag from /home/airflow/.local/lib/python3.12/site-packages/airflow/example_dags/example_params_trigger_ui.py
[2025-08-07T17:24:46.141+0000] {processor.py:925} INFO - DAG(s) 'example_params_trigger_ui' retrieved from /home/airflow/.local/lib/python3.12/site-packages/airflow/example_dags/example_params_trigger_ui.py
[2025-08-07T17:24:46.186+0000] {logging_mixin.py:190} INFO - [2025-08-07T17:24:46.186+0000] {dag.py:3239} INFO - Sync 1 DAGs
[2025-08-07T17:24:46.203+0000] {logging_mixin.py:190} INFO - [2025-08-07T17:24:46.203+0000] {dag.py:4180} INFO - Setting next_dagrun for example_params_trigger_ui to None, run_after=None
[2025-08-07T17:24:46.228+0000] {processor.py:208} INFO - Processing /home/airflow/.local/lib/python3.12/site-packages/airflow/example_dags/example_params_trigger_ui.py took 0.110 seconds
[2025-08-07T17:25:01.288+0000] {processor.py:186} INFO - Started process (PID=1799) to work on /home/airflow/.local/lib/python3.12/site-packages/airflow/example_dags/example_params_trigger_ui.py
[2025-08-07T17:25:01.289+0000] {processor.py:914} INFO - Processing file /home/airflow/.local/lib/python3.12/site-packages/airflow/example_dags/example_params_trigger_ui.py for tasks to queue
[2025-08-07T17:25:01.292+0000] {logging_mixin.py:190} INFO - [2025-08-07T17:25:01.291+0000] {dagbag.py:588} INFO - Filling up the DagBag from /home/airflow/.local/lib/python3.12/site-packages/airflow/example_dags/example_params_trigger_ui.py
[2025-08-07T17:25:01.312+0000] {processor.py:925} INFO - DAG(s) 'example_params_trigger_ui' retrieved from /home/airflow/.local/lib/python3.12/site-packages/airflow/example_dags/example_params_trigger_ui.py
[2025-08-07T17:25:01.372+0000] {logging_mixin.py:190} INFO - [2025-08-07T17:25:01.372+0000] {dag.py:3239} INFO - Sync 1 DAGs
[2025-08-07T17:25:01.389+0000] {logging_mixin.py:190} INFO - [2025-08-07T17:25:01.389+0000] {dag.py:4180} INFO - Setting next_dagrun for example_params_trigger_ui to None, run_after=None
[2025-08-07T17:25:01.413+0000] {processor.py:208} INFO - Processing /home/airflow/.local/lib/python3.12/site-packages/airflow/example_dags/example_params_trigger_ui.py took 0.133 seconds
[2025-08-07T17:25:14.989+0000] {processor.py:186} INFO - Started process (PID=1861) to work on /home/airflow/.local/lib/python3.12/site-packages/airflow/example_dags/example_params_trigger_ui.py
[2025-08-07T17:25:14.991+0000] {processor.py:914} INFO - Processing file /home/airflow/.local/lib/python3.12/site-packages/airflow/example_dags/example_params_trigger_ui.py for tasks to queue
[2025-08-07T17:25:14.992+0000] {logging_mixin.py:190} INFO - [2025-08-07T17:25:14.992+0000] {dagbag.py:588} INFO - Filling up the DagBag from /home/airflow/.local/lib/python3.12/site-packages/airflow/example_dags/example_params_trigger_ui.py
[2025-08-07T17:25:15.005+0000] {processor.py:925} INFO - DAG(s) 'example_params_trigger_ui' retrieved from /home/airflow/.local/lib/python3.12/site-packages/airflow/example_dags/example_params_trigger_ui.py
[2025-08-07T17:25:15.054+0000] {logging_mixin.py:190} INFO - [2025-08-07T17:25:15.054+0000] {dag.py:3239} INFO - Sync 1 DAGs
[2025-08-07T17:25:15.070+0000] {logging_mixin.py:190} INFO - [2025-08-07T17:25:15.069+0000] {dag.py:4180} INFO - Setting next_dagrun for example_params_trigger_ui to None, run_after=None
[2025-08-07T17:25:15.095+0000] {processor.py:208} INFO - Processing /home/airflow/.local/lib/python3.12/site-packages/airflow/example_dags/example_params_trigger_ui.py took 0.113 seconds
[2025-08-07T17:25:43.693+0000] {processor.py:186} INFO - Started process (PID=1926) to work on /home/airflow/.local/lib/python3.12/site-packages/airflow/example_dags/example_params_trigger_ui.py
[2025-08-07T17:25:43.695+0000] {processor.py:914} INFO - Processing file /home/airflow/.local/lib/python3.12/site-packages/airflow/example_dags/example_params_trigger_ui.py for tasks to queue
[2025-08-07T17:25:43.697+0000] {logging_mixin.py:190} INFO - [2025-08-07T17:25:43.696+0000] {dagbag.py:588} INFO - Filling up the DagBag from /home/airflow/.local/lib/python3.12/site-packages/airflow/example_dags/example_params_trigger_ui.py
[2025-08-07T17:25:43.713+0000] {processor.py:925} INFO - DAG(s) 'example_params_trigger_ui' retrieved from /home/airflow/.local/lib/python3.12/site-packages/airflow/example_dags/example_params_trigger_ui.py
[2025-08-07T17:25:43.772+0000] {logging_mixin.py:190} INFO - [2025-08-07T17:25:43.771+0000] {dag.py:3239} INFO - Sync 1 DAGs
[2025-08-07T17:25:43.789+0000] {logging_mixin.py:190} INFO - [2025-08-07T17:25:43.788+0000] {dag.py:4180} INFO - Setting next_dagrun for example_params_trigger_ui to None, run_after=None
[2025-08-07T17:25:43.812+0000] {processor.py:208} INFO - Processing /home/airflow/.local/lib/python3.12/site-packages/airflow/example_dags/example_params_trigger_ui.py took 0.126 seconds
[2025-08-07T17:26:15.208+0000] {processor.py:186} INFO - Started process (PID=1990) to work on /home/airflow/.local/lib/python3.12/site-packages/airflow/example_dags/example_params_trigger_ui.py
[2025-08-07T17:26:15.210+0000] {processor.py:914} INFO - Processing file /home/airflow/.local/lib/python3.12/site-packages/airflow/example_dags/example_params_trigger_ui.py for tasks to queue
[2025-08-07T17:26:15.212+0000] {logging_mixin.py:190} INFO - [2025-08-07T17:26:15.211+0000] {dagbag.py:588} INFO - Filling up the DagBag from /home/airflow/.local/lib/python3.12/site-packages/airflow/example_dags/example_params_trigger_ui.py
[2025-08-07T17:26:15.226+0000] {processor.py:925} INFO - DAG(s) 'example_params_trigger_ui' retrieved from /home/airflow/.local/lib/python3.12/site-packages/airflow/example_dags/example_params_trigger_ui.py
[2025-08-07T17:26:15.297+0000] {logging_mixin.py:190} INFO - [2025-08-07T17:26:15.296+0000] {dag.py:3239} INFO - Sync 1 DAGs
[2025-08-07T17:26:15.317+0000] {logging_mixin.py:190} INFO - [2025-08-07T17:26:15.317+0000] {dag.py:4180} INFO - Setting next_dagrun for example_params_trigger_ui to None, run_after=None
[2025-08-07T17:26:15.344+0000] {processor.py:208} INFO - Processing /home/airflow/.local/lib/python3.12/site-packages/airflow/example_dags/example_params_trigger_ui.py took 0.143 seconds
[2025-08-07T17:26:46.512+0000] {processor.py:186} INFO - Started process (PID=2053) to work on /home/airflow/.local/lib/python3.12/site-packages/airflow/example_dags/example_params_trigger_ui.py
[2025-08-07T17:26:46.514+0000] {processor.py:914} INFO - Processing file /home/airflow/.local/lib/python3.12/site-packages/airflow/example_dags/example_params_trigger_ui.py for tasks to queue
[2025-08-07T17:26:46.516+0000] {logging_mixin.py:190} INFO - [2025-08-07T17:26:46.516+0000] {dagbag.py:588} INFO - Filling up the DagBag from /home/airflow/.local/lib/python3.12/site-packages/airflow/example_dags/example_params_trigger_ui.py
[2025-08-07T17:26:46.530+0000] {processor.py:925} INFO - DAG(s) 'example_params_trigger_ui' retrieved from /home/airflow/.local/lib/python3.12/site-packages/airflow/example_dags/example_params_trigger_ui.py
[2025-08-07T17:26:46.582+0000] {logging_mixin.py:190} INFO - [2025-08-07T17:26:46.582+0000] {dag.py:3239} INFO - Sync 1 DAGs
[2025-08-07T17:26:46.600+0000] {logging_mixin.py:190} INFO - [2025-08-07T17:26:46.600+0000] {dag.py:4180} INFO - Setting next_dagrun for example_params_trigger_ui to None, run_after=None
[2025-08-07T17:26:46.627+0000] {processor.py:208} INFO - Processing /home/airflow/.local/lib/python3.12/site-packages/airflow/example_dags/example_params_trigger_ui.py took 0.120 seconds
[2025-08-07T17:26:56.671+0000] {processor.py:186} INFO - Started process (PID=2113) to work on /home/airflow/.local/lib/python3.12/site-packages/airflow/example_dags/example_params_trigger_ui.py
[2025-08-07T17:26:56.672+0000] {processor.py:914} INFO - Processing file /home/airflow/.local/lib/python3.12/site-packages/airflow/example_dags/example_params_trigger_ui.py for tasks to queue
[2025-08-07T17:26:56.674+0000] {logging_mixin.py:190} INFO - [2025-08-07T17:26:56.673+0000] {dagbag.py:588} INFO - Filling up the DagBag from /home/airflow/.local/lib/python3.12/site-packages/airflow/example_dags/example_params_trigger_ui.py
[2025-08-07T17:26:56.688+0000] {processor.py:925} INFO - DAG(s) 'example_params_trigger_ui' retrieved from /home/airflow/.local/lib/python3.12/site-packages/airflow/example_dags/example_params_trigger_ui.py
[2025-08-07T17:26:56.746+0000] {logging_mixin.py:190} INFO - [2025-08-07T17:26:56.746+0000] {dag.py:3239} INFO - Sync 1 DAGs
[2025-08-07T17:26:56.764+0000] {logging_mixin.py:190} INFO - [2025-08-07T17:26:56.764+0000] {dag.py:4180} INFO - Setting next_dagrun for example_params_trigger_ui to None, run_after=None
[2025-08-07T17:26:56.792+0000] {processor.py:208} INFO - Processing /home/airflow/.local/lib/python3.12/site-packages/airflow/example_dags/example_params_trigger_ui.py took 0.128 seconds
[2025-08-07T17:27:28.117+0000] {processor.py:186} INFO - Started process (PID=2177) to work on /home/airflow/.local/lib/python3.12/site-packages/airflow/example_dags/example_params_trigger_ui.py
[2025-08-07T17:27:28.118+0000] {processor.py:914} INFO - Processing file /home/airflow/.local/lib/python3.12/site-packages/airflow/example_dags/example_params_trigger_ui.py for tasks to queue
[2025-08-07T17:27:28.119+0000] {logging_mixin.py:190} INFO - [2025-08-07T17:27:28.119+0000] {dagbag.py:588} INFO - Filling up the DagBag from /home/airflow/.local/lib/python3.12/site-packages/airflow/example_dags/example_params_trigger_ui.py
[2025-08-07T17:27:28.134+0000] {processor.py:925} INFO - DAG(s) 'example_params_trigger_ui' retrieved from /home/airflow/.local/lib/python3.12/site-packages/airflow/example_dags/example_params_trigger_ui.py
[2025-08-07T17:27:28.183+0000] {logging_mixin.py:190} INFO - [2025-08-07T17:27:28.182+0000] {dag.py:3239} INFO - Sync 1 DAGs
[2025-08-07T17:27:28.199+0000] {logging_mixin.py:190} INFO - [2025-08-07T17:27:28.199+0000] {dag.py:4180} INFO - Setting next_dagrun for example_params_trigger_ui to None, run_after=None
[2025-08-07T17:27:28.228+0000] {processor.py:208} INFO - Processing /home/airflow/.local/lib/python3.12/site-packages/airflow/example_dags/example_params_trigger_ui.py took 0.118 seconds
[2025-08-07T17:27:57.297+0000] {processor.py:186} INFO - Started process (PID=2241) to work on /home/airflow/.local/lib/python3.12/site-packages/airflow/example_dags/example_params_trigger_ui.py
[2025-08-07T17:27:57.298+0000] {processor.py:914} INFO - Processing file /home/airflow/.local/lib/python3.12/site-packages/airflow/example_dags/example_params_trigger_ui.py for tasks to queue
[2025-08-07T17:27:57.300+0000] {logging_mixin.py:190} INFO - [2025-08-07T17:27:57.300+0000] {dagbag.py:588} INFO - Filling up the DagBag from /home/airflow/.local/lib/python3.12/site-packages/airflow/example_dags/example_params_trigger_ui.py
[2025-08-07T17:27:57.313+0000] {processor.py:925} INFO - DAG(s) 'example_params_trigger_ui' retrieved from /home/airflow/.local/lib/python3.12/site-packages/airflow/example_dags/example_params_trigger_ui.py
[2025-08-07T17:27:57.367+0000] {logging_mixin.py:190} INFO - [2025-08-07T17:27:57.367+0000] {dag.py:3239} INFO - Sync 1 DAGs
[2025-08-07T17:27:57.384+0000] {logging_mixin.py:190} INFO - [2025-08-07T17:27:57.384+0000] {dag.py:4180} INFO - Setting next_dagrun for example_params_trigger_ui to None, run_after=None
[2025-08-07T17:27:57.412+0000] {processor.py:208} INFO - Processing /home/airflow/.local/lib/python3.12/site-packages/airflow/example_dags/example_params_trigger_ui.py took 0.121 seconds
[2025-08-07T17:28:27.757+0000] {processor.py:186} INFO - Started process (PID=2307) to work on /home/airflow/.local/lib/python3.12/site-packages/airflow/example_dags/example_params_trigger_ui.py
[2025-08-07T17:28:27.759+0000] {processor.py:914} INFO - Processing file /home/airflow/.local/lib/python3.12/site-packages/airflow/example_dags/example_params_trigger_ui.py for tasks to queue
[2025-08-07T17:28:27.761+0000] {logging_mixin.py:190} INFO - [2025-08-07T17:28:27.760+0000] {dagbag.py:588} INFO - Filling up the DagBag from /home/airflow/.local/lib/python3.12/site-packages/airflow/example_dags/example_params_trigger_ui.py
[2025-08-07T17:28:27.774+0000] {processor.py:925} INFO - DAG(s) 'example_params_trigger_ui' retrieved from /home/airflow/.local/lib/python3.12/site-packages/airflow/example_dags/example_params_trigger_ui.py
[2025-08-07T17:28:27.826+0000] {logging_mixin.py:190} INFO - [2025-08-07T17:28:27.826+0000] {dag.py:3239} INFO - Sync 1 DAGs
[2025-08-07T17:28:27.843+0000] {logging_mixin.py:190} INFO - [2025-08-07T17:28:27.842+0000] {dag.py:4180} INFO - Setting next_dagrun for example_params_trigger_ui to None, run_after=None
[2025-08-07T17:28:27.867+0000] {processor.py:208} INFO - Processing /home/airflow/.local/lib/python3.12/site-packages/airflow/example_dags/example_params_trigger_ui.py took 0.116 seconds
[2025-08-07T17:28:38.654+0000] {processor.py:186} INFO - Started process (PID=2371) to work on /home/airflow/.local/lib/python3.12/site-packages/airflow/example_dags/example_params_trigger_ui.py
[2025-08-07T17:28:38.655+0000] {processor.py:914} INFO - Processing file /home/airflow/.local/lib/python3.12/site-packages/airflow/example_dags/example_params_trigger_ui.py for tasks to queue
[2025-08-07T17:28:38.657+0000] {logging_mixin.py:190} INFO - [2025-08-07T17:28:38.657+0000] {dagbag.py:588} INFO - Filling up the DagBag from /home/airflow/.local/lib/python3.12/site-packages/airflow/example_dags/example_params_trigger_ui.py
[2025-08-07T17:28:38.671+0000] {processor.py:925} INFO - DAG(s) 'example_params_trigger_ui' retrieved from /home/airflow/.local/lib/python3.12/site-packages/airflow/example_dags/example_params_trigger_ui.py
[2025-08-07T17:28:38.724+0000] {logging_mixin.py:190} INFO - [2025-08-07T17:28:38.722+0000] {dag.py:3239} INFO - Sync 1 DAGs
[2025-08-07T17:28:38.741+0000] {logging_mixin.py:190} INFO - [2025-08-07T17:28:38.741+0000] {dag.py:4180} INFO - Setting next_dagrun for example_params_trigger_ui to None, run_after=None
[2025-08-07T17:28:38.775+0000] {processor.py:208} INFO - Processing /home/airflow/.local/lib/python3.12/site-packages/airflow/example_dags/example_params_trigger_ui.py took 0.128 seconds
[2025-08-07T17:29:09.718+0000] {processor.py:186} INFO - Started process (PID=2437) to work on /home/airflow/.local/lib/python3.12/site-packages/airflow/example_dags/example_params_trigger_ui.py
[2025-08-07T17:29:09.719+0000] {processor.py:914} INFO - Processing file /home/airflow/.local/lib/python3.12/site-packages/airflow/example_dags/example_params_trigger_ui.py for tasks to queue
[2025-08-07T17:29:09.721+0000] {logging_mixin.py:190} INFO - [2025-08-07T17:29:09.720+0000] {dagbag.py:588} INFO - Filling up the DagBag from /home/airflow/.local/lib/python3.12/site-packages/airflow/example_dags/example_params_trigger_ui.py
[2025-08-07T17:29:09.735+0000] {processor.py:925} INFO - DAG(s) 'example_params_trigger_ui' retrieved from /home/airflow/.local/lib/python3.12/site-packages/airflow/example_dags/example_params_trigger_ui.py
[2025-08-07T17:29:09.785+0000] {logging_mixin.py:190} INFO - [2025-08-07T17:29:09.785+0000] {dag.py:3239} INFO - Sync 1 DAGs
[2025-08-07T17:29:09.803+0000] {logging_mixin.py:190} INFO - [2025-08-07T17:29:09.801+0000] {dag.py:4180} INFO - Setting next_dagrun for example_params_trigger_ui to None, run_after=None
[2025-08-07T17:29:09.828+0000] {processor.py:208} INFO - Processing /home/airflow/.local/lib/python3.12/site-packages/airflow/example_dags/example_params_trigger_ui.py took 0.117 seconds
[2025-08-07T17:29:17.041+0000] {processor.py:186} INFO - Started process (PID=2494) to work on /home/airflow/.local/lib/python3.12/site-packages/airflow/example_dags/example_params_trigger_ui.py
[2025-08-07T17:29:17.043+0000] {processor.py:914} INFO - Processing file /home/airflow/.local/lib/python3.12/site-packages/airflow/example_dags/example_params_trigger_ui.py for tasks to queue
[2025-08-07T17:29:17.045+0000] {logging_mixin.py:190} INFO - [2025-08-07T17:29:17.044+0000] {dagbag.py:588} INFO - Filling up the DagBag from /home/airflow/.local/lib/python3.12/site-packages/airflow/example_dags/example_params_trigger_ui.py
[2025-08-07T17:29:17.065+0000] {processor.py:925} INFO - DAG(s) 'example_params_trigger_ui' retrieved from /home/airflow/.local/lib/python3.12/site-packages/airflow/example_dags/example_params_trigger_ui.py
[2025-08-07T17:29:17.122+0000] {logging_mixin.py:190} INFO - [2025-08-07T17:29:17.122+0000] {dag.py:3239} INFO - Sync 1 DAGs
[2025-08-07T17:29:17.146+0000] {logging_mixin.py:190} INFO - [2025-08-07T17:29:17.146+0000] {dag.py:4180} INFO - Setting next_dagrun for example_params_trigger_ui to None, run_after=None
[2025-08-07T17:29:17.178+0000] {processor.py:208} INFO - Processing /home/airflow/.local/lib/python3.12/site-packages/airflow/example_dags/example_params_trigger_ui.py took 0.147 seconds
[2025-08-07T17:29:48.378+0000] {processor.py:186} INFO - Started process (PID=2558) to work on /home/airflow/.local/lib/python3.12/site-packages/airflow/example_dags/example_params_trigger_ui.py
[2025-08-07T17:29:48.379+0000] {processor.py:914} INFO - Processing file /home/airflow/.local/lib/python3.12/site-packages/airflow/example_dags/example_params_trigger_ui.py for tasks to queue
[2025-08-07T17:29:48.381+0000] {logging_mixin.py:190} INFO - [2025-08-07T17:29:48.380+0000] {dagbag.py:588} INFO - Filling up the DagBag from /home/airflow/.local/lib/python3.12/site-packages/airflow/example_dags/example_params_trigger_ui.py
[2025-08-07T17:29:48.395+0000] {processor.py:925} INFO - DAG(s) 'example_params_trigger_ui' retrieved from /home/airflow/.local/lib/python3.12/site-packages/airflow/example_dags/example_params_trigger_ui.py
[2025-08-07T17:29:48.467+0000] {logging_mixin.py:190} INFO - [2025-08-07T17:29:48.467+0000] {dag.py:3239} INFO - Sync 1 DAGs
[2025-08-07T17:29:48.491+0000] {logging_mixin.py:190} INFO - [2025-08-07T17:29:48.491+0000] {dag.py:4180} INFO - Setting next_dagrun for example_params_trigger_ui to None, run_after=None
[2025-08-07T17:29:48.525+0000] {processor.py:208} INFO - Processing /home/airflow/.local/lib/python3.12/site-packages/airflow/example_dags/example_params_trigger_ui.py took 0.156 seconds
[2025-08-07T17:30:19.580+0000] {processor.py:186} INFO - Started process (PID=2622) to work on /home/airflow/.local/lib/python3.12/site-packages/airflow/example_dags/example_params_trigger_ui.py
[2025-08-07T17:30:19.582+0000] {processor.py:914} INFO - Processing file /home/airflow/.local/lib/python3.12/site-packages/airflow/example_dags/example_params_trigger_ui.py for tasks to queue
[2025-08-07T17:30:19.584+0000] {logging_mixin.py:190} INFO - [2025-08-07T17:30:19.584+0000] {dagbag.py:588} INFO - Filling up the DagBag from /home/airflow/.local/lib/python3.12/site-packages/airflow/example_dags/example_params_trigger_ui.py
[2025-08-07T17:30:19.600+0000] {processor.py:925} INFO - DAG(s) 'example_params_trigger_ui' retrieved from /home/airflow/.local/lib/python3.12/site-packages/airflow/example_dags/example_params_trigger_ui.py
[2025-08-07T17:30:19.660+0000] {logging_mixin.py:190} INFO - [2025-08-07T17:30:19.660+0000] {dag.py:3239} INFO - Sync 1 DAGs
[2025-08-07T17:30:19.677+0000] {logging_mixin.py:190} INFO - [2025-08-07T17:30:19.677+0000] {dag.py:4180} INFO - Setting next_dagrun for example_params_trigger_ui to None, run_after=None
[2025-08-07T17:30:19.707+0000] {processor.py:208} INFO - Processing /home/airflow/.local/lib/python3.12/site-packages/airflow/example_dags/example_params_trigger_ui.py took 0.134 seconds
[2025-08-07T17:42:35.960+0000] {processor.py:186} INFO - Started process (PID=2700) to work on /home/airflow/.local/lib/python3.12/site-packages/airflow/example_dags/example_params_trigger_ui.py
[2025-08-07T17:42:35.964+0000] {processor.py:914} INFO - Processing file /home/airflow/.local/lib/python3.12/site-packages/airflow/example_dags/example_params_trigger_ui.py for tasks to queue
[2025-08-07T17:42:35.972+0000] {logging_mixin.py:190} INFO - [2025-08-07T17:42:35.970+0000] {dagbag.py:588} INFO - Filling up the DagBag from /home/airflow/.local/lib/python3.12/site-packages/airflow/example_dags/example_params_trigger_ui.py
[2025-08-07T17:42:36.010+0000] {processor.py:925} INFO - DAG(s) 'example_params_trigger_ui' retrieved from /home/airflow/.local/lib/python3.12/site-packages/airflow/example_dags/example_params_trigger_ui.py
[2025-08-07T17:42:36.133+0000] {logging_mixin.py:190} INFO - [2025-08-07T17:42:36.132+0000] {dag.py:3239} INFO - Sync 1 DAGs
[2025-08-07T17:42:36.179+0000] {logging_mixin.py:190} INFO - [2025-08-07T17:42:36.179+0000] {dag.py:4180} INFO - Setting next_dagrun for example_params_trigger_ui to None, run_after=None
[2025-08-07T17:42:36.539+0000] {processor.py:208} INFO - Processing /home/airflow/.local/lib/python3.12/site-packages/airflow/example_dags/example_params_trigger_ui.py took 0.606 seconds
[2025-08-07T17:43:06.748+0000] {processor.py:186} INFO - Started process (PID=2766) to work on /home/airflow/.local/lib/python3.12/site-packages/airflow/example_dags/example_params_trigger_ui.py
[2025-08-07T17:43:06.750+0000] {processor.py:914} INFO - Processing file /home/airflow/.local/lib/python3.12/site-packages/airflow/example_dags/example_params_trigger_ui.py for tasks to queue
[2025-08-07T17:43:06.751+0000] {logging_mixin.py:190} INFO - [2025-08-07T17:43:06.751+0000] {dagbag.py:588} INFO - Filling up the DagBag from /home/airflow/.local/lib/python3.12/site-packages/airflow/example_dags/example_params_trigger_ui.py
[2025-08-07T17:43:06.770+0000] {processor.py:925} INFO - DAG(s) 'example_params_trigger_ui' retrieved from /home/airflow/.local/lib/python3.12/site-packages/airflow/example_dags/example_params_trigger_ui.py
[2025-08-07T17:43:06.862+0000] {logging_mixin.py:190} INFO - [2025-08-07T17:43:06.861+0000] {dag.py:3239} INFO - Sync 1 DAGs
[2025-08-07T17:43:06.897+0000] {logging_mixin.py:190} INFO - [2025-08-07T17:43:06.897+0000] {dag.py:4180} INFO - Setting next_dagrun for example_params_trigger_ui to None, run_after=None
[2025-08-07T17:43:07.187+0000] {processor.py:208} INFO - Processing /home/airflow/.local/lib/python3.12/site-packages/airflow/example_dags/example_params_trigger_ui.py took 0.447 seconds
[2025-08-07T17:44:39.365+0000] {processor.py:186} INFO - Started process (PID=2830) to work on /home/airflow/.local/lib/python3.12/site-packages/airflow/example_dags/example_params_trigger_ui.py
[2025-08-07T17:44:39.366+0000] {processor.py:914} INFO - Processing file /home/airflow/.local/lib/python3.12/site-packages/airflow/example_dags/example_params_trigger_ui.py for tasks to queue
[2025-08-07T17:44:39.368+0000] {logging_mixin.py:190} INFO - [2025-08-07T17:44:39.368+0000] {dagbag.py:588} INFO - Filling up the DagBag from /home/airflow/.local/lib/python3.12/site-packages/airflow/example_dags/example_params_trigger_ui.py
[2025-08-07T17:43:25.842+0000] {processor.py:925} INFO - DAG(s) 'example_params_trigger_ui' retrieved from /home/airflow/.local/lib/python3.12/site-packages/airflow/example_dags/example_params_trigger_ui.py
[2025-08-07T17:43:25.940+0000] {logging_mixin.py:190} INFO - [2025-08-07T17:43:25.939+0000] {dag.py:3239} INFO - Sync 1 DAGs
[2025-08-07T17:43:25.968+0000] {logging_mixin.py:190} INFO - [2025-08-07T17:43:25.968+0000] {dag.py:4180} INFO - Setting next_dagrun for example_params_trigger_ui to None, run_after=None
[2025-08-07T17:43:26.013+0000] {processor.py:208} INFO - Processing /home/airflow/.local/lib/python3.12/site-packages/airflow/example_dags/example_params_trigger_ui.py took 0.220 seconds
[2025-08-07T17:43:45.718+0000] {processor.py:186} INFO - Started process (PID=2890) to work on /home/airflow/.local/lib/python3.12/site-packages/airflow/example_dags/example_params_trigger_ui.py
[2025-08-07T17:43:45.720+0000] {processor.py:914} INFO - Processing file /home/airflow/.local/lib/python3.12/site-packages/airflow/example_dags/example_params_trigger_ui.py for tasks to queue
[2025-08-07T17:43:45.721+0000] {logging_mixin.py:190} INFO - [2025-08-07T17:43:45.721+0000] {dagbag.py:588} INFO - Filling up the DagBag from /home/airflow/.local/lib/python3.12/site-packages/airflow/example_dags/example_params_trigger_ui.py
[2025-08-07T17:43:45.741+0000] {processor.py:925} INFO - DAG(s) 'example_params_trigger_ui' retrieved from /home/airflow/.local/lib/python3.12/site-packages/airflow/example_dags/example_params_trigger_ui.py
[2025-08-07T17:44:59.367+0000] {logging_mixin.py:190} INFO - [2025-08-07T17:44:59.366+0000] {dag.py:3239} INFO - Sync 1 DAGs
[2025-08-07T17:44:59.387+0000] {logging_mixin.py:190} INFO - [2025-08-07T17:44:59.387+0000] {dag.py:4180} INFO - Setting next_dagrun for example_params_trigger_ui to None, run_after=None
[2025-08-07T17:43:45.870+0000] {processor.py:208} INFO - Processing /home/airflow/.local/lib/python3.12/site-packages/airflow/example_dags/example_params_trigger_ui.py took 0.168 seconds
[2025-08-07T17:44:18.236+0000] {processor.py:186} INFO - Started process (PID=2956) to work on /home/airflow/.local/lib/python3.12/site-packages/airflow/example_dags/example_params_trigger_ui.py
[2025-08-07T17:44:18.237+0000] {processor.py:914} INFO - Processing file /home/airflow/.local/lib/python3.12/site-packages/airflow/example_dags/example_params_trigger_ui.py for tasks to queue
[2025-08-07T17:44:18.239+0000] {logging_mixin.py:190} INFO - [2025-08-07T17:44:18.238+0000] {dagbag.py:588} INFO - Filling up the DagBag from /home/airflow/.local/lib/python3.12/site-packages/airflow/example_dags/example_params_trigger_ui.py
[2025-08-07T17:44:18.259+0000] {processor.py:925} INFO - DAG(s) 'example_params_trigger_ui' retrieved from /home/airflow/.local/lib/python3.12/site-packages/airflow/example_dags/example_params_trigger_ui.py
[2025-08-07T17:44:18.351+0000] {logging_mixin.py:190} INFO - [2025-08-07T17:44:18.351+0000] {dag.py:3239} INFO - Sync 1 DAGs
[2025-08-07T17:44:18.387+0000] {logging_mixin.py:190} INFO - [2025-08-07T17:44:18.387+0000] {dag.py:4180} INFO - Setting next_dagrun for example_params_trigger_ui to None, run_after=None
[2025-08-07T17:44:18.448+0000] {processor.py:208} INFO - Processing /home/airflow/.local/lib/python3.12/site-packages/airflow/example_dags/example_params_trigger_ui.py took 0.230 seconds
[2025-08-07T17:44:50.140+0000] {processor.py:186} INFO - Started process (PID=3022) to work on /home/airflow/.local/lib/python3.12/site-packages/airflow/example_dags/example_params_trigger_ui.py
[2025-08-07T17:44:50.141+0000] {processor.py:914} INFO - Processing file /home/airflow/.local/lib/python3.12/site-packages/airflow/example_dags/example_params_trigger_ui.py for tasks to queue
[2025-08-07T17:44:50.147+0000] {logging_mixin.py:190} INFO - [2025-08-07T17:44:50.146+0000] {dagbag.py:588} INFO - Filling up the DagBag from /home/airflow/.local/lib/python3.12/site-packages/airflow/example_dags/example_params_trigger_ui.py
[2025-08-07T17:44:50.170+0000] {processor.py:925} INFO - DAG(s) 'example_params_trigger_ui' retrieved from /home/airflow/.local/lib/python3.12/site-packages/airflow/example_dags/example_params_trigger_ui.py
[2025-08-07T17:44:50.260+0000] {logging_mixin.py:190} INFO - [2025-08-07T17:44:50.260+0000] {dag.py:3239} INFO - Sync 1 DAGs
[2025-08-07T17:44:50.297+0000] {logging_mixin.py:190} INFO - [2025-08-07T17:44:50.297+0000] {dag.py:4180} INFO - Setting next_dagrun for example_params_trigger_ui to None, run_after=None
[2025-08-07T17:44:50.338+0000] {processor.py:208} INFO - Processing /home/airflow/.local/lib/python3.12/site-packages/airflow/example_dags/example_params_trigger_ui.py took 0.207 seconds
[2025-08-07T17:45:22.048+0000] {processor.py:186} INFO - Started process (PID=3088) to work on /home/airflow/.local/lib/python3.12/site-packages/airflow/example_dags/example_params_trigger_ui.py
[2025-08-07T17:45:22.049+0000] {processor.py:914} INFO - Processing file /home/airflow/.local/lib/python3.12/site-packages/airflow/example_dags/example_params_trigger_ui.py for tasks to queue
[2025-08-07T17:45:22.056+0000] {logging_mixin.py:190} INFO - [2025-08-07T17:45:22.055+0000] {dagbag.py:588} INFO - Filling up the DagBag from /home/airflow/.local/lib/python3.12/site-packages/airflow/example_dags/example_params_trigger_ui.py
[2025-08-07T17:45:22.095+0000] {processor.py:925} INFO - DAG(s) 'example_params_trigger_ui' retrieved from /home/airflow/.local/lib/python3.12/site-packages/airflow/example_dags/example_params_trigger_ui.py
[2025-08-07T17:45:22.331+0000] {logging_mixin.py:190} INFO - [2025-08-07T17:45:22.330+0000] {dag.py:3239} INFO - Sync 1 DAGs
[2025-08-07T17:45:22.400+0000] {logging_mixin.py:190} INFO - [2025-08-07T17:45:22.399+0000] {dag.py:4180} INFO - Setting next_dagrun for example_params_trigger_ui to None, run_after=None
[2025-08-07T17:45:22.479+0000] {processor.py:208} INFO - Processing /home/airflow/.local/lib/python3.12/site-packages/airflow/example_dags/example_params_trigger_ui.py took 0.442 seconds
[2025-08-07T17:45:52.580+0000] {processor.py:186} INFO - Started process (PID=3152) to work on /home/airflow/.local/lib/python3.12/site-packages/airflow/example_dags/example_params_trigger_ui.py
[2025-08-07T17:45:52.587+0000] {processor.py:914} INFO - Processing file /home/airflow/.local/lib/python3.12/site-packages/airflow/example_dags/example_params_trigger_ui.py for tasks to queue
[2025-08-07T17:45:52.589+0000] {logging_mixin.py:190} INFO - [2025-08-07T17:45:52.588+0000] {dagbag.py:588} INFO - Filling up the DagBag from /home/airflow/.local/lib/python3.12/site-packages/airflow/example_dags/example_params_trigger_ui.py
[2025-08-07T17:45:52.603+0000] {processor.py:925} INFO - DAG(s) 'example_params_trigger_ui' retrieved from /home/airflow/.local/lib/python3.12/site-packages/airflow/example_dags/example_params_trigger_ui.py
[2025-08-07T17:45:52.677+0000] {logging_mixin.py:190} INFO - [2025-08-07T17:45:52.673+0000] {dag.py:3239} INFO - Sync 1 DAGs
[2025-08-07T17:45:52.718+0000] {logging_mixin.py:190} INFO - [2025-08-07T17:45:52.718+0000] {dag.py:4180} INFO - Setting next_dagrun for example_params_trigger_ui to None, run_after=None
[2025-08-07T17:45:52.767+0000] {processor.py:208} INFO - Processing /home/airflow/.local/lib/python3.12/site-packages/airflow/example_dags/example_params_trigger_ui.py took 0.196 seconds
[2025-08-07T17:46:23.305+0000] {processor.py:186} INFO - Started process (PID=3220) to work on /home/airflow/.local/lib/python3.12/site-packages/airflow/example_dags/example_params_trigger_ui.py
[2025-08-07T17:46:23.306+0000] {processor.py:914} INFO - Processing file /home/airflow/.local/lib/python3.12/site-packages/airflow/example_dags/example_params_trigger_ui.py for tasks to queue
[2025-08-07T17:46:23.312+0000] {logging_mixin.py:190} INFO - [2025-08-07T17:46:23.308+0000] {dagbag.py:588} INFO - Filling up the DagBag from /home/airflow/.local/lib/python3.12/site-packages/airflow/example_dags/example_params_trigger_ui.py
[2025-08-07T17:46:23.352+0000] {processor.py:925} INFO - DAG(s) 'example_params_trigger_ui' retrieved from /home/airflow/.local/lib/python3.12/site-packages/airflow/example_dags/example_params_trigger_ui.py
[2025-08-07T17:46:23.534+0000] {logging_mixin.py:190} INFO - [2025-08-07T17:46:23.534+0000] {dag.py:3239} INFO - Sync 1 DAGs
[2025-08-07T17:46:23.564+0000] {logging_mixin.py:190} INFO - [2025-08-07T17:46:23.563+0000] {dag.py:4180} INFO - Setting next_dagrun for example_params_trigger_ui to None, run_after=None
[2025-08-07T17:46:23.603+0000] {processor.py:208} INFO - Processing /home/airflow/.local/lib/python3.12/site-packages/airflow/example_dags/example_params_trigger_ui.py took 0.315 seconds
[2025-08-07T17:46:54.511+0000] {processor.py:186} INFO - Started process (PID=3284) to work on /home/airflow/.local/lib/python3.12/site-packages/airflow/example_dags/example_params_trigger_ui.py
[2025-08-07T17:46:54.513+0000] {processor.py:914} INFO - Processing file /home/airflow/.local/lib/python3.12/site-packages/airflow/example_dags/example_params_trigger_ui.py for tasks to queue
[2025-08-07T17:46:54.514+0000] {logging_mixin.py:190} INFO - [2025-08-07T17:46:54.514+0000] {dagbag.py:588} INFO - Filling up the DagBag from /home/airflow/.local/lib/python3.12/site-packages/airflow/example_dags/example_params_trigger_ui.py
[2025-08-07T17:46:54.534+0000] {processor.py:925} INFO - DAG(s) 'example_params_trigger_ui' retrieved from /home/airflow/.local/lib/python3.12/site-packages/airflow/example_dags/example_params_trigger_ui.py
[2025-08-07T17:46:54.610+0000] {logging_mixin.py:190} INFO - [2025-08-07T17:46:54.610+0000] {dag.py:3239} INFO - Sync 1 DAGs
[2025-08-07T17:46:54.634+0000] {logging_mixin.py:190} INFO - [2025-08-07T17:46:54.633+0000] {dag.py:4180} INFO - Setting next_dagrun for example_params_trigger_ui to None, run_after=None
[2025-08-07T17:46:54.683+0000] {processor.py:208} INFO - Processing /home/airflow/.local/lib/python3.12/site-packages/airflow/example_dags/example_params_trigger_ui.py took 0.181 seconds
[2025-08-07T17:47:25.410+0000] {processor.py:186} INFO - Started process (PID=3349) to work on /home/airflow/.local/lib/python3.12/site-packages/airflow/example_dags/example_params_trigger_ui.py
[2025-08-07T17:47:25.411+0000] {processor.py:914} INFO - Processing file /home/airflow/.local/lib/python3.12/site-packages/airflow/example_dags/example_params_trigger_ui.py for tasks to queue
[2025-08-07T17:47:25.417+0000] {logging_mixin.py:190} INFO - [2025-08-07T17:47:25.417+0000] {dagbag.py:588} INFO - Filling up the DagBag from /home/airflow/.local/lib/python3.12/site-packages/airflow/example_dags/example_params_trigger_ui.py
[2025-08-07T17:47:25.451+0000] {processor.py:925} INFO - DAG(s) 'example_params_trigger_ui' retrieved from /home/airflow/.local/lib/python3.12/site-packages/airflow/example_dags/example_params_trigger_ui.py
[2025-08-07T17:47:25.567+0000] {logging_mixin.py:190} INFO - [2025-08-07T17:47:25.567+0000] {dag.py:3239} INFO - Sync 1 DAGs
[2025-08-07T17:47:25.597+0000] {logging_mixin.py:190} INFO - [2025-08-07T17:47:25.597+0000] {dag.py:4180} INFO - Setting next_dagrun for example_params_trigger_ui to None, run_after=None
[2025-08-07T17:47:25.638+0000] {processor.py:208} INFO - Processing /home/airflow/.local/lib/python3.12/site-packages/airflow/example_dags/example_params_trigger_ui.py took 0.240 seconds
[2025-08-07T17:47:55.843+0000] {processor.py:186} INFO - Started process (PID=3416) to work on /home/airflow/.local/lib/python3.12/site-packages/airflow/example_dags/example_params_trigger_ui.py
[2025-08-07T17:47:55.844+0000] {processor.py:914} INFO - Processing file /home/airflow/.local/lib/python3.12/site-packages/airflow/example_dags/example_params_trigger_ui.py for tasks to queue
[2025-08-07T17:47:55.850+0000] {logging_mixin.py:190} INFO - [2025-08-07T17:47:55.849+0000] {dagbag.py:588} INFO - Filling up the DagBag from /home/airflow/.local/lib/python3.12/site-packages/airflow/example_dags/example_params_trigger_ui.py
[2025-08-07T17:47:55.880+0000] {processor.py:925} INFO - DAG(s) 'example_params_trigger_ui' retrieved from /home/airflow/.local/lib/python3.12/site-packages/airflow/example_dags/example_params_trigger_ui.py
[2025-08-07T17:47:55.962+0000] {logging_mixin.py:190} INFO - [2025-08-07T17:47:55.962+0000] {dag.py:3239} INFO - Sync 1 DAGs
[2025-08-07T17:47:55.994+0000] {logging_mixin.py:190} INFO - [2025-08-07T17:47:55.993+0000] {dag.py:4180} INFO - Setting next_dagrun for example_params_trigger_ui to None, run_after=None
[2025-08-07T17:47:56.034+0000] {processor.py:208} INFO - Processing /home/airflow/.local/lib/python3.12/site-packages/airflow/example_dags/example_params_trigger_ui.py took 0.202 seconds
[2025-08-07T17:49:39.904+0000] {processor.py:186} INFO - Started process (PID=3480) to work on /home/airflow/.local/lib/python3.12/site-packages/airflow/example_dags/example_params_trigger_ui.py
[2025-08-07T17:49:39.906+0000] {processor.py:914} INFO - Processing file /home/airflow/.local/lib/python3.12/site-packages/airflow/example_dags/example_params_trigger_ui.py for tasks to queue
[2025-08-07T17:49:39.907+0000] {logging_mixin.py:190} INFO - [2025-08-07T17:49:39.907+0000] {dagbag.py:588} INFO - Filling up the DagBag from /home/airflow/.local/lib/python3.12/site-packages/airflow/example_dags/example_params_trigger_ui.py
[2025-08-07T17:48:26.389+0000] {processor.py:925} INFO - DAG(s) 'example_params_trigger_ui' retrieved from /home/airflow/.local/lib/python3.12/site-packages/airflow/example_dags/example_params_trigger_ui.py
[2025-08-07T17:48:26.509+0000] {logging_mixin.py:190} INFO - [2025-08-07T17:48:26.509+0000] {dag.py:3239} INFO - Sync 1 DAGs
[2025-08-07T17:48:26.543+0000] {logging_mixin.py:190} INFO - [2025-08-07T17:48:26.543+0000] {dag.py:4180} INFO - Setting next_dagrun for example_params_trigger_ui to None, run_after=None
[2025-08-07T17:48:26.593+0000] {processor.py:208} INFO - Processing /home/airflow/.local/lib/python3.12/site-packages/airflow/example_dags/example_params_trigger_ui.py took 0.255 seconds
[2025-08-07T17:48:56.842+0000] {processor.py:186} INFO - Started process (PID=3542) to work on /home/airflow/.local/lib/python3.12/site-packages/airflow/example_dags/example_params_trigger_ui.py
[2025-08-07T17:48:56.844+0000] {processor.py:914} INFO - Processing file /home/airflow/.local/lib/python3.12/site-packages/airflow/example_dags/example_params_trigger_ui.py for tasks to queue
[2025-08-07T17:48:56.850+0000] {logging_mixin.py:190} INFO - [2025-08-07T17:48:56.850+0000] {dagbag.py:588} INFO - Filling up the DagBag from /home/airflow/.local/lib/python3.12/site-packages/airflow/example_dags/example_params_trigger_ui.py
[2025-08-07T17:48:56.882+0000] {processor.py:925} INFO - DAG(s) 'example_params_trigger_ui' retrieved from /home/airflow/.local/lib/python3.12/site-packages/airflow/example_dags/example_params_trigger_ui.py
[2025-08-07T17:48:57.022+0000] {logging_mixin.py:190} INFO - [2025-08-07T17:48:57.022+0000] {dag.py:3239} INFO - Sync 1 DAGs
[2025-08-07T17:48:57.075+0000] {logging_mixin.py:190} INFO - [2025-08-07T17:48:57.074+0000] {dag.py:4180} INFO - Setting next_dagrun for example_params_trigger_ui to None, run_after=None
[2025-08-07T17:48:57.134+0000] {processor.py:208} INFO - Processing /home/airflow/.local/lib/python3.12/site-packages/airflow/example_dags/example_params_trigger_ui.py took 0.304 seconds
[2025-08-07T17:49:27.556+0000] {processor.py:186} INFO - Started process (PID=3603) to work on /home/airflow/.local/lib/python3.12/site-packages/airflow/example_dags/example_params_trigger_ui.py
[2025-08-07T17:49:27.562+0000] {processor.py:914} INFO - Processing file /home/airflow/.local/lib/python3.12/site-packages/airflow/example_dags/example_params_trigger_ui.py for tasks to queue
[2025-08-07T17:49:27.566+0000] {logging_mixin.py:190} INFO - [2025-08-07T17:49:27.566+0000] {dagbag.py:588} INFO - Filling up the DagBag from /home/airflow/.local/lib/python3.12/site-packages/airflow/example_dags/example_params_trigger_ui.py
[2025-08-07T17:49:27.595+0000] {processor.py:925} INFO - DAG(s) 'example_params_trigger_ui' retrieved from /home/airflow/.local/lib/python3.12/site-packages/airflow/example_dags/example_params_trigger_ui.py
[2025-08-07T17:49:27.714+0000] {logging_mixin.py:190} INFO - [2025-08-07T17:49:27.714+0000] {dag.py:3239} INFO - Sync 1 DAGs
[2025-08-07T17:49:27.754+0000] {logging_mixin.py:190} INFO - [2025-08-07T17:49:27.754+0000] {dag.py:4180} INFO - Setting next_dagrun for example_params_trigger_ui to None, run_after=None
[2025-08-07T17:49:27.802+0000] {processor.py:208} INFO - Processing /home/airflow/.local/lib/python3.12/site-packages/airflow/example_dags/example_params_trigger_ui.py took 0.258 seconds
[2025-08-07T17:49:53.370+0000] {processor.py:186} INFO - Started process (PID=3669) to work on /home/airflow/.local/lib/python3.12/site-packages/airflow/example_dags/example_params_trigger_ui.py
[2025-08-07T17:49:53.371+0000] {processor.py:914} INFO - Processing file /home/airflow/.local/lib/python3.12/site-packages/airflow/example_dags/example_params_trigger_ui.py for tasks to queue
[2025-08-07T17:49:53.373+0000] {logging_mixin.py:190} INFO - [2025-08-07T17:49:53.372+0000] {dagbag.py:588} INFO - Filling up the DagBag from /home/airflow/.local/lib/python3.12/site-packages/airflow/example_dags/example_params_trigger_ui.py
[2025-08-07T17:49:53.395+0000] {processor.py:925} INFO - DAG(s) 'example_params_trigger_ui' retrieved from /home/airflow/.local/lib/python3.12/site-packages/airflow/example_dags/example_params_trigger_ui.py
[2025-08-07T17:49:53.504+0000] {logging_mixin.py:190} INFO - [2025-08-07T17:49:53.503+0000] {dag.py:3239} INFO - Sync 1 DAGs
[2025-08-07T17:49:53.542+0000] {logging_mixin.py:190} INFO - [2025-08-07T17:49:53.542+0000] {dag.py:4180} INFO - Setting next_dagrun for example_params_trigger_ui to None, run_after=None
[2025-08-07T17:49:53.584+0000] {processor.py:208} INFO - Processing /home/airflow/.local/lib/python3.12/site-packages/airflow/example_dags/example_params_trigger_ui.py took 0.229 seconds
[2025-08-07T17:50:06.406+0000] {processor.py:186} INFO - Started process (PID=3728) to work on /home/airflow/.local/lib/python3.12/site-packages/airflow/example_dags/example_params_trigger_ui.py
[2025-08-07T17:50:06.407+0000] {processor.py:914} INFO - Processing file /home/airflow/.local/lib/python3.12/site-packages/airflow/example_dags/example_params_trigger_ui.py for tasks to queue
[2025-08-07T17:50:06.409+0000] {logging_mixin.py:190} INFO - [2025-08-07T17:50:06.409+0000] {dagbag.py:588} INFO - Filling up the DagBag from /home/airflow/.local/lib/python3.12/site-packages/airflow/example_dags/example_params_trigger_ui.py
[2025-08-07T17:50:06.438+0000] {processor.py:925} INFO - DAG(s) 'example_params_trigger_ui' retrieved from /home/airflow/.local/lib/python3.12/site-packages/airflow/example_dags/example_params_trigger_ui.py
[2025-08-07T17:50:06.546+0000] {logging_mixin.py:190} INFO - [2025-08-07T17:50:06.545+0000] {dag.py:3239} INFO - Sync 1 DAGs
[2025-08-07T17:50:06.580+0000] {logging_mixin.py:190} INFO - [2025-08-07T17:50:06.579+0000] {dag.py:4180} INFO - Setting next_dagrun for example_params_trigger_ui to None, run_after=None
[2025-08-07T17:50:06.635+0000] {processor.py:208} INFO - Processing /home/airflow/.local/lib/python3.12/site-packages/airflow/example_dags/example_params_trigger_ui.py took 0.247 seconds
[2025-08-07T17:50:37.602+0000] {processor.py:186} INFO - Started process (PID=3793) to work on /home/airflow/.local/lib/python3.12/site-packages/airflow/example_dags/example_params_trigger_ui.py
[2025-08-07T17:50:37.603+0000] {processor.py:914} INFO - Processing file /home/airflow/.local/lib/python3.12/site-packages/airflow/example_dags/example_params_trigger_ui.py for tasks to queue
[2025-08-07T17:50:37.605+0000] {logging_mixin.py:190} INFO - [2025-08-07T17:50:37.604+0000] {dagbag.py:588} INFO - Filling up the DagBag from /home/airflow/.local/lib/python3.12/site-packages/airflow/example_dags/example_params_trigger_ui.py
[2025-08-07T17:50:37.626+0000] {processor.py:925} INFO - DAG(s) 'example_params_trigger_ui' retrieved from /home/airflow/.local/lib/python3.12/site-packages/airflow/example_dags/example_params_trigger_ui.py
[2025-08-07T17:50:37.716+0000] {logging_mixin.py:190} INFO - [2025-08-07T17:50:37.716+0000] {dag.py:3239} INFO - Sync 1 DAGs
[2025-08-07T17:50:37.752+0000] {logging_mixin.py:190} INFO - [2025-08-07T17:50:37.752+0000] {dag.py:4180} INFO - Setting next_dagrun for example_params_trigger_ui to None, run_after=None
[2025-08-07T17:50:37.794+0000] {processor.py:208} INFO - Processing /home/airflow/.local/lib/python3.12/site-packages/airflow/example_dags/example_params_trigger_ui.py took 0.207 seconds
[2025-08-07T17:51:09.857+0000] {processor.py:186} INFO - Started process (PID=3859) to work on /home/airflow/.local/lib/python3.12/site-packages/airflow/example_dags/example_params_trigger_ui.py
[2025-08-07T17:51:09.858+0000] {processor.py:914} INFO - Processing file /home/airflow/.local/lib/python3.12/site-packages/airflow/example_dags/example_params_trigger_ui.py for tasks to queue
[2025-08-07T17:51:09.864+0000] {logging_mixin.py:190} INFO - [2025-08-07T17:51:09.859+0000] {dagbag.py:588} INFO - Filling up the DagBag from /home/airflow/.local/lib/python3.12/site-packages/airflow/example_dags/example_params_trigger_ui.py
[2025-08-07T17:51:09.886+0000] {processor.py:925} INFO - DAG(s) 'example_params_trigger_ui' retrieved from /home/airflow/.local/lib/python3.12/site-packages/airflow/example_dags/example_params_trigger_ui.py
[2025-08-07T17:51:09.998+0000] {logging_mixin.py:190} INFO - [2025-08-07T17:51:09.997+0000] {dag.py:3239} INFO - Sync 1 DAGs
[2025-08-07T17:51:10.028+0000] {logging_mixin.py:190} INFO - [2025-08-07T17:51:10.028+0000] {dag.py:4180} INFO - Setting next_dagrun for example_params_trigger_ui to None, run_after=None
[2025-08-07T17:51:10.074+0000] {processor.py:208} INFO - Processing /home/airflow/.local/lib/python3.12/site-packages/airflow/example_dags/example_params_trigger_ui.py took 0.227 seconds
[2025-08-07T17:51:42.300+0000] {processor.py:186} INFO - Started process (PID=3925) to work on /home/airflow/.local/lib/python3.12/site-packages/airflow/example_dags/example_params_trigger_ui.py
[2025-08-07T17:51:42.303+0000] {processor.py:914} INFO - Processing file /home/airflow/.local/lib/python3.12/site-packages/airflow/example_dags/example_params_trigger_ui.py for tasks to queue
[2025-08-07T17:51:42.310+0000] {logging_mixin.py:190} INFO - [2025-08-07T17:51:42.310+0000] {dagbag.py:588} INFO - Filling up the DagBag from /home/airflow/.local/lib/python3.12/site-packages/airflow/example_dags/example_params_trigger_ui.py
[2025-08-07T17:51:42.362+0000] {processor.py:925} INFO - DAG(s) 'example_params_trigger_ui' retrieved from /home/airflow/.local/lib/python3.12/site-packages/airflow/example_dags/example_params_trigger_ui.py
[2025-08-07T17:51:42.610+0000] {logging_mixin.py:190} INFO - [2025-08-07T17:51:42.609+0000] {dag.py:3239} INFO - Sync 1 DAGs
[2025-08-07T17:51:42.672+0000] {logging_mixin.py:190} INFO - [2025-08-07T17:51:42.671+0000] {dag.py:4180} INFO - Setting next_dagrun for example_params_trigger_ui to None, run_after=None
[2025-08-07T17:51:42.742+0000] {processor.py:208} INFO - Processing /home/airflow/.local/lib/python3.12/site-packages/airflow/example_dags/example_params_trigger_ui.py took 0.469 seconds
[2025-08-07T17:52:11.012+0000] {processor.py:186} INFO - Started process (PID=3994) to work on /home/airflow/.local/lib/python3.12/site-packages/airflow/example_dags/example_params_trigger_ui.py
[2025-08-07T17:52:11.013+0000] {processor.py:914} INFO - Processing file /home/airflow/.local/lib/python3.12/site-packages/airflow/example_dags/example_params_trigger_ui.py for tasks to queue
[2025-08-07T17:52:11.015+0000] {logging_mixin.py:190} INFO - [2025-08-07T17:52:11.015+0000] {dagbag.py:588} INFO - Filling up the DagBag from /home/airflow/.local/lib/python3.12/site-packages/airflow/example_dags/example_params_trigger_ui.py
[2025-08-07T17:52:11.052+0000] {processor.py:925} INFO - DAG(s) 'example_params_trigger_ui' retrieved from /home/airflow/.local/lib/python3.12/site-packages/airflow/example_dags/example_params_trigger_ui.py
[2025-08-07T17:52:11.184+0000] {logging_mixin.py:190} INFO - [2025-08-07T17:52:11.183+0000] {dag.py:3239} INFO - Sync 1 DAGs
[2025-08-07T17:52:11.233+0000] {logging_mixin.py:190} INFO - [2025-08-07T17:52:11.233+0000] {dag.py:4180} INFO - Setting next_dagrun for example_params_trigger_ui to None, run_after=None
[2025-08-07T17:52:11.305+0000] {processor.py:208} INFO - Processing /home/airflow/.local/lib/python3.12/site-packages/airflow/example_dags/example_params_trigger_ui.py took 0.310 seconds
[2025-08-07T17:52:31.691+0000] {processor.py:186} INFO - Started process (PID=4057) to work on /home/airflow/.local/lib/python3.12/site-packages/airflow/example_dags/example_params_trigger_ui.py
[2025-08-07T17:52:31.693+0000] {processor.py:914} INFO - Processing file /home/airflow/.local/lib/python3.12/site-packages/airflow/example_dags/example_params_trigger_ui.py for tasks to queue
[2025-08-07T17:52:31.699+0000] {logging_mixin.py:190} INFO - [2025-08-07T17:52:31.698+0000] {dagbag.py:588} INFO - Filling up the DagBag from /home/airflow/.local/lib/python3.12/site-packages/airflow/example_dags/example_params_trigger_ui.py
[2025-08-07T17:52:31.729+0000] {processor.py:925} INFO - DAG(s) 'example_params_trigger_ui' retrieved from /home/airflow/.local/lib/python3.12/site-packages/airflow/example_dags/example_params_trigger_ui.py
[2025-08-07T17:52:31.849+0000] {logging_mixin.py:190} INFO - [2025-08-07T17:52:31.849+0000] {dag.py:3239} INFO - Sync 1 DAGs
[2025-08-07T17:52:31.881+0000] {logging_mixin.py:190} INFO - [2025-08-07T17:52:31.881+0000] {dag.py:4180} INFO - Setting next_dagrun for example_params_trigger_ui to None, run_after=None
[2025-08-07T17:52:31.923+0000] {processor.py:208} INFO - Processing /home/airflow/.local/lib/python3.12/site-packages/airflow/example_dags/example_params_trigger_ui.py took 0.243 seconds
[2025-08-07T17:53:04.687+0000] {processor.py:186} INFO - Started process (PID=4121) to work on /home/airflow/.local/lib/python3.12/site-packages/airflow/example_dags/example_params_trigger_ui.py
[2025-08-07T17:53:04.689+0000] {processor.py:914} INFO - Processing file /home/airflow/.local/lib/python3.12/site-packages/airflow/example_dags/example_params_trigger_ui.py for tasks to queue
[2025-08-07T17:53:04.696+0000] {logging_mixin.py:190} INFO - [2025-08-07T17:53:04.696+0000] {dagbag.py:588} INFO - Filling up the DagBag from /home/airflow/.local/lib/python3.12/site-packages/airflow/example_dags/example_params_trigger_ui.py
[2025-08-07T17:53:04.746+0000] {processor.py:925} INFO - DAG(s) 'example_params_trigger_ui' retrieved from /home/airflow/.local/lib/python3.12/site-packages/airflow/example_dags/example_params_trigger_ui.py
[2025-08-07T17:53:04.917+0000] {logging_mixin.py:190} INFO - [2025-08-07T17:53:04.916+0000] {dag.py:3239} INFO - Sync 1 DAGs
[2025-08-07T17:53:04.954+0000] {logging_mixin.py:190} INFO - [2025-08-07T17:53:04.949+0000] {dag.py:4180} INFO - Setting next_dagrun for example_params_trigger_ui to None, run_after=None
[2025-08-07T17:53:04.997+0000] {processor.py:208} INFO - Processing /home/airflow/.local/lib/python3.12/site-packages/airflow/example_dags/example_params_trigger_ui.py took 0.323 seconds
[2025-08-07T17:53:33.150+0000] {processor.py:186} INFO - Started process (PID=4185) to work on /home/airflow/.local/lib/python3.12/site-packages/airflow/example_dags/example_params_trigger_ui.py
[2025-08-07T17:53:33.156+0000] {processor.py:914} INFO - Processing file /home/airflow/.local/lib/python3.12/site-packages/airflow/example_dags/example_params_trigger_ui.py for tasks to queue
[2025-08-07T17:53:33.158+0000] {logging_mixin.py:190} INFO - [2025-08-07T17:53:33.158+0000] {dagbag.py:588} INFO - Filling up the DagBag from /home/airflow/.local/lib/python3.12/site-packages/airflow/example_dags/example_params_trigger_ui.py
[2025-08-07T17:53:33.200+0000] {processor.py:925} INFO - DAG(s) 'example_params_trigger_ui' retrieved from /home/airflow/.local/lib/python3.12/site-packages/airflow/example_dags/example_params_trigger_ui.py
[2025-08-07T17:53:33.330+0000] {logging_mixin.py:190} INFO - [2025-08-07T17:53:33.330+0000] {dag.py:3239} INFO - Sync 1 DAGs
[2025-08-07T17:53:33.368+0000] {logging_mixin.py:190} INFO - [2025-08-07T17:53:33.368+0000] {dag.py:4180} INFO - Setting next_dagrun for example_params_trigger_ui to None, run_after=None
[2025-08-07T17:53:33.427+0000] {processor.py:208} INFO - Processing /home/airflow/.local/lib/python3.12/site-packages/airflow/example_dags/example_params_trigger_ui.py took 0.300 seconds
[2025-08-07T17:53:48.402+0000] {processor.py:186} INFO - Started process (PID=4249) to work on /home/airflow/.local/lib/python3.12/site-packages/airflow/example_dags/example_params_trigger_ui.py
[2025-08-07T17:53:48.403+0000] {processor.py:914} INFO - Processing file /home/airflow/.local/lib/python3.12/site-packages/airflow/example_dags/example_params_trigger_ui.py for tasks to queue
[2025-08-07T17:53:48.410+0000] {logging_mixin.py:190} INFO - [2025-08-07T17:53:48.409+0000] {dagbag.py:588} INFO - Filling up the DagBag from /home/airflow/.local/lib/python3.12/site-packages/airflow/example_dags/example_params_trigger_ui.py
[2025-08-07T17:53:48.441+0000] {processor.py:925} INFO - DAG(s) 'example_params_trigger_ui' retrieved from /home/airflow/.local/lib/python3.12/site-packages/airflow/example_dags/example_params_trigger_ui.py
[2025-08-07T17:53:48.571+0000] {logging_mixin.py:190} INFO - [2025-08-07T17:53:48.570+0000] {dag.py:3239} INFO - Sync 1 DAGs
[2025-08-07T17:53:48.604+0000] {logging_mixin.py:190} INFO - [2025-08-07T17:53:48.603+0000] {dag.py:4180} INFO - Setting next_dagrun for example_params_trigger_ui to None, run_after=None
[2025-08-07T17:53:48.660+0000] {processor.py:208} INFO - Processing /home/airflow/.local/lib/python3.12/site-packages/airflow/example_dags/example_params_trigger_ui.py took 0.275 seconds
[2025-08-07T17:54:02.884+0000] {processor.py:186} INFO - Started process (PID=4309) to work on /home/airflow/.local/lib/python3.12/site-packages/airflow/example_dags/example_params_trigger_ui.py
[2025-08-07T17:54:02.890+0000] {processor.py:914} INFO - Processing file /home/airflow/.local/lib/python3.12/site-packages/airflow/example_dags/example_params_trigger_ui.py for tasks to queue
[2025-08-07T17:54:02.893+0000] {logging_mixin.py:190} INFO - [2025-08-07T17:54:02.892+0000] {dagbag.py:588} INFO - Filling up the DagBag from /home/airflow/.local/lib/python3.12/site-packages/airflow/example_dags/example_params_trigger_ui.py
[2025-08-07T17:54:02.932+0000] {processor.py:925} INFO - DAG(s) 'example_params_trigger_ui' retrieved from /home/airflow/.local/lib/python3.12/site-packages/airflow/example_dags/example_params_trigger_ui.py
[2025-08-07T17:54:03.050+0000] {logging_mixin.py:190} INFO - [2025-08-07T17:54:03.050+0000] {dag.py:3239} INFO - Sync 1 DAGs
[2025-08-07T17:54:03.084+0000] {logging_mixin.py:190} INFO - [2025-08-07T17:54:03.083+0000] {dag.py:4180} INFO - Setting next_dagrun for example_params_trigger_ui to None, run_after=None
[2025-08-07T17:54:03.130+0000] {processor.py:208} INFO - Processing /home/airflow/.local/lib/python3.12/site-packages/airflow/example_dags/example_params_trigger_ui.py took 0.260 seconds
[2025-08-07T17:54:34.585+0000] {processor.py:186} INFO - Started process (PID=4375) to work on /home/airflow/.local/lib/python3.12/site-packages/airflow/example_dags/example_params_trigger_ui.py
[2025-08-07T17:54:34.586+0000] {processor.py:914} INFO - Processing file /home/airflow/.local/lib/python3.12/site-packages/airflow/example_dags/example_params_trigger_ui.py for tasks to queue
[2025-08-07T17:54:34.592+0000] {logging_mixin.py:190} INFO - [2025-08-07T17:54:34.592+0000] {dagbag.py:588} INFO - Filling up the DagBag from /home/airflow/.local/lib/python3.12/site-packages/airflow/example_dags/example_params_trigger_ui.py
[2025-08-07T17:54:34.616+0000] {processor.py:925} INFO - DAG(s) 'example_params_trigger_ui' retrieved from /home/airflow/.local/lib/python3.12/site-packages/airflow/example_dags/example_params_trigger_ui.py
[2025-08-07T17:54:34.812+0000] {logging_mixin.py:190} INFO - [2025-08-07T17:54:34.811+0000] {dag.py:3239} INFO - Sync 1 DAGs
[2025-08-07T17:54:34.844+0000] {logging_mixin.py:190} INFO - [2025-08-07T17:54:34.843+0000] {dag.py:4180} INFO - Setting next_dagrun for example_params_trigger_ui to None, run_after=None
[2025-08-07T17:54:34.892+0000] {processor.py:208} INFO - Processing /home/airflow/.local/lib/python3.12/site-packages/airflow/example_dags/example_params_trigger_ui.py took 0.319 seconds
[2025-08-07T17:55:07.872+0000] {processor.py:186} INFO - Started process (PID=4445) to work on /home/airflow/.local/lib/python3.12/site-packages/airflow/example_dags/example_params_trigger_ui.py
[2025-08-07T17:55:07.874+0000] {processor.py:914} INFO - Processing file /home/airflow/.local/lib/python3.12/site-packages/airflow/example_dags/example_params_trigger_ui.py for tasks to queue
[2025-08-07T17:55:07.875+0000] {logging_mixin.py:190} INFO - [2025-08-07T17:55:07.875+0000] {dagbag.py:588} INFO - Filling up the DagBag from /home/airflow/.local/lib/python3.12/site-packages/airflow/example_dags/example_params_trigger_ui.py
[2025-08-07T17:55:07.915+0000] {processor.py:925} INFO - DAG(s) 'example_params_trigger_ui' retrieved from /home/airflow/.local/lib/python3.12/site-packages/airflow/example_dags/example_params_trigger_ui.py
[2025-08-07T17:55:08.051+0000] {logging_mixin.py:190} INFO - [2025-08-07T17:55:08.046+0000] {dag.py:3239} INFO - Sync 1 DAGs
[2025-08-07T17:55:08.085+0000] {logging_mixin.py:190} INFO - [2025-08-07T17:55:08.085+0000] {dag.py:4180} INFO - Setting next_dagrun for example_params_trigger_ui to None, run_after=None
[2025-08-07T17:55:08.145+0000] {processor.py:208} INFO - Processing /home/airflow/.local/lib/python3.12/site-packages/airflow/example_dags/example_params_trigger_ui.py took 0.290 seconds
