[2025-08-07T00:26:22.997+0000] {processor.py:186} INFO - Started process (PID=1040) to work on /home/airflow/.local/lib/python3.12/site-packages/airflow/example_dags/example_short_circuit_decorator.py
[2025-08-07T00:26:23.000+0000] {processor.py:914} INFO - Processing file /home/airflow/.local/lib/python3.12/site-packages/airflow/example_dags/example_short_circuit_decorator.py for tasks to queue
[2025-08-07T00:26:23.005+0000] {logging_mixin.py:190} INFO - [2025-08-07T00:26:23.003+0000] {dagbag.py:588} INFO - Filling up the DagBag from /home/airflow/.local/lib/python3.12/site-packages/airflow/example_dags/example_short_circuit_decorator.py
[2025-08-07T00:26:23.029+0000] {processor.py:925} INFO - DAG(s) 'example_short_circuit_decorator' retrieved from /home/airflow/.local/lib/python3.12/site-packages/airflow/example_dags/example_short_circuit_decorator.py
[2025-08-07T00:26:23.075+0000] {logging_mixin.py:190} INFO - [2025-08-07T00:26:23.075+0000] {dag.py:3239} INFO - Sync 1 DAGs
[2025-08-07T00:26:23.104+0000] {logging_mixin.py:190} INFO - [2025-08-07T00:26:23.104+0000] {dag.py:4180} INFO - Setting next_dagrun for example_short_circuit_decorator to None, run_after=None
[2025-08-07T00:26:23.140+0000] {processor.py:208} INFO - Processing /home/airflow/.local/lib/python3.12/site-packages/airflow/example_dags/example_short_circuit_decorator.py took 0.152 seconds
[2025-08-07T11:29:44.896+0000] {processor.py:186} INFO - Started process (PID=1128) to work on /home/airflow/.local/lib/python3.12/site-packages/airflow/example_dags/example_short_circuit_decorator.py
[2025-08-07T11:29:44.898+0000] {processor.py:914} INFO - Processing file /home/airflow/.local/lib/python3.12/site-packages/airflow/example_dags/example_short_circuit_decorator.py for tasks to queue
[2025-08-07T11:29:44.899+0000] {logging_mixin.py:190} INFO - [2025-08-07T11:29:44.899+0000] {dagbag.py:588} INFO - Filling up the DagBag from /home/airflow/.local/lib/python3.12/site-packages/airflow/example_dags/example_short_circuit_decorator.py
[2025-08-07T11:29:44.911+0000] {processor.py:925} INFO - DAG(s) 'example_short_circuit_decorator' retrieved from /home/airflow/.local/lib/python3.12/site-packages/airflow/example_dags/example_short_circuit_decorator.py
[2025-08-07T11:29:44.937+0000] {logging_mixin.py:190} INFO - [2025-08-07T11:29:44.937+0000] {dag.py:3239} INFO - Sync 1 DAGs
[2025-08-07T11:29:44.956+0000] {logging_mixin.py:190} INFO - [2025-08-07T11:29:44.956+0000] {dag.py:4180} INFO - Setting next_dagrun for example_short_circuit_decorator to None, run_after=None
[2025-08-07T11:29:44.979+0000] {processor.py:208} INFO - Processing /home/airflow/.local/lib/python3.12/site-packages/airflow/example_dags/example_short_circuit_decorator.py took 0.089 seconds
[2025-08-07T17:21:46.665+0000] {processor.py:186} INFO - Started process (PID=1206) to work on /home/airflow/.local/lib/python3.12/site-packages/airflow/example_dags/example_short_circuit_decorator.py
[2025-08-07T17:21:46.667+0000] {processor.py:914} INFO - Processing file /home/airflow/.local/lib/python3.12/site-packages/airflow/example_dags/example_short_circuit_decorator.py for tasks to queue
[2025-08-07T17:21:46.671+0000] {logging_mixin.py:190} INFO - [2025-08-07T17:21:46.669+0000] {dagbag.py:588} INFO - Filling up the DagBag from /home/airflow/.local/lib/python3.12/site-packages/airflow/example_dags/example_short_circuit_decorator.py
[2025-08-07T17:21:46.689+0000] {processor.py:925} INFO - DAG(s) 'example_short_circuit_decorator' retrieved from /home/airflow/.local/lib/python3.12/site-packages/airflow/example_dags/example_short_circuit_decorator.py
[2025-08-07T17:21:46.738+0000] {logging_mixin.py:190} INFO - [2025-08-07T17:21:46.738+0000] {dag.py:3239} INFO - Sync 1 DAGs
[2025-08-07T17:21:46.772+0000] {logging_mixin.py:190} INFO - [2025-08-07T17:21:46.771+0000] {dag.py:4180} INFO - Setting next_dagrun for example_short_circuit_decorator to None, run_after=None
[2025-08-07T17:21:46.815+0000] {processor.py:208} INFO - Processing /home/airflow/.local/lib/python3.12/site-packages/airflow/example_dags/example_short_circuit_decorator.py took 0.158 seconds
[2025-08-07T17:22:17.055+0000] {processor.py:186} INFO - Started process (PID=1272) to work on /home/airflow/.local/lib/python3.12/site-packages/airflow/example_dags/example_short_circuit_decorator.py
[2025-08-07T17:22:17.057+0000] {processor.py:914} INFO - Processing file /home/airflow/.local/lib/python3.12/site-packages/airflow/example_dags/example_short_circuit_decorator.py for tasks to queue
[2025-08-07T17:22:17.059+0000] {logging_mixin.py:190} INFO - [2025-08-07T17:22:17.059+0000] {dagbag.py:588} INFO - Filling up the DagBag from /home/airflow/.local/lib/python3.12/site-packages/airflow/example_dags/example_short_circuit_decorator.py
[2025-08-07T17:22:17.077+0000] {processor.py:925} INFO - DAG(s) 'example_short_circuit_decorator' retrieved from /home/airflow/.local/lib/python3.12/site-packages/airflow/example_dags/example_short_circuit_decorator.py
[2025-08-07T17:22:17.105+0000] {logging_mixin.py:190} INFO - [2025-08-07T17:22:17.105+0000] {dag.py:3239} INFO - Sync 1 DAGs
[2025-08-07T17:22:17.126+0000] {logging_mixin.py:190} INFO - [2025-08-07T17:22:17.125+0000] {dag.py:4180} INFO - Setting next_dagrun for example_short_circuit_decorator to None, run_after=None
[2025-08-07T17:22:17.155+0000] {processor.py:208} INFO - Processing /home/airflow/.local/lib/python3.12/site-packages/airflow/example_dags/example_short_circuit_decorator.py took 0.109 seconds
[2025-08-07T17:22:48.521+0000] {processor.py:186} INFO - Started process (PID=1338) to work on /home/airflow/.local/lib/python3.12/site-packages/airflow/example_dags/example_short_circuit_decorator.py
[2025-08-07T17:22:48.522+0000] {processor.py:914} INFO - Processing file /home/airflow/.local/lib/python3.12/site-packages/airflow/example_dags/example_short_circuit_decorator.py for tasks to queue
[2025-08-07T17:22:48.524+0000] {logging_mixin.py:190} INFO - [2025-08-07T17:22:48.524+0000] {dagbag.py:588} INFO - Filling up the DagBag from /home/airflow/.local/lib/python3.12/site-packages/airflow/example_dags/example_short_circuit_decorator.py
[2025-08-07T17:22:48.549+0000] {processor.py:925} INFO - DAG(s) 'example_short_circuit_decorator' retrieved from /home/airflow/.local/lib/python3.12/site-packages/airflow/example_dags/example_short_circuit_decorator.py
[2025-08-07T17:22:48.581+0000] {logging_mixin.py:190} INFO - [2025-08-07T17:22:48.581+0000] {dag.py:3239} INFO - Sync 1 DAGs
[2025-08-07T17:22:48.602+0000] {logging_mixin.py:190} INFO - [2025-08-07T17:22:48.601+0000] {dag.py:4180} INFO - Setting next_dagrun for example_short_circuit_decorator to None, run_after=None
[2025-08-07T17:22:48.627+0000] {processor.py:208} INFO - Processing /home/airflow/.local/lib/python3.12/site-packages/airflow/example_dags/example_short_circuit_decorator.py took 0.112 seconds
[2025-08-07T17:23:18.091+0000] {processor.py:186} INFO - Started process (PID=1502) to work on /home/airflow/.local/lib/python3.12/site-packages/airflow/example_dags/example_short_circuit_decorator.py
[2025-08-07T17:23:18.093+0000] {processor.py:914} INFO - Processing file /home/airflow/.local/lib/python3.12/site-packages/airflow/example_dags/example_short_circuit_decorator.py for tasks to queue
[2025-08-07T17:23:18.094+0000] {logging_mixin.py:190} INFO - [2025-08-07T17:23:18.094+0000] {dagbag.py:588} INFO - Filling up the DagBag from /home/airflow/.local/lib/python3.12/site-packages/airflow/example_dags/example_short_circuit_decorator.py
[2025-08-07T17:23:18.106+0000] {processor.py:925} INFO - DAG(s) 'example_short_circuit_decorator' retrieved from /home/airflow/.local/lib/python3.12/site-packages/airflow/example_dags/example_short_circuit_decorator.py
[2025-08-07T17:23:18.135+0000] {logging_mixin.py:190} INFO - [2025-08-07T17:23:18.135+0000] {dag.py:3239} INFO - Sync 1 DAGs
[2025-08-07T17:23:18.151+0000] {logging_mixin.py:190} INFO - [2025-08-07T17:23:18.151+0000] {dag.py:4180} INFO - Setting next_dagrun for example_short_circuit_decorator to None, run_after=None
[2025-08-07T17:23:18.176+0000] {processor.py:208} INFO - Processing /home/airflow/.local/lib/python3.12/site-packages/airflow/example_dags/example_short_circuit_decorator.py took 0.091 seconds
[2025-08-07T17:23:47.809+0000] {processor.py:186} INFO - Started process (PID=1566) to work on /home/airflow/.local/lib/python3.12/site-packages/airflow/example_dags/example_short_circuit_decorator.py
[2025-08-07T17:23:47.811+0000] {processor.py:914} INFO - Processing file /home/airflow/.local/lib/python3.12/site-packages/airflow/example_dags/example_short_circuit_decorator.py for tasks to queue
[2025-08-07T17:23:47.813+0000] {logging_mixin.py:190} INFO - [2025-08-07T17:23:47.813+0000] {dagbag.py:588} INFO - Filling up the DagBag from /home/airflow/.local/lib/python3.12/site-packages/airflow/example_dags/example_short_circuit_decorator.py
[2025-08-07T17:23:47.824+0000] {processor.py:925} INFO - DAG(s) 'example_short_circuit_decorator' retrieved from /home/airflow/.local/lib/python3.12/site-packages/airflow/example_dags/example_short_circuit_decorator.py
[2025-08-07T17:23:47.854+0000] {logging_mixin.py:190} INFO - [2025-08-07T17:23:47.854+0000] {dag.py:3239} INFO - Sync 1 DAGs
[2025-08-07T17:23:47.871+0000] {logging_mixin.py:190} INFO - [2025-08-07T17:23:47.871+0000] {dag.py:4180} INFO - Setting next_dagrun for example_short_circuit_decorator to None, run_after=None
[2025-08-07T17:23:47.898+0000] {processor.py:208} INFO - Processing /home/airflow/.local/lib/python3.12/site-packages/airflow/example_dags/example_short_circuit_decorator.py took 0.094 seconds
[2025-08-07T17:24:03.444+0000] {processor.py:186} INFO - Started process (PID=1626) to work on /home/airflow/.local/lib/python3.12/site-packages/airflow/example_dags/example_short_circuit_decorator.py
[2025-08-07T17:24:03.445+0000] {processor.py:914} INFO - Processing file /home/airflow/.local/lib/python3.12/site-packages/airflow/example_dags/example_short_circuit_decorator.py for tasks to queue
[2025-08-07T17:24:03.446+0000] {logging_mixin.py:190} INFO - [2025-08-07T17:24:03.446+0000] {dagbag.py:588} INFO - Filling up the DagBag from /home/airflow/.local/lib/python3.12/site-packages/airflow/example_dags/example_short_circuit_decorator.py
[2025-08-07T17:24:03.457+0000] {processor.py:925} INFO - DAG(s) 'example_short_circuit_decorator' retrieved from /home/airflow/.local/lib/python3.12/site-packages/airflow/example_dags/example_short_circuit_decorator.py
[2025-08-07T17:24:03.484+0000] {logging_mixin.py:190} INFO - [2025-08-07T17:24:03.484+0000] {dag.py:3239} INFO - Sync 1 DAGs
[2025-08-07T17:24:03.503+0000] {logging_mixin.py:190} INFO - [2025-08-07T17:24:03.502+0000] {dag.py:4180} INFO - Setting next_dagrun for example_short_circuit_decorator to None, run_after=None
[2025-08-07T17:24:03.529+0000] {processor.py:208} INFO - Processing /home/airflow/.local/lib/python3.12/site-packages/airflow/example_dags/example_short_circuit_decorator.py took 0.091 seconds
[2025-08-07T17:24:16.435+0000] {processor.py:186} INFO - Started process (PID=1691) to work on /home/airflow/.local/lib/python3.12/site-packages/airflow/example_dags/example_short_circuit_decorator.py
[2025-08-07T17:24:16.436+0000] {processor.py:914} INFO - Processing file /home/airflow/.local/lib/python3.12/site-packages/airflow/example_dags/example_short_circuit_decorator.py for tasks to queue
[2025-08-07T17:24:16.438+0000] {logging_mixin.py:190} INFO - [2025-08-07T17:24:16.437+0000] {dagbag.py:588} INFO - Filling up the DagBag from /home/airflow/.local/lib/python3.12/site-packages/airflow/example_dags/example_short_circuit_decorator.py
[2025-08-07T17:24:16.447+0000] {processor.py:925} INFO - DAG(s) 'example_short_circuit_decorator' retrieved from /home/airflow/.local/lib/python3.12/site-packages/airflow/example_dags/example_short_circuit_decorator.py
[2025-08-07T17:24:16.472+0000] {logging_mixin.py:190} INFO - [2025-08-07T17:24:16.472+0000] {dag.py:3239} INFO - Sync 1 DAGs
[2025-08-07T17:24:16.490+0000] {logging_mixin.py:190} INFO - [2025-08-07T17:24:16.490+0000] {dag.py:4180} INFO - Setting next_dagrun for example_short_circuit_decorator to None, run_after=None
[2025-08-07T17:24:16.514+0000] {processor.py:208} INFO - Processing /home/airflow/.local/lib/python3.12/site-packages/airflow/example_dags/example_short_circuit_decorator.py took 0.085 seconds
[2025-08-07T17:24:47.952+0000] {processor.py:186} INFO - Started process (PID=1760) to work on /home/airflow/.local/lib/python3.12/site-packages/airflow/example_dags/example_short_circuit_decorator.py
[2025-08-07T17:24:47.953+0000] {processor.py:914} INFO - Processing file /home/airflow/.local/lib/python3.12/site-packages/airflow/example_dags/example_short_circuit_decorator.py for tasks to queue
[2025-08-07T17:24:47.955+0000] {logging_mixin.py:190} INFO - [2025-08-07T17:24:47.954+0000] {dagbag.py:588} INFO - Filling up the DagBag from /home/airflow/.local/lib/python3.12/site-packages/airflow/example_dags/example_short_circuit_decorator.py
[2025-08-07T17:24:47.966+0000] {processor.py:925} INFO - DAG(s) 'example_short_circuit_decorator' retrieved from /home/airflow/.local/lib/python3.12/site-packages/airflow/example_dags/example_short_circuit_decorator.py
[2025-08-07T17:24:47.996+0000] {logging_mixin.py:190} INFO - [2025-08-07T17:24:47.996+0000] {dag.py:3239} INFO - Sync 1 DAGs
[2025-08-07T17:24:48.017+0000] {logging_mixin.py:190} INFO - [2025-08-07T17:24:48.016+0000] {dag.py:4180} INFO - Setting next_dagrun for example_short_circuit_decorator to None, run_after=None
[2025-08-07T17:24:48.044+0000] {processor.py:208} INFO - Processing /home/airflow/.local/lib/python3.12/site-packages/airflow/example_dags/example_short_circuit_decorator.py took 0.098 seconds
[2025-08-07T17:25:03.495+0000] {processor.py:186} INFO - Started process (PID=1819) to work on /home/airflow/.local/lib/python3.12/site-packages/airflow/example_dags/example_short_circuit_decorator.py
[2025-08-07T17:25:03.497+0000] {processor.py:914} INFO - Processing file /home/airflow/.local/lib/python3.12/site-packages/airflow/example_dags/example_short_circuit_decorator.py for tasks to queue
[2025-08-07T17:25:03.498+0000] {logging_mixin.py:190} INFO - [2025-08-07T17:25:03.498+0000] {dagbag.py:588} INFO - Filling up the DagBag from /home/airflow/.local/lib/python3.12/site-packages/airflow/example_dags/example_short_circuit_decorator.py
[2025-08-07T17:25:03.513+0000] {processor.py:925} INFO - DAG(s) 'example_short_circuit_decorator' retrieved from /home/airflow/.local/lib/python3.12/site-packages/airflow/example_dags/example_short_circuit_decorator.py
[2025-08-07T17:25:03.541+0000] {logging_mixin.py:190} INFO - [2025-08-07T17:25:03.540+0000] {dag.py:3239} INFO - Sync 1 DAGs
[2025-08-07T17:25:03.559+0000] {logging_mixin.py:190} INFO - [2025-08-07T17:25:03.558+0000] {dag.py:4180} INFO - Setting next_dagrun for example_short_circuit_decorator to None, run_after=None
[2025-08-07T17:25:03.588+0000] {processor.py:208} INFO - Processing /home/airflow/.local/lib/python3.12/site-packages/airflow/example_dags/example_short_circuit_decorator.py took 0.099 seconds
[2025-08-07T17:25:16.878+0000] {processor.py:186} INFO - Started process (PID=1881) to work on /home/airflow/.local/lib/python3.12/site-packages/airflow/example_dags/example_short_circuit_decorator.py
[2025-08-07T17:25:16.880+0000] {processor.py:914} INFO - Processing file /home/airflow/.local/lib/python3.12/site-packages/airflow/example_dags/example_short_circuit_decorator.py for tasks to queue
[2025-08-07T17:25:16.881+0000] {logging_mixin.py:190} INFO - [2025-08-07T17:25:16.881+0000] {dagbag.py:588} INFO - Filling up the DagBag from /home/airflow/.local/lib/python3.12/site-packages/airflow/example_dags/example_short_circuit_decorator.py
[2025-08-07T17:25:16.891+0000] {processor.py:925} INFO - DAG(s) 'example_short_circuit_decorator' retrieved from /home/airflow/.local/lib/python3.12/site-packages/airflow/example_dags/example_short_circuit_decorator.py
[2025-08-07T17:25:16.917+0000] {logging_mixin.py:190} INFO - [2025-08-07T17:25:16.917+0000] {dag.py:3239} INFO - Sync 1 DAGs
[2025-08-07T17:25:16.937+0000] {logging_mixin.py:190} INFO - [2025-08-07T17:25:16.937+0000] {dag.py:4180} INFO - Setting next_dagrun for example_short_circuit_decorator to None, run_after=None
[2025-08-07T17:25:16.963+0000] {processor.py:208} INFO - Processing /home/airflow/.local/lib/python3.12/site-packages/airflow/example_dags/example_short_circuit_decorator.py took 0.091 seconds
[2025-08-07T17:25:46.198+0000] {processor.py:186} INFO - Started process (PID=1946) to work on /home/airflow/.local/lib/python3.12/site-packages/airflow/example_dags/example_short_circuit_decorator.py
[2025-08-07T17:25:46.200+0000] {processor.py:914} INFO - Processing file /home/airflow/.local/lib/python3.12/site-packages/airflow/example_dags/example_short_circuit_decorator.py for tasks to queue
[2025-08-07T17:25:46.201+0000] {logging_mixin.py:190} INFO - [2025-08-07T17:25:46.201+0000] {dagbag.py:588} INFO - Filling up the DagBag from /home/airflow/.local/lib/python3.12/site-packages/airflow/example_dags/example_short_circuit_decorator.py
[2025-08-07T17:25:46.218+0000] {processor.py:925} INFO - DAG(s) 'example_short_circuit_decorator' retrieved from /home/airflow/.local/lib/python3.12/site-packages/airflow/example_dags/example_short_circuit_decorator.py
[2025-08-07T17:25:46.253+0000] {logging_mixin.py:190} INFO - [2025-08-07T17:25:46.253+0000] {dag.py:3239} INFO - Sync 1 DAGs
[2025-08-07T17:25:46.273+0000] {logging_mixin.py:190} INFO - [2025-08-07T17:25:46.272+0000] {dag.py:4180} INFO - Setting next_dagrun for example_short_circuit_decorator to None, run_after=None
[2025-08-07T17:25:46.302+0000] {processor.py:208} INFO - Processing /home/airflow/.local/lib/python3.12/site-packages/airflow/example_dags/example_short_circuit_decorator.py took 0.112 seconds
[2025-08-07T17:26:17.275+0000] {processor.py:186} INFO - Started process (PID=2010) to work on /home/airflow/.local/lib/python3.12/site-packages/airflow/example_dags/example_short_circuit_decorator.py
[2025-08-07T17:26:17.277+0000] {processor.py:914} INFO - Processing file /home/airflow/.local/lib/python3.12/site-packages/airflow/example_dags/example_short_circuit_decorator.py for tasks to queue
[2025-08-07T17:26:17.279+0000] {logging_mixin.py:190} INFO - [2025-08-07T17:26:17.279+0000] {dagbag.py:588} INFO - Filling up the DagBag from /home/airflow/.local/lib/python3.12/site-packages/airflow/example_dags/example_short_circuit_decorator.py
[2025-08-07T17:26:17.292+0000] {processor.py:925} INFO - DAG(s) 'example_short_circuit_decorator' retrieved from /home/airflow/.local/lib/python3.12/site-packages/airflow/example_dags/example_short_circuit_decorator.py
[2025-08-07T17:26:17.319+0000] {logging_mixin.py:190} INFO - [2025-08-07T17:26:17.319+0000] {dag.py:3239} INFO - Sync 1 DAGs
[2025-08-07T17:26:17.336+0000] {logging_mixin.py:190} INFO - [2025-08-07T17:26:17.335+0000] {dag.py:4180} INFO - Setting next_dagrun for example_short_circuit_decorator to None, run_after=None
[2025-08-07T17:26:17.360+0000] {processor.py:208} INFO - Processing /home/airflow/.local/lib/python3.12/site-packages/airflow/example_dags/example_short_circuit_decorator.py took 0.092 seconds
[2025-08-07T17:26:48.544+0000] {processor.py:186} INFO - Started process (PID=2073) to work on /home/airflow/.local/lib/python3.12/site-packages/airflow/example_dags/example_short_circuit_decorator.py
[2025-08-07T17:26:48.546+0000] {processor.py:914} INFO - Processing file /home/airflow/.local/lib/python3.12/site-packages/airflow/example_dags/example_short_circuit_decorator.py for tasks to queue
[2025-08-07T17:26:48.548+0000] {logging_mixin.py:190} INFO - [2025-08-07T17:26:48.547+0000] {dagbag.py:588} INFO - Filling up the DagBag from /home/airflow/.local/lib/python3.12/site-packages/airflow/example_dags/example_short_circuit_decorator.py
[2025-08-07T17:26:48.559+0000] {processor.py:925} INFO - DAG(s) 'example_short_circuit_decorator' retrieved from /home/airflow/.local/lib/python3.12/site-packages/airflow/example_dags/example_short_circuit_decorator.py
[2025-08-07T17:26:48.587+0000] {logging_mixin.py:190} INFO - [2025-08-07T17:26:48.586+0000] {dag.py:3239} INFO - Sync 1 DAGs
[2025-08-07T17:26:48.602+0000] {logging_mixin.py:190} INFO - [2025-08-07T17:26:48.602+0000] {dag.py:4180} INFO - Setting next_dagrun for example_short_circuit_decorator to None, run_after=None
[2025-08-07T17:26:48.627+0000] {processor.py:208} INFO - Processing /home/airflow/.local/lib/python3.12/site-packages/airflow/example_dags/example_short_circuit_decorator.py took 0.089 seconds
[2025-08-07T17:26:58.631+0000] {processor.py:186} INFO - Started process (PID=2133) to work on /home/airflow/.local/lib/python3.12/site-packages/airflow/example_dags/example_short_circuit_decorator.py
[2025-08-07T17:26:58.633+0000] {processor.py:914} INFO - Processing file /home/airflow/.local/lib/python3.12/site-packages/airflow/example_dags/example_short_circuit_decorator.py for tasks to queue
[2025-08-07T17:26:58.635+0000] {logging_mixin.py:190} INFO - [2025-08-07T17:26:58.635+0000] {dagbag.py:588} INFO - Filling up the DagBag from /home/airflow/.local/lib/python3.12/site-packages/airflow/example_dags/example_short_circuit_decorator.py
[2025-08-07T17:26:58.647+0000] {processor.py:925} INFO - DAG(s) 'example_short_circuit_decorator' retrieved from /home/airflow/.local/lib/python3.12/site-packages/airflow/example_dags/example_short_circuit_decorator.py
[2025-08-07T17:26:58.676+0000] {logging_mixin.py:190} INFO - [2025-08-07T17:26:58.676+0000] {dag.py:3239} INFO - Sync 1 DAGs
[2025-08-07T17:26:58.695+0000] {logging_mixin.py:190} INFO - [2025-08-07T17:26:58.695+0000] {dag.py:4180} INFO - Setting next_dagrun for example_short_circuit_decorator to None, run_after=None
[2025-08-07T17:26:58.724+0000] {processor.py:208} INFO - Processing /home/airflow/.local/lib/python3.12/site-packages/airflow/example_dags/example_short_circuit_decorator.py took 0.101 seconds
[2025-08-07T17:27:30.243+0000] {processor.py:186} INFO - Started process (PID=2199) to work on /home/airflow/.local/lib/python3.12/site-packages/airflow/example_dags/example_short_circuit_decorator.py
[2025-08-07T17:27:30.244+0000] {processor.py:914} INFO - Processing file /home/airflow/.local/lib/python3.12/site-packages/airflow/example_dags/example_short_circuit_decorator.py for tasks to queue
[2025-08-07T17:27:30.246+0000] {logging_mixin.py:190} INFO - [2025-08-07T17:27:30.246+0000] {dagbag.py:588} INFO - Filling up the DagBag from /home/airflow/.local/lib/python3.12/site-packages/airflow/example_dags/example_short_circuit_decorator.py
[2025-08-07T17:27:30.258+0000] {processor.py:925} INFO - DAG(s) 'example_short_circuit_decorator' retrieved from /home/airflow/.local/lib/python3.12/site-packages/airflow/example_dags/example_short_circuit_decorator.py
[2025-08-07T17:27:30.287+0000] {logging_mixin.py:190} INFO - [2025-08-07T17:27:30.287+0000] {dag.py:3239} INFO - Sync 1 DAGs
[2025-08-07T17:27:30.307+0000] {logging_mixin.py:190} INFO - [2025-08-07T17:27:30.307+0000] {dag.py:4180} INFO - Setting next_dagrun for example_short_circuit_decorator to None, run_after=None
[2025-08-07T17:27:30.331+0000] {processor.py:208} INFO - Processing /home/airflow/.local/lib/python3.12/site-packages/airflow/example_dags/example_short_circuit_decorator.py took 0.095 seconds
[2025-08-07T17:27:58.821+0000] {processor.py:186} INFO - Started process (PID=2261) to work on /home/airflow/.local/lib/python3.12/site-packages/airflow/example_dags/example_short_circuit_decorator.py
[2025-08-07T17:27:58.822+0000] {processor.py:914} INFO - Processing file /home/airflow/.local/lib/python3.12/site-packages/airflow/example_dags/example_short_circuit_decorator.py for tasks to queue
[2025-08-07T17:27:58.824+0000] {logging_mixin.py:190} INFO - [2025-08-07T17:27:58.823+0000] {dagbag.py:588} INFO - Filling up the DagBag from /home/airflow/.local/lib/python3.12/site-packages/airflow/example_dags/example_short_circuit_decorator.py
[2025-08-07T17:27:58.838+0000] {processor.py:925} INFO - DAG(s) 'example_short_circuit_decorator' retrieved from /home/airflow/.local/lib/python3.12/site-packages/airflow/example_dags/example_short_circuit_decorator.py
[2025-08-07T17:27:58.865+0000] {logging_mixin.py:190} INFO - [2025-08-07T17:27:58.865+0000] {dag.py:3239} INFO - Sync 1 DAGs
[2025-08-07T17:27:58.884+0000] {logging_mixin.py:190} INFO - [2025-08-07T17:27:58.883+0000] {dag.py:4180} INFO - Setting next_dagrun for example_short_circuit_decorator to None, run_after=None
[2025-08-07T17:27:58.911+0000] {processor.py:208} INFO - Processing /home/airflow/.local/lib/python3.12/site-packages/airflow/example_dags/example_short_circuit_decorator.py took 0.097 seconds
[2025-08-07T17:28:29.801+0000] {processor.py:186} INFO - Started process (PID=2325) to work on /home/airflow/.local/lib/python3.12/site-packages/airflow/example_dags/example_short_circuit_decorator.py
[2025-08-07T17:28:29.803+0000] {processor.py:914} INFO - Processing file /home/airflow/.local/lib/python3.12/site-packages/airflow/example_dags/example_short_circuit_decorator.py for tasks to queue
[2025-08-07T17:28:29.804+0000] {logging_mixin.py:190} INFO - [2025-08-07T17:28:29.804+0000] {dagbag.py:588} INFO - Filling up the DagBag from /home/airflow/.local/lib/python3.12/site-packages/airflow/example_dags/example_short_circuit_decorator.py
[2025-08-07T17:28:29.815+0000] {processor.py:925} INFO - DAG(s) 'example_short_circuit_decorator' retrieved from /home/airflow/.local/lib/python3.12/site-packages/airflow/example_dags/example_short_circuit_decorator.py
[2025-08-07T17:28:29.846+0000] {logging_mixin.py:190} INFO - [2025-08-07T17:28:29.845+0000] {dag.py:3239} INFO - Sync 1 DAGs
[2025-08-07T17:28:29.863+0000] {logging_mixin.py:190} INFO - [2025-08-07T17:28:29.863+0000] {dag.py:4180} INFO - Setting next_dagrun for example_short_circuit_decorator to None, run_after=None
[2025-08-07T17:28:29.890+0000] {processor.py:208} INFO - Processing /home/airflow/.local/lib/python3.12/site-packages/airflow/example_dags/example_short_circuit_decorator.py took 0.094 seconds
[2025-08-07T17:28:40.519+0000] {processor.py:186} INFO - Started process (PID=2390) to work on /home/airflow/.local/lib/python3.12/site-packages/airflow/example_dags/example_short_circuit_decorator.py
[2025-08-07T17:28:40.520+0000] {processor.py:914} INFO - Processing file /home/airflow/.local/lib/python3.12/site-packages/airflow/example_dags/example_short_circuit_decorator.py for tasks to queue
[2025-08-07T17:28:40.522+0000] {logging_mixin.py:190} INFO - [2025-08-07T17:28:40.522+0000] {dagbag.py:588} INFO - Filling up the DagBag from /home/airflow/.local/lib/python3.12/site-packages/airflow/example_dags/example_short_circuit_decorator.py
[2025-08-07T17:28:40.538+0000] {processor.py:925} INFO - DAG(s) 'example_short_circuit_decorator' retrieved from /home/airflow/.local/lib/python3.12/site-packages/airflow/example_dags/example_short_circuit_decorator.py
[2025-08-07T17:28:40.574+0000] {logging_mixin.py:190} INFO - [2025-08-07T17:28:40.572+0000] {dag.py:3239} INFO - Sync 1 DAGs
[2025-08-07T17:28:40.601+0000] {logging_mixin.py:190} INFO - [2025-08-07T17:28:40.600+0000] {dag.py:4180} INFO - Setting next_dagrun for example_short_circuit_decorator to None, run_after=None
[2025-08-07T17:28:40.636+0000] {processor.py:208} INFO - Processing /home/airflow/.local/lib/python3.12/site-packages/airflow/example_dags/example_short_circuit_decorator.py took 0.126 seconds
[2025-08-07T17:29:11.699+0000] {processor.py:186} INFO - Started process (PID=2456) to work on /home/airflow/.local/lib/python3.12/site-packages/airflow/example_dags/example_short_circuit_decorator.py
[2025-08-07T17:29:11.701+0000] {processor.py:914} INFO - Processing file /home/airflow/.local/lib/python3.12/site-packages/airflow/example_dags/example_short_circuit_decorator.py for tasks to queue
[2025-08-07T17:29:11.704+0000] {logging_mixin.py:190} INFO - [2025-08-07T17:29:11.703+0000] {dagbag.py:588} INFO - Filling up the DagBag from /home/airflow/.local/lib/python3.12/site-packages/airflow/example_dags/example_short_circuit_decorator.py
[2025-08-07T17:29:11.714+0000] {processor.py:925} INFO - DAG(s) 'example_short_circuit_decorator' retrieved from /home/airflow/.local/lib/python3.12/site-packages/airflow/example_dags/example_short_circuit_decorator.py
[2025-08-07T17:29:11.740+0000] {logging_mixin.py:190} INFO - [2025-08-07T17:29:11.740+0000] {dag.py:3239} INFO - Sync 1 DAGs
[2025-08-07T17:29:11.758+0000] {logging_mixin.py:190} INFO - [2025-08-07T17:29:11.758+0000] {dag.py:4180} INFO - Setting next_dagrun for example_short_circuit_decorator to None, run_after=None
[2025-08-07T17:29:11.784+0000] {processor.py:208} INFO - Processing /home/airflow/.local/lib/python3.12/site-packages/airflow/example_dags/example_short_circuit_decorator.py took 0.093 seconds
[2025-08-07T17:29:19.175+0000] {processor.py:186} INFO - Started process (PID=2514) to work on /home/airflow/.local/lib/python3.12/site-packages/airflow/example_dags/example_short_circuit_decorator.py
[2025-08-07T17:29:19.177+0000] {processor.py:914} INFO - Processing file /home/airflow/.local/lib/python3.12/site-packages/airflow/example_dags/example_short_circuit_decorator.py for tasks to queue
[2025-08-07T17:29:19.178+0000] {logging_mixin.py:190} INFO - [2025-08-07T17:29:19.178+0000] {dagbag.py:588} INFO - Filling up the DagBag from /home/airflow/.local/lib/python3.12/site-packages/airflow/example_dags/example_short_circuit_decorator.py
[2025-08-07T17:29:19.193+0000] {processor.py:925} INFO - DAG(s) 'example_short_circuit_decorator' retrieved from /home/airflow/.local/lib/python3.12/site-packages/airflow/example_dags/example_short_circuit_decorator.py
[2025-08-07T17:29:19.224+0000] {logging_mixin.py:190} INFO - [2025-08-07T17:29:19.224+0000] {dag.py:3239} INFO - Sync 1 DAGs
[2025-08-07T17:29:19.250+0000] {logging_mixin.py:190} INFO - [2025-08-07T17:29:19.250+0000] {dag.py:4180} INFO - Setting next_dagrun for example_short_circuit_decorator to None, run_after=None
[2025-08-07T17:29:19.284+0000] {processor.py:208} INFO - Processing /home/airflow/.local/lib/python3.12/site-packages/airflow/example_dags/example_short_circuit_decorator.py took 0.116 seconds
[2025-08-07T17:29:50.526+0000] {processor.py:186} INFO - Started process (PID=2578) to work on /home/airflow/.local/lib/python3.12/site-packages/airflow/example_dags/example_short_circuit_decorator.py
[2025-08-07T17:29:50.528+0000] {processor.py:914} INFO - Processing file /home/airflow/.local/lib/python3.12/site-packages/airflow/example_dags/example_short_circuit_decorator.py for tasks to queue
[2025-08-07T17:29:50.531+0000] {logging_mixin.py:190} INFO - [2025-08-07T17:29:50.530+0000] {dagbag.py:588} INFO - Filling up the DagBag from /home/airflow/.local/lib/python3.12/site-packages/airflow/example_dags/example_short_circuit_decorator.py
[2025-08-07T17:29:50.546+0000] {processor.py:925} INFO - DAG(s) 'example_short_circuit_decorator' retrieved from /home/airflow/.local/lib/python3.12/site-packages/airflow/example_dags/example_short_circuit_decorator.py
[2025-08-07T17:29:50.580+0000] {logging_mixin.py:190} INFO - [2025-08-07T17:29:50.579+0000] {dag.py:3239} INFO - Sync 1 DAGs
[2025-08-07T17:29:50.607+0000] {logging_mixin.py:190} INFO - [2025-08-07T17:29:50.606+0000] {dag.py:4180} INFO - Setting next_dagrun for example_short_circuit_decorator to None, run_after=None
[2025-08-07T17:29:50.638+0000] {processor.py:208} INFO - Processing /home/airflow/.local/lib/python3.12/site-packages/airflow/example_dags/example_short_circuit_decorator.py took 0.119 seconds
[2025-08-07T17:30:22.097+0000] {processor.py:186} INFO - Started process (PID=2642) to work on /home/airflow/.local/lib/python3.12/site-packages/airflow/example_dags/example_short_circuit_decorator.py
[2025-08-07T17:30:22.098+0000] {processor.py:914} INFO - Processing file /home/airflow/.local/lib/python3.12/site-packages/airflow/example_dags/example_short_circuit_decorator.py for tasks to queue
[2025-08-07T17:30:22.100+0000] {logging_mixin.py:190} INFO - [2025-08-07T17:30:22.099+0000] {dagbag.py:588} INFO - Filling up the DagBag from /home/airflow/.local/lib/python3.12/site-packages/airflow/example_dags/example_short_circuit_decorator.py
[2025-08-07T17:30:22.111+0000] {processor.py:925} INFO - DAG(s) 'example_short_circuit_decorator' retrieved from /home/airflow/.local/lib/python3.12/site-packages/airflow/example_dags/example_short_circuit_decorator.py
[2025-08-07T17:30:22.143+0000] {logging_mixin.py:190} INFO - [2025-08-07T17:30:22.143+0000] {dag.py:3239} INFO - Sync 1 DAGs
[2025-08-07T17:30:22.164+0000] {logging_mixin.py:190} INFO - [2025-08-07T17:30:22.163+0000] {dag.py:4180} INFO - Setting next_dagrun for example_short_circuit_decorator to None, run_after=None
[2025-08-07T17:30:22.193+0000] {processor.py:208} INFO - Processing /home/airflow/.local/lib/python3.12/site-packages/airflow/example_dags/example_short_circuit_decorator.py took 0.103 seconds
[2025-08-07T17:42:40.584+0000] {processor.py:186} INFO - Started process (PID=2720) to work on /home/airflow/.local/lib/python3.12/site-packages/airflow/example_dags/example_short_circuit_decorator.py
[2025-08-07T17:42:40.588+0000] {processor.py:914} INFO - Processing file /home/airflow/.local/lib/python3.12/site-packages/airflow/example_dags/example_short_circuit_decorator.py for tasks to queue
[2025-08-07T17:42:40.590+0000] {logging_mixin.py:190} INFO - [2025-08-07T17:42:40.590+0000] {dagbag.py:588} INFO - Filling up the DagBag from /home/airflow/.local/lib/python3.12/site-packages/airflow/example_dags/example_short_circuit_decorator.py
[2025-08-07T17:42:40.603+0000] {processor.py:925} INFO - DAG(s) 'example_short_circuit_decorator' retrieved from /home/airflow/.local/lib/python3.12/site-packages/airflow/example_dags/example_short_circuit_decorator.py
[2025-08-07T17:42:40.649+0000] {logging_mixin.py:190} INFO - [2025-08-07T17:42:40.645+0000] {dag.py:3239} INFO - Sync 1 DAGs
[2025-08-07T17:42:40.674+0000] {logging_mixin.py:190} INFO - [2025-08-07T17:42:40.673+0000] {dag.py:4180} INFO - Setting next_dagrun for example_short_circuit_decorator to None, run_after=None
[2025-08-07T17:43:54.274+0000] {processor.py:208} INFO - Processing /home/airflow/.local/lib/python3.12/site-packages/airflow/example_dags/example_short_circuit_decorator.py took 0.141 seconds
[2025-08-07T17:43:30.253+0000] {processor.py:186} INFO - Started process (PID=2850) to work on /home/airflow/.local/lib/python3.12/site-packages/airflow/example_dags/example_short_circuit_decorator.py
[2025-08-07T17:43:30.254+0000] {processor.py:914} INFO - Processing file /home/airflow/.local/lib/python3.12/site-packages/airflow/example_dags/example_short_circuit_decorator.py for tasks to queue
[2025-08-07T17:43:30.268+0000] {logging_mixin.py:190} INFO - [2025-08-07T17:43:30.268+0000] {dagbag.py:588} INFO - Filling up the DagBag from /home/airflow/.local/lib/python3.12/site-packages/airflow/example_dags/example_short_circuit_decorator.py
[2025-08-07T17:43:30.294+0000] {processor.py:925} INFO - DAG(s) 'example_short_circuit_decorator' retrieved from /home/airflow/.local/lib/python3.12/site-packages/airflow/example_dags/example_short_circuit_decorator.py
[2025-08-07T17:43:31.010+0000] {logging_mixin.py:190} INFO - [2025-08-07T17:43:31.010+0000] {dag.py:3239} INFO - Sync 1 DAGs
[2025-08-07T17:43:31.042+0000] {logging_mixin.py:190} INFO - [2025-08-07T17:43:31.042+0000] {dag.py:4180} INFO - Setting next_dagrun for example_short_circuit_decorator to None, run_after=None
[2025-08-07T17:43:31.090+0000] {processor.py:208} INFO - Processing /home/airflow/.local/lib/python3.12/site-packages/airflow/example_dags/example_short_circuit_decorator.py took 0.847 seconds
[2025-08-07T17:43:49.418+0000] {processor.py:186} INFO - Started process (PID=2910) to work on /home/airflow/.local/lib/python3.12/site-packages/airflow/example_dags/example_short_circuit_decorator.py
[2025-08-07T17:43:49.419+0000] {processor.py:914} INFO - Processing file /home/airflow/.local/lib/python3.12/site-packages/airflow/example_dags/example_short_circuit_decorator.py for tasks to queue
[2025-08-07T17:43:49.421+0000] {logging_mixin.py:190} INFO - [2025-08-07T17:43:49.420+0000] {dagbag.py:588} INFO - Filling up the DagBag from /home/airflow/.local/lib/python3.12/site-packages/airflow/example_dags/example_short_circuit_decorator.py
[2025-08-07T17:43:49.437+0000] {processor.py:925} INFO - DAG(s) 'example_short_circuit_decorator' retrieved from /home/airflow/.local/lib/python3.12/site-packages/airflow/example_dags/example_short_circuit_decorator.py
[2025-08-07T17:43:49.460+0000] {logging_mixin.py:190} INFO - [2025-08-07T17:43:49.459+0000] {dag.py:3239} INFO - Sync 1 DAGs
[2025-08-07T17:43:49.487+0000] {logging_mixin.py:190} INFO - [2025-08-07T17:43:49.487+0000] {dag.py:4180} INFO - Setting next_dagrun for example_short_circuit_decorator to None, run_after=None
[2025-08-07T17:43:49.519+0000] {processor.py:208} INFO - Processing /home/airflow/.local/lib/python3.12/site-packages/airflow/example_dags/example_short_circuit_decorator.py took 0.110 seconds
[2025-08-07T17:44:23.227+0000] {processor.py:186} INFO - Started process (PID=2982) to work on /home/airflow/.local/lib/python3.12/site-packages/airflow/example_dags/example_short_circuit_decorator.py
[2025-08-07T17:44:23.228+0000] {processor.py:914} INFO - Processing file /home/airflow/.local/lib/python3.12/site-packages/airflow/example_dags/example_short_circuit_decorator.py for tasks to queue
[2025-08-07T17:44:23.229+0000] {logging_mixin.py:190} INFO - [2025-08-07T17:44:23.229+0000] {dagbag.py:588} INFO - Filling up the DagBag from /home/airflow/.local/lib/python3.12/site-packages/airflow/example_dags/example_short_circuit_decorator.py
[2025-08-07T17:44:23.247+0000] {processor.py:925} INFO - DAG(s) 'example_short_circuit_decorator' retrieved from /home/airflow/.local/lib/python3.12/site-packages/airflow/example_dags/example_short_circuit_decorator.py
[2025-08-07T17:44:23.286+0000] {logging_mixin.py:190} INFO - [2025-08-07T17:44:23.286+0000] {dag.py:3239} INFO - Sync 1 DAGs
[2025-08-07T17:44:23.311+0000] {logging_mixin.py:190} INFO - [2025-08-07T17:44:23.310+0000] {dag.py:4180} INFO - Setting next_dagrun for example_short_circuit_decorator to None, run_after=None
[2025-08-07T17:44:23.629+0000] {processor.py:208} INFO - Processing /home/airflow/.local/lib/python3.12/site-packages/airflow/example_dags/example_short_circuit_decorator.py took 0.417 seconds
[2025-08-07T17:44:55.604+0000] {processor.py:186} INFO - Started process (PID=3048) to work on /home/airflow/.local/lib/python3.12/site-packages/airflow/example_dags/example_short_circuit_decorator.py
[2025-08-07T17:44:55.607+0000] {processor.py:914} INFO - Processing file /home/airflow/.local/lib/python3.12/site-packages/airflow/example_dags/example_short_circuit_decorator.py for tasks to queue
[2025-08-07T17:44:55.613+0000] {logging_mixin.py:190} INFO - [2025-08-07T17:44:55.609+0000] {dagbag.py:588} INFO - Filling up the DagBag from /home/airflow/.local/lib/python3.12/site-packages/airflow/example_dags/example_short_circuit_decorator.py
[2025-08-07T17:44:55.635+0000] {processor.py:925} INFO - DAG(s) 'example_short_circuit_decorator' retrieved from /home/airflow/.local/lib/python3.12/site-packages/airflow/example_dags/example_short_circuit_decorator.py
[2025-08-07T17:44:55.697+0000] {logging_mixin.py:190} INFO - [2025-08-07T17:44:55.697+0000] {dag.py:3239} INFO - Sync 1 DAGs
[2025-08-07T17:44:55.735+0000] {logging_mixin.py:190} INFO - [2025-08-07T17:44:55.734+0000] {dag.py:4180} INFO - Setting next_dagrun for example_short_circuit_decorator to None, run_after=None
[2025-08-07T17:44:56.087+0000] {processor.py:208} INFO - Processing /home/airflow/.local/lib/python3.12/site-packages/airflow/example_dags/example_short_circuit_decorator.py took 0.490 seconds
[2025-08-07T17:45:27.588+0000] {processor.py:186} INFO - Started process (PID=3113) to work on /home/airflow/.local/lib/python3.12/site-packages/airflow/example_dags/example_short_circuit_decorator.py
[2025-08-07T17:45:27.589+0000] {processor.py:914} INFO - Processing file /home/airflow/.local/lib/python3.12/site-packages/airflow/example_dags/example_short_circuit_decorator.py for tasks to queue
[2025-08-07T17:45:27.591+0000] {logging_mixin.py:190} INFO - [2025-08-07T17:45:27.590+0000] {dagbag.py:588} INFO - Filling up the DagBag from /home/airflow/.local/lib/python3.12/site-packages/airflow/example_dags/example_short_circuit_decorator.py
[2025-08-07T17:45:27.616+0000] {processor.py:925} INFO - DAG(s) 'example_short_circuit_decorator' retrieved from /home/airflow/.local/lib/python3.12/site-packages/airflow/example_dags/example_short_circuit_decorator.py
[2025-08-07T17:45:27.668+0000] {logging_mixin.py:190} INFO - [2025-08-07T17:45:27.668+0000] {dag.py:3239} INFO - Sync 1 DAGs
[2025-08-07T17:45:27.712+0000] {logging_mixin.py:190} INFO - [2025-08-07T17:45:27.711+0000] {dag.py:4180} INFO - Setting next_dagrun for example_short_circuit_decorator to None, run_after=None
[2025-08-07T17:45:28.051+0000] {processor.py:208} INFO - Processing /home/airflow/.local/lib/python3.12/site-packages/airflow/example_dags/example_short_circuit_decorator.py took 0.475 seconds
[2025-08-07T17:45:58.326+0000] {processor.py:186} INFO - Started process (PID=3178) to work on /home/airflow/.local/lib/python3.12/site-packages/airflow/example_dags/example_short_circuit_decorator.py
[2025-08-07T17:45:58.327+0000] {processor.py:914} INFO - Processing file /home/airflow/.local/lib/python3.12/site-packages/airflow/example_dags/example_short_circuit_decorator.py for tasks to queue
[2025-08-07T17:45:58.333+0000] {logging_mixin.py:190} INFO - [2025-08-07T17:45:58.333+0000] {dagbag.py:588} INFO - Filling up the DagBag from /home/airflow/.local/lib/python3.12/site-packages/airflow/example_dags/example_short_circuit_decorator.py
[2025-08-07T17:45:58.354+0000] {processor.py:925} INFO - DAG(s) 'example_short_circuit_decorator' retrieved from /home/airflow/.local/lib/python3.12/site-packages/airflow/example_dags/example_short_circuit_decorator.py
[2025-08-07T17:45:58.404+0000] {logging_mixin.py:190} INFO - [2025-08-07T17:45:58.404+0000] {dag.py:3239} INFO - Sync 1 DAGs
[2025-08-07T17:45:58.436+0000] {logging_mixin.py:190} INFO - [2025-08-07T17:45:58.436+0000] {dag.py:4180} INFO - Setting next_dagrun for example_short_circuit_decorator to None, run_after=None
[2025-08-07T17:45:58.475+0000] {processor.py:208} INFO - Processing /home/airflow/.local/lib/python3.12/site-packages/airflow/example_dags/example_short_circuit_decorator.py took 0.161 seconds
[2025-08-07T17:46:28.704+0000] {processor.py:186} INFO - Started process (PID=3241) to work on /home/airflow/.local/lib/python3.12/site-packages/airflow/example_dags/example_short_circuit_decorator.py
[2025-08-07T17:46:28.709+0000] {processor.py:914} INFO - Processing file /home/airflow/.local/lib/python3.12/site-packages/airflow/example_dags/example_short_circuit_decorator.py for tasks to queue
[2025-08-07T17:46:28.711+0000] {logging_mixin.py:190} INFO - [2025-08-07T17:46:28.710+0000] {dagbag.py:588} INFO - Filling up the DagBag from /home/airflow/.local/lib/python3.12/site-packages/airflow/example_dags/example_short_circuit_decorator.py
[2025-08-07T17:46:28.731+0000] {processor.py:925} INFO - DAG(s) 'example_short_circuit_decorator' retrieved from /home/airflow/.local/lib/python3.12/site-packages/airflow/example_dags/example_short_circuit_decorator.py
[2025-08-07T17:46:28.769+0000] {logging_mixin.py:190} INFO - [2025-08-07T17:46:28.769+0000] {dag.py:3239} INFO - Sync 1 DAGs
[2025-08-07T17:46:28.792+0000] {logging_mixin.py:190} INFO - [2025-08-07T17:46:28.791+0000] {dag.py:4180} INFO - Setting next_dagrun for example_short_circuit_decorator to None, run_after=None
[2025-08-07T17:46:28.824+0000] {processor.py:208} INFO - Processing /home/airflow/.local/lib/python3.12/site-packages/airflow/example_dags/example_short_circuit_decorator.py took 0.128 seconds
[2025-08-07T17:46:59.024+0000] {processor.py:186} INFO - Started process (PID=3305) to work on /home/airflow/.local/lib/python3.12/site-packages/airflow/example_dags/example_short_circuit_decorator.py
[2025-08-07T17:46:59.029+0000] {processor.py:914} INFO - Processing file /home/airflow/.local/lib/python3.12/site-packages/airflow/example_dags/example_short_circuit_decorator.py for tasks to queue
[2025-08-07T17:46:59.031+0000] {logging_mixin.py:190} INFO - [2025-08-07T17:46:59.030+0000] {dagbag.py:588} INFO - Filling up the DagBag from /home/airflow/.local/lib/python3.12/site-packages/airflow/example_dags/example_short_circuit_decorator.py
[2025-08-07T17:46:59.050+0000] {processor.py:925} INFO - DAG(s) 'example_short_circuit_decorator' retrieved from /home/airflow/.local/lib/python3.12/site-packages/airflow/example_dags/example_short_circuit_decorator.py
[2025-08-07T17:46:59.091+0000] {logging_mixin.py:190} INFO - [2025-08-07T17:46:59.090+0000] {dag.py:3239} INFO - Sync 1 DAGs
[2025-08-07T17:46:59.119+0000] {logging_mixin.py:190} INFO - [2025-08-07T17:46:59.119+0000] {dag.py:4180} INFO - Setting next_dagrun for example_short_circuit_decorator to None, run_after=None
[2025-08-07T17:46:59.160+0000] {processor.py:208} INFO - Processing /home/airflow/.local/lib/python3.12/site-packages/airflow/example_dags/example_short_circuit_decorator.py took 0.146 seconds
[2025-08-07T17:47:30.838+0000] {processor.py:186} INFO - Started process (PID=3370) to work on /home/airflow/.local/lib/python3.12/site-packages/airflow/example_dags/example_short_circuit_decorator.py
[2025-08-07T17:47:30.839+0000] {processor.py:914} INFO - Processing file /home/airflow/.local/lib/python3.12/site-packages/airflow/example_dags/example_short_circuit_decorator.py for tasks to queue
[2025-08-07T17:47:30.841+0000] {logging_mixin.py:190} INFO - [2025-08-07T17:47:30.840+0000] {dagbag.py:588} INFO - Filling up the DagBag from /home/airflow/.local/lib/python3.12/site-packages/airflow/example_dags/example_short_circuit_decorator.py
[2025-08-07T17:47:30.870+0000] {processor.py:925} INFO - DAG(s) 'example_short_circuit_decorator' retrieved from /home/airflow/.local/lib/python3.12/site-packages/airflow/example_dags/example_short_circuit_decorator.py
[2025-08-07T17:47:30.913+0000] {logging_mixin.py:190} INFO - [2025-08-07T17:47:30.913+0000] {dag.py:3239} INFO - Sync 1 DAGs
[2025-08-07T17:47:30.949+0000] {logging_mixin.py:190} INFO - [2025-08-07T17:47:30.948+0000] {dag.py:4180} INFO - Setting next_dagrun for example_short_circuit_decorator to None, run_after=None
[2025-08-07T17:47:30.992+0000] {processor.py:208} INFO - Processing /home/airflow/.local/lib/python3.12/site-packages/airflow/example_dags/example_short_circuit_decorator.py took 0.169 seconds
[2025-08-07T17:48:02.411+0000] {processor.py:186} INFO - Started process (PID=3437) to work on /home/airflow/.local/lib/python3.12/site-packages/airflow/example_dags/example_short_circuit_decorator.py
[2025-08-07T17:48:02.418+0000] {processor.py:914} INFO - Processing file /home/airflow/.local/lib/python3.12/site-packages/airflow/example_dags/example_short_circuit_decorator.py for tasks to queue
[2025-08-07T17:48:02.421+0000] {logging_mixin.py:190} INFO - [2025-08-07T17:48:02.420+0000] {dagbag.py:588} INFO - Filling up the DagBag from /home/airflow/.local/lib/python3.12/site-packages/airflow/example_dags/example_short_circuit_decorator.py
[2025-08-07T17:48:02.448+0000] {processor.py:925} INFO - DAG(s) 'example_short_circuit_decorator' retrieved from /home/airflow/.local/lib/python3.12/site-packages/airflow/example_dags/example_short_circuit_decorator.py
[2025-08-07T17:48:02.508+0000] {logging_mixin.py:190} INFO - [2025-08-07T17:48:02.508+0000] {dag.py:3239} INFO - Sync 1 DAGs
[2025-08-07T17:48:02.549+0000] {logging_mixin.py:190} INFO - [2025-08-07T17:48:02.549+0000] {dag.py:4180} INFO - Setting next_dagrun for example_short_circuit_decorator to None, run_after=None
[2025-08-07T17:48:02.608+0000] {processor.py:208} INFO - Processing /home/airflow/.local/lib/python3.12/site-packages/airflow/example_dags/example_short_circuit_decorator.py took 0.219 seconds
[2025-08-07T17:48:34.509+0000] {processor.py:186} INFO - Started process (PID=3500) to work on /home/airflow/.local/lib/python3.12/site-packages/airflow/example_dags/example_short_circuit_decorator.py
[2025-08-07T17:48:34.515+0000] {processor.py:914} INFO - Processing file /home/airflow/.local/lib/python3.12/site-packages/airflow/example_dags/example_short_circuit_decorator.py for tasks to queue
[2025-08-07T17:48:34.518+0000] {logging_mixin.py:190} INFO - [2025-08-07T17:48:34.517+0000] {dagbag.py:588} INFO - Filling up the DagBag from /home/airflow/.local/lib/python3.12/site-packages/airflow/example_dags/example_short_circuit_decorator.py
[2025-08-07T17:48:34.548+0000] {processor.py:925} INFO - DAG(s) 'example_short_circuit_decorator' retrieved from /home/airflow/.local/lib/python3.12/site-packages/airflow/example_dags/example_short_circuit_decorator.py
[2025-08-07T17:48:34.616+0000] {logging_mixin.py:190} INFO - [2025-08-07T17:48:34.616+0000] {dag.py:3239} INFO - Sync 1 DAGs
[2025-08-07T17:48:34.659+0000] {logging_mixin.py:190} INFO - [2025-08-07T17:48:34.658+0000] {dag.py:4180} INFO - Setting next_dagrun for example_short_circuit_decorator to None, run_after=None
[2025-08-07T17:48:34.710+0000] {processor.py:208} INFO - Processing /home/airflow/.local/lib/python3.12/site-packages/airflow/example_dags/example_short_circuit_decorator.py took 0.213 seconds
[2025-08-07T17:49:06.588+0000] {processor.py:186} INFO - Started process (PID=3562) to work on /home/airflow/.local/lib/python3.12/site-packages/airflow/example_dags/example_short_circuit_decorator.py
[2025-08-07T17:49:06.590+0000] {processor.py:914} INFO - Processing file /home/airflow/.local/lib/python3.12/site-packages/airflow/example_dags/example_short_circuit_decorator.py for tasks to queue
[2025-08-07T17:49:06.591+0000] {logging_mixin.py:190} INFO - [2025-08-07T17:49:06.591+0000] {dagbag.py:588} INFO - Filling up the DagBag from /home/airflow/.local/lib/python3.12/site-packages/airflow/example_dags/example_short_circuit_decorator.py
[2025-08-07T17:49:06.618+0000] {processor.py:925} INFO - DAG(s) 'example_short_circuit_decorator' retrieved from /home/airflow/.local/lib/python3.12/site-packages/airflow/example_dags/example_short_circuit_decorator.py
[2025-08-07T17:49:06.680+0000] {logging_mixin.py:190} INFO - [2025-08-07T17:49:06.679+0000] {dag.py:3239} INFO - Sync 1 DAGs
[2025-08-07T17:49:06.717+0000] {logging_mixin.py:190} INFO - [2025-08-07T17:49:06.716+0000] {dag.py:4180} INFO - Setting next_dagrun for example_short_circuit_decorator to None, run_after=None
[2025-08-07T17:49:06.767+0000] {processor.py:208} INFO - Processing /home/airflow/.local/lib/python3.12/site-packages/airflow/example_dags/example_short_circuit_decorator.py took 0.191 seconds
[2025-08-07T17:49:38.204+0000] {processor.py:186} INFO - Started process (PID=3623) to work on /home/airflow/.local/lib/python3.12/site-packages/airflow/example_dags/example_short_circuit_decorator.py
[2025-08-07T17:49:38.206+0000] {processor.py:914} INFO - Processing file /home/airflow/.local/lib/python3.12/site-packages/airflow/example_dags/example_short_circuit_decorator.py for tasks to queue
[2025-08-07T17:49:38.208+0000] {logging_mixin.py:190} INFO - [2025-08-07T17:49:38.208+0000] {dagbag.py:588} INFO - Filling up the DagBag from /home/airflow/.local/lib/python3.12/site-packages/airflow/example_dags/example_short_circuit_decorator.py
[2025-08-07T17:49:38.240+0000] {processor.py:925} INFO - DAG(s) 'example_short_circuit_decorator' retrieved from /home/airflow/.local/lib/python3.12/site-packages/airflow/example_dags/example_short_circuit_decorator.py
[2025-08-07T17:49:38.329+0000] {logging_mixin.py:190} INFO - [2025-08-07T17:49:38.328+0000] {dag.py:3239} INFO - Sync 1 DAGs
[2025-08-07T17:49:38.389+0000] {logging_mixin.py:190} INFO - [2025-08-07T17:49:38.388+0000] {dag.py:4180} INFO - Setting next_dagrun for example_short_circuit_decorator to None, run_after=None
[2025-08-07T17:49:38.437+0000] {processor.py:208} INFO - Processing /home/airflow/.local/lib/python3.12/site-packages/airflow/example_dags/example_short_circuit_decorator.py took 0.250 seconds
[2025-08-07T17:49:56.880+0000] {processor.py:186} INFO - Started process (PID=3688) to work on /home/airflow/.local/lib/python3.12/site-packages/airflow/example_dags/example_short_circuit_decorator.py
[2025-08-07T17:49:56.881+0000] {processor.py:914} INFO - Processing file /home/airflow/.local/lib/python3.12/site-packages/airflow/example_dags/example_short_circuit_decorator.py for tasks to queue
[2025-08-07T17:49:56.883+0000] {logging_mixin.py:190} INFO - [2025-08-07T17:49:56.882+0000] {dagbag.py:588} INFO - Filling up the DagBag from /home/airflow/.local/lib/python3.12/site-packages/airflow/example_dags/example_short_circuit_decorator.py
[2025-08-07T17:49:56.903+0000] {processor.py:925} INFO - DAG(s) 'example_short_circuit_decorator' retrieved from /home/airflow/.local/lib/python3.12/site-packages/airflow/example_dags/example_short_circuit_decorator.py
[2025-08-07T17:49:56.952+0000] {logging_mixin.py:190} INFO - [2025-08-07T17:49:56.952+0000] {dag.py:3239} INFO - Sync 1 DAGs
[2025-08-07T17:51:10.124+0000] {logging_mixin.py:190} INFO - [2025-08-07T17:51:10.124+0000] {dag.py:4180} INFO - Setting next_dagrun for example_short_circuit_decorator to None, run_after=None
[2025-08-07T17:49:56.630+0000] {processor.py:208} INFO - Processing /home/airflow/.local/lib/python3.12/site-packages/airflow/example_dags/example_short_circuit_decorator.py took 0.175 seconds
[2025-08-07T17:50:11.380+0000] {processor.py:186} INFO - Started process (PID=3748) to work on /home/airflow/.local/lib/python3.12/site-packages/airflow/example_dags/example_short_circuit_decorator.py
[2025-08-07T17:50:11.381+0000] {processor.py:914} INFO - Processing file /home/airflow/.local/lib/python3.12/site-packages/airflow/example_dags/example_short_circuit_decorator.py for tasks to queue
[2025-08-07T17:50:11.391+0000] {logging_mixin.py:190} INFO - [2025-08-07T17:50:11.390+0000] {dagbag.py:588} INFO - Filling up the DagBag from /home/airflow/.local/lib/python3.12/site-packages/airflow/example_dags/example_short_circuit_decorator.py
[2025-08-07T17:50:11.437+0000] {processor.py:925} INFO - DAG(s) 'example_short_circuit_decorator' retrieved from /home/airflow/.local/lib/python3.12/site-packages/airflow/example_dags/example_short_circuit_decorator.py
[2025-08-07T17:50:11.511+0000] {logging_mixin.py:190} INFO - [2025-08-07T17:50:11.511+0000] {dag.py:3239} INFO - Sync 1 DAGs
[2025-08-07T17:50:11.559+0000] {logging_mixin.py:190} INFO - [2025-08-07T17:50:11.558+0000] {dag.py:4180} INFO - Setting next_dagrun for example_short_circuit_decorator to None, run_after=None
[2025-08-07T17:50:11.621+0000] {processor.py:208} INFO - Processing /home/airflow/.local/lib/python3.12/site-packages/airflow/example_dags/example_short_circuit_decorator.py took 0.254 seconds
[2025-08-07T17:50:42.086+0000] {processor.py:186} INFO - Started process (PID=3813) to work on /home/airflow/.local/lib/python3.12/site-packages/airflow/example_dags/example_short_circuit_decorator.py
[2025-08-07T17:50:42.090+0000] {processor.py:914} INFO - Processing file /home/airflow/.local/lib/python3.12/site-packages/airflow/example_dags/example_short_circuit_decorator.py for tasks to queue
[2025-08-07T17:50:42.097+0000] {logging_mixin.py:190} INFO - [2025-08-07T17:50:42.096+0000] {dagbag.py:588} INFO - Filling up the DagBag from /home/airflow/.local/lib/python3.12/site-packages/airflow/example_dags/example_short_circuit_decorator.py
[2025-08-07T17:50:42.137+0000] {processor.py:925} INFO - DAG(s) 'example_short_circuit_decorator' retrieved from /home/airflow/.local/lib/python3.12/site-packages/airflow/example_dags/example_short_circuit_decorator.py
[2025-08-07T17:50:42.209+0000] {logging_mixin.py:190} INFO - [2025-08-07T17:50:42.209+0000] {dag.py:3239} INFO - Sync 1 DAGs
[2025-08-07T17:50:42.257+0000] {logging_mixin.py:190} INFO - [2025-08-07T17:50:42.257+0000] {dag.py:4180} INFO - Setting next_dagrun for example_short_circuit_decorator to None, run_after=None
[2025-08-07T17:50:42.377+0000] {processor.py:208} INFO - Processing /home/airflow/.local/lib/python3.12/site-packages/airflow/example_dags/example_short_circuit_decorator.py took 0.319 seconds
[2025-08-07T17:51:13.734+0000] {processor.py:186} INFO - Started process (PID=3885) to work on /home/airflow/.local/lib/python3.12/site-packages/airflow/example_dags/example_short_circuit_decorator.py
[2025-08-07T17:51:13.740+0000] {processor.py:914} INFO - Processing file /home/airflow/.local/lib/python3.12/site-packages/airflow/example_dags/example_short_circuit_decorator.py for tasks to queue
[2025-08-07T17:51:13.742+0000] {logging_mixin.py:190} INFO - [2025-08-07T17:51:13.741+0000] {dagbag.py:588} INFO - Filling up the DagBag from /home/airflow/.local/lib/python3.12/site-packages/airflow/example_dags/example_short_circuit_decorator.py
[2025-08-07T17:51:13.763+0000] {processor.py:925} INFO - DAG(s) 'example_short_circuit_decorator' retrieved from /home/airflow/.local/lib/python3.12/site-packages/airflow/example_dags/example_short_circuit_decorator.py
[2025-08-07T17:51:13.830+0000] {logging_mixin.py:190} INFO - [2025-08-07T17:51:13.829+0000] {dag.py:3239} INFO - Sync 1 DAGs
[2025-08-07T17:51:13.863+0000] {logging_mixin.py:190} INFO - [2025-08-07T17:51:13.863+0000] {dag.py:4180} INFO - Setting next_dagrun for example_short_circuit_decorator to None, run_after=None
[2025-08-07T17:51:13.902+0000] {processor.py:208} INFO - Processing /home/airflow/.local/lib/python3.12/site-packages/airflow/example_dags/example_short_circuit_decorator.py took 0.179 seconds
[2025-08-07T17:51:46.322+0000] {processor.py:186} INFO - Started process (PID=3951) to work on /home/airflow/.local/lib/python3.12/site-packages/airflow/example_dags/example_short_circuit_decorator.py
[2025-08-07T17:51:46.329+0000] {processor.py:914} INFO - Processing file /home/airflow/.local/lib/python3.12/site-packages/airflow/example_dags/example_short_circuit_decorator.py for tasks to queue
[2025-08-07T17:51:46.330+0000] {logging_mixin.py:190} INFO - [2025-08-07T17:51:46.330+0000] {dagbag.py:588} INFO - Filling up the DagBag from /home/airflow/.local/lib/python3.12/site-packages/airflow/example_dags/example_short_circuit_decorator.py
[2025-08-07T17:51:46.359+0000] {processor.py:925} INFO - DAG(s) 'example_short_circuit_decorator' retrieved from /home/airflow/.local/lib/python3.12/site-packages/airflow/example_dags/example_short_circuit_decorator.py
[2025-08-07T17:51:46.412+0000] {logging_mixin.py:190} INFO - [2025-08-07T17:51:46.412+0000] {dag.py:3239} INFO - Sync 1 DAGs
[2025-08-07T17:51:46.450+0000] {logging_mixin.py:190} INFO - [2025-08-07T17:51:46.449+0000] {dag.py:4180} INFO - Setting next_dagrun for example_short_circuit_decorator to None, run_after=None
[2025-08-07T17:51:46.500+0000] {processor.py:208} INFO - Processing /home/airflow/.local/lib/python3.12/site-packages/airflow/example_dags/example_short_circuit_decorator.py took 0.189 seconds
[2025-08-07T17:52:16.379+0000] {processor.py:186} INFO - Started process (PID=4020) to work on /home/airflow/.local/lib/python3.12/site-packages/airflow/example_dags/example_short_circuit_decorator.py
[2025-08-07T17:52:16.381+0000] {processor.py:914} INFO - Processing file /home/airflow/.local/lib/python3.12/site-packages/airflow/example_dags/example_short_circuit_decorator.py for tasks to queue
[2025-08-07T17:52:16.383+0000] {logging_mixin.py:190} INFO - [2025-08-07T17:52:16.382+0000] {dagbag.py:588} INFO - Filling up the DagBag from /home/airflow/.local/lib/python3.12/site-packages/airflow/example_dags/example_short_circuit_decorator.py
[2025-08-07T17:52:16.421+0000] {processor.py:925} INFO - DAG(s) 'example_short_circuit_decorator' retrieved from /home/airflow/.local/lib/python3.12/site-packages/airflow/example_dags/example_short_circuit_decorator.py
[2025-08-07T17:52:16.494+0000] {logging_mixin.py:190} INFO - [2025-08-07T17:52:16.494+0000] {dag.py:3239} INFO - Sync 1 DAGs
[2025-08-07T17:52:16.552+0000] {logging_mixin.py:190} INFO - [2025-08-07T17:52:16.552+0000] {dag.py:4180} INFO - Setting next_dagrun for example_short_circuit_decorator to None, run_after=None
[2025-08-07T17:52:16.612+0000] {processor.py:208} INFO - Processing /home/airflow/.local/lib/python3.12/site-packages/airflow/example_dags/example_short_circuit_decorator.py took 0.252 seconds
[2025-08-07T17:52:35.351+0000] {processor.py:186} INFO - Started process (PID=4077) to work on /home/airflow/.local/lib/python3.12/site-packages/airflow/example_dags/example_short_circuit_decorator.py
[2025-08-07T17:52:35.352+0000] {processor.py:914} INFO - Processing file /home/airflow/.local/lib/python3.12/site-packages/airflow/example_dags/example_short_circuit_decorator.py for tasks to queue
[2025-08-07T17:52:35.355+0000] {logging_mixin.py:190} INFO - [2025-08-07T17:52:35.354+0000] {dagbag.py:588} INFO - Filling up the DagBag from /home/airflow/.local/lib/python3.12/site-packages/airflow/example_dags/example_short_circuit_decorator.py
[2025-08-07T17:52:35.382+0000] {processor.py:925} INFO - DAG(s) 'example_short_circuit_decorator' retrieved from /home/airflow/.local/lib/python3.12/site-packages/airflow/example_dags/example_short_circuit_decorator.py
[2025-08-07T17:52:35.451+0000] {logging_mixin.py:190} INFO - [2025-08-07T17:52:35.450+0000] {dag.py:3239} INFO - Sync 1 DAGs
[2025-08-07T17:52:35.491+0000] {logging_mixin.py:190} INFO - [2025-08-07T17:52:35.490+0000] {dag.py:4180} INFO - Setting next_dagrun for example_short_circuit_decorator to None, run_after=None
[2025-08-07T17:52:35.581+0000] {processor.py:208} INFO - Processing /home/airflow/.local/lib/python3.12/site-packages/airflow/example_dags/example_short_circuit_decorator.py took 0.250 seconds
[2025-08-07T17:53:08.136+0000] {processor.py:186} INFO - Started process (PID=4140) to work on /home/airflow/.local/lib/python3.12/site-packages/airflow/example_dags/example_short_circuit_decorator.py
[2025-08-07T17:53:08.137+0000] {processor.py:914} INFO - Processing file /home/airflow/.local/lib/python3.12/site-packages/airflow/example_dags/example_short_circuit_decorator.py for tasks to queue
[2025-08-07T17:53:08.144+0000] {logging_mixin.py:190} INFO - [2025-08-07T17:53:08.143+0000] {dagbag.py:588} INFO - Filling up the DagBag from /home/airflow/.local/lib/python3.12/site-packages/airflow/example_dags/example_short_circuit_decorator.py
[2025-08-07T17:53:08.166+0000] {processor.py:925} INFO - DAG(s) 'example_short_circuit_decorator' retrieved from /home/airflow/.local/lib/python3.12/site-packages/airflow/example_dags/example_short_circuit_decorator.py
[2025-08-07T17:53:08.217+0000] {logging_mixin.py:190} INFO - [2025-08-07T17:53:08.217+0000] {dag.py:3239} INFO - Sync 1 DAGs
[2025-08-07T17:53:08.256+0000] {logging_mixin.py:190} INFO - [2025-08-07T17:53:08.256+0000] {dag.py:4180} INFO - Setting next_dagrun for example_short_circuit_decorator to None, run_after=None
[2025-08-07T17:53:08.306+0000] {processor.py:208} INFO - Processing /home/airflow/.local/lib/python3.12/site-packages/airflow/example_dags/example_short_circuit_decorator.py took 0.181 seconds
[2025-08-07T17:53:37.423+0000] {processor.py:186} INFO - Started process (PID=4203) to work on /home/airflow/.local/lib/python3.12/site-packages/airflow/example_dags/example_short_circuit_decorator.py
[2025-08-07T17:53:37.424+0000] {processor.py:914} INFO - Processing file /home/airflow/.local/lib/python3.12/site-packages/airflow/example_dags/example_short_circuit_decorator.py for tasks to queue
[2025-08-07T17:53:37.431+0000] {logging_mixin.py:190} INFO - [2025-08-07T17:53:37.426+0000] {dagbag.py:588} INFO - Filling up the DagBag from /home/airflow/.local/lib/python3.12/site-packages/airflow/example_dags/example_short_circuit_decorator.py
[2025-08-07T17:53:37.453+0000] {processor.py:925} INFO - DAG(s) 'example_short_circuit_decorator' retrieved from /home/airflow/.local/lib/python3.12/site-packages/airflow/example_dags/example_short_circuit_decorator.py
[2025-08-07T17:53:37.514+0000] {logging_mixin.py:190} INFO - [2025-08-07T17:53:37.513+0000] {dag.py:3239} INFO - Sync 1 DAGs
[2025-08-07T17:53:37.554+0000] {logging_mixin.py:190} INFO - [2025-08-07T17:53:37.554+0000] {dag.py:4180} INFO - Setting next_dagrun for example_short_circuit_decorator to None, run_after=None
[2025-08-07T17:53:37.614+0000] {processor.py:208} INFO - Processing /home/airflow/.local/lib/python3.12/site-packages/airflow/example_dags/example_short_circuit_decorator.py took 0.203 seconds
[2025-08-07T17:53:52.510+0000] {processor.py:186} INFO - Started process (PID=4269) to work on /home/airflow/.local/lib/python3.12/site-packages/airflow/example_dags/example_short_circuit_decorator.py
[2025-08-07T17:53:52.516+0000] {processor.py:914} INFO - Processing file /home/airflow/.local/lib/python3.12/site-packages/airflow/example_dags/example_short_circuit_decorator.py for tasks to queue
[2025-08-07T17:53:52.536+0000] {logging_mixin.py:190} INFO - [2025-08-07T17:53:52.531+0000] {dagbag.py:588} INFO - Filling up the DagBag from /home/airflow/.local/lib/python3.12/site-packages/airflow/example_dags/example_short_circuit_decorator.py
[2025-08-07T17:53:52.587+0000] {processor.py:925} INFO - DAG(s) 'example_short_circuit_decorator' retrieved from /home/airflow/.local/lib/python3.12/site-packages/airflow/example_dags/example_short_circuit_decorator.py
[2025-08-07T17:53:52.739+0000] {logging_mixin.py:190} INFO - [2025-08-07T17:53:52.739+0000] {dag.py:3239} INFO - Sync 1 DAGs
[2025-08-07T17:53:52.811+0000] {logging_mixin.py:190} INFO - [2025-08-07T17:53:52.810+0000] {dag.py:4180} INFO - Setting next_dagrun for example_short_circuit_decorator to None, run_after=None
[2025-08-07T17:53:52.869+0000] {processor.py:208} INFO - Processing /home/airflow/.local/lib/python3.12/site-packages/airflow/example_dags/example_short_circuit_decorator.py took 0.379 seconds
[2025-08-07T17:54:06.917+0000] {processor.py:186} INFO - Started process (PID=4329) to work on /home/airflow/.local/lib/python3.12/site-packages/airflow/example_dags/example_short_circuit_decorator.py
[2025-08-07T17:54:06.918+0000] {processor.py:914} INFO - Processing file /home/airflow/.local/lib/python3.12/site-packages/airflow/example_dags/example_short_circuit_decorator.py for tasks to queue
[2025-08-07T17:54:06.925+0000] {logging_mixin.py:190} INFO - [2025-08-07T17:54:06.924+0000] {dagbag.py:588} INFO - Filling up the DagBag from /home/airflow/.local/lib/python3.12/site-packages/airflow/example_dags/example_short_circuit_decorator.py
[2025-08-07T17:54:06.963+0000] {processor.py:925} INFO - DAG(s) 'example_short_circuit_decorator' retrieved from /home/airflow/.local/lib/python3.12/site-packages/airflow/example_dags/example_short_circuit_decorator.py
[2025-08-07T17:54:07.035+0000] {logging_mixin.py:190} INFO - [2025-08-07T17:54:07.034+0000] {dag.py:3239} INFO - Sync 1 DAGs
[2025-08-07T17:54:07.084+0000] {logging_mixin.py:190} INFO - [2025-08-07T17:54:07.084+0000] {dag.py:4180} INFO - Setting next_dagrun for example_short_circuit_decorator to None, run_after=None
[2025-08-07T17:55:20.586+0000] {processor.py:208} INFO - Processing /home/airflow/.local/lib/python3.12/site-packages/airflow/example_dags/example_short_circuit_decorator.py took 0.239 seconds
