[2025-08-07T00:26:18.969+0000] {processor.py:186} INFO - Started process (PID=1024) to work on /home/airflow/.local/lib/python3.12/site-packages/airflow/example_dags/example_outlet_event_extra.py
[2025-08-07T00:26:18.973+0000] {processor.py:914} INFO - Processing file /home/airflow/.local/lib/python3.12/site-packages/airflow/example_dags/example_outlet_event_extra.py for tasks to queue
[2025-08-07T00:26:18.975+0000] {logging_mixin.py:190} INFO - [2025-08-07T00:26:18.974+0000] {dagbag.py:588} INFO - Filling up the DagBag from /home/airflow/.local/lib/python3.12/site-packages/airflow/example_dags/example_outlet_event_extra.py
[2025-08-07T00:26:20.849+0000] {processor.py:925} INFO - DAG(s) 'dataset_with_extra_by_yield', 'dataset_with_extra_by_context', 'dataset_with_extra_from_classic_operator' retrieved from /home/airflow/.local/lib/python3.12/site-packages/airflow/example_dags/example_outlet_event_extra.py
[2025-08-07T00:26:21.230+0000] {logging_mixin.py:190} INFO - [2025-08-07T00:26:21.230+0000] {dag.py:3239} INFO - Sync 3 DAGs
[2025-08-07T00:26:21.302+0000] {logging_mixin.py:190} INFO - [2025-08-07T00:26:21.301+0000] {dag.py:4180} INFO - Setting next_dagrun for dataset_with_extra_by_context to 2025-08-06 00:00:00+00:00, run_after=2025-08-07 00:00:00+00:00
[2025-08-07T00:26:21.316+0000] {logging_mixin.py:190} INFO - [2025-08-07T00:26:21.315+0000] {dag.py:4180} INFO - Setting next_dagrun for dataset_with_extra_by_yield to 2025-08-06 00:00:00+00:00, run_after=2025-08-07 00:00:00+00:00
[2025-08-07T00:26:21.322+0000] {logging_mixin.py:190} INFO - [2025-08-07T00:26:21.321+0000] {dag.py:4180} INFO - Setting next_dagrun for dataset_with_extra_from_classic_operator to 2025-08-06 00:00:00+00:00, run_after=2025-08-07 00:00:00+00:00
[2025-08-07T00:26:21.368+0000] {processor.py:208} INFO - Processing /home/airflow/.local/lib/python3.12/site-packages/airflow/example_dags/example_outlet_event_extra.py took 2.430 seconds
[2025-08-07T11:29:43.097+0000] {processor.py:186} INFO - Started process (PID=1112) to work on /home/airflow/.local/lib/python3.12/site-packages/airflow/example_dags/example_outlet_event_extra.py
[2025-08-07T11:29:43.099+0000] {processor.py:914} INFO - Processing file /home/airflow/.local/lib/python3.12/site-packages/airflow/example_dags/example_outlet_event_extra.py for tasks to queue
[2025-08-07T11:29:43.103+0000] {logging_mixin.py:190} INFO - [2025-08-07T11:29:43.103+0000] {dagbag.py:588} INFO - Filling up the DagBag from /home/airflow/.local/lib/python3.12/site-packages/airflow/example_dags/example_outlet_event_extra.py
[2025-08-07T11:29:44.022+0000] {processor.py:925} INFO - DAG(s) 'dataset_with_extra_from_classic_operator', 'dataset_with_extra_by_context', 'dataset_with_extra_by_yield' retrieved from /home/airflow/.local/lib/python3.12/site-packages/airflow/example_dags/example_outlet_event_extra.py
[2025-08-07T11:29:44.055+0000] {logging_mixin.py:190} INFO - [2025-08-07T11:29:44.055+0000] {dag.py:3239} INFO - Sync 3 DAGs
[2025-08-07T11:29:44.090+0000] {logging_mixin.py:190} INFO - [2025-08-07T11:29:44.090+0000] {dag.py:4180} INFO - Setting next_dagrun for dataset_with_extra_by_context to 2025-08-06 00:00:00+00:00, run_after=2025-08-07 00:00:00+00:00
[2025-08-07T11:29:44.098+0000] {logging_mixin.py:190} INFO - [2025-08-07T11:29:44.098+0000] {dag.py:4180} INFO - Setting next_dagrun for dataset_with_extra_by_yield to 2025-08-06 00:00:00+00:00, run_after=2025-08-07 00:00:00+00:00
[2025-08-07T11:29:44.102+0000] {logging_mixin.py:190} INFO - [2025-08-07T11:29:44.102+0000] {dag.py:4180} INFO - Setting next_dagrun for dataset_with_extra_from_classic_operator to 2025-08-06 00:00:00+00:00, run_after=2025-08-07 00:00:00+00:00
[2025-08-07T11:29:44.136+0000] {processor.py:208} INFO - Processing /home/airflow/.local/lib/python3.12/site-packages/airflow/example_dags/example_outlet_event_extra.py took 1.058 seconds
[2025-08-07T17:21:43.240+0000] {processor.py:186} INFO - Started process (PID=1190) to work on /home/airflow/.local/lib/python3.12/site-packages/airflow/example_dags/example_outlet_event_extra.py
[2025-08-07T17:21:43.244+0000] {processor.py:914} INFO - Processing file /home/airflow/.local/lib/python3.12/site-packages/airflow/example_dags/example_outlet_event_extra.py for tasks to queue
[2025-08-07T17:21:43.247+0000] {logging_mixin.py:190} INFO - [2025-08-07T17:21:43.246+0000] {dagbag.py:588} INFO - Filling up the DagBag from /home/airflow/.local/lib/python3.12/site-packages/airflow/example_dags/example_outlet_event_extra.py
[2025-08-07T17:21:44.651+0000] {processor.py:925} INFO - DAG(s) 'dataset_with_extra_by_context', 'dataset_with_extra_from_classic_operator', 'dataset_with_extra_by_yield' retrieved from /home/airflow/.local/lib/python3.12/site-packages/airflow/example_dags/example_outlet_event_extra.py
[2025-08-07T17:21:44.704+0000] {logging_mixin.py:190} INFO - [2025-08-07T17:21:44.704+0000] {dag.py:3239} INFO - Sync 3 DAGs
[2025-08-07T17:21:44.761+0000] {logging_mixin.py:190} INFO - [2025-08-07T17:21:44.761+0000] {dag.py:4180} INFO - Setting next_dagrun for dataset_with_extra_by_context to 2025-08-06 00:00:00+00:00, run_after=2025-08-07 00:00:00+00:00
[2025-08-07T17:21:44.779+0000] {logging_mixin.py:190} INFO - [2025-08-07T17:21:44.779+0000] {dag.py:4180} INFO - Setting next_dagrun for dataset_with_extra_by_yield to 2025-08-06 00:00:00+00:00, run_after=2025-08-07 00:00:00+00:00
[2025-08-07T17:21:44.786+0000] {logging_mixin.py:190} INFO - [2025-08-07T17:21:44.786+0000] {dag.py:4180} INFO - Setting next_dagrun for dataset_with_extra_from_classic_operator to 2025-08-06 00:00:00+00:00, run_after=2025-08-07 00:00:00+00:00
[2025-08-07T17:21:44.836+0000] {processor.py:208} INFO - Processing /home/airflow/.local/lib/python3.12/site-packages/airflow/example_dags/example_outlet_event_extra.py took 1.613 seconds
[2025-08-07T17:22:14.986+0000] {processor.py:186} INFO - Started process (PID=1261) to work on /home/airflow/.local/lib/python3.12/site-packages/airflow/example_dags/example_outlet_event_extra.py
[2025-08-07T17:22:14.988+0000] {processor.py:914} INFO - Processing file /home/airflow/.local/lib/python3.12/site-packages/airflow/example_dags/example_outlet_event_extra.py for tasks to queue
[2025-08-07T17:22:14.990+0000] {logging_mixin.py:190} INFO - [2025-08-07T17:22:14.989+0000] {dagbag.py:588} INFO - Filling up the DagBag from /home/airflow/.local/lib/python3.12/site-packages/airflow/example_dags/example_outlet_event_extra.py
[2025-08-07T17:22:16.098+0000] {processor.py:925} INFO - DAG(s) 'dataset_with_extra_from_classic_operator', 'dataset_with_extra_by_context', 'dataset_with_extra_by_yield' retrieved from /home/airflow/.local/lib/python3.12/site-packages/airflow/example_dags/example_outlet_event_extra.py
[2025-08-07T17:22:16.157+0000] {logging_mixin.py:190} INFO - [2025-08-07T17:22:16.157+0000] {dag.py:3239} INFO - Sync 3 DAGs
[2025-08-07T17:22:16.213+0000] {logging_mixin.py:190} INFO - [2025-08-07T17:22:16.213+0000] {dag.py:4180} INFO - Setting next_dagrun for dataset_with_extra_by_context to 2025-08-06 00:00:00+00:00, run_after=2025-08-07 00:00:00+00:00
[2025-08-07T17:22:16.229+0000] {logging_mixin.py:190} INFO - [2025-08-07T17:22:16.229+0000] {dag.py:4180} INFO - Setting next_dagrun for dataset_with_extra_by_yield to 2025-08-06 00:00:00+00:00, run_after=2025-08-07 00:00:00+00:00
[2025-08-07T17:22:16.236+0000] {logging_mixin.py:190} INFO - [2025-08-07T17:22:16.236+0000] {dag.py:4180} INFO - Setting next_dagrun for dataset_with_extra_from_classic_operator to 2025-08-06 00:00:00+00:00, run_after=2025-08-07 00:00:00+00:00
[2025-08-07T17:22:16.287+0000] {processor.py:208} INFO - Processing /home/airflow/.local/lib/python3.12/site-packages/airflow/example_dags/example_outlet_event_extra.py took 1.310 seconds
[2025-08-07T17:22:47.245+0000] {processor.py:186} INFO - Started process (PID=1327) to work on /home/airflow/.local/lib/python3.12/site-packages/airflow/example_dags/example_outlet_event_extra.py
[2025-08-07T17:22:47.246+0000] {processor.py:914} INFO - Processing file /home/airflow/.local/lib/python3.12/site-packages/airflow/example_dags/example_outlet_event_extra.py for tasks to queue
[2025-08-07T17:22:47.248+0000] {logging_mixin.py:190} INFO - [2025-08-07T17:22:47.248+0000] {dagbag.py:588} INFO - Filling up the DagBag from /home/airflow/.local/lib/python3.12/site-packages/airflow/example_dags/example_outlet_event_extra.py
[2025-08-07T17:22:47.938+0000] {processor.py:925} INFO - DAG(s) 'dataset_with_extra_by_context', 'dataset_with_extra_from_classic_operator', 'dataset_with_extra_by_yield' retrieved from /home/airflow/.local/lib/python3.12/site-packages/airflow/example_dags/example_outlet_event_extra.py
[2025-08-07T17:22:47.969+0000] {logging_mixin.py:190} INFO - [2025-08-07T17:22:47.968+0000] {dag.py:3239} INFO - Sync 3 DAGs
[2025-08-07T17:22:48.028+0000] {logging_mixin.py:190} INFO - [2025-08-07T17:22:48.025+0000] {dag.py:4180} INFO - Setting next_dagrun for dataset_with_extra_by_context to 2025-08-06 00:00:00+00:00, run_after=2025-08-07 00:00:00+00:00
[2025-08-07T17:22:48.038+0000] {logging_mixin.py:190} INFO - [2025-08-07T17:22:48.038+0000] {dag.py:4180} INFO - Setting next_dagrun for dataset_with_extra_by_yield to 2025-08-06 00:00:00+00:00, run_after=2025-08-07 00:00:00+00:00
[2025-08-07T17:22:48.044+0000] {logging_mixin.py:190} INFO - [2025-08-07T17:22:48.043+0000] {dag.py:4180} INFO - Setting next_dagrun for dataset_with_extra_from_classic_operator to 2025-08-06 00:00:00+00:00, run_after=2025-08-07 00:00:00+00:00
[2025-08-07T17:22:48.075+0000] {processor.py:208} INFO - Processing /home/airflow/.local/lib/python3.12/site-packages/airflow/example_dags/example_outlet_event_extra.py took 0.838 seconds
[2025-08-07T17:23:16.625+0000] {processor.py:186} INFO - Started process (PID=1486) to work on /home/airflow/.local/lib/python3.12/site-packages/airflow/example_dags/example_outlet_event_extra.py
[2025-08-07T17:23:16.626+0000] {processor.py:914} INFO - Processing file /home/airflow/.local/lib/python3.12/site-packages/airflow/example_dags/example_outlet_event_extra.py for tasks to queue
[2025-08-07T17:23:16.628+0000] {logging_mixin.py:190} INFO - [2025-08-07T17:23:16.627+0000] {dagbag.py:588} INFO - Filling up the DagBag from /home/airflow/.local/lib/python3.12/site-packages/airflow/example_dags/example_outlet_event_extra.py
[2025-08-07T17:23:17.255+0000] {processor.py:925} INFO - DAG(s) 'dataset_with_extra_from_classic_operator', 'dataset_with_extra_by_context', 'dataset_with_extra_by_yield' retrieved from /home/airflow/.local/lib/python3.12/site-packages/airflow/example_dags/example_outlet_event_extra.py
[2025-08-07T17:23:17.281+0000] {logging_mixin.py:190} INFO - [2025-08-07T17:23:17.281+0000] {dag.py:3239} INFO - Sync 3 DAGs
[2025-08-07T17:23:17.314+0000] {logging_mixin.py:190} INFO - [2025-08-07T17:23:17.313+0000] {dag.py:4180} INFO - Setting next_dagrun for dataset_with_extra_by_context to 2025-08-06 00:00:00+00:00, run_after=2025-08-07 00:00:00+00:00
[2025-08-07T17:23:17.321+0000] {logging_mixin.py:190} INFO - [2025-08-07T17:23:17.321+0000] {dag.py:4180} INFO - Setting next_dagrun for dataset_with_extra_by_yield to 2025-08-06 00:00:00+00:00, run_after=2025-08-07 00:00:00+00:00
[2025-08-07T17:23:17.325+0000] {logging_mixin.py:190} INFO - [2025-08-07T17:23:17.325+0000] {dag.py:4180} INFO - Setting next_dagrun for dataset_with_extra_from_classic_operator to 2025-08-06 00:00:00+00:00, run_after=2025-08-07 00:00:00+00:00
[2025-08-07T17:23:17.356+0000] {processor.py:208} INFO - Processing /home/airflow/.local/lib/python3.12/site-packages/airflow/example_dags/example_outlet_event_extra.py took 0.737 seconds
[2025-08-07T17:23:46.593+0000] {processor.py:186} INFO - Started process (PID=1552) to work on /home/airflow/.local/lib/python3.12/site-packages/airflow/example_dags/example_outlet_event_extra.py
[2025-08-07T17:23:46.595+0000] {processor.py:914} INFO - Processing file /home/airflow/.local/lib/python3.12/site-packages/airflow/example_dags/example_outlet_event_extra.py for tasks to queue
[2025-08-07T17:23:46.597+0000] {logging_mixin.py:190} INFO - [2025-08-07T17:23:46.596+0000] {dagbag.py:588} INFO - Filling up the DagBag from /home/airflow/.local/lib/python3.12/site-packages/airflow/example_dags/example_outlet_event_extra.py
[2025-08-07T17:23:47.258+0000] {processor.py:925} INFO - DAG(s) 'dataset_with_extra_from_classic_operator', 'dataset_with_extra_by_yield', 'dataset_with_extra_by_context' retrieved from /home/airflow/.local/lib/python3.12/site-packages/airflow/example_dags/example_outlet_event_extra.py
[2025-08-07T17:23:47.290+0000] {logging_mixin.py:190} INFO - [2025-08-07T17:23:47.289+0000] {dag.py:3239} INFO - Sync 3 DAGs
[2025-08-07T17:23:47.321+0000] {logging_mixin.py:190} INFO - [2025-08-07T17:23:47.321+0000] {dag.py:4180} INFO - Setting next_dagrun for dataset_with_extra_by_context to 2025-08-06 00:00:00+00:00, run_after=2025-08-07 00:00:00+00:00
[2025-08-07T17:23:47.327+0000] {logging_mixin.py:190} INFO - [2025-08-07T17:23:47.327+0000] {dag.py:4180} INFO - Setting next_dagrun for dataset_with_extra_by_yield to 2025-08-06 00:00:00+00:00, run_after=2025-08-07 00:00:00+00:00
[2025-08-07T17:23:47.332+0000] {logging_mixin.py:190} INFO - [2025-08-07T17:23:47.331+0000] {dag.py:4180} INFO - Setting next_dagrun for dataset_with_extra_from_classic_operator to 2025-08-06 00:00:00+00:00, run_after=2025-08-07 00:00:00+00:00
[2025-08-07T17:23:47.358+0000] {processor.py:208} INFO - Processing /home/airflow/.local/lib/python3.12/site-packages/airflow/example_dags/example_outlet_event_extra.py took 0.772 seconds
[2025-08-07T17:24:01.535+0000] {processor.py:186} INFO - Started process (PID=1610) to work on /home/airflow/.local/lib/python3.12/site-packages/airflow/example_dags/example_outlet_event_extra.py
[2025-08-07T17:24:01.537+0000] {processor.py:914} INFO - Processing file /home/airflow/.local/lib/python3.12/site-packages/airflow/example_dags/example_outlet_event_extra.py for tasks to queue
[2025-08-07T17:24:01.538+0000] {logging_mixin.py:190} INFO - [2025-08-07T17:24:01.538+0000] {dagbag.py:588} INFO - Filling up the DagBag from /home/airflow/.local/lib/python3.12/site-packages/airflow/example_dags/example_outlet_event_extra.py
[2025-08-07T17:24:02.246+0000] {processor.py:925} INFO - DAG(s) 'dataset_with_extra_from_classic_operator', 'dataset_with_extra_by_yield', 'dataset_with_extra_by_context' retrieved from /home/airflow/.local/lib/python3.12/site-packages/airflow/example_dags/example_outlet_event_extra.py
[2025-08-07T17:24:02.314+0000] {logging_mixin.py:190} INFO - [2025-08-07T17:24:02.314+0000] {dag.py:3239} INFO - Sync 3 DAGs
[2025-08-07T17:24:02.378+0000] {logging_mixin.py:190} INFO - [2025-08-07T17:24:02.377+0000] {dag.py:4180} INFO - Setting next_dagrun for dataset_with_extra_by_context to 2025-08-06 00:00:00+00:00, run_after=2025-08-07 00:00:00+00:00
[2025-08-07T17:24:02.402+0000] {logging_mixin.py:190} INFO - [2025-08-07T17:24:02.401+0000] {dag.py:4180} INFO - Setting next_dagrun for dataset_with_extra_by_yield to 2025-08-06 00:00:00+00:00, run_after=2025-08-07 00:00:00+00:00
[2025-08-07T17:24:02.414+0000] {logging_mixin.py:190} INFO - [2025-08-07T17:24:02.413+0000] {dag.py:4180} INFO - Setting next_dagrun for dataset_with_extra_from_classic_operator to 2025-08-06 00:00:00+00:00, run_after=2025-08-07 00:00:00+00:00
[2025-08-07T17:24:02.490+0000] {processor.py:208} INFO - Processing /home/airflow/.local/lib/python3.12/site-packages/airflow/example_dags/example_outlet_event_extra.py took 0.959 seconds
[2025-08-07T17:24:15.130+0000] {processor.py:186} INFO - Started process (PID=1676) to work on /home/airflow/.local/lib/python3.12/site-packages/airflow/example_dags/example_outlet_event_extra.py
[2025-08-07T17:24:15.131+0000] {processor.py:914} INFO - Processing file /home/airflow/.local/lib/python3.12/site-packages/airflow/example_dags/example_outlet_event_extra.py for tasks to queue
[2025-08-07T17:24:15.134+0000] {logging_mixin.py:190} INFO - [2025-08-07T17:24:15.133+0000] {dagbag.py:588} INFO - Filling up the DagBag from /home/airflow/.local/lib/python3.12/site-packages/airflow/example_dags/example_outlet_event_extra.py
[2025-08-07T17:24:15.798+0000] {processor.py:925} INFO - DAG(s) 'dataset_with_extra_from_classic_operator', 'dataset_with_extra_by_yield', 'dataset_with_extra_by_context' retrieved from /home/airflow/.local/lib/python3.12/site-packages/airflow/example_dags/example_outlet_event_extra.py
[2025-08-07T17:24:15.825+0000] {logging_mixin.py:190} INFO - [2025-08-07T17:24:15.824+0000] {dag.py:3239} INFO - Sync 3 DAGs
[2025-08-07T17:24:15.854+0000] {logging_mixin.py:190} INFO - [2025-08-07T17:24:15.853+0000] {dag.py:4180} INFO - Setting next_dagrun for dataset_with_extra_by_context to 2025-08-06 00:00:00+00:00, run_after=2025-08-07 00:00:00+00:00
[2025-08-07T17:24:15.860+0000] {logging_mixin.py:190} INFO - [2025-08-07T17:24:15.859+0000] {dag.py:4180} INFO - Setting next_dagrun for dataset_with_extra_by_yield to 2025-08-06 00:00:00+00:00, run_after=2025-08-07 00:00:00+00:00
[2025-08-07T17:24:15.864+0000] {logging_mixin.py:190} INFO - [2025-08-07T17:24:15.864+0000] {dag.py:4180} INFO - Setting next_dagrun for dataset_with_extra_from_classic_operator to 2025-08-06 00:00:00+00:00, run_after=2025-08-07 00:00:00+00:00
[2025-08-07T17:24:15.889+0000] {processor.py:208} INFO - Processing /home/airflow/.local/lib/python3.12/site-packages/airflow/example_dags/example_outlet_event_extra.py took 0.764 seconds
[2025-08-07T17:24:46.415+0000] {processor.py:186} INFO - Started process (PID=1744) to work on /home/airflow/.local/lib/python3.12/site-packages/airflow/example_dags/example_outlet_event_extra.py
[2025-08-07T17:24:46.417+0000] {processor.py:914} INFO - Processing file /home/airflow/.local/lib/python3.12/site-packages/airflow/example_dags/example_outlet_event_extra.py for tasks to queue
[2025-08-07T17:24:46.419+0000] {logging_mixin.py:190} INFO - [2025-08-07T17:24:46.418+0000] {dagbag.py:588} INFO - Filling up the DagBag from /home/airflow/.local/lib/python3.12/site-packages/airflow/example_dags/example_outlet_event_extra.py
[2025-08-07T17:24:47.075+0000] {processor.py:925} INFO - DAG(s) 'dataset_with_extra_from_classic_operator', 'dataset_with_extra_by_context', 'dataset_with_extra_by_yield' retrieved from /home/airflow/.local/lib/python3.12/site-packages/airflow/example_dags/example_outlet_event_extra.py
[2025-08-07T17:24:47.106+0000] {logging_mixin.py:190} INFO - [2025-08-07T17:24:47.106+0000] {dag.py:3239} INFO - Sync 3 DAGs
[2025-08-07T17:24:47.141+0000] {logging_mixin.py:190} INFO - [2025-08-07T17:24:47.140+0000] {dag.py:4180} INFO - Setting next_dagrun for dataset_with_extra_by_context to 2025-08-06 00:00:00+00:00, run_after=2025-08-07 00:00:00+00:00
[2025-08-07T17:24:47.148+0000] {logging_mixin.py:190} INFO - [2025-08-07T17:24:47.147+0000] {dag.py:4180} INFO - Setting next_dagrun for dataset_with_extra_by_yield to 2025-08-06 00:00:00+00:00, run_after=2025-08-07 00:00:00+00:00
[2025-08-07T17:24:47.152+0000] {logging_mixin.py:190} INFO - [2025-08-07T17:24:47.152+0000] {dag.py:4180} INFO - Setting next_dagrun for dataset_with_extra_from_classic_operator to 2025-08-06 00:00:00+00:00, run_after=2025-08-07 00:00:00+00:00
[2025-08-07T17:24:47.186+0000] {processor.py:208} INFO - Processing /home/airflow/.local/lib/python3.12/site-packages/airflow/example_dags/example_outlet_event_extra.py took 0.776 seconds
[2025-08-07T17:25:01.585+0000] {processor.py:186} INFO - Started process (PID=1803) to work on /home/airflow/.local/lib/python3.12/site-packages/airflow/example_dags/example_outlet_event_extra.py
[2025-08-07T17:25:01.586+0000] {processor.py:914} INFO - Processing file /home/airflow/.local/lib/python3.12/site-packages/airflow/example_dags/example_outlet_event_extra.py for tasks to queue
[2025-08-07T17:25:01.589+0000] {logging_mixin.py:190} INFO - [2025-08-07T17:25:01.588+0000] {dagbag.py:588} INFO - Filling up the DagBag from /home/airflow/.local/lib/python3.12/site-packages/airflow/example_dags/example_outlet_event_extra.py
[2025-08-07T17:25:02.317+0000] {processor.py:925} INFO - DAG(s) 'dataset_with_extra_by_context', 'dataset_with_extra_by_yield', 'dataset_with_extra_from_classic_operator' retrieved from /home/airflow/.local/lib/python3.12/site-packages/airflow/example_dags/example_outlet_event_extra.py
[2025-08-07T17:25:02.380+0000] {logging_mixin.py:190} INFO - [2025-08-07T17:25:02.380+0000] {dag.py:3239} INFO - Sync 3 DAGs
[2025-08-07T17:25:02.430+0000] {logging_mixin.py:190} INFO - [2025-08-07T17:25:02.430+0000] {dag.py:4180} INFO - Setting next_dagrun for dataset_with_extra_by_context to 2025-08-06 00:00:00+00:00, run_after=2025-08-07 00:00:00+00:00
[2025-08-07T17:25:02.439+0000] {logging_mixin.py:190} INFO - [2025-08-07T17:25:02.439+0000] {dag.py:4180} INFO - Setting next_dagrun for dataset_with_extra_by_yield to 2025-08-06 00:00:00+00:00, run_after=2025-08-07 00:00:00+00:00
[2025-08-07T17:25:02.446+0000] {logging_mixin.py:190} INFO - [2025-08-07T17:25:02.445+0000] {dag.py:4180} INFO - Setting next_dagrun for dataset_with_extra_from_classic_operator to 2025-08-06 00:00:00+00:00, run_after=2025-08-07 00:00:00+00:00
[2025-08-07T17:25:02.480+0000] {processor.py:208} INFO - Processing /home/airflow/.local/lib/python3.12/site-packages/airflow/example_dags/example_outlet_event_extra.py took 0.900 seconds
[2025-08-07T17:25:15.284+0000] {processor.py:186} INFO - Started process (PID=1865) to work on /home/airflow/.local/lib/python3.12/site-packages/airflow/example_dags/example_outlet_event_extra.py
[2025-08-07T17:25:15.285+0000] {processor.py:914} INFO - Processing file /home/airflow/.local/lib/python3.12/site-packages/airflow/example_dags/example_outlet_event_extra.py for tasks to queue
[2025-08-07T17:25:15.287+0000] {logging_mixin.py:190} INFO - [2025-08-07T17:25:15.287+0000] {dagbag.py:588} INFO - Filling up the DagBag from /home/airflow/.local/lib/python3.12/site-packages/airflow/example_dags/example_outlet_event_extra.py
[2025-08-07T17:25:15.978+0000] {processor.py:925} INFO - DAG(s) 'dataset_with_extra_by_yield', 'dataset_with_extra_from_classic_operator', 'dataset_with_extra_by_context' retrieved from /home/airflow/.local/lib/python3.12/site-packages/airflow/example_dags/example_outlet_event_extra.py
[2025-08-07T17:25:16.015+0000] {logging_mixin.py:190} INFO - [2025-08-07T17:25:16.015+0000] {dag.py:3239} INFO - Sync 3 DAGs
[2025-08-07T17:25:16.044+0000] {logging_mixin.py:190} INFO - [2025-08-07T17:25:16.044+0000] {dag.py:4180} INFO - Setting next_dagrun for dataset_with_extra_by_context to 2025-08-06 00:00:00+00:00, run_after=2025-08-07 00:00:00+00:00
[2025-08-07T17:25:16.051+0000] {logging_mixin.py:190} INFO - [2025-08-07T17:25:16.051+0000] {dag.py:4180} INFO - Setting next_dagrun for dataset_with_extra_by_yield to 2025-08-06 00:00:00+00:00, run_after=2025-08-07 00:00:00+00:00
[2025-08-07T17:25:16.056+0000] {logging_mixin.py:190} INFO - [2025-08-07T17:25:16.055+0000] {dag.py:4180} INFO - Setting next_dagrun for dataset_with_extra_from_classic_operator to 2025-08-06 00:00:00+00:00, run_after=2025-08-07 00:00:00+00:00
[2025-08-07T17:25:16.090+0000] {processor.py:208} INFO - Processing /home/airflow/.local/lib/python3.12/site-packages/airflow/example_dags/example_outlet_event_extra.py took 0.812 seconds
[2025-08-07T17:25:44.066+0000] {processor.py:186} INFO - Started process (PID=1930) to work on /home/airflow/.local/lib/python3.12/site-packages/airflow/example_dags/example_outlet_event_extra.py
[2025-08-07T17:25:44.067+0000] {processor.py:914} INFO - Processing file /home/airflow/.local/lib/python3.12/site-packages/airflow/example_dags/example_outlet_event_extra.py for tasks to queue
[2025-08-07T17:25:44.069+0000] {logging_mixin.py:190} INFO - [2025-08-07T17:25:44.069+0000] {dagbag.py:588} INFO - Filling up the DagBag from /home/airflow/.local/lib/python3.12/site-packages/airflow/example_dags/example_outlet_event_extra.py
[2025-08-07T17:25:45.001+0000] {processor.py:925} INFO - DAG(s) 'dataset_with_extra_from_classic_operator', 'dataset_with_extra_by_context', 'dataset_with_extra_by_yield' retrieved from /home/airflow/.local/lib/python3.12/site-packages/airflow/example_dags/example_outlet_event_extra.py
[2025-08-07T17:25:45.031+0000] {logging_mixin.py:190} INFO - [2025-08-07T17:25:45.030+0000] {dag.py:3239} INFO - Sync 3 DAGs
[2025-08-07T17:25:45.093+0000] {logging_mixin.py:190} INFO - [2025-08-07T17:25:45.092+0000] {dag.py:4180} INFO - Setting next_dagrun for dataset_with_extra_by_context to 2025-08-06 00:00:00+00:00, run_after=2025-08-07 00:00:00+00:00
[2025-08-07T17:25:45.101+0000] {logging_mixin.py:190} INFO - [2025-08-07T17:25:45.100+0000] {dag.py:4180} INFO - Setting next_dagrun for dataset_with_extra_by_yield to 2025-08-06 00:00:00+00:00, run_after=2025-08-07 00:00:00+00:00
[2025-08-07T17:25:45.107+0000] {logging_mixin.py:190} INFO - [2025-08-07T17:25:45.106+0000] {dag.py:4180} INFO - Setting next_dagrun for dataset_with_extra_from_classic_operator to 2025-08-06 00:00:00+00:00, run_after=2025-08-07 00:00:00+00:00
[2025-08-07T17:25:45.141+0000] {processor.py:208} INFO - Processing /home/airflow/.local/lib/python3.12/site-packages/airflow/example_dags/example_outlet_event_extra.py took 1.081 seconds
[2025-08-07T17:26:15.531+0000] {processor.py:186} INFO - Started process (PID=1994) to work on /home/airflow/.local/lib/python3.12/site-packages/airflow/example_dags/example_outlet_event_extra.py
[2025-08-07T17:26:15.533+0000] {processor.py:914} INFO - Processing file /home/airflow/.local/lib/python3.12/site-packages/airflow/example_dags/example_outlet_event_extra.py for tasks to queue
[2025-08-07T17:26:15.537+0000] {logging_mixin.py:190} INFO - [2025-08-07T17:26:15.536+0000] {dagbag.py:588} INFO - Filling up the DagBag from /home/airflow/.local/lib/python3.12/site-packages/airflow/example_dags/example_outlet_event_extra.py
[2025-08-07T17:26:16.178+0000] {processor.py:925} INFO - DAG(s) 'dataset_with_extra_by_context', 'dataset_with_extra_by_yield', 'dataset_with_extra_from_classic_operator' retrieved from /home/airflow/.local/lib/python3.12/site-packages/airflow/example_dags/example_outlet_event_extra.py
[2025-08-07T17:26:16.213+0000] {logging_mixin.py:190} INFO - [2025-08-07T17:26:16.212+0000] {dag.py:3239} INFO - Sync 3 DAGs
[2025-08-07T17:26:16.242+0000] {logging_mixin.py:190} INFO - [2025-08-07T17:26:16.242+0000] {dag.py:4180} INFO - Setting next_dagrun for dataset_with_extra_by_context to 2025-08-06 00:00:00+00:00, run_after=2025-08-07 00:00:00+00:00
[2025-08-07T17:26:16.251+0000] {logging_mixin.py:190} INFO - [2025-08-07T17:26:16.250+0000] {dag.py:4180} INFO - Setting next_dagrun for dataset_with_extra_by_yield to 2025-08-06 00:00:00+00:00, run_after=2025-08-07 00:00:00+00:00
[2025-08-07T17:26:16.257+0000] {logging_mixin.py:190} INFO - [2025-08-07T17:26:16.257+0000] {dag.py:4180} INFO - Setting next_dagrun for dataset_with_extra_from_classic_operator to 2025-08-06 00:00:00+00:00, run_after=2025-08-07 00:00:00+00:00
[2025-08-07T17:26:16.287+0000] {processor.py:208} INFO - Processing /home/airflow/.local/lib/python3.12/site-packages/airflow/example_dags/example_outlet_event_extra.py took 0.767 seconds
[2025-08-07T17:26:46.790+0000] {processor.py:186} INFO - Started process (PID=2057) to work on /home/airflow/.local/lib/python3.12/site-packages/airflow/example_dags/example_outlet_event_extra.py
[2025-08-07T17:26:46.792+0000] {processor.py:914} INFO - Processing file /home/airflow/.local/lib/python3.12/site-packages/airflow/example_dags/example_outlet_event_extra.py for tasks to queue
[2025-08-07T17:26:46.794+0000] {logging_mixin.py:190} INFO - [2025-08-07T17:26:46.794+0000] {dagbag.py:588} INFO - Filling up the DagBag from /home/airflow/.local/lib/python3.12/site-packages/airflow/example_dags/example_outlet_event_extra.py
[2025-08-07T17:26:47.458+0000] {processor.py:925} INFO - DAG(s) 'dataset_with_extra_by_yield', 'dataset_with_extra_from_classic_operator', 'dataset_with_extra_by_context' retrieved from /home/airflow/.local/lib/python3.12/site-packages/airflow/example_dags/example_outlet_event_extra.py
[2025-08-07T17:26:47.491+0000] {logging_mixin.py:190} INFO - [2025-08-07T17:26:47.491+0000] {dag.py:3239} INFO - Sync 3 DAGs
[2025-08-07T17:26:47.520+0000] {logging_mixin.py:190} INFO - [2025-08-07T17:26:47.520+0000] {dag.py:4180} INFO - Setting next_dagrun for dataset_with_extra_by_context to 2025-08-06 00:00:00+00:00, run_after=2025-08-07 00:00:00+00:00
[2025-08-07T17:26:47.527+0000] {logging_mixin.py:190} INFO - [2025-08-07T17:26:47.527+0000] {dag.py:4180} INFO - Setting next_dagrun for dataset_with_extra_by_yield to 2025-08-06 00:00:00+00:00, run_after=2025-08-07 00:00:00+00:00
[2025-08-07T17:26:47.533+0000] {logging_mixin.py:190} INFO - [2025-08-07T17:26:47.533+0000] {dag.py:4180} INFO - Setting next_dagrun for dataset_with_extra_from_classic_operator to 2025-08-06 00:00:00+00:00, run_after=2025-08-07 00:00:00+00:00
[2025-08-07T17:26:47.562+0000] {processor.py:208} INFO - Processing /home/airflow/.local/lib/python3.12/site-packages/airflow/example_dags/example_outlet_event_extra.py took 0.780 seconds
[2025-08-07T17:26:56.991+0000] {processor.py:186} INFO - Started process (PID=2117) to work on /home/airflow/.local/lib/python3.12/site-packages/airflow/example_dags/example_outlet_event_extra.py
[2025-08-07T17:26:56.994+0000] {processor.py:914} INFO - Processing file /home/airflow/.local/lib/python3.12/site-packages/airflow/example_dags/example_outlet_event_extra.py for tasks to queue
[2025-08-07T17:26:56.996+0000] {logging_mixin.py:190} INFO - [2025-08-07T17:26:56.995+0000] {dagbag.py:588} INFO - Filling up the DagBag from /home/airflow/.local/lib/python3.12/site-packages/airflow/example_dags/example_outlet_event_extra.py
[2025-08-07T17:26:57.703+0000] {processor.py:925} INFO - DAG(s) 'dataset_with_extra_by_context', 'dataset_with_extra_by_yield', 'dataset_with_extra_from_classic_operator' retrieved from /home/airflow/.local/lib/python3.12/site-packages/airflow/example_dags/example_outlet_event_extra.py
[2025-08-07T17:26:57.736+0000] {logging_mixin.py:190} INFO - [2025-08-07T17:26:57.736+0000] {dag.py:3239} INFO - Sync 3 DAGs
[2025-08-07T17:26:57.768+0000] {logging_mixin.py:190} INFO - [2025-08-07T17:26:57.768+0000] {dag.py:4180} INFO - Setting next_dagrun for dataset_with_extra_by_context to 2025-08-06 00:00:00+00:00, run_after=2025-08-07 00:00:00+00:00
[2025-08-07T17:26:57.775+0000] {logging_mixin.py:190} INFO - [2025-08-07T17:26:57.775+0000] {dag.py:4180} INFO - Setting next_dagrun for dataset_with_extra_by_yield to 2025-08-06 00:00:00+00:00, run_after=2025-08-07 00:00:00+00:00
[2025-08-07T17:26:57.779+0000] {logging_mixin.py:190} INFO - [2025-08-07T17:26:57.779+0000] {dag.py:4180} INFO - Setting next_dagrun for dataset_with_extra_from_classic_operator to 2025-08-06 00:00:00+00:00, run_after=2025-08-07 00:00:00+00:00
[2025-08-07T17:26:57.810+0000] {processor.py:208} INFO - Processing /home/airflow/.local/lib/python3.12/site-packages/airflow/example_dags/example_outlet_event_extra.py took 0.827 seconds
[2025-08-07T17:27:28.561+0000] {processor.py:186} INFO - Started process (PID=2182) to work on /home/airflow/.local/lib/python3.12/site-packages/airflow/example_dags/example_outlet_event_extra.py
[2025-08-07T17:27:28.563+0000] {processor.py:914} INFO - Processing file /home/airflow/.local/lib/python3.12/site-packages/airflow/example_dags/example_outlet_event_extra.py for tasks to queue
[2025-08-07T17:27:28.565+0000] {logging_mixin.py:190} INFO - [2025-08-07T17:27:28.565+0000] {dagbag.py:588} INFO - Filling up the DagBag from /home/airflow/.local/lib/python3.12/site-packages/airflow/example_dags/example_outlet_event_extra.py
[2025-08-07T17:27:29.315+0000] {processor.py:925} INFO - DAG(s) 'dataset_with_extra_from_classic_operator', 'dataset_with_extra_by_context', 'dataset_with_extra_by_yield' retrieved from /home/airflow/.local/lib/python3.12/site-packages/airflow/example_dags/example_outlet_event_extra.py
[2025-08-07T17:27:29.346+0000] {logging_mixin.py:190} INFO - [2025-08-07T17:27:29.346+0000] {dag.py:3239} INFO - Sync 3 DAGs
[2025-08-07T17:27:29.377+0000] {logging_mixin.py:190} INFO - [2025-08-07T17:27:29.377+0000] {dag.py:4180} INFO - Setting next_dagrun for dataset_with_extra_by_context to 2025-08-06 00:00:00+00:00, run_after=2025-08-07 00:00:00+00:00
[2025-08-07T17:27:29.384+0000] {logging_mixin.py:190} INFO - [2025-08-07T17:27:29.384+0000] {dag.py:4180} INFO - Setting next_dagrun for dataset_with_extra_by_yield to 2025-08-06 00:00:00+00:00, run_after=2025-08-07 00:00:00+00:00
[2025-08-07T17:27:29.388+0000] {logging_mixin.py:190} INFO - [2025-08-07T17:27:29.387+0000] {dag.py:4180} INFO - Setting next_dagrun for dataset_with_extra_from_classic_operator to 2025-08-06 00:00:00+00:00, run_after=2025-08-07 00:00:00+00:00
[2025-08-07T17:27:29.418+0000] {processor.py:208} INFO - Processing /home/airflow/.local/lib/python3.12/site-packages/airflow/example_dags/example_outlet_event_extra.py took 0.863 seconds
[2025-08-07T17:27:57.600+0000] {processor.py:186} INFO - Started process (PID=2245) to work on /home/airflow/.local/lib/python3.12/site-packages/airflow/example_dags/example_outlet_event_extra.py
[2025-08-07T17:27:57.602+0000] {processor.py:914} INFO - Processing file /home/airflow/.local/lib/python3.12/site-packages/airflow/example_dags/example_outlet_event_extra.py for tasks to queue
[2025-08-07T17:27:57.604+0000] {logging_mixin.py:190} INFO - [2025-08-07T17:27:57.603+0000] {dagbag.py:588} INFO - Filling up the DagBag from /home/airflow/.local/lib/python3.12/site-packages/airflow/example_dags/example_outlet_event_extra.py
[2025-08-07T17:27:58.284+0000] {processor.py:925} INFO - DAG(s) 'dataset_with_extra_from_classic_operator', 'dataset_with_extra_by_context', 'dataset_with_extra_by_yield' retrieved from /home/airflow/.local/lib/python3.12/site-packages/airflow/example_dags/example_outlet_event_extra.py
[2025-08-07T17:27:58.315+0000] {logging_mixin.py:190} INFO - [2025-08-07T17:27:58.315+0000] {dag.py:3239} INFO - Sync 3 DAGs
[2025-08-07T17:27:58.348+0000] {logging_mixin.py:190} INFO - [2025-08-07T17:27:58.348+0000] {dag.py:4180} INFO - Setting next_dagrun for dataset_with_extra_by_context to 2025-08-06 00:00:00+00:00, run_after=2025-08-07 00:00:00+00:00
[2025-08-07T17:27:58.355+0000] {logging_mixin.py:190} INFO - [2025-08-07T17:27:58.355+0000] {dag.py:4180} INFO - Setting next_dagrun for dataset_with_extra_by_yield to 2025-08-06 00:00:00+00:00, run_after=2025-08-07 00:00:00+00:00
[2025-08-07T17:27:58.360+0000] {logging_mixin.py:190} INFO - [2025-08-07T17:27:58.360+0000] {dag.py:4180} INFO - Setting next_dagrun for dataset_with_extra_from_classic_operator to 2025-08-06 00:00:00+00:00, run_after=2025-08-07 00:00:00+00:00
[2025-08-07T17:27:58.393+0000] {processor.py:208} INFO - Processing /home/airflow/.local/lib/python3.12/site-packages/airflow/example_dags/example_outlet_event_extra.py took 0.800 seconds
[2025-08-07T17:28:28.459+0000] {processor.py:186} INFO - Started process (PID=2313) to work on /home/airflow/.local/lib/python3.12/site-packages/airflow/example_dags/example_outlet_event_extra.py
[2025-08-07T17:28:28.460+0000] {processor.py:914} INFO - Processing file /home/airflow/.local/lib/python3.12/site-packages/airflow/example_dags/example_outlet_event_extra.py for tasks to queue
[2025-08-07T17:28:28.463+0000] {logging_mixin.py:190} INFO - [2025-08-07T17:28:28.463+0000] {dagbag.py:588} INFO - Filling up the DagBag from /home/airflow/.local/lib/python3.12/site-packages/airflow/example_dags/example_outlet_event_extra.py
[2025-08-07T17:29:17.368+0000] {processor.py:186} INFO - Started process (PID=2498) to work on /home/airflow/.local/lib/python3.12/site-packages/airflow/example_dags/example_outlet_event_extra.py
[2025-08-07T17:29:17.371+0000] {processor.py:914} INFO - Processing file /home/airflow/.local/lib/python3.12/site-packages/airflow/example_dags/example_outlet_event_extra.py for tasks to queue
[2025-08-07T17:29:17.373+0000] {logging_mixin.py:190} INFO - [2025-08-07T17:29:17.372+0000] {dagbag.py:588} INFO - Filling up the DagBag from /home/airflow/.local/lib/python3.12/site-packages/airflow/example_dags/example_outlet_event_extra.py
[2025-08-07T17:29:18.198+0000] {processor.py:925} INFO - DAG(s) 'dataset_with_extra_by_context', 'dataset_with_extra_from_classic_operator', 'dataset_with_extra_by_yield' retrieved from /home/airflow/.local/lib/python3.12/site-packages/airflow/example_dags/example_outlet_event_extra.py
[2025-08-07T17:29:18.427+0000] {logging_mixin.py:190} INFO - [2025-08-07T17:29:18.426+0000] {dag.py:3239} INFO - Sync 3 DAGs
[2025-08-07T17:29:18.461+0000] {logging_mixin.py:190} INFO - [2025-08-07T17:29:18.461+0000] {dag.py:4180} INFO - Setting next_dagrun for dataset_with_extra_by_context to 2025-08-06 00:00:00+00:00, run_after=2025-08-07 00:00:00+00:00
[2025-08-07T17:29:18.471+0000] {logging_mixin.py:190} INFO - [2025-08-07T17:29:18.471+0000] {dag.py:4180} INFO - Setting next_dagrun for dataset_with_extra_by_yield to 2025-08-06 00:00:00+00:00, run_after=2025-08-07 00:00:00+00:00
[2025-08-07T17:29:18.475+0000] {logging_mixin.py:190} INFO - [2025-08-07T17:29:18.475+0000] {dag.py:4180} INFO - Setting next_dagrun for dataset_with_extra_from_classic_operator to 2025-08-06 00:00:00+00:00, run_after=2025-08-07 00:00:00+00:00
[2025-08-07T17:29:18.514+0000] {processor.py:208} INFO - Processing /home/airflow/.local/lib/python3.12/site-packages/airflow/example_dags/example_outlet_event_extra.py took 1.153 seconds
[2025-08-07T17:29:48.860+0000] {processor.py:186} INFO - Started process (PID=2562) to work on /home/airflow/.local/lib/python3.12/site-packages/airflow/example_dags/example_outlet_event_extra.py
[2025-08-07T17:29:48.861+0000] {processor.py:914} INFO - Processing file /home/airflow/.local/lib/python3.12/site-packages/airflow/example_dags/example_outlet_event_extra.py for tasks to queue
[2025-08-07T17:29:48.864+0000] {logging_mixin.py:190} INFO - [2025-08-07T17:29:48.863+0000] {dagbag.py:588} INFO - Filling up the DagBag from /home/airflow/.local/lib/python3.12/site-packages/airflow/example_dags/example_outlet_event_extra.py
[2025-08-07T17:29:49.271+0000] {processor.py:925} INFO - DAG(s) 'dataset_with_extra_from_classic_operator', 'dataset_with_extra_by_context', 'dataset_with_extra_by_yield' retrieved from /home/airflow/.local/lib/python3.12/site-packages/airflow/example_dags/example_outlet_event_extra.py
[2025-08-07T17:29:49.310+0000] {logging_mixin.py:190} INFO - [2025-08-07T17:29:49.310+0000] {dag.py:3239} INFO - Sync 3 DAGs
[2025-08-07T17:29:49.350+0000] {logging_mixin.py:190} INFO - [2025-08-07T17:29:49.349+0000] {dag.py:4180} INFO - Setting next_dagrun for dataset_with_extra_by_context to 2025-08-06 00:00:00+00:00, run_after=2025-08-07 00:00:00+00:00
[2025-08-07T17:29:49.359+0000] {logging_mixin.py:190} INFO - [2025-08-07T17:29:49.359+0000] {dag.py:4180} INFO - Setting next_dagrun for dataset_with_extra_by_yield to 2025-08-06 00:00:00+00:00, run_after=2025-08-07 00:00:00+00:00
[2025-08-07T17:29:49.365+0000] {logging_mixin.py:190} INFO - [2025-08-07T17:29:49.365+0000] {dag.py:4180} INFO - Setting next_dagrun for dataset_with_extra_from_classic_operator to 2025-08-06 00:00:00+00:00, run_after=2025-08-07 00:00:00+00:00
[2025-08-07T17:29:49.396+0000] {processor.py:208} INFO - Processing /home/airflow/.local/lib/python3.12/site-packages/airflow/example_dags/example_outlet_event_extra.py took 0.968 seconds
[2025-08-07T17:30:19.920+0000] {processor.py:186} INFO - Started process (PID=2626) to work on /home/airflow/.local/lib/python3.12/site-packages/airflow/example_dags/example_outlet_event_extra.py
[2025-08-07T17:30:19.922+0000] {processor.py:914} INFO - Processing file /home/airflow/.local/lib/python3.12/site-packages/airflow/example_dags/example_outlet_event_extra.py for tasks to queue
[2025-08-07T17:30:19.924+0000] {logging_mixin.py:190} INFO - [2025-08-07T17:30:19.923+0000] {dagbag.py:588} INFO - Filling up the DagBag from /home/airflow/.local/lib/python3.12/site-packages/airflow/example_dags/example_outlet_event_extra.py
[2025-08-07T17:30:20.584+0000] {processor.py:925} INFO - DAG(s) 'dataset_with_extra_by_context', 'dataset_with_extra_by_yield', 'dataset_with_extra_from_classic_operator' retrieved from /home/airflow/.local/lib/python3.12/site-packages/airflow/example_dags/example_outlet_event_extra.py
[2025-08-07T17:30:20.619+0000] {logging_mixin.py:190} INFO - [2025-08-07T17:30:20.619+0000] {dag.py:3239} INFO - Sync 3 DAGs
[2025-08-07T17:30:20.652+0000] {logging_mixin.py:190} INFO - [2025-08-07T17:30:20.652+0000] {dag.py:4180} INFO - Setting next_dagrun for dataset_with_extra_by_context to 2025-08-06 00:00:00+00:00, run_after=2025-08-07 00:00:00+00:00
[2025-08-07T17:30:20.660+0000] {logging_mixin.py:190} INFO - [2025-08-07T17:30:20.660+0000] {dag.py:4180} INFO - Setting next_dagrun for dataset_with_extra_by_yield to 2025-08-06 00:00:00+00:00, run_after=2025-08-07 00:00:00+00:00
[2025-08-07T17:30:20.667+0000] {logging_mixin.py:190} INFO - [2025-08-07T17:30:20.667+0000] {dag.py:4180} INFO - Setting next_dagrun for dataset_with_extra_from_classic_operator to 2025-08-06 00:00:00+00:00, run_after=2025-08-07 00:00:00+00:00
[2025-08-07T17:30:20.703+0000] {processor.py:208} INFO - Processing /home/airflow/.local/lib/python3.12/site-packages/airflow/example_dags/example_outlet_event_extra.py took 0.789 seconds
[2025-08-07T17:42:37.131+0000] {processor.py:186} INFO - Started process (PID=2704) to work on /home/airflow/.local/lib/python3.12/site-packages/airflow/example_dags/example_outlet_event_extra.py
[2025-08-07T17:42:37.133+0000] {processor.py:914} INFO - Processing file /home/airflow/.local/lib/python3.12/site-packages/airflow/example_dags/example_outlet_event_extra.py for tasks to queue
[2025-08-07T17:42:37.139+0000] {logging_mixin.py:190} INFO - [2025-08-07T17:42:37.135+0000] {dagbag.py:588} INFO - Filling up the DagBag from /home/airflow/.local/lib/python3.12/site-packages/airflow/example_dags/example_outlet_event_extra.py
[2025-08-07T17:42:38.149+0000] {processor.py:925} INFO - DAG(s) 'dataset_with_extra_from_classic_operator', 'dataset_with_extra_by_context', 'dataset_with_extra_by_yield' retrieved from /home/airflow/.local/lib/python3.12/site-packages/airflow/example_dags/example_outlet_event_extra.py
[2025-08-07T17:42:38.204+0000] {logging_mixin.py:190} INFO - [2025-08-07T17:42:38.203+0000] {dag.py:3239} INFO - Sync 3 DAGs
[2025-08-07T17:42:38.251+0000] {logging_mixin.py:190} INFO - [2025-08-07T17:42:38.250+0000] {dag.py:4180} INFO - Setting next_dagrun for dataset_with_extra_by_context to 2025-08-06 00:00:00+00:00, run_after=2025-08-07 00:00:00+00:00
[2025-08-07T17:42:38.263+0000] {logging_mixin.py:190} INFO - [2025-08-07T17:42:38.263+0000] {dag.py:4180} INFO - Setting next_dagrun for dataset_with_extra_by_yield to 2025-08-06 00:00:00+00:00, run_after=2025-08-07 00:00:00+00:00
[2025-08-07T17:42:38.270+0000] {logging_mixin.py:190} INFO - [2025-08-07T17:42:38.270+0000] {dag.py:4180} INFO - Setting next_dagrun for dataset_with_extra_from_classic_operator to 2025-08-06 00:00:00+00:00, run_after=2025-08-07 00:00:00+00:00
[2025-08-07T17:42:38.312+0000] {processor.py:208} INFO - Processing /home/airflow/.local/lib/python3.12/site-packages/airflow/example_dags/example_outlet_event_extra.py took 1.192 seconds
[2025-08-07T17:43:09.270+0000] {processor.py:186} INFO - Started process (PID=2772) to work on /home/airflow/.local/lib/python3.12/site-packages/airflow/example_dags/example_outlet_event_extra.py
[2025-08-07T17:43:09.271+0000] {processor.py:914} INFO - Processing file /home/airflow/.local/lib/python3.12/site-packages/airflow/example_dags/example_outlet_event_extra.py for tasks to queue
[2025-08-07T17:43:09.272+0000] {logging_mixin.py:190} INFO - [2025-08-07T17:43:09.272+0000] {dagbag.py:588} INFO - Filling up the DagBag from /home/airflow/.local/lib/python3.12/site-packages/airflow/example_dags/example_outlet_event_extra.py
[2025-08-07T17:43:10.159+0000] {processor.py:925} INFO - DAG(s) 'dataset_with_extra_by_context', 'dataset_with_extra_by_yield', 'dataset_with_extra_from_classic_operator' retrieved from /home/airflow/.local/lib/python3.12/site-packages/airflow/example_dags/example_outlet_event_extra.py
[2025-08-07T17:43:10.218+0000] {logging_mixin.py:190} INFO - [2025-08-07T17:43:10.218+0000] {dag.py:3239} INFO - Sync 3 DAGs
[2025-08-07T17:43:10.270+0000] {logging_mixin.py:190} INFO - [2025-08-07T17:43:10.270+0000] {dag.py:4180} INFO - Setting next_dagrun for dataset_with_extra_by_context to 2025-08-06 00:00:00+00:00, run_after=2025-08-07 00:00:00+00:00
[2025-08-07T17:43:10.281+0000] {logging_mixin.py:190} INFO - [2025-08-07T17:43:10.281+0000] {dag.py:4180} INFO - Setting next_dagrun for dataset_with_extra_by_yield to 2025-08-06 00:00:00+00:00, run_after=2025-08-07 00:00:00+00:00
[2025-08-07T17:43:10.288+0000] {logging_mixin.py:190} INFO - [2025-08-07T17:43:10.288+0000] {dag.py:4180} INFO - Setting next_dagrun for dataset_with_extra_from_classic_operator to 2025-08-06 00:00:00+00:00, run_after=2025-08-07 00:00:00+00:00
[2025-08-07T17:43:10.356+0000] {processor.py:208} INFO - Processing /home/airflow/.local/lib/python3.12/site-packages/airflow/example_dags/example_outlet_event_extra.py took 1.096 seconds
[2025-08-07T17:43:26.540+0000] {processor.py:186} INFO - Started process (PID=2834) to work on /home/airflow/.local/lib/python3.12/site-packages/airflow/example_dags/example_outlet_event_extra.py
[2025-08-07T17:43:26.544+0000] {processor.py:914} INFO - Processing file /home/airflow/.local/lib/python3.12/site-packages/airflow/example_dags/example_outlet_event_extra.py for tasks to queue
[2025-08-07T17:43:26.549+0000] {logging_mixin.py:190} INFO - [2025-08-07T17:43:26.549+0000] {dagbag.py:588} INFO - Filling up the DagBag from /home/airflow/.local/lib/python3.12/site-packages/airflow/example_dags/example_outlet_event_extra.py
[2025-08-07T17:43:27.491+0000] {processor.py:925} INFO - DAG(s) 'dataset_with_extra_from_classic_operator', 'dataset_with_extra_by_yield', 'dataset_with_extra_by_context' retrieved from /home/airflow/.local/lib/python3.12/site-packages/airflow/example_dags/example_outlet_event_extra.py
[2025-08-07T17:43:27.530+0000] {logging_mixin.py:190} INFO - [2025-08-07T17:43:27.529+0000] {dag.py:3239} INFO - Sync 3 DAGs
[2025-08-07T17:43:27.569+0000] {logging_mixin.py:190} INFO - [2025-08-07T17:43:27.569+0000] {dag.py:4180} INFO - Setting next_dagrun for dataset_with_extra_by_context to 2025-08-06 00:00:00+00:00, run_after=2025-08-07 00:00:00+00:00
[2025-08-07T17:43:27.578+0000] {logging_mixin.py:190} INFO - [2025-08-07T17:43:27.578+0000] {dag.py:4180} INFO - Setting next_dagrun for dataset_with_extra_by_yield to 2025-08-06 00:00:00+00:00, run_after=2025-08-07 00:00:00+00:00
[2025-08-07T17:43:27.582+0000] {logging_mixin.py:190} INFO - [2025-08-07T17:43:27.582+0000] {dag.py:4180} INFO - Setting next_dagrun for dataset_with_extra_from_classic_operator to 2025-08-06 00:00:00+00:00, run_after=2025-08-07 00:00:00+00:00
[2025-08-07T17:43:27.631+0000] {processor.py:208} INFO - Processing /home/airflow/.local/lib/python3.12/site-packages/airflow/example_dags/example_outlet_event_extra.py took 1.101 seconds
[2025-08-07T17:43:46.357+0000] {processor.py:186} INFO - Started process (PID=2894) to work on /home/airflow/.local/lib/python3.12/site-packages/airflow/example_dags/example_outlet_event_extra.py
[2025-08-07T17:43:46.358+0000] {processor.py:914} INFO - Processing file /home/airflow/.local/lib/python3.12/site-packages/airflow/example_dags/example_outlet_event_extra.py for tasks to queue
[2025-08-07T17:43:46.360+0000] {logging_mixin.py:190} INFO - [2025-08-07T17:43:46.359+0000] {dagbag.py:588} INFO - Filling up the DagBag from /home/airflow/.local/lib/python3.12/site-packages/airflow/example_dags/example_outlet_event_extra.py
[2025-08-07T17:43:47.258+0000] {processor.py:925} INFO - DAG(s) 'dataset_with_extra_by_yield', 'dataset_with_extra_by_context', 'dataset_with_extra_from_classic_operator' retrieved from /home/airflow/.local/lib/python3.12/site-packages/airflow/example_dags/example_outlet_event_extra.py
[2025-08-07T17:43:47.300+0000] {logging_mixin.py:190} INFO - [2025-08-07T17:43:47.300+0000] {dag.py:3239} INFO - Sync 3 DAGs
[2025-08-07T17:43:47.339+0000] {logging_mixin.py:190} INFO - [2025-08-07T17:43:47.339+0000] {dag.py:4180} INFO - Setting next_dagrun for dataset_with_extra_by_context to 2025-08-06 00:00:00+00:00, run_after=2025-08-07 00:00:00+00:00
[2025-08-07T17:43:47.349+0000] {logging_mixin.py:190} INFO - [2025-08-07T17:43:47.349+0000] {dag.py:4180} INFO - Setting next_dagrun for dataset_with_extra_by_yield to 2025-08-06 00:00:00+00:00, run_after=2025-08-07 00:00:00+00:00
[2025-08-07T17:43:47.356+0000] {logging_mixin.py:190} INFO - [2025-08-07T17:43:47.355+0000] {dag.py:4180} INFO - Setting next_dagrun for dataset_with_extra_from_classic_operator to 2025-08-06 00:00:00+00:00, run_after=2025-08-07 00:00:00+00:00
[2025-08-07T17:43:47.391+0000] {processor.py:208} INFO - Processing /home/airflow/.local/lib/python3.12/site-packages/airflow/example_dags/example_outlet_event_extra.py took 1.042 seconds
[2025-08-07T17:44:18.757+0000] {processor.py:186} INFO - Started process (PID=2960) to work on /home/airflow/.local/lib/python3.12/site-packages/airflow/example_dags/example_outlet_event_extra.py
[2025-08-07T17:44:18.758+0000] {processor.py:914} INFO - Processing file /home/airflow/.local/lib/python3.12/site-packages/airflow/example_dags/example_outlet_event_extra.py for tasks to queue
[2025-08-07T17:44:18.760+0000] {logging_mixin.py:190} INFO - [2025-08-07T17:44:18.759+0000] {dagbag.py:588} INFO - Filling up the DagBag from /home/airflow/.local/lib/python3.12/site-packages/airflow/example_dags/example_outlet_event_extra.py
[2025-08-07T17:44:19.961+0000] {processor.py:925} INFO - DAG(s) 'dataset_with_extra_from_classic_operator', 'dataset_with_extra_by_context', 'dataset_with_extra_by_yield' retrieved from /home/airflow/.local/lib/python3.12/site-packages/airflow/example_dags/example_outlet_event_extra.py
[2025-08-07T17:44:20.027+0000] {logging_mixin.py:190} INFO - [2025-08-07T17:44:20.027+0000] {dag.py:3239} INFO - Sync 3 DAGs
[2025-08-07T17:44:20.079+0000] {logging_mixin.py:190} INFO - [2025-08-07T17:44:20.079+0000] {dag.py:4180} INFO - Setting next_dagrun for dataset_with_extra_by_context to 2025-08-06 00:00:00+00:00, run_after=2025-08-07 00:00:00+00:00
[2025-08-07T17:44:20.090+0000] {logging_mixin.py:190} INFO - [2025-08-07T17:44:20.090+0000] {dag.py:4180} INFO - Setting next_dagrun for dataset_with_extra_by_yield to 2025-08-06 00:00:00+00:00, run_after=2025-08-07 00:00:00+00:00
[2025-08-07T17:44:20.098+0000] {logging_mixin.py:190} INFO - [2025-08-07T17:44:20.097+0000] {dag.py:4180} INFO - Setting next_dagrun for dataset_with_extra_from_classic_operator to 2025-08-06 00:00:00+00:00, run_after=2025-08-07 00:00:00+00:00
[2025-08-07T17:44:20.141+0000] {processor.py:208} INFO - Processing /home/airflow/.local/lib/python3.12/site-packages/airflow/example_dags/example_outlet_event_extra.py took 1.395 seconds
[2025-08-07T17:44:50.612+0000] {processor.py:186} INFO - Started process (PID=3026) to work on /home/airflow/.local/lib/python3.12/site-packages/airflow/example_dags/example_outlet_event_extra.py
[2025-08-07T17:44:50.616+0000] {processor.py:914} INFO - Processing file /home/airflow/.local/lib/python3.12/site-packages/airflow/example_dags/example_outlet_event_extra.py for tasks to queue
[2025-08-07T17:44:50.618+0000] {logging_mixin.py:190} INFO - [2025-08-07T17:44:50.618+0000] {dagbag.py:588} INFO - Filling up the DagBag from /home/airflow/.local/lib/python3.12/site-packages/airflow/example_dags/example_outlet_event_extra.py
[2025-08-07T17:44:52.326+0000] {processor.py:925} INFO - DAG(s) 'dataset_with_extra_by_yield', 'dataset_with_extra_by_context', 'dataset_with_extra_from_classic_operator' retrieved from /home/airflow/.local/lib/python3.12/site-packages/airflow/example_dags/example_outlet_event_extra.py
[2025-08-07T17:44:52.476+0000] {logging_mixin.py:190} INFO - [2025-08-07T17:44:52.476+0000] {dag.py:3239} INFO - Sync 3 DAGs
[2025-08-07T17:44:52.584+0000] {logging_mixin.py:190} INFO - [2025-08-07T17:44:52.584+0000] {dag.py:4180} INFO - Setting next_dagrun for dataset_with_extra_by_context to 2025-08-06 00:00:00+00:00, run_after=2025-08-07 00:00:00+00:00
[2025-08-07T17:44:52.596+0000] {logging_mixin.py:190} INFO - [2025-08-07T17:44:52.596+0000] {dag.py:4180} INFO - Setting next_dagrun for dataset_with_extra_by_yield to 2025-08-06 00:00:00+00:00, run_after=2025-08-07 00:00:00+00:00
[2025-08-07T17:44:52.604+0000] {logging_mixin.py:190} INFO - [2025-08-07T17:44:52.604+0000] {dag.py:4180} INFO - Setting next_dagrun for dataset_with_extra_from_classic_operator to 2025-08-06 00:00:00+00:00, run_after=2025-08-07 00:00:00+00:00
[2025-08-07T17:44:52.657+0000] {processor.py:208} INFO - Processing /home/airflow/.local/lib/python3.12/site-packages/airflow/example_dags/example_outlet_event_extra.py took 2.054 seconds
[2025-08-07T17:45:22.940+0000] {processor.py:186} INFO - Started process (PID=3092) to work on /home/airflow/.local/lib/python3.12/site-packages/airflow/example_dags/example_outlet_event_extra.py
[2025-08-07T17:45:22.945+0000] {processor.py:914} INFO - Processing file /home/airflow/.local/lib/python3.12/site-packages/airflow/example_dags/example_outlet_event_extra.py for tasks to queue
[2025-08-07T17:45:22.948+0000] {logging_mixin.py:190} INFO - [2025-08-07T17:45:22.947+0000] {dagbag.py:588} INFO - Filling up the DagBag from /home/airflow/.local/lib/python3.12/site-packages/airflow/example_dags/example_outlet_event_extra.py
[2025-08-07T17:45:24.456+0000] {processor.py:925} INFO - DAG(s) 'dataset_with_extra_by_context', 'dataset_with_extra_from_classic_operator', 'dataset_with_extra_by_yield' retrieved from /home/airflow/.local/lib/python3.12/site-packages/airflow/example_dags/example_outlet_event_extra.py
[2025-08-07T17:45:24.597+0000] {logging_mixin.py:190} INFO - [2025-08-07T17:45:24.596+0000] {dag.py:3239} INFO - Sync 3 DAGs
[2025-08-07T17:45:24.661+0000] {logging_mixin.py:190} INFO - [2025-08-07T17:45:24.660+0000] {dag.py:4180} INFO - Setting next_dagrun for dataset_with_extra_by_context to 2025-08-06 00:00:00+00:00, run_after=2025-08-07 00:00:00+00:00
[2025-08-07T17:45:24.675+0000] {logging_mixin.py:190} INFO - [2025-08-07T17:45:24.675+0000] {dag.py:4180} INFO - Setting next_dagrun for dataset_with_extra_by_yield to 2025-08-06 00:00:00+00:00, run_after=2025-08-07 00:00:00+00:00
[2025-08-07T17:45:24.680+0000] {logging_mixin.py:190} INFO - [2025-08-07T17:45:24.680+0000] {dag.py:4180} INFO - Setting next_dagrun for dataset_with_extra_from_classic_operator to 2025-08-06 00:00:00+00:00, run_after=2025-08-07 00:00:00+00:00
[2025-08-07T17:45:24.749+0000] {processor.py:208} INFO - Processing /home/airflow/.local/lib/python3.12/site-packages/airflow/example_dags/example_outlet_event_extra.py took 1.821 seconds
[2025-08-07T17:45:54.873+0000] {processor.py:186} INFO - Started process (PID=3167) to work on /home/airflow/.local/lib/python3.12/site-packages/airflow/example_dags/example_outlet_event_extra.py
[2025-08-07T17:45:54.879+0000] {processor.py:914} INFO - Processing file /home/airflow/.local/lib/python3.12/site-packages/airflow/example_dags/example_outlet_event_extra.py for tasks to queue
[2025-08-07T17:45:54.888+0000] {logging_mixin.py:190} INFO - [2025-08-07T17:45:54.887+0000] {dagbag.py:588} INFO - Filling up the DagBag from /home/airflow/.local/lib/python3.12/site-packages/airflow/example_dags/example_outlet_event_extra.py
[2025-08-07T17:45:55.868+0000] {processor.py:925} INFO - DAG(s) 'dataset_with_extra_from_classic_operator', 'dataset_with_extra_by_context', 'dataset_with_extra_by_yield' retrieved from /home/airflow/.local/lib/python3.12/site-packages/airflow/example_dags/example_outlet_event_extra.py
[2025-08-07T17:45:55.918+0000] {logging_mixin.py:190} INFO - [2025-08-07T17:45:55.917+0000] {dag.py:3239} INFO - Sync 3 DAGs
[2025-08-07T17:45:55.959+0000] {logging_mixin.py:190} INFO - [2025-08-07T17:45:55.959+0000] {dag.py:4180} INFO - Setting next_dagrun for dataset_with_extra_by_context to 2025-08-06 00:00:00+00:00, run_after=2025-08-07 00:00:00+00:00
[2025-08-07T17:45:55.969+0000] {logging_mixin.py:190} INFO - [2025-08-07T17:45:55.968+0000] {dag.py:4180} INFO - Setting next_dagrun for dataset_with_extra_by_yield to 2025-08-06 00:00:00+00:00, run_after=2025-08-07 00:00:00+00:00
[2025-08-07T17:45:55.973+0000] {logging_mixin.py:190} INFO - [2025-08-07T17:45:55.973+0000] {dag.py:4180} INFO - Setting next_dagrun for dataset_with_extra_from_classic_operator to 2025-08-06 00:00:00+00:00, run_after=2025-08-07 00:00:00+00:00
[2025-08-07T17:45:56.013+0000] {processor.py:208} INFO - Processing /home/airflow/.local/lib/python3.12/site-packages/airflow/example_dags/example_outlet_event_extra.py took 1.152 seconds
[2025-08-07T17:46:26.147+0000] {processor.py:186} INFO - Started process (PID=3230) to work on /home/airflow/.local/lib/python3.12/site-packages/airflow/example_dags/example_outlet_event_extra.py
[2025-08-07T17:46:26.148+0000] {processor.py:914} INFO - Processing file /home/airflow/.local/lib/python3.12/site-packages/airflow/example_dags/example_outlet_event_extra.py for tasks to queue
[2025-08-07T17:46:26.154+0000] {logging_mixin.py:190} INFO - [2025-08-07T17:46:26.153+0000] {dagbag.py:588} INFO - Filling up the DagBag from /home/airflow/.local/lib/python3.12/site-packages/airflow/example_dags/example_outlet_event_extra.py
[2025-08-07T17:46:26.470+0000] {processor.py:925} INFO - DAG(s) 'dataset_with_extra_by_yield', 'dataset_with_extra_from_classic_operator', 'dataset_with_extra_by_context' retrieved from /home/airflow/.local/lib/python3.12/site-packages/airflow/example_dags/example_outlet_event_extra.py
[2025-08-07T17:46:26.512+0000] {logging_mixin.py:190} INFO - [2025-08-07T17:46:26.511+0000] {dag.py:3239} INFO - Sync 3 DAGs
[2025-08-07T17:46:26.554+0000] {logging_mixin.py:190} INFO - [2025-08-07T17:46:26.554+0000] {dag.py:4180} INFO - Setting next_dagrun for dataset_with_extra_by_context to 2025-08-06 00:00:00+00:00, run_after=2025-08-07 00:00:00+00:00
[2025-08-07T17:46:26.564+0000] {logging_mixin.py:190} INFO - [2025-08-07T17:46:26.564+0000] {dag.py:4180} INFO - Setting next_dagrun for dataset_with_extra_by_yield to 2025-08-06 00:00:00+00:00, run_after=2025-08-07 00:00:00+00:00
[2025-08-07T17:46:26.571+0000] {logging_mixin.py:190} INFO - [2025-08-07T17:46:26.571+0000] {dag.py:4180} INFO - Setting next_dagrun for dataset_with_extra_from_classic_operator to 2025-08-06 00:00:00+00:00, run_after=2025-08-07 00:00:00+00:00
[2025-08-07T17:46:26.612+0000] {processor.py:208} INFO - Processing /home/airflow/.local/lib/python3.12/site-packages/airflow/example_dags/example_outlet_event_extra.py took 0.890 seconds
[2025-08-07T17:46:56.981+0000] {processor.py:186} INFO - Started process (PID=3294) to work on /home/airflow/.local/lib/python3.12/site-packages/airflow/example_dags/example_outlet_event_extra.py
[2025-08-07T17:46:56.982+0000] {processor.py:914} INFO - Processing file /home/airflow/.local/lib/python3.12/site-packages/airflow/example_dags/example_outlet_event_extra.py for tasks to queue
[2025-08-07T17:46:56.984+0000] {logging_mixin.py:190} INFO - [2025-08-07T17:46:56.984+0000] {dagbag.py:588} INFO - Filling up the DagBag from /home/airflow/.local/lib/python3.12/site-packages/airflow/example_dags/example_outlet_event_extra.py
[2025-08-07T17:46:57.822+0000] {processor.py:925} INFO - DAG(s) 'dataset_with_extra_by_context', 'dataset_with_extra_from_classic_operator', 'dataset_with_extra_by_yield' retrieved from /home/airflow/.local/lib/python3.12/site-packages/airflow/example_dags/example_outlet_event_extra.py
[2025-08-07T17:46:57.881+0000] {logging_mixin.py:190} INFO - [2025-08-07T17:46:57.881+0000] {dag.py:3239} INFO - Sync 3 DAGs
[2025-08-07T17:46:57.932+0000] {logging_mixin.py:190} INFO - [2025-08-07T17:46:57.931+0000] {dag.py:4180} INFO - Setting next_dagrun for dataset_with_extra_by_context to 2025-08-06 00:00:00+00:00, run_after=2025-08-07 00:00:00+00:00
[2025-08-07T17:46:57.943+0000] {logging_mixin.py:190} INFO - [2025-08-07T17:46:57.943+0000] {dag.py:4180} INFO - Setting next_dagrun for dataset_with_extra_by_yield to 2025-08-06 00:00:00+00:00, run_after=2025-08-07 00:00:00+00:00
[2025-08-07T17:46:57.953+0000] {logging_mixin.py:190} INFO - [2025-08-07T17:46:57.952+0000] {dag.py:4180} INFO - Setting next_dagrun for dataset_with_extra_from_classic_operator to 2025-08-06 00:00:00+00:00, run_after=2025-08-07 00:00:00+00:00
[2025-08-07T17:46:58.004+0000] {processor.py:208} INFO - Processing /home/airflow/.local/lib/python3.12/site-packages/airflow/example_dags/example_outlet_event_extra.py took 1.033 seconds
[2025-08-07T17:47:28.604+0000] {processor.py:186} INFO - Started process (PID=3361) to work on /home/airflow/.local/lib/python3.12/site-packages/airflow/example_dags/example_outlet_event_extra.py
[2025-08-07T17:47:28.609+0000] {processor.py:914} INFO - Processing file /home/airflow/.local/lib/python3.12/site-packages/airflow/example_dags/example_outlet_event_extra.py for tasks to queue
[2025-08-07T17:47:28.618+0000] {logging_mixin.py:190} INFO - [2025-08-07T17:47:28.618+0000] {dagbag.py:588} INFO - Filling up the DagBag from /home/airflow/.local/lib/python3.12/site-packages/airflow/example_dags/example_outlet_event_extra.py
[2025-08-07T17:47:29.710+0000] {processor.py:925} INFO - DAG(s) 'dataset_with_extra_from_classic_operator', 'dataset_with_extra_by_yield', 'dataset_with_extra_by_context' retrieved from /home/airflow/.local/lib/python3.12/site-packages/airflow/example_dags/example_outlet_event_extra.py
[2025-08-07T17:47:29.772+0000] {logging_mixin.py:190} INFO - [2025-08-07T17:47:29.771+0000] {dag.py:3239} INFO - Sync 3 DAGs
[2025-08-07T17:47:29.841+0000] {logging_mixin.py:190} INFO - [2025-08-07T17:47:29.841+0000] {dag.py:4180} INFO - Setting next_dagrun for dataset_with_extra_by_context to 2025-08-06 00:00:00+00:00, run_after=2025-08-07 00:00:00+00:00
[2025-08-07T17:47:29.859+0000] {logging_mixin.py:190} INFO - [2025-08-07T17:47:29.858+0000] {dag.py:4180} INFO - Setting next_dagrun for dataset_with_extra_by_yield to 2025-08-06 00:00:00+00:00, run_after=2025-08-07 00:00:00+00:00
[2025-08-07T17:47:29.869+0000] {logging_mixin.py:190} INFO - [2025-08-07T17:47:29.868+0000] {dag.py:4180} INFO - Setting next_dagrun for dataset_with_extra_from_classic_operator to 2025-08-06 00:00:00+00:00, run_after=2025-08-07 00:00:00+00:00
[2025-08-07T17:47:29.921+0000] {processor.py:208} INFO - Processing /home/airflow/.local/lib/python3.12/site-packages/airflow/example_dags/example_outlet_event_extra.py took 1.331 seconds
[2025-08-07T17:48:00.158+0000] {processor.py:186} INFO - Started process (PID=3430) to work on /home/airflow/.local/lib/python3.12/site-packages/airflow/example_dags/example_outlet_event_extra.py
[2025-08-07T17:48:00.159+0000] {processor.py:914} INFO - Processing file /home/airflow/.local/lib/python3.12/site-packages/airflow/example_dags/example_outlet_event_extra.py for tasks to queue
[2025-08-07T17:48:00.160+0000] {logging_mixin.py:190} INFO - [2025-08-07T17:48:00.160+0000] {dagbag.py:588} INFO - Filling up the DagBag from /home/airflow/.local/lib/python3.12/site-packages/airflow/example_dags/example_outlet_event_extra.py
[2025-08-07T17:48:01.029+0000] {processor.py:925} INFO - DAG(s) 'dataset_with_extra_by_context', 'dataset_with_extra_by_yield', 'dataset_with_extra_from_classic_operator' retrieved from /home/airflow/.local/lib/python3.12/site-packages/airflow/example_dags/example_outlet_event_extra.py
[2025-08-07T17:48:01.089+0000] {logging_mixin.py:190} INFO - [2025-08-07T17:48:01.089+0000] {dag.py:3239} INFO - Sync 3 DAGs
[2025-08-07T17:48:01.150+0000] {logging_mixin.py:190} INFO - [2025-08-07T17:48:01.149+0000] {dag.py:4180} INFO - Setting next_dagrun for dataset_with_extra_by_context to 2025-08-06 00:00:00+00:00, run_after=2025-08-07 00:00:00+00:00
[2025-08-07T17:48:01.161+0000] {logging_mixin.py:190} INFO - [2025-08-07T17:48:01.160+0000] {dag.py:4180} INFO - Setting next_dagrun for dataset_with_extra_by_yield to 2025-08-06 00:00:00+00:00, run_after=2025-08-07 00:00:00+00:00
[2025-08-07T17:48:01.169+0000] {logging_mixin.py:190} INFO - [2025-08-07T17:48:01.168+0000] {dag.py:4180} INFO - Setting next_dagrun for dataset_with_extra_from_classic_operator to 2025-08-06 00:00:00+00:00, run_after=2025-08-07 00:00:00+00:00
[2025-08-07T17:48:01.218+0000] {processor.py:208} INFO - Processing /home/airflow/.local/lib/python3.12/site-packages/airflow/example_dags/example_outlet_event_extra.py took 1.070 seconds
[2025-08-07T17:48:31.520+0000] {processor.py:186} INFO - Started process (PID=3495) to work on /home/airflow/.local/lib/python3.12/site-packages/airflow/example_dags/example_outlet_event_extra.py
[2025-08-07T17:48:31.525+0000] {processor.py:914} INFO - Processing file /home/airflow/.local/lib/python3.12/site-packages/airflow/example_dags/example_outlet_event_extra.py for tasks to queue
[2025-08-07T17:48:31.527+0000] {logging_mixin.py:190} INFO - [2025-08-07T17:48:31.527+0000] {dagbag.py:588} INFO - Filling up the DagBag from /home/airflow/.local/lib/python3.12/site-packages/airflow/example_dags/example_outlet_event_extra.py
[2025-08-07T17:48:33.527+0000] {processor.py:925} INFO - DAG(s) 'dataset_with_extra_from_classic_operator', 'dataset_with_extra_by_yield', 'dataset_with_extra_by_context' retrieved from /home/airflow/.local/lib/python3.12/site-packages/airflow/example_dags/example_outlet_event_extra.py
[2025-08-07T17:48:33.607+0000] {logging_mixin.py:190} INFO - [2025-08-07T17:48:33.607+0000] {dag.py:3239} INFO - Sync 3 DAGs
[2025-08-07T17:48:33.695+0000] {logging_mixin.py:190} INFO - [2025-08-07T17:48:33.691+0000] {dag.py:4180} INFO - Setting next_dagrun for dataset_with_extra_by_context to 2025-08-06 00:00:00+00:00, run_after=2025-08-07 00:00:00+00:00
[2025-08-07T17:48:33.718+0000] {logging_mixin.py:190} INFO - [2025-08-07T17:48:33.718+0000] {dag.py:4180} INFO - Setting next_dagrun for dataset_with_extra_by_yield to 2025-08-06 00:00:00+00:00, run_after=2025-08-07 00:00:00+00:00
[2025-08-07T17:48:33.727+0000] {logging_mixin.py:190} INFO - [2025-08-07T17:48:33.727+0000] {dag.py:4180} INFO - Setting next_dagrun for dataset_with_extra_from_classic_operator to 2025-08-06 00:00:00+00:00, run_after=2025-08-07 00:00:00+00:00
[2025-08-07T17:48:33.780+0000] {processor.py:208} INFO - Processing /home/airflow/.local/lib/python3.12/site-packages/airflow/example_dags/example_outlet_event_extra.py took 2.271 seconds
[2025-08-07T17:49:04.035+0000] {processor.py:186} INFO - Started process (PID=3556) to work on /home/airflow/.local/lib/python3.12/site-packages/airflow/example_dags/example_outlet_event_extra.py
[2025-08-07T17:49:04.036+0000] {processor.py:914} INFO - Processing file /home/airflow/.local/lib/python3.12/site-packages/airflow/example_dags/example_outlet_event_extra.py for tasks to queue
[2025-08-07T17:49:04.038+0000] {logging_mixin.py:190} INFO - [2025-08-07T17:49:04.038+0000] {dagbag.py:588} INFO - Filling up the DagBag from /home/airflow/.local/lib/python3.12/site-packages/airflow/example_dags/example_outlet_event_extra.py
[2025-08-07T17:49:05.323+0000] {processor.py:925} INFO - DAG(s) 'dataset_with_extra_by_yield', 'dataset_with_extra_by_context', 'dataset_with_extra_from_classic_operator' retrieved from /home/airflow/.local/lib/python3.12/site-packages/airflow/example_dags/example_outlet_event_extra.py
[2025-08-07T17:49:05.396+0000] {logging_mixin.py:190} INFO - [2025-08-07T17:49:05.396+0000] {dag.py:3239} INFO - Sync 3 DAGs
[2025-08-07T17:49:05.484+0000] {logging_mixin.py:190} INFO - [2025-08-07T17:49:05.484+0000] {dag.py:4180} INFO - Setting next_dagrun for dataset_with_extra_by_context to 2025-08-06 00:00:00+00:00, run_after=2025-08-07 00:00:00+00:00
[2025-08-07T17:49:05.523+0000] {logging_mixin.py:190} INFO - [2025-08-07T17:49:05.519+0000] {dag.py:4180} INFO - Setting next_dagrun for dataset_with_extra_by_yield to 2025-08-06 00:00:00+00:00, run_after=2025-08-07 00:00:00+00:00
[2025-08-07T17:49:05.537+0000] {logging_mixin.py:190} INFO - [2025-08-07T17:49:05.537+0000] {dag.py:4180} INFO - Setting next_dagrun for dataset_with_extra_from_classic_operator to 2025-08-06 00:00:00+00:00, run_after=2025-08-07 00:00:00+00:00
[2025-08-07T17:49:05.615+0000] {processor.py:208} INFO - Processing /home/airflow/.local/lib/python3.12/site-packages/airflow/example_dags/example_outlet_event_extra.py took 1.598 seconds
[2025-08-07T17:49:35.815+0000] {processor.py:186} INFO - Started process (PID=3618) to work on /home/airflow/.local/lib/python3.12/site-packages/airflow/example_dags/example_outlet_event_extra.py
[2025-08-07T17:49:35.820+0000] {processor.py:914} INFO - Processing file /home/airflow/.local/lib/python3.12/site-packages/airflow/example_dags/example_outlet_event_extra.py for tasks to queue
[2025-08-07T17:49:35.823+0000] {logging_mixin.py:190} INFO - [2025-08-07T17:49:35.823+0000] {dagbag.py:588} INFO - Filling up the DagBag from /home/airflow/.local/lib/python3.12/site-packages/airflow/example_dags/example_outlet_event_extra.py
[2025-08-07T17:49:36.875+0000] {processor.py:925} INFO - DAG(s) 'dataset_with_extra_by_yield', 'dataset_with_extra_from_classic_operator', 'dataset_with_extra_by_context' retrieved from /home/airflow/.local/lib/python3.12/site-packages/airflow/example_dags/example_outlet_event_extra.py
[2025-08-07T17:49:36.966+0000] {logging_mixin.py:190} INFO - [2025-08-07T17:49:36.965+0000] {dag.py:3239} INFO - Sync 3 DAGs
[2025-08-07T17:49:37.065+0000] {logging_mixin.py:190} INFO - [2025-08-07T17:49:37.064+0000] {dag.py:4180} INFO - Setting next_dagrun for dataset_with_extra_by_context to 2025-08-06 00:00:00+00:00, run_after=2025-08-07 00:00:00+00:00
[2025-08-07T17:49:37.086+0000] {logging_mixin.py:190} INFO - [2025-08-07T17:49:37.085+0000] {dag.py:4180} INFO - Setting next_dagrun for dataset_with_extra_by_yield to 2025-08-06 00:00:00+00:00, run_after=2025-08-07 00:00:00+00:00
[2025-08-07T17:49:37.097+0000] {logging_mixin.py:190} INFO - [2025-08-07T17:49:37.096+0000] {dag.py:4180} INFO - Setting next_dagrun for dataset_with_extra_from_classic_operator to 2025-08-06 00:00:00+00:00, run_after=2025-08-07 00:00:00+00:00
[2025-08-07T17:49:37.186+0000] {processor.py:208} INFO - Processing /home/airflow/.local/lib/python3.12/site-packages/airflow/example_dags/example_outlet_event_extra.py took 1.809 seconds
[2025-08-07T17:49:53.985+0000] {processor.py:186} INFO - Started process (PID=3673) to work on /home/airflow/.local/lib/python3.12/site-packages/airflow/example_dags/example_outlet_event_extra.py
[2025-08-07T17:49:53.990+0000] {processor.py:914} INFO - Processing file /home/airflow/.local/lib/python3.12/site-packages/airflow/example_dags/example_outlet_event_extra.py for tasks to queue
[2025-08-07T17:49:53.992+0000] {logging_mixin.py:190} INFO - [2025-08-07T17:49:53.991+0000] {dagbag.py:588} INFO - Filling up the DagBag from /home/airflow/.local/lib/python3.12/site-packages/airflow/example_dags/example_outlet_event_extra.py
[2025-08-07T17:49:54.981+0000] {processor.py:925} INFO - DAG(s) 'dataset_with_extra_by_context', 'dataset_with_extra_from_classic_operator', 'dataset_with_extra_by_yield' retrieved from /home/airflow/.local/lib/python3.12/site-packages/airflow/example_dags/example_outlet_event_extra.py
[2025-08-07T17:49:55.043+0000] {logging_mixin.py:190} INFO - [2025-08-07T17:49:55.043+0000] {dag.py:3239} INFO - Sync 3 DAGs
[2025-08-07T17:49:55.105+0000] {logging_mixin.py:190} INFO - [2025-08-07T17:49:55.104+0000] {dag.py:4180} INFO - Setting next_dagrun for dataset_with_extra_by_context to 2025-08-06 00:00:00+00:00, run_after=2025-08-07 00:00:00+00:00
[2025-08-07T17:49:55.120+0000] {logging_mixin.py:190} INFO - [2025-08-07T17:49:55.119+0000] {dag.py:4180} INFO - Setting next_dagrun for dataset_with_extra_by_yield to 2025-08-06 00:00:00+00:00, run_after=2025-08-07 00:00:00+00:00
[2025-08-07T17:49:55.124+0000] {logging_mixin.py:190} INFO - [2025-08-07T17:49:55.123+0000] {dag.py:4180} INFO - Setting next_dagrun for dataset_with_extra_from_classic_operator to 2025-08-06 00:00:00+00:00, run_after=2025-08-07 00:00:00+00:00
[2025-08-07T17:49:55.175+0000] {processor.py:208} INFO - Processing /home/airflow/.local/lib/python3.12/site-packages/airflow/example_dags/example_outlet_event_extra.py took 1.202 seconds
[2025-08-07T17:51:20.137+0000] {processor.py:186} INFO - Started process (PID=3732) to work on /home/airflow/.local/lib/python3.12/site-packages/airflow/example_dags/example_outlet_event_extra.py
[2025-08-07T17:51:20.138+0000] {processor.py:914} INFO - Processing file /home/airflow/.local/lib/python3.12/site-packages/airflow/example_dags/example_outlet_event_extra.py for tasks to queue
[2025-08-07T17:51:20.140+0000] {logging_mixin.py:190} INFO - [2025-08-07T17:51:20.140+0000] {dagbag.py:588} INFO - Filling up the DagBag from /home/airflow/.local/lib/python3.12/site-packages/airflow/example_dags/example_outlet_event_extra.py
[2025-08-07T17:50:08.330+0000] {processor.py:925} INFO - DAG(s) 'dataset_with_extra_by_yield', 'dataset_with_extra_by_context', 'dataset_with_extra_from_classic_operator' retrieved from /home/airflow/.local/lib/python3.12/site-packages/airflow/example_dags/example_outlet_event_extra.py
[2025-08-07T17:50:08.439+0000] {logging_mixin.py:190} INFO - [2025-08-07T17:50:08.438+0000] {dag.py:3239} INFO - Sync 3 DAGs
[2025-08-07T17:50:08.531+0000] {logging_mixin.py:190} INFO - [2025-08-07T17:50:08.531+0000] {dag.py:4180} INFO - Setting next_dagrun for dataset_with_extra_by_context to 2025-08-06 00:00:00+00:00, run_after=2025-08-07 00:00:00+00:00
[2025-08-07T17:50:08.551+0000] {logging_mixin.py:190} INFO - [2025-08-07T17:50:08.551+0000] {dag.py:4180} INFO - Setting next_dagrun for dataset_with_extra_by_yield to 2025-08-06 00:00:00+00:00, run_after=2025-08-07 00:00:00+00:00
[2025-08-07T17:50:08.569+0000] {logging_mixin.py:190} INFO - [2025-08-07T17:50:08.568+0000] {dag.py:4180} INFO - Setting next_dagrun for dataset_with_extra_from_classic_operator to 2025-08-06 00:00:00+00:00, run_after=2025-08-07 00:00:00+00:00
[2025-08-07T17:50:08.658+0000] {processor.py:208} INFO - Processing /home/airflow/.local/lib/python3.12/site-packages/airflow/example_dags/example_outlet_event_extra.py took 2.098 seconds
[2025-08-07T17:50:39.466+0000] {processor.py:186} INFO - Started process (PID=3799) to work on /home/airflow/.local/lib/python3.12/site-packages/airflow/example_dags/example_outlet_event_extra.py
[2025-08-07T17:50:39.472+0000] {processor.py:914} INFO - Processing file /home/airflow/.local/lib/python3.12/site-packages/airflow/example_dags/example_outlet_event_extra.py for tasks to queue
[2025-08-07T17:50:39.473+0000] {logging_mixin.py:190} INFO - [2025-08-07T17:50:39.473+0000] {dagbag.py:588} INFO - Filling up the DagBag from /home/airflow/.local/lib/python3.12/site-packages/airflow/example_dags/example_outlet_event_extra.py
[2025-08-07T17:50:39.972+0000] {processor.py:925} INFO - DAG(s) 'dataset_with_extra_from_classic_operator', 'dataset_with_extra_by_yield', 'dataset_with_extra_by_context' retrieved from /home/airflow/.local/lib/python3.12/site-packages/airflow/example_dags/example_outlet_event_extra.py
[2025-08-07T17:50:40.022+0000] {logging_mixin.py:190} INFO - [2025-08-07T17:50:40.022+0000] {dag.py:3239} INFO - Sync 3 DAGs
[2025-08-07T17:50:40.073+0000] {logging_mixin.py:190} INFO - [2025-08-07T17:50:40.073+0000] {dag.py:4180} INFO - Setting next_dagrun for dataset_with_extra_by_context to 2025-08-06 00:00:00+00:00, run_after=2025-08-07 00:00:00+00:00
[2025-08-07T17:50:40.083+0000] {logging_mixin.py:190} INFO - [2025-08-07T17:50:40.083+0000] {dag.py:4180} INFO - Setting next_dagrun for dataset_with_extra_by_yield to 2025-08-06 00:00:00+00:00, run_after=2025-08-07 00:00:00+00:00
[2025-08-07T17:50:40.100+0000] {logging_mixin.py:190} INFO - [2025-08-07T17:50:40.100+0000] {dag.py:4180} INFO - Setting next_dagrun for dataset_with_extra_from_classic_operator to 2025-08-06 00:00:00+00:00, run_after=2025-08-07 00:00:00+00:00
[2025-08-07T17:50:40.145+0000] {processor.py:208} INFO - Processing /home/airflow/.local/lib/python3.12/site-packages/airflow/example_dags/example_outlet_event_extra.py took 0.930 seconds
[2025-08-07T17:51:10.398+0000] {processor.py:186} INFO - Started process (PID=3863) to work on /home/airflow/.local/lib/python3.12/site-packages/airflow/example_dags/example_outlet_event_extra.py
[2025-08-07T17:51:10.399+0000] {processor.py:914} INFO - Processing file /home/airflow/.local/lib/python3.12/site-packages/airflow/example_dags/example_outlet_event_extra.py for tasks to queue
[2025-08-07T17:51:10.406+0000] {logging_mixin.py:190} INFO - [2025-08-07T17:51:10.405+0000] {dagbag.py:588} INFO - Filling up the DagBag from /home/airflow/.local/lib/python3.12/site-packages/airflow/example_dags/example_outlet_event_extra.py
[2025-08-07T17:51:11.346+0000] {processor.py:925} INFO - DAG(s) 'dataset_with_extra_from_classic_operator', 'dataset_with_extra_by_yield', 'dataset_with_extra_by_context' retrieved from /home/airflow/.local/lib/python3.12/site-packages/airflow/example_dags/example_outlet_event_extra.py
[2025-08-07T17:51:11.406+0000] {logging_mixin.py:190} INFO - [2025-08-07T17:51:11.405+0000] {dag.py:3239} INFO - Sync 3 DAGs
[2025-08-07T17:51:11.464+0000] {logging_mixin.py:190} INFO - [2025-08-07T17:51:11.459+0000] {dag.py:4180} INFO - Setting next_dagrun for dataset_with_extra_by_context to 2025-08-06 00:00:00+00:00, run_after=2025-08-07 00:00:00+00:00
[2025-08-07T17:51:11.475+0000] {logging_mixin.py:190} INFO - [2025-08-07T17:51:11.475+0000] {dag.py:4180} INFO - Setting next_dagrun for dataset_with_extra_by_yield to 2025-08-06 00:00:00+00:00, run_after=2025-08-07 00:00:00+00:00
[2025-08-07T17:51:11.479+0000] {logging_mixin.py:190} INFO - [2025-08-07T17:51:11.479+0000] {dag.py:4180} INFO - Setting next_dagrun for dataset_with_extra_from_classic_operator to 2025-08-06 00:00:00+00:00, run_after=2025-08-07 00:00:00+00:00
[2025-08-07T17:51:11.544+0000] {processor.py:208} INFO - Processing /home/airflow/.local/lib/python3.12/site-packages/airflow/example_dags/example_outlet_event_extra.py took 1.158 seconds
[2025-08-07T17:51:43.182+0000] {processor.py:186} INFO - Started process (PID=3935) to work on /home/airflow/.local/lib/python3.12/site-packages/airflow/example_dags/example_outlet_event_extra.py
[2025-08-07T17:51:43.189+0000] {processor.py:914} INFO - Processing file /home/airflow/.local/lib/python3.12/site-packages/airflow/example_dags/example_outlet_event_extra.py for tasks to queue
[2025-08-07T17:51:43.191+0000] {logging_mixin.py:190} INFO - [2025-08-07T17:51:43.190+0000] {dagbag.py:588} INFO - Filling up the DagBag from /home/airflow/.local/lib/python3.12/site-packages/airflow/example_dags/example_outlet_event_extra.py
[2025-08-07T17:51:44.213+0000] {processor.py:925} INFO - DAG(s) 'dataset_with_extra_by_yield', 'dataset_with_extra_from_classic_operator', 'dataset_with_extra_by_context' retrieved from /home/airflow/.local/lib/python3.12/site-packages/airflow/example_dags/example_outlet_event_extra.py
[2025-08-07T17:51:44.271+0000] {logging_mixin.py:190} INFO - [2025-08-07T17:51:44.271+0000] {dag.py:3239} INFO - Sync 3 DAGs
[2025-08-07T17:51:44.330+0000] {logging_mixin.py:190} INFO - [2025-08-07T17:51:44.330+0000] {dag.py:4180} INFO - Setting next_dagrun for dataset_with_extra_by_context to 2025-08-06 00:00:00+00:00, run_after=2025-08-07 00:00:00+00:00
[2025-08-07T17:51:44.341+0000] {logging_mixin.py:190} INFO - [2025-08-07T17:51:44.341+0000] {dag.py:4180} INFO - Setting next_dagrun for dataset_with_extra_by_yield to 2025-08-06 00:00:00+00:00, run_after=2025-08-07 00:00:00+00:00
[2025-08-07T17:51:44.349+0000] {logging_mixin.py:190} INFO - [2025-08-07T17:51:44.349+0000] {dag.py:4180} INFO - Setting next_dagrun for dataset_with_extra_from_classic_operator to 2025-08-06 00:00:00+00:00, run_after=2025-08-07 00:00:00+00:00
[2025-08-07T17:51:44.399+0000] {processor.py:208} INFO - Processing /home/airflow/.local/lib/python3.12/site-packages/airflow/example_dags/example_outlet_event_extra.py took 1.230 seconds
[2025-08-07T17:52:12.360+0000] {processor.py:186} INFO - Started process (PID=3998) to work on /home/airflow/.local/lib/python3.12/site-packages/airflow/example_dags/example_outlet_event_extra.py
[2025-08-07T17:52:12.361+0000] {processor.py:914} INFO - Processing file /home/airflow/.local/lib/python3.12/site-packages/airflow/example_dags/example_outlet_event_extra.py for tasks to queue
[2025-08-07T17:52:12.364+0000] {logging_mixin.py:190} INFO - [2025-08-07T17:52:12.363+0000] {dagbag.py:588} INFO - Filling up the DagBag from /home/airflow/.local/lib/python3.12/site-packages/airflow/example_dags/example_outlet_event_extra.py
[2025-08-07T17:52:13.920+0000] {processor.py:925} INFO - DAG(s) 'dataset_with_extra_by_yield', 'dataset_with_extra_by_context', 'dataset_with_extra_from_classic_operator' retrieved from /home/airflow/.local/lib/python3.12/site-packages/airflow/example_dags/example_outlet_event_extra.py
[2025-08-07T17:52:14.004+0000] {logging_mixin.py:190} INFO - [2025-08-07T17:52:14.003+0000] {dag.py:3239} INFO - Sync 3 DAGs
[2025-08-07T17:52:14.110+0000] {logging_mixin.py:190} INFO - [2025-08-07T17:52:14.110+0000] {dag.py:4180} INFO - Setting next_dagrun for dataset_with_extra_by_context to 2025-08-06 00:00:00+00:00, run_after=2025-08-07 00:00:00+00:00
[2025-08-07T17:52:14.130+0000] {logging_mixin.py:190} INFO - [2025-08-07T17:52:14.130+0000] {dag.py:4180} INFO - Setting next_dagrun for dataset_with_extra_by_yield to 2025-08-06 00:00:00+00:00, run_after=2025-08-07 00:00:00+00:00
[2025-08-07T17:52:14.140+0000] {logging_mixin.py:190} INFO - [2025-08-07T17:52:14.140+0000] {dag.py:4180} INFO - Setting next_dagrun for dataset_with_extra_from_classic_operator to 2025-08-06 00:00:00+00:00, run_after=2025-08-07 00:00:00+00:00
[2025-08-07T17:52:14.210+0000] {processor.py:208} INFO - Processing /home/airflow/.local/lib/python3.12/site-packages/airflow/example_dags/example_outlet_event_extra.py took 1.870 seconds
[2025-08-07T17:52:32.044+0000] {processor.py:186} INFO - Started process (PID=4061) to work on /home/airflow/.local/lib/python3.12/site-packages/airflow/example_dags/example_outlet_event_extra.py
[2025-08-07T17:52:32.050+0000] {processor.py:914} INFO - Processing file /home/airflow/.local/lib/python3.12/site-packages/airflow/example_dags/example_outlet_event_extra.py for tasks to queue
[2025-08-07T17:52:32.053+0000] {logging_mixin.py:190} INFO - [2025-08-07T17:52:32.052+0000] {dagbag.py:588} INFO - Filling up the DagBag from /home/airflow/.local/lib/python3.12/site-packages/airflow/example_dags/example_outlet_event_extra.py
[2025-08-07T17:52:33.391+0000] {processor.py:925} INFO - DAG(s) 'dataset_with_extra_from_classic_operator', 'dataset_with_extra_by_context', 'dataset_with_extra_by_yield' retrieved from /home/airflow/.local/lib/python3.12/site-packages/airflow/example_dags/example_outlet_event_extra.py
[2025-08-07T17:52:33.455+0000] {logging_mixin.py:190} INFO - [2025-08-07T17:52:33.454+0000] {dag.py:3239} INFO - Sync 3 DAGs
[2025-08-07T17:52:33.524+0000] {logging_mixin.py:190} INFO - [2025-08-07T17:52:33.523+0000] {dag.py:4180} INFO - Setting next_dagrun for dataset_with_extra_by_context to 2025-08-06 00:00:00+00:00, run_after=2025-08-07 00:00:00+00:00
[2025-08-07T17:52:33.552+0000] {logging_mixin.py:190} INFO - [2025-08-07T17:52:33.551+0000] {dag.py:4180} INFO - Setting next_dagrun for dataset_with_extra_by_yield to 2025-08-06 00:00:00+00:00, run_after=2025-08-07 00:00:00+00:00
[2025-08-07T17:52:33.562+0000] {logging_mixin.py:190} INFO - [2025-08-07T17:52:33.562+0000] {dag.py:4180} INFO - Setting next_dagrun for dataset_with_extra_from_classic_operator to 2025-08-06 00:00:00+00:00, run_after=2025-08-07 00:00:00+00:00
[2025-08-07T17:52:33.620+0000] {processor.py:208} INFO - Processing /home/airflow/.local/lib/python3.12/site-packages/airflow/example_dags/example_outlet_event_extra.py took 1.597 seconds
[2025-08-07T17:53:05.096+0000] {processor.py:186} INFO - Started process (PID=4124) to work on /home/airflow/.local/lib/python3.12/site-packages/airflow/example_dags/example_outlet_event_extra.py
[2025-08-07T17:53:05.098+0000] {processor.py:914} INFO - Processing file /home/airflow/.local/lib/python3.12/site-packages/airflow/example_dags/example_outlet_event_extra.py for tasks to queue
[2025-08-07T17:53:05.105+0000] {logging_mixin.py:190} INFO - [2025-08-07T17:53:05.104+0000] {dagbag.py:588} INFO - Filling up the DagBag from /home/airflow/.local/lib/python3.12/site-packages/airflow/example_dags/example_outlet_event_extra.py
[2025-08-07T17:53:06.276+0000] {processor.py:925} INFO - DAG(s) 'dataset_with_extra_by_yield', 'dataset_with_extra_by_context', 'dataset_with_extra_from_classic_operator' retrieved from /home/airflow/.local/lib/python3.12/site-packages/airflow/example_dags/example_outlet_event_extra.py
[2025-08-07T17:53:06.336+0000] {logging_mixin.py:190} INFO - [2025-08-07T17:53:06.336+0000] {dag.py:3239} INFO - Sync 3 DAGs
[2025-08-07T17:53:06.415+0000] {logging_mixin.py:190} INFO - [2025-08-07T17:53:06.415+0000] {dag.py:4180} INFO - Setting next_dagrun for dataset_with_extra_by_context to 2025-08-06 00:00:00+00:00, run_after=2025-08-07 00:00:00+00:00
[2025-08-07T17:53:06.427+0000] {logging_mixin.py:190} INFO - [2025-08-07T17:53:06.427+0000] {dag.py:4180} INFO - Setting next_dagrun for dataset_with_extra_by_yield to 2025-08-06 00:00:00+00:00, run_after=2025-08-07 00:00:00+00:00
[2025-08-07T17:53:06.436+0000] {logging_mixin.py:190} INFO - [2025-08-07T17:53:06.435+0000] {dag.py:4180} INFO - Setting next_dagrun for dataset_with_extra_from_classic_operator to 2025-08-06 00:00:00+00:00, run_after=2025-08-07 00:00:00+00:00
[2025-08-07T17:53:06.516+0000] {processor.py:208} INFO - Processing /home/airflow/.local/lib/python3.12/site-packages/airflow/example_dags/example_outlet_event_extra.py took 1.439 seconds
[2025-08-07T17:53:33.989+0000] {processor.py:186} INFO - Started process (PID=4189) to work on /home/airflow/.local/lib/python3.12/site-packages/airflow/example_dags/example_outlet_event_extra.py
[2025-08-07T17:53:33.995+0000] {processor.py:914} INFO - Processing file /home/airflow/.local/lib/python3.12/site-packages/airflow/example_dags/example_outlet_event_extra.py for tasks to queue
[2025-08-07T17:53:33.997+0000] {logging_mixin.py:190} INFO - [2025-08-07T17:53:33.997+0000] {dagbag.py:588} INFO - Filling up the DagBag from /home/airflow/.local/lib/python3.12/site-packages/airflow/example_dags/example_outlet_event_extra.py
[2025-08-07T17:53:35.347+0000] {processor.py:925} INFO - DAG(s) 'dataset_with_extra_from_classic_operator', 'dataset_with_extra_by_context', 'dataset_with_extra_by_yield' retrieved from /home/airflow/.local/lib/python3.12/site-packages/airflow/example_dags/example_outlet_event_extra.py
[2025-08-07T17:53:35.488+0000] {logging_mixin.py:190} INFO - [2025-08-07T17:53:35.488+0000] {dag.py:3239} INFO - Sync 3 DAGs
[2025-08-07T17:53:35.579+0000] {logging_mixin.py:190} INFO - [2025-08-07T17:53:35.578+0000] {dag.py:4180} INFO - Setting next_dagrun for dataset_with_extra_by_context to 2025-08-06 00:00:00+00:00, run_after=2025-08-07 00:00:00+00:00
[2025-08-07T17:53:35.605+0000] {logging_mixin.py:190} INFO - [2025-08-07T17:53:35.600+0000] {dag.py:4180} INFO - Setting next_dagrun for dataset_with_extra_by_yield to 2025-08-06 00:00:00+00:00, run_after=2025-08-07 00:00:00+00:00
[2025-08-07T17:53:35.610+0000] {logging_mixin.py:190} INFO - [2025-08-07T17:53:35.610+0000] {dag.py:4180} INFO - Setting next_dagrun for dataset_with_extra_from_classic_operator to 2025-08-06 00:00:00+00:00, run_after=2025-08-07 00:00:00+00:00
[2025-08-07T17:53:35.719+0000] {processor.py:208} INFO - Processing /home/airflow/.local/lib/python3.12/site-packages/airflow/example_dags/example_outlet_event_extra.py took 1.743 seconds
[2025-08-07T17:53:49.050+0000] {processor.py:186} INFO - Started process (PID=4253) to work on /home/airflow/.local/lib/python3.12/site-packages/airflow/example_dags/example_outlet_event_extra.py
[2025-08-07T17:53:49.051+0000] {processor.py:914} INFO - Processing file /home/airflow/.local/lib/python3.12/site-packages/airflow/example_dags/example_outlet_event_extra.py for tasks to queue
[2025-08-07T17:53:49.053+0000] {logging_mixin.py:190} INFO - [2025-08-07T17:53:49.053+0000] {dagbag.py:588} INFO - Filling up the DagBag from /home/airflow/.local/lib/python3.12/site-packages/airflow/example_dags/example_outlet_event_extra.py
[2025-08-07T17:53:50.224+0000] {processor.py:925} INFO - DAG(s) 'dataset_with_extra_from_classic_operator', 'dataset_with_extra_by_yield', 'dataset_with_extra_by_context' retrieved from /home/airflow/.local/lib/python3.12/site-packages/airflow/example_dags/example_outlet_event_extra.py
[2025-08-07T17:53:50.310+0000] {logging_mixin.py:190} INFO - [2025-08-07T17:53:50.310+0000] {dag.py:3239} INFO - Sync 3 DAGs
[2025-08-07T17:53:50.382+0000] {logging_mixin.py:190} INFO - [2025-08-07T17:53:50.382+0000] {dag.py:4180} INFO - Setting next_dagrun for dataset_with_extra_by_context to 2025-08-06 00:00:00+00:00, run_after=2025-08-07 00:00:00+00:00
[2025-08-07T17:53:50.395+0000] {logging_mixin.py:190} INFO - [2025-08-07T17:53:50.394+0000] {dag.py:4180} INFO - Setting next_dagrun for dataset_with_extra_by_yield to 2025-08-06 00:00:00+00:00, run_after=2025-08-07 00:00:00+00:00
[2025-08-07T17:53:50.404+0000] {logging_mixin.py:190} INFO - [2025-08-07T17:53:50.403+0000] {dag.py:4180} INFO - Setting next_dagrun for dataset_with_extra_from_classic_operator to 2025-08-06 00:00:00+00:00, run_after=2025-08-07 00:00:00+00:00
[2025-08-07T17:53:50.482+0000] {processor.py:208} INFO - Processing /home/airflow/.local/lib/python3.12/site-packages/airflow/example_dags/example_outlet_event_extra.py took 1.448 seconds
[2025-08-07T17:54:03.513+0000] {processor.py:186} INFO - Started process (PID=4313) to work on /home/airflow/.local/lib/python3.12/site-packages/airflow/example_dags/example_outlet_event_extra.py
[2025-08-07T17:54:03.515+0000] {processor.py:914} INFO - Processing file /home/airflow/.local/lib/python3.12/site-packages/airflow/example_dags/example_outlet_event_extra.py for tasks to queue
[2025-08-07T17:54:03.521+0000] {logging_mixin.py:190} INFO - [2025-08-07T17:54:03.521+0000] {dagbag.py:588} INFO - Filling up the DagBag from /home/airflow/.local/lib/python3.12/site-packages/airflow/example_dags/example_outlet_event_extra.py
[2025-08-07T17:54:04.842+0000] {processor.py:925} INFO - DAG(s) 'dataset_with_extra_by_yield', 'dataset_with_extra_by_context', 'dataset_with_extra_from_classic_operator' retrieved from /home/airflow/.local/lib/python3.12/site-packages/airflow/example_dags/example_outlet_event_extra.py
[2025-08-07T17:54:04.914+0000] {logging_mixin.py:190} INFO - [2025-08-07T17:54:04.914+0000] {dag.py:3239} INFO - Sync 3 DAGs
[2025-08-07T17:54:04.992+0000] {logging_mixin.py:190} INFO - [2025-08-07T17:54:04.992+0000] {dag.py:4180} INFO - Setting next_dagrun for dataset_with_extra_by_context to 2025-08-06 00:00:00+00:00, run_after=2025-08-07 00:00:00+00:00
[2025-08-07T17:54:05.004+0000] {logging_mixin.py:190} INFO - [2025-08-07T17:54:05.004+0000] {dag.py:4180} INFO - Setting next_dagrun for dataset_with_extra_by_yield to 2025-08-06 00:00:00+00:00, run_after=2025-08-07 00:00:00+00:00
[2025-08-07T17:54:05.022+0000] {logging_mixin.py:190} INFO - [2025-08-07T17:54:05.022+0000] {dag.py:4180} INFO - Setting next_dagrun for dataset_with_extra_from_classic_operator to 2025-08-06 00:00:00+00:00, run_after=2025-08-07 00:00:00+00:00
[2025-08-07T17:54:05.084+0000] {processor.py:208} INFO - Processing /home/airflow/.local/lib/python3.12/site-packages/airflow/example_dags/example_outlet_event_extra.py took 1.585 seconds
[2025-08-07T17:54:35.622+0000] {processor.py:186} INFO - Started process (PID=4379) to work on /home/airflow/.local/lib/python3.12/site-packages/airflow/example_dags/example_outlet_event_extra.py
[2025-08-07T17:54:35.635+0000] {processor.py:914} INFO - Processing file /home/airflow/.local/lib/python3.12/site-packages/airflow/example_dags/example_outlet_event_extra.py for tasks to queue
[2025-08-07T17:54:35.643+0000] {logging_mixin.py:190} INFO - [2025-08-07T17:54:35.642+0000] {dagbag.py:588} INFO - Filling up the DagBag from /home/airflow/.local/lib/python3.12/site-packages/airflow/example_dags/example_outlet_event_extra.py
[2025-08-07T17:54:36.766+0000] {processor.py:925} INFO - DAG(s) 'dataset_with_extra_from_classic_operator', 'dataset_with_extra_by_context', 'dataset_with_extra_by_yield' retrieved from /home/airflow/.local/lib/python3.12/site-packages/airflow/example_dags/example_outlet_event_extra.py
[2025-08-07T17:54:36.835+0000] {logging_mixin.py:190} INFO - [2025-08-07T17:54:36.834+0000] {dag.py:3239} INFO - Sync 3 DAGs
[2025-08-07T17:54:36.905+0000] {logging_mixin.py:190} INFO - [2025-08-07T17:54:36.905+0000] {dag.py:4180} INFO - Setting next_dagrun for dataset_with_extra_by_context to 2025-08-06 00:00:00+00:00, run_after=2025-08-07 00:00:00+00:00
[2025-08-07T17:54:36.922+0000] {logging_mixin.py:190} INFO - [2025-08-07T17:54:36.922+0000] {dag.py:4180} INFO - Setting next_dagrun for dataset_with_extra_by_yield to 2025-08-06 00:00:00+00:00, run_after=2025-08-07 00:00:00+00:00
[2025-08-07T17:54:36.926+0000] {logging_mixin.py:190} INFO - [2025-08-07T17:54:36.926+0000] {dag.py:4180} INFO - Setting next_dagrun for dataset_with_extra_from_classic_operator to 2025-08-06 00:00:00+00:00, run_after=2025-08-07 00:00:00+00:00
[2025-08-07T17:54:36.992+0000] {processor.py:208} INFO - Processing /home/airflow/.local/lib/python3.12/site-packages/airflow/example_dags/example_outlet_event_extra.py took 1.397 seconds
[2025-08-07T17:55:08.694+0000] {processor.py:186} INFO - Started process (PID=4449) to work on /home/airflow/.local/lib/python3.12/site-packages/airflow/example_dags/example_outlet_event_extra.py
[2025-08-07T17:55:08.696+0000] {processor.py:914} INFO - Processing file /home/airflow/.local/lib/python3.12/site-packages/airflow/example_dags/example_outlet_event_extra.py for tasks to queue
[2025-08-07T17:55:08.702+0000] {logging_mixin.py:190} INFO - [2025-08-07T17:55:08.702+0000] {dagbag.py:588} INFO - Filling up the DagBag from /home/airflow/.local/lib/python3.12/site-packages/airflow/example_dags/example_outlet_event_extra.py
[2025-08-07T17:55:09.953+0000] {processor.py:925} INFO - DAG(s) 'dataset_with_extra_by_context', 'dataset_with_extra_by_yield', 'dataset_with_extra_from_classic_operator' retrieved from /home/airflow/.local/lib/python3.12/site-packages/airflow/example_dags/example_outlet_event_extra.py
[2025-08-07T17:55:10.033+0000] {logging_mixin.py:190} INFO - [2025-08-07T17:55:10.033+0000] {dag.py:3239} INFO - Sync 3 DAGs
[2025-08-07T17:55:10.154+0000] {logging_mixin.py:190} INFO - [2025-08-07T17:55:10.154+0000] {dag.py:4180} INFO - Setting next_dagrun for dataset_with_extra_by_context to 2025-08-06 00:00:00+00:00, run_after=2025-08-07 00:00:00+00:00
[2025-08-07T17:55:10.185+0000] {logging_mixin.py:190} INFO - [2025-08-07T17:55:10.181+0000] {dag.py:4180} INFO - Setting next_dagrun for dataset_with_extra_by_yield to 2025-08-06 00:00:00+00:00, run_after=2025-08-07 00:00:00+00:00
[2025-08-07T17:55:10.214+0000] {logging_mixin.py:190} INFO - [2025-08-07T17:55:10.213+0000] {dag.py:4180} INFO - Setting next_dagrun for dataset_with_extra_from_classic_operator to 2025-08-06 00:00:00+00:00, run_after=2025-08-07 00:00:00+00:00
[2025-08-07T17:55:10.334+0000] {processor.py:208} INFO - Processing /home/airflow/.local/lib/python3.12/site-packages/airflow/example_dags/example_outlet_event_extra.py took 1.652 seconds
