[2025-08-07T00:25:00.893+0000] {processor.py:186} INFO - Started process (PID=1010) to work on /home/airflow/.local/lib/python3.12/site-packages/airflow/example_dags/example_task_group.py
[2025-08-07T00:25:00.900+0000] {processor.py:914} INFO - Processing file /home/airflow/.local/lib/python3.12/site-packages/airflow/example_dags/example_task_group.py for tasks to queue
[2025-08-07T00:25:00.907+0000] {logging_mixin.py:190} INFO - [2025-08-07T00:25:00.907+0000] {dagbag.py:588} INFO - Filling up the DagBag from /home/airflow/.local/lib/python3.12/site-packages/airflow/example_dags/example_task_group.py
[2025-08-07T00:25:00.988+0000] {processor.py:925} INFO - DAG(s) 'example_task_group' retrieved from /home/airflow/.local/lib/python3.12/site-packages/airflow/example_dags/example_task_group.py
[2025-08-07T00:25:01.178+0000] {logging_mixin.py:190} INFO - [2025-08-07T00:25:01.170+0000] {dag.py:3239} INFO - Sync 1 DAGs
[2025-08-07T00:25:01.299+0000] {logging_mixin.py:190} INFO - [2025-08-07T00:25:01.298+0000] {dag.py:4180} INFO - Setting next_dagrun for example_task_group to None, run_after=None
[2025-08-07T00:25:01.475+0000] {processor.py:208} INFO - Processing /home/airflow/.local/lib/python3.12/site-packages/airflow/example_dags/example_task_group.py took 0.589 seconds
[2025-08-07T00:26:26.536+0000] {processor.py:186} INFO - Started process (PID=1070) to work on /home/airflow/.local/lib/python3.12/site-packages/airflow/example_dags/example_task_group.py
[2025-08-07T00:26:26.537+0000] {processor.py:914} INFO - Processing file /home/airflow/.local/lib/python3.12/site-packages/airflow/example_dags/example_task_group.py for tasks to queue
[2025-08-07T00:26:26.539+0000] {logging_mixin.py:190} INFO - [2025-08-07T00:26:26.539+0000] {dagbag.py:588} INFO - Filling up the DagBag from /home/airflow/.local/lib/python3.12/site-packages/airflow/example_dags/example_task_group.py
[2025-08-07T00:26:26.547+0000] {processor.py:925} INFO - DAG(s) 'example_task_group' retrieved from /home/airflow/.local/lib/python3.12/site-packages/airflow/example_dags/example_task_group.py
[2025-08-07T00:26:26.571+0000] {logging_mixin.py:190} INFO - [2025-08-07T00:26:26.570+0000] {dag.py:3239} INFO - Sync 1 DAGs
[2025-08-07T00:26:26.587+0000] {logging_mixin.py:190} INFO - [2025-08-07T00:26:26.587+0000] {dag.py:4180} INFO - Setting next_dagrun for example_task_group to None, run_after=None
[2025-08-07T00:26:26.614+0000] {processor.py:208} INFO - Processing /home/airflow/.local/lib/python3.12/site-packages/airflow/example_dags/example_task_group.py took 0.083 seconds
[2025-08-07T05:28:27.405+0000] {processor.py:186} INFO - Started process (PID=1092) to work on /home/airflow/.local/lib/python3.12/site-packages/airflow/example_dags/example_task_group.py
[2025-08-07T05:28:27.408+0000] {processor.py:914} INFO - Processing file /home/airflow/.local/lib/python3.12/site-packages/airflow/example_dags/example_task_group.py for tasks to queue
[2025-08-07T05:28:27.410+0000] {logging_mixin.py:190} INFO - [2025-08-07T05:28:27.409+0000] {dagbag.py:588} INFO - Filling up the DagBag from /home/airflow/.local/lib/python3.12/site-packages/airflow/example_dags/example_task_group.py
[2025-08-07T05:28:27.455+0000] {processor.py:925} INFO - DAG(s) 'example_task_group' retrieved from /home/airflow/.local/lib/python3.12/site-packages/airflow/example_dags/example_task_group.py
[2025-08-07T05:28:27.521+0000] {logging_mixin.py:190} INFO - [2025-08-07T05:28:27.520+0000] {dag.py:3239} INFO - Sync 1 DAGs
[2025-08-07T05:28:27.585+0000] {logging_mixin.py:190} INFO - [2025-08-07T05:28:27.584+0000] {dag.py:4180} INFO - Setting next_dagrun for example_task_group to None, run_after=None
[2025-08-07T05:28:27.685+0000] {processor.py:208} INFO - Processing /home/airflow/.local/lib/python3.12/site-packages/airflow/example_dags/example_task_group.py took 0.312 seconds
[2025-08-07T11:29:48.076+0000] {processor.py:186} INFO - Started process (PID=1158) to work on /home/airflow/.local/lib/python3.12/site-packages/airflow/example_dags/example_task_group.py
[2025-08-07T11:29:48.077+0000] {processor.py:914} INFO - Processing file /home/airflow/.local/lib/python3.12/site-packages/airflow/example_dags/example_task_group.py for tasks to queue
[2025-08-07T11:29:48.079+0000] {logging_mixin.py:190} INFO - [2025-08-07T11:29:48.079+0000] {dagbag.py:588} INFO - Filling up the DagBag from /home/airflow/.local/lib/python3.12/site-packages/airflow/example_dags/example_task_group.py
[2025-08-07T11:29:48.089+0000] {processor.py:925} INFO - DAG(s) 'example_task_group' retrieved from /home/airflow/.local/lib/python3.12/site-packages/airflow/example_dags/example_task_group.py
[2025-08-07T11:29:48.114+0000] {logging_mixin.py:190} INFO - [2025-08-07T11:29:48.114+0000] {dag.py:3239} INFO - Sync 1 DAGs
[2025-08-07T11:29:48.134+0000] {logging_mixin.py:190} INFO - [2025-08-07T11:29:48.133+0000] {dag.py:4180} INFO - Setting next_dagrun for example_task_group to None, run_after=None
[2025-08-07T11:29:48.160+0000] {processor.py:208} INFO - Processing /home/airflow/.local/lib/python3.12/site-packages/airflow/example_dags/example_task_group.py took 0.090 seconds
[2025-08-07T17:21:38.047+0000] {processor.py:186} INFO - Started process (PID=1176) to work on /home/airflow/.local/lib/python3.12/site-packages/airflow/example_dags/example_task_group.py
[2025-08-07T17:21:38.049+0000] {processor.py:914} INFO - Processing file /home/airflow/.local/lib/python3.12/site-packages/airflow/example_dags/example_task_group.py for tasks to queue
[2025-08-07T17:21:38.069+0000] {logging_mixin.py:190} INFO - [2025-08-07T17:21:38.069+0000] {dagbag.py:588} INFO - Filling up the DagBag from /home/airflow/.local/lib/python3.12/site-packages/airflow/example_dags/example_task_group.py
[2025-08-07T17:21:38.110+0000] {processor.py:925} INFO - DAG(s) 'example_task_group' retrieved from /home/airflow/.local/lib/python3.12/site-packages/airflow/example_dags/example_task_group.py
[2025-08-07T17:21:38.169+0000] {logging_mixin.py:190} INFO - [2025-08-07T17:21:38.169+0000] {dag.py:3239} INFO - Sync 1 DAGs
[2025-08-07T17:21:38.222+0000] {logging_mixin.py:190} INFO - [2025-08-07T17:21:38.221+0000] {dag.py:4180} INFO - Setting next_dagrun for example_task_group to None, run_after=None
[2025-08-07T17:21:38.305+0000] {processor.py:208} INFO - Processing /home/airflow/.local/lib/python3.12/site-packages/airflow/example_dags/example_task_group.py took 0.278 seconds
[2025-08-07T17:22:08.604+0000] {processor.py:186} INFO - Started process (PID=1242) to work on /home/airflow/.local/lib/python3.12/site-packages/airflow/example_dags/example_task_group.py
[2025-08-07T17:22:08.606+0000] {processor.py:914} INFO - Processing file /home/airflow/.local/lib/python3.12/site-packages/airflow/example_dags/example_task_group.py for tasks to queue
[2025-08-07T17:22:08.609+0000] {logging_mixin.py:190} INFO - [2025-08-07T17:22:08.608+0000] {dagbag.py:588} INFO - Filling up the DagBag from /home/airflow/.local/lib/python3.12/site-packages/airflow/example_dags/example_task_group.py
[2025-08-07T17:22:08.626+0000] {processor.py:925} INFO - DAG(s) 'example_task_group' retrieved from /home/airflow/.local/lib/python3.12/site-packages/airflow/example_dags/example_task_group.py
[2025-08-07T17:22:08.658+0000] {logging_mixin.py:190} INFO - [2025-08-07T17:22:08.658+0000] {dag.py:3239} INFO - Sync 1 DAGs
[2025-08-07T17:22:08.686+0000] {logging_mixin.py:190} INFO - [2025-08-07T17:22:08.685+0000] {dag.py:4180} INFO - Setting next_dagrun for example_task_group to None, run_after=None
[2025-08-07T17:22:08.739+0000] {processor.py:208} INFO - Processing /home/airflow/.local/lib/python3.12/site-packages/airflow/example_dags/example_task_group.py took 0.146 seconds
[2025-08-07T17:22:39.241+0000] {processor.py:186} INFO - Started process (PID=1307) to work on /home/airflow/.local/lib/python3.12/site-packages/airflow/example_dags/example_task_group.py
[2025-08-07T17:22:39.242+0000] {processor.py:914} INFO - Processing file /home/airflow/.local/lib/python3.12/site-packages/airflow/example_dags/example_task_group.py for tasks to queue
[2025-08-07T17:22:39.244+0000] {logging_mixin.py:190} INFO - [2025-08-07T17:22:39.244+0000] {dagbag.py:588} INFO - Filling up the DagBag from /home/airflow/.local/lib/python3.12/site-packages/airflow/example_dags/example_task_group.py
[2025-08-07T17:22:39.254+0000] {processor.py:925} INFO - DAG(s) 'example_task_group' retrieved from /home/airflow/.local/lib/python3.12/site-packages/airflow/example_dags/example_task_group.py
[2025-08-07T17:22:39.278+0000] {logging_mixin.py:190} INFO - [2025-08-07T17:22:39.278+0000] {dag.py:3239} INFO - Sync 1 DAGs
[2025-08-07T17:22:39.295+0000] {logging_mixin.py:190} INFO - [2025-08-07T17:22:39.295+0000] {dag.py:4180} INFO - Setting next_dagrun for example_task_group to None, run_after=None
[2025-08-07T17:22:39.317+0000] {processor.py:208} INFO - Processing /home/airflow/.local/lib/python3.12/site-packages/airflow/example_dags/example_task_group.py took 0.082 seconds
[2025-08-07T17:22:04.080+0000] {processor.py:186} INFO - Started process (PID=1374) to work on /home/airflow/.local/lib/python3.12/site-packages/airflow/example_dags/example_task_group.py
[2025-08-07T17:22:04.081+0000] {processor.py:914} INFO - Processing file /home/airflow/.local/lib/python3.12/site-packages/airflow/example_dags/example_task_group.py for tasks to queue
[2025-08-07T17:22:04.083+0000] {logging_mixin.py:190} INFO - [2025-08-07T17:22:04.082+0000] {dagbag.py:588} INFO - Filling up the DagBag from /home/airflow/.local/lib/python3.12/site-packages/airflow/example_dags/example_task_group.py
[2025-08-07T17:22:04.092+0000] {processor.py:925} INFO - DAG(s) 'example_task_group' retrieved from /home/airflow/.local/lib/python3.12/site-packages/airflow/example_dags/example_task_group.py
[2025-08-07T17:22:04.115+0000] {logging_mixin.py:190} INFO - [2025-08-07T17:22:04.115+0000] {dag.py:3239} INFO - Sync 1 DAGs
[2025-08-07T17:22:04.132+0000] {logging_mixin.py:190} INFO - [2025-08-07T17:22:04.131+0000] {dag.py:4180} INFO - Setting next_dagrun for example_task_group to None, run_after=None
[2025-08-07T17:22:04.156+0000] {processor.py:208} INFO - Processing /home/airflow/.local/lib/python3.12/site-packages/airflow/example_dags/example_task_group.py took 0.081 seconds
[2025-08-07T17:22:35.545+0000] {processor.py:186} INFO - Started process (PID=1405) to work on /home/airflow/.local/lib/python3.12/site-packages/airflow/example_dags/example_task_group.py
[2025-08-07T17:22:35.546+0000] {processor.py:914} INFO - Processing file /home/airflow/.local/lib/python3.12/site-packages/airflow/example_dags/example_task_group.py for tasks to queue
[2025-08-07T17:22:35.547+0000] {logging_mixin.py:190} INFO - [2025-08-07T17:22:35.547+0000] {dagbag.py:588} INFO - Filling up the DagBag from /home/airflow/.local/lib/python3.12/site-packages/airflow/example_dags/example_task_group.py
[2025-08-07T17:22:35.555+0000] {processor.py:925} INFO - DAG(s) 'example_task_group' retrieved from /home/airflow/.local/lib/python3.12/site-packages/airflow/example_dags/example_task_group.py
[2025-08-07T17:22:35.578+0000] {logging_mixin.py:190} INFO - [2025-08-07T17:22:35.578+0000] {dag.py:3239} INFO - Sync 1 DAGs
[2025-08-07T17:22:35.595+0000] {logging_mixin.py:190} INFO - [2025-08-07T17:22:35.595+0000] {dag.py:4180} INFO - Setting next_dagrun for example_task_group to None, run_after=None
[2025-08-07T17:22:35.622+0000] {processor.py:208} INFO - Processing /home/airflow/.local/lib/python3.12/site-packages/airflow/example_dags/example_task_group.py took 0.082 seconds
[2025-08-07T17:23:07.053+0000] {processor.py:186} INFO - Started process (PID=1436) to work on /home/airflow/.local/lib/python3.12/site-packages/airflow/example_dags/example_task_group.py
[2025-08-07T17:23:07.055+0000] {processor.py:914} INFO - Processing file /home/airflow/.local/lib/python3.12/site-packages/airflow/example_dags/example_task_group.py for tasks to queue
[2025-08-07T17:23:07.056+0000] {logging_mixin.py:190} INFO - [2025-08-07T17:23:07.056+0000] {dagbag.py:588} INFO - Filling up the DagBag from /home/airflow/.local/lib/python3.12/site-packages/airflow/example_dags/example_task_group.py
[2025-08-07T17:23:07.067+0000] {processor.py:925} INFO - DAG(s) 'example_task_group' retrieved from /home/airflow/.local/lib/python3.12/site-packages/airflow/example_dags/example_task_group.py
[2025-08-07T17:23:07.090+0000] {logging_mixin.py:190} INFO - [2025-08-07T17:23:07.090+0000] {dag.py:3239} INFO - Sync 1 DAGs
[2025-08-07T17:23:07.106+0000] {logging_mixin.py:190} INFO - [2025-08-07T17:23:07.105+0000] {dag.py:4180} INFO - Setting next_dagrun for example_task_group to None, run_after=None
[2025-08-07T17:23:07.131+0000] {processor.py:208} INFO - Processing /home/airflow/.local/lib/python3.12/site-packages/airflow/example_dags/example_task_group.py took 0.084 seconds
[2025-08-07T17:23:14.888+0000] {processor.py:186} INFO - Started process (PID=1466) to work on /home/airflow/.local/lib/python3.12/site-packages/airflow/example_dags/example_task_group.py
[2025-08-07T17:23:14.889+0000] {processor.py:914} INFO - Processing file /home/airflow/.local/lib/python3.12/site-packages/airflow/example_dags/example_task_group.py for tasks to queue
[2025-08-07T17:23:14.891+0000] {logging_mixin.py:190} INFO - [2025-08-07T17:23:14.890+0000] {dagbag.py:588} INFO - Filling up the DagBag from /home/airflow/.local/lib/python3.12/site-packages/airflow/example_dags/example_task_group.py
[2025-08-07T17:23:14.901+0000] {processor.py:925} INFO - DAG(s) 'example_task_group' retrieved from /home/airflow/.local/lib/python3.12/site-packages/airflow/example_dags/example_task_group.py
[2025-08-07T17:23:14.923+0000] {logging_mixin.py:190} INFO - [2025-08-07T17:23:14.922+0000] {dag.py:3239} INFO - Sync 1 DAGs
[2025-08-07T17:23:14.944+0000] {logging_mixin.py:190} INFO - [2025-08-07T17:23:14.943+0000] {dag.py:4180} INFO - Setting next_dagrun for example_task_group to None, run_after=None
[2025-08-07T17:23:14.971+0000] {processor.py:208} INFO - Processing /home/airflow/.local/lib/python3.12/site-packages/airflow/example_dags/example_task_group.py took 0.089 seconds
[2025-08-07T17:23:44.809+0000] {processor.py:186} INFO - Started process (PID=1538) to work on /home/airflow/.local/lib/python3.12/site-packages/airflow/example_dags/example_task_group.py
[2025-08-07T17:23:44.811+0000] {processor.py:914} INFO - Processing file /home/airflow/.local/lib/python3.12/site-packages/airflow/example_dags/example_task_group.py for tasks to queue
[2025-08-07T17:23:44.813+0000] {logging_mixin.py:190} INFO - [2025-08-07T17:23:44.812+0000] {dagbag.py:588} INFO - Filling up the DagBag from /home/airflow/.local/lib/python3.12/site-packages/airflow/example_dags/example_task_group.py
[2025-08-07T17:23:44.823+0000] {processor.py:925} INFO - DAG(s) 'example_task_group' retrieved from /home/airflow/.local/lib/python3.12/site-packages/airflow/example_dags/example_task_group.py
[2025-08-07T17:23:44.850+0000] {logging_mixin.py:190} INFO - [2025-08-07T17:23:44.849+0000] {dag.py:3239} INFO - Sync 1 DAGs
[2025-08-07T17:23:44.870+0000] {logging_mixin.py:190} INFO - [2025-08-07T17:23:44.869+0000] {dag.py:4180} INFO - Setting next_dagrun for example_task_group to None, run_after=None
[2025-08-07T17:23:44.921+0000] {processor.py:208} INFO - Processing /home/airflow/.local/lib/python3.12/site-packages/airflow/example_dags/example_task_group.py took 0.116 seconds
[2025-08-07T17:23:59.737+0000] {processor.py:186} INFO - Started process (PID=1596) to work on /home/airflow/.local/lib/python3.12/site-packages/airflow/example_dags/example_task_group.py
[2025-08-07T17:23:59.738+0000] {processor.py:914} INFO - Processing file /home/airflow/.local/lib/python3.12/site-packages/airflow/example_dags/example_task_group.py for tasks to queue
[2025-08-07T17:23:59.740+0000] {logging_mixin.py:190} INFO - [2025-08-07T17:23:59.739+0000] {dagbag.py:588} INFO - Filling up the DagBag from /home/airflow/.local/lib/python3.12/site-packages/airflow/example_dags/example_task_group.py
[2025-08-07T17:23:59.748+0000] {processor.py:925} INFO - DAG(s) 'example_task_group' retrieved from /home/airflow/.local/lib/python3.12/site-packages/airflow/example_dags/example_task_group.py
[2025-08-07T17:23:59.774+0000] {logging_mixin.py:190} INFO - [2025-08-07T17:23:59.774+0000] {dag.py:3239} INFO - Sync 1 DAGs
[2025-08-07T17:23:59.793+0000] {logging_mixin.py:190} INFO - [2025-08-07T17:23:59.792+0000] {dag.py:4180} INFO - Setting next_dagrun for example_task_group to None, run_after=None
[2025-08-07T17:23:59.819+0000] {processor.py:208} INFO - Processing /home/airflow/.local/lib/python3.12/site-packages/airflow/example_dags/example_task_group.py took 0.087 seconds
[2025-08-07T17:24:13.586+0000] {processor.py:186} INFO - Started process (PID=1662) to work on /home/airflow/.local/lib/python3.12/site-packages/airflow/example_dags/example_task_group.py
[2025-08-07T17:24:13.587+0000] {processor.py:914} INFO - Processing file /home/airflow/.local/lib/python3.12/site-packages/airflow/example_dags/example_task_group.py for tasks to queue
[2025-08-07T17:24:13.588+0000] {logging_mixin.py:190} INFO - [2025-08-07T17:24:13.588+0000] {dagbag.py:588} INFO - Filling up the DagBag from /home/airflow/.local/lib/python3.12/site-packages/airflow/example_dags/example_task_group.py
[2025-08-07T17:24:13.599+0000] {processor.py:925} INFO - DAG(s) 'example_task_group' retrieved from /home/airflow/.local/lib/python3.12/site-packages/airflow/example_dags/example_task_group.py
[2025-08-07T17:24:13.623+0000] {logging_mixin.py:190} INFO - [2025-08-07T17:24:13.622+0000] {dag.py:3239} INFO - Sync 1 DAGs
[2025-08-07T17:24:13.640+0000] {logging_mixin.py:190} INFO - [2025-08-07T17:24:13.640+0000] {dag.py:4180} INFO - Setting next_dagrun for example_task_group to None, run_after=None
[2025-08-07T17:24:13.664+0000] {processor.py:208} INFO - Processing /home/airflow/.local/lib/python3.12/site-packages/airflow/example_dags/example_task_group.py took 0.084 seconds
[2025-08-07T17:24:44.738+0000] {processor.py:186} INFO - Started process (PID=1730) to work on /home/airflow/.local/lib/python3.12/site-packages/airflow/example_dags/example_task_group.py
[2025-08-07T17:24:44.740+0000] {processor.py:914} INFO - Processing file /home/airflow/.local/lib/python3.12/site-packages/airflow/example_dags/example_task_group.py for tasks to queue
[2025-08-07T17:24:44.741+0000] {logging_mixin.py:190} INFO - [2025-08-07T17:24:44.741+0000] {dagbag.py:588} INFO - Filling up the DagBag from /home/airflow/.local/lib/python3.12/site-packages/airflow/example_dags/example_task_group.py
[2025-08-07T17:24:44.749+0000] {processor.py:925} INFO - DAG(s) 'example_task_group' retrieved from /home/airflow/.local/lib/python3.12/site-packages/airflow/example_dags/example_task_group.py
[2025-08-07T17:24:44.774+0000] {logging_mixin.py:190} INFO - [2025-08-07T17:24:44.774+0000] {dag.py:3239} INFO - Sync 1 DAGs
[2025-08-07T17:24:44.788+0000] {logging_mixin.py:190} INFO - [2025-08-07T17:24:44.788+0000] {dag.py:4180} INFO - Setting next_dagrun for example_task_group to None, run_after=None
[2025-08-07T17:24:44.810+0000] {processor.py:208} INFO - Processing /home/airflow/.local/lib/python3.12/site-packages/airflow/example_dags/example_task_group.py took 0.077 seconds
[2025-08-07T17:24:59.770+0000] {processor.py:186} INFO - Started process (PID=1789) to work on /home/airflow/.local/lib/python3.12/site-packages/airflow/example_dags/example_task_group.py
[2025-08-07T17:24:59.771+0000] {processor.py:914} INFO - Processing file /home/airflow/.local/lib/python3.12/site-packages/airflow/example_dags/example_task_group.py for tasks to queue
[2025-08-07T17:24:59.773+0000] {logging_mixin.py:190} INFO - [2025-08-07T17:24:59.773+0000] {dagbag.py:588} INFO - Filling up the DagBag from /home/airflow/.local/lib/python3.12/site-packages/airflow/example_dags/example_task_group.py
[2025-08-07T17:24:59.785+0000] {processor.py:925} INFO - DAG(s) 'example_task_group' retrieved from /home/airflow/.local/lib/python3.12/site-packages/airflow/example_dags/example_task_group.py
[2025-08-07T17:24:59.814+0000] {logging_mixin.py:190} INFO - [2025-08-07T17:24:59.814+0000] {dag.py:3239} INFO - Sync 1 DAGs
[2025-08-07T17:24:59.836+0000] {logging_mixin.py:190} INFO - [2025-08-07T17:24:59.836+0000] {dag.py:4180} INFO - Setting next_dagrun for example_task_group to None, run_after=None
[2025-08-07T17:24:59.863+0000] {processor.py:208} INFO - Processing /home/airflow/.local/lib/python3.12/site-packages/airflow/example_dags/example_task_group.py took 0.099 seconds
[2025-08-07T17:25:13.447+0000] {processor.py:186} INFO - Started process (PID=1845) to work on /home/airflow/.local/lib/python3.12/site-packages/airflow/example_dags/example_task_group.py
[2025-08-07T17:25:13.449+0000] {processor.py:914} INFO - Processing file /home/airflow/.local/lib/python3.12/site-packages/airflow/example_dags/example_task_group.py for tasks to queue
[2025-08-07T17:25:13.451+0000] {logging_mixin.py:190} INFO - [2025-08-07T17:25:13.451+0000] {dagbag.py:588} INFO - Filling up the DagBag from /home/airflow/.local/lib/python3.12/site-packages/airflow/example_dags/example_task_group.py
[2025-08-07T17:25:13.463+0000] {processor.py:925} INFO - DAG(s) 'example_task_group' retrieved from /home/airflow/.local/lib/python3.12/site-packages/airflow/example_dags/example_task_group.py
[2025-08-07T17:25:13.492+0000] {logging_mixin.py:190} INFO - [2025-08-07T17:25:13.491+0000] {dag.py:3239} INFO - Sync 1 DAGs
[2025-08-07T17:25:13.511+0000] {logging_mixin.py:190} INFO - [2025-08-07T17:25:13.511+0000] {dag.py:4180} INFO - Setting next_dagrun for example_task_group to None, run_after=None
[2025-08-07T17:25:13.542+0000] {processor.py:208} INFO - Processing /home/airflow/.local/lib/python3.12/site-packages/airflow/example_dags/example_task_group.py took 0.101 seconds
[2025-08-07T17:25:41.971+0000] {processor.py:186} INFO - Started process (PID=1910) to work on /home/airflow/.local/lib/python3.12/site-packages/airflow/example_dags/example_task_group.py
[2025-08-07T17:25:41.973+0000] {processor.py:914} INFO - Processing file /home/airflow/.local/lib/python3.12/site-packages/airflow/example_dags/example_task_group.py for tasks to queue
[2025-08-07T17:25:41.975+0000] {logging_mixin.py:190} INFO - [2025-08-07T17:25:41.974+0000] {dagbag.py:588} INFO - Filling up the DagBag from /home/airflow/.local/lib/python3.12/site-packages/airflow/example_dags/example_task_group.py
[2025-08-07T17:25:41.985+0000] {processor.py:925} INFO - DAG(s) 'example_task_group' retrieved from /home/airflow/.local/lib/python3.12/site-packages/airflow/example_dags/example_task_group.py
[2025-08-07T17:25:42.012+0000] {logging_mixin.py:190} INFO - [2025-08-07T17:25:42.011+0000] {dag.py:3239} INFO - Sync 1 DAGs
[2025-08-07T17:25:42.034+0000] {logging_mixin.py:190} INFO - [2025-08-07T17:25:42.034+0000] {dag.py:4180} INFO - Setting next_dagrun for example_task_group to None, run_after=None
[2025-08-07T17:25:42.058+0000] {processor.py:208} INFO - Processing /home/airflow/.local/lib/python3.12/site-packages/airflow/example_dags/example_task_group.py took 0.094 seconds
[2025-08-07T17:26:13.671+0000] {processor.py:186} INFO - Started process (PID=1980) to work on /home/airflow/.local/lib/python3.12/site-packages/airflow/example_dags/example_task_group.py
[2025-08-07T17:26:13.672+0000] {processor.py:914} INFO - Processing file /home/airflow/.local/lib/python3.12/site-packages/airflow/example_dags/example_task_group.py for tasks to queue
[2025-08-07T17:26:13.675+0000] {logging_mixin.py:190} INFO - [2025-08-07T17:26:13.674+0000] {dagbag.py:588} INFO - Filling up the DagBag from /home/airflow/.local/lib/python3.12/site-packages/airflow/example_dags/example_task_group.py
[2025-08-07T17:26:13.683+0000] {processor.py:925} INFO - DAG(s) 'example_task_group' retrieved from /home/airflow/.local/lib/python3.12/site-packages/airflow/example_dags/example_task_group.py
[2025-08-07T17:26:13.708+0000] {logging_mixin.py:190} INFO - [2025-08-07T17:26:13.708+0000] {dag.py:3239} INFO - Sync 1 DAGs
[2025-08-07T17:26:13.729+0000] {logging_mixin.py:190} INFO - [2025-08-07T17:26:13.729+0000] {dag.py:4180} INFO - Setting next_dagrun for example_task_group to None, run_after=None
[2025-08-07T17:26:13.755+0000] {processor.py:208} INFO - Processing /home/airflow/.local/lib/python3.12/site-packages/airflow/example_dags/example_task_group.py took 0.089 seconds
[2025-08-07T17:26:44.861+0000] {processor.py:186} INFO - Started process (PID=2043) to work on /home/airflow/.local/lib/python3.12/site-packages/airflow/example_dags/example_task_group.py
[2025-08-07T17:26:44.862+0000] {processor.py:914} INFO - Processing file /home/airflow/.local/lib/python3.12/site-packages/airflow/example_dags/example_task_group.py for tasks to queue
[2025-08-07T17:26:44.864+0000] {logging_mixin.py:190} INFO - [2025-08-07T17:26:44.863+0000] {dagbag.py:588} INFO - Filling up the DagBag from /home/airflow/.local/lib/python3.12/site-packages/airflow/example_dags/example_task_group.py
[2025-08-07T17:26:44.875+0000] {processor.py:925} INFO - DAG(s) 'example_task_group' retrieved from /home/airflow/.local/lib/python3.12/site-packages/airflow/example_dags/example_task_group.py
[2025-08-07T17:26:44.901+0000] {logging_mixin.py:190} INFO - [2025-08-07T17:26:44.901+0000] {dag.py:3239} INFO - Sync 1 DAGs
[2025-08-07T17:26:44.919+0000] {logging_mixin.py:190} INFO - [2025-08-07T17:26:44.919+0000] {dag.py:4180} INFO - Setting next_dagrun for example_task_group to None, run_after=None
[2025-08-07T17:26:44.944+0000] {processor.py:208} INFO - Processing /home/airflow/.local/lib/python3.12/site-packages/airflow/example_dags/example_task_group.py took 0.089 seconds
[2025-08-07T17:26:55.200+0000] {processor.py:186} INFO - Started process (PID=2103) to work on /home/airflow/.local/lib/python3.12/site-packages/airflow/example_dags/example_task_group.py
[2025-08-07T17:26:55.201+0000] {processor.py:914} INFO - Processing file /home/airflow/.local/lib/python3.12/site-packages/airflow/example_dags/example_task_group.py for tasks to queue
[2025-08-07T17:26:55.203+0000] {logging_mixin.py:190} INFO - [2025-08-07T17:26:55.203+0000] {dagbag.py:588} INFO - Filling up the DagBag from /home/airflow/.local/lib/python3.12/site-packages/airflow/example_dags/example_task_group.py
[2025-08-07T17:26:55.216+0000] {processor.py:925} INFO - DAG(s) 'example_task_group' retrieved from /home/airflow/.local/lib/python3.12/site-packages/airflow/example_dags/example_task_group.py
[2025-08-07T17:26:55.246+0000] {logging_mixin.py:190} INFO - [2025-08-07T17:26:55.246+0000] {dag.py:3239} INFO - Sync 1 DAGs
[2025-08-07T17:26:55.298+0000] {logging_mixin.py:190} INFO - [2025-08-07T17:26:55.298+0000] {dag.py:4180} INFO - Setting next_dagrun for example_task_group to None, run_after=None
[2025-08-07T17:26:55.330+0000] {processor.py:208} INFO - Processing /home/airflow/.local/lib/python3.12/site-packages/airflow/example_dags/example_task_group.py took 0.139 seconds
[2025-08-07T17:27:26.533+0000] {processor.py:186} INFO - Started process (PID=2167) to work on /home/airflow/.local/lib/python3.12/site-packages/airflow/example_dags/example_task_group.py
[2025-08-07T17:27:26.535+0000] {processor.py:914} INFO - Processing file /home/airflow/.local/lib/python3.12/site-packages/airflow/example_dags/example_task_group.py for tasks to queue
[2025-08-07T17:27:26.536+0000] {logging_mixin.py:190} INFO - [2025-08-07T17:27:26.536+0000] {dagbag.py:588} INFO - Filling up the DagBag from /home/airflow/.local/lib/python3.12/site-packages/airflow/example_dags/example_task_group.py
[2025-08-07T17:27:26.546+0000] {processor.py:925} INFO - DAG(s) 'example_task_group' retrieved from /home/airflow/.local/lib/python3.12/site-packages/airflow/example_dags/example_task_group.py
[2025-08-07T17:27:26.574+0000] {logging_mixin.py:190} INFO - [2025-08-07T17:27:26.574+0000] {dag.py:3239} INFO - Sync 1 DAGs
[2025-08-07T17:27:26.593+0000] {logging_mixin.py:190} INFO - [2025-08-07T17:27:26.593+0000] {dag.py:4180} INFO - Setting next_dagrun for example_task_group to None, run_after=None
[2025-08-07T17:27:26.622+0000] {processor.py:208} INFO - Processing /home/airflow/.local/lib/python3.12/site-packages/airflow/example_dags/example_task_group.py took 0.093 seconds
[2025-08-07T17:27:55.111+0000] {processor.py:186} INFO - Started process (PID=2231) to work on /home/airflow/.local/lib/python3.12/site-packages/airflow/example_dags/example_task_group.py
[2025-08-07T17:27:55.113+0000] {processor.py:914} INFO - Processing file /home/airflow/.local/lib/python3.12/site-packages/airflow/example_dags/example_task_group.py for tasks to queue
[2025-08-07T17:27:55.115+0000] {logging_mixin.py:190} INFO - [2025-08-07T17:27:55.114+0000] {dagbag.py:588} INFO - Filling up the DagBag from /home/airflow/.local/lib/python3.12/site-packages/airflow/example_dags/example_task_group.py
[2025-08-07T17:27:55.125+0000] {processor.py:925} INFO - DAG(s) 'example_task_group' retrieved from /home/airflow/.local/lib/python3.12/site-packages/airflow/example_dags/example_task_group.py
[2025-08-07T17:27:55.151+0000] {logging_mixin.py:190} INFO - [2025-08-07T17:27:55.151+0000] {dag.py:3239} INFO - Sync 1 DAGs
[2025-08-07T17:27:55.169+0000] {logging_mixin.py:190} INFO - [2025-08-07T17:27:55.169+0000] {dag.py:4180} INFO - Setting next_dagrun for example_task_group to None, run_after=None
[2025-08-07T17:27:55.196+0000] {processor.py:208} INFO - Processing /home/airflow/.local/lib/python3.12/site-packages/airflow/example_dags/example_task_group.py took 0.091 seconds
[2025-08-07T17:28:26.206+0000] {processor.py:186} INFO - Started process (PID=2297) to work on /home/airflow/.local/lib/python3.12/site-packages/airflow/example_dags/example_task_group.py
[2025-08-07T17:28:26.208+0000] {processor.py:914} INFO - Processing file /home/airflow/.local/lib/python3.12/site-packages/airflow/example_dags/example_task_group.py for tasks to queue
[2025-08-07T17:28:26.209+0000] {logging_mixin.py:190} INFO - [2025-08-07T17:28:26.209+0000] {dagbag.py:588} INFO - Filling up the DagBag from /home/airflow/.local/lib/python3.12/site-packages/airflow/example_dags/example_task_group.py
[2025-08-07T17:28:26.220+0000] {processor.py:925} INFO - DAG(s) 'example_task_group' retrieved from /home/airflow/.local/lib/python3.12/site-packages/airflow/example_dags/example_task_group.py
[2025-08-07T17:28:26.247+0000] {logging_mixin.py:190} INFO - [2025-08-07T17:28:26.247+0000] {dag.py:3239} INFO - Sync 1 DAGs
[2025-08-07T17:28:26.265+0000] {logging_mixin.py:190} INFO - [2025-08-07T17:28:26.265+0000] {dag.py:4180} INFO - Setting next_dagrun for example_task_group to None, run_after=None
[2025-08-07T17:28:26.296+0000] {processor.py:208} INFO - Processing /home/airflow/.local/lib/python3.12/site-packages/airflow/example_dags/example_task_group.py took 0.096 seconds
[2025-08-07T17:28:36.896+0000] {processor.py:186} INFO - Started process (PID=2355) to work on /home/airflow/.local/lib/python3.12/site-packages/airflow/example_dags/example_task_group.py
[2025-08-07T17:28:36.897+0000] {processor.py:914} INFO - Processing file /home/airflow/.local/lib/python3.12/site-packages/airflow/example_dags/example_task_group.py for tasks to queue
[2025-08-07T17:28:36.899+0000] {logging_mixin.py:190} INFO - [2025-08-07T17:28:36.898+0000] {dagbag.py:588} INFO - Filling up the DagBag from /home/airflow/.local/lib/python3.12/site-packages/airflow/example_dags/example_task_group.py
[2025-08-07T17:28:36.911+0000] {processor.py:925} INFO - DAG(s) 'example_task_group' retrieved from /home/airflow/.local/lib/python3.12/site-packages/airflow/example_dags/example_task_group.py
[2025-08-07T17:28:36.945+0000] {logging_mixin.py:190} INFO - [2025-08-07T17:28:36.944+0000] {dag.py:3239} INFO - Sync 1 DAGs
[2025-08-07T17:28:36.965+0000] {logging_mixin.py:190} INFO - [2025-08-07T17:28:36.964+0000] {dag.py:4180} INFO - Setting next_dagrun for example_task_group to None, run_after=None
[2025-08-07T17:28:36.995+0000] {processor.py:208} INFO - Processing /home/airflow/.local/lib/python3.12/site-packages/airflow/example_dags/example_task_group.py took 0.107 seconds
[2025-08-07T17:29:08.464+0000] {processor.py:186} INFO - Started process (PID=2427) to work on /home/airflow/.local/lib/python3.12/site-packages/airflow/example_dags/example_task_group.py
[2025-08-07T17:29:08.466+0000] {processor.py:914} INFO - Processing file /home/airflow/.local/lib/python3.12/site-packages/airflow/example_dags/example_task_group.py for tasks to queue
[2025-08-07T17:29:08.469+0000] {logging_mixin.py:190} INFO - [2025-08-07T17:29:08.468+0000] {dagbag.py:588} INFO - Filling up the DagBag from /home/airflow/.local/lib/python3.12/site-packages/airflow/example_dags/example_task_group.py
[2025-08-07T17:29:08.482+0000] {processor.py:925} INFO - DAG(s) 'example_task_group' retrieved from /home/airflow/.local/lib/python3.12/site-packages/airflow/example_dags/example_task_group.py
[2025-08-07T17:29:08.509+0000] {logging_mixin.py:190} INFO - [2025-08-07T17:29:08.509+0000] {dag.py:3239} INFO - Sync 1 DAGs
[2025-08-07T17:29:08.529+0000] {logging_mixin.py:190} INFO - [2025-08-07T17:29:08.529+0000] {dag.py:4180} INFO - Setting next_dagrun for example_task_group to None, run_after=None
[2025-08-07T17:30:22.119+0000] {processor.py:208} INFO - Processing /home/airflow/.local/lib/python3.12/site-packages/airflow/example_dags/example_task_group.py took 0.099 seconds
[2025-08-07T17:42:29.582+0000] {processor.py:186} INFO - Started process (PID=2690) to work on /home/airflow/.local/lib/python3.12/site-packages/airflow/example_dags/example_task_group.py
[2025-08-07T17:42:29.601+0000] {processor.py:914} INFO - Processing file /home/airflow/.local/lib/python3.12/site-packages/airflow/example_dags/example_task_group.py for tasks to queue
[2025-08-07T17:42:29.618+0000] {logging_mixin.py:190} INFO - [2025-08-07T17:42:29.617+0000] {dagbag.py:588} INFO - Filling up the DagBag from /home/airflow/.local/lib/python3.12/site-packages/airflow/example_dags/example_task_group.py
[2025-08-07T17:42:29.650+0000] {processor.py:925} INFO - DAG(s) 'example_task_group' retrieved from /home/airflow/.local/lib/python3.12/site-packages/airflow/example_dags/example_task_group.py
[2025-08-07T17:42:30.599+0000] {logging_mixin.py:190} INFO - [2025-08-07T17:42:30.599+0000] {dag.py:3239} INFO - Sync 1 DAGs
[2025-08-07T17:42:30.660+0000] {logging_mixin.py:190} INFO - [2025-08-07T17:42:30.659+0000] {dag.py:4180} INFO - Setting next_dagrun for example_task_group to None, run_after=None
[2025-08-07T17:42:30.765+0000] {processor.py:208} INFO - Processing /home/airflow/.local/lib/python3.12/site-packages/airflow/example_dags/example_task_group.py took 1.210 seconds
[2025-08-07T17:43:01.478+0000] {processor.py:186} INFO - Started process (PID=2757) to work on /home/airflow/.local/lib/python3.12/site-packages/airflow/example_dags/example_task_group.py
[2025-08-07T17:43:01.479+0000] {processor.py:914} INFO - Processing file /home/airflow/.local/lib/python3.12/site-packages/airflow/example_dags/example_task_group.py for tasks to queue
[2025-08-07T17:43:01.480+0000] {logging_mixin.py:190} INFO - [2025-08-07T17:43:01.480+0000] {dagbag.py:588} INFO - Filling up the DagBag from /home/airflow/.local/lib/python3.12/site-packages/airflow/example_dags/example_task_group.py
[2025-08-07T17:43:01.508+0000] {processor.py:925} INFO - DAG(s) 'example_task_group' retrieved from /home/airflow/.local/lib/python3.12/site-packages/airflow/example_dags/example_task_group.py
[2025-08-07T17:43:01.583+0000] {logging_mixin.py:190} INFO - [2025-08-07T17:43:01.582+0000] {dag.py:3239} INFO - Sync 1 DAGs
[2025-08-07T17:43:01.623+0000] {logging_mixin.py:190} INFO - [2025-08-07T17:43:01.623+0000] {dag.py:4180} INFO - Setting next_dagrun for example_task_group to None, run_after=None
[2025-08-07T17:43:01.671+0000] {processor.py:208} INFO - Processing /home/airflow/.local/lib/python3.12/site-packages/airflow/example_dags/example_task_group.py took 0.218 seconds
[2025-08-07T17:43:23.496+0000] {processor.py:186} INFO - Started process (PID=2820) to work on /home/airflow/.local/lib/python3.12/site-packages/airflow/example_dags/example_task_group.py
[2025-08-07T17:43:23.497+0000] {processor.py:914} INFO - Processing file /home/airflow/.local/lib/python3.12/site-packages/airflow/example_dags/example_task_group.py for tasks to queue
[2025-08-07T17:43:23.499+0000] {logging_mixin.py:190} INFO - [2025-08-07T17:43:23.498+0000] {dagbag.py:588} INFO - Filling up the DagBag from /home/airflow/.local/lib/python3.12/site-packages/airflow/example_dags/example_task_group.py
[2025-08-07T17:43:23.511+0000] {processor.py:925} INFO - DAG(s) 'example_task_group' retrieved from /home/airflow/.local/lib/python3.12/site-packages/airflow/example_dags/example_task_group.py
[2025-08-07T17:43:23.546+0000] {logging_mixin.py:190} INFO - [2025-08-07T17:43:23.543+0000] {dag.py:3239} INFO - Sync 1 DAGs
[2025-08-07T17:43:23.570+0000] {logging_mixin.py:190} INFO - [2025-08-07T17:43:23.570+0000] {dag.py:4180} INFO - Setting next_dagrun for example_task_group to None, run_after=None
[2025-08-07T17:43:23.617+0000] {processor.py:208} INFO - Processing /home/airflow/.local/lib/python3.12/site-packages/airflow/example_dags/example_task_group.py took 0.129 seconds
[2025-08-07T17:43:43.379+0000] {processor.py:186} INFO - Started process (PID=2880) to work on /home/airflow/.local/lib/python3.12/site-packages/airflow/example_dags/example_task_group.py
[2025-08-07T17:43:43.380+0000] {processor.py:914} INFO - Processing file /home/airflow/.local/lib/python3.12/site-packages/airflow/example_dags/example_task_group.py for tasks to queue
[2025-08-07T17:43:43.382+0000] {logging_mixin.py:190} INFO - [2025-08-07T17:43:43.381+0000] {dagbag.py:588} INFO - Filling up the DagBag from /home/airflow/.local/lib/python3.12/site-packages/airflow/example_dags/example_task_group.py
[2025-08-07T17:43:43.409+0000] {processor.py:925} INFO - DAG(s) 'example_task_group' retrieved from /home/airflow/.local/lib/python3.12/site-packages/airflow/example_dags/example_task_group.py
[2025-08-07T17:43:43.442+0000] {logging_mixin.py:190} INFO - [2025-08-07T17:43:43.442+0000] {dag.py:3239} INFO - Sync 1 DAGs
[2025-08-07T17:43:43.481+0000] {logging_mixin.py:190} INFO - [2025-08-07T17:43:43.480+0000] {dag.py:4180} INFO - Setting next_dagrun for example_task_group to None, run_after=None
[2025-08-07T17:43:43.519+0000] {processor.py:208} INFO - Processing /home/airflow/.local/lib/python3.12/site-packages/airflow/example_dags/example_task_group.py took 0.150 seconds
[2025-08-07T17:45:29.435+0000] {processor.py:186} INFO - Started process (PID=2946) to work on /home/airflow/.local/lib/python3.12/site-packages/airflow/example_dags/example_task_group.py
[2025-08-07T17:45:29.436+0000] {processor.py:914} INFO - Processing file /home/airflow/.local/lib/python3.12/site-packages/airflow/example_dags/example_task_group.py for tasks to queue
[2025-08-07T17:45:29.438+0000] {logging_mixin.py:190} INFO - [2025-08-07T17:45:29.437+0000] {dagbag.py:588} INFO - Filling up the DagBag from /home/airflow/.local/lib/python3.12/site-packages/airflow/example_dags/example_task_group.py
[2025-08-07T17:45:29.456+0000] {processor.py:925} INFO - DAG(s) 'example_task_group' retrieved from /home/airflow/.local/lib/python3.12/site-packages/airflow/example_dags/example_task_group.py
[2025-08-07T17:44:15.940+0000] {logging_mixin.py:190} INFO - [2025-08-07T17:44:15.940+0000] {dag.py:3239} INFO - Sync 1 DAGs
[2025-08-07T17:44:15.981+0000] {logging_mixin.py:190} INFO - [2025-08-07T17:44:15.980+0000] {dag.py:4180} INFO - Setting next_dagrun for example_task_group to None, run_after=None
[2025-08-07T17:44:16.018+0000] {processor.py:208} INFO - Processing /home/airflow/.local/lib/python3.12/site-packages/airflow/example_dags/example_task_group.py took 0.152 seconds
[2025-08-07T17:44:46.706+0000] {processor.py:186} INFO - Started process (PID=3012) to work on /home/airflow/.local/lib/python3.12/site-packages/airflow/example_dags/example_task_group.py
[2025-08-07T17:44:46.707+0000] {processor.py:914} INFO - Processing file /home/airflow/.local/lib/python3.12/site-packages/airflow/example_dags/example_task_group.py for tasks to queue
[2025-08-07T17:44:46.708+0000] {logging_mixin.py:190} INFO - [2025-08-07T17:44:46.708+0000] {dagbag.py:588} INFO - Filling up the DagBag from /home/airflow/.local/lib/python3.12/site-packages/airflow/example_dags/example_task_group.py
[2025-08-07T17:44:46.730+0000] {processor.py:925} INFO - DAG(s) 'example_task_group' retrieved from /home/airflow/.local/lib/python3.12/site-packages/airflow/example_dags/example_task_group.py
[2025-08-07T17:44:46.778+0000] {logging_mixin.py:190} INFO - [2025-08-07T17:44:46.778+0000] {dag.py:3239} INFO - Sync 1 DAGs
[2025-08-07T17:44:46.806+0000] {logging_mixin.py:190} INFO - [2025-08-07T17:44:46.806+0000] {dag.py:4180} INFO - Setting next_dagrun for example_task_group to None, run_after=None
[2025-08-07T17:44:46.846+0000] {processor.py:208} INFO - Processing /home/airflow/.local/lib/python3.12/site-packages/airflow/example_dags/example_task_group.py took 0.155 seconds
[2025-08-07T17:45:17.538+0000] {processor.py:186} INFO - Started process (PID=3077) to work on /home/airflow/.local/lib/python3.12/site-packages/airflow/example_dags/example_task_group.py
[2025-08-07T17:45:17.540+0000] {processor.py:914} INFO - Processing file /home/airflow/.local/lib/python3.12/site-packages/airflow/example_dags/example_task_group.py for tasks to queue
[2025-08-07T17:45:17.542+0000] {logging_mixin.py:190} INFO - [2025-08-07T17:45:17.541+0000] {dagbag.py:588} INFO - Filling up the DagBag from /home/airflow/.local/lib/python3.12/site-packages/airflow/example_dags/example_task_group.py
[2025-08-07T17:45:17.557+0000] {processor.py:925} INFO - DAG(s) 'example_task_group' retrieved from /home/airflow/.local/lib/python3.12/site-packages/airflow/example_dags/example_task_group.py
[2025-08-07T17:45:17.598+0000] {logging_mixin.py:190} INFO - [2025-08-07T17:45:17.598+0000] {dag.py:3239} INFO - Sync 1 DAGs
[2025-08-07T17:45:17.620+0000] {logging_mixin.py:190} INFO - [2025-08-07T17:45:17.620+0000] {dag.py:4180} INFO - Setting next_dagrun for example_task_group to None, run_after=None
[2025-08-07T17:45:17.660+0000] {processor.py:208} INFO - Processing /home/airflow/.local/lib/python3.12/site-packages/airflow/example_dags/example_task_group.py took 0.130 seconds
[2025-08-07T17:45:47.756+0000] {processor.py:186} INFO - Started process (PID=3141) to work on /home/airflow/.local/lib/python3.12/site-packages/airflow/example_dags/example_task_group.py
[2025-08-07T17:45:47.758+0000] {processor.py:914} INFO - Processing file /home/airflow/.local/lib/python3.12/site-packages/airflow/example_dags/example_task_group.py for tasks to queue
[2025-08-07T17:45:47.759+0000] {logging_mixin.py:190} INFO - [2025-08-07T17:45:47.759+0000] {dagbag.py:588} INFO - Filling up the DagBag from /home/airflow/.local/lib/python3.12/site-packages/airflow/example_dags/example_task_group.py
[2025-08-07T17:45:47.775+0000] {processor.py:925} INFO - DAG(s) 'example_task_group' retrieved from /home/airflow/.local/lib/python3.12/site-packages/airflow/example_dags/example_task_group.py
[2025-08-07T17:45:47.815+0000] {logging_mixin.py:190} INFO - [2025-08-07T17:45:47.814+0000] {dag.py:3239} INFO - Sync 1 DAGs
[2025-08-07T17:45:47.839+0000] {logging_mixin.py:190} INFO - [2025-08-07T17:45:47.839+0000] {dag.py:4180} INFO - Setting next_dagrun for example_task_group to None, run_after=None
[2025-08-07T17:45:47.876+0000] {processor.py:208} INFO - Processing /home/airflow/.local/lib/python3.12/site-packages/airflow/example_dags/example_task_group.py took 0.130 seconds
[2025-08-07T17:46:18.306+0000] {processor.py:186} INFO - Started process (PID=3204) to work on /home/airflow/.local/lib/python3.12/site-packages/airflow/example_dags/example_task_group.py
[2025-08-07T17:46:18.307+0000] {processor.py:914} INFO - Processing file /home/airflow/.local/lib/python3.12/site-packages/airflow/example_dags/example_task_group.py for tasks to queue
[2025-08-07T17:46:18.312+0000] {logging_mixin.py:190} INFO - [2025-08-07T17:46:18.312+0000] {dagbag.py:588} INFO - Filling up the DagBag from /home/airflow/.local/lib/python3.12/site-packages/airflow/example_dags/example_task_group.py
[2025-08-07T17:46:18.592+0000] {processor.py:925} INFO - DAG(s) 'example_task_group' retrieved from /home/airflow/.local/lib/python3.12/site-packages/airflow/example_dags/example_task_group.py
[2025-08-07T17:46:18.623+0000] {logging_mixin.py:190} INFO - [2025-08-07T17:46:18.622+0000] {dag.py:3239} INFO - Sync 1 DAGs
[2025-08-07T17:46:18.645+0000] {logging_mixin.py:190} INFO - [2025-08-07T17:46:18.644+0000] {dag.py:4180} INFO - Setting next_dagrun for example_task_group to None, run_after=None
[2025-08-07T17:46:18.677+0000] {processor.py:208} INFO - Processing /home/airflow/.local/lib/python3.12/site-packages/airflow/example_dags/example_task_group.py took 0.381 seconds
[2025-08-07T17:46:49.604+0000] {processor.py:186} INFO - Started process (PID=3268) to work on /home/airflow/.local/lib/python3.12/site-packages/airflow/example_dags/example_task_group.py
[2025-08-07T17:46:49.605+0000] {processor.py:914} INFO - Processing file /home/airflow/.local/lib/python3.12/site-packages/airflow/example_dags/example_task_group.py for tasks to queue
[2025-08-07T17:46:49.613+0000] {logging_mixin.py:190} INFO - [2025-08-07T17:46:49.613+0000] {dagbag.py:588} INFO - Filling up the DagBag from /home/airflow/.local/lib/python3.12/site-packages/airflow/example_dags/example_task_group.py
[2025-08-07T17:46:49.633+0000] {processor.py:925} INFO - DAG(s) 'example_task_group' retrieved from /home/airflow/.local/lib/python3.12/site-packages/airflow/example_dags/example_task_group.py
[2025-08-07T17:46:49.668+0000] {logging_mixin.py:190} INFO - [2025-08-07T17:46:49.668+0000] {dag.py:3239} INFO - Sync 1 DAGs
[2025-08-07T17:46:49.697+0000] {logging_mixin.py:190} INFO - [2025-08-07T17:46:49.696+0000] {dag.py:4180} INFO - Setting next_dagrun for example_task_group to None, run_after=None
[2025-08-07T17:46:49.737+0000] {processor.py:208} INFO - Processing /home/airflow/.local/lib/python3.12/site-packages/airflow/example_dags/example_task_group.py took 0.143 seconds
[2025-08-07T17:47:20.247+0000] {processor.py:186} INFO - Started process (PID=3339) to work on /home/airflow/.local/lib/python3.12/site-packages/airflow/example_dags/example_task_group.py
[2025-08-07T17:47:20.250+0000] {processor.py:914} INFO - Processing file /home/airflow/.local/lib/python3.12/site-packages/airflow/example_dags/example_task_group.py for tasks to queue
[2025-08-07T17:47:20.252+0000] {logging_mixin.py:190} INFO - [2025-08-07T17:47:20.251+0000] {dagbag.py:588} INFO - Filling up the DagBag from /home/airflow/.local/lib/python3.12/site-packages/airflow/example_dags/example_task_group.py
[2025-08-07T17:47:20.270+0000] {processor.py:925} INFO - DAG(s) 'example_task_group' retrieved from /home/airflow/.local/lib/python3.12/site-packages/airflow/example_dags/example_task_group.py
[2025-08-07T17:47:20.317+0000] {logging_mixin.py:190} INFO - [2025-08-07T17:47:20.317+0000] {dag.py:3239} INFO - Sync 1 DAGs
[2025-08-07T17:47:20.340+0000] {logging_mixin.py:190} INFO - [2025-08-07T17:47:20.340+0000] {dag.py:4180} INFO - Setting next_dagrun for example_task_group to None, run_after=None
[2025-08-07T17:47:20.372+0000] {processor.py:208} INFO - Processing /home/airflow/.local/lib/python3.12/site-packages/airflow/example_dags/example_task_group.py took 0.144 seconds
[2025-08-07T17:47:51.004+0000] {processor.py:186} INFO - Started process (PID=3406) to work on /home/airflow/.local/lib/python3.12/site-packages/airflow/example_dags/example_task_group.py
[2025-08-07T17:47:51.010+0000] {processor.py:914} INFO - Processing file /home/airflow/.local/lib/python3.12/site-packages/airflow/example_dags/example_task_group.py for tasks to queue
[2025-08-07T17:47:51.011+0000] {logging_mixin.py:190} INFO - [2025-08-07T17:47:51.011+0000] {dagbag.py:588} INFO - Filling up the DagBag from /home/airflow/.local/lib/python3.12/site-packages/airflow/example_dags/example_task_group.py
[2025-08-07T17:47:51.029+0000] {processor.py:925} INFO - DAG(s) 'example_task_group' retrieved from /home/airflow/.local/lib/python3.12/site-packages/airflow/example_dags/example_task_group.py
[2025-08-07T17:47:51.075+0000] {logging_mixin.py:190} INFO - [2025-08-07T17:47:51.074+0000] {dag.py:3239} INFO - Sync 1 DAGs
[2025-08-07T17:47:51.121+0000] {logging_mixin.py:190} INFO - [2025-08-07T17:47:51.120+0000] {dag.py:4180} INFO - Setting next_dagrun for example_task_group to None, run_after=None
[2025-08-07T17:47:51.179+0000] {processor.py:208} INFO - Processing /home/airflow/.local/lib/python3.12/site-packages/airflow/example_dags/example_task_group.py took 0.185 seconds
[2025-08-07T17:48:22.207+0000] {processor.py:186} INFO - Started process (PID=3471) to work on /home/airflow/.local/lib/python3.12/site-packages/airflow/example_dags/example_task_group.py
[2025-08-07T17:48:22.209+0000] {processor.py:914} INFO - Processing file /home/airflow/.local/lib/python3.12/site-packages/airflow/example_dags/example_task_group.py for tasks to queue
[2025-08-07T17:48:22.218+0000] {logging_mixin.py:190} INFO - [2025-08-07T17:48:22.217+0000] {dagbag.py:588} INFO - Filling up the DagBag from /home/airflow/.local/lib/python3.12/site-packages/airflow/example_dags/example_task_group.py
[2025-08-07T17:48:22.258+0000] {processor.py:925} INFO - DAG(s) 'example_task_group' retrieved from /home/airflow/.local/lib/python3.12/site-packages/airflow/example_dags/example_task_group.py
[2025-08-07T17:48:22.347+0000] {logging_mixin.py:190} INFO - [2025-08-07T17:48:22.342+0000] {dag.py:3239} INFO - Sync 1 DAGs
[2025-08-07T17:48:22.417+0000] {logging_mixin.py:190} INFO - [2025-08-07T17:48:22.412+0000] {dag.py:4180} INFO - Setting next_dagrun for example_task_group to None, run_after=None
[2025-08-07T17:48:22.539+0000] {processor.py:208} INFO - Processing /home/airflow/.local/lib/python3.12/site-packages/airflow/example_dags/example_task_group.py took 0.358 seconds
[2025-08-07T17:48:53.543+0000] {processor.py:186} INFO - Started process (PID=3533) to work on /home/airflow/.local/lib/python3.12/site-packages/airflow/example_dags/example_task_group.py
[2025-08-07T17:48:53.549+0000] {processor.py:914} INFO - Processing file /home/airflow/.local/lib/python3.12/site-packages/airflow/example_dags/example_task_group.py for tasks to queue
[2025-08-07T17:48:53.552+0000] {logging_mixin.py:190} INFO - [2025-08-07T17:48:53.551+0000] {dagbag.py:588} INFO - Filling up the DagBag from /home/airflow/.local/lib/python3.12/site-packages/airflow/example_dags/example_task_group.py
[2025-08-07T17:48:53.581+0000] {processor.py:925} INFO - DAG(s) 'example_task_group' retrieved from /home/airflow/.local/lib/python3.12/site-packages/airflow/example_dags/example_task_group.py
[2025-08-07T17:48:53.653+0000] {logging_mixin.py:190} INFO - [2025-08-07T17:48:53.653+0000] {dag.py:3239} INFO - Sync 1 DAGs
[2025-08-07T17:48:53.700+0000] {logging_mixin.py:190} INFO - [2025-08-07T17:48:53.699+0000] {dag.py:4180} INFO - Setting next_dagrun for example_task_group to None, run_after=None
[2025-08-07T17:48:53.754+0000] {processor.py:208} INFO - Processing /home/airflow/.local/lib/python3.12/site-packages/airflow/example_dags/example_task_group.py took 0.222 seconds
[2025-08-07T17:49:24.353+0000] {processor.py:186} INFO - Started process (PID=3595) to work on /home/airflow/.local/lib/python3.12/site-packages/airflow/example_dags/example_task_group.py
[2025-08-07T17:49:24.354+0000] {processor.py:914} INFO - Processing file /home/airflow/.local/lib/python3.12/site-packages/airflow/example_dags/example_task_group.py for tasks to queue
[2025-08-07T17:49:24.355+0000] {logging_mixin.py:190} INFO - [2025-08-07T17:49:24.355+0000] {dagbag.py:588} INFO - Filling up the DagBag from /home/airflow/.local/lib/python3.12/site-packages/airflow/example_dags/example_task_group.py
[2025-08-07T17:49:24.373+0000] {processor.py:925} INFO - DAG(s) 'example_task_group' retrieved from /home/airflow/.local/lib/python3.12/site-packages/airflow/example_dags/example_task_group.py
[2025-08-07T17:49:24.414+0000] {logging_mixin.py:190} INFO - [2025-08-07T17:49:24.413+0000] {dag.py:3239} INFO - Sync 1 DAGs
[2025-08-07T17:49:24.442+0000] {logging_mixin.py:190} INFO - [2025-08-07T17:49:24.438+0000] {dag.py:4180} INFO - Setting next_dagrun for example_task_group to None, run_after=None
[2025-08-07T17:49:24.475+0000] {processor.py:208} INFO - Processing /home/airflow/.local/lib/python3.12/site-packages/airflow/example_dags/example_task_group.py took 0.132 seconds
[2025-08-07T17:49:50.669+0000] {processor.py:186} INFO - Started process (PID=3659) to work on /home/airflow/.local/lib/python3.12/site-packages/airflow/example_dags/example_task_group.py
[2025-08-07T17:49:50.670+0000] {processor.py:914} INFO - Processing file /home/airflow/.local/lib/python3.12/site-packages/airflow/example_dags/example_task_group.py for tasks to queue
[2025-08-07T17:49:50.672+0000] {logging_mixin.py:190} INFO - [2025-08-07T17:49:50.672+0000] {dagbag.py:588} INFO - Filling up the DagBag from /home/airflow/.local/lib/python3.12/site-packages/airflow/example_dags/example_task_group.py
[2025-08-07T17:49:50.692+0000] {processor.py:925} INFO - DAG(s) 'example_task_group' retrieved from /home/airflow/.local/lib/python3.12/site-packages/airflow/example_dags/example_task_group.py
[2025-08-07T17:49:50.761+0000] {logging_mixin.py:190} INFO - [2025-08-07T17:49:50.761+0000] {dag.py:3239} INFO - Sync 1 DAGs
[2025-08-07T17:49:50.830+0000] {logging_mixin.py:190} INFO - [2025-08-07T17:49:50.829+0000] {dag.py:4180} INFO - Setting next_dagrun for example_task_group to None, run_after=None
[2025-08-07T17:49:50.902+0000] {processor.py:208} INFO - Processing /home/airflow/.local/lib/python3.12/site-packages/airflow/example_dags/example_task_group.py took 0.244 seconds
[2025-08-07T17:50:03.930+0000] {processor.py:186} INFO - Started process (PID=3718) to work on /home/airflow/.local/lib/python3.12/site-packages/airflow/example_dags/example_task_group.py
[2025-08-07T17:50:03.935+0000] {processor.py:914} INFO - Processing file /home/airflow/.local/lib/python3.12/site-packages/airflow/example_dags/example_task_group.py for tasks to queue
[2025-08-07T17:50:03.937+0000] {logging_mixin.py:190} INFO - [2025-08-07T17:50:03.937+0000] {dagbag.py:588} INFO - Filling up the DagBag from /home/airflow/.local/lib/python3.12/site-packages/airflow/example_dags/example_task_group.py
[2025-08-07T17:50:03.955+0000] {processor.py:925} INFO - DAG(s) 'example_task_group' retrieved from /home/airflow/.local/lib/python3.12/site-packages/airflow/example_dags/example_task_group.py
[2025-08-07T17:50:03.989+0000] {logging_mixin.py:190} INFO - [2025-08-07T17:50:03.989+0000] {dag.py:3239} INFO - Sync 1 DAGs
[2025-08-07T17:50:04.017+0000] {logging_mixin.py:190} INFO - [2025-08-07T17:50:04.017+0000] {dag.py:4180} INFO - Setting next_dagrun for example_task_group to None, run_after=None
[2025-08-07T17:50:04.049+0000] {processor.py:208} INFO - Processing /home/airflow/.local/lib/python3.12/site-packages/airflow/example_dags/example_task_group.py took 0.130 seconds
[2025-08-07T17:50:35.797+0000] {processor.py:186} INFO - Started process (PID=3783) to work on /home/airflow/.local/lib/python3.12/site-packages/airflow/example_dags/example_task_group.py
[2025-08-07T17:50:35.802+0000] {processor.py:914} INFO - Processing file /home/airflow/.local/lib/python3.12/site-packages/airflow/example_dags/example_task_group.py for tasks to queue
[2025-08-07T17:50:35.803+0000] {logging_mixin.py:190} INFO - [2025-08-07T17:50:35.803+0000] {dagbag.py:588} INFO - Filling up the DagBag from /home/airflow/.local/lib/python3.12/site-packages/airflow/example_dags/example_task_group.py
[2025-08-07T17:50:35.821+0000] {processor.py:925} INFO - DAG(s) 'example_task_group' retrieved from /home/airflow/.local/lib/python3.12/site-packages/airflow/example_dags/example_task_group.py
[2025-08-07T17:50:35.856+0000] {logging_mixin.py:190} INFO - [2025-08-07T17:50:35.856+0000] {dag.py:3239} INFO - Sync 1 DAGs
[2025-08-07T17:50:35.883+0000] {logging_mixin.py:190} INFO - [2025-08-07T17:50:35.883+0000] {dag.py:4180} INFO - Setting next_dagrun for example_task_group to None, run_after=None
[2025-08-07T17:50:35.931+0000] {processor.py:208} INFO - Processing /home/airflow/.local/lib/python3.12/site-packages/airflow/example_dags/example_task_group.py took 0.140 seconds
[2025-08-07T17:51:07.126+0000] {processor.py:186} INFO - Started process (PID=3849) to work on /home/airflow/.local/lib/python3.12/site-packages/airflow/example_dags/example_task_group.py
[2025-08-07T17:51:07.127+0000] {processor.py:914} INFO - Processing file /home/airflow/.local/lib/python3.12/site-packages/airflow/example_dags/example_task_group.py for tasks to queue
[2025-08-07T17:51:07.133+0000] {logging_mixin.py:190} INFO - [2025-08-07T17:51:07.133+0000] {dagbag.py:588} INFO - Filling up the DagBag from /home/airflow/.local/lib/python3.12/site-packages/airflow/example_dags/example_task_group.py
[2025-08-07T17:51:07.153+0000] {processor.py:925} INFO - DAG(s) 'example_task_group' retrieved from /home/airflow/.local/lib/python3.12/site-packages/airflow/example_dags/example_task_group.py
[2025-08-07T17:51:07.196+0000] {logging_mixin.py:190} INFO - [2025-08-07T17:51:07.195+0000] {dag.py:3239} INFO - Sync 1 DAGs
[2025-08-07T17:51:07.242+0000] {logging_mixin.py:190} INFO - [2025-08-07T17:51:07.242+0000] {dag.py:4180} INFO - Setting next_dagrun for example_task_group to None, run_after=None
[2025-08-07T17:51:07.286+0000] {processor.py:208} INFO - Processing /home/airflow/.local/lib/python3.12/site-packages/airflow/example_dags/example_task_group.py took 0.180 seconds
[2025-08-07T17:51:39.184+0000] {processor.py:186} INFO - Started process (PID=3915) to work on /home/airflow/.local/lib/python3.12/site-packages/airflow/example_dags/example_task_group.py
[2025-08-07T17:51:39.186+0000] {processor.py:914} INFO - Processing file /home/airflow/.local/lib/python3.12/site-packages/airflow/example_dags/example_task_group.py for tasks to queue
[2025-08-07T17:51:39.193+0000] {logging_mixin.py:190} INFO - [2025-08-07T17:51:39.188+0000] {dagbag.py:588} INFO - Filling up the DagBag from /home/airflow/.local/lib/python3.12/site-packages/airflow/example_dags/example_task_group.py
[2025-08-07T17:51:39.217+0000] {processor.py:925} INFO - DAG(s) 'example_task_group' retrieved from /home/airflow/.local/lib/python3.12/site-packages/airflow/example_dags/example_task_group.py
[2025-08-07T17:51:39.293+0000] {logging_mixin.py:190} INFO - [2025-08-07T17:51:39.288+0000] {dag.py:3239} INFO - Sync 1 DAGs
[2025-08-07T17:51:39.345+0000] {logging_mixin.py:190} INFO - [2025-08-07T17:51:39.345+0000] {dag.py:4180} INFO - Setting next_dagrun for example_task_group to None, run_after=None
[2025-08-07T17:52:52.972+0000] {processor.py:208} INFO - Processing /home/airflow/.local/lib/python3.12/site-packages/airflow/example_dags/example_task_group.py took 0.250 seconds
[2025-08-07T17:52:09.326+0000] {processor.py:186} INFO - Started process (PID=3985) to work on /home/airflow/.local/lib/python3.12/site-packages/airflow/example_dags/example_task_group.py
[2025-08-07T17:52:09.332+0000] {processor.py:914} INFO - Processing file /home/airflow/.local/lib/python3.12/site-packages/airflow/example_dags/example_task_group.py for tasks to queue
[2025-08-07T17:52:09.335+0000] {logging_mixin.py:190} INFO - [2025-08-07T17:52:09.334+0000] {dagbag.py:588} INFO - Filling up the DagBag from /home/airflow/.local/lib/python3.12/site-packages/airflow/example_dags/example_task_group.py
[2025-08-07T17:52:09.356+0000] {processor.py:925} INFO - DAG(s) 'example_task_group' retrieved from /home/airflow/.local/lib/python3.12/site-packages/airflow/example_dags/example_task_group.py
[2025-08-07T17:53:29.626+0000] {processor.py:186} INFO - Started process (PID=4176) to work on /home/airflow/.local/lib/python3.12/site-packages/airflow/example_dags/example_task_group.py
[2025-08-07T17:53:29.632+0000] {processor.py:914} INFO - Processing file /home/airflow/.local/lib/python3.12/site-packages/airflow/example_dags/example_task_group.py for tasks to queue
[2025-08-07T17:53:29.634+0000] {logging_mixin.py:190} INFO - [2025-08-07T17:53:29.634+0000] {dagbag.py:588} INFO - Filling up the DagBag from /home/airflow/.local/lib/python3.12/site-packages/airflow/example_dags/example_task_group.py
[2025-08-07T17:53:29.664+0000] {processor.py:925} INFO - DAG(s) 'example_task_group' retrieved from /home/airflow/.local/lib/python3.12/site-packages/airflow/example_dags/example_task_group.py
[2025-08-07T17:53:29.994+0000] {logging_mixin.py:190} INFO - [2025-08-07T17:53:29.994+0000] {dag.py:3239} INFO - Sync 1 DAGs
[2025-08-07T17:53:30.032+0000] {logging_mixin.py:190} INFO - [2025-08-07T17:53:30.027+0000] {dag.py:4180} INFO - Setting next_dagrun for example_task_group to None, run_after=None
[2025-08-07T17:53:30.084+0000] {processor.py:208} INFO - Processing /home/airflow/.local/lib/python3.12/site-packages/airflow/example_dags/example_task_group.py took 0.471 seconds
[2025-08-07T17:53:45.917+0000] {processor.py:186} INFO - Started process (PID=4239) to work on /home/airflow/.local/lib/python3.12/site-packages/airflow/example_dags/example_task_group.py
[2025-08-07T17:53:45.918+0000] {processor.py:914} INFO - Processing file /home/airflow/.local/lib/python3.12/site-packages/airflow/example_dags/example_task_group.py for tasks to queue
[2025-08-07T17:53:45.925+0000] {logging_mixin.py:190} INFO - [2025-08-07T17:53:45.920+0000] {dagbag.py:588} INFO - Filling up the DagBag from /home/airflow/.local/lib/python3.12/site-packages/airflow/example_dags/example_task_group.py
[2025-08-07T17:53:45.947+0000] {processor.py:925} INFO - DAG(s) 'example_task_group' retrieved from /home/airflow/.local/lib/python3.12/site-packages/airflow/example_dags/example_task_group.py
[2025-08-07T17:53:45.977+0000] {logging_mixin.py:190} INFO - [2025-08-07T17:53:45.977+0000] {dag.py:3239} INFO - Sync 1 DAGs
[2025-08-07T17:53:46.026+0000] {logging_mixin.py:190} INFO - [2025-08-07T17:53:46.026+0000] {dag.py:4180} INFO - Setting next_dagrun for example_task_group to None, run_after=None
[2025-08-07T17:53:46.089+0000] {processor.py:208} INFO - Processing /home/airflow/.local/lib/python3.12/site-packages/airflow/example_dags/example_task_group.py took 0.189 seconds
[2025-08-07T17:54:00.199+0000] {processor.py:186} INFO - Started process (PID=4299) to work on /home/airflow/.local/lib/python3.12/site-packages/airflow/example_dags/example_task_group.py
[2025-08-07T17:54:00.200+0000] {processor.py:914} INFO - Processing file /home/airflow/.local/lib/python3.12/site-packages/airflow/example_dags/example_task_group.py for tasks to queue
[2025-08-07T17:54:00.216+0000] {logging_mixin.py:190} INFO - [2025-08-07T17:54:00.216+0000] {dagbag.py:588} INFO - Filling up the DagBag from /home/airflow/.local/lib/python3.12/site-packages/airflow/example_dags/example_task_group.py
[2025-08-07T17:54:00.237+0000] {processor.py:925} INFO - DAG(s) 'example_task_group' retrieved from /home/airflow/.local/lib/python3.12/site-packages/airflow/example_dags/example_task_group.py
[2025-08-07T17:54:00.279+0000] {logging_mixin.py:190} INFO - [2025-08-07T17:54:00.278+0000] {dag.py:3239} INFO - Sync 1 DAGs
[2025-08-07T17:54:00.310+0000] {logging_mixin.py:190} INFO - [2025-08-07T17:54:00.309+0000] {dag.py:4180} INFO - Setting next_dagrun for example_task_group to None, run_after=None
[2025-08-07T17:54:00.358+0000] {processor.py:208} INFO - Processing /home/airflow/.local/lib/python3.12/site-packages/airflow/example_dags/example_task_group.py took 0.170 seconds
[2025-08-07T17:54:31.624+0000] {processor.py:186} INFO - Started process (PID=4365) to work on /home/airflow/.local/lib/python3.12/site-packages/airflow/example_dags/example_task_group.py
[2025-08-07T17:54:31.626+0000] {processor.py:914} INFO - Processing file /home/airflow/.local/lib/python3.12/site-packages/airflow/example_dags/example_task_group.py for tasks to queue
[2025-08-07T17:54:31.633+0000] {logging_mixin.py:190} INFO - [2025-08-07T17:54:31.633+0000] {dagbag.py:588} INFO - Filling up the DagBag from /home/airflow/.local/lib/python3.12/site-packages/airflow/example_dags/example_task_group.py
[2025-08-07T17:54:31.655+0000] {processor.py:925} INFO - DAG(s) 'example_task_group' retrieved from /home/airflow/.local/lib/python3.12/site-packages/airflow/example_dags/example_task_group.py
[2025-08-07T17:54:31.717+0000] {logging_mixin.py:190} INFO - [2025-08-07T17:54:31.717+0000] {dag.py:3239} INFO - Sync 1 DAGs
[2025-08-07T17:54:31.762+0000] {logging_mixin.py:190} INFO - [2025-08-07T17:54:31.757+0000] {dag.py:4180} INFO - Setting next_dagrun for example_task_group to None, run_after=None
[2025-08-07T17:54:31.817+0000] {processor.py:208} INFO - Processing /home/airflow/.local/lib/python3.12/site-packages/airflow/example_dags/example_task_group.py took 0.214 seconds
[2025-08-07T17:55:04.576+0000] {processor.py:186} INFO - Started process (PID=4429) to work on /home/airflow/.local/lib/python3.12/site-packages/airflow/example_dags/example_task_group.py
[2025-08-07T17:55:04.585+0000] {processor.py:914} INFO - Processing file /home/airflow/.local/lib/python3.12/site-packages/airflow/example_dags/example_task_group.py for tasks to queue
[2025-08-07T17:55:04.592+0000] {logging_mixin.py:190} INFO - [2025-08-07T17:55:04.592+0000] {dagbag.py:588} INFO - Filling up the DagBag from /home/airflow/.local/lib/python3.12/site-packages/airflow/example_dags/example_task_group.py
[2025-08-07T17:55:04.625+0000] {processor.py:925} INFO - DAG(s) 'example_task_group' retrieved from /home/airflow/.local/lib/python3.12/site-packages/airflow/example_dags/example_task_group.py
[2025-08-07T17:55:04.703+0000] {logging_mixin.py:190} INFO - [2025-08-07T17:55:04.703+0000] {dag.py:3239} INFO - Sync 1 DAGs
[2025-08-07T17:55:04.755+0000] {logging_mixin.py:190} INFO - [2025-08-07T17:55:04.755+0000] {dag.py:4180} INFO - Setting next_dagrun for example_task_group to None, run_after=None
[2025-08-07T17:55:04.831+0000] {processor.py:208} INFO - Processing /home/airflow/.local/lib/python3.12/site-packages/airflow/example_dags/example_task_group.py took 0.278 seconds
