[2025-08-07T00:26:18.316+0000] {processor.py:186} INFO - Started process (PID=1023) to work on /home/airflow/.local/lib/python3.12/site-packages/airflow/example_dags/example_workday_timetable.py
[2025-08-07T00:26:18.318+0000] {processor.py:914} INFO - Processing file /home/airflow/.local/lib/python3.12/site-packages/airflow/example_dags/example_workday_timetable.py for tasks to queue
[2025-08-07T00:26:18.326+0000] {logging_mixin.py:190} INFO - [2025-08-07T00:26:18.325+0000] {dagbag.py:588} INFO - Filling up the DagBag from /home/airflow/.local/lib/python3.12/site-packages/airflow/example_dags/example_workday_timetable.py
[2025-08-07T00:26:18.336+0000] {processor.py:925} INFO - DAG(s) 'example_workday_timetable' retrieved from /home/airflow/.local/lib/python3.12/site-packages/airflow/example_dags/example_workday_timetable.py
[2025-08-07T00:26:18.369+0000] {logging_mixin.py:190} INFO - [2025-08-07T00:26:18.369+0000] {dag.py:3239} INFO - Sync 1 DAGs
[2025-08-07T00:26:18.600+0000] {logging_mixin.py:190} INFO - [2025-08-07T00:26:18.600+0000] {dag.py:4180} INFO - Setting next_dagrun for example_workday_timetable to 2021-01-04 00:00:00+00:00, run_after=2021-01-05 00:00:00+00:00
[2025-08-07T00:26:18.673+0000] {processor.py:208} INFO - Processing /home/airflow/.local/lib/python3.12/site-packages/airflow/example_dags/example_workday_timetable.py took 0.365 seconds
[2025-08-07T11:29:43.095+0000] {processor.py:186} INFO - Started process (PID=1111) to work on /home/airflow/.local/lib/python3.12/site-packages/airflow/example_dags/example_workday_timetable.py
[2025-08-07T11:29:43.097+0000] {processor.py:914} INFO - Processing file /home/airflow/.local/lib/python3.12/site-packages/airflow/example_dags/example_workday_timetable.py for tasks to queue
[2025-08-07T11:29:43.100+0000] {logging_mixin.py:190} INFO - [2025-08-07T11:29:43.099+0000] {dagbag.py:588} INFO - Filling up the DagBag from /home/airflow/.local/lib/python3.12/site-packages/airflow/example_dags/example_workday_timetable.py
[2025-08-07T11:29:43.115+0000] {processor.py:925} INFO - DAG(s) 'example_workday_timetable' retrieved from /home/airflow/.local/lib/python3.12/site-packages/airflow/example_dags/example_workday_timetable.py
[2025-08-07T11:29:43.154+0000] {logging_mixin.py:190} INFO - [2025-08-07T11:29:43.153+0000] {dag.py:3239} INFO - Sync 1 DAGs
[2025-08-07T11:29:43.315+0000] {logging_mixin.py:190} INFO - [2025-08-07T11:29:43.314+0000] {dag.py:4180} INFO - Setting next_dagrun for example_workday_timetable to 2021-01-04 00:00:00+00:00, run_after=2021-01-05 00:00:00+00:00
[2025-08-07T11:29:43.363+0000] {processor.py:208} INFO - Processing /home/airflow/.local/lib/python3.12/site-packages/airflow/example_dags/example_workday_timetable.py took 0.281 seconds
[2025-08-07T17:21:42.998+0000] {processor.py:186} INFO - Started process (PID=1189) to work on /home/airflow/.local/lib/python3.12/site-packages/airflow/example_dags/example_workday_timetable.py
[2025-08-07T17:21:43.008+0000] {processor.py:914} INFO - Processing file /home/airflow/.local/lib/python3.12/site-packages/airflow/example_dags/example_workday_timetable.py for tasks to queue
[2025-08-07T17:21:43.013+0000] {logging_mixin.py:190} INFO - [2025-08-07T17:21:43.012+0000] {dagbag.py:588} INFO - Filling up the DagBag from /home/airflow/.local/lib/python3.12/site-packages/airflow/example_dags/example_workday_timetable.py
[2025-08-07T17:21:43.029+0000] {processor.py:925} INFO - DAG(s) 'example_workday_timetable' retrieved from /home/airflow/.local/lib/python3.12/site-packages/airflow/example_dags/example_workday_timetable.py
[2025-08-07T17:21:43.080+0000] {logging_mixin.py:190} INFO - [2025-08-07T17:21:43.078+0000] {dag.py:3239} INFO - Sync 1 DAGs
[2025-08-07T17:21:43.235+0000] {logging_mixin.py:190} INFO - [2025-08-07T17:21:43.234+0000] {dag.py:4180} INFO - Setting next_dagrun for example_workday_timetable to 2021-01-04 00:00:00+00:00, run_after=2021-01-05 00:00:00+00:00
[2025-08-07T17:21:43.303+0000] {processor.py:208} INFO - Processing /home/airflow/.local/lib/python3.12/site-packages/airflow/example_dags/example_workday_timetable.py took 0.324 seconds
[2025-08-07T17:22:14.416+0000] {processor.py:186} INFO - Started process (PID=1255) to work on /home/airflow/.local/lib/python3.12/site-packages/airflow/example_dags/example_workday_timetable.py
[2025-08-07T17:22:14.417+0000] {processor.py:914} INFO - Processing file /home/airflow/.local/lib/python3.12/site-packages/airflow/example_dags/example_workday_timetable.py for tasks to queue
[2025-08-07T17:22:14.419+0000] {logging_mixin.py:190} INFO - [2025-08-07T17:22:14.419+0000] {dagbag.py:588} INFO - Filling up the DagBag from /home/airflow/.local/lib/python3.12/site-packages/airflow/example_dags/example_workday_timetable.py
[2025-08-07T17:22:14.429+0000] {processor.py:925} INFO - DAG(s) 'example_workday_timetable' retrieved from /home/airflow/.local/lib/python3.12/site-packages/airflow/example_dags/example_workday_timetable.py
[2025-08-07T17:22:14.457+0000] {logging_mixin.py:190} INFO - [2025-08-07T17:22:14.456+0000] {dag.py:3239} INFO - Sync 1 DAGs
[2025-08-07T17:22:14.551+0000] {logging_mixin.py:190} INFO - [2025-08-07T17:22:14.551+0000] {dag.py:4180} INFO - Setting next_dagrun for example_workday_timetable to 2021-01-04 00:00:00+00:00, run_after=2021-01-05 00:00:00+00:00
[2025-08-07T17:22:14.588+0000] {processor.py:208} INFO - Processing /home/airflow/.local/lib/python3.12/site-packages/airflow/example_dags/example_workday_timetable.py took 0.182 seconds
[2025-08-07T17:22:45.540+0000] {processor.py:186} INFO - Started process (PID=1321) to work on /home/airflow/.local/lib/python3.12/site-packages/airflow/example_dags/example_workday_timetable.py
[2025-08-07T17:22:45.541+0000] {processor.py:914} INFO - Processing file /home/airflow/.local/lib/python3.12/site-packages/airflow/example_dags/example_workday_timetable.py for tasks to queue
[2025-08-07T17:22:45.543+0000] {logging_mixin.py:190} INFO - [2025-08-07T17:22:45.543+0000] {dagbag.py:588} INFO - Filling up the DagBag from /home/airflow/.local/lib/python3.12/site-packages/airflow/example_dags/example_workday_timetable.py
[2025-08-07T17:22:45.552+0000] {processor.py:925} INFO - DAG(s) 'example_workday_timetable' retrieved from /home/airflow/.local/lib/python3.12/site-packages/airflow/example_dags/example_workday_timetable.py
[2025-08-07T17:22:45.579+0000] {logging_mixin.py:190} INFO - [2025-08-07T17:22:45.578+0000] {dag.py:3239} INFO - Sync 1 DAGs
[2025-08-07T17:22:45.717+0000] {logging_mixin.py:190} INFO - [2025-08-07T17:22:45.717+0000] {dag.py:4180} INFO - Setting next_dagrun for example_workday_timetable to 2021-01-04 00:00:00+00:00, run_after=2021-01-05 00:00:00+00:00
[2025-08-07T17:22:45.768+0000] {processor.py:208} INFO - Processing /home/airflow/.local/lib/python3.12/site-packages/airflow/example_dags/example_workday_timetable.py took 0.236 seconds
[2025-08-07T17:22:05.989+0000] {processor.py:186} INFO - Started process (PID=1387) to work on /home/airflow/.local/lib/python3.12/site-packages/airflow/example_dags/example_workday_timetable.py
[2025-08-07T17:22:05.991+0000] {processor.py:914} INFO - Processing file /home/airflow/.local/lib/python3.12/site-packages/airflow/example_dags/example_workday_timetable.py for tasks to queue
[2025-08-07T17:22:05.992+0000] {logging_mixin.py:190} INFO - [2025-08-07T17:22:05.992+0000] {dagbag.py:588} INFO - Filling up the DagBag from /home/airflow/.local/lib/python3.12/site-packages/airflow/example_dags/example_workday_timetable.py
[2025-08-07T17:22:06.000+0000] {processor.py:925} INFO - DAG(s) 'example_workday_timetable' retrieved from /home/airflow/.local/lib/python3.12/site-packages/airflow/example_dags/example_workday_timetable.py
[2025-08-07T17:22:06.025+0000] {logging_mixin.py:190} INFO - [2025-08-07T17:22:06.024+0000] {dag.py:3239} INFO - Sync 1 DAGs
[2025-08-07T17:22:06.132+0000] {logging_mixin.py:190} INFO - [2025-08-07T17:22:06.132+0000] {dag.py:4180} INFO - Setting next_dagrun for example_workday_timetable to 2021-01-04 00:00:00+00:00, run_after=2021-01-05 00:00:00+00:00
[2025-08-07T17:22:06.161+0000] {processor.py:208} INFO - Processing /home/airflow/.local/lib/python3.12/site-packages/airflow/example_dags/example_workday_timetable.py took 0.179 seconds
[2025-08-07T17:22:37.093+0000] {processor.py:186} INFO - Started process (PID=1418) to work on /home/airflow/.local/lib/python3.12/site-packages/airflow/example_dags/example_workday_timetable.py
[2025-08-07T17:22:37.095+0000] {processor.py:914} INFO - Processing file /home/airflow/.local/lib/python3.12/site-packages/airflow/example_dags/example_workday_timetable.py for tasks to queue
[2025-08-07T17:22:37.097+0000] {logging_mixin.py:190} INFO - [2025-08-07T17:22:37.096+0000] {dagbag.py:588} INFO - Filling up the DagBag from /home/airflow/.local/lib/python3.12/site-packages/airflow/example_dags/example_workday_timetable.py
[2025-08-07T17:22:37.103+0000] {processor.py:925} INFO - DAG(s) 'example_workday_timetable' retrieved from /home/airflow/.local/lib/python3.12/site-packages/airflow/example_dags/example_workday_timetable.py
[2025-08-07T17:22:37.126+0000] {logging_mixin.py:190} INFO - [2025-08-07T17:22:37.125+0000] {dag.py:3239} INFO - Sync 1 DAGs
[2025-08-07T17:22:37.199+0000] {logging_mixin.py:190} INFO - [2025-08-07T17:22:37.198+0000] {dag.py:4180} INFO - Setting next_dagrun for example_workday_timetable to 2021-01-04 00:00:00+00:00, run_after=2021-01-05 00:00:00+00:00
[2025-08-07T17:22:37.225+0000] {processor.py:208} INFO - Processing /home/airflow/.local/lib/python3.12/site-packages/airflow/example_dags/example_workday_timetable.py took 0.137 seconds
[2025-08-07T17:23:08.770+0000] {processor.py:186} INFO - Started process (PID=1449) to work on /home/airflow/.local/lib/python3.12/site-packages/airflow/example_dags/example_workday_timetable.py
[2025-08-07T17:23:08.771+0000] {processor.py:914} INFO - Processing file /home/airflow/.local/lib/python3.12/site-packages/airflow/example_dags/example_workday_timetable.py for tasks to queue
[2025-08-07T17:23:08.772+0000] {logging_mixin.py:190} INFO - [2025-08-07T17:23:08.772+0000] {dagbag.py:588} INFO - Filling up the DagBag from /home/airflow/.local/lib/python3.12/site-packages/airflow/example_dags/example_workday_timetable.py
[2025-08-07T17:23:08.778+0000] {processor.py:925} INFO - DAG(s) 'example_workday_timetable' retrieved from /home/airflow/.local/lib/python3.12/site-packages/airflow/example_dags/example_workday_timetable.py
[2025-08-07T17:23:08.800+0000] {logging_mixin.py:190} INFO - [2025-08-07T17:23:08.800+0000] {dag.py:3239} INFO - Sync 1 DAGs
[2025-08-07T17:23:08.864+0000] {logging_mixin.py:190} INFO - [2025-08-07T17:23:08.863+0000] {dag.py:4180} INFO - Setting next_dagrun for example_workday_timetable to 2021-01-04 00:00:00+00:00, run_after=2021-01-05 00:00:00+00:00
[2025-08-07T17:23:08.890+0000] {processor.py:208} INFO - Processing /home/airflow/.local/lib/python3.12/site-packages/airflow/example_dags/example_workday_timetable.py took 0.126 seconds
[2025-08-07T17:23:16.543+0000] {processor.py:186} INFO - Started process (PID=1485) to work on /home/airflow/.local/lib/python3.12/site-packages/airflow/example_dags/example_workday_timetable.py
[2025-08-07T17:23:16.545+0000] {processor.py:914} INFO - Processing file /home/airflow/.local/lib/python3.12/site-packages/airflow/example_dags/example_workday_timetable.py for tasks to queue
[2025-08-07T17:23:16.546+0000] {logging_mixin.py:190} INFO - [2025-08-07T17:23:16.546+0000] {dagbag.py:588} INFO - Filling up the DagBag from /home/airflow/.local/lib/python3.12/site-packages/airflow/example_dags/example_workday_timetable.py
[2025-08-07T17:23:16.552+0000] {processor.py:925} INFO - DAG(s) 'example_workday_timetable' retrieved from /home/airflow/.local/lib/python3.12/site-packages/airflow/example_dags/example_workday_timetable.py
[2025-08-07T17:23:16.573+0000] {logging_mixin.py:190} INFO - [2025-08-07T17:23:16.573+0000] {dag.py:3239} INFO - Sync 1 DAGs
[2025-08-07T17:23:16.649+0000] {logging_mixin.py:190} INFO - [2025-08-07T17:23:16.649+0000] {dag.py:4180} INFO - Setting next_dagrun for example_workday_timetable to 2021-01-04 00:00:00+00:00, run_after=2021-01-05 00:00:00+00:00
[2025-08-07T17:23:16.679+0000] {processor.py:208} INFO - Processing /home/airflow/.local/lib/python3.12/site-packages/airflow/example_dags/example_workday_timetable.py took 0.142 seconds
[2025-08-07T17:23:46.464+0000] {processor.py:186} INFO - Started process (PID=1551) to work on /home/airflow/.local/lib/python3.12/site-packages/airflow/example_dags/example_workday_timetable.py
[2025-08-07T17:23:46.466+0000] {processor.py:914} INFO - Processing file /home/airflow/.local/lib/python3.12/site-packages/airflow/example_dags/example_workday_timetable.py for tasks to queue
[2025-08-07T17:23:46.468+0000] {logging_mixin.py:190} INFO - [2025-08-07T17:23:46.468+0000] {dagbag.py:588} INFO - Filling up the DagBag from /home/airflow/.local/lib/python3.12/site-packages/airflow/example_dags/example_workday_timetable.py
[2025-08-07T17:23:46.475+0000] {processor.py:925} INFO - DAG(s) 'example_workday_timetable' retrieved from /home/airflow/.local/lib/python3.12/site-packages/airflow/example_dags/example_workday_timetable.py
[2025-08-07T17:23:46.498+0000] {logging_mixin.py:190} INFO - [2025-08-07T17:23:46.498+0000] {dag.py:3239} INFO - Sync 1 DAGs
[2025-08-07T17:23:46.589+0000] {logging_mixin.py:190} INFO - [2025-08-07T17:23:46.588+0000] {dag.py:4180} INFO - Setting next_dagrun for example_workday_timetable to 2021-01-04 00:00:00+00:00, run_after=2021-01-05 00:00:00+00:00
[2025-08-07T17:23:46.622+0000] {processor.py:208} INFO - Processing /home/airflow/.local/lib/python3.12/site-packages/airflow/example_dags/example_workday_timetable.py took 0.167 seconds
[2025-08-07T17:24:01.430+0000] {processor.py:186} INFO - Started process (PID=1609) to work on /home/airflow/.local/lib/python3.12/site-packages/airflow/example_dags/example_workday_timetable.py
[2025-08-07T17:24:01.431+0000] {processor.py:914} INFO - Processing file /home/airflow/.local/lib/python3.12/site-packages/airflow/example_dags/example_workday_timetable.py for tasks to queue
[2025-08-07T17:24:01.432+0000] {logging_mixin.py:190} INFO - [2025-08-07T17:24:01.432+0000] {dagbag.py:588} INFO - Filling up the DagBag from /home/airflow/.local/lib/python3.12/site-packages/airflow/example_dags/example_workday_timetable.py
[2025-08-07T17:24:01.438+0000] {processor.py:925} INFO - DAG(s) 'example_workday_timetable' retrieved from /home/airflow/.local/lib/python3.12/site-packages/airflow/example_dags/example_workday_timetable.py
[2025-08-07T17:24:01.460+0000] {logging_mixin.py:190} INFO - [2025-08-07T17:24:01.459+0000] {dag.py:3239} INFO - Sync 1 DAGs
[2025-08-07T17:24:01.557+0000] {logging_mixin.py:190} INFO - [2025-08-07T17:24:01.557+0000] {dag.py:4180} INFO - Setting next_dagrun for example_workday_timetable to 2021-01-04 00:00:00+00:00, run_after=2021-01-05 00:00:00+00:00
[2025-08-07T17:24:01.584+0000] {processor.py:208} INFO - Processing /home/airflow/.local/lib/python3.12/site-packages/airflow/example_dags/example_workday_timetable.py took 0.162 seconds
[2025-08-07T17:24:15.074+0000] {processor.py:186} INFO - Started process (PID=1675) to work on /home/airflow/.local/lib/python3.12/site-packages/airflow/example_dags/example_workday_timetable.py
[2025-08-07T17:24:15.075+0000] {processor.py:914} INFO - Processing file /home/airflow/.local/lib/python3.12/site-packages/airflow/example_dags/example_workday_timetable.py for tasks to queue
[2025-08-07T17:24:15.077+0000] {logging_mixin.py:190} INFO - [2025-08-07T17:24:15.076+0000] {dagbag.py:588} INFO - Filling up the DagBag from /home/airflow/.local/lib/python3.12/site-packages/airflow/example_dags/example_workday_timetable.py
[2025-08-07T17:24:15.083+0000] {processor.py:925} INFO - DAG(s) 'example_workday_timetable' retrieved from /home/airflow/.local/lib/python3.12/site-packages/airflow/example_dags/example_workday_timetable.py
[2025-08-07T17:24:15.105+0000] {logging_mixin.py:190} INFO - [2025-08-07T17:24:15.104+0000] {dag.py:3239} INFO - Sync 1 DAGs
[2025-08-07T17:24:15.179+0000] {logging_mixin.py:190} INFO - [2025-08-07T17:24:15.179+0000] {dag.py:4180} INFO - Setting next_dagrun for example_workday_timetable to 2021-01-04 00:00:00+00:00, run_after=2021-01-05 00:00:00+00:00
[2025-08-07T17:24:15.202+0000] {processor.py:208} INFO - Processing /home/airflow/.local/lib/python3.12/site-packages/airflow/example_dags/example_workday_timetable.py took 0.134 seconds
[2025-08-07T17:24:46.294+0000] {processor.py:186} INFO - Started process (PID=1743) to work on /home/airflow/.local/lib/python3.12/site-packages/airflow/example_dags/example_workday_timetable.py
[2025-08-07T17:24:46.296+0000] {processor.py:914} INFO - Processing file /home/airflow/.local/lib/python3.12/site-packages/airflow/example_dags/example_workday_timetable.py for tasks to queue
[2025-08-07T17:24:46.297+0000] {logging_mixin.py:190} INFO - [2025-08-07T17:24:46.297+0000] {dagbag.py:588} INFO - Filling up the DagBag from /home/airflow/.local/lib/python3.12/site-packages/airflow/example_dags/example_workday_timetable.py
[2025-08-07T17:24:46.305+0000] {processor.py:925} INFO - DAG(s) 'example_workday_timetable' retrieved from /home/airflow/.local/lib/python3.12/site-packages/airflow/example_dags/example_workday_timetable.py
[2025-08-07T17:24:46.328+0000] {logging_mixin.py:190} INFO - [2025-08-07T17:24:46.328+0000] {dag.py:3239} INFO - Sync 1 DAGs
[2025-08-07T17:24:46.408+0000] {logging_mixin.py:190} INFO - [2025-08-07T17:24:46.408+0000] {dag.py:4180} INFO - Setting next_dagrun for example_workday_timetable to 2021-01-04 00:00:00+00:00, run_after=2021-01-05 00:00:00+00:00
[2025-08-07T17:24:46.436+0000] {processor.py:208} INFO - Processing /home/airflow/.local/lib/python3.12/site-packages/airflow/example_dags/example_workday_timetable.py took 0.148 seconds
[2025-08-07T17:25:01.584+0000] {processor.py:186} INFO - Started process (PID=1802) to work on /home/airflow/.local/lib/python3.12/site-packages/airflow/example_dags/example_workday_timetable.py
[2025-08-07T17:25:01.585+0000] {processor.py:914} INFO - Processing file /home/airflow/.local/lib/python3.12/site-packages/airflow/example_dags/example_workday_timetable.py for tasks to queue
[2025-08-07T17:25:01.586+0000] {logging_mixin.py:190} INFO - [2025-08-07T17:25:01.586+0000] {dagbag.py:588} INFO - Filling up the DagBag from /home/airflow/.local/lib/python3.12/site-packages/airflow/example_dags/example_workday_timetable.py
[2025-08-07T17:25:01.592+0000] {processor.py:925} INFO - DAG(s) 'example_workday_timetable' retrieved from /home/airflow/.local/lib/python3.12/site-packages/airflow/example_dags/example_workday_timetable.py
[2025-08-07T17:25:01.613+0000] {logging_mixin.py:190} INFO - [2025-08-07T17:25:01.612+0000] {dag.py:3239} INFO - Sync 1 DAGs
[2025-08-07T17:25:01.696+0000] {logging_mixin.py:190} INFO - [2025-08-07T17:25:01.696+0000] {dag.py:4180} INFO - Setting next_dagrun for example_workday_timetable to 2021-01-04 00:00:00+00:00, run_after=2021-01-05 00:00:00+00:00
[2025-08-07T17:25:01.719+0000] {processor.py:208} INFO - Processing /home/airflow/.local/lib/python3.12/site-packages/airflow/example_dags/example_workday_timetable.py took 0.140 seconds
[2025-08-07T17:25:15.283+0000] {processor.py:186} INFO - Started process (PID=1864) to work on /home/airflow/.local/lib/python3.12/site-packages/airflow/example_dags/example_workday_timetable.py
[2025-08-07T17:25:15.284+0000] {processor.py:914} INFO - Processing file /home/airflow/.local/lib/python3.12/site-packages/airflow/example_dags/example_workday_timetable.py for tasks to queue
[2025-08-07T17:25:15.286+0000] {logging_mixin.py:190} INFO - [2025-08-07T17:25:15.285+0000] {dagbag.py:588} INFO - Filling up the DagBag from /home/airflow/.local/lib/python3.12/site-packages/airflow/example_dags/example_workday_timetable.py
[2025-08-07T17:25:15.292+0000] {processor.py:925} INFO - DAG(s) 'example_workday_timetable' retrieved from /home/airflow/.local/lib/python3.12/site-packages/airflow/example_dags/example_workday_timetable.py
[2025-08-07T17:25:15.316+0000] {logging_mixin.py:190} INFO - [2025-08-07T17:25:15.315+0000] {dag.py:3239} INFO - Sync 1 DAGs
[2025-08-07T17:25:15.384+0000] {logging_mixin.py:190} INFO - [2025-08-07T17:25:15.384+0000] {dag.py:4180} INFO - Setting next_dagrun for example_workday_timetable to 2021-01-04 00:00:00+00:00, run_after=2021-01-05 00:00:00+00:00
[2025-08-07T17:25:15.410+0000] {processor.py:208} INFO - Processing /home/airflow/.local/lib/python3.12/site-packages/airflow/example_dags/example_workday_timetable.py took 0.134 seconds
[2025-08-07T17:25:43.880+0000] {processor.py:186} INFO - Started process (PID=1929) to work on /home/airflow/.local/lib/python3.12/site-packages/airflow/example_dags/example_workday_timetable.py
[2025-08-07T17:25:43.885+0000] {processor.py:914} INFO - Processing file /home/airflow/.local/lib/python3.12/site-packages/airflow/example_dags/example_workday_timetable.py for tasks to queue
[2025-08-07T17:25:43.892+0000] {logging_mixin.py:190} INFO - [2025-08-07T17:25:43.892+0000] {dagbag.py:588} INFO - Filling up the DagBag from /home/airflow/.local/lib/python3.12/site-packages/airflow/example_dags/example_workday_timetable.py
[2025-08-07T17:25:43.902+0000] {processor.py:925} INFO - DAG(s) 'example_workday_timetable' retrieved from /home/airflow/.local/lib/python3.12/site-packages/airflow/example_dags/example_workday_timetable.py
[2025-08-07T17:25:43.961+0000] {logging_mixin.py:190} INFO - [2025-08-07T17:25:43.960+0000] {dag.py:3239} INFO - Sync 1 DAGs
[2025-08-07T17:25:44.082+0000] {logging_mixin.py:190} INFO - [2025-08-07T17:25:44.082+0000] {dag.py:4180} INFO - Setting next_dagrun for example_workday_timetable to 2021-01-04 00:00:00+00:00, run_after=2021-01-05 00:00:00+00:00
[2025-08-07T17:25:44.107+0000] {processor.py:208} INFO - Processing /home/airflow/.local/lib/python3.12/site-packages/airflow/example_dags/example_workday_timetable.py took 0.234 seconds
[2025-08-07T17:26:15.413+0000] {processor.py:186} INFO - Started process (PID=1993) to work on /home/airflow/.local/lib/python3.12/site-packages/airflow/example_dags/example_workday_timetable.py
[2025-08-07T17:26:15.415+0000] {processor.py:914} INFO - Processing file /home/airflow/.local/lib/python3.12/site-packages/airflow/example_dags/example_workday_timetable.py for tasks to queue
[2025-08-07T17:26:15.417+0000] {logging_mixin.py:190} INFO - [2025-08-07T17:26:15.417+0000] {dagbag.py:588} INFO - Filling up the DagBag from /home/airflow/.local/lib/python3.12/site-packages/airflow/example_dags/example_workday_timetable.py
[2025-08-07T17:26:15.423+0000] {processor.py:925} INFO - DAG(s) 'example_workday_timetable' retrieved from /home/airflow/.local/lib/python3.12/site-packages/airflow/example_dags/example_workday_timetable.py
[2025-08-07T17:26:15.446+0000] {logging_mixin.py:190} INFO - [2025-08-07T17:26:15.446+0000] {dag.py:3239} INFO - Sync 1 DAGs
[2025-08-07T17:26:15.539+0000] {logging_mixin.py:190} INFO - [2025-08-07T17:26:15.539+0000] {dag.py:4180} INFO - Setting next_dagrun for example_workday_timetable to 2021-01-04 00:00:00+00:00, run_after=2021-01-05 00:00:00+00:00
[2025-08-07T17:26:15.562+0000] {processor.py:208} INFO - Processing /home/airflow/.local/lib/python3.12/site-packages/airflow/example_dags/example_workday_timetable.py took 0.154 seconds
[2025-08-07T17:26:46.668+0000] {processor.py:186} INFO - Started process (PID=2056) to work on /home/airflow/.local/lib/python3.12/site-packages/airflow/example_dags/example_workday_timetable.py
[2025-08-07T17:26:46.670+0000] {processor.py:914} INFO - Processing file /home/airflow/.local/lib/python3.12/site-packages/airflow/example_dags/example_workday_timetable.py for tasks to queue
[2025-08-07T17:26:46.671+0000] {logging_mixin.py:190} INFO - [2025-08-07T17:26:46.671+0000] {dagbag.py:588} INFO - Filling up the DagBag from /home/airflow/.local/lib/python3.12/site-packages/airflow/example_dags/example_workday_timetable.py
[2025-08-07T17:26:46.679+0000] {processor.py:925} INFO - DAG(s) 'example_workday_timetable' retrieved from /home/airflow/.local/lib/python3.12/site-packages/airflow/example_dags/example_workday_timetable.py
[2025-08-07T17:26:46.706+0000] {logging_mixin.py:190} INFO - [2025-08-07T17:26:46.706+0000] {dag.py:3239} INFO - Sync 1 DAGs
[2025-08-07T17:26:46.795+0000] {logging_mixin.py:190} INFO - [2025-08-07T17:26:46.795+0000] {dag.py:4180} INFO - Setting next_dagrun for example_workday_timetable to 2021-01-04 00:00:00+00:00, run_after=2021-01-05 00:00:00+00:00
[2025-08-07T17:26:46.818+0000] {processor.py:208} INFO - Processing /home/airflow/.local/lib/python3.12/site-packages/airflow/example_dags/example_workday_timetable.py took 0.157 seconds
[2025-08-07T17:26:56.853+0000] {processor.py:186} INFO - Started process (PID=2116) to work on /home/airflow/.local/lib/python3.12/site-packages/airflow/example_dags/example_workday_timetable.py
[2025-08-07T17:26:56.854+0000] {processor.py:914} INFO - Processing file /home/airflow/.local/lib/python3.12/site-packages/airflow/example_dags/example_workday_timetable.py for tasks to queue
[2025-08-07T17:26:56.856+0000] {logging_mixin.py:190} INFO - [2025-08-07T17:26:56.856+0000] {dagbag.py:588} INFO - Filling up the DagBag from /home/airflow/.local/lib/python3.12/site-packages/airflow/example_dags/example_workday_timetable.py
[2025-08-07T17:26:56.863+0000] {processor.py:925} INFO - DAG(s) 'example_workday_timetable' retrieved from /home/airflow/.local/lib/python3.12/site-packages/airflow/example_dags/example_workday_timetable.py
[2025-08-07T17:26:56.888+0000] {logging_mixin.py:190} INFO - [2025-08-07T17:26:56.887+0000] {dag.py:3239} INFO - Sync 1 DAGs
[2025-08-07T17:26:56.978+0000] {logging_mixin.py:190} INFO - [2025-08-07T17:26:56.978+0000] {dag.py:4180} INFO - Setting next_dagrun for example_workday_timetable to 2021-01-04 00:00:00+00:00, run_after=2021-01-05 00:00:00+00:00
[2025-08-07T17:26:57.011+0000] {processor.py:208} INFO - Processing /home/airflow/.local/lib/python3.12/site-packages/airflow/example_dags/example_workday_timetable.py took 0.164 seconds
[2025-08-07T17:28:41.989+0000] {processor.py:186} INFO - Started process (PID=2180) to work on /home/airflow/.local/lib/python3.12/site-packages/airflow/example_dags/example_workday_timetable.py
[2025-08-07T17:28:41.990+0000] {processor.py:914} INFO - Processing file /home/airflow/.local/lib/python3.12/site-packages/airflow/example_dags/example_workday_timetable.py for tasks to queue
[2025-08-07T17:28:41.991+0000] {logging_mixin.py:190} INFO - [2025-08-07T17:28:41.991+0000] {dagbag.py:588} INFO - Filling up the DagBag from /home/airflow/.local/lib/python3.12/site-packages/airflow/example_dags/example_workday_timetable.py
[2025-08-07T17:28:41.998+0000] {processor.py:925} INFO - DAG(s) 'example_workday_timetable' retrieved from /home/airflow/.local/lib/python3.12/site-packages/airflow/example_dags/example_workday_timetable.py
[2025-08-07T17:27:28.456+0000] {logging_mixin.py:190} INFO - [2025-08-07T17:27:28.456+0000] {dag.py:3239} INFO - Sync 1 DAGs
[2025-08-07T17:27:28.540+0000] {logging_mixin.py:190} INFO - [2025-08-07T17:27:28.539+0000] {dag.py:4180} INFO - Setting next_dagrun for example_workday_timetable to 2021-01-04 00:00:00+00:00, run_after=2021-01-05 00:00:00+00:00
[2025-08-07T17:27:28.567+0000] {processor.py:208} INFO - Processing /home/airflow/.local/lib/python3.12/site-packages/airflow/example_dags/example_workday_timetable.py took 0.148 seconds
[2025-08-07T17:27:57.467+0000] {processor.py:186} INFO - Started process (PID=2244) to work on /home/airflow/.local/lib/python3.12/site-packages/airflow/example_dags/example_workday_timetable.py
[2025-08-07T17:27:57.468+0000] {processor.py:914} INFO - Processing file /home/airflow/.local/lib/python3.12/site-packages/airflow/example_dags/example_workday_timetable.py for tasks to queue
[2025-08-07T17:27:57.470+0000] {logging_mixin.py:190} INFO - [2025-08-07T17:27:57.470+0000] {dagbag.py:588} INFO - Filling up the DagBag from /home/airflow/.local/lib/python3.12/site-packages/airflow/example_dags/example_workday_timetable.py
[2025-08-07T17:27:57.477+0000] {processor.py:925} INFO - DAG(s) 'example_workday_timetable' retrieved from /home/airflow/.local/lib/python3.12/site-packages/airflow/example_dags/example_workday_timetable.py
[2025-08-07T17:27:57.502+0000] {logging_mixin.py:190} INFO - [2025-08-07T17:27:57.502+0000] {dag.py:3239} INFO - Sync 1 DAGs
[2025-08-07T17:27:57.582+0000] {logging_mixin.py:190} INFO - [2025-08-07T17:27:57.582+0000] {dag.py:4180} INFO - Setting next_dagrun for example_workday_timetable to 2021-01-04 00:00:00+00:00, run_after=2021-01-05 00:00:00+00:00
[2025-08-07T17:27:57.613+0000] {processor.py:208} INFO - Processing /home/airflow/.local/lib/python3.12/site-packages/airflow/example_dags/example_workday_timetable.py took 0.152 seconds
[2025-08-07T17:28:28.212+0000] {processor.py:186} INFO - Started process (PID=2310) to work on /home/airflow/.local/lib/python3.12/site-packages/airflow/example_dags/example_workday_timetable.py
[2025-08-07T17:28:28.214+0000] {processor.py:914} INFO - Processing file /home/airflow/.local/lib/python3.12/site-packages/airflow/example_dags/example_workday_timetable.py for tasks to queue
[2025-08-07T17:28:28.215+0000] {logging_mixin.py:190} INFO - [2025-08-07T17:28:28.215+0000] {dagbag.py:588} INFO - Filling up the DagBag from /home/airflow/.local/lib/python3.12/site-packages/airflow/example_dags/example_workday_timetable.py
[2025-08-07T17:28:28.223+0000] {processor.py:925} INFO - DAG(s) 'example_workday_timetable' retrieved from /home/airflow/.local/lib/python3.12/site-packages/airflow/example_dags/example_workday_timetable.py
[2025-08-07T17:28:28.247+0000] {logging_mixin.py:190} INFO - [2025-08-07T17:28:28.246+0000] {dag.py:3239} INFO - Sync 1 DAGs
[2025-08-07T17:28:28.327+0000] {logging_mixin.py:190} INFO - [2025-08-07T17:28:28.327+0000] {dag.py:4180} INFO - Setting next_dagrun for example_workday_timetable to 2021-01-04 00:00:00+00:00, run_after=2021-01-05 00:00:00+00:00
[2025-08-07T17:28:28.354+0000] {processor.py:208} INFO - Processing /home/airflow/.local/lib/python3.12/site-packages/airflow/example_dags/example_workday_timetable.py took 0.149 seconds
[2025-08-07T17:28:39.116+0000] {processor.py:186} INFO - Started process (PID=2374) to work on /home/airflow/.local/lib/python3.12/site-packages/airflow/example_dags/example_workday_timetable.py
[2025-08-07T17:28:39.117+0000] {processor.py:914} INFO - Processing file /home/airflow/.local/lib/python3.12/site-packages/airflow/example_dags/example_workday_timetable.py for tasks to queue
[2025-08-07T17:28:39.119+0000] {logging_mixin.py:190} INFO - [2025-08-07T17:28:39.118+0000] {dagbag.py:588} INFO - Filling up the DagBag from /home/airflow/.local/lib/python3.12/site-packages/airflow/example_dags/example_workday_timetable.py
[2025-08-07T17:28:39.128+0000] {processor.py:925} INFO - DAG(s) 'example_workday_timetable' retrieved from /home/airflow/.local/lib/python3.12/site-packages/airflow/example_dags/example_workday_timetable.py
[2025-08-07T17:28:39.155+0000] {logging_mixin.py:190} INFO - [2025-08-07T17:28:39.155+0000] {dag.py:3239} INFO - Sync 1 DAGs
[2025-08-07T17:28:39.252+0000] {logging_mixin.py:190} INFO - [2025-08-07T17:28:39.252+0000] {dag.py:4180} INFO - Setting next_dagrun for example_workday_timetable to 2021-01-04 00:00:00+00:00, run_after=2021-01-05 00:00:00+00:00
[2025-08-07T17:28:39.277+0000] {processor.py:208} INFO - Processing /home/airflow/.local/lib/python3.12/site-packages/airflow/example_dags/example_workday_timetable.py took 0.169 seconds
[2025-08-07T17:29:10.156+0000] {processor.py:186} INFO - Started process (PID=2440) to work on /home/airflow/.local/lib/python3.12/site-packages/airflow/example_dags/example_workday_timetable.py
[2025-08-07T17:29:10.157+0000] {processor.py:914} INFO - Processing file /home/airflow/.local/lib/python3.12/site-packages/airflow/example_dags/example_workday_timetable.py for tasks to queue
[2025-08-07T17:29:10.159+0000] {logging_mixin.py:190} INFO - [2025-08-07T17:29:10.158+0000] {dagbag.py:588} INFO - Filling up the DagBag from /home/airflow/.local/lib/python3.12/site-packages/airflow/example_dags/example_workday_timetable.py
[2025-08-07T17:29:10.166+0000] {processor.py:925} INFO - DAG(s) 'example_workday_timetable' retrieved from /home/airflow/.local/lib/python3.12/site-packages/airflow/example_dags/example_workday_timetable.py
[2025-08-07T17:29:10.191+0000] {logging_mixin.py:190} INFO - [2025-08-07T17:29:10.190+0000] {dag.py:3239} INFO - Sync 1 DAGs
[2025-08-07T17:29:10.269+0000] {logging_mixin.py:190} INFO - [2025-08-07T17:29:10.269+0000] {dag.py:4180} INFO - Setting next_dagrun for example_workday_timetable to 2021-01-04 00:00:00+00:00, run_after=2021-01-05 00:00:00+00:00
[2025-08-07T17:29:10.298+0000] {processor.py:208} INFO - Processing /home/airflow/.local/lib/python3.12/site-packages/airflow/example_dags/example_workday_timetable.py took 0.149 seconds
[2025-08-07T17:29:17.252+0000] {processor.py:186} INFO - Started process (PID=2497) to work on /home/airflow/.local/lib/python3.12/site-packages/airflow/example_dags/example_workday_timetable.py
[2025-08-07T17:29:17.254+0000] {processor.py:914} INFO - Processing file /home/airflow/.local/lib/python3.12/site-packages/airflow/example_dags/example_workday_timetable.py for tasks to queue
[2025-08-07T17:29:17.255+0000] {logging_mixin.py:190} INFO - [2025-08-07T17:29:17.255+0000] {dagbag.py:588} INFO - Filling up the DagBag from /home/airflow/.local/lib/python3.12/site-packages/airflow/example_dags/example_workday_timetable.py
[2025-08-07T17:29:17.263+0000] {processor.py:925} INFO - DAG(s) 'example_workday_timetable' retrieved from /home/airflow/.local/lib/python3.12/site-packages/airflow/example_dags/example_workday_timetable.py
[2025-08-07T17:29:17.288+0000] {logging_mixin.py:190} INFO - [2025-08-07T17:29:17.288+0000] {dag.py:3239} INFO - Sync 1 DAGs
[2025-08-07T17:29:17.385+0000] {logging_mixin.py:190} INFO - [2025-08-07T17:29:17.384+0000] {dag.py:4180} INFO - Setting next_dagrun for example_workday_timetable to 2021-01-04 00:00:00+00:00, run_after=2021-01-05 00:00:00+00:00
[2025-08-07T17:29:17.415+0000] {processor.py:208} INFO - Processing /home/airflow/.local/lib/python3.12/site-packages/airflow/example_dags/example_workday_timetable.py took 0.172 seconds
[2025-08-07T17:29:48.738+0000] {processor.py:186} INFO - Started process (PID=2561) to work on /home/airflow/.local/lib/python3.12/site-packages/airflow/example_dags/example_workday_timetable.py
[2025-08-07T17:29:48.739+0000] {processor.py:914} INFO - Processing file /home/airflow/.local/lib/python3.12/site-packages/airflow/example_dags/example_workday_timetable.py for tasks to queue
[2025-08-07T17:29:48.741+0000] {logging_mixin.py:190} INFO - [2025-08-07T17:29:48.740+0000] {dagbag.py:588} INFO - Filling up the DagBag from /home/airflow/.local/lib/python3.12/site-packages/airflow/example_dags/example_workday_timetable.py
[2025-08-07T17:29:48.749+0000] {processor.py:925} INFO - DAG(s) 'example_workday_timetable' retrieved from /home/airflow/.local/lib/python3.12/site-packages/airflow/example_dags/example_workday_timetable.py
[2025-08-07T17:29:48.786+0000] {logging_mixin.py:190} INFO - [2025-08-07T17:29:48.785+0000] {dag.py:3239} INFO - Sync 1 DAGs
[2025-08-07T17:29:48.924+0000] {logging_mixin.py:190} INFO - [2025-08-07T17:29:48.924+0000] {dag.py:4180} INFO - Setting next_dagrun for example_workday_timetable to 2021-01-04 00:00:00+00:00, run_after=2021-01-05 00:00:00+00:00
[2025-08-07T17:29:48.755+0000] {processor.py:208} INFO - Processing /home/airflow/.local/lib/python3.12/site-packages/airflow/example_dags/example_workday_timetable.py took 0.447 seconds
[2025-08-07T17:30:19.821+0000] {processor.py:186} INFO - Started process (PID=2625) to work on /home/airflow/.local/lib/python3.12/site-packages/airflow/example_dags/example_workday_timetable.py
[2025-08-07T17:30:19.823+0000] {processor.py:914} INFO - Processing file /home/airflow/.local/lib/python3.12/site-packages/airflow/example_dags/example_workday_timetable.py for tasks to queue
[2025-08-07T17:30:19.825+0000] {logging_mixin.py:190} INFO - [2025-08-07T17:30:19.824+0000] {dagbag.py:588} INFO - Filling up the DagBag from /home/airflow/.local/lib/python3.12/site-packages/airflow/example_dags/example_workday_timetable.py
[2025-08-07T17:30:19.832+0000] {processor.py:925} INFO - DAG(s) 'example_workday_timetable' retrieved from /home/airflow/.local/lib/python3.12/site-packages/airflow/example_dags/example_workday_timetable.py
[2025-08-07T17:30:19.860+0000] {logging_mixin.py:190} INFO - [2025-08-07T17:30:19.860+0000] {dag.py:3239} INFO - Sync 1 DAGs
[2025-08-07T17:30:19.942+0000] {logging_mixin.py:190} INFO - [2025-08-07T17:30:19.942+0000] {dag.py:4180} INFO - Setting next_dagrun for example_workday_timetable to 2021-01-04 00:00:00+00:00, run_after=2021-01-05 00:00:00+00:00
[2025-08-07T17:30:19.971+0000] {processor.py:208} INFO - Processing /home/airflow/.local/lib/python3.12/site-packages/airflow/example_dags/example_workday_timetable.py took 0.158 seconds
[2025-08-07T17:42:36.622+0000] {processor.py:186} INFO - Started process (PID=2703) to work on /home/airflow/.local/lib/python3.12/site-packages/airflow/example_dags/example_workday_timetable.py
[2025-08-07T17:42:36.624+0000] {processor.py:914} INFO - Processing file /home/airflow/.local/lib/python3.12/site-packages/airflow/example_dags/example_workday_timetable.py for tasks to queue
[2025-08-07T17:42:36.629+0000] {logging_mixin.py:190} INFO - [2025-08-07T17:42:36.629+0000] {dagbag.py:588} INFO - Filling up the DagBag from /home/airflow/.local/lib/python3.12/site-packages/airflow/example_dags/example_workday_timetable.py
[2025-08-07T17:42:36.641+0000] {processor.py:925} INFO - DAG(s) 'example_workday_timetable' retrieved from /home/airflow/.local/lib/python3.12/site-packages/airflow/example_dags/example_workday_timetable.py
[2025-08-07T17:42:36.680+0000] {logging_mixin.py:190} INFO - [2025-08-07T17:42:36.680+0000] {dag.py:3239} INFO - Sync 1 DAGs
[2025-08-07T17:42:37.130+0000] {logging_mixin.py:190} INFO - [2025-08-07T17:42:37.129+0000] {dag.py:4180} INFO - Setting next_dagrun for example_workday_timetable to 2021-01-04 00:00:00+00:00, run_after=2021-01-05 00:00:00+00:00
[2025-08-07T17:42:37.174+0000] {processor.py:208} INFO - Processing /home/airflow/.local/lib/python3.12/site-packages/airflow/example_dags/example_workday_timetable.py took 0.565 seconds
[2025-08-07T17:43:07.649+0000] {processor.py:186} INFO - Started process (PID=2769) to work on /home/airflow/.local/lib/python3.12/site-packages/airflow/example_dags/example_workday_timetable.py
[2025-08-07T17:43:07.650+0000] {processor.py:914} INFO - Processing file /home/airflow/.local/lib/python3.12/site-packages/airflow/example_dags/example_workday_timetable.py for tasks to queue
[2025-08-07T17:43:07.652+0000] {logging_mixin.py:190} INFO - [2025-08-07T17:43:07.651+0000] {dagbag.py:588} INFO - Filling up the DagBag from /home/airflow/.local/lib/python3.12/site-packages/airflow/example_dags/example_workday_timetable.py
[2025-08-07T17:43:07.661+0000] {processor.py:925} INFO - DAG(s) 'example_workday_timetable' retrieved from /home/airflow/.local/lib/python3.12/site-packages/airflow/example_dags/example_workday_timetable.py
[2025-08-07T17:43:07.696+0000] {logging_mixin.py:190} INFO - [2025-08-07T17:43:07.696+0000] {dag.py:3239} INFO - Sync 1 DAGs
[2025-08-07T17:43:07.998+0000] {logging_mixin.py:190} INFO - [2025-08-07T17:43:07.998+0000] {dag.py:4180} INFO - Setting next_dagrun for example_workday_timetable to 2021-01-04 00:00:00+00:00, run_after=2021-01-05 00:00:00+00:00
[2025-08-07T17:43:08.036+0000] {processor.py:208} INFO - Processing /home/airflow/.local/lib/python3.12/site-packages/airflow/example_dags/example_workday_timetable.py took 0.392 seconds
[2025-08-07T17:43:26.513+0000] {processor.py:186} INFO - Started process (PID=2833) to work on /home/airflow/.local/lib/python3.12/site-packages/airflow/example_dags/example_workday_timetable.py
[2025-08-07T17:43:26.518+0000] {processor.py:914} INFO - Processing file /home/airflow/.local/lib/python3.12/site-packages/airflow/example_dags/example_workday_timetable.py for tasks to queue
[2025-08-07T17:43:26.520+0000] {logging_mixin.py:190} INFO - [2025-08-07T17:43:26.519+0000] {dagbag.py:588} INFO - Filling up the DagBag from /home/airflow/.local/lib/python3.12/site-packages/airflow/example_dags/example_workday_timetable.py
[2025-08-07T17:43:26.529+0000] {processor.py:925} INFO - DAG(s) 'example_workday_timetable' retrieved from /home/airflow/.local/lib/python3.12/site-packages/airflow/example_dags/example_workday_timetable.py
[2025-08-07T17:43:26.560+0000] {logging_mixin.py:190} INFO - [2025-08-07T17:43:26.560+0000] {dag.py:3239} INFO - Sync 1 DAGs
[2025-08-07T17:43:26.703+0000] {logging_mixin.py:190} INFO - [2025-08-07T17:43:26.703+0000] {dag.py:4180} INFO - Setting next_dagrun for example_workday_timetable to 2021-01-04 00:00:00+00:00, run_after=2021-01-05 00:00:00+00:00
[2025-08-07T17:43:27.019+0000] {processor.py:208} INFO - Processing /home/airflow/.local/lib/python3.12/site-packages/airflow/example_dags/example_workday_timetable.py took 0.516 seconds
[2025-08-07T17:43:46.125+0000] {processor.py:186} INFO - Started process (PID=2893) to work on /home/airflow/.local/lib/python3.12/site-packages/airflow/example_dags/example_workday_timetable.py
[2025-08-07T17:43:46.126+0000] {processor.py:914} INFO - Processing file /home/airflow/.local/lib/python3.12/site-packages/airflow/example_dags/example_workday_timetable.py for tasks to queue
[2025-08-07T17:43:46.128+0000] {logging_mixin.py:190} INFO - [2025-08-07T17:43:46.127+0000] {dagbag.py:588} INFO - Filling up the DagBag from /home/airflow/.local/lib/python3.12/site-packages/airflow/example_dags/example_workday_timetable.py
[2025-08-07T17:43:46.137+0000] {processor.py:925} INFO - DAG(s) 'example_workday_timetable' retrieved from /home/airflow/.local/lib/python3.12/site-packages/airflow/example_dags/example_workday_timetable.py
[2025-08-07T17:43:46.165+0000] {logging_mixin.py:190} INFO - [2025-08-07T17:43:46.161+0000] {dag.py:3239} INFO - Sync 1 DAGs
[2025-08-07T17:43:46.261+0000] {logging_mixin.py:190} INFO - [2025-08-07T17:43:46.260+0000] {dag.py:4180} INFO - Setting next_dagrun for example_workday_timetable to 2021-01-04 00:00:00+00:00, run_after=2021-01-05 00:00:00+00:00
[2025-08-07T17:43:46.298+0000] {processor.py:208} INFO - Processing /home/airflow/.local/lib/python3.12/site-packages/airflow/example_dags/example_workday_timetable.py took 0.188 seconds
[2025-08-07T17:44:18.579+0000] {processor.py:186} INFO - Started process (PID=2959) to work on /home/airflow/.local/lib/python3.12/site-packages/airflow/example_dags/example_workday_timetable.py
[2025-08-07T17:44:18.582+0000] {processor.py:914} INFO - Processing file /home/airflow/.local/lib/python3.12/site-packages/airflow/example_dags/example_workday_timetable.py for tasks to queue
[2025-08-07T17:44:18.587+0000] {logging_mixin.py:190} INFO - [2025-08-07T17:44:18.587+0000] {dagbag.py:588} INFO - Filling up the DagBag from /home/airflow/.local/lib/python3.12/site-packages/airflow/example_dags/example_workday_timetable.py
[2025-08-07T17:44:18.598+0000] {processor.py:925} INFO - DAG(s) 'example_workday_timetable' retrieved from /home/airflow/.local/lib/python3.12/site-packages/airflow/example_dags/example_workday_timetable.py
[2025-08-07T17:44:18.637+0000] {logging_mixin.py:190} INFO - [2025-08-07T17:44:18.637+0000] {dag.py:3239} INFO - Sync 1 DAGs
[2025-08-07T17:44:18.777+0000] {logging_mixin.py:190} INFO - [2025-08-07T17:44:18.777+0000] {dag.py:4180} INFO - Setting next_dagrun for example_workday_timetable to 2021-01-04 00:00:00+00:00, run_after=2021-01-05 00:00:00+00:00
[2025-08-07T17:44:18.821+0000] {processor.py:208} INFO - Processing /home/airflow/.local/lib/python3.12/site-packages/airflow/example_dags/example_workday_timetable.py took 0.254 seconds
[2025-08-07T17:44:50.521+0000] {processor.py:186} INFO - Started process (PID=3025) to work on /home/airflow/.local/lib/python3.12/site-packages/airflow/example_dags/example_workday_timetable.py
[2025-08-07T17:44:50.522+0000] {processor.py:914} INFO - Processing file /home/airflow/.local/lib/python3.12/site-packages/airflow/example_dags/example_workday_timetable.py for tasks to queue
[2025-08-07T17:44:50.529+0000] {logging_mixin.py:190} INFO - [2025-08-07T17:44:50.528+0000] {dagbag.py:588} INFO - Filling up the DagBag from /home/airflow/.local/lib/python3.12/site-packages/airflow/example_dags/example_workday_timetable.py
[2025-08-07T17:44:50.540+0000] {processor.py:925} INFO - DAG(s) 'example_workday_timetable' retrieved from /home/airflow/.local/lib/python3.12/site-packages/airflow/example_dags/example_workday_timetable.py
[2025-08-07T17:44:50.572+0000] {logging_mixin.py:190} INFO - [2025-08-07T17:44:50.572+0000] {dag.py:3239} INFO - Sync 1 DAGs
[2025-08-07T17:44:50.698+0000] {logging_mixin.py:190} INFO - [2025-08-07T17:44:50.698+0000] {dag.py:4180} INFO - Setting next_dagrun for example_workday_timetable to 2021-01-04 00:00:00+00:00, run_after=2021-01-05 00:00:00+00:00
[2025-08-07T17:44:50.739+0000] {processor.py:208} INFO - Processing /home/airflow/.local/lib/python3.12/site-packages/airflow/example_dags/example_workday_timetable.py took 0.228 seconds
[2025-08-07T17:45:22.789+0000] {processor.py:186} INFO - Started process (PID=3091) to work on /home/airflow/.local/lib/python3.12/site-packages/airflow/example_dags/example_workday_timetable.py
[2025-08-07T17:45:22.790+0000] {processor.py:914} INFO - Processing file /home/airflow/.local/lib/python3.12/site-packages/airflow/example_dags/example_workday_timetable.py for tasks to queue
[2025-08-07T17:45:22.797+0000] {logging_mixin.py:190} INFO - [2025-08-07T17:45:22.796+0000] {dagbag.py:588} INFO - Filling up the DagBag from /home/airflow/.local/lib/python3.12/site-packages/airflow/example_dags/example_workday_timetable.py
[2025-08-07T17:45:22.810+0000] {processor.py:925} INFO - DAG(s) 'example_workday_timetable' retrieved from /home/airflow/.local/lib/python3.12/site-packages/airflow/example_dags/example_workday_timetable.py
[2025-08-07T17:45:22.855+0000] {logging_mixin.py:190} INFO - [2025-08-07T17:45:22.855+0000] {dag.py:3239} INFO - Sync 1 DAGs
[2025-08-07T17:45:23.065+0000] {logging_mixin.py:190} INFO - [2025-08-07T17:45:23.065+0000] {dag.py:4180} INFO - Setting next_dagrun for example_workday_timetable to 2021-01-04 00:00:00+00:00, run_after=2021-01-05 00:00:00+00:00
[2025-08-07T17:45:23.117+0000] {processor.py:208} INFO - Processing /home/airflow/.local/lib/python3.12/site-packages/airflow/example_dags/example_workday_timetable.py took 0.341 seconds
[2025-08-07T17:45:54.081+0000] {processor.py:186} INFO - Started process (PID=3162) to work on /home/airflow/.local/lib/python3.12/site-packages/airflow/example_dags/example_workday_timetable.py
[2025-08-07T17:45:54.083+0000] {processor.py:914} INFO - Processing file /home/airflow/.local/lib/python3.12/site-packages/airflow/example_dags/example_workday_timetable.py for tasks to queue
[2025-08-07T17:45:54.088+0000] {logging_mixin.py:190} INFO - [2025-08-07T17:45:54.088+0000] {dagbag.py:588} INFO - Filling up the DagBag from /home/airflow/.local/lib/python3.12/site-packages/airflow/example_dags/example_workday_timetable.py
[2025-08-07T17:45:54.099+0000] {processor.py:925} INFO - DAG(s) 'example_workday_timetable' retrieved from /home/airflow/.local/lib/python3.12/site-packages/airflow/example_dags/example_workday_timetable.py
[2025-08-07T17:45:54.139+0000] {logging_mixin.py:190} INFO - [2025-08-07T17:45:54.139+0000] {dag.py:3239} INFO - Sync 1 DAGs
[2025-08-07T17:45:54.279+0000] {logging_mixin.py:190} INFO - [2025-08-07T17:45:54.278+0000] {dag.py:4180} INFO - Setting next_dagrun for example_workday_timetable to 2021-01-04 00:00:00+00:00, run_after=2021-01-05 00:00:00+00:00
[2025-08-07T17:45:54.319+0000] {processor.py:208} INFO - Processing /home/airflow/.local/lib/python3.12/site-packages/airflow/example_dags/example_workday_timetable.py took 0.249 seconds
[2025-08-07T17:46:25.048+0000] {processor.py:186} INFO - Started process (PID=3225) to work on /home/airflow/.local/lib/python3.12/site-packages/airflow/example_dags/example_workday_timetable.py
[2025-08-07T17:46:25.053+0000] {processor.py:914} INFO - Processing file /home/airflow/.local/lib/python3.12/site-packages/airflow/example_dags/example_workday_timetable.py for tasks to queue
[2025-08-07T17:46:25.055+0000] {logging_mixin.py:190} INFO - [2025-08-07T17:46:25.054+0000] {dagbag.py:588} INFO - Filling up the DagBag from /home/airflow/.local/lib/python3.12/site-packages/airflow/example_dags/example_workday_timetable.py
[2025-08-07T17:46:25.066+0000] {processor.py:925} INFO - DAG(s) 'example_workday_timetable' retrieved from /home/airflow/.local/lib/python3.12/site-packages/airflow/example_dags/example_workday_timetable.py
[2025-08-07T17:46:25.103+0000] {logging_mixin.py:190} INFO - [2025-08-07T17:46:25.103+0000] {dag.py:3239} INFO - Sync 1 DAGs
[2025-08-07T17:46:25.284+0000] {logging_mixin.py:190} INFO - [2025-08-07T17:46:25.284+0000] {dag.py:4180} INFO - Setting next_dagrun for example_workday_timetable to 2021-01-04 00:00:00+00:00, run_after=2021-01-05 00:00:00+00:00
[2025-08-07T17:46:25.332+0000] {processor.py:208} INFO - Processing /home/airflow/.local/lib/python3.12/site-packages/airflow/example_dags/example_workday_timetable.py took 0.296 seconds
[2025-08-07T17:46:55.879+0000] {processor.py:186} INFO - Started process (PID=3288) to work on /home/airflow/.local/lib/python3.12/site-packages/airflow/example_dags/example_workday_timetable.py
[2025-08-07T17:46:55.880+0000] {processor.py:914} INFO - Processing file /home/airflow/.local/lib/python3.12/site-packages/airflow/example_dags/example_workday_timetable.py for tasks to queue
[2025-08-07T17:46:55.882+0000] {logging_mixin.py:190} INFO - [2025-08-07T17:46:55.881+0000] {dagbag.py:588} INFO - Filling up the DagBag from /home/airflow/.local/lib/python3.12/site-packages/airflow/example_dags/example_workday_timetable.py
[2025-08-07T17:46:55.891+0000] {processor.py:925} INFO - DAG(s) 'example_workday_timetable' retrieved from /home/airflow/.local/lib/python3.12/site-packages/airflow/example_dags/example_workday_timetable.py
[2025-08-07T17:46:55.929+0000] {logging_mixin.py:190} INFO - [2025-08-07T17:46:55.929+0000] {dag.py:3239} INFO - Sync 1 DAGs
[2025-08-07T17:46:56.035+0000] {logging_mixin.py:190} INFO - [2025-08-07T17:46:56.035+0000] {dag.py:4180} INFO - Setting next_dagrun for example_workday_timetable to 2021-01-04 00:00:00+00:00, run_after=2021-01-05 00:00:00+00:00
[2025-08-07T17:46:56.081+0000] {processor.py:208} INFO - Processing /home/airflow/.local/lib/python3.12/site-packages/airflow/example_dags/example_workday_timetable.py took 0.211 seconds
[2025-08-07T17:47:26.880+0000] {processor.py:186} INFO - Started process (PID=3353) to work on /home/airflow/.local/lib/python3.12/site-packages/airflow/example_dags/example_workday_timetable.py
[2025-08-07T17:47:26.882+0000] {processor.py:914} INFO - Processing file /home/airflow/.local/lib/python3.12/site-packages/airflow/example_dags/example_workday_timetable.py for tasks to queue
[2025-08-07T17:47:26.888+0000] {logging_mixin.py:190} INFO - [2025-08-07T17:47:26.883+0000] {dagbag.py:588} INFO - Filling up the DagBag from /home/airflow/.local/lib/python3.12/site-packages/airflow/example_dags/example_workday_timetable.py
[2025-08-07T17:47:26.899+0000] {processor.py:925} INFO - DAG(s) 'example_workday_timetable' retrieved from /home/airflow/.local/lib/python3.12/site-packages/airflow/example_dags/example_workday_timetable.py
[2025-08-07T17:47:26.939+0000] {logging_mixin.py:190} INFO - [2025-08-07T17:47:26.939+0000] {dag.py:3239} INFO - Sync 1 DAGs
[2025-08-07T17:47:27.120+0000] {logging_mixin.py:190} INFO - [2025-08-07T17:47:27.120+0000] {dag.py:4180} INFO - Setting next_dagrun for example_workday_timetable to 2021-01-04 00:00:00+00:00, run_after=2021-01-05 00:00:00+00:00
[2025-08-07T17:47:27.181+0000] {processor.py:208} INFO - Processing /home/airflow/.local/lib/python3.12/site-packages/airflow/example_dags/example_workday_timetable.py took 0.312 seconds
[2025-08-07T17:47:57.577+0000] {processor.py:186} INFO - Started process (PID=3420) to work on /home/airflow/.local/lib/python3.12/site-packages/airflow/example_dags/example_workday_timetable.py
[2025-08-07T17:47:57.578+0000] {processor.py:914} INFO - Processing file /home/airflow/.local/lib/python3.12/site-packages/airflow/example_dags/example_workday_timetable.py for tasks to queue
[2025-08-07T17:47:57.580+0000] {logging_mixin.py:190} INFO - [2025-08-07T17:47:57.579+0000] {dagbag.py:588} INFO - Filling up the DagBag from /home/airflow/.local/lib/python3.12/site-packages/airflow/example_dags/example_workday_timetable.py
[2025-08-07T17:47:57.589+0000] {processor.py:925} INFO - DAG(s) 'example_workday_timetable' retrieved from /home/airflow/.local/lib/python3.12/site-packages/airflow/example_dags/example_workday_timetable.py
[2025-08-07T17:47:57.630+0000] {logging_mixin.py:190} INFO - [2025-08-07T17:47:57.630+0000] {dag.py:3239} INFO - Sync 1 DAGs
[2025-08-07T17:47:57.772+0000] {logging_mixin.py:190} INFO - [2025-08-07T17:47:57.772+0000] {dag.py:4180} INFO - Setting next_dagrun for example_workday_timetable to 2021-01-04 00:00:00+00:00, run_after=2021-01-05 00:00:00+00:00
[2025-08-07T17:47:57.812+0000] {processor.py:208} INFO - Processing /home/airflow/.local/lib/python3.12/site-packages/airflow/example_dags/example_workday_timetable.py took 0.245 seconds
[2025-08-07T17:48:28.072+0000] {processor.py:186} INFO - Started process (PID=3484) to work on /home/airflow/.local/lib/python3.12/site-packages/airflow/example_dags/example_workday_timetable.py
[2025-08-07T17:48:28.079+0000] {processor.py:914} INFO - Processing file /home/airflow/.local/lib/python3.12/site-packages/airflow/example_dags/example_workday_timetable.py for tasks to queue
[2025-08-07T17:48:28.081+0000] {logging_mixin.py:190} INFO - [2025-08-07T17:48:28.081+0000] {dagbag.py:588} INFO - Filling up the DagBag from /home/airflow/.local/lib/python3.12/site-packages/airflow/example_dags/example_workday_timetable.py
[2025-08-07T17:48:28.098+0000] {processor.py:925} INFO - DAG(s) 'example_workday_timetable' retrieved from /home/airflow/.local/lib/python3.12/site-packages/airflow/example_dags/example_workday_timetable.py
[2025-08-07T17:48:28.158+0000] {logging_mixin.py:190} INFO - [2025-08-07T17:48:28.153+0000] {dag.py:3239} INFO - Sync 1 DAGs
[2025-08-07T17:48:28.359+0000] {logging_mixin.py:190} INFO - [2025-08-07T17:48:28.359+0000] {dag.py:4180} INFO - Setting next_dagrun for example_workday_timetable to 2021-01-04 00:00:00+00:00, run_after=2021-01-05 00:00:00+00:00
[2025-08-07T17:48:28.422+0000] {processor.py:208} INFO - Processing /home/airflow/.local/lib/python3.12/site-packages/airflow/example_dags/example_workday_timetable.py took 0.372 seconds
[2025-08-07T17:48:59.374+0000] {processor.py:186} INFO - Started process (PID=3546) to work on /home/airflow/.local/lib/python3.12/site-packages/airflow/example_dags/example_workday_timetable.py
[2025-08-07T17:48:59.380+0000] {processor.py:914} INFO - Processing file /home/airflow/.local/lib/python3.12/site-packages/airflow/example_dags/example_workday_timetable.py for tasks to queue
[2025-08-07T17:48:59.382+0000] {logging_mixin.py:190} INFO - [2025-08-07T17:48:59.382+0000] {dagbag.py:588} INFO - Filling up the DagBag from /home/airflow/.local/lib/python3.12/site-packages/airflow/example_dags/example_workday_timetable.py
[2025-08-07T17:48:59.401+0000] {processor.py:925} INFO - DAG(s) 'example_workday_timetable' retrieved from /home/airflow/.local/lib/python3.12/site-packages/airflow/example_dags/example_workday_timetable.py
[2025-08-07T17:48:59.466+0000] {logging_mixin.py:190} INFO - [2025-08-07T17:48:59.465+0000] {dag.py:3239} INFO - Sync 1 DAGs
[2025-08-07T17:48:59.684+0000] {logging_mixin.py:190} INFO - [2025-08-07T17:48:59.683+0000] {dag.py:4180} INFO - Setting next_dagrun for example_workday_timetable to 2021-01-04 00:00:00+00:00, run_after=2021-01-05 00:00:00+00:00
[2025-08-07T17:48:59.760+0000] {processor.py:208} INFO - Processing /home/airflow/.local/lib/python3.12/site-packages/airflow/example_dags/example_workday_timetable.py took 0.405 seconds
[2025-08-07T17:49:30.597+0000] {processor.py:186} INFO - Started process (PID=3608) to work on /home/airflow/.local/lib/python3.12/site-packages/airflow/example_dags/example_workday_timetable.py
[2025-08-07T17:49:30.602+0000] {processor.py:914} INFO - Processing file /home/airflow/.local/lib/python3.12/site-packages/airflow/example_dags/example_workday_timetable.py for tasks to queue
[2025-08-07T17:49:30.605+0000] {logging_mixin.py:190} INFO - [2025-08-07T17:49:30.604+0000] {dagbag.py:588} INFO - Filling up the DagBag from /home/airflow/.local/lib/python3.12/site-packages/airflow/example_dags/example_workday_timetable.py
[2025-08-07T17:49:30.624+0000] {processor.py:925} INFO - DAG(s) 'example_workday_timetable' retrieved from /home/airflow/.local/lib/python3.12/site-packages/airflow/example_dags/example_workday_timetable.py
[2025-08-07T17:49:30.702+0000] {logging_mixin.py:190} INFO - [2025-08-07T17:49:30.702+0000] {dag.py:3239} INFO - Sync 1 DAGs
[2025-08-07T17:49:30.912+0000] {logging_mixin.py:190} INFO - [2025-08-07T17:49:30.912+0000] {dag.py:4180} INFO - Setting next_dagrun for example_workday_timetable to 2021-01-04 00:00:00+00:00, run_after=2021-01-05 00:00:00+00:00
[2025-08-07T17:49:30.995+0000] {processor.py:208} INFO - Processing /home/airflow/.local/lib/python3.12/site-packages/airflow/example_dags/example_workday_timetable.py took 0.411 seconds
[2025-08-07T17:49:53.983+0000] {processor.py:186} INFO - Started process (PID=3672) to work on /home/airflow/.local/lib/python3.12/site-packages/airflow/example_dags/example_workday_timetable.py
[2025-08-07T17:49:53.985+0000] {processor.py:914} INFO - Processing file /home/airflow/.local/lib/python3.12/site-packages/airflow/example_dags/example_workday_timetable.py for tasks to queue
[2025-08-07T17:49:53.990+0000] {logging_mixin.py:190} INFO - [2025-08-07T17:49:53.990+0000] {dagbag.py:588} INFO - Filling up the DagBag from /home/airflow/.local/lib/python3.12/site-packages/airflow/example_dags/example_workday_timetable.py
[2025-08-07T17:49:54.004+0000] {processor.py:925} INFO - DAG(s) 'example_workday_timetable' retrieved from /home/airflow/.local/lib/python3.12/site-packages/airflow/example_dags/example_workday_timetable.py
[2025-08-07T17:49:54.062+0000] {logging_mixin.py:190} INFO - [2025-08-07T17:49:54.061+0000] {dag.py:3239} INFO - Sync 1 DAGs
[2025-08-07T17:49:54.240+0000] {logging_mixin.py:190} INFO - [2025-08-07T17:49:54.240+0000] {dag.py:4180} INFO - Setting next_dagrun for example_workday_timetable to 2021-01-04 00:00:00+00:00, run_after=2021-01-05 00:00:00+00:00
[2025-08-07T17:49:54.281+0000] {processor.py:208} INFO - Processing /home/airflow/.local/lib/python3.12/site-packages/airflow/example_dags/example_workday_timetable.py took 0.310 seconds
[2025-08-07T17:50:06.818+0000] {processor.py:186} INFO - Started process (PID=3731) to work on /home/airflow/.local/lib/python3.12/site-packages/airflow/example_dags/example_workday_timetable.py
[2025-08-07T17:50:06.819+0000] {processor.py:914} INFO - Processing file /home/airflow/.local/lib/python3.12/site-packages/airflow/example_dags/example_workday_timetable.py for tasks to queue
[2025-08-07T17:50:06.825+0000] {logging_mixin.py:190} INFO - [2025-08-07T17:50:06.821+0000] {dagbag.py:588} INFO - Filling up the DagBag from /home/airflow/.local/lib/python3.12/site-packages/airflow/example_dags/example_workday_timetable.py
[2025-08-07T17:50:06.838+0000] {processor.py:925} INFO - DAG(s) 'example_workday_timetable' retrieved from /home/airflow/.local/lib/python3.12/site-packages/airflow/example_dags/example_workday_timetable.py
[2025-08-07T17:50:06.887+0000] {logging_mixin.py:190} INFO - [2025-08-07T17:50:06.887+0000] {dag.py:3239} INFO - Sync 1 DAGs
[2025-08-07T17:50:06.651+0000] {logging_mixin.py:190} INFO - [2025-08-07T17:50:06.651+0000] {dag.py:4180} INFO - Setting next_dagrun for example_workday_timetable to 2021-01-04 00:00:00+00:00, run_after=2021-01-05 00:00:00+00:00
[2025-08-07T17:50:06.698+0000] {processor.py:208} INFO - Processing /home/airflow/.local/lib/python3.12/site-packages/airflow/example_dags/example_workday_timetable.py took 0.312 seconds
[2025-08-07T17:50:38.103+0000] {processor.py:186} INFO - Started process (PID=3796) to work on /home/airflow/.local/lib/python3.12/site-packages/airflow/example_dags/example_workday_timetable.py
[2025-08-07T17:50:38.104+0000] {processor.py:914} INFO - Processing file /home/airflow/.local/lib/python3.12/site-packages/airflow/example_dags/example_workday_timetable.py for tasks to queue
[2025-08-07T17:50:38.106+0000] {logging_mixin.py:190} INFO - [2025-08-07T17:50:38.105+0000] {dagbag.py:588} INFO - Filling up the DagBag from /home/airflow/.local/lib/python3.12/site-packages/airflow/example_dags/example_workday_timetable.py
[2025-08-07T17:50:38.116+0000] {processor.py:925} INFO - DAG(s) 'example_workday_timetable' retrieved from /home/airflow/.local/lib/python3.12/site-packages/airflow/example_dags/example_workday_timetable.py
[2025-08-07T17:50:38.155+0000] {logging_mixin.py:190} INFO - [2025-08-07T17:50:38.155+0000] {dag.py:3239} INFO - Sync 1 DAGs
[2025-08-07T17:50:38.294+0000] {logging_mixin.py:190} INFO - [2025-08-07T17:50:38.294+0000] {dag.py:4180} INFO - Setting next_dagrun for example_workday_timetable to 2021-01-04 00:00:00+00:00, run_after=2021-01-05 00:00:00+00:00
[2025-08-07T17:50:38.335+0000] {processor.py:208} INFO - Processing /home/airflow/.local/lib/python3.12/site-packages/airflow/example_dags/example_workday_timetable.py took 0.241 seconds
[2025-08-07T17:51:10.309+0000] {processor.py:186} INFO - Started process (PID=3862) to work on /home/airflow/.local/lib/python3.12/site-packages/airflow/example_dags/example_workday_timetable.py
[2025-08-07T17:51:10.315+0000] {processor.py:914} INFO - Processing file /home/airflow/.local/lib/python3.12/site-packages/airflow/example_dags/example_workday_timetable.py for tasks to queue
[2025-08-07T17:51:10.316+0000] {logging_mixin.py:190} INFO - [2025-08-07T17:51:10.316+0000] {dagbag.py:588} INFO - Filling up the DagBag from /home/airflow/.local/lib/python3.12/site-packages/airflow/example_dags/example_workday_timetable.py
[2025-08-07T17:51:10.327+0000] {processor.py:925} INFO - DAG(s) 'example_workday_timetable' retrieved from /home/airflow/.local/lib/python3.12/site-packages/airflow/example_dags/example_workday_timetable.py
[2025-08-07T17:51:10.375+0000] {logging_mixin.py:190} INFO - [2025-08-07T17:51:10.375+0000] {dag.py:3239} INFO - Sync 1 DAGs
[2025-08-07T17:51:10.527+0000] {logging_mixin.py:190} INFO - [2025-08-07T17:51:10.527+0000] {dag.py:4180} INFO - Setting next_dagrun for example_workday_timetable to 2021-01-04 00:00:00+00:00, run_after=2021-01-05 00:00:00+00:00
[2025-08-07T17:51:10.569+0000] {processor.py:208} INFO - Processing /home/airflow/.local/lib/python3.12/site-packages/airflow/example_dags/example_workday_timetable.py took 0.271 seconds
[2025-08-07T17:51:43.040+0000] {processor.py:186} INFO - Started process (PID=3934) to work on /home/airflow/.local/lib/python3.12/site-packages/airflow/example_dags/example_workday_timetable.py
[2025-08-07T17:51:43.042+0000] {processor.py:914} INFO - Processing file /home/airflow/.local/lib/python3.12/site-packages/airflow/example_dags/example_workday_timetable.py for tasks to queue
[2025-08-07T17:51:43.043+0000] {logging_mixin.py:190} INFO - [2025-08-07T17:51:43.043+0000] {dagbag.py:588} INFO - Filling up the DagBag from /home/airflow/.local/lib/python3.12/site-packages/airflow/example_dags/example_workday_timetable.py
[2025-08-07T17:51:43.074+0000] {processor.py:925} INFO - DAG(s) 'example_workday_timetable' retrieved from /home/airflow/.local/lib/python3.12/site-packages/airflow/example_dags/example_workday_timetable.py
[2025-08-07T17:51:43.132+0000] {logging_mixin.py:190} INFO - [2025-08-07T17:51:43.131+0000] {dag.py:3239} INFO - Sync 1 DAGs
[2025-08-07T17:51:43.310+0000] {logging_mixin.py:190} INFO - [2025-08-07T17:51:43.309+0000] {dag.py:4180} INFO - Setting next_dagrun for example_workday_timetable to 2021-01-04 00:00:00+00:00, run_after=2021-01-05 00:00:00+00:00
[2025-08-07T17:51:43.371+0000] {processor.py:208} INFO - Processing /home/airflow/.local/lib/python3.12/site-packages/airflow/example_dags/example_workday_timetable.py took 0.347 seconds
[2025-08-07T17:52:12.011+0000] {processor.py:186} INFO - Started process (PID=3997) to work on /home/airflow/.local/lib/python3.12/site-packages/airflow/example_dags/example_workday_timetable.py
[2025-08-07T17:52:12.013+0000] {processor.py:914} INFO - Processing file /home/airflow/.local/lib/python3.12/site-packages/airflow/example_dags/example_workday_timetable.py for tasks to queue
[2025-08-07T17:52:12.020+0000] {logging_mixin.py:190} INFO - [2025-08-07T17:52:12.019+0000] {dagbag.py:588} INFO - Filling up the DagBag from /home/airflow/.local/lib/python3.12/site-packages/airflow/example_dags/example_workday_timetable.py
[2025-08-07T17:52:12.042+0000] {processor.py:925} INFO - DAG(s) 'example_workday_timetable' retrieved from /home/airflow/.local/lib/python3.12/site-packages/airflow/example_dags/example_workday_timetable.py
[2025-08-07T17:52:12.120+0000] {logging_mixin.py:190} INFO - [2025-08-07T17:52:12.119+0000] {dag.py:3239} INFO - Sync 1 DAGs
[2025-08-07T17:52:12.429+0000] {logging_mixin.py:190} INFO - [2025-08-07T17:52:12.423+0000] {dag.py:4180} INFO - Setting next_dagrun for example_workday_timetable to 2021-01-04 00:00:00+00:00, run_after=2021-01-05 00:00:00+00:00
[2025-08-07T17:52:12.524+0000] {processor.py:208} INFO - Processing /home/airflow/.local/lib/python3.12/site-packages/airflow/example_dags/example_workday_timetable.py took 0.534 seconds
[2025-08-07T17:52:32.099+0000] {processor.py:186} INFO - Started process (PID=4060) to work on /home/airflow/.local/lib/python3.12/site-packages/airflow/example_dags/example_workday_timetable.py
[2025-08-07T17:52:32.103+0000] {processor.py:914} INFO - Processing file /home/airflow/.local/lib/python3.12/site-packages/airflow/example_dags/example_workday_timetable.py for tasks to queue
[2025-08-07T17:52:32.109+0000] {logging_mixin.py:190} INFO - [2025-08-07T17:52:32.108+0000] {dagbag.py:588} INFO - Filling up the DagBag from /home/airflow/.local/lib/python3.12/site-packages/airflow/example_dags/example_workday_timetable.py
[2025-08-07T17:52:32.122+0000] {processor.py:925} INFO - DAG(s) 'example_workday_timetable' retrieved from /home/airflow/.local/lib/python3.12/site-packages/airflow/example_dags/example_workday_timetable.py
[2025-08-07T17:52:32.181+0000] {logging_mixin.py:190} INFO - [2025-08-07T17:52:32.180+0000] {dag.py:3239} INFO - Sync 1 DAGs
[2025-08-07T17:52:32.045+0000] {logging_mixin.py:190} INFO - [2025-08-07T17:52:32.045+0000] {dag.py:4180} INFO - Setting next_dagrun for example_workday_timetable to 2021-01-04 00:00:00+00:00, run_after=2021-01-05 00:00:00+00:00
[2025-08-07T17:52:32.125+0000] {processor.py:208} INFO - Processing /home/airflow/.local/lib/python3.12/site-packages/airflow/example_dags/example_workday_timetable.py took 0.460 seconds
[2025-08-07T17:53:05.045+0000] {processor.py:186} INFO - Started process (PID=4123) to work on /home/airflow/.local/lib/python3.12/site-packages/airflow/example_dags/example_workday_timetable.py
[2025-08-07T17:53:05.046+0000] {processor.py:914} INFO - Processing file /home/airflow/.local/lib/python3.12/site-packages/airflow/example_dags/example_workday_timetable.py for tasks to queue
[2025-08-07T17:53:05.048+0000] {logging_mixin.py:190} INFO - [2025-08-07T17:53:05.048+0000] {dagbag.py:588} INFO - Filling up the DagBag from /home/airflow/.local/lib/python3.12/site-packages/airflow/example_dags/example_workday_timetable.py
[2025-08-07T17:53:05.066+0000] {processor.py:925} INFO - DAG(s) 'example_workday_timetable' retrieved from /home/airflow/.local/lib/python3.12/site-packages/airflow/example_dags/example_workday_timetable.py
[2025-08-07T17:53:05.114+0000] {logging_mixin.py:190} INFO - [2025-08-07T17:53:05.114+0000] {dag.py:3239} INFO - Sync 1 DAGs
[2025-08-07T17:53:05.295+0000] {logging_mixin.py:190} INFO - [2025-08-07T17:53:05.294+0000] {dag.py:4180} INFO - Setting next_dagrun for example_workday_timetable to 2021-01-04 00:00:00+00:00, run_after=2021-01-05 00:00:00+00:00
[2025-08-07T17:53:05.345+0000] {processor.py:208} INFO - Processing /home/airflow/.local/lib/python3.12/site-packages/airflow/example_dags/example_workday_timetable.py took 0.326 seconds
[2025-08-07T17:53:33.559+0000] {processor.py:186} INFO - Started process (PID=4188) to work on /home/airflow/.local/lib/python3.12/site-packages/airflow/example_dags/example_workday_timetable.py
[2025-08-07T17:53:33.560+0000] {processor.py:914} INFO - Processing file /home/airflow/.local/lib/python3.12/site-packages/airflow/example_dags/example_workday_timetable.py for tasks to queue
[2025-08-07T17:53:33.566+0000] {logging_mixin.py:190} INFO - [2025-08-07T17:53:33.566+0000] {dagbag.py:588} INFO - Filling up the DagBag from /home/airflow/.local/lib/python3.12/site-packages/airflow/example_dags/example_workday_timetable.py
[2025-08-07T17:53:33.578+0000] {processor.py:925} INFO - DAG(s) 'example_workday_timetable' retrieved from /home/airflow/.local/lib/python3.12/site-packages/airflow/example_dags/example_workday_timetable.py
[2025-08-07T17:53:33.636+0000] {logging_mixin.py:190} INFO - [2025-08-07T17:53:33.636+0000] {dag.py:3239} INFO - Sync 1 DAGs
[2025-08-07T17:53:33.856+0000] {logging_mixin.py:190} INFO - [2025-08-07T17:53:33.856+0000] {dag.py:4180} INFO - Setting next_dagrun for example_workday_timetable to 2021-01-04 00:00:00+00:00, run_after=2021-01-05 00:00:00+00:00
[2025-08-07T17:53:33.910+0000] {processor.py:208} INFO - Processing /home/airflow/.local/lib/python3.12/site-packages/airflow/example_dags/example_workday_timetable.py took 0.363 seconds
[2025-08-07T17:53:48.883+0000] {processor.py:186} INFO - Started process (PID=4252) to work on /home/airflow/.local/lib/python3.12/site-packages/airflow/example_dags/example_workday_timetable.py
[2025-08-07T17:53:48.884+0000] {processor.py:914} INFO - Processing file /home/airflow/.local/lib/python3.12/site-packages/airflow/example_dags/example_workday_timetable.py for tasks to queue
[2025-08-07T17:53:48.891+0000] {logging_mixin.py:190} INFO - [2025-08-07T17:53:48.890+0000] {dagbag.py:588} INFO - Filling up the DagBag from /home/airflow/.local/lib/python3.12/site-packages/airflow/example_dags/example_workday_timetable.py
[2025-08-07T17:53:48.904+0000] {processor.py:925} INFO - DAG(s) 'example_workday_timetable' retrieved from /home/airflow/.local/lib/python3.12/site-packages/airflow/example_dags/example_workday_timetable.py
[2025-08-07T17:53:48.951+0000] {logging_mixin.py:190} INFO - [2025-08-07T17:53:48.951+0000] {dag.py:3239} INFO - Sync 1 DAGs
[2025-08-07T17:53:49.152+0000] {logging_mixin.py:190} INFO - [2025-08-07T17:53:49.151+0000] {dag.py:4180} INFO - Setting next_dagrun for example_workday_timetable to 2021-01-04 00:00:00+00:00, run_after=2021-01-05 00:00:00+00:00
[2025-08-07T17:53:49.221+0000] {processor.py:208} INFO - Processing /home/airflow/.local/lib/python3.12/site-packages/airflow/example_dags/example_workday_timetable.py took 0.351 seconds
[2025-08-07T17:54:03.541+0000] {processor.py:186} INFO - Started process (PID=4312) to work on /home/airflow/.local/lib/python3.12/site-packages/airflow/example_dags/example_workday_timetable.py
[2025-08-07T17:54:03.543+0000] {processor.py:914} INFO - Processing file /home/airflow/.local/lib/python3.12/site-packages/airflow/example_dags/example_workday_timetable.py for tasks to queue
[2025-08-07T17:54:03.550+0000] {logging_mixin.py:190} INFO - [2025-08-07T17:54:03.545+0000] {dagbag.py:588} INFO - Filling up the DagBag from /home/airflow/.local/lib/python3.12/site-packages/airflow/example_dags/example_workday_timetable.py
[2025-08-07T17:54:03.574+0000] {processor.py:925} INFO - DAG(s) 'example_workday_timetable' retrieved from /home/airflow/.local/lib/python3.12/site-packages/airflow/example_dags/example_workday_timetable.py
[2025-08-07T17:54:03.629+0000] {logging_mixin.py:190} INFO - [2025-08-07T17:54:03.629+0000] {dag.py:3239} INFO - Sync 1 DAGs
[2025-08-07T17:54:03.803+0000] {logging_mixin.py:190} INFO - [2025-08-07T17:54:03.803+0000] {dag.py:4180} INFO - Setting next_dagrun for example_workday_timetable to 2021-01-04 00:00:00+00:00, run_after=2021-01-05 00:00:00+00:00
[2025-08-07T17:54:03.854+0000] {processor.py:208} INFO - Processing /home/airflow/.local/lib/python3.12/site-packages/airflow/example_dags/example_workday_timetable.py took 0.344 seconds
[2025-08-07T17:54:35.274+0000] {processor.py:186} INFO - Started process (PID=4378) to work on /home/airflow/.local/lib/python3.12/site-packages/airflow/example_dags/example_workday_timetable.py
[2025-08-07T17:54:35.276+0000] {processor.py:914} INFO - Processing file /home/airflow/.local/lib/python3.12/site-packages/airflow/example_dags/example_workday_timetable.py for tasks to queue
[2025-08-07T17:54:35.282+0000] {logging_mixin.py:190} INFO - [2025-08-07T17:54:35.282+0000] {dagbag.py:588} INFO - Filling up the DagBag from /home/airflow/.local/lib/python3.12/site-packages/airflow/example_dags/example_workday_timetable.py
[2025-08-07T17:54:35.293+0000] {processor.py:925} INFO - DAG(s) 'example_workday_timetable' retrieved from /home/airflow/.local/lib/python3.12/site-packages/airflow/example_dags/example_workday_timetable.py
[2025-08-07T17:54:35.371+0000] {logging_mixin.py:190} INFO - [2025-08-07T17:54:35.366+0000] {dag.py:3239} INFO - Sync 1 DAGs
[2025-08-07T17:54:35.563+0000] {logging_mixin.py:190} INFO - [2025-08-07T17:54:35.563+0000] {dag.py:4180} INFO - Setting next_dagrun for example_workday_timetable to 2021-01-04 00:00:00+00:00, run_after=2021-01-05 00:00:00+00:00
[2025-08-07T17:54:35.662+0000] {processor.py:208} INFO - Processing /home/airflow/.local/lib/python3.12/site-packages/airflow/example_dags/example_workday_timetable.py took 0.399 seconds
[2025-08-07T17:55:08.481+0000] {processor.py:186} INFO - Started process (PID=4448) to work on /home/airflow/.local/lib/python3.12/site-packages/airflow/example_dags/example_workday_timetable.py
[2025-08-07T17:55:08.482+0000] {processor.py:914} INFO - Processing file /home/airflow/.local/lib/python3.12/site-packages/airflow/example_dags/example_workday_timetable.py for tasks to queue
[2025-08-07T17:55:08.484+0000] {logging_mixin.py:190} INFO - [2025-08-07T17:55:08.484+0000] {dagbag.py:588} INFO - Filling up the DagBag from /home/airflow/.local/lib/python3.12/site-packages/airflow/example_dags/example_workday_timetable.py
[2025-08-07T17:55:08.502+0000] {processor.py:925} INFO - DAG(s) 'example_workday_timetable' retrieved from /home/airflow/.local/lib/python3.12/site-packages/airflow/example_dags/example_workday_timetable.py
[2025-08-07T17:55:08.554+0000] {logging_mixin.py:190} INFO - [2025-08-07T17:55:08.553+0000] {dag.py:3239} INFO - Sync 1 DAGs
[2025-08-07T17:55:08.744+0000] {logging_mixin.py:190} INFO - [2025-08-07T17:55:08.744+0000] {dag.py:4180} INFO - Setting next_dagrun for example_workday_timetable to 2021-01-04 00:00:00+00:00, run_after=2021-01-05 00:00:00+00:00
[2025-08-07T17:55:08.806+0000] {processor.py:208} INFO - Processing /home/airflow/.local/lib/python3.12/site-packages/airflow/example_dags/example_workday_timetable.py took 0.342 seconds
