[2025-08-07T00:26:23.879+0000] {processor.py:186} INFO - Started process (PID=1050) to work on /home/airflow/.local/lib/python3.12/site-packages/airflow/example_dags/example_setup_teardown.py
[2025-08-07T00:26:23.881+0000] {processor.py:914} INFO - Processing file /home/airflow/.local/lib/python3.12/site-packages/airflow/example_dags/example_setup_teardown.py for tasks to queue
[2025-08-07T00:26:23.885+0000] {logging_mixin.py:190} INFO - [2025-08-07T00:26:23.885+0000] {dagbag.py:588} INFO - Filling up the DagBag from /home/airflow/.local/lib/python3.12/site-packages/airflow/example_dags/example_setup_teardown.py
[2025-08-07T00:26:23.898+0000] {processor.py:925} INFO - DAG(s) 'example_setup_teardown' retrieved from /home/airflow/.local/lib/python3.12/site-packages/airflow/example_dags/example_setup_teardown.py
[2025-08-07T00:26:23.930+0000] {logging_mixin.py:190} INFO - [2025-08-07T00:26:23.929+0000] {dag.py:3239} INFO - Sync 1 DAGs
[2025-08-07T00:26:23.969+0000] {logging_mixin.py:190} INFO - [2025-08-07T00:26:23.968+0000] {dag.py:4180} INFO - Setting next_dagrun for example_setup_teardown to None, run_after=None
[2025-08-07T00:26:24.011+0000] {processor.py:208} INFO - Processing /home/airflow/.local/lib/python3.12/site-packages/airflow/example_dags/example_setup_teardown.py took 0.145 seconds
[2025-08-07T11:29:45.572+0000] {processor.py:186} INFO - Started process (PID=1138) to work on /home/airflow/.local/lib/python3.12/site-packages/airflow/example_dags/example_setup_teardown.py
[2025-08-07T11:29:45.573+0000] {processor.py:914} INFO - Processing file /home/airflow/.local/lib/python3.12/site-packages/airflow/example_dags/example_setup_teardown.py for tasks to queue
[2025-08-07T11:29:45.575+0000] {logging_mixin.py:190} INFO - [2025-08-07T11:29:45.575+0000] {dagbag.py:588} INFO - Filling up the DagBag from /home/airflow/.local/lib/python3.12/site-packages/airflow/example_dags/example_setup_teardown.py
[2025-08-07T11:29:45.585+0000] {processor.py:925} INFO - DAG(s) 'example_setup_teardown' retrieved from /home/airflow/.local/lib/python3.12/site-packages/airflow/example_dags/example_setup_teardown.py
[2025-08-07T11:29:45.607+0000] {logging_mixin.py:190} INFO - [2025-08-07T11:29:45.607+0000] {dag.py:3239} INFO - Sync 1 DAGs
[2025-08-07T11:29:45.625+0000] {logging_mixin.py:190} INFO - [2025-08-07T11:29:45.625+0000] {dag.py:4180} INFO - Setting next_dagrun for example_setup_teardown to None, run_after=None
[2025-08-07T11:29:45.647+0000] {processor.py:208} INFO - Processing /home/airflow/.local/lib/python3.12/site-packages/airflow/example_dags/example_setup_teardown.py took 0.082 seconds
[2025-08-07T17:21:47.803+0000] {processor.py:186} INFO - Started process (PID=1216) to work on /home/airflow/.local/lib/python3.12/site-packages/airflow/example_dags/example_setup_teardown.py
[2025-08-07T17:21:47.804+0000] {processor.py:914} INFO - Processing file /home/airflow/.local/lib/python3.12/site-packages/airflow/example_dags/example_setup_teardown.py for tasks to queue
[2025-08-07T17:21:47.806+0000] {logging_mixin.py:190} INFO - [2025-08-07T17:21:47.806+0000] {dagbag.py:588} INFO - Filling up the DagBag from /home/airflow/.local/lib/python3.12/site-packages/airflow/example_dags/example_setup_teardown.py
[2025-08-07T17:21:47.815+0000] {processor.py:925} INFO - DAG(s) 'example_setup_teardown' retrieved from /home/airflow/.local/lib/python3.12/site-packages/airflow/example_dags/example_setup_teardown.py
[2025-08-07T17:21:47.841+0000] {logging_mixin.py:190} INFO - [2025-08-07T17:21:47.841+0000] {dag.py:3239} INFO - Sync 1 DAGs
[2025-08-07T17:21:47.860+0000] {logging_mixin.py:190} INFO - [2025-08-07T17:21:47.860+0000] {dag.py:4180} INFO - Setting next_dagrun for example_setup_teardown to None, run_after=None
[2025-08-07T17:21:47.903+0000] {processor.py:208} INFO - Processing /home/airflow/.local/lib/python3.12/site-packages/airflow/example_dags/example_setup_teardown.py took 0.106 seconds
[2025-08-07T17:22:18.826+0000] {processor.py:186} INFO - Started process (PID=1282) to work on /home/airflow/.local/lib/python3.12/site-packages/airflow/example_dags/example_setup_teardown.py
[2025-08-07T17:22:18.828+0000] {processor.py:914} INFO - Processing file /home/airflow/.local/lib/python3.12/site-packages/airflow/example_dags/example_setup_teardown.py for tasks to queue
[2025-08-07T17:22:18.830+0000] {logging_mixin.py:190} INFO - [2025-08-07T17:22:18.829+0000] {dagbag.py:588} INFO - Filling up the DagBag from /home/airflow/.local/lib/python3.12/site-packages/airflow/example_dags/example_setup_teardown.py
[2025-08-07T17:22:18.848+0000] {processor.py:925} INFO - DAG(s) 'example_setup_teardown' retrieved from /home/airflow/.local/lib/python3.12/site-packages/airflow/example_dags/example_setup_teardown.py
[2025-08-07T17:22:18.883+0000] {logging_mixin.py:190} INFO - [2025-08-07T17:22:18.883+0000] {dag.py:3239} INFO - Sync 1 DAGs
[2025-08-07T17:22:18.909+0000] {logging_mixin.py:190} INFO - [2025-08-07T17:22:18.909+0000] {dag.py:4180} INFO - Setting next_dagrun for example_setup_teardown to None, run_after=None
[2025-08-07T17:22:19.004+0000] {processor.py:208} INFO - Processing /home/airflow/.local/lib/python3.12/site-packages/airflow/example_dags/example_setup_teardown.py took 0.197 seconds
[2025-08-07T17:22:49.182+0000] {processor.py:186} INFO - Started process (PID=1348) to work on /home/airflow/.local/lib/python3.12/site-packages/airflow/example_dags/example_setup_teardown.py
[2025-08-07T17:22:49.184+0000] {processor.py:914} INFO - Processing file /home/airflow/.local/lib/python3.12/site-packages/airflow/example_dags/example_setup_teardown.py for tasks to queue
[2025-08-07T17:22:49.185+0000] {logging_mixin.py:190} INFO - [2025-08-07T17:22:49.184+0000] {dagbag.py:588} INFO - Filling up the DagBag from /home/airflow/.local/lib/python3.12/site-packages/airflow/example_dags/example_setup_teardown.py
[2025-08-07T17:22:49.192+0000] {processor.py:925} INFO - DAG(s) 'example_setup_teardown' retrieved from /home/airflow/.local/lib/python3.12/site-packages/airflow/example_dags/example_setup_teardown.py
[2025-08-07T17:22:49.214+0000] {logging_mixin.py:190} INFO - [2025-08-07T17:22:49.213+0000] {dag.py:3239} INFO - Sync 1 DAGs
[2025-08-07T17:22:49.229+0000] {logging_mixin.py:190} INFO - [2025-08-07T17:22:49.229+0000] {dag.py:4180} INFO - Setting next_dagrun for example_setup_teardown to None, run_after=None
[2025-08-07T17:22:49.252+0000] {processor.py:208} INFO - Processing /home/airflow/.local/lib/python3.12/site-packages/airflow/example_dags/example_setup_teardown.py took 0.075 seconds
[2025-08-07T17:23:18.783+0000] {processor.py:186} INFO - Started process (PID=1512) to work on /home/airflow/.local/lib/python3.12/site-packages/airflow/example_dags/example_setup_teardown.py
[2025-08-07T17:23:18.784+0000] {processor.py:914} INFO - Processing file /home/airflow/.local/lib/python3.12/site-packages/airflow/example_dags/example_setup_teardown.py for tasks to queue
[2025-08-07T17:23:18.785+0000] {logging_mixin.py:190} INFO - [2025-08-07T17:23:18.785+0000] {dagbag.py:588} INFO - Filling up the DagBag from /home/airflow/.local/lib/python3.12/site-packages/airflow/example_dags/example_setup_teardown.py
[2025-08-07T17:23:18.794+0000] {processor.py:925} INFO - DAG(s) 'example_setup_teardown' retrieved from /home/airflow/.local/lib/python3.12/site-packages/airflow/example_dags/example_setup_teardown.py
[2025-08-07T17:23:18.814+0000] {logging_mixin.py:190} INFO - [2025-08-07T17:23:18.814+0000] {dag.py:3239} INFO - Sync 1 DAGs
[2025-08-07T17:23:18.830+0000] {logging_mixin.py:190} INFO - [2025-08-07T17:23:18.830+0000] {dag.py:4180} INFO - Setting next_dagrun for example_setup_teardown to None, run_after=None
[2025-08-07T17:23:18.851+0000] {processor.py:208} INFO - Processing /home/airflow/.local/lib/python3.12/site-packages/airflow/example_dags/example_setup_teardown.py took 0.075 seconds
[2025-08-07T17:23:48.498+0000] {processor.py:186} INFO - Started process (PID=1576) to work on /home/airflow/.local/lib/python3.12/site-packages/airflow/example_dags/example_setup_teardown.py
[2025-08-07T17:23:48.500+0000] {processor.py:914} INFO - Processing file /home/airflow/.local/lib/python3.12/site-packages/airflow/example_dags/example_setup_teardown.py for tasks to queue
[2025-08-07T17:23:48.501+0000] {logging_mixin.py:190} INFO - [2025-08-07T17:23:48.501+0000] {dagbag.py:588} INFO - Filling up the DagBag from /home/airflow/.local/lib/python3.12/site-packages/airflow/example_dags/example_setup_teardown.py
[2025-08-07T17:23:48.512+0000] {processor.py:925} INFO - DAG(s) 'example_setup_teardown' retrieved from /home/airflow/.local/lib/python3.12/site-packages/airflow/example_dags/example_setup_teardown.py
[2025-08-07T17:23:48.536+0000] {logging_mixin.py:190} INFO - [2025-08-07T17:23:48.536+0000] {dag.py:3239} INFO - Sync 1 DAGs
[2025-08-07T17:23:48.553+0000] {logging_mixin.py:190} INFO - [2025-08-07T17:23:48.553+0000] {dag.py:4180} INFO - Setting next_dagrun for example_setup_teardown to None, run_after=None
[2025-08-07T17:23:48.578+0000] {processor.py:208} INFO - Processing /home/airflow/.local/lib/python3.12/site-packages/airflow/example_dags/example_setup_teardown.py took 0.086 seconds
[2025-08-07T17:24:04.120+0000] {processor.py:186} INFO - Started process (PID=1636) to work on /home/airflow/.local/lib/python3.12/site-packages/airflow/example_dags/example_setup_teardown.py
[2025-08-07T17:24:04.121+0000] {processor.py:914} INFO - Processing file /home/airflow/.local/lib/python3.12/site-packages/airflow/example_dags/example_setup_teardown.py for tasks to queue
[2025-08-07T17:24:04.123+0000] {logging_mixin.py:190} INFO - [2025-08-07T17:24:04.122+0000] {dagbag.py:588} INFO - Filling up the DagBag from /home/airflow/.local/lib/python3.12/site-packages/airflow/example_dags/example_setup_teardown.py
[2025-08-07T17:24:04.132+0000] {processor.py:925} INFO - DAG(s) 'example_setup_teardown' retrieved from /home/airflow/.local/lib/python3.12/site-packages/airflow/example_dags/example_setup_teardown.py
[2025-08-07T17:24:04.155+0000] {logging_mixin.py:190} INFO - [2025-08-07T17:24:04.155+0000] {dag.py:3239} INFO - Sync 1 DAGs
[2025-08-07T17:24:04.173+0000] {logging_mixin.py:190} INFO - [2025-08-07T17:24:04.172+0000] {dag.py:4180} INFO - Setting next_dagrun for example_setup_teardown to None, run_after=None
[2025-08-07T17:24:04.201+0000] {processor.py:208} INFO - Processing /home/airflow/.local/lib/python3.12/site-packages/airflow/example_dags/example_setup_teardown.py took 0.088 seconds
[2025-08-07T17:24:17.100+0000] {processor.py:186} INFO - Started process (PID=1701) to work on /home/airflow/.local/lib/python3.12/site-packages/airflow/example_dags/example_setup_teardown.py
[2025-08-07T17:24:17.102+0000] {processor.py:914} INFO - Processing file /home/airflow/.local/lib/python3.12/site-packages/airflow/example_dags/example_setup_teardown.py for tasks to queue
[2025-08-07T17:24:17.104+0000] {logging_mixin.py:190} INFO - [2025-08-07T17:24:17.103+0000] {dagbag.py:588} INFO - Filling up the DagBag from /home/airflow/.local/lib/python3.12/site-packages/airflow/example_dags/example_setup_teardown.py
[2025-08-07T17:24:17.115+0000] {processor.py:925} INFO - DAG(s) 'example_setup_teardown' retrieved from /home/airflow/.local/lib/python3.12/site-packages/airflow/example_dags/example_setup_teardown.py
[2025-08-07T17:24:17.141+0000] {logging_mixin.py:190} INFO - [2025-08-07T17:24:17.141+0000] {dag.py:3239} INFO - Sync 1 DAGs
[2025-08-07T17:24:17.158+0000] {logging_mixin.py:190} INFO - [2025-08-07T17:24:17.158+0000] {dag.py:4180} INFO - Setting next_dagrun for example_setup_teardown to None, run_after=None
[2025-08-07T17:24:17.181+0000] {processor.py:208} INFO - Processing /home/airflow/.local/lib/python3.12/site-packages/airflow/example_dags/example_setup_teardown.py took 0.088 seconds
[2025-08-07T17:24:48.633+0000] {processor.py:186} INFO - Started process (PID=1770) to work on /home/airflow/.local/lib/python3.12/site-packages/airflow/example_dags/example_setup_teardown.py
[2025-08-07T17:24:48.634+0000] {processor.py:914} INFO - Processing file /home/airflow/.local/lib/python3.12/site-packages/airflow/example_dags/example_setup_teardown.py for tasks to queue
[2025-08-07T17:24:48.636+0000] {logging_mixin.py:190} INFO - [2025-08-07T17:24:48.635+0000] {dagbag.py:588} INFO - Filling up the DagBag from /home/airflow/.local/lib/python3.12/site-packages/airflow/example_dags/example_setup_teardown.py
[2025-08-07T17:24:48.645+0000] {processor.py:925} INFO - DAG(s) 'example_setup_teardown' retrieved from /home/airflow/.local/lib/python3.12/site-packages/airflow/example_dags/example_setup_teardown.py
[2025-08-07T17:24:48.666+0000] {logging_mixin.py:190} INFO - [2025-08-07T17:24:48.666+0000] {dag.py:3239} INFO - Sync 1 DAGs
[2025-08-07T17:24:48.683+0000] {logging_mixin.py:190} INFO - [2025-08-07T17:24:48.683+0000] {dag.py:4180} INFO - Setting next_dagrun for example_setup_teardown to None, run_after=None
[2025-08-07T17:24:48.705+0000] {processor.py:208} INFO - Processing /home/airflow/.local/lib/python3.12/site-packages/airflow/example_dags/example_setup_teardown.py took 0.079 seconds
[2025-08-07T17:25:04.095+0000] {processor.py:186} INFO - Started process (PID=1828) to work on /home/airflow/.local/lib/python3.12/site-packages/airflow/example_dags/example_setup_teardown.py
[2025-08-07T17:25:04.096+0000] {processor.py:914} INFO - Processing file /home/airflow/.local/lib/python3.12/site-packages/airflow/example_dags/example_setup_teardown.py for tasks to queue
[2025-08-07T17:25:04.098+0000] {logging_mixin.py:190} INFO - [2025-08-07T17:25:04.098+0000] {dagbag.py:588} INFO - Filling up the DagBag from /home/airflow/.local/lib/python3.12/site-packages/airflow/example_dags/example_setup_teardown.py
[2025-08-07T17:25:04.107+0000] {processor.py:925} INFO - DAG(s) 'example_setup_teardown' retrieved from /home/airflow/.local/lib/python3.12/site-packages/airflow/example_dags/example_setup_teardown.py
[2025-08-07T17:25:04.131+0000] {logging_mixin.py:190} INFO - [2025-08-07T17:25:04.131+0000] {dag.py:3239} INFO - Sync 1 DAGs
[2025-08-07T17:25:04.147+0000] {logging_mixin.py:190} INFO - [2025-08-07T17:25:04.147+0000] {dag.py:4180} INFO - Setting next_dagrun for example_setup_teardown to None, run_after=None
[2025-08-07T17:25:04.172+0000] {processor.py:208} INFO - Processing /home/airflow/.local/lib/python3.12/site-packages/airflow/example_dags/example_setup_teardown.py took 0.083 seconds
[2025-08-07T17:25:17.693+0000] {processor.py:186} INFO - Started process (PID=1890) to work on /home/airflow/.local/lib/python3.12/site-packages/airflow/example_dags/example_setup_teardown.py
[2025-08-07T17:25:17.695+0000] {processor.py:914} INFO - Processing file /home/airflow/.local/lib/python3.12/site-packages/airflow/example_dags/example_setup_teardown.py for tasks to queue
[2025-08-07T17:25:17.697+0000] {logging_mixin.py:190} INFO - [2025-08-07T17:25:17.696+0000] {dagbag.py:588} INFO - Filling up the DagBag from /home/airflow/.local/lib/python3.12/site-packages/airflow/example_dags/example_setup_teardown.py
[2025-08-07T17:25:17.705+0000] {processor.py:925} INFO - DAG(s) 'example_setup_teardown' retrieved from /home/airflow/.local/lib/python3.12/site-packages/airflow/example_dags/example_setup_teardown.py
[2025-08-07T17:25:17.731+0000] {logging_mixin.py:190} INFO - [2025-08-07T17:25:17.731+0000] {dag.py:3239} INFO - Sync 1 DAGs
[2025-08-07T17:25:17.748+0000] {logging_mixin.py:190} INFO - [2025-08-07T17:25:17.748+0000] {dag.py:4180} INFO - Setting next_dagrun for example_setup_teardown to None, run_after=None
[2025-08-07T17:25:17.776+0000] {processor.py:208} INFO - Processing /home/airflow/.local/lib/python3.12/site-packages/airflow/example_dags/example_setup_teardown.py took 0.089 seconds
[2025-08-07T17:25:47.223+0000] {processor.py:186} INFO - Started process (PID=1956) to work on /home/airflow/.local/lib/python3.12/site-packages/airflow/example_dags/example_setup_teardown.py
[2025-08-07T17:25:47.225+0000] {processor.py:914} INFO - Processing file /home/airflow/.local/lib/python3.12/site-packages/airflow/example_dags/example_setup_teardown.py for tasks to queue
[2025-08-07T17:25:47.226+0000] {logging_mixin.py:190} INFO - [2025-08-07T17:25:47.226+0000] {dagbag.py:588} INFO - Filling up the DagBag from /home/airflow/.local/lib/python3.12/site-packages/airflow/example_dags/example_setup_teardown.py
[2025-08-07T17:25:47.240+0000] {processor.py:925} INFO - DAG(s) 'example_setup_teardown' retrieved from /home/airflow/.local/lib/python3.12/site-packages/airflow/example_dags/example_setup_teardown.py
[2025-08-07T17:25:47.265+0000] {logging_mixin.py:190} INFO - [2025-08-07T17:25:47.265+0000] {dag.py:3239} INFO - Sync 1 DAGs
[2025-08-07T17:25:47.291+0000] {logging_mixin.py:190} INFO - [2025-08-07T17:25:47.291+0000] {dag.py:4180} INFO - Setting next_dagrun for example_setup_teardown to None, run_after=None
[2025-08-07T17:25:47.317+0000] {processor.py:208} INFO - Processing /home/airflow/.local/lib/python3.12/site-packages/airflow/example_dags/example_setup_teardown.py took 0.101 seconds
[2025-08-07T17:26:18.300+0000] {processor.py:186} INFO - Started process (PID=2020) to work on /home/airflow/.local/lib/python3.12/site-packages/airflow/example_dags/example_setup_teardown.py
[2025-08-07T17:26:18.301+0000] {processor.py:914} INFO - Processing file /home/airflow/.local/lib/python3.12/site-packages/airflow/example_dags/example_setup_teardown.py for tasks to queue
[2025-08-07T17:26:18.303+0000] {logging_mixin.py:190} INFO - [2025-08-07T17:26:18.303+0000] {dagbag.py:588} INFO - Filling up the DagBag from /home/airflow/.local/lib/python3.12/site-packages/airflow/example_dags/example_setup_teardown.py
[2025-08-07T17:26:18.312+0000] {processor.py:925} INFO - DAG(s) 'example_setup_teardown' retrieved from /home/airflow/.local/lib/python3.12/site-packages/airflow/example_dags/example_setup_teardown.py
[2025-08-07T17:27:31.902+0000] {logging_mixin.py:190} INFO - [2025-08-07T17:27:31.901+0000] {dag.py:3239} INFO - Sync 1 DAGs
[2025-08-07T17:27:31.920+0000] {logging_mixin.py:190} INFO - [2025-08-07T17:27:31.919+0000] {dag.py:4180} INFO - Setting next_dagrun for example_setup_teardown to None, run_after=None
[2025-08-07T17:26:18.379+0000] {processor.py:208} INFO - Processing /home/airflow/.local/lib/python3.12/site-packages/airflow/example_dags/example_setup_teardown.py took 0.088 seconds
[2025-08-07T17:26:49.145+0000] {processor.py:186} INFO - Started process (PID=2083) to work on /home/airflow/.local/lib/python3.12/site-packages/airflow/example_dags/example_setup_teardown.py
[2025-08-07T17:26:49.147+0000] {processor.py:914} INFO - Processing file /home/airflow/.local/lib/python3.12/site-packages/airflow/example_dags/example_setup_teardown.py for tasks to queue
[2025-08-07T17:26:49.148+0000] {logging_mixin.py:190} INFO - [2025-08-07T17:26:49.148+0000] {dagbag.py:588} INFO - Filling up the DagBag from /home/airflow/.local/lib/python3.12/site-packages/airflow/example_dags/example_setup_teardown.py
[2025-08-07T17:26:49.158+0000] {processor.py:925} INFO - DAG(s) 'example_setup_teardown' retrieved from /home/airflow/.local/lib/python3.12/site-packages/airflow/example_dags/example_setup_teardown.py
[2025-08-07T17:26:49.186+0000] {logging_mixin.py:190} INFO - [2025-08-07T17:26:49.185+0000] {dag.py:3239} INFO - Sync 1 DAGs
[2025-08-07T17:26:49.206+0000] {logging_mixin.py:190} INFO - [2025-08-07T17:26:49.205+0000] {dag.py:4180} INFO - Setting next_dagrun for example_setup_teardown to None, run_after=None
[2025-08-07T17:26:49.236+0000] {processor.py:208} INFO - Processing /home/airflow/.local/lib/python3.12/site-packages/airflow/example_dags/example_setup_teardown.py took 0.096 seconds
[2025-08-07T17:26:58.801+0000] {processor.py:186} INFO - Started process (PID=2141) to work on /home/airflow/.local/lib/python3.12/site-packages/airflow/example_dags/example_setup_teardown.py
[2025-08-07T17:26:58.802+0000] {processor.py:914} INFO - Processing file /home/airflow/.local/lib/python3.12/site-packages/airflow/example_dags/example_setup_teardown.py for tasks to queue
[2025-08-07T17:26:58.803+0000] {logging_mixin.py:190} INFO - [2025-08-07T17:26:58.803+0000] {dagbag.py:588} INFO - Filling up the DagBag from /home/airflow/.local/lib/python3.12/site-packages/airflow/example_dags/example_setup_teardown.py
[2025-08-07T17:26:58.812+0000] {processor.py:925} INFO - DAG(s) 'example_setup_teardown' retrieved from /home/airflow/.local/lib/python3.12/site-packages/airflow/example_dags/example_setup_teardown.py
[2025-08-07T17:26:58.836+0000] {logging_mixin.py:190} INFO - [2025-08-07T17:26:58.836+0000] {dag.py:3239} INFO - Sync 1 DAGs
[2025-08-07T17:26:58.853+0000] {logging_mixin.py:190} INFO - [2025-08-07T17:26:58.853+0000] {dag.py:4180} INFO - Setting next_dagrun for example_setup_teardown to None, run_after=None
[2025-08-07T17:26:58.878+0000] {processor.py:208} INFO - Processing /home/airflow/.local/lib/python3.12/site-packages/airflow/example_dags/example_setup_teardown.py took 0.082 seconds
[2025-08-07T17:27:30.688+0000] {processor.py:186} INFO - Started process (PID=2205) to work on /home/airflow/.local/lib/python3.12/site-packages/airflow/example_dags/example_setup_teardown.py
[2025-08-07T17:27:30.689+0000] {processor.py:914} INFO - Processing file /home/airflow/.local/lib/python3.12/site-packages/airflow/example_dags/example_setup_teardown.py for tasks to queue
[2025-08-07T17:27:30.691+0000] {logging_mixin.py:190} INFO - [2025-08-07T17:27:30.691+0000] {dagbag.py:588} INFO - Filling up the DagBag from /home/airflow/.local/lib/python3.12/site-packages/airflow/example_dags/example_setup_teardown.py
[2025-08-07T17:27:30.701+0000] {processor.py:925} INFO - DAG(s) 'example_setup_teardown' retrieved from /home/airflow/.local/lib/python3.12/site-packages/airflow/example_dags/example_setup_teardown.py
[2025-08-07T17:27:30.727+0000] {logging_mixin.py:190} INFO - [2025-08-07T17:27:30.727+0000] {dag.py:3239} INFO - Sync 1 DAGs
[2025-08-07T17:27:30.750+0000] {logging_mixin.py:190} INFO - [2025-08-07T17:27:30.750+0000] {dag.py:4180} INFO - Setting next_dagrun for example_setup_teardown to None, run_after=None
[2025-08-07T17:27:30.778+0000] {processor.py:208} INFO - Processing /home/airflow/.local/lib/python3.12/site-packages/airflow/example_dags/example_setup_teardown.py took 0.099 seconds
[2025-08-07T17:27:59.819+0000] {processor.py:186} INFO - Started process (PID=2271) to work on /home/airflow/.local/lib/python3.12/site-packages/airflow/example_dags/example_setup_teardown.py
[2025-08-07T17:27:59.820+0000] {processor.py:914} INFO - Processing file /home/airflow/.local/lib/python3.12/site-packages/airflow/example_dags/example_setup_teardown.py for tasks to queue
[2025-08-07T17:27:59.821+0000] {logging_mixin.py:190} INFO - [2025-08-07T17:27:59.821+0000] {dagbag.py:588} INFO - Filling up the DagBag from /home/airflow/.local/lib/python3.12/site-packages/airflow/example_dags/example_setup_teardown.py
[2025-08-07T17:27:59.832+0000] {processor.py:925} INFO - DAG(s) 'example_setup_teardown' retrieved from /home/airflow/.local/lib/python3.12/site-packages/airflow/example_dags/example_setup_teardown.py
[2025-08-07T17:27:59.856+0000] {logging_mixin.py:190} INFO - [2025-08-07T17:27:59.856+0000] {dag.py:3239} INFO - Sync 1 DAGs
[2025-08-07T17:27:59.879+0000] {logging_mixin.py:190} INFO - [2025-08-07T17:27:59.879+0000] {dag.py:4180} INFO - Setting next_dagrun for example_setup_teardown to None, run_after=None
[2025-08-07T17:27:59.905+0000] {processor.py:208} INFO - Processing /home/airflow/.local/lib/python3.12/site-packages/airflow/example_dags/example_setup_teardown.py took 0.093 seconds
[2025-08-07T17:28:30.687+0000] {processor.py:186} INFO - Started process (PID=2335) to work on /home/airflow/.local/lib/python3.12/site-packages/airflow/example_dags/example_setup_teardown.py
[2025-08-07T17:28:30.688+0000] {processor.py:914} INFO - Processing file /home/airflow/.local/lib/python3.12/site-packages/airflow/example_dags/example_setup_teardown.py for tasks to queue
[2025-08-07T17:28:30.690+0000] {logging_mixin.py:190} INFO - [2025-08-07T17:28:30.689+0000] {dagbag.py:588} INFO - Filling up the DagBag from /home/airflow/.local/lib/python3.12/site-packages/airflow/example_dags/example_setup_teardown.py
[2025-08-07T17:28:30.699+0000] {processor.py:925} INFO - DAG(s) 'example_setup_teardown' retrieved from /home/airflow/.local/lib/python3.12/site-packages/airflow/example_dags/example_setup_teardown.py
[2025-08-07T17:28:30.730+0000] {logging_mixin.py:190} INFO - [2025-08-07T17:28:30.730+0000] {dag.py:3239} INFO - Sync 1 DAGs
[2025-08-07T17:28:30.748+0000] {logging_mixin.py:190} INFO - [2025-08-07T17:28:30.748+0000] {dag.py:4180} INFO - Setting next_dagrun for example_setup_teardown to None, run_after=None
[2025-08-07T17:28:30.775+0000] {processor.py:208} INFO - Processing /home/airflow/.local/lib/python3.12/site-packages/airflow/example_dags/example_setup_teardown.py took 0.094 seconds
[2025-08-07T17:28:41.420+0000] {processor.py:186} INFO - Started process (PID=2400) to work on /home/airflow/.local/lib/python3.12/site-packages/airflow/example_dags/example_setup_teardown.py
[2025-08-07T17:28:41.421+0000] {processor.py:914} INFO - Processing file /home/airflow/.local/lib/python3.12/site-packages/airflow/example_dags/example_setup_teardown.py for tasks to queue
[2025-08-07T17:28:41.424+0000] {logging_mixin.py:190} INFO - [2025-08-07T17:28:41.424+0000] {dagbag.py:588} INFO - Filling up the DagBag from /home/airflow/.local/lib/python3.12/site-packages/airflow/example_dags/example_setup_teardown.py
[2025-08-07T17:28:41.436+0000] {processor.py:925} INFO - DAG(s) 'example_setup_teardown' retrieved from /home/airflow/.local/lib/python3.12/site-packages/airflow/example_dags/example_setup_teardown.py
[2025-08-07T17:28:41.461+0000] {logging_mixin.py:190} INFO - [2025-08-07T17:28:41.461+0000] {dag.py:3239} INFO - Sync 1 DAGs
[2025-08-07T17:28:41.487+0000] {logging_mixin.py:190} INFO - [2025-08-07T17:28:41.486+0000] {dag.py:4180} INFO - Setting next_dagrun for example_setup_teardown to None, run_after=None
[2025-08-07T17:28:41.517+0000] {processor.py:208} INFO - Processing /home/airflow/.local/lib/python3.12/site-packages/airflow/example_dags/example_setup_teardown.py took 0.106 seconds
[2025-08-07T17:29:12.907+0000] {processor.py:186} INFO - Started process (PID=2466) to work on /home/airflow/.local/lib/python3.12/site-packages/airflow/example_dags/example_setup_teardown.py
[2025-08-07T17:29:12.918+0000] {processor.py:914} INFO - Processing file /home/airflow/.local/lib/python3.12/site-packages/airflow/example_dags/example_setup_teardown.py for tasks to queue
[2025-08-07T17:29:12.921+0000] {logging_mixin.py:190} INFO - [2025-08-07T17:29:12.920+0000] {dagbag.py:588} INFO - Filling up the DagBag from /home/airflow/.local/lib/python3.12/site-packages/airflow/example_dags/example_setup_teardown.py
[2025-08-07T17:29:12.941+0000] {processor.py:925} INFO - DAG(s) 'example_setup_teardown' retrieved from /home/airflow/.local/lib/python3.12/site-packages/airflow/example_dags/example_setup_teardown.py
[2025-08-07T17:29:12.989+0000] {logging_mixin.py:190} INFO - [2025-08-07T17:29:12.987+0000] {dag.py:3239} INFO - Sync 1 DAGs
[2025-08-07T17:29:13.023+0000] {logging_mixin.py:190} INFO - [2025-08-07T17:29:13.023+0000] {dag.py:4180} INFO - Setting next_dagrun for example_setup_teardown to None, run_after=None
[2025-08-07T17:29:13.054+0000] {processor.py:208} INFO - Processing /home/airflow/.local/lib/python3.12/site-packages/airflow/example_dags/example_setup_teardown.py took 0.160 seconds
[2025-08-07T17:29:19.938+0000] {processor.py:186} INFO - Started process (PID=2524) to work on /home/airflow/.local/lib/python3.12/site-packages/airflow/example_dags/example_setup_teardown.py
[2025-08-07T17:29:19.939+0000] {processor.py:914} INFO - Processing file /home/airflow/.local/lib/python3.12/site-packages/airflow/example_dags/example_setup_teardown.py for tasks to queue
[2025-08-07T17:29:19.940+0000] {logging_mixin.py:190} INFO - [2025-08-07T17:29:19.940+0000] {dagbag.py:588} INFO - Filling up the DagBag from /home/airflow/.local/lib/python3.12/site-packages/airflow/example_dags/example_setup_teardown.py
[2025-08-07T17:29:19.949+0000] {processor.py:925} INFO - DAG(s) 'example_setup_teardown' retrieved from /home/airflow/.local/lib/python3.12/site-packages/airflow/example_dags/example_setup_teardown.py
[2025-08-07T17:29:19.973+0000] {logging_mixin.py:190} INFO - [2025-08-07T17:29:19.973+0000] {dag.py:3239} INFO - Sync 1 DAGs
[2025-08-07T17:29:19.990+0000] {logging_mixin.py:190} INFO - [2025-08-07T17:29:19.989+0000] {dag.py:4180} INFO - Setting next_dagrun for example_setup_teardown to None, run_after=None
[2025-08-07T17:29:20.017+0000] {processor.py:208} INFO - Processing /home/airflow/.local/lib/python3.12/site-packages/airflow/example_dags/example_setup_teardown.py took 0.084 seconds
[2025-08-07T17:29:51.365+0000] {processor.py:186} INFO - Started process (PID=2588) to work on /home/airflow/.local/lib/python3.12/site-packages/airflow/example_dags/example_setup_teardown.py
[2025-08-07T17:29:51.367+0000] {processor.py:914} INFO - Processing file /home/airflow/.local/lib/python3.12/site-packages/airflow/example_dags/example_setup_teardown.py for tasks to queue
[2025-08-07T17:29:51.369+0000] {logging_mixin.py:190} INFO - [2025-08-07T17:29:51.368+0000] {dagbag.py:588} INFO - Filling up the DagBag from /home/airflow/.local/lib/python3.12/site-packages/airflow/example_dags/example_setup_teardown.py
[2025-08-07T17:29:51.379+0000] {processor.py:925} INFO - DAG(s) 'example_setup_teardown' retrieved from /home/airflow/.local/lib/python3.12/site-packages/airflow/example_dags/example_setup_teardown.py
[2025-08-07T17:29:51.406+0000] {logging_mixin.py:190} INFO - [2025-08-07T17:29:51.406+0000] {dag.py:3239} INFO - Sync 1 DAGs
[2025-08-07T17:29:51.425+0000] {logging_mixin.py:190} INFO - [2025-08-07T17:29:51.425+0000] {dag.py:4180} INFO - Setting next_dagrun for example_setup_teardown to None, run_after=None
[2025-08-07T17:29:51.453+0000] {processor.py:208} INFO - Processing /home/airflow/.local/lib/python3.12/site-packages/airflow/example_dags/example_setup_teardown.py took 0.096 seconds
[2025-08-07T17:30:22.961+0000] {processor.py:186} INFO - Started process (PID=2652) to work on /home/airflow/.local/lib/python3.12/site-packages/airflow/example_dags/example_setup_teardown.py
[2025-08-07T17:30:22.963+0000] {processor.py:914} INFO - Processing file /home/airflow/.local/lib/python3.12/site-packages/airflow/example_dags/example_setup_teardown.py for tasks to queue
[2025-08-07T17:30:22.968+0000] {logging_mixin.py:190} INFO - [2025-08-07T17:30:22.967+0000] {dagbag.py:588} INFO - Filling up the DagBag from /home/airflow/.local/lib/python3.12/site-packages/airflow/example_dags/example_setup_teardown.py
[2025-08-07T17:30:22.985+0000] {processor.py:925} INFO - DAG(s) 'example_setup_teardown' retrieved from /home/airflow/.local/lib/python3.12/site-packages/airflow/example_dags/example_setup_teardown.py
[2025-08-07T17:30:23.032+0000] {logging_mixin.py:190} INFO - [2025-08-07T17:30:23.031+0000] {dag.py:3239} INFO - Sync 1 DAGs
[2025-08-07T17:30:23.070+0000] {logging_mixin.py:190} INFO - [2025-08-07T17:30:23.069+0000] {dag.py:4180} INFO - Setting next_dagrun for example_setup_teardown to None, run_after=None
[2025-08-07T17:30:23.115+0000] {processor.py:208} INFO - Processing /home/airflow/.local/lib/python3.12/site-packages/airflow/example_dags/example_setup_teardown.py took 0.162 seconds
[2025-08-07T17:42:41.818+0000] {processor.py:186} INFO - Started process (PID=2730) to work on /home/airflow/.local/lib/python3.12/site-packages/airflow/example_dags/example_setup_teardown.py
[2025-08-07T17:42:41.823+0000] {processor.py:914} INFO - Processing file /home/airflow/.local/lib/python3.12/site-packages/airflow/example_dags/example_setup_teardown.py for tasks to queue
[2025-08-07T17:42:41.825+0000] {logging_mixin.py:190} INFO - [2025-08-07T17:42:41.825+0000] {dagbag.py:588} INFO - Filling up the DagBag from /home/airflow/.local/lib/python3.12/site-packages/airflow/example_dags/example_setup_teardown.py
[2025-08-07T17:42:41.844+0000] {processor.py:925} INFO - DAG(s) 'example_setup_teardown' retrieved from /home/airflow/.local/lib/python3.12/site-packages/airflow/example_dags/example_setup_teardown.py
[2025-08-07T17:42:41.884+0000] {logging_mixin.py:190} INFO - [2025-08-07T17:42:41.883+0000] {dag.py:3239} INFO - Sync 1 DAGs
[2025-08-07T17:42:41.934+0000] {logging_mixin.py:190} INFO - [2025-08-07T17:42:41.933+0000] {dag.py:4180} INFO - Setting next_dagrun for example_setup_teardown to None, run_after=None
[2025-08-07T17:42:42.027+0000] {processor.py:208} INFO - Processing /home/airflow/.local/lib/python3.12/site-packages/airflow/example_dags/example_setup_teardown.py took 0.220 seconds
[2025-08-07T17:43:13.808+0000] {processor.py:186} INFO - Started process (PID=2794) to work on /home/airflow/.local/lib/python3.12/site-packages/airflow/example_dags/example_setup_teardown.py
[2025-08-07T17:43:13.809+0000] {processor.py:914} INFO - Processing file /home/airflow/.local/lib/python3.12/site-packages/airflow/example_dags/example_setup_teardown.py for tasks to queue
[2025-08-07T17:43:13.810+0000] {logging_mixin.py:190} INFO - [2025-08-07T17:43:13.810+0000] {dagbag.py:588} INFO - Filling up the DagBag from /home/airflow/.local/lib/python3.12/site-packages/airflow/example_dags/example_setup_teardown.py
[2025-08-07T17:43:13.821+0000] {processor.py:925} INFO - DAG(s) 'example_setup_teardown' retrieved from /home/airflow/.local/lib/python3.12/site-packages/airflow/example_dags/example_setup_teardown.py
[2025-08-07T17:43:13.861+0000] {logging_mixin.py:190} INFO - [2025-08-07T17:43:13.861+0000] {dag.py:3239} INFO - Sync 1 DAGs
[2025-08-07T17:43:13.889+0000] {logging_mixin.py:190} INFO - [2025-08-07T17:43:13.888+0000] {dag.py:4180} INFO - Setting next_dagrun for example_setup_teardown to None, run_after=None
[2025-08-07T17:43:13.962+0000] {processor.py:208} INFO - Processing /home/airflow/.local/lib/python3.12/site-packages/airflow/example_dags/example_setup_teardown.py took 0.169 seconds
[2025-08-07T17:43:33.591+0000] {processor.py:186} INFO - Started process (PID=2860) to work on /home/airflow/.local/lib/python3.12/site-packages/airflow/example_dags/example_setup_teardown.py
[2025-08-07T17:43:33.592+0000] {processor.py:914} INFO - Processing file /home/airflow/.local/lib/python3.12/site-packages/airflow/example_dags/example_setup_teardown.py for tasks to queue
[2025-08-07T17:43:33.597+0000] {logging_mixin.py:190} INFO - [2025-08-07T17:43:33.597+0000] {dagbag.py:588} INFO - Filling up the DagBag from /home/airflow/.local/lib/python3.12/site-packages/airflow/example_dags/example_setup_teardown.py
[2025-08-07T17:43:33.613+0000] {processor.py:925} INFO - DAG(s) 'example_setup_teardown' retrieved from /home/airflow/.local/lib/python3.12/site-packages/airflow/example_dags/example_setup_teardown.py
[2025-08-07T17:43:33.670+0000] {logging_mixin.py:190} INFO - [2025-08-07T17:43:33.670+0000] {dag.py:3239} INFO - Sync 1 DAGs
[2025-08-07T17:43:33.707+0000] {logging_mixin.py:190} INFO - [2025-08-07T17:43:33.703+0000] {dag.py:4180} INFO - Setting next_dagrun for example_setup_teardown to None, run_after=None
[2025-08-07T17:43:33.742+0000] {processor.py:208} INFO - Processing /home/airflow/.local/lib/python3.12/site-packages/airflow/example_dags/example_setup_teardown.py took 0.166 seconds
[2025-08-07T17:43:51.789+0000] {processor.py:186} INFO - Started process (PID=2920) to work on /home/airflow/.local/lib/python3.12/site-packages/airflow/example_dags/example_setup_teardown.py
[2025-08-07T17:43:51.796+0000] {processor.py:914} INFO - Processing file /home/airflow/.local/lib/python3.12/site-packages/airflow/example_dags/example_setup_teardown.py for tasks to queue
[2025-08-07T17:43:51.798+0000] {logging_mixin.py:190} INFO - [2025-08-07T17:43:51.797+0000] {dagbag.py:588} INFO - Filling up the DagBag from /home/airflow/.local/lib/python3.12/site-packages/airflow/example_dags/example_setup_teardown.py
[2025-08-07T17:43:51.818+0000] {processor.py:925} INFO - DAG(s) 'example_setup_teardown' retrieved from /home/airflow/.local/lib/python3.12/site-packages/airflow/example_dags/example_setup_teardown.py
[2025-08-07T17:43:51.860+0000] {logging_mixin.py:190} INFO - [2025-08-07T17:43:51.860+0000] {dag.py:3239} INFO - Sync 1 DAGs
[2025-08-07T17:43:52.296+0000] {logging_mixin.py:190} INFO - [2025-08-07T17:43:52.296+0000] {dag.py:4180} INFO - Setting next_dagrun for example_setup_teardown to None, run_after=None
[2025-08-07T17:43:52.329+0000] {processor.py:208} INFO - Processing /home/airflow/.local/lib/python3.12/site-packages/airflow/example_dags/example_setup_teardown.py took 0.551 seconds
[2025-08-07T17:44:25.756+0000] {processor.py:186} INFO - Started process (PID=2992) to work on /home/airflow/.local/lib/python3.12/site-packages/airflow/example_dags/example_setup_teardown.py
[2025-08-07T17:44:25.757+0000] {processor.py:914} INFO - Processing file /home/airflow/.local/lib/python3.12/site-packages/airflow/example_dags/example_setup_teardown.py for tasks to queue
[2025-08-07T17:44:25.765+0000] {logging_mixin.py:190} INFO - [2025-08-07T17:44:25.761+0000] {dagbag.py:588} INFO - Filling up the DagBag from /home/airflow/.local/lib/python3.12/site-packages/airflow/example_dags/example_setup_teardown.py
[2025-08-07T17:44:25.779+0000] {processor.py:925} INFO - DAG(s) 'example_setup_teardown' retrieved from /home/airflow/.local/lib/python3.12/site-packages/airflow/example_dags/example_setup_teardown.py
[2025-08-07T17:44:25.819+0000] {logging_mixin.py:190} INFO - [2025-08-07T17:44:25.818+0000] {dag.py:3239} INFO - Sync 1 DAGs
[2025-08-07T17:44:26.085+0000] {logging_mixin.py:190} INFO - [2025-08-07T17:44:26.085+0000] {dag.py:4180} INFO - Setting next_dagrun for example_setup_teardown to None, run_after=None
[2025-08-07T17:44:26.117+0000] {processor.py:208} INFO - Processing /home/airflow/.local/lib/python3.12/site-packages/airflow/example_dags/example_setup_teardown.py took 0.379 seconds
[2025-08-07T17:44:58.371+0000] {processor.py:186} INFO - Started process (PID=3058) to work on /home/airflow/.local/lib/python3.12/site-packages/airflow/example_dags/example_setup_teardown.py
[2025-08-07T17:44:58.372+0000] {processor.py:914} INFO - Processing file /home/airflow/.local/lib/python3.12/site-packages/airflow/example_dags/example_setup_teardown.py for tasks to queue
[2025-08-07T17:44:58.378+0000] {logging_mixin.py:190} INFO - [2025-08-07T17:44:58.378+0000] {dagbag.py:588} INFO - Filling up the DagBag from /home/airflow/.local/lib/python3.12/site-packages/airflow/example_dags/example_setup_teardown.py
[2025-08-07T17:44:58.402+0000] {processor.py:925} INFO - DAG(s) 'example_setup_teardown' retrieved from /home/airflow/.local/lib/python3.12/site-packages/airflow/example_dags/example_setup_teardown.py
[2025-08-07T17:44:58.447+0000] {logging_mixin.py:190} INFO - [2025-08-07T17:44:58.447+0000] {dag.py:3239} INFO - Sync 1 DAGs
[2025-08-07T17:44:58.747+0000] {logging_mixin.py:190} INFO - [2025-08-07T17:44:58.743+0000] {dag.py:4180} INFO - Setting next_dagrun for example_setup_teardown to None, run_after=None
[2025-08-07T17:44:58.799+0000] {processor.py:208} INFO - Processing /home/airflow/.local/lib/python3.12/site-packages/airflow/example_dags/example_setup_teardown.py took 0.440 seconds
[2025-08-07T17:45:30.542+0000] {processor.py:186} INFO - Started process (PID=3123) to work on /home/airflow/.local/lib/python3.12/site-packages/airflow/example_dags/example_setup_teardown.py
[2025-08-07T17:45:30.551+0000] {processor.py:914} INFO - Processing file /home/airflow/.local/lib/python3.12/site-packages/airflow/example_dags/example_setup_teardown.py for tasks to queue
[2025-08-07T17:45:30.557+0000] {logging_mixin.py:190} INFO - [2025-08-07T17:45:30.556+0000] {dagbag.py:588} INFO - Filling up the DagBag from /home/airflow/.local/lib/python3.12/site-packages/airflow/example_dags/example_setup_teardown.py
[2025-08-07T17:45:30.580+0000] {processor.py:925} INFO - DAG(s) 'example_setup_teardown' retrieved from /home/airflow/.local/lib/python3.12/site-packages/airflow/example_dags/example_setup_teardown.py
[2025-08-07T17:45:30.632+0000] {logging_mixin.py:190} INFO - [2025-08-07T17:45:30.631+0000] {dag.py:3239} INFO - Sync 1 DAGs
[2025-08-07T17:45:30.957+0000] {logging_mixin.py:190} INFO - [2025-08-07T17:45:30.957+0000] {dag.py:4180} INFO - Setting next_dagrun for example_setup_teardown to None, run_after=None
[2025-08-07T17:45:30.999+0000] {processor.py:208} INFO - Processing /home/airflow/.local/lib/python3.12/site-packages/airflow/example_dags/example_setup_teardown.py took 0.481 seconds
[2025-08-07T17:47:15.172+0000] {processor.py:186} INFO - Started process (PID=3323) to work on /home/airflow/.local/lib/python3.12/site-packages/airflow/example_dags/example_setup_teardown.py
[2025-08-07T17:47:15.173+0000] {processor.py:914} INFO - Processing file /home/airflow/.local/lib/python3.12/site-packages/airflow/example_dags/example_setup_teardown.py for tasks to queue
[2025-08-07T17:47:15.179+0000] {logging_mixin.py:190} INFO - [2025-08-07T17:47:15.175+0000] {dagbag.py:588} INFO - Filling up the DagBag from /home/airflow/.local/lib/python3.12/site-packages/airflow/example_dags/example_setup_teardown.py
[2025-08-07T17:47:15.210+0000] {processor.py:925} INFO - DAG(s) 'example_setup_teardown' retrieved from /home/airflow/.local/lib/python3.12/site-packages/airflow/example_dags/example_setup_teardown.py
[2025-08-07T17:47:15.252+0000] {logging_mixin.py:190} INFO - [2025-08-07T17:47:15.252+0000] {dag.py:3239} INFO - Sync 1 DAGs
[2025-08-07T17:47:15.293+0000] {logging_mixin.py:190} INFO - [2025-08-07T17:47:15.293+0000] {dag.py:4180} INFO - Setting next_dagrun for example_setup_teardown to None, run_after=None
[2025-08-07T17:47:15.342+0000] {processor.py:208} INFO - Processing /home/airflow/.local/lib/python3.12/site-packages/airflow/example_dags/example_setup_teardown.py took 0.192 seconds
[2025-08-07T17:47:45.830+0000] {processor.py:186} INFO - Started process (PID=3388) to work on /home/airflow/.local/lib/python3.12/site-packages/airflow/example_dags/example_setup_teardown.py
[2025-08-07T17:47:45.831+0000] {processor.py:914} INFO - Processing file /home/airflow/.local/lib/python3.12/site-packages/airflow/example_dags/example_setup_teardown.py for tasks to queue
[2025-08-07T17:47:45.833+0000] {logging_mixin.py:190} INFO - [2025-08-07T17:47:45.832+0000] {dagbag.py:588} INFO - Filling up the DagBag from /home/airflow/.local/lib/python3.12/site-packages/airflow/example_dags/example_setup_teardown.py
[2025-08-07T17:47:45.851+0000] {processor.py:925} INFO - DAG(s) 'example_setup_teardown' retrieved from /home/airflow/.local/lib/python3.12/site-packages/airflow/example_dags/example_setup_teardown.py
[2025-08-07T17:47:45.892+0000] {logging_mixin.py:190} INFO - [2025-08-07T17:47:45.891+0000] {dag.py:3239} INFO - Sync 1 DAGs
[2025-08-07T17:47:45.933+0000] {logging_mixin.py:190} INFO - [2025-08-07T17:47:45.933+0000] {dag.py:4180} INFO - Setting next_dagrun for example_setup_teardown to None, run_after=None
[2025-08-07T17:47:46.010+0000] {processor.py:208} INFO - Processing /home/airflow/.local/lib/python3.12/site-packages/airflow/example_dags/example_setup_teardown.py took 0.190 seconds
[2025-08-07T17:48:16.822+0000] {processor.py:186} INFO - Started process (PID=3454) to work on /home/airflow/.local/lib/python3.12/site-packages/airflow/example_dags/example_setup_teardown.py
[2025-08-07T17:48:16.828+0000] {processor.py:914} INFO - Processing file /home/airflow/.local/lib/python3.12/site-packages/airflow/example_dags/example_setup_teardown.py for tasks to queue
[2025-08-07T17:48:16.829+0000] {logging_mixin.py:190} INFO - [2025-08-07T17:48:16.829+0000] {dagbag.py:588} INFO - Filling up the DagBag from /home/airflow/.local/lib/python3.12/site-packages/airflow/example_dags/example_setup_teardown.py
[2025-08-07T17:48:16.842+0000] {processor.py:925} INFO - DAG(s) 'example_setup_teardown' retrieved from /home/airflow/.local/lib/python3.12/site-packages/airflow/example_dags/example_setup_teardown.py
[2025-08-07T17:48:16.889+0000] {logging_mixin.py:190} INFO - [2025-08-07T17:48:16.889+0000] {dag.py:3239} INFO - Sync 1 DAGs
[2025-08-07T17:48:16.918+0000] {logging_mixin.py:190} INFO - [2025-08-07T17:48:16.918+0000] {dag.py:4180} INFO - Setting next_dagrun for example_setup_teardown to None, run_after=None
[2025-08-07T17:48:16.959+0000] {processor.py:208} INFO - Processing /home/airflow/.local/lib/python3.12/site-packages/airflow/example_dags/example_setup_teardown.py took 0.142 seconds
[2025-08-07T17:48:47.258+0000] {processor.py:186} INFO - Started process (PID=3516) to work on /home/airflow/.local/lib/python3.12/site-packages/airflow/example_dags/example_setup_teardown.py
[2025-08-07T17:48:47.260+0000] {processor.py:914} INFO - Processing file /home/airflow/.local/lib/python3.12/site-packages/airflow/example_dags/example_setup_teardown.py for tasks to queue
[2025-08-07T17:48:47.262+0000] {logging_mixin.py:190} INFO - [2025-08-07T17:48:47.262+0000] {dagbag.py:588} INFO - Filling up the DagBag from /home/airflow/.local/lib/python3.12/site-packages/airflow/example_dags/example_setup_teardown.py
[2025-08-07T17:48:47.284+0000] {processor.py:925} INFO - DAG(s) 'example_setup_teardown' retrieved from /home/airflow/.local/lib/python3.12/site-packages/airflow/example_dags/example_setup_teardown.py
[2025-08-07T17:48:47.340+0000] {logging_mixin.py:190} INFO - [2025-08-07T17:48:47.339+0000] {dag.py:3239} INFO - Sync 1 DAGs
[2025-08-07T17:48:47.383+0000] {logging_mixin.py:190} INFO - [2025-08-07T17:48:47.382+0000] {dag.py:4180} INFO - Setting next_dagrun for example_setup_teardown to None, run_after=None
[2025-08-07T17:50:00.930+0000] {processor.py:208} INFO - Processing /home/airflow/.local/lib/python3.12/site-packages/airflow/example_dags/example_setup_teardown.py took 0.210 seconds
[2025-08-07T17:49:57.768+0000] {processor.py:186} INFO - Started process (PID=3698) to work on /home/airflow/.local/lib/python3.12/site-packages/airflow/example_dags/example_setup_teardown.py
[2025-08-07T17:49:57.769+0000] {processor.py:914} INFO - Processing file /home/airflow/.local/lib/python3.12/site-packages/airflow/example_dags/example_setup_teardown.py for tasks to queue
[2025-08-07T17:49:57.775+0000] {logging_mixin.py:190} INFO - [2025-08-07T17:49:57.775+0000] {dagbag.py:588} INFO - Filling up the DagBag from /home/airflow/.local/lib/python3.12/site-packages/airflow/example_dags/example_setup_teardown.py
[2025-08-07T17:49:57.790+0000] {processor.py:925} INFO - DAG(s) 'example_setup_teardown' retrieved from /home/airflow/.local/lib/python3.12/site-packages/airflow/example_dags/example_setup_teardown.py
[2025-08-07T17:49:58.025+0000] {logging_mixin.py:190} INFO - [2025-08-07T17:49:58.025+0000] {dag.py:3239} INFO - Sync 1 DAGs
[2025-08-07T17:49:58.054+0000] {logging_mixin.py:190} INFO - [2025-08-07T17:49:58.054+0000] {dag.py:4180} INFO - Setting next_dagrun for example_setup_teardown to None, run_after=None
[2025-08-07T17:49:58.097+0000] {processor.py:208} INFO - Processing /home/airflow/.local/lib/python3.12/site-packages/airflow/example_dags/example_setup_teardown.py took 0.340 seconds
[2025-08-07T17:50:13.471+0000] {processor.py:186} INFO - Started process (PID=3758) to work on /home/airflow/.local/lib/python3.12/site-packages/airflow/example_dags/example_setup_teardown.py
[2025-08-07T17:50:13.477+0000] {processor.py:914} INFO - Processing file /home/airflow/.local/lib/python3.12/site-packages/airflow/example_dags/example_setup_teardown.py for tasks to queue
[2025-08-07T17:50:13.480+0000] {logging_mixin.py:190} INFO - [2025-08-07T17:50:13.479+0000] {dagbag.py:588} INFO - Filling up the DagBag from /home/airflow/.local/lib/python3.12/site-packages/airflow/example_dags/example_setup_teardown.py
[2025-08-07T17:50:13.518+0000] {processor.py:925} INFO - DAG(s) 'example_setup_teardown' retrieved from /home/airflow/.local/lib/python3.12/site-packages/airflow/example_dags/example_setup_teardown.py
[2025-08-07T17:50:13.556+0000] {logging_mixin.py:190} INFO - [2025-08-07T17:50:13.556+0000] {dag.py:3239} INFO - Sync 1 DAGs
[2025-08-07T17:50:13.606+0000] {logging_mixin.py:190} INFO - [2025-08-07T17:50:13.601+0000] {dag.py:4180} INFO - Setting next_dagrun for example_setup_teardown to None, run_after=None
[2025-08-07T17:50:13.660+0000] {processor.py:208} INFO - Processing /home/airflow/.local/lib/python3.12/site-packages/airflow/example_dags/example_setup_teardown.py took 0.229 seconds
[2025-08-07T17:50:44.368+0000] {processor.py:186} INFO - Started process (PID=3829) to work on /home/airflow/.local/lib/python3.12/site-packages/airflow/example_dags/example_setup_teardown.py
[2025-08-07T17:50:44.370+0000] {processor.py:914} INFO - Processing file /home/airflow/.local/lib/python3.12/site-packages/airflow/example_dags/example_setup_teardown.py for tasks to queue
[2025-08-07T17:50:44.376+0000] {logging_mixin.py:190} INFO - [2025-08-07T17:50:44.375+0000] {dagbag.py:588} INFO - Filling up the DagBag from /home/airflow/.local/lib/python3.12/site-packages/airflow/example_dags/example_setup_teardown.py
[2025-08-07T17:50:44.397+0000] {processor.py:925} INFO - DAG(s) 'example_setup_teardown' retrieved from /home/airflow/.local/lib/python3.12/site-packages/airflow/example_dags/example_setup_teardown.py
[2025-08-07T17:50:44.469+0000] {logging_mixin.py:190} INFO - [2025-08-07T17:50:44.469+0000] {dag.py:3239} INFO - Sync 1 DAGs
[2025-08-07T17:50:44.549+0000] {logging_mixin.py:190} INFO - [2025-08-07T17:50:44.549+0000] {dag.py:4180} INFO - Setting next_dagrun for example_setup_teardown to None, run_after=None
[2025-08-07T17:50:44.618+0000] {processor.py:208} INFO - Processing /home/airflow/.local/lib/python3.12/site-packages/airflow/example_dags/example_setup_teardown.py took 0.262 seconds
[2025-08-07T17:51:15.763+0000] {processor.py:186} INFO - Started process (PID=3895) to work on /home/airflow/.local/lib/python3.12/site-packages/airflow/example_dags/example_setup_teardown.py
[2025-08-07T17:51:15.764+0000] {processor.py:914} INFO - Processing file /home/airflow/.local/lib/python3.12/site-packages/airflow/example_dags/example_setup_teardown.py for tasks to queue
[2025-08-07T17:51:15.770+0000] {logging_mixin.py:190} INFO - [2025-08-07T17:51:15.770+0000] {dagbag.py:588} INFO - Filling up the DagBag from /home/airflow/.local/lib/python3.12/site-packages/airflow/example_dags/example_setup_teardown.py
[2025-08-07T17:51:15.784+0000] {processor.py:925} INFO - DAG(s) 'example_setup_teardown' retrieved from /home/airflow/.local/lib/python3.12/site-packages/airflow/example_dags/example_setup_teardown.py
[2025-08-07T17:51:15.834+0000] {logging_mixin.py:190} INFO - [2025-08-07T17:51:15.833+0000] {dag.py:3239} INFO - Sync 1 DAGs
[2025-08-07T17:51:15.870+0000] {logging_mixin.py:190} INFO - [2025-08-07T17:51:15.870+0000] {dag.py:4180} INFO - Setting next_dagrun for example_setup_teardown to None, run_after=None
[2025-08-07T17:51:15.911+0000] {processor.py:208} INFO - Processing /home/airflow/.local/lib/python3.12/site-packages/airflow/example_dags/example_setup_teardown.py took 0.159 seconds
[2025-08-07T17:51:47.745+0000] {processor.py:186} INFO - Started process (PID=3961) to work on /home/airflow/.local/lib/python3.12/site-packages/airflow/example_dags/example_setup_teardown.py
[2025-08-07T17:51:47.747+0000] {processor.py:914} INFO - Processing file /home/airflow/.local/lib/python3.12/site-packages/airflow/example_dags/example_setup_teardown.py for tasks to queue
[2025-08-07T17:51:47.753+0000] {logging_mixin.py:190} INFO - [2025-08-07T17:51:47.753+0000] {dagbag.py:588} INFO - Filling up the DagBag from /home/airflow/.local/lib/python3.12/site-packages/airflow/example_dags/example_setup_teardown.py
[2025-08-07T17:51:47.782+0000] {processor.py:925} INFO - DAG(s) 'example_setup_teardown' retrieved from /home/airflow/.local/lib/python3.12/site-packages/airflow/example_dags/example_setup_teardown.py
[2025-08-07T17:51:47.835+0000] {logging_mixin.py:190} INFO - [2025-08-07T17:51:47.834+0000] {dag.py:3239} INFO - Sync 1 DAGs
[2025-08-07T17:51:47.874+0000] {logging_mixin.py:190} INFO - [2025-08-07T17:51:47.874+0000] {dag.py:4180} INFO - Setting next_dagrun for example_setup_teardown to None, run_after=None
[2025-08-07T17:51:47.926+0000] {processor.py:208} INFO - Processing /home/airflow/.local/lib/python3.12/site-packages/airflow/example_dags/example_setup_teardown.py took 0.194 seconds
[2025-08-07T17:52:17.805+0000] {processor.py:186} INFO - Started process (PID=4028) to work on /home/airflow/.local/lib/python3.12/site-packages/airflow/example_dags/example_setup_teardown.py
[2025-08-07T17:52:17.811+0000] {processor.py:914} INFO - Processing file /home/airflow/.local/lib/python3.12/site-packages/airflow/example_dags/example_setup_teardown.py for tasks to queue
[2025-08-07T17:52:17.813+0000] {logging_mixin.py:190} INFO - [2025-08-07T17:52:17.812+0000] {dagbag.py:588} INFO - Filling up the DagBag from /home/airflow/.local/lib/python3.12/site-packages/airflow/example_dags/example_setup_teardown.py
[2025-08-07T17:52:17.841+0000] {processor.py:925} INFO - DAG(s) 'example_setup_teardown' retrieved from /home/airflow/.local/lib/python3.12/site-packages/airflow/example_dags/example_setup_teardown.py
[2025-08-07T17:52:17.922+0000] {logging_mixin.py:190} INFO - [2025-08-07T17:52:17.921+0000] {dag.py:3239} INFO - Sync 1 DAGs
[2025-08-07T17:52:17.982+0000] {logging_mixin.py:190} INFO - [2025-08-07T17:52:17.982+0000] {dag.py:4180} INFO - Setting next_dagrun for example_setup_teardown to None, run_after=None
[2025-08-07T17:52:18.034+0000] {processor.py:208} INFO - Processing /home/airflow/.local/lib/python3.12/site-packages/airflow/example_dags/example_setup_teardown.py took 0.248 seconds
[2025-08-07T17:52:37.002+0000] {processor.py:186} INFO - Started process (PID=4087) to work on /home/airflow/.local/lib/python3.12/site-packages/airflow/example_dags/example_setup_teardown.py
[2025-08-07T17:52:37.003+0000] {processor.py:914} INFO - Processing file /home/airflow/.local/lib/python3.12/site-packages/airflow/example_dags/example_setup_teardown.py for tasks to queue
[2025-08-07T17:52:37.005+0000] {logging_mixin.py:190} INFO - [2025-08-07T17:52:37.004+0000] {dagbag.py:588} INFO - Filling up the DagBag from /home/airflow/.local/lib/python3.12/site-packages/airflow/example_dags/example_setup_teardown.py
[2025-08-07T17:52:37.024+0000] {processor.py:925} INFO - DAG(s) 'example_setup_teardown' retrieved from /home/airflow/.local/lib/python3.12/site-packages/airflow/example_dags/example_setup_teardown.py
[2025-08-07T17:52:37.082+0000] {logging_mixin.py:190} INFO - [2025-08-07T17:52:37.082+0000] {dag.py:3239} INFO - Sync 1 DAGs
[2025-08-07T17:52:37.135+0000] {logging_mixin.py:190} INFO - [2025-08-07T17:52:37.135+0000] {dag.py:4180} INFO - Setting next_dagrun for example_setup_teardown to None, run_after=None
[2025-08-07T17:52:37.203+0000] {processor.py:208} INFO - Processing /home/airflow/.local/lib/python3.12/site-packages/airflow/example_dags/example_setup_teardown.py took 0.212 seconds
[2025-08-07T17:53:09.594+0000] {processor.py:186} INFO - Started process (PID=4150) to work on /home/airflow/.local/lib/python3.12/site-packages/airflow/example_dags/example_setup_teardown.py
[2025-08-07T17:53:09.595+0000] {processor.py:914} INFO - Processing file /home/airflow/.local/lib/python3.12/site-packages/airflow/example_dags/example_setup_teardown.py for tasks to queue
[2025-08-07T17:53:09.597+0000] {logging_mixin.py:190} INFO - [2025-08-07T17:53:09.596+0000] {dagbag.py:588} INFO - Filling up the DagBag from /home/airflow/.local/lib/python3.12/site-packages/airflow/example_dags/example_setup_teardown.py
[2025-08-07T17:53:09.616+0000] {processor.py:925} INFO - DAG(s) 'example_setup_teardown' retrieved from /home/airflow/.local/lib/python3.12/site-packages/airflow/example_dags/example_setup_teardown.py
[2025-08-07T17:53:09.664+0000] {logging_mixin.py:190} INFO - [2025-08-07T17:53:09.664+0000] {dag.py:3239} INFO - Sync 1 DAGs
[2025-08-07T17:53:09.696+0000] {logging_mixin.py:190} INFO - [2025-08-07T17:53:09.696+0000] {dag.py:4180} INFO - Setting next_dagrun for example_setup_teardown to None, run_after=None
[2025-08-07T17:53:09.755+0000] {processor.py:208} INFO - Processing /home/airflow/.local/lib/python3.12/site-packages/airflow/example_dags/example_setup_teardown.py took 0.172 seconds
[2025-08-07T17:53:38.997+0000] {processor.py:186} INFO - Started process (PID=4213) to work on /home/airflow/.local/lib/python3.12/site-packages/airflow/example_dags/example_setup_teardown.py
[2025-08-07T17:53:39.003+0000] {processor.py:914} INFO - Processing file /home/airflow/.local/lib/python3.12/site-packages/airflow/example_dags/example_setup_teardown.py for tasks to queue
[2025-08-07T17:53:39.013+0000] {logging_mixin.py:190} INFO - [2025-08-07T17:53:39.012+0000] {dagbag.py:588} INFO - Filling up the DagBag from /home/airflow/.local/lib/python3.12/site-packages/airflow/example_dags/example_setup_teardown.py
[2025-08-07T17:53:39.045+0000] {processor.py:925} INFO - DAG(s) 'example_setup_teardown' retrieved from /home/airflow/.local/lib/python3.12/site-packages/airflow/example_dags/example_setup_teardown.py
[2025-08-07T17:53:39.095+0000] {logging_mixin.py:190} INFO - [2025-08-07T17:53:39.095+0000] {dag.py:3239} INFO - Sync 1 DAGs
[2025-08-07T17:53:39.143+0000] {logging_mixin.py:190} INFO - [2025-08-07T17:53:39.143+0000] {dag.py:4180} INFO - Setting next_dagrun for example_setup_teardown to None, run_after=None
[2025-08-07T17:53:39.193+0000] {processor.py:208} INFO - Processing /home/airflow/.local/lib/python3.12/site-packages/airflow/example_dags/example_setup_teardown.py took 0.209 seconds
[2025-08-07T17:53:54.840+0000] {processor.py:186} INFO - Started process (PID=4279) to work on /home/airflow/.local/lib/python3.12/site-packages/airflow/example_dags/example_setup_teardown.py
[2025-08-07T17:53:54.867+0000] {processor.py:914} INFO - Processing file /home/airflow/.local/lib/python3.12/site-packages/airflow/example_dags/example_setup_teardown.py for tasks to queue
[2025-08-07T17:53:54.877+0000] {logging_mixin.py:190} INFO - [2025-08-07T17:53:54.871+0000] {dagbag.py:588} INFO - Filling up the DagBag from /home/airflow/.local/lib/python3.12/site-packages/airflow/example_dags/example_setup_teardown.py
[2025-08-07T17:53:54.909+0000] {processor.py:925} INFO - DAG(s) 'example_setup_teardown' retrieved from /home/airflow/.local/lib/python3.12/site-packages/airflow/example_dags/example_setup_teardown.py
[2025-08-07T17:53:54.969+0000] {logging_mixin.py:190} INFO - [2025-08-07T17:53:54.968+0000] {dag.py:3239} INFO - Sync 1 DAGs
[2025-08-07T17:53:55.020+0000] {logging_mixin.py:190} INFO - [2025-08-07T17:53:55.019+0000] {dag.py:4180} INFO - Setting next_dagrun for example_setup_teardown to None, run_after=None
[2025-08-07T17:53:55.109+0000] {processor.py:208} INFO - Processing /home/airflow/.local/lib/python3.12/site-packages/airflow/example_dags/example_setup_teardown.py took 0.310 seconds
[2025-08-07T17:54:08.485+0000] {processor.py:186} INFO - Started process (PID=4339) to work on /home/airflow/.local/lib/python3.12/site-packages/airflow/example_dags/example_setup_teardown.py
[2025-08-07T17:54:08.487+0000] {processor.py:914} INFO - Processing file /home/airflow/.local/lib/python3.12/site-packages/airflow/example_dags/example_setup_teardown.py for tasks to queue
[2025-08-07T17:54:08.494+0000] {logging_mixin.py:190} INFO - [2025-08-07T17:54:08.493+0000] {dagbag.py:588} INFO - Filling up the DagBag from /home/airflow/.local/lib/python3.12/site-packages/airflow/example_dags/example_setup_teardown.py
[2025-08-07T17:54:08.517+0000] {processor.py:925} INFO - DAG(s) 'example_setup_teardown' retrieved from /home/airflow/.local/lib/python3.12/site-packages/airflow/example_dags/example_setup_teardown.py
[2025-08-07T17:54:08.593+0000] {logging_mixin.py:190} INFO - [2025-08-07T17:54:08.588+0000] {dag.py:3239} INFO - Sync 1 DAGs
[2025-08-07T17:54:08.635+0000] {logging_mixin.py:190} INFO - [2025-08-07T17:54:08.635+0000] {dag.py:4180} INFO - Setting next_dagrun for example_setup_teardown to None, run_after=None
[2025-08-07T17:54:08.696+0000] {processor.py:208} INFO - Processing /home/airflow/.local/lib/python3.12/site-packages/airflow/example_dags/example_setup_teardown.py took 0.229 seconds
[2025-08-07T17:54:40.261+0000] {processor.py:186} INFO - Started process (PID=4409) to work on /home/airflow/.local/lib/python3.12/site-packages/airflow/example_dags/example_setup_teardown.py
[2025-08-07T17:54:40.262+0000] {processor.py:914} INFO - Processing file /home/airflow/.local/lib/python3.12/site-packages/airflow/example_dags/example_setup_teardown.py for tasks to queue
[2025-08-07T17:54:40.264+0000] {logging_mixin.py:190} INFO - [2025-08-07T17:54:40.264+0000] {dagbag.py:588} INFO - Filling up the DagBag from /home/airflow/.local/lib/python3.12/site-packages/airflow/example_dags/example_setup_teardown.py
[2025-08-07T17:54:40.292+0000] {processor.py:925} INFO - DAG(s) 'example_setup_teardown' retrieved from /home/airflow/.local/lib/python3.12/site-packages/airflow/example_dags/example_setup_teardown.py
[2025-08-07T17:54:40.341+0000] {logging_mixin.py:190} INFO - [2025-08-07T17:54:40.341+0000] {dag.py:3239} INFO - Sync 1 DAGs
[2025-08-07T17:54:40.375+0000] {logging_mixin.py:190} INFO - [2025-08-07T17:54:40.374+0000] {dag.py:4180} INFO - Setting next_dagrun for example_setup_teardown to None, run_after=None
[2025-08-07T17:54:40.425+0000] {processor.py:208} INFO - Processing /home/airflow/.local/lib/python3.12/site-packages/airflow/example_dags/example_setup_teardown.py took 0.181 seconds
[2025-08-07T17:55:14.055+0000] {processor.py:186} INFO - Started process (PID=4473) to work on /home/airflow/.local/lib/python3.12/site-packages/airflow/example_dags/example_setup_teardown.py
[2025-08-07T17:55:14.056+0000] {processor.py:914} INFO - Processing file /home/airflow/.local/lib/python3.12/site-packages/airflow/example_dags/example_setup_teardown.py for tasks to queue
[2025-08-07T17:55:14.058+0000] {logging_mixin.py:190} INFO - [2025-08-07T17:55:14.057+0000] {dagbag.py:588} INFO - Filling up the DagBag from /home/airflow/.local/lib/python3.12/site-packages/airflow/example_dags/example_setup_teardown.py
[2025-08-07T17:55:14.078+0000] {processor.py:925} INFO - DAG(s) 'example_setup_teardown' retrieved from /home/airflow/.local/lib/python3.12/site-packages/airflow/example_dags/example_setup_teardown.py
[2025-08-07T17:55:14.135+0000] {logging_mixin.py:190} INFO - [2025-08-07T17:55:14.135+0000] {dag.py:3239} INFO - Sync 1 DAGs
[2025-08-07T17:55:14.178+0000] {logging_mixin.py:190} INFO - [2025-08-07T17:55:14.178+0000] {dag.py:4180} INFO - Setting next_dagrun for example_setup_teardown to None, run_after=None
[2025-08-07T17:55:14.237+0000] {processor.py:208} INFO - Processing /home/airflow/.local/lib/python3.12/site-packages/airflow/example_dags/example_setup_teardown.py took 0.199 seconds
