[2025-08-07T00:26:23.078+0000] {processor.py:186} INFO - Started process (PID=1041) to work on /home/airflow/.local/lib/python3.12/site-packages/airflow/example_dags/example_nested_branch_dag.py
[2025-08-07T00:26:23.080+0000] {processor.py:914} INFO - Processing file /home/airflow/.local/lib/python3.12/site-packages/airflow/example_dags/example_nested_branch_dag.py for tasks to queue
[2025-08-07T00:26:23.082+0000] {logging_mixin.py:190} INFO - [2025-08-07T00:26:23.082+0000] {dagbag.py:588} INFO - Filling up the DagBag from /home/airflow/.local/lib/python3.12/site-packages/airflow/example_dags/example_nested_branch_dag.py
[2025-08-07T00:26:23.102+0000] {processor.py:925} INFO - DAG(s) 'example_nested_branch_dag' retrieved from /home/airflow/.local/lib/python3.12/site-packages/airflow/example_dags/example_nested_branch_dag.py
[2025-08-07T00:26:23.139+0000] {logging_mixin.py:190} INFO - [2025-08-07T00:26:23.138+0000] {dag.py:3239} INFO - Sync 1 DAGs
[2025-08-07T00:26:23.192+0000] {logging_mixin.py:190} INFO - [2025-08-07T00:26:23.192+0000] {dag.py:4180} INFO - Setting next_dagrun for example_nested_branch_dag to 2025-08-06 00:00:00+00:00, run_after=2025-08-07 00:00:00+00:00
[2025-08-07T00:26:23.222+0000] {processor.py:208} INFO - Processing /home/airflow/.local/lib/python3.12/site-packages/airflow/example_dags/example_nested_branch_dag.py took 0.152 seconds
[2025-08-07T11:29:44.946+0000] {processor.py:186} INFO - Started process (PID=1129) to work on /home/airflow/.local/lib/python3.12/site-packages/airflow/example_dags/example_nested_branch_dag.py
[2025-08-07T11:29:44.947+0000] {processor.py:914} INFO - Processing file /home/airflow/.local/lib/python3.12/site-packages/airflow/example_dags/example_nested_branch_dag.py for tasks to queue
[2025-08-07T11:29:44.949+0000] {logging_mixin.py:190} INFO - [2025-08-07T11:29:44.949+0000] {dagbag.py:588} INFO - Filling up the DagBag from /home/airflow/.local/lib/python3.12/site-packages/airflow/example_dags/example_nested_branch_dag.py
[2025-08-07T11:29:44.962+0000] {processor.py:925} INFO - DAG(s) 'example_nested_branch_dag' retrieved from /home/airflow/.local/lib/python3.12/site-packages/airflow/example_dags/example_nested_branch_dag.py
[2025-08-07T11:29:44.987+0000] {logging_mixin.py:190} INFO - [2025-08-07T11:29:44.987+0000] {dag.py:3239} INFO - Sync 1 DAGs
[2025-08-07T11:29:45.015+0000] {logging_mixin.py:190} INFO - [2025-08-07T11:29:45.014+0000] {dag.py:4180} INFO - Setting next_dagrun for example_nested_branch_dag to 2025-08-06 00:00:00+00:00, run_after=2025-08-07 00:00:00+00:00
[2025-08-07T11:29:45.038+0000] {processor.py:208} INFO - Processing /home/airflow/.local/lib/python3.12/site-packages/airflow/example_dags/example_nested_branch_dag.py took 0.100 seconds
[2025-08-07T17:21:46.822+0000] {processor.py:186} INFO - Started process (PID=1207) to work on /home/airflow/.local/lib/python3.12/site-packages/airflow/example_dags/example_nested_branch_dag.py
[2025-08-07T17:21:46.824+0000] {processor.py:914} INFO - Processing file /home/airflow/.local/lib/python3.12/site-packages/airflow/example_dags/example_nested_branch_dag.py for tasks to queue
[2025-08-07T17:21:46.828+0000] {logging_mixin.py:190} INFO - [2025-08-07T17:21:46.827+0000] {dagbag.py:588} INFO - Filling up the DagBag from /home/airflow/.local/lib/python3.12/site-packages/airflow/example_dags/example_nested_branch_dag.py
[2025-08-07T17:21:46.849+0000] {processor.py:925} INFO - DAG(s) 'example_nested_branch_dag' retrieved from /home/airflow/.local/lib/python3.12/site-packages/airflow/example_dags/example_nested_branch_dag.py
[2025-08-07T17:21:46.883+0000] {logging_mixin.py:190} INFO - [2025-08-07T17:21:46.882+0000] {dag.py:3239} INFO - Sync 1 DAGs
[2025-08-07T17:21:46.958+0000] {logging_mixin.py:190} INFO - [2025-08-07T17:21:46.958+0000] {dag.py:4180} INFO - Setting next_dagrun for example_nested_branch_dag to 2025-08-06 00:00:00+00:00, run_after=2025-08-07 00:00:00+00:00
[2025-08-07T17:21:46.992+0000] {processor.py:208} INFO - Processing /home/airflow/.local/lib/python3.12/site-packages/airflow/example_dags/example_nested_branch_dag.py took 0.180 seconds
[2025-08-07T17:22:17.142+0000] {processor.py:186} INFO - Started process (PID=1273) to work on /home/airflow/.local/lib/python3.12/site-packages/airflow/example_dags/example_nested_branch_dag.py
[2025-08-07T17:22:17.143+0000] {processor.py:914} INFO - Processing file /home/airflow/.local/lib/python3.12/site-packages/airflow/example_dags/example_nested_branch_dag.py for tasks to queue
[2025-08-07T17:22:17.146+0000] {logging_mixin.py:190} INFO - [2025-08-07T17:22:17.145+0000] {dagbag.py:588} INFO - Filling up the DagBag from /home/airflow/.local/lib/python3.12/site-packages/airflow/example_dags/example_nested_branch_dag.py
[2025-08-07T17:22:17.162+0000] {processor.py:925} INFO - DAG(s) 'example_nested_branch_dag' retrieved from /home/airflow/.local/lib/python3.12/site-packages/airflow/example_dags/example_nested_branch_dag.py
[2025-08-07T17:22:17.191+0000] {logging_mixin.py:190} INFO - [2025-08-07T17:22:17.190+0000] {dag.py:3239} INFO - Sync 1 DAGs
[2025-08-07T17:22:17.223+0000] {logging_mixin.py:190} INFO - [2025-08-07T17:22:17.223+0000] {dag.py:4180} INFO - Setting next_dagrun for example_nested_branch_dag to 2025-08-06 00:00:00+00:00, run_after=2025-08-07 00:00:00+00:00
[2025-08-07T17:22:17.249+0000] {processor.py:208} INFO - Processing /home/airflow/.local/lib/python3.12/site-packages/airflow/example_dags/example_nested_branch_dag.py took 0.115 seconds
[2025-08-07T17:22:48.571+0000] {processor.py:186} INFO - Started process (PID=1339) to work on /home/airflow/.local/lib/python3.12/site-packages/airflow/example_dags/example_nested_branch_dag.py
[2025-08-07T17:22:48.572+0000] {processor.py:914} INFO - Processing file /home/airflow/.local/lib/python3.12/site-packages/airflow/example_dags/example_nested_branch_dag.py for tasks to queue
[2025-08-07T17:22:48.574+0000] {logging_mixin.py:190} INFO - [2025-08-07T17:22:48.574+0000] {dagbag.py:588} INFO - Filling up the DagBag from /home/airflow/.local/lib/python3.12/site-packages/airflow/example_dags/example_nested_branch_dag.py
[2025-08-07T17:22:48.588+0000] {processor.py:925} INFO - DAG(s) 'example_nested_branch_dag' retrieved from /home/airflow/.local/lib/python3.12/site-packages/airflow/example_dags/example_nested_branch_dag.py
[2025-08-07T17:22:48.614+0000] {logging_mixin.py:190} INFO - [2025-08-07T17:22:48.613+0000] {dag.py:3239} INFO - Sync 1 DAGs
[2025-08-07T17:22:48.646+0000] {logging_mixin.py:190} INFO - [2025-08-07T17:22:48.646+0000] {dag.py:4180} INFO - Setting next_dagrun for example_nested_branch_dag to 2025-08-06 00:00:00+00:00, run_after=2025-08-07 00:00:00+00:00
[2025-08-07T17:22:48.669+0000] {processor.py:208} INFO - Processing /home/airflow/.local/lib/python3.12/site-packages/airflow/example_dags/example_nested_branch_dag.py took 0.104 seconds
[2025-08-07T17:23:18.094+0000] {processor.py:186} INFO - Started process (PID=1503) to work on /home/airflow/.local/lib/python3.12/site-packages/airflow/example_dags/example_nested_branch_dag.py
[2025-08-07T17:23:18.095+0000] {processor.py:914} INFO - Processing file /home/airflow/.local/lib/python3.12/site-packages/airflow/example_dags/example_nested_branch_dag.py for tasks to queue
[2025-08-07T17:23:18.096+0000] {logging_mixin.py:190} INFO - [2025-08-07T17:23:18.096+0000] {dagbag.py:588} INFO - Filling up the DagBag from /home/airflow/.local/lib/python3.12/site-packages/airflow/example_dags/example_nested_branch_dag.py
[2025-08-07T17:23:18.110+0000] {processor.py:925} INFO - DAG(s) 'example_nested_branch_dag' retrieved from /home/airflow/.local/lib/python3.12/site-packages/airflow/example_dags/example_nested_branch_dag.py
[2025-08-07T17:23:18.135+0000] {logging_mixin.py:190} INFO - [2025-08-07T17:23:18.135+0000] {dag.py:3239} INFO - Sync 1 DAGs
[2025-08-07T17:23:18.161+0000] {logging_mixin.py:190} INFO - [2025-08-07T17:23:18.161+0000] {dag.py:4180} INFO - Setting next_dagrun for example_nested_branch_dag to 2025-08-06 00:00:00+00:00, run_after=2025-08-07 00:00:00+00:00
[2025-08-07T17:23:18.185+0000] {processor.py:208} INFO - Processing /home/airflow/.local/lib/python3.12/site-packages/airflow/example_dags/example_nested_branch_dag.py took 0.099 seconds
[2025-08-07T17:23:47.920+0000] {processor.py:186} INFO - Started process (PID=1567) to work on /home/airflow/.local/lib/python3.12/site-packages/airflow/example_dags/example_nested_branch_dag.py
[2025-08-07T17:23:47.922+0000] {processor.py:914} INFO - Processing file /home/airflow/.local/lib/python3.12/site-packages/airflow/example_dags/example_nested_branch_dag.py for tasks to queue
[2025-08-07T17:23:47.923+0000] {logging_mixin.py:190} INFO - [2025-08-07T17:23:47.923+0000] {dagbag.py:588} INFO - Filling up the DagBag from /home/airflow/.local/lib/python3.12/site-packages/airflow/example_dags/example_nested_branch_dag.py
[2025-08-07T17:23:47.936+0000] {processor.py:925} INFO - DAG(s) 'example_nested_branch_dag' retrieved from /home/airflow/.local/lib/python3.12/site-packages/airflow/example_dags/example_nested_branch_dag.py
[2025-08-07T17:23:47.962+0000] {logging_mixin.py:190} INFO - [2025-08-07T17:23:47.962+0000] {dag.py:3239} INFO - Sync 1 DAGs
[2025-08-07T17:23:47.990+0000] {logging_mixin.py:190} INFO - [2025-08-07T17:23:47.989+0000] {dag.py:4180} INFO - Setting next_dagrun for example_nested_branch_dag to 2025-08-06 00:00:00+00:00, run_after=2025-08-07 00:00:00+00:00
[2025-08-07T17:23:48.017+0000] {processor.py:208} INFO - Processing /home/airflow/.local/lib/python3.12/site-packages/airflow/example_dags/example_nested_branch_dag.py took 0.102 seconds
[2025-08-07T17:24:03.471+0000] {processor.py:186} INFO - Started process (PID=1627) to work on /home/airflow/.local/lib/python3.12/site-packages/airflow/example_dags/example_nested_branch_dag.py
[2025-08-07T17:24:03.472+0000] {processor.py:914} INFO - Processing file /home/airflow/.local/lib/python3.12/site-packages/airflow/example_dags/example_nested_branch_dag.py for tasks to queue
[2025-08-07T17:24:03.474+0000] {logging_mixin.py:190} INFO - [2025-08-07T17:24:03.474+0000] {dagbag.py:588} INFO - Filling up the DagBag from /home/airflow/.local/lib/python3.12/site-packages/airflow/example_dags/example_nested_branch_dag.py
[2025-08-07T17:24:03.492+0000] {processor.py:925} INFO - DAG(s) 'example_nested_branch_dag' retrieved from /home/airflow/.local/lib/python3.12/site-packages/airflow/example_dags/example_nested_branch_dag.py
[2025-08-07T17:24:03.521+0000] {logging_mixin.py:190} INFO - [2025-08-07T17:24:03.520+0000] {dag.py:3239} INFO - Sync 1 DAGs
[2025-08-07T17:24:03.554+0000] {logging_mixin.py:190} INFO - [2025-08-07T17:24:03.554+0000] {dag.py:4180} INFO - Setting next_dagrun for example_nested_branch_dag to 2025-08-06 00:00:00+00:00, run_after=2025-08-07 00:00:00+00:00
[2025-08-07T17:24:03.579+0000] {processor.py:208} INFO - Processing /home/airflow/.local/lib/python3.12/site-packages/airflow/example_dags/example_nested_branch_dag.py took 0.116 seconds
[2025-08-07T17:24:16.523+0000] {processor.py:186} INFO - Started process (PID=1692) to work on /home/airflow/.local/lib/python3.12/site-packages/airflow/example_dags/example_nested_branch_dag.py
[2025-08-07T17:24:16.524+0000] {processor.py:914} INFO - Processing file /home/airflow/.local/lib/python3.12/site-packages/airflow/example_dags/example_nested_branch_dag.py for tasks to queue
[2025-08-07T17:24:16.526+0000] {logging_mixin.py:190} INFO - [2025-08-07T17:24:16.526+0000] {dagbag.py:588} INFO - Filling up the DagBag from /home/airflow/.local/lib/python3.12/site-packages/airflow/example_dags/example_nested_branch_dag.py
[2025-08-07T17:24:16.537+0000] {processor.py:925} INFO - DAG(s) 'example_nested_branch_dag' retrieved from /home/airflow/.local/lib/python3.12/site-packages/airflow/example_dags/example_nested_branch_dag.py
[2025-08-07T17:24:16.562+0000] {logging_mixin.py:190} INFO - [2025-08-07T17:24:16.561+0000] {dag.py:3239} INFO - Sync 1 DAGs
[2025-08-07T17:24:16.595+0000] {logging_mixin.py:190} INFO - [2025-08-07T17:24:16.594+0000] {dag.py:4180} INFO - Setting next_dagrun for example_nested_branch_dag to 2025-08-06 00:00:00+00:00, run_after=2025-08-07 00:00:00+00:00
[2025-08-07T17:24:16.621+0000] {processor.py:208} INFO - Processing /home/airflow/.local/lib/python3.12/site-packages/airflow/example_dags/example_nested_branch_dag.py took 0.104 seconds
[2025-08-07T17:24:48.058+0000] {processor.py:186} INFO - Started process (PID=1761) to work on /home/airflow/.local/lib/python3.12/site-packages/airflow/example_dags/example_nested_branch_dag.py
[2025-08-07T17:24:48.060+0000] {processor.py:914} INFO - Processing file /home/airflow/.local/lib/python3.12/site-packages/airflow/example_dags/example_nested_branch_dag.py for tasks to queue
[2025-08-07T17:24:48.061+0000] {logging_mixin.py:190} INFO - [2025-08-07T17:24:48.061+0000] {dagbag.py:588} INFO - Filling up the DagBag from /home/airflow/.local/lib/python3.12/site-packages/airflow/example_dags/example_nested_branch_dag.py
[2025-08-07T17:24:48.072+0000] {processor.py:925} INFO - DAG(s) 'example_nested_branch_dag' retrieved from /home/airflow/.local/lib/python3.12/site-packages/airflow/example_dags/example_nested_branch_dag.py
[2025-08-07T17:24:48.095+0000] {logging_mixin.py:190} INFO - [2025-08-07T17:24:48.095+0000] {dag.py:3239} INFO - Sync 1 DAGs
[2025-08-07T17:24:48.122+0000] {logging_mixin.py:190} INFO - [2025-08-07T17:24:48.122+0000] {dag.py:4180} INFO - Setting next_dagrun for example_nested_branch_dag to 2025-08-06 00:00:00+00:00, run_after=2025-08-07 00:00:00+00:00
[2025-08-07T17:24:48.147+0000] {processor.py:208} INFO - Processing /home/airflow/.local/lib/python3.12/site-packages/airflow/example_dags/example_nested_branch_dag.py took 0.094 seconds
[2025-08-07T17:25:03.529+0000] {processor.py:186} INFO - Started process (PID=1820) to work on /home/airflow/.local/lib/python3.12/site-packages/airflow/example_dags/example_nested_branch_dag.py
[2025-08-07T17:25:03.531+0000] {processor.py:914} INFO - Processing file /home/airflow/.local/lib/python3.12/site-packages/airflow/example_dags/example_nested_branch_dag.py for tasks to queue
[2025-08-07T17:25:03.532+0000] {logging_mixin.py:190} INFO - [2025-08-07T17:25:03.532+0000] {dagbag.py:588} INFO - Filling up the DagBag from /home/airflow/.local/lib/python3.12/site-packages/airflow/example_dags/example_nested_branch_dag.py
[2025-08-07T17:25:03.545+0000] {processor.py:925} INFO - DAG(s) 'example_nested_branch_dag' retrieved from /home/airflow/.local/lib/python3.12/site-packages/airflow/example_dags/example_nested_branch_dag.py
[2025-08-07T17:25:03.576+0000] {logging_mixin.py:190} INFO - [2025-08-07T17:25:03.575+0000] {dag.py:3239} INFO - Sync 1 DAGs
[2025-08-07T17:25:03.603+0000] {logging_mixin.py:190} INFO - [2025-08-07T17:25:03.603+0000] {dag.py:4180} INFO - Setting next_dagrun for example_nested_branch_dag to 2025-08-06 00:00:00+00:00, run_after=2025-08-07 00:00:00+00:00
[2025-08-07T17:25:03.625+0000] {processor.py:208} INFO - Processing /home/airflow/.local/lib/python3.12/site-packages/airflow/example_dags/example_nested_branch_dag.py took 0.102 seconds
[2025-08-07T17:25:16.974+0000] {processor.py:186} INFO - Started process (PID=1882) to work on /home/airflow/.local/lib/python3.12/site-packages/airflow/example_dags/example_nested_branch_dag.py
[2025-08-07T17:25:16.976+0000] {processor.py:914} INFO - Processing file /home/airflow/.local/lib/python3.12/site-packages/airflow/example_dags/example_nested_branch_dag.py for tasks to queue
[2025-08-07T17:25:16.978+0000] {logging_mixin.py:190} INFO - [2025-08-07T17:25:16.977+0000] {dagbag.py:588} INFO - Filling up the DagBag from /home/airflow/.local/lib/python3.12/site-packages/airflow/example_dags/example_nested_branch_dag.py
[2025-08-07T17:25:16.992+0000] {processor.py:925} INFO - DAG(s) 'example_nested_branch_dag' retrieved from /home/airflow/.local/lib/python3.12/site-packages/airflow/example_dags/example_nested_branch_dag.py
[2025-08-07T17:25:17.019+0000] {logging_mixin.py:190} INFO - [2025-08-07T17:25:17.019+0000] {dag.py:3239} INFO - Sync 1 DAGs
[2025-08-07T17:25:17.048+0000] {logging_mixin.py:190} INFO - [2025-08-07T17:25:17.048+0000] {dag.py:4180} INFO - Setting next_dagrun for example_nested_branch_dag to 2025-08-06 00:00:00+00:00, run_after=2025-08-07 00:00:00+00:00
[2025-08-07T17:25:17.073+0000] {processor.py:208} INFO - Processing /home/airflow/.local/lib/python3.12/site-packages/airflow/example_dags/example_nested_branch_dag.py took 0.106 seconds
[2025-08-07T17:25:46.352+0000] {processor.py:186} INFO - Started process (PID=1947) to work on /home/airflow/.local/lib/python3.12/site-packages/airflow/example_dags/example_nested_branch_dag.py
[2025-08-07T17:25:46.354+0000] {processor.py:914} INFO - Processing file /home/airflow/.local/lib/python3.12/site-packages/airflow/example_dags/example_nested_branch_dag.py for tasks to queue
[2025-08-07T17:25:46.355+0000] {logging_mixin.py:190} INFO - [2025-08-07T17:25:46.355+0000] {dagbag.py:588} INFO - Filling up the DagBag from /home/airflow/.local/lib/python3.12/site-packages/airflow/example_dags/example_nested_branch_dag.py
[2025-08-07T17:25:46.370+0000] {processor.py:925} INFO - DAG(s) 'example_nested_branch_dag' retrieved from /home/airflow/.local/lib/python3.12/site-packages/airflow/example_dags/example_nested_branch_dag.py
[2025-08-07T17:25:46.394+0000] {logging_mixin.py:190} INFO - [2025-08-07T17:25:46.394+0000] {dag.py:3239} INFO - Sync 1 DAGs
[2025-08-07T17:25:46.429+0000] {logging_mixin.py:190} INFO - [2025-08-07T17:25:46.429+0000] {dag.py:4180} INFO - Setting next_dagrun for example_nested_branch_dag to 2025-08-06 00:00:00+00:00, run_after=2025-08-07 00:00:00+00:00
[2025-08-07T17:25:46.460+0000] {processor.py:208} INFO - Processing /home/airflow/.local/lib/python3.12/site-packages/airflow/example_dags/example_nested_branch_dag.py took 0.116 seconds
[2025-08-07T17:26:17.420+0000] {processor.py:186} INFO - Started process (PID=2011) to work on /home/airflow/.local/lib/python3.12/site-packages/airflow/example_dags/example_nested_branch_dag.py
[2025-08-07T17:26:17.421+0000] {processor.py:914} INFO - Processing file /home/airflow/.local/lib/python3.12/site-packages/airflow/example_dags/example_nested_branch_dag.py for tasks to queue
[2025-08-07T17:26:17.423+0000] {logging_mixin.py:190} INFO - [2025-08-07T17:26:17.422+0000] {dagbag.py:588} INFO - Filling up the DagBag from /home/airflow/.local/lib/python3.12/site-packages/airflow/example_dags/example_nested_branch_dag.py
[2025-08-07T17:26:17.435+0000] {processor.py:925} INFO - DAG(s) 'example_nested_branch_dag' retrieved from /home/airflow/.local/lib/python3.12/site-packages/airflow/example_dags/example_nested_branch_dag.py
[2025-08-07T17:26:17.461+0000] {logging_mixin.py:190} INFO - [2025-08-07T17:26:17.461+0000] {dag.py:3239} INFO - Sync 1 DAGs
[2025-08-07T17:26:17.489+0000] {logging_mixin.py:190} INFO - [2025-08-07T17:26:17.489+0000] {dag.py:4180} INFO - Setting next_dagrun for example_nested_branch_dag to 2025-08-06 00:00:00+00:00, run_after=2025-08-07 00:00:00+00:00
[2025-08-07T17:26:17.518+0000] {processor.py:208} INFO - Processing /home/airflow/.local/lib/python3.12/site-packages/airflow/example_dags/example_nested_branch_dag.py took 0.103 seconds
[2025-08-07T17:26:48.678+0000] {processor.py:186} INFO - Started process (PID=2074) to work on /home/airflow/.local/lib/python3.12/site-packages/airflow/example_dags/example_nested_branch_dag.py
[2025-08-07T17:26:48.680+0000] {processor.py:914} INFO - Processing file /home/airflow/.local/lib/python3.12/site-packages/airflow/example_dags/example_nested_branch_dag.py for tasks to queue
[2025-08-07T17:26:48.681+0000] {logging_mixin.py:190} INFO - [2025-08-07T17:26:48.681+0000] {dagbag.py:588} INFO - Filling up the DagBag from /home/airflow/.local/lib/python3.12/site-packages/airflow/example_dags/example_nested_branch_dag.py
[2025-08-07T17:26:48.694+0000] {processor.py:925} INFO - DAG(s) 'example_nested_branch_dag' retrieved from /home/airflow/.local/lib/python3.12/site-packages/airflow/example_dags/example_nested_branch_dag.py
[2025-08-07T17:26:48.720+0000] {logging_mixin.py:190} INFO - [2025-08-07T17:26:48.719+0000] {dag.py:3239} INFO - Sync 1 DAGs
[2025-08-07T17:26:48.749+0000] {logging_mixin.py:190} INFO - [2025-08-07T17:26:48.749+0000] {dag.py:4180} INFO - Setting next_dagrun for example_nested_branch_dag to 2025-08-06 00:00:00+00:00, run_after=2025-08-07 00:00:00+00:00
[2025-08-07T17:28:01.925+0000] {processor.py:208} INFO - Processing /home/airflow/.local/lib/python3.12/site-packages/airflow/example_dags/example_nested_branch_dag.py took 0.101 seconds
[2025-08-07T17:27:58.821+0000] {processor.py:186} INFO - Started process (PID=2262) to work on /home/airflow/.local/lib/python3.12/site-packages/airflow/example_dags/example_nested_branch_dag.py
[2025-08-07T17:27:58.823+0000] {processor.py:914} INFO - Processing file /home/airflow/.local/lib/python3.12/site-packages/airflow/example_dags/example_nested_branch_dag.py for tasks to queue
[2025-08-07T17:27:58.825+0000] {logging_mixin.py:190} INFO - [2025-08-07T17:27:58.824+0000] {dagbag.py:588} INFO - Filling up the DagBag from /home/airflow/.local/lib/python3.12/site-packages/airflow/example_dags/example_nested_branch_dag.py
[2025-08-07T17:27:58.839+0000] {processor.py:925} INFO - DAG(s) 'example_nested_branch_dag' retrieved from /home/airflow/.local/lib/python3.12/site-packages/airflow/example_dags/example_nested_branch_dag.py
[2025-08-07T17:27:58.979+0000] {logging_mixin.py:190} INFO - [2025-08-07T17:27:58.978+0000] {dag.py:3239} INFO - Sync 1 DAGs
[2025-08-07T17:27:59.009+0000] {logging_mixin.py:190} INFO - [2025-08-07T17:27:59.009+0000] {dag.py:4180} INFO - Setting next_dagrun for example_nested_branch_dag to 2025-08-06 00:00:00+00:00, run_after=2025-08-07 00:00:00+00:00
[2025-08-07T17:27:59.036+0000] {processor.py:208} INFO - Processing /home/airflow/.local/lib/python3.12/site-packages/airflow/example_dags/example_nested_branch_dag.py took 0.222 seconds
[2025-08-07T17:28:29.801+0000] {processor.py:186} INFO - Started process (PID=2326) to work on /home/airflow/.local/lib/python3.12/site-packages/airflow/example_dags/example_nested_branch_dag.py
[2025-08-07T17:28:29.803+0000] {processor.py:914} INFO - Processing file /home/airflow/.local/lib/python3.12/site-packages/airflow/example_dags/example_nested_branch_dag.py for tasks to queue
[2025-08-07T17:28:29.805+0000] {logging_mixin.py:190} INFO - [2025-08-07T17:28:29.804+0000] {dagbag.py:588} INFO - Filling up the DagBag from /home/airflow/.local/lib/python3.12/site-packages/airflow/example_dags/example_nested_branch_dag.py
[2025-08-07T17:28:29.817+0000] {processor.py:925} INFO - DAG(s) 'example_nested_branch_dag' retrieved from /home/airflow/.local/lib/python3.12/site-packages/airflow/example_dags/example_nested_branch_dag.py
[2025-08-07T17:28:29.844+0000] {logging_mixin.py:190} INFO - [2025-08-07T17:28:29.844+0000] {dag.py:3239} INFO - Sync 1 DAGs
[2025-08-07T17:28:29.874+0000] {logging_mixin.py:190} INFO - [2025-08-07T17:28:29.874+0000] {dag.py:4180} INFO - Setting next_dagrun for example_nested_branch_dag to 2025-08-06 00:00:00+00:00, run_after=2025-08-07 00:00:00+00:00
[2025-08-07T17:28:29.903+0000] {processor.py:208} INFO - Processing /home/airflow/.local/lib/python3.12/site-packages/airflow/example_dags/example_nested_branch_dag.py took 0.107 seconds
[2025-08-07T17:28:40.591+0000] {processor.py:186} INFO - Started process (PID=2391) to work on /home/airflow/.local/lib/python3.12/site-packages/airflow/example_dags/example_nested_branch_dag.py
[2025-08-07T17:28:40.594+0000] {processor.py:914} INFO - Processing file /home/airflow/.local/lib/python3.12/site-packages/airflow/example_dags/example_nested_branch_dag.py for tasks to queue
[2025-08-07T17:28:40.596+0000] {logging_mixin.py:190} INFO - [2025-08-07T17:28:40.595+0000] {dagbag.py:588} INFO - Filling up the DagBag from /home/airflow/.local/lib/python3.12/site-packages/airflow/example_dags/example_nested_branch_dag.py
[2025-08-07T17:28:40.616+0000] {processor.py:925} INFO - DAG(s) 'example_nested_branch_dag' retrieved from /home/airflow/.local/lib/python3.12/site-packages/airflow/example_dags/example_nested_branch_dag.py
[2025-08-07T17:28:40.651+0000] {logging_mixin.py:190} INFO - [2025-08-07T17:28:40.650+0000] {dag.py:3239} INFO - Sync 1 DAGs
[2025-08-07T17:28:40.694+0000] {logging_mixin.py:190} INFO - [2025-08-07T17:28:40.692+0000] {dag.py:4180} INFO - Setting next_dagrun for example_nested_branch_dag to 2025-08-06 00:00:00+00:00, run_after=2025-08-07 00:00:00+00:00
[2025-08-07T17:28:40.727+0000] {processor.py:208} INFO - Processing /home/airflow/.local/lib/python3.12/site-packages/airflow/example_dags/example_nested_branch_dag.py took 0.145 seconds
[2025-08-07T17:29:11.827+0000] {processor.py:186} INFO - Started process (PID=2457) to work on /home/airflow/.local/lib/python3.12/site-packages/airflow/example_dags/example_nested_branch_dag.py
[2025-08-07T17:29:11.828+0000] {processor.py:914} INFO - Processing file /home/airflow/.local/lib/python3.12/site-packages/airflow/example_dags/example_nested_branch_dag.py for tasks to queue
[2025-08-07T17:29:11.830+0000] {logging_mixin.py:190} INFO - [2025-08-07T17:29:11.829+0000] {dagbag.py:588} INFO - Filling up the DagBag from /home/airflow/.local/lib/python3.12/site-packages/airflow/example_dags/example_nested_branch_dag.py
[2025-08-07T17:29:11.850+0000] {processor.py:925} INFO - DAG(s) 'example_nested_branch_dag' retrieved from /home/airflow/.local/lib/python3.12/site-packages/airflow/example_dags/example_nested_branch_dag.py
[2025-08-07T17:29:11.876+0000] {logging_mixin.py:190} INFO - [2025-08-07T17:29:11.876+0000] {dag.py:3239} INFO - Sync 1 DAGs
[2025-08-07T17:29:11.909+0000] {logging_mixin.py:190} INFO - [2025-08-07T17:29:11.909+0000] {dag.py:4180} INFO - Setting next_dagrun for example_nested_branch_dag to 2025-08-06 00:00:00+00:00, run_after=2025-08-07 00:00:00+00:00
[2025-08-07T17:29:11.934+0000] {processor.py:208} INFO - Processing /home/airflow/.local/lib/python3.12/site-packages/airflow/example_dags/example_nested_branch_dag.py took 0.114 seconds
[2025-08-07T17:29:19.231+0000] {processor.py:186} INFO - Started process (PID=2515) to work on /home/airflow/.local/lib/python3.12/site-packages/airflow/example_dags/example_nested_branch_dag.py
[2025-08-07T17:29:19.233+0000] {processor.py:914} INFO - Processing file /home/airflow/.local/lib/python3.12/site-packages/airflow/example_dags/example_nested_branch_dag.py for tasks to queue
[2025-08-07T17:29:19.235+0000] {logging_mixin.py:190} INFO - [2025-08-07T17:29:19.234+0000] {dagbag.py:588} INFO - Filling up the DagBag from /home/airflow/.local/lib/python3.12/site-packages/airflow/example_dags/example_nested_branch_dag.py
[2025-08-07T17:29:19.250+0000] {processor.py:925} INFO - DAG(s) 'example_nested_branch_dag' retrieved from /home/airflow/.local/lib/python3.12/site-packages/airflow/example_dags/example_nested_branch_dag.py
[2025-08-07T17:29:19.276+0000] {logging_mixin.py:190} INFO - [2025-08-07T17:29:19.276+0000] {dag.py:3239} INFO - Sync 1 DAGs
[2025-08-07T17:29:19.318+0000] {logging_mixin.py:190} INFO - [2025-08-07T17:29:19.318+0000] {dag.py:4180} INFO - Setting next_dagrun for example_nested_branch_dag to 2025-08-06 00:00:00+00:00, run_after=2025-08-07 00:00:00+00:00
[2025-08-07T17:29:19.351+0000] {processor.py:208} INFO - Processing /home/airflow/.local/lib/python3.12/site-packages/airflow/example_dags/example_nested_branch_dag.py took 0.127 seconds
[2025-08-07T17:29:50.597+0000] {processor.py:186} INFO - Started process (PID=2579) to work on /home/airflow/.local/lib/python3.12/site-packages/airflow/example_dags/example_nested_branch_dag.py
[2025-08-07T17:29:50.598+0000] {processor.py:914} INFO - Processing file /home/airflow/.local/lib/python3.12/site-packages/airflow/example_dags/example_nested_branch_dag.py for tasks to queue
[2025-08-07T17:29:50.600+0000] {logging_mixin.py:190} INFO - [2025-08-07T17:29:50.600+0000] {dagbag.py:588} INFO - Filling up the DagBag from /home/airflow/.local/lib/python3.12/site-packages/airflow/example_dags/example_nested_branch_dag.py
[2025-08-07T17:29:50.618+0000] {processor.py:925} INFO - DAG(s) 'example_nested_branch_dag' retrieved from /home/airflow/.local/lib/python3.12/site-packages/airflow/example_dags/example_nested_branch_dag.py
[2025-08-07T17:29:50.645+0000] {logging_mixin.py:190} INFO - [2025-08-07T17:29:50.644+0000] {dag.py:3239} INFO - Sync 1 DAGs
[2025-08-07T17:29:50.681+0000] {logging_mixin.py:190} INFO - [2025-08-07T17:29:50.681+0000] {dag.py:4180} INFO - Setting next_dagrun for example_nested_branch_dag to 2025-08-06 00:00:00+00:00, run_after=2025-08-07 00:00:00+00:00
[2025-08-07T17:29:50.709+0000] {processor.py:208} INFO - Processing /home/airflow/.local/lib/python3.12/site-packages/airflow/example_dags/example_nested_branch_dag.py took 0.122 seconds
[2025-08-07T17:30:22.134+0000] {processor.py:186} INFO - Started process (PID=2643) to work on /home/airflow/.local/lib/python3.12/site-packages/airflow/example_dags/example_nested_branch_dag.py
[2025-08-07T17:30:22.135+0000] {processor.py:914} INFO - Processing file /home/airflow/.local/lib/python3.12/site-packages/airflow/example_dags/example_nested_branch_dag.py for tasks to queue
[2025-08-07T17:30:22.138+0000] {logging_mixin.py:190} INFO - [2025-08-07T17:30:22.138+0000] {dagbag.py:588} INFO - Filling up the DagBag from /home/airflow/.local/lib/python3.12/site-packages/airflow/example_dags/example_nested_branch_dag.py
[2025-08-07T17:30:22.154+0000] {processor.py:925} INFO - DAG(s) 'example_nested_branch_dag' retrieved from /home/airflow/.local/lib/python3.12/site-packages/airflow/example_dags/example_nested_branch_dag.py
[2025-08-07T17:30:22.189+0000] {logging_mixin.py:190} INFO - [2025-08-07T17:30:22.188+0000] {dag.py:3239} INFO - Sync 1 DAGs
[2025-08-07T17:30:22.224+0000] {logging_mixin.py:190} INFO - [2025-08-07T17:30:22.224+0000] {dag.py:4180} INFO - Setting next_dagrun for example_nested_branch_dag to 2025-08-06 00:00:00+00:00, run_after=2025-08-07 00:00:00+00:00
[2025-08-07T17:30:22.250+0000] {processor.py:208} INFO - Processing /home/airflow/.local/lib/python3.12/site-packages/airflow/example_dags/example_nested_branch_dag.py took 0.123 seconds
[2025-08-07T17:43:54.289+0000] {processor.py:186} INFO - Started process (PID=2721) to work on /home/airflow/.local/lib/python3.12/site-packages/airflow/example_dags/example_nested_branch_dag.py
[2025-08-07T17:43:54.290+0000] {processor.py:914} INFO - Processing file /home/airflow/.local/lib/python3.12/site-packages/airflow/example_dags/example_nested_branch_dag.py for tasks to queue
[2025-08-07T17:43:54.292+0000] {logging_mixin.py:190} INFO - [2025-08-07T17:43:54.291+0000] {dagbag.py:588} INFO - Filling up the DagBag from /home/airflow/.local/lib/python3.12/site-packages/airflow/example_dags/example_nested_branch_dag.py
[2025-08-07T17:43:54.310+0000] {processor.py:925} INFO - DAG(s) 'example_nested_branch_dag' retrieved from /home/airflow/.local/lib/python3.12/site-packages/airflow/example_dags/example_nested_branch_dag.py
[2025-08-07T17:43:30.303+0000] {processor.py:186} INFO - Started process (PID=2851) to work on /home/airflow/.local/lib/python3.12/site-packages/airflow/example_dags/example_nested_branch_dag.py
[2025-08-07T17:43:30.304+0000] {processor.py:914} INFO - Processing file /home/airflow/.local/lib/python3.12/site-packages/airflow/example_dags/example_nested_branch_dag.py for tasks to queue
[2025-08-07T17:43:30.311+0000] {logging_mixin.py:190} INFO - [2025-08-07T17:43:30.311+0000] {dagbag.py:588} INFO - Filling up the DagBag from /home/airflow/.local/lib/python3.12/site-packages/airflow/example_dags/example_nested_branch_dag.py
[2025-08-07T17:43:30.333+0000] {processor.py:925} INFO - DAG(s) 'example_nested_branch_dag' retrieved from /home/airflow/.local/lib/python3.12/site-packages/airflow/example_dags/example_nested_branch_dag.py
[2025-08-07T17:43:30.383+0000] {logging_mixin.py:190} INFO - [2025-08-07T17:43:30.382+0000] {dag.py:3239} INFO - Sync 1 DAGs
[2025-08-07T17:44:44.379+0000] {logging_mixin.py:190} INFO - [2025-08-07T17:44:44.379+0000] {dag.py:4180} INFO - Setting next_dagrun for example_nested_branch_dag to 2025-08-06 00:00:00+00:00, run_after=2025-08-07 00:00:00+00:00
[2025-08-07T17:43:30.897+0000] {processor.py:208} INFO - Processing /home/airflow/.local/lib/python3.12/site-packages/airflow/example_dags/example_nested_branch_dag.py took 0.609 seconds
[2025-08-07T17:43:49.589+0000] {processor.py:186} INFO - Started process (PID=2911) to work on /home/airflow/.local/lib/python3.12/site-packages/airflow/example_dags/example_nested_branch_dag.py
[2025-08-07T17:43:49.590+0000] {processor.py:914} INFO - Processing file /home/airflow/.local/lib/python3.12/site-packages/airflow/example_dags/example_nested_branch_dag.py for tasks to queue
[2025-08-07T17:43:49.595+0000] {logging_mixin.py:190} INFO - [2025-08-07T17:43:49.591+0000] {dagbag.py:588} INFO - Filling up the DagBag from /home/airflow/.local/lib/python3.12/site-packages/airflow/example_dags/example_nested_branch_dag.py
[2025-08-07T17:43:49.617+0000] {processor.py:925} INFO - DAG(s) 'example_nested_branch_dag' retrieved from /home/airflow/.local/lib/python3.12/site-packages/airflow/example_dags/example_nested_branch_dag.py
[2025-08-07T17:43:49.661+0000] {logging_mixin.py:190} INFO - [2025-08-07T17:43:49.661+0000] {dag.py:3239} INFO - Sync 1 DAGs
[2025-08-07T17:43:49.947+0000] {logging_mixin.py:190} INFO - [2025-08-07T17:43:49.946+0000] {dag.py:4180} INFO - Setting next_dagrun for example_nested_branch_dag to 2025-08-06 00:00:00+00:00, run_after=2025-08-07 00:00:00+00:00
[2025-08-07T17:43:49.989+0000] {processor.py:208} INFO - Processing /home/airflow/.local/lib/python3.12/site-packages/airflow/example_dags/example_nested_branch_dag.py took 0.409 seconds
[2025-08-07T17:44:23.439+0000] {processor.py:186} INFO - Started process (PID=2983) to work on /home/airflow/.local/lib/python3.12/site-packages/airflow/example_dags/example_nested_branch_dag.py
[2025-08-07T17:44:23.440+0000] {processor.py:914} INFO - Processing file /home/airflow/.local/lib/python3.12/site-packages/airflow/example_dags/example_nested_branch_dag.py for tasks to queue
[2025-08-07T17:44:23.445+0000] {logging_mixin.py:190} INFO - [2025-08-07T17:44:23.441+0000] {dagbag.py:588} INFO - Filling up the DagBag from /home/airflow/.local/lib/python3.12/site-packages/airflow/example_dags/example_nested_branch_dag.py
[2025-08-07T17:44:23.477+0000] {processor.py:925} INFO - DAG(s) 'example_nested_branch_dag' retrieved from /home/airflow/.local/lib/python3.12/site-packages/airflow/example_dags/example_nested_branch_dag.py
[2025-08-07T17:44:23.527+0000] {logging_mixin.py:190} INFO - [2025-08-07T17:44:23.526+0000] {dag.py:3239} INFO - Sync 1 DAGs
[2025-08-07T17:44:23.828+0000] {logging_mixin.py:190} INFO - [2025-08-07T17:44:23.828+0000] {dag.py:4180} INFO - Setting next_dagrun for example_nested_branch_dag to 2025-08-06 00:00:00+00:00, run_after=2025-08-07 00:00:00+00:00
[2025-08-07T17:44:23.861+0000] {processor.py:208} INFO - Processing /home/airflow/.local/lib/python3.12/site-packages/airflow/example_dags/example_nested_branch_dag.py took 0.432 seconds
[2025-08-07T17:46:09.526+0000] {processor.py:186} INFO - Started process (PID=3049) to work on /home/airflow/.local/lib/python3.12/site-packages/airflow/example_dags/example_nested_branch_dag.py
[2025-08-07T17:46:09.527+0000] {processor.py:914} INFO - Processing file /home/airflow/.local/lib/python3.12/site-packages/airflow/example_dags/example_nested_branch_dag.py for tasks to queue
[2025-08-07T17:46:09.529+0000] {logging_mixin.py:190} INFO - [2025-08-07T17:46:09.528+0000] {dagbag.py:588} INFO - Filling up the DagBag from /home/airflow/.local/lib/python3.12/site-packages/airflow/example_dags/example_nested_branch_dag.py
[2025-08-07T17:44:56.010+0000] {processor.py:925} INFO - DAG(s) 'example_nested_branch_dag' retrieved from /home/airflow/.local/lib/python3.12/site-packages/airflow/example_dags/example_nested_branch_dag.py
[2025-08-07T17:44:56.063+0000] {logging_mixin.py:190} INFO - [2025-08-07T17:44:56.062+0000] {dag.py:3239} INFO - Sync 1 DAGs
[2025-08-07T17:44:56.408+0000] {logging_mixin.py:190} INFO - [2025-08-07T17:44:56.408+0000] {dag.py:4180} INFO - Setting next_dagrun for example_nested_branch_dag to 2025-08-06 00:00:00+00:00, run_after=2025-08-07 00:00:00+00:00
[2025-08-07T17:44:56.452+0000] {processor.py:208} INFO - Processing /home/airflow/.local/lib/python3.12/site-packages/airflow/example_dags/example_nested_branch_dag.py took 0.495 seconds
[2025-08-07T17:45:27.860+0000] {processor.py:186} INFO - Started process (PID=3114) to work on /home/airflow/.local/lib/python3.12/site-packages/airflow/example_dags/example_nested_branch_dag.py
[2025-08-07T17:45:27.861+0000] {processor.py:914} INFO - Processing file /home/airflow/.local/lib/python3.12/site-packages/airflow/example_dags/example_nested_branch_dag.py for tasks to queue
[2025-08-07T17:45:27.866+0000] {logging_mixin.py:190} INFO - [2025-08-07T17:45:27.866+0000] {dagbag.py:588} INFO - Filling up the DagBag from /home/airflow/.local/lib/python3.12/site-packages/airflow/example_dags/example_nested_branch_dag.py
[2025-08-07T17:45:27.890+0000] {processor.py:925} INFO - DAG(s) 'example_nested_branch_dag' retrieved from /home/airflow/.local/lib/python3.12/site-packages/airflow/example_dags/example_nested_branch_dag.py
[2025-08-07T17:45:27.940+0000] {logging_mixin.py:190} INFO - [2025-08-07T17:45:27.939+0000] {dag.py:3239} INFO - Sync 1 DAGs
[2025-08-07T17:45:28.260+0000] {logging_mixin.py:190} INFO - [2025-08-07T17:45:28.260+0000] {dag.py:4180} INFO - Setting next_dagrun for example_nested_branch_dag to 2025-08-06 00:00:00+00:00, run_after=2025-08-07 00:00:00+00:00
[2025-08-07T17:45:28.301+0000] {processor.py:208} INFO - Processing /home/airflow/.local/lib/python3.12/site-packages/airflow/example_dags/example_nested_branch_dag.py took 0.452 seconds
[2025-08-07T17:45:58.546+0000] {processor.py:186} INFO - Started process (PID=3179) to work on /home/airflow/.local/lib/python3.12/site-packages/airflow/example_dags/example_nested_branch_dag.py
[2025-08-07T17:45:58.551+0000] {processor.py:914} INFO - Processing file /home/airflow/.local/lib/python3.12/site-packages/airflow/example_dags/example_nested_branch_dag.py for tasks to queue
[2025-08-07T17:45:58.553+0000] {logging_mixin.py:190} INFO - [2025-08-07T17:45:58.553+0000] {dagbag.py:588} INFO - Filling up the DagBag from /home/airflow/.local/lib/python3.12/site-packages/airflow/example_dags/example_nested_branch_dag.py
[2025-08-07T17:45:58.574+0000] {processor.py:925} INFO - DAG(s) 'example_nested_branch_dag' retrieved from /home/airflow/.local/lib/python3.12/site-packages/airflow/example_dags/example_nested_branch_dag.py
[2025-08-07T17:45:58.622+0000] {logging_mixin.py:190} INFO - [2025-08-07T17:45:58.617+0000] {dag.py:3239} INFO - Sync 1 DAGs
[2025-08-07T17:45:58.672+0000] {logging_mixin.py:190} INFO - [2025-08-07T17:45:58.667+0000] {dag.py:4180} INFO - Setting next_dagrun for example_nested_branch_dag to 2025-08-06 00:00:00+00:00, run_after=2025-08-07 00:00:00+00:00
[2025-08-07T17:45:58.985+0000] {processor.py:208} INFO - Processing /home/airflow/.local/lib/python3.12/site-packages/airflow/example_dags/example_nested_branch_dag.py took 0.449 seconds
[2025-08-07T17:46:29.789+0000] {processor.py:186} INFO - Started process (PID=3242) to work on /home/airflow/.local/lib/python3.12/site-packages/airflow/example_dags/example_nested_branch_dag.py
[2025-08-07T17:46:29.791+0000] {processor.py:914} INFO - Processing file /home/airflow/.local/lib/python3.12/site-packages/airflow/example_dags/example_nested_branch_dag.py for tasks to queue
[2025-08-07T17:46:29.793+0000] {logging_mixin.py:190} INFO - [2025-08-07T17:46:29.793+0000] {dagbag.py:588} INFO - Filling up the DagBag from /home/airflow/.local/lib/python3.12/site-packages/airflow/example_dags/example_nested_branch_dag.py
[2025-08-07T17:46:29.812+0000] {processor.py:925} INFO - DAG(s) 'example_nested_branch_dag' retrieved from /home/airflow/.local/lib/python3.12/site-packages/airflow/example_dags/example_nested_branch_dag.py
[2025-08-07T17:46:29.853+0000] {logging_mixin.py:190} INFO - [2025-08-07T17:46:29.852+0000] {dag.py:3239} INFO - Sync 1 DAGs
[2025-08-07T17:46:29.902+0000] {logging_mixin.py:190} INFO - [2025-08-07T17:46:29.902+0000] {dag.py:4180} INFO - Setting next_dagrun for example_nested_branch_dag to 2025-08-06 00:00:00+00:00, run_after=2025-08-07 00:00:00+00:00
[2025-08-07T17:46:29.939+0000] {processor.py:208} INFO - Processing /home/airflow/.local/lib/python3.12/site-packages/airflow/example_dags/example_nested_branch_dag.py took 0.160 seconds
[2025-08-07T17:47:00.082+0000] {processor.py:186} INFO - Started process (PID=3306) to work on /home/airflow/.local/lib/python3.12/site-packages/airflow/example_dags/example_nested_branch_dag.py
[2025-08-07T17:47:00.084+0000] {processor.py:914} INFO - Processing file /home/airflow/.local/lib/python3.12/site-packages/airflow/example_dags/example_nested_branch_dag.py for tasks to queue
[2025-08-07T17:47:00.089+0000] {logging_mixin.py:190} INFO - [2025-08-07T17:47:00.089+0000] {dagbag.py:588} INFO - Filling up the DagBag from /home/airflow/.local/lib/python3.12/site-packages/airflow/example_dags/example_nested_branch_dag.py
[2025-08-07T17:47:00.109+0000] {processor.py:925} INFO - DAG(s) 'example_nested_branch_dag' retrieved from /home/airflow/.local/lib/python3.12/site-packages/airflow/example_dags/example_nested_branch_dag.py
[2025-08-07T17:47:00.144+0000] {logging_mixin.py:190} INFO - [2025-08-07T17:47:00.144+0000] {dag.py:3239} INFO - Sync 1 DAGs
[2025-08-07T17:47:00.191+0000] {logging_mixin.py:190} INFO - [2025-08-07T17:47:00.191+0000] {dag.py:4180} INFO - Setting next_dagrun for example_nested_branch_dag to 2025-08-06 00:00:00+00:00, run_after=2025-08-07 00:00:00+00:00
[2025-08-07T17:47:00.233+0000] {processor.py:208} INFO - Processing /home/airflow/.local/lib/python3.12/site-packages/airflow/example_dags/example_nested_branch_dag.py took 0.160 seconds
[2025-08-07T17:47:31.083+0000] {processor.py:186} INFO - Started process (PID=3371) to work on /home/airflow/.local/lib/python3.12/site-packages/airflow/example_dags/example_nested_branch_dag.py
[2025-08-07T17:47:31.088+0000] {processor.py:914} INFO - Processing file /home/airflow/.local/lib/python3.12/site-packages/airflow/example_dags/example_nested_branch_dag.py for tasks to queue
[2025-08-07T17:47:31.090+0000] {logging_mixin.py:190} INFO - [2025-08-07T17:47:31.089+0000] {dagbag.py:588} INFO - Filling up the DagBag from /home/airflow/.local/lib/python3.12/site-packages/airflow/example_dags/example_nested_branch_dag.py
[2025-08-07T17:47:31.112+0000] {processor.py:925} INFO - DAG(s) 'example_nested_branch_dag' retrieved from /home/airflow/.local/lib/python3.12/site-packages/airflow/example_dags/example_nested_branch_dag.py
[2025-08-07T17:47:31.162+0000] {logging_mixin.py:190} INFO - [2025-08-07T17:47:31.162+0000] {dag.py:3239} INFO - Sync 1 DAGs
[2025-08-07T17:47:31.222+0000] {logging_mixin.py:190} INFO - [2025-08-07T17:47:31.222+0000] {dag.py:4180} INFO - Setting next_dagrun for example_nested_branch_dag to 2025-08-06 00:00:00+00:00, run_after=2025-08-07 00:00:00+00:00
[2025-08-07T17:48:44.827+0000] {processor.py:208} INFO - Processing /home/airflow/.local/lib/python3.12/site-packages/airflow/example_dags/example_nested_branch_dag.py took 0.199 seconds
[2025-08-07T17:49:15.077+0000] {processor.py:186} INFO - Started process (PID=3578) to work on /home/airflow/.local/lib/python3.12/site-packages/airflow/example_dags/example_nested_branch_dag.py
[2025-08-07T17:49:15.079+0000] {processor.py:914} INFO - Processing file /home/airflow/.local/lib/python3.12/site-packages/airflow/example_dags/example_nested_branch_dag.py for tasks to queue
[2025-08-07T17:49:15.082+0000] {logging_mixin.py:190} INFO - [2025-08-07T17:49:15.082+0000] {dagbag.py:588} INFO - Filling up the DagBag from /home/airflow/.local/lib/python3.12/site-packages/airflow/example_dags/example_nested_branch_dag.py
[2025-08-07T17:49:15.110+0000] {processor.py:925} INFO - DAG(s) 'example_nested_branch_dag' retrieved from /home/airflow/.local/lib/python3.12/site-packages/airflow/example_dags/example_nested_branch_dag.py
[2025-08-07T17:49:15.447+0000] {logging_mixin.py:190} INFO - [2025-08-07T17:49:15.442+0000] {dag.py:3239} INFO - Sync 1 DAGs
[2025-08-07T17:49:15.508+0000] {logging_mixin.py:190} INFO - [2025-08-07T17:49:15.508+0000] {dag.py:4180} INFO - Setting next_dagrun for example_nested_branch_dag to 2025-08-06 00:00:00+00:00, run_after=2025-08-07 00:00:00+00:00
[2025-08-07T17:49:15.552+0000] {processor.py:208} INFO - Processing /home/airflow/.local/lib/python3.12/site-packages/airflow/example_dags/example_nested_branch_dag.py took 0.490 seconds
[2025-08-07T17:49:45.737+0000] {processor.py:186} INFO - Started process (PID=3641) to work on /home/airflow/.local/lib/python3.12/site-packages/airflow/example_dags/example_nested_branch_dag.py
[2025-08-07T17:49:45.739+0000] {processor.py:914} INFO - Processing file /home/airflow/.local/lib/python3.12/site-packages/airflow/example_dags/example_nested_branch_dag.py for tasks to queue
[2025-08-07T17:49:45.745+0000] {logging_mixin.py:190} INFO - [2025-08-07T17:49:45.745+0000] {dagbag.py:588} INFO - Filling up the DagBag from /home/airflow/.local/lib/python3.12/site-packages/airflow/example_dags/example_nested_branch_dag.py
[2025-08-07T17:49:45.784+0000] {processor.py:925} INFO - DAG(s) 'example_nested_branch_dag' retrieved from /home/airflow/.local/lib/python3.12/site-packages/airflow/example_dags/example_nested_branch_dag.py
[2025-08-07T17:49:45.855+0000] {logging_mixin.py:190} INFO - [2025-08-07T17:49:45.855+0000] {dag.py:3239} INFO - Sync 1 DAGs
[2025-08-07T17:49:45.958+0000] {logging_mixin.py:190} INFO - [2025-08-07T17:49:45.958+0000] {dag.py:4180} INFO - Setting next_dagrun for example_nested_branch_dag to 2025-08-06 00:00:00+00:00, run_after=2025-08-07 00:00:00+00:00
[2025-08-07T17:49:46.014+0000] {processor.py:208} INFO - Processing /home/airflow/.local/lib/python3.12/site-packages/airflow/example_dags/example_nested_branch_dag.py took 0.295 seconds
[2025-08-07T17:49:56.894+0000] {processor.py:186} INFO - Started process (PID=3689) to work on /home/airflow/.local/lib/python3.12/site-packages/airflow/example_dags/example_nested_branch_dag.py
[2025-08-07T17:49:56.895+0000] {processor.py:914} INFO - Processing file /home/airflow/.local/lib/python3.12/site-packages/airflow/example_dags/example_nested_branch_dag.py for tasks to queue
[2025-08-07T17:49:56.900+0000] {logging_mixin.py:190} INFO - [2025-08-07T17:49:56.900+0000] {dagbag.py:588} INFO - Filling up the DagBag from /home/airflow/.local/lib/python3.12/site-packages/airflow/example_dags/example_nested_branch_dag.py
[2025-08-07T17:49:56.924+0000] {processor.py:925} INFO - DAG(s) 'example_nested_branch_dag' retrieved from /home/airflow/.local/lib/python3.12/site-packages/airflow/example_dags/example_nested_branch_dag.py
[2025-08-07T17:51:10.112+0000] {logging_mixin.py:190} INFO - [2025-08-07T17:51:10.112+0000] {dag.py:3239} INFO - Sync 1 DAGs
[2025-08-07T17:49:56.625+0000] {logging_mixin.py:190} INFO - [2025-08-07T17:49:56.624+0000] {dag.py:4180} INFO - Setting next_dagrun for example_nested_branch_dag to 2025-08-06 00:00:00+00:00, run_after=2025-08-07 00:00:00+00:00
[2025-08-07T17:49:56.669+0000] {processor.py:208} INFO - Processing /home/airflow/.local/lib/python3.12/site-packages/airflow/example_dags/example_nested_branch_dag.py took 0.201 seconds
[2025-08-07T17:50:11.551+0000] {processor.py:186} INFO - Started process (PID=3749) to work on /home/airflow/.local/lib/python3.12/site-packages/airflow/example_dags/example_nested_branch_dag.py
[2025-08-07T17:50:11.556+0000] {processor.py:914} INFO - Processing file /home/airflow/.local/lib/python3.12/site-packages/airflow/example_dags/example_nested_branch_dag.py for tasks to queue
[2025-08-07T17:50:11.559+0000] {logging_mixin.py:190} INFO - [2025-08-07T17:50:11.558+0000] {dagbag.py:588} INFO - Filling up the DagBag from /home/airflow/.local/lib/python3.12/site-packages/airflow/example_dags/example_nested_branch_dag.py
[2025-08-07T17:50:11.599+0000] {processor.py:925} INFO - DAG(s) 'example_nested_branch_dag' retrieved from /home/airflow/.local/lib/python3.12/site-packages/airflow/example_dags/example_nested_branch_dag.py
[2025-08-07T17:50:11.671+0000] {logging_mixin.py:190} INFO - [2025-08-07T17:50:11.670+0000] {dag.py:3239} INFO - Sync 1 DAGs
[2025-08-07T17:50:11.771+0000] {logging_mixin.py:190} INFO - [2025-08-07T17:50:11.771+0000] {dag.py:4180} INFO - Setting next_dagrun for example_nested_branch_dag to 2025-08-06 00:00:00+00:00, run_after=2025-08-07 00:00:00+00:00
[2025-08-07T17:50:11.839+0000] {processor.py:208} INFO - Processing /home/airflow/.local/lib/python3.12/site-packages/airflow/example_dags/example_nested_branch_dag.py took 0.313 seconds
[2025-08-07T17:50:42.559+0000] {processor.py:186} INFO - Started process (PID=3814) to work on /home/airflow/.local/lib/python3.12/site-packages/airflow/example_dags/example_nested_branch_dag.py
[2025-08-07T17:50:42.565+0000] {processor.py:914} INFO - Processing file /home/airflow/.local/lib/python3.12/site-packages/airflow/example_dags/example_nested_branch_dag.py for tasks to queue
[2025-08-07T17:50:42.576+0000] {logging_mixin.py:190} INFO - [2025-08-07T17:50:42.576+0000] {dagbag.py:588} INFO - Filling up the DagBag from /home/airflow/.local/lib/python3.12/site-packages/airflow/example_dags/example_nested_branch_dag.py
[2025-08-07T17:50:42.620+0000] {processor.py:925} INFO - DAG(s) 'example_nested_branch_dag' retrieved from /home/airflow/.local/lib/python3.12/site-packages/airflow/example_dags/example_nested_branch_dag.py
[2025-08-07T17:50:42.676+0000] {logging_mixin.py:190} INFO - [2025-08-07T17:50:42.676+0000] {dag.py:3239} INFO - Sync 1 DAGs
[2025-08-07T17:50:42.737+0000] {logging_mixin.py:190} INFO - [2025-08-07T17:50:42.736+0000] {dag.py:4180} INFO - Setting next_dagrun for example_nested_branch_dag to 2025-08-06 00:00:00+00:00, run_after=2025-08-07 00:00:00+00:00
[2025-08-07T17:50:42.778+0000] {processor.py:208} INFO - Processing /home/airflow/.local/lib/python3.12/site-packages/airflow/example_dags/example_nested_branch_dag.py took 0.240 seconds
[2025-08-07T17:51:13.971+0000] {processor.py:186} INFO - Started process (PID=3886) to work on /home/airflow/.local/lib/python3.12/site-packages/airflow/example_dags/example_nested_branch_dag.py
[2025-08-07T17:51:13.972+0000] {processor.py:914} INFO - Processing file /home/airflow/.local/lib/python3.12/site-packages/airflow/example_dags/example_nested_branch_dag.py for tasks to queue
[2025-08-07T17:51:13.973+0000] {logging_mixin.py:190} INFO - [2025-08-07T17:51:13.973+0000] {dagbag.py:588} INFO - Filling up the DagBag from /home/airflow/.local/lib/python3.12/site-packages/airflow/example_dags/example_nested_branch_dag.py
[2025-08-07T17:51:14.000+0000] {processor.py:925} INFO - DAG(s) 'example_nested_branch_dag' retrieved from /home/airflow/.local/lib/python3.12/site-packages/airflow/example_dags/example_nested_branch_dag.py
[2025-08-07T17:51:14.041+0000] {logging_mixin.py:190} INFO - [2025-08-07T17:51:14.041+0000] {dag.py:3239} INFO - Sync 1 DAGs
[2025-08-07T17:51:14.092+0000] {logging_mixin.py:190} INFO - [2025-08-07T17:51:14.092+0000] {dag.py:4180} INFO - Setting next_dagrun for example_nested_branch_dag to 2025-08-06 00:00:00+00:00, run_after=2025-08-07 00:00:00+00:00
[2025-08-07T17:51:14.133+0000] {processor.py:208} INFO - Processing /home/airflow/.local/lib/python3.12/site-packages/airflow/example_dags/example_nested_branch_dag.py took 0.180 seconds
[2025-08-07T17:51:46.392+0000] {processor.py:186} INFO - Started process (PID=3952) to work on /home/airflow/.local/lib/python3.12/site-packages/airflow/example_dags/example_nested_branch_dag.py
[2025-08-07T17:51:46.393+0000] {processor.py:914} INFO - Processing file /home/airflow/.local/lib/python3.12/site-packages/airflow/example_dags/example_nested_branch_dag.py for tasks to queue
[2025-08-07T17:51:46.400+0000] {logging_mixin.py:190} INFO - [2025-08-07T17:51:46.400+0000] {dagbag.py:588} INFO - Filling up the DagBag from /home/airflow/.local/lib/python3.12/site-packages/airflow/example_dags/example_nested_branch_dag.py
[2025-08-07T17:51:46.423+0000] {processor.py:925} INFO - DAG(s) 'example_nested_branch_dag' retrieved from /home/airflow/.local/lib/python3.12/site-packages/airflow/example_dags/example_nested_branch_dag.py
[2025-08-07T17:51:46.481+0000] {logging_mixin.py:190} INFO - [2025-08-07T17:51:46.481+0000] {dag.py:3239} INFO - Sync 1 DAGs
[2025-08-07T17:51:46.540+0000] {logging_mixin.py:190} INFO - [2025-08-07T17:51:46.539+0000] {dag.py:4180} INFO - Setting next_dagrun for example_nested_branch_dag to 2025-08-06 00:00:00+00:00, run_after=2025-08-07 00:00:00+00:00
[2025-08-07T17:51:46.583+0000] {processor.py:208} INFO - Processing /home/airflow/.local/lib/python3.12/site-packages/airflow/example_dags/example_nested_branch_dag.py took 0.202 seconds
[2025-08-07T17:52:16.632+0000] {processor.py:186} INFO - Started process (PID=4021) to work on /home/airflow/.local/lib/python3.12/site-packages/airflow/example_dags/example_nested_branch_dag.py
[2025-08-07T17:52:16.634+0000] {processor.py:914} INFO - Processing file /home/airflow/.local/lib/python3.12/site-packages/airflow/example_dags/example_nested_branch_dag.py for tasks to queue
[2025-08-07T17:52:16.641+0000] {logging_mixin.py:190} INFO - [2025-08-07T17:52:16.640+0000] {dagbag.py:588} INFO - Filling up the DagBag from /home/airflow/.local/lib/python3.12/site-packages/airflow/example_dags/example_nested_branch_dag.py
[2025-08-07T17:52:16.671+0000] {processor.py:925} INFO - DAG(s) 'example_nested_branch_dag' retrieved from /home/airflow/.local/lib/python3.12/site-packages/airflow/example_dags/example_nested_branch_dag.py
[2025-08-07T17:52:16.729+0000] {logging_mixin.py:190} INFO - [2025-08-07T17:52:16.724+0000] {dag.py:3239} INFO - Sync 1 DAGs
[2025-08-07T17:52:16.802+0000] {logging_mixin.py:190} INFO - [2025-08-07T17:52:16.802+0000] {dag.py:4180} INFO - Setting next_dagrun for example_nested_branch_dag to 2025-08-06 00:00:00+00:00, run_after=2025-08-07 00:00:00+00:00
[2025-08-07T17:53:30.425+0000] {processor.py:208} INFO - Processing /home/airflow/.local/lib/python3.12/site-packages/airflow/example_dags/example_nested_branch_dag.py took 0.260 seconds
[2025-08-07T17:52:35.515+0000] {processor.py:186} INFO - Started process (PID=4078) to work on /home/airflow/.local/lib/python3.12/site-packages/airflow/example_dags/example_nested_branch_dag.py
[2025-08-07T17:52:35.523+0000] {processor.py:914} INFO - Processing file /home/airflow/.local/lib/python3.12/site-packages/airflow/example_dags/example_nested_branch_dag.py for tasks to queue
[2025-08-07T17:52:35.531+0000] {logging_mixin.py:190} INFO - [2025-08-07T17:52:35.530+0000] {dagbag.py:588} INFO - Filling up the DagBag from /home/airflow/.local/lib/python3.12/site-packages/airflow/example_dags/example_nested_branch_dag.py
[2025-08-07T17:52:35.582+0000] {processor.py:925} INFO - DAG(s) 'example_nested_branch_dag' retrieved from /home/airflow/.local/lib/python3.12/site-packages/airflow/example_dags/example_nested_branch_dag.py
[2025-08-07T17:52:35.640+0000] {logging_mixin.py:190} INFO - [2025-08-07T17:52:35.635+0000] {dag.py:3239} INFO - Sync 1 DAGs
[2025-08-07T17:52:35.714+0000] {logging_mixin.py:190} INFO - [2025-08-07T17:52:35.714+0000] {dag.py:4180} INFO - Setting next_dagrun for example_nested_branch_dag to 2025-08-06 00:00:00+00:00, run_after=2025-08-07 00:00:00+00:00
[2025-08-07T17:52:35.774+0000] {processor.py:208} INFO - Processing /home/airflow/.local/lib/python3.12/site-packages/airflow/example_dags/example_nested_branch_dag.py took 0.272 seconds
[2025-08-07T17:53:08.236+0000] {processor.py:186} INFO - Started process (PID=4141) to work on /home/airflow/.local/lib/python3.12/site-packages/airflow/example_dags/example_nested_branch_dag.py
[2025-08-07T17:53:08.246+0000] {processor.py:914} INFO - Processing file /home/airflow/.local/lib/python3.12/site-packages/airflow/example_dags/example_nested_branch_dag.py for tasks to queue
[2025-08-07T17:53:08.253+0000] {logging_mixin.py:190} INFO - [2025-08-07T17:53:08.247+0000] {dagbag.py:588} INFO - Filling up the DagBag from /home/airflow/.local/lib/python3.12/site-packages/airflow/example_dags/example_nested_branch_dag.py
[2025-08-07T17:53:08.287+0000] {processor.py:925} INFO - DAG(s) 'example_nested_branch_dag' retrieved from /home/airflow/.local/lib/python3.12/site-packages/airflow/example_dags/example_nested_branch_dag.py
[2025-08-07T17:53:08.342+0000] {logging_mixin.py:190} INFO - [2025-08-07T17:53:08.337+0000] {dag.py:3239} INFO - Sync 1 DAGs
[2025-08-07T17:53:08.406+0000] {logging_mixin.py:190} INFO - [2025-08-07T17:53:08.405+0000] {dag.py:4180} INFO - Setting next_dagrun for example_nested_branch_dag to 2025-08-06 00:00:00+00:00, run_after=2025-08-07 00:00:00+00:00
[2025-08-07T17:53:08.454+0000] {processor.py:208} INFO - Processing /home/airflow/.local/lib/python3.12/site-packages/airflow/example_dags/example_nested_branch_dag.py took 0.230 seconds
[2025-08-07T17:53:37.544+0000] {processor.py:186} INFO - Started process (PID=4204) to work on /home/airflow/.local/lib/python3.12/site-packages/airflow/example_dags/example_nested_branch_dag.py
[2025-08-07T17:53:37.546+0000] {processor.py:914} INFO - Processing file /home/airflow/.local/lib/python3.12/site-packages/airflow/example_dags/example_nested_branch_dag.py for tasks to queue
[2025-08-07T17:53:37.553+0000] {logging_mixin.py:190} INFO - [2025-08-07T17:53:37.552+0000] {dagbag.py:588} INFO - Filling up the DagBag from /home/airflow/.local/lib/python3.12/site-packages/airflow/example_dags/example_nested_branch_dag.py
[2025-08-07T17:53:37.591+0000] {processor.py:925} INFO - DAG(s) 'example_nested_branch_dag' retrieved from /home/airflow/.local/lib/python3.12/site-packages/airflow/example_dags/example_nested_branch_dag.py
[2025-08-07T17:54:51.217+0000] {logging_mixin.py:190} INFO - [2025-08-07T17:54:51.217+0000] {dag.py:3239} INFO - Sync 1 DAGs
[2025-08-07T17:53:37.753+0000] {logging_mixin.py:190} INFO - [2025-08-07T17:53:37.753+0000] {dag.py:4180} INFO - Setting next_dagrun for example_nested_branch_dag to 2025-08-06 00:00:00+00:00, run_after=2025-08-07 00:00:00+00:00
[2025-08-07T17:53:37.813+0000] {processor.py:208} INFO - Processing /home/airflow/.local/lib/python3.12/site-packages/airflow/example_dags/example_nested_branch_dag.py took 0.280 seconds
[2025-08-07T17:53:52.958+0000] {processor.py:186} INFO - Started process (PID=4270) to work on /home/airflow/.local/lib/python3.12/site-packages/airflow/example_dags/example_nested_branch_dag.py
[2025-08-07T17:53:52.960+0000] {processor.py:914} INFO - Processing file /home/airflow/.local/lib/python3.12/site-packages/airflow/example_dags/example_nested_branch_dag.py for tasks to queue
[2025-08-07T17:53:52.967+0000] {logging_mixin.py:190} INFO - [2025-08-07T17:53:52.966+0000] {dagbag.py:588} INFO - Filling up the DagBag from /home/airflow/.local/lib/python3.12/site-packages/airflow/example_dags/example_nested_branch_dag.py
[2025-08-07T17:53:52.995+0000] {processor.py:925} INFO - DAG(s) 'example_nested_branch_dag' retrieved from /home/airflow/.local/lib/python3.12/site-packages/airflow/example_dags/example_nested_branch_dag.py
[2025-08-07T17:53:53.057+0000] {logging_mixin.py:190} INFO - [2025-08-07T17:53:53.057+0000] {dag.py:3239} INFO - Sync 1 DAGs
[2025-08-07T17:53:53.139+0000] {logging_mixin.py:190} INFO - [2025-08-07T17:53:53.139+0000] {dag.py:4180} INFO - Setting next_dagrun for example_nested_branch_dag to 2025-08-06 00:00:00+00:00, run_after=2025-08-07 00:00:00+00:00
[2025-08-07T17:53:53.210+0000] {processor.py:208} INFO - Processing /home/airflow/.local/lib/python3.12/site-packages/airflow/example_dags/example_nested_branch_dag.py took 0.264 seconds
[2025-08-07T17:55:20.599+0000] {processor.py:186} INFO - Started process (PID=4330) to work on /home/airflow/.local/lib/python3.12/site-packages/airflow/example_dags/example_nested_branch_dag.py
[2025-08-07T17:55:20.601+0000] {processor.py:914} INFO - Processing file /home/airflow/.local/lib/python3.12/site-packages/airflow/example_dags/example_nested_branch_dag.py for tasks to queue
[2025-08-07T17:55:20.607+0000] {logging_mixin.py:190} INFO - [2025-08-07T17:55:20.607+0000] {dagbag.py:588} INFO - Filling up the DagBag from /home/airflow/.local/lib/python3.12/site-packages/airflow/example_dags/example_nested_branch_dag.py
