[2025-08-07T00:26:22.164+0000] {processor.py:186} INFO - Started process (PID=1036) to work on /home/airflow/.local/lib/python3.12/site-packages/airflow/example_dags/example_xcomargs.py
[2025-08-07T00:26:22.166+0000] {processor.py:914} INFO - Processing file /home/airflow/.local/lib/python3.12/site-packages/airflow/example_dags/example_xcomargs.py for tasks to queue
[2025-08-07T00:26:22.168+0000] {logging_mixin.py:190} INFO - [2025-08-07T00:26:22.168+0000] {dagbag.py:588} INFO - Filling up the DagBag from /home/airflow/.local/lib/python3.12/site-packages/airflow/example_dags/example_xcomargs.py
[2025-08-07T00:26:22.188+0000] {processor.py:925} INFO - DAG(s) 'example_xcom_args_with_operators', 'example_xcom_args' retrieved from /home/airflow/.local/lib/python3.12/site-packages/airflow/example_dags/example_xcomargs.py
[2025-08-07T00:26:22.239+0000] {logging_mixin.py:190} INFO - [2025-08-07T00:26:22.239+0000] {dag.py:3239} INFO - Sync 2 DAGs
[2025-08-07T00:26:22.268+0000] {logging_mixin.py:190} INFO - [2025-08-07T00:26:22.268+0000] {dag.py:4180} INFO - Setting next_dagrun for example_xcom_args to None, run_after=None
[2025-08-07T00:26:22.276+0000] {logging_mixin.py:190} INFO - [2025-08-07T00:26:22.275+0000] {dag.py:4180} INFO - Setting next_dagrun for example_xcom_args_with_operators to None, run_after=None
[2025-08-07T00:26:22.317+0000] {processor.py:208} INFO - Processing /home/airflow/.local/lib/python3.12/site-packages/airflow/example_dags/example_xcomargs.py took 0.162 seconds
[2025-08-07T11:29:44.598+0000] {processor.py:186} INFO - Started process (PID=1124) to work on /home/airflow/.local/lib/python3.12/site-packages/airflow/example_dags/example_xcomargs.py
[2025-08-07T11:29:44.600+0000] {processor.py:914} INFO - Processing file /home/airflow/.local/lib/python3.12/site-packages/airflow/example_dags/example_xcomargs.py for tasks to queue
[2025-08-07T11:29:44.602+0000] {logging_mixin.py:190} INFO - [2025-08-07T11:29:44.601+0000] {dagbag.py:588} INFO - Filling up the DagBag from /home/airflow/.local/lib/python3.12/site-packages/airflow/example_dags/example_xcomargs.py
[2025-08-07T11:29:44.615+0000] {processor.py:925} INFO - DAG(s) 'example_xcom_args', 'example_xcom_args_with_operators' retrieved from /home/airflow/.local/lib/python3.12/site-packages/airflow/example_dags/example_xcomargs.py
[2025-08-07T11:29:44.650+0000] {logging_mixin.py:190} INFO - [2025-08-07T11:29:44.650+0000] {dag.py:3239} INFO - Sync 2 DAGs
[2025-08-07T11:29:44.669+0000] {logging_mixin.py:190} INFO - [2025-08-07T11:29:44.669+0000] {dag.py:4180} INFO - Setting next_dagrun for example_xcom_args to None, run_after=None
[2025-08-07T11:29:44.674+0000] {logging_mixin.py:190} INFO - [2025-08-07T11:29:44.674+0000] {dag.py:4180} INFO - Setting next_dagrun for example_xcom_args_with_operators to None, run_after=None
[2025-08-07T11:29:44.696+0000] {processor.py:208} INFO - Processing /home/airflow/.local/lib/python3.12/site-packages/airflow/example_dags/example_xcomargs.py took 0.105 seconds
[2025-08-07T17:21:45.734+0000] {processor.py:186} INFO - Started process (PID=1202) to work on /home/airflow/.local/lib/python3.12/site-packages/airflow/example_dags/example_xcomargs.py
[2025-08-07T17:21:45.737+0000] {processor.py:914} INFO - Processing file /home/airflow/.local/lib/python3.12/site-packages/airflow/example_dags/example_xcomargs.py for tasks to queue
[2025-08-07T17:21:45.739+0000] {logging_mixin.py:190} INFO - [2025-08-07T17:21:45.739+0000] {dagbag.py:588} INFO - Filling up the DagBag from /home/airflow/.local/lib/python3.12/site-packages/airflow/example_dags/example_xcomargs.py
[2025-08-07T17:21:45.761+0000] {processor.py:925} INFO - DAG(s) 'example_xcom_args', 'example_xcom_args_with_operators' retrieved from /home/airflow/.local/lib/python3.12/site-packages/airflow/example_dags/example_xcomargs.py
[2025-08-07T17:21:45.834+0000] {logging_mixin.py:190} INFO - [2025-08-07T17:21:45.833+0000] {dag.py:3239} INFO - Sync 2 DAGs
[2025-08-07T17:21:45.948+0000] {logging_mixin.py:190} INFO - [2025-08-07T17:21:45.948+0000] {dag.py:4180} INFO - Setting next_dagrun for example_xcom_args to None, run_after=None
[2025-08-07T17:21:45.961+0000] {logging_mixin.py:190} INFO - [2025-08-07T17:21:45.961+0000] {dag.py:4180} INFO - Setting next_dagrun for example_xcom_args_with_operators to None, run_after=None
[2025-08-07T17:21:46.056+0000] {processor.py:208} INFO - Processing /home/airflow/.local/lib/python3.12/site-packages/airflow/example_dags/example_xcomargs.py took 0.334 seconds
[2025-08-07T17:22:16.700+0000] {processor.py:186} INFO - Started process (PID=1268) to work on /home/airflow/.local/lib/python3.12/site-packages/airflow/example_dags/example_xcomargs.py
[2025-08-07T17:22:16.701+0000] {processor.py:914} INFO - Processing file /home/airflow/.local/lib/python3.12/site-packages/airflow/example_dags/example_xcomargs.py for tasks to queue
[2025-08-07T17:22:16.703+0000] {logging_mixin.py:190} INFO - [2025-08-07T17:22:16.702+0000] {dagbag.py:588} INFO - Filling up the DagBag from /home/airflow/.local/lib/python3.12/site-packages/airflow/example_dags/example_xcomargs.py
[2025-08-07T17:22:16.720+0000] {processor.py:925} INFO - DAG(s) 'example_xcom_args_with_operators', 'example_xcom_args' retrieved from /home/airflow/.local/lib/python3.12/site-packages/airflow/example_dags/example_xcomargs.py
[2025-08-07T17:22:16.767+0000] {logging_mixin.py:190} INFO - [2025-08-07T17:22:16.766+0000] {dag.py:3239} INFO - Sync 2 DAGs
[2025-08-07T17:22:16.791+0000] {logging_mixin.py:190} INFO - [2025-08-07T17:22:16.791+0000] {dag.py:4180} INFO - Setting next_dagrun for example_xcom_args to None, run_after=None
[2025-08-07T17:22:16.798+0000] {logging_mixin.py:190} INFO - [2025-08-07T17:22:16.798+0000] {dag.py:4180} INFO - Setting next_dagrun for example_xcom_args_with_operators to None, run_after=None
[2025-08-07T17:22:16.823+0000] {processor.py:208} INFO - Processing /home/airflow/.local/lib/python3.12/site-packages/airflow/example_dags/example_xcomargs.py took 0.130 seconds
[2025-08-07T17:22:48.120+0000] {processor.py:186} INFO - Started process (PID=1334) to work on /home/airflow/.local/lib/python3.12/site-packages/airflow/example_dags/example_xcomargs.py
[2025-08-07T17:22:48.122+0000] {processor.py:914} INFO - Processing file /home/airflow/.local/lib/python3.12/site-packages/airflow/example_dags/example_xcomargs.py for tasks to queue
[2025-08-07T17:22:48.124+0000] {logging_mixin.py:190} INFO - [2025-08-07T17:22:48.123+0000] {dagbag.py:588} INFO - Filling up the DagBag from /home/airflow/.local/lib/python3.12/site-packages/airflow/example_dags/example_xcomargs.py
[2025-08-07T17:22:48.135+0000] {processor.py:925} INFO - DAG(s) 'example_xcom_args_with_operators', 'example_xcom_args' retrieved from /home/airflow/.local/lib/python3.12/site-packages/airflow/example_dags/example_xcomargs.py
[2025-08-07T17:22:48.162+0000] {logging_mixin.py:190} INFO - [2025-08-07T17:22:48.161+0000] {dag.py:3239} INFO - Sync 2 DAGs
[2025-08-07T17:22:48.179+0000] {logging_mixin.py:190} INFO - [2025-08-07T17:22:48.179+0000] {dag.py:4180} INFO - Setting next_dagrun for example_xcom_args to None, run_after=None
[2025-08-07T17:22:48.184+0000] {logging_mixin.py:190} INFO - [2025-08-07T17:22:48.184+0000] {dag.py:4180} INFO - Setting next_dagrun for example_xcom_args_with_operators to None, run_after=None
[2025-08-07T17:22:48.204+0000] {processor.py:208} INFO - Processing /home/airflow/.local/lib/python3.12/site-packages/airflow/example_dags/example_xcomargs.py took 0.091 seconds
[2025-08-07T17:23:17.796+0000] {processor.py:186} INFO - Started process (PID=1498) to work on /home/airflow/.local/lib/python3.12/site-packages/airflow/example_dags/example_xcomargs.py
[2025-08-07T17:23:17.797+0000] {processor.py:914} INFO - Processing file /home/airflow/.local/lib/python3.12/site-packages/airflow/example_dags/example_xcomargs.py for tasks to queue
[2025-08-07T17:23:17.799+0000] {logging_mixin.py:190} INFO - [2025-08-07T17:23:17.799+0000] {dagbag.py:588} INFO - Filling up the DagBag from /home/airflow/.local/lib/python3.12/site-packages/airflow/example_dags/example_xcomargs.py
[2025-08-07T17:23:17.810+0000] {processor.py:925} INFO - DAG(s) 'example_xcom_args', 'example_xcom_args_with_operators' retrieved from /home/airflow/.local/lib/python3.12/site-packages/airflow/example_dags/example_xcomargs.py
[2025-08-07T17:23:17.836+0000] {logging_mixin.py:190} INFO - [2025-08-07T17:23:17.835+0000] {dag.py:3239} INFO - Sync 2 DAGs
[2025-08-07T17:23:17.855+0000] {logging_mixin.py:190} INFO - [2025-08-07T17:23:17.855+0000] {dag.py:4180} INFO - Setting next_dagrun for example_xcom_args to None, run_after=None
[2025-08-07T17:23:17.860+0000] {logging_mixin.py:190} INFO - [2025-08-07T17:23:17.860+0000] {dag.py:4180} INFO - Setting next_dagrun for example_xcom_args_with_operators to None, run_after=None
[2025-08-07T17:23:17.881+0000] {processor.py:208} INFO - Processing /home/airflow/.local/lib/python3.12/site-packages/airflow/example_dags/example_xcomargs.py took 0.091 seconds
[2025-08-07T17:23:47.679+0000] {processor.py:186} INFO - Started process (PID=1564) to work on /home/airflow/.local/lib/python3.12/site-packages/airflow/example_dags/example_xcomargs.py
[2025-08-07T17:23:47.681+0000] {processor.py:914} INFO - Processing file /home/airflow/.local/lib/python3.12/site-packages/airflow/example_dags/example_xcomargs.py for tasks to queue
[2025-08-07T17:23:47.682+0000] {logging_mixin.py:190} INFO - [2025-08-07T17:23:47.682+0000] {dagbag.py:588} INFO - Filling up the DagBag from /home/airflow/.local/lib/python3.12/site-packages/airflow/example_dags/example_xcomargs.py
[2025-08-07T17:23:47.693+0000] {processor.py:925} INFO - DAG(s) 'example_xcom_args_with_operators', 'example_xcom_args' retrieved from /home/airflow/.local/lib/python3.12/site-packages/airflow/example_dags/example_xcomargs.py
[2025-08-07T17:23:47.722+0000] {logging_mixin.py:190} INFO - [2025-08-07T17:23:47.722+0000] {dag.py:3239} INFO - Sync 2 DAGs
[2025-08-07T17:23:47.742+0000] {logging_mixin.py:190} INFO - [2025-08-07T17:23:47.742+0000] {dag.py:4180} INFO - Setting next_dagrun for example_xcom_args to None, run_after=None
[2025-08-07T17:23:47.747+0000] {logging_mixin.py:190} INFO - [2025-08-07T17:23:47.747+0000] {dag.py:4180} INFO - Setting next_dagrun for example_xcom_args_with_operators to None, run_after=None
[2025-08-07T17:23:47.769+0000] {processor.py:208} INFO - Processing /home/airflow/.local/lib/python3.12/site-packages/airflow/example_dags/example_xcomargs.py took 0.095 seconds
[2025-08-07T17:24:03.163+0000] {processor.py:186} INFO - Started process (PID=1622) to work on /home/airflow/.local/lib/python3.12/site-packages/airflow/example_dags/example_xcomargs.py
[2025-08-07T17:24:03.164+0000] {processor.py:914} INFO - Processing file /home/airflow/.local/lib/python3.12/site-packages/airflow/example_dags/example_xcomargs.py for tasks to queue
[2025-08-07T17:24:03.165+0000] {logging_mixin.py:190} INFO - [2025-08-07T17:24:03.165+0000] {dagbag.py:588} INFO - Filling up the DagBag from /home/airflow/.local/lib/python3.12/site-packages/airflow/example_dags/example_xcomargs.py
[2025-08-07T17:24:03.176+0000] {processor.py:925} INFO - DAG(s) 'example_xcom_args_with_operators', 'example_xcom_args' retrieved from /home/airflow/.local/lib/python3.12/site-packages/airflow/example_dags/example_xcomargs.py
[2025-08-07T17:24:03.204+0000] {logging_mixin.py:190} INFO - [2025-08-07T17:24:03.204+0000] {dag.py:3239} INFO - Sync 2 DAGs
[2025-08-07T17:24:03.222+0000] {logging_mixin.py:190} INFO - [2025-08-07T17:24:03.222+0000] {dag.py:4180} INFO - Setting next_dagrun for example_xcom_args to None, run_after=None
[2025-08-07T17:24:03.227+0000] {logging_mixin.py:190} INFO - [2025-08-07T17:24:03.227+0000] {dag.py:4180} INFO - Setting next_dagrun for example_xcom_args_with_operators to None, run_after=None
[2025-08-07T17:24:03.252+0000] {processor.py:208} INFO - Processing /home/airflow/.local/lib/python3.12/site-packages/airflow/example_dags/example_xcomargs.py took 0.095 seconds
[2025-08-07T17:24:16.164+0000] {processor.py:186} INFO - Started process (PID=1687) to work on /home/airflow/.local/lib/python3.12/site-packages/airflow/example_dags/example_xcomargs.py
[2025-08-07T17:24:16.165+0000] {processor.py:914} INFO - Processing file /home/airflow/.local/lib/python3.12/site-packages/airflow/example_dags/example_xcomargs.py for tasks to queue
[2025-08-07T17:24:16.166+0000] {logging_mixin.py:190} INFO - [2025-08-07T17:24:16.166+0000] {dagbag.py:588} INFO - Filling up the DagBag from /home/airflow/.local/lib/python3.12/site-packages/airflow/example_dags/example_xcomargs.py
[2025-08-07T17:24:16.177+0000] {processor.py:925} INFO - DAG(s) 'example_xcom_args_with_operators', 'example_xcom_args' retrieved from /home/airflow/.local/lib/python3.12/site-packages/airflow/example_dags/example_xcomargs.py
[2025-08-07T17:24:16.203+0000] {logging_mixin.py:190} INFO - [2025-08-07T17:24:16.202+0000] {dag.py:3239} INFO - Sync 2 DAGs
[2025-08-07T17:24:16.218+0000] {logging_mixin.py:190} INFO - [2025-08-07T17:24:16.218+0000] {dag.py:4180} INFO - Setting next_dagrun for example_xcom_args to None, run_after=None
[2025-08-07T17:24:16.224+0000] {logging_mixin.py:190} INFO - [2025-08-07T17:24:16.223+0000] {dag.py:4180} INFO - Setting next_dagrun for example_xcom_args_with_operators to None, run_after=None
[2025-08-07T17:24:16.243+0000] {processor.py:208} INFO - Processing /home/airflow/.local/lib/python3.12/site-packages/airflow/example_dags/example_xcomargs.py took 0.085 seconds
[2025-08-07T17:24:47.627+0000] {processor.py:186} INFO - Started process (PID=1756) to work on /home/airflow/.local/lib/python3.12/site-packages/airflow/example_dags/example_xcomargs.py
[2025-08-07T17:24:47.628+0000] {processor.py:914} INFO - Processing file /home/airflow/.local/lib/python3.12/site-packages/airflow/example_dags/example_xcomargs.py for tasks to queue
[2025-08-07T17:24:47.630+0000] {logging_mixin.py:190} INFO - [2025-08-07T17:24:47.630+0000] {dagbag.py:588} INFO - Filling up the DagBag from /home/airflow/.local/lib/python3.12/site-packages/airflow/example_dags/example_xcomargs.py
[2025-08-07T17:24:47.641+0000] {processor.py:925} INFO - DAG(s) 'example_xcom_args_with_operators', 'example_xcom_args' retrieved from /home/airflow/.local/lib/python3.12/site-packages/airflow/example_dags/example_xcomargs.py
[2025-08-07T17:24:47.671+0000] {logging_mixin.py:190} INFO - [2025-08-07T17:24:47.671+0000] {dag.py:3239} INFO - Sync 2 DAGs
[2025-08-07T17:24:47.688+0000] {logging_mixin.py:190} INFO - [2025-08-07T17:24:47.688+0000] {dag.py:4180} INFO - Setting next_dagrun for example_xcom_args to None, run_after=None
[2025-08-07T17:24:47.694+0000] {logging_mixin.py:190} INFO - [2025-08-07T17:24:47.694+0000] {dag.py:4180} INFO - Setting next_dagrun for example_xcom_args_with_operators to None, run_after=None
[2025-08-07T17:24:47.718+0000] {processor.py:208} INFO - Processing /home/airflow/.local/lib/python3.12/site-packages/airflow/example_dags/example_xcomargs.py took 0.096 seconds
[2025-08-07T17:25:02.976+0000] {processor.py:186} INFO - Started process (PID=1815) to work on /home/airflow/.local/lib/python3.12/site-packages/airflow/example_dags/example_xcomargs.py
[2025-08-07T17:25:02.977+0000] {processor.py:914} INFO - Processing file /home/airflow/.local/lib/python3.12/site-packages/airflow/example_dags/example_xcomargs.py for tasks to queue
[2025-08-07T17:25:02.979+0000] {logging_mixin.py:190} INFO - [2025-08-07T17:25:02.979+0000] {dagbag.py:588} INFO - Filling up the DagBag from /home/airflow/.local/lib/python3.12/site-packages/airflow/example_dags/example_xcomargs.py
[2025-08-07T17:25:02.991+0000] {processor.py:925} INFO - DAG(s) 'example_xcom_args', 'example_xcom_args_with_operators' retrieved from /home/airflow/.local/lib/python3.12/site-packages/airflow/example_dags/example_xcomargs.py
[2025-08-07T17:25:03.019+0000] {logging_mixin.py:190} INFO - [2025-08-07T17:25:03.019+0000] {dag.py:3239} INFO - Sync 2 DAGs
[2025-08-07T17:25:03.036+0000] {logging_mixin.py:190} INFO - [2025-08-07T17:25:03.036+0000] {dag.py:4180} INFO - Setting next_dagrun for example_xcom_args to None, run_after=None
[2025-08-07T17:25:03.042+0000] {logging_mixin.py:190} INFO - [2025-08-07T17:25:03.041+0000] {dag.py:4180} INFO - Setting next_dagrun for example_xcom_args_with_operators to None, run_after=None
[2025-08-07T17:25:03.065+0000] {processor.py:208} INFO - Processing /home/airflow/.local/lib/python3.12/site-packages/airflow/example_dags/example_xcomargs.py took 0.095 seconds
[2025-08-07T17:25:16.578+0000] {processor.py:186} INFO - Started process (PID=1877) to work on /home/airflow/.local/lib/python3.12/site-packages/airflow/example_dags/example_xcomargs.py
[2025-08-07T17:25:16.580+0000] {processor.py:914} INFO - Processing file /home/airflow/.local/lib/python3.12/site-packages/airflow/example_dags/example_xcomargs.py for tasks to queue
[2025-08-07T17:25:16.582+0000] {logging_mixin.py:190} INFO - [2025-08-07T17:25:16.582+0000] {dagbag.py:588} INFO - Filling up the DagBag from /home/airflow/.local/lib/python3.12/site-packages/airflow/example_dags/example_xcomargs.py
[2025-08-07T17:25:16.592+0000] {processor.py:925} INFO - DAG(s) 'example_xcom_args', 'example_xcom_args_with_operators' retrieved from /home/airflow/.local/lib/python3.12/site-packages/airflow/example_dags/example_xcomargs.py
[2025-08-07T17:25:16.622+0000] {logging_mixin.py:190} INFO - [2025-08-07T17:25:16.622+0000] {dag.py:3239} INFO - Sync 2 DAGs
[2025-08-07T17:25:16.640+0000] {logging_mixin.py:190} INFO - [2025-08-07T17:25:16.639+0000] {dag.py:4180} INFO - Setting next_dagrun for example_xcom_args to None, run_after=None
[2025-08-07T17:25:16.645+0000] {logging_mixin.py:190} INFO - [2025-08-07T17:25:16.645+0000] {dag.py:4180} INFO - Setting next_dagrun for example_xcom_args_with_operators to None, run_after=None
[2025-08-07T17:25:16.670+0000] {processor.py:208} INFO - Processing /home/airflow/.local/lib/python3.12/site-packages/airflow/example_dags/example_xcomargs.py took 0.098 seconds
[2025-08-07T17:25:45.823+0000] {processor.py:186} INFO - Started process (PID=1942) to work on /home/airflow/.local/lib/python3.12/site-packages/airflow/example_dags/example_xcomargs.py
[2025-08-07T17:25:45.824+0000] {processor.py:914} INFO - Processing file /home/airflow/.local/lib/python3.12/site-packages/airflow/example_dags/example_xcomargs.py for tasks to queue
[2025-08-07T17:25:45.826+0000] {logging_mixin.py:190} INFO - [2025-08-07T17:25:45.826+0000] {dagbag.py:588} INFO - Filling up the DagBag from /home/airflow/.local/lib/python3.12/site-packages/airflow/example_dags/example_xcomargs.py
[2025-08-07T17:25:45.837+0000] {processor.py:925} INFO - DAG(s) 'example_xcom_args', 'example_xcom_args_with_operators' retrieved from /home/airflow/.local/lib/python3.12/site-packages/airflow/example_dags/example_xcomargs.py
[2025-08-07T17:25:45.864+0000] {logging_mixin.py:190} INFO - [2025-08-07T17:25:45.864+0000] {dag.py:3239} INFO - Sync 2 DAGs
[2025-08-07T17:25:45.886+0000] {logging_mixin.py:190} INFO - [2025-08-07T17:25:45.886+0000] {dag.py:4180} INFO - Setting next_dagrun for example_xcom_args to None, run_after=None
[2025-08-07T17:25:45.892+0000] {logging_mixin.py:190} INFO - [2025-08-07T17:25:45.892+0000] {dag.py:4180} INFO - Setting next_dagrun for example_xcom_args_with_operators to None, run_after=None
[2025-08-07T17:25:45.919+0000] {processor.py:208} INFO - Processing /home/airflow/.local/lib/python3.12/site-packages/airflow/example_dags/example_xcomargs.py took 0.104 seconds
[2025-08-07T17:26:16.958+0000] {processor.py:186} INFO - Started process (PID=2006) to work on /home/airflow/.local/lib/python3.12/site-packages/airflow/example_dags/example_xcomargs.py
[2025-08-07T17:26:16.960+0000] {processor.py:914} INFO - Processing file /home/airflow/.local/lib/python3.12/site-packages/airflow/example_dags/example_xcomargs.py for tasks to queue
[2025-08-07T17:26:16.962+0000] {logging_mixin.py:190} INFO - [2025-08-07T17:26:16.961+0000] {dagbag.py:588} INFO - Filling up the DagBag from /home/airflow/.local/lib/python3.12/site-packages/airflow/example_dags/example_xcomargs.py
[2025-08-07T17:26:16.976+0000] {processor.py:925} INFO - DAG(s) 'example_xcom_args_with_operators', 'example_xcom_args' retrieved from /home/airflow/.local/lib/python3.12/site-packages/airflow/example_dags/example_xcomargs.py
[2025-08-07T17:26:17.008+0000] {logging_mixin.py:190} INFO - [2025-08-07T17:26:17.007+0000] {dag.py:3239} INFO - Sync 2 DAGs
[2025-08-07T17:26:17.026+0000] {logging_mixin.py:190} INFO - [2025-08-07T17:26:17.026+0000] {dag.py:4180} INFO - Setting next_dagrun for example_xcom_args to None, run_after=None
[2025-08-07T17:26:17.031+0000] {logging_mixin.py:190} INFO - [2025-08-07T17:26:17.031+0000] {dag.py:4180} INFO - Setting next_dagrun for example_xcom_args_with_operators to None, run_after=None
[2025-08-07T17:26:17.057+0000] {processor.py:208} INFO - Processing /home/airflow/.local/lib/python3.12/site-packages/airflow/example_dags/example_xcomargs.py took 0.107 seconds
[2025-08-07T17:26:48.240+0000] {processor.py:186} INFO - Started process (PID=2069) to work on /home/airflow/.local/lib/python3.12/site-packages/airflow/example_dags/example_xcomargs.py
[2025-08-07T17:26:48.241+0000] {processor.py:914} INFO - Processing file /home/airflow/.local/lib/python3.12/site-packages/airflow/example_dags/example_xcomargs.py for tasks to queue
[2025-08-07T17:26:48.242+0000] {logging_mixin.py:190} INFO - [2025-08-07T17:26:48.242+0000] {dagbag.py:588} INFO - Filling up the DagBag from /home/airflow/.local/lib/python3.12/site-packages/airflow/example_dags/example_xcomargs.py
[2025-08-07T17:26:48.252+0000] {processor.py:925} INFO - DAG(s) 'example_xcom_args_with_operators', 'example_xcom_args' retrieved from /home/airflow/.local/lib/python3.12/site-packages/airflow/example_dags/example_xcomargs.py
[2025-08-07T17:26:48.282+0000] {logging_mixin.py:190} INFO - [2025-08-07T17:26:48.281+0000] {dag.py:3239} INFO - Sync 2 DAGs
[2025-08-07T17:26:48.300+0000] {logging_mixin.py:190} INFO - [2025-08-07T17:26:48.299+0000] {dag.py:4180} INFO - Setting next_dagrun for example_xcom_args to None, run_after=None
[2025-08-07T17:26:48.305+0000] {logging_mixin.py:190} INFO - [2025-08-07T17:26:48.305+0000] {dag.py:4180} INFO - Setting next_dagrun for example_xcom_args_with_operators to None, run_after=None
[2025-08-07T17:26:48.328+0000] {processor.py:208} INFO - Processing /home/airflow/.local/lib/python3.12/site-packages/airflow/example_dags/example_xcomargs.py took 0.095 seconds
[2025-08-07T17:26:58.291+0000] {processor.py:186} INFO - Started process (PID=2129) to work on /home/airflow/.local/lib/python3.12/site-packages/airflow/example_dags/example_xcomargs.py
[2025-08-07T17:26:58.293+0000] {processor.py:914} INFO - Processing file /home/airflow/.local/lib/python3.12/site-packages/airflow/example_dags/example_xcomargs.py for tasks to queue
[2025-08-07T17:26:58.295+0000] {logging_mixin.py:190} INFO - [2025-08-07T17:26:58.294+0000] {dagbag.py:588} INFO - Filling up the DagBag from /home/airflow/.local/lib/python3.12/site-packages/airflow/example_dags/example_xcomargs.py
[2025-08-07T17:26:58.310+0000] {processor.py:925} INFO - DAG(s) 'example_xcom_args_with_operators', 'example_xcom_args' retrieved from /home/airflow/.local/lib/python3.12/site-packages/airflow/example_dags/example_xcomargs.py
[2025-08-07T17:26:58.342+0000] {logging_mixin.py:190} INFO - [2025-08-07T17:26:58.342+0000] {dag.py:3239} INFO - Sync 2 DAGs
[2025-08-07T17:26:58.360+0000] {logging_mixin.py:190} INFO - [2025-08-07T17:26:58.360+0000] {dag.py:4180} INFO - Setting next_dagrun for example_xcom_args to None, run_after=None
[2025-08-07T17:26:58.366+0000] {logging_mixin.py:190} INFO - [2025-08-07T17:26:58.366+0000] {dag.py:4180} INFO - Setting next_dagrun for example_xcom_args_with_operators to None, run_after=None
[2025-08-07T17:26:58.392+0000] {processor.py:208} INFO - Processing /home/airflow/.local/lib/python3.12/site-packages/airflow/example_dags/example_xcomargs.py took 0.107 seconds
[2025-08-07T17:27:29.782+0000] {processor.py:186} INFO - Started process (PID=2193) to work on /home/airflow/.local/lib/python3.12/site-packages/airflow/example_dags/example_xcomargs.py
[2025-08-07T17:27:29.784+0000] {processor.py:914} INFO - Processing file /home/airflow/.local/lib/python3.12/site-packages/airflow/example_dags/example_xcomargs.py for tasks to queue
[2025-08-07T17:27:29.786+0000] {logging_mixin.py:190} INFO - [2025-08-07T17:27:29.786+0000] {dagbag.py:588} INFO - Filling up the DagBag from /home/airflow/.local/lib/python3.12/site-packages/airflow/example_dags/example_xcomargs.py
[2025-08-07T17:27:29.801+0000] {processor.py:925} INFO - DAG(s) 'example_xcom_args', 'example_xcom_args_with_operators' retrieved from /home/airflow/.local/lib/python3.12/site-packages/airflow/example_dags/example_xcomargs.py
[2025-08-07T17:27:29.834+0000] {logging_mixin.py:190} INFO - [2025-08-07T17:27:29.834+0000] {dag.py:3239} INFO - Sync 2 DAGs
[2025-08-07T17:27:29.857+0000] {logging_mixin.py:190} INFO - [2025-08-07T17:27:29.856+0000] {dag.py:4180} INFO - Setting next_dagrun for example_xcom_args to None, run_after=None
[2025-08-07T17:27:29.861+0000] {logging_mixin.py:190} INFO - [2025-08-07T17:27:29.861+0000] {dag.py:4180} INFO - Setting next_dagrun for example_xcom_args_with_operators to None, run_after=None
[2025-08-07T17:27:29.884+0000] {processor.py:208} INFO - Processing /home/airflow/.local/lib/python3.12/site-packages/airflow/example_dags/example_xcomargs.py took 0.109 seconds
[2025-08-07T17:27:58.845+0000] {processor.py:186} INFO - Started process (PID=2257) to work on /home/airflow/.local/lib/python3.12/site-packages/airflow/example_dags/example_xcomargs.py
[2025-08-07T17:27:58.847+0000] {processor.py:914} INFO - Processing file /home/airflow/.local/lib/python3.12/site-packages/airflow/example_dags/example_xcomargs.py for tasks to queue
[2025-08-07T17:27:58.849+0000] {logging_mixin.py:190} INFO - [2025-08-07T17:27:58.849+0000] {dagbag.py:588} INFO - Filling up the DagBag from /home/airflow/.local/lib/python3.12/site-packages/airflow/example_dags/example_xcomargs.py
[2025-08-07T17:29:12.014+0000] {processor.py:925} INFO - DAG(s) 'example_xcom_args', 'example_xcom_args_with_operators' retrieved from /home/airflow/.local/lib/python3.12/site-packages/airflow/example_dags/example_xcomargs.py
[2025-08-07T17:28:40.136+0000] {processor.py:186} INFO - Started process (PID=2386) to work on /home/airflow/.local/lib/python3.12/site-packages/airflow/example_dags/example_xcomargs.py
[2025-08-07T17:28:40.137+0000] {processor.py:914} INFO - Processing file /home/airflow/.local/lib/python3.12/site-packages/airflow/example_dags/example_xcomargs.py for tasks to queue
[2025-08-07T17:28:40.139+0000] {logging_mixin.py:190} INFO - [2025-08-07T17:28:40.139+0000] {dagbag.py:588} INFO - Filling up the DagBag from /home/airflow/.local/lib/python3.12/site-packages/airflow/example_dags/example_xcomargs.py
[2025-08-07T17:28:40.152+0000] {processor.py:925} INFO - DAG(s) 'example_xcom_args_with_operators', 'example_xcom_args' retrieved from /home/airflow/.local/lib/python3.12/site-packages/airflow/example_dags/example_xcomargs.py
[2025-08-07T17:28:40.188+0000] {logging_mixin.py:190} INFO - [2025-08-07T17:28:40.188+0000] {dag.py:3239} INFO - Sync 2 DAGs
[2025-08-07T17:28:40.212+0000] {logging_mixin.py:190} INFO - [2025-08-07T17:28:40.212+0000] {dag.py:4180} INFO - Setting next_dagrun for example_xcom_args to None, run_after=None
[2025-08-07T17:28:40.220+0000] {logging_mixin.py:190} INFO - [2025-08-07T17:28:40.220+0000] {dag.py:4180} INFO - Setting next_dagrun for example_xcom_args_with_operators to None, run_after=None
[2025-08-07T17:28:40.250+0000] {processor.py:208} INFO - Processing /home/airflow/.local/lib/python3.12/site-packages/airflow/example_dags/example_xcomargs.py took 0.123 seconds
[2025-08-07T17:29:11.373+0000] {processor.py:186} INFO - Started process (PID=2452) to work on /home/airflow/.local/lib/python3.12/site-packages/airflow/example_dags/example_xcomargs.py
[2025-08-07T17:29:11.374+0000] {processor.py:914} INFO - Processing file /home/airflow/.local/lib/python3.12/site-packages/airflow/example_dags/example_xcomargs.py for tasks to queue
[2025-08-07T17:29:11.376+0000] {logging_mixin.py:190} INFO - [2025-08-07T17:29:11.375+0000] {dagbag.py:588} INFO - Filling up the DagBag from /home/airflow/.local/lib/python3.12/site-packages/airflow/example_dags/example_xcomargs.py
[2025-08-07T17:29:11.387+0000] {processor.py:925} INFO - DAG(s) 'example_xcom_args_with_operators', 'example_xcom_args' retrieved from /home/airflow/.local/lib/python3.12/site-packages/airflow/example_dags/example_xcomargs.py
[2025-08-07T17:29:11.416+0000] {logging_mixin.py:190} INFO - [2025-08-07T17:29:11.415+0000] {dag.py:3239} INFO - Sync 2 DAGs
[2025-08-07T17:29:11.438+0000] {logging_mixin.py:190} INFO - [2025-08-07T17:29:11.438+0000] {dag.py:4180} INFO - Setting next_dagrun for example_xcom_args to None, run_after=None
[2025-08-07T17:29:11.445+0000] {logging_mixin.py:190} INFO - [2025-08-07T17:29:11.445+0000] {dag.py:4180} INFO - Setting next_dagrun for example_xcom_args_with_operators to None, run_after=None
[2025-08-07T17:29:11.476+0000] {processor.py:208} INFO - Processing /home/airflow/.local/lib/python3.12/site-packages/airflow/example_dags/example_xcomargs.py took 0.109 seconds
[2025-08-07T17:29:18.809+0000] {processor.py:186} INFO - Started process (PID=2510) to work on /home/airflow/.local/lib/python3.12/site-packages/airflow/example_dags/example_xcomargs.py
[2025-08-07T17:29:18.810+0000] {processor.py:914} INFO - Processing file /home/airflow/.local/lib/python3.12/site-packages/airflow/example_dags/example_xcomargs.py for tasks to queue
[2025-08-07T17:29:18.813+0000] {logging_mixin.py:190} INFO - [2025-08-07T17:29:18.811+0000] {dagbag.py:588} INFO - Filling up the DagBag from /home/airflow/.local/lib/python3.12/site-packages/airflow/example_dags/example_xcomargs.py
[2025-08-07T17:29:18.825+0000] {processor.py:925} INFO - DAG(s) 'example_xcom_args_with_operators', 'example_xcom_args' retrieved from /home/airflow/.local/lib/python3.12/site-packages/airflow/example_dags/example_xcomargs.py
[2025-08-07T17:29:18.856+0000] {logging_mixin.py:190} INFO - [2025-08-07T17:29:18.856+0000] {dag.py:3239} INFO - Sync 2 DAGs
[2025-08-07T17:29:18.879+0000] {logging_mixin.py:190} INFO - [2025-08-07T17:29:18.879+0000] {dag.py:4180} INFO - Setting next_dagrun for example_xcom_args to None, run_after=None
[2025-08-07T17:29:18.886+0000] {logging_mixin.py:190} INFO - [2025-08-07T17:29:18.886+0000] {dag.py:4180} INFO - Setting next_dagrun for example_xcom_args_with_operators to None, run_after=None
[2025-08-07T17:29:18.914+0000] {processor.py:208} INFO - Processing /home/airflow/.local/lib/python3.12/site-packages/airflow/example_dags/example_xcomargs.py took 0.115 seconds
[2025-08-07T17:29:50.175+0000] {processor.py:186} INFO - Started process (PID=2574) to work on /home/airflow/.local/lib/python3.12/site-packages/airflow/example_dags/example_xcomargs.py
[2025-08-07T17:29:50.176+0000] {processor.py:914} INFO - Processing file /home/airflow/.local/lib/python3.12/site-packages/airflow/example_dags/example_xcomargs.py for tasks to queue
[2025-08-07T17:29:50.178+0000] {logging_mixin.py:190} INFO - [2025-08-07T17:29:50.177+0000] {dagbag.py:588} INFO - Filling up the DagBag from /home/airflow/.local/lib/python3.12/site-packages/airflow/example_dags/example_xcomargs.py
[2025-08-07T17:29:50.194+0000] {processor.py:925} INFO - DAG(s) 'example_xcom_args_with_operators', 'example_xcom_args' retrieved from /home/airflow/.local/lib/python3.12/site-packages/airflow/example_dags/example_xcomargs.py
[2025-08-07T17:29:50.228+0000] {logging_mixin.py:190} INFO - [2025-08-07T17:29:50.228+0000] {dag.py:3239} INFO - Sync 2 DAGs
[2025-08-07T17:29:50.255+0000] {logging_mixin.py:190} INFO - [2025-08-07T17:29:50.255+0000] {dag.py:4180} INFO - Setting next_dagrun for example_xcom_args to None, run_after=None
[2025-08-07T17:29:50.262+0000] {logging_mixin.py:190} INFO - [2025-08-07T17:29:50.261+0000] {dag.py:4180} INFO - Setting next_dagrun for example_xcom_args_with_operators to None, run_after=None
[2025-08-07T17:29:50.288+0000] {processor.py:208} INFO - Processing /home/airflow/.local/lib/python3.12/site-packages/airflow/example_dags/example_xcomargs.py took 0.122 seconds
[2025-08-07T17:30:21.588+0000] {processor.py:186} INFO - Started process (PID=2638) to work on /home/airflow/.local/lib/python3.12/site-packages/airflow/example_dags/example_xcomargs.py
[2025-08-07T17:30:21.590+0000] {processor.py:914} INFO - Processing file /home/airflow/.local/lib/python3.12/site-packages/airflow/example_dags/example_xcomargs.py for tasks to queue
[2025-08-07T17:30:21.592+0000] {logging_mixin.py:190} INFO - [2025-08-07T17:30:21.591+0000] {dagbag.py:588} INFO - Filling up the DagBag from /home/airflow/.local/lib/python3.12/site-packages/airflow/example_dags/example_xcomargs.py
[2025-08-07T17:30:21.603+0000] {processor.py:925} INFO - DAG(s) 'example_xcom_args', 'example_xcom_args_with_operators' retrieved from /home/airflow/.local/lib/python3.12/site-packages/airflow/example_dags/example_xcomargs.py
[2025-08-07T17:30:21.635+0000] {logging_mixin.py:190} INFO - [2025-08-07T17:30:21.635+0000] {dag.py:3239} INFO - Sync 2 DAGs
[2025-08-07T17:30:21.660+0000] {logging_mixin.py:190} INFO - [2025-08-07T17:30:21.660+0000] {dag.py:4180} INFO - Setting next_dagrun for example_xcom_args to None, run_after=None
[2025-08-07T17:30:21.668+0000] {logging_mixin.py:190} INFO - [2025-08-07T17:30:21.667+0000] {dag.py:4180} INFO - Setting next_dagrun for example_xcom_args_with_operators to None, run_after=None
[2025-08-07T17:30:21.869+0000] {processor.py:208} INFO - Processing /home/airflow/.local/lib/python3.12/site-packages/airflow/example_dags/example_xcomargs.py took 0.287 seconds
[2025-08-07T17:42:40.090+0000] {processor.py:186} INFO - Started process (PID=2716) to work on /home/airflow/.local/lib/python3.12/site-packages/airflow/example_dags/example_xcomargs.py
[2025-08-07T17:42:40.092+0000] {processor.py:914} INFO - Processing file /home/airflow/.local/lib/python3.12/site-packages/airflow/example_dags/example_xcomargs.py for tasks to queue
[2025-08-07T17:42:40.094+0000] {logging_mixin.py:190} INFO - [2025-08-07T17:42:40.093+0000] {dagbag.py:588} INFO - Filling up the DagBag from /home/airflow/.local/lib/python3.12/site-packages/airflow/example_dags/example_xcomargs.py
[2025-08-07T17:42:40.114+0000] {processor.py:925} INFO - DAG(s) 'example_xcom_args_with_operators', 'example_xcom_args' retrieved from /home/airflow/.local/lib/python3.12/site-packages/airflow/example_dags/example_xcomargs.py
[2025-08-07T17:42:40.170+0000] {logging_mixin.py:190} INFO - [2025-08-07T17:42:40.170+0000] {dag.py:3239} INFO - Sync 2 DAGs
[2025-08-07T17:42:40.205+0000] {logging_mixin.py:190} INFO - [2025-08-07T17:42:40.204+0000] {dag.py:4180} INFO - Setting next_dagrun for example_xcom_args to None, run_after=None
[2025-08-07T17:42:40.219+0000] {logging_mixin.py:190} INFO - [2025-08-07T17:42:40.219+0000] {dag.py:4180} INFO - Setting next_dagrun for example_xcom_args_with_operators to None, run_after=None
[2025-08-07T17:42:40.262+0000] {processor.py:208} INFO - Processing /home/airflow/.local/lib/python3.12/site-packages/airflow/example_dags/example_xcomargs.py took 0.187 seconds
[2025-08-07T17:43:12.062+0000] {processor.py:186} INFO - Started process (PID=2782) to work on /home/airflow/.local/lib/python3.12/site-packages/airflow/example_dags/example_xcomargs.py
[2025-08-07T17:43:12.063+0000] {processor.py:914} INFO - Processing file /home/airflow/.local/lib/python3.12/site-packages/airflow/example_dags/example_xcomargs.py for tasks to queue
[2025-08-07T17:43:12.068+0000] {logging_mixin.py:190} INFO - [2025-08-07T17:43:12.067+0000] {dagbag.py:588} INFO - Filling up the DagBag from /home/airflow/.local/lib/python3.12/site-packages/airflow/example_dags/example_xcomargs.py
[2025-08-07T17:43:12.081+0000] {processor.py:925} INFO - DAG(s) 'example_xcom_args', 'example_xcom_args_with_operators' retrieved from /home/airflow/.local/lib/python3.12/site-packages/airflow/example_dags/example_xcomargs.py
[2025-08-07T17:43:12.131+0000] {logging_mixin.py:190} INFO - [2025-08-07T17:43:12.131+0000] {dag.py:3239} INFO - Sync 2 DAGs
[2025-08-07T17:43:12.371+0000] {logging_mixin.py:190} INFO - [2025-08-07T17:43:12.371+0000] {dag.py:4180} INFO - Setting next_dagrun for example_xcom_args to None, run_after=None
[2025-08-07T17:43:12.379+0000] {logging_mixin.py:190} INFO - [2025-08-07T17:43:12.378+0000] {dag.py:4180} INFO - Setting next_dagrun for example_xcom_args_with_operators to None, run_after=None
[2025-08-07T17:43:12.408+0000] {processor.py:208} INFO - Processing /home/airflow/.local/lib/python3.12/site-packages/airflow/example_dags/example_xcomargs.py took 0.352 seconds
[2025-08-07T17:43:29.143+0000] {processor.py:186} INFO - Started process (PID=2846) to work on /home/airflow/.local/lib/python3.12/site-packages/airflow/example_dags/example_xcomargs.py
[2025-08-07T17:43:29.150+0000] {processor.py:914} INFO - Processing file /home/airflow/.local/lib/python3.12/site-packages/airflow/example_dags/example_xcomargs.py for tasks to queue
[2025-08-07T17:43:29.152+0000] {logging_mixin.py:190} INFO - [2025-08-07T17:43:29.151+0000] {dagbag.py:588} INFO - Filling up the DagBag from /home/airflow/.local/lib/python3.12/site-packages/airflow/example_dags/example_xcomargs.py
[2025-08-07T17:43:29.172+0000] {processor.py:925} INFO - DAG(s) 'example_xcom_args', 'example_xcom_args_with_operators' retrieved from /home/airflow/.local/lib/python3.12/site-packages/airflow/example_dags/example_xcomargs.py
[2025-08-07T17:43:29.218+0000] {logging_mixin.py:190} INFO - [2025-08-07T17:43:29.214+0000] {dag.py:3239} INFO - Sync 2 DAGs
[2025-08-07T17:43:29.241+0000] {logging_mixin.py:190} INFO - [2025-08-07T17:43:29.241+0000] {dag.py:4180} INFO - Setting next_dagrun for example_xcom_args to None, run_after=None
[2025-08-07T17:43:29.509+0000] {logging_mixin.py:190} INFO - [2025-08-07T17:43:29.509+0000] {dag.py:4180} INFO - Setting next_dagrun for example_xcom_args_with_operators to None, run_after=None
[2025-08-07T17:43:29.563+0000] {processor.py:208} INFO - Processing /home/airflow/.local/lib/python3.12/site-packages/airflow/example_dags/example_xcomargs.py took 0.430 seconds
[2025-08-07T17:43:48.520+0000] {processor.py:186} INFO - Started process (PID=2906) to work on /home/airflow/.local/lib/python3.12/site-packages/airflow/example_dags/example_xcomargs.py
[2025-08-07T17:43:48.521+0000] {processor.py:914} INFO - Processing file /home/airflow/.local/lib/python3.12/site-packages/airflow/example_dags/example_xcomargs.py for tasks to queue
[2025-08-07T17:43:48.526+0000] {logging_mixin.py:190} INFO - [2025-08-07T17:43:48.526+0000] {dagbag.py:588} INFO - Filling up the DagBag from /home/airflow/.local/lib/python3.12/site-packages/airflow/example_dags/example_xcomargs.py
[2025-08-07T17:43:48.540+0000] {processor.py:925} INFO - DAG(s) 'example_xcom_args_with_operators', 'example_xcom_args' retrieved from /home/airflow/.local/lib/python3.12/site-packages/airflow/example_dags/example_xcomargs.py
[2025-08-07T17:43:48.581+0000] {logging_mixin.py:190} INFO - [2025-08-07T17:43:48.581+0000] {dag.py:3239} INFO - Sync 2 DAGs
[2025-08-07T17:43:48.608+0000] {logging_mixin.py:190} INFO - [2025-08-07T17:43:48.608+0000] {dag.py:4180} INFO - Setting next_dagrun for example_xcom_args to None, run_after=None
[2025-08-07T17:43:48.617+0000] {logging_mixin.py:190} INFO - [2025-08-07T17:43:48.617+0000] {dag.py:4180} INFO - Setting next_dagrun for example_xcom_args_with_operators to None, run_after=None
[2025-08-07T17:43:48.885+0000] {processor.py:208} INFO - Processing /home/airflow/.local/lib/python3.12/site-packages/airflow/example_dags/example_xcomargs.py took 0.374 seconds
[2025-08-07T17:44:21.978+0000] {processor.py:186} INFO - Started process (PID=2972) to work on /home/airflow/.local/lib/python3.12/site-packages/airflow/example_dags/example_xcomargs.py
[2025-08-07T17:44:21.979+0000] {processor.py:914} INFO - Processing file /home/airflow/.local/lib/python3.12/site-packages/airflow/example_dags/example_xcomargs.py for tasks to queue
[2025-08-07T17:44:21.981+0000] {logging_mixin.py:190} INFO - [2025-08-07T17:44:21.981+0000] {dagbag.py:588} INFO - Filling up the DagBag from /home/airflow/.local/lib/python3.12/site-packages/airflow/example_dags/example_xcomargs.py
[2025-08-07T17:44:22.011+0000] {processor.py:925} INFO - DAG(s) 'example_xcom_args', 'example_xcom_args_with_operators' retrieved from /home/airflow/.local/lib/python3.12/site-packages/airflow/example_dags/example_xcomargs.py
[2025-08-07T17:44:22.071+0000] {logging_mixin.py:190} INFO - [2025-08-07T17:44:22.071+0000] {dag.py:3239} INFO - Sync 2 DAGs
[2025-08-07T17:44:22.116+0000] {logging_mixin.py:190} INFO - [2025-08-07T17:44:22.115+0000] {dag.py:4180} INFO - Setting next_dagrun for example_xcom_args to None, run_after=None
[2025-08-07T17:44:22.128+0000] {logging_mixin.py:190} INFO - [2025-08-07T17:44:22.128+0000] {dag.py:4180} INFO - Setting next_dagrun for example_xcom_args_with_operators to None, run_after=None
[2025-08-07T17:44:22.560+0000] {processor.py:208} INFO - Processing /home/airflow/.local/lib/python3.12/site-packages/airflow/example_dags/example_xcomargs.py took 0.594 seconds
[2025-08-07T17:44:54.309+0000] {processor.py:186} INFO - Started process (PID=3044) to work on /home/airflow/.local/lib/python3.12/site-packages/airflow/example_dags/example_xcomargs.py
[2025-08-07T17:44:54.314+0000] {processor.py:914} INFO - Processing file /home/airflow/.local/lib/python3.12/site-packages/airflow/example_dags/example_xcomargs.py for tasks to queue
[2025-08-07T17:44:54.316+0000] {logging_mixin.py:190} INFO - [2025-08-07T17:44:54.315+0000] {dagbag.py:588} INFO - Filling up the DagBag from /home/airflow/.local/lib/python3.12/site-packages/airflow/example_dags/example_xcomargs.py
[2025-08-07T17:44:54.336+0000] {processor.py:925} INFO - DAG(s) 'example_xcom_args_with_operators', 'example_xcom_args' retrieved from /home/airflow/.local/lib/python3.12/site-packages/airflow/example_dags/example_xcomargs.py
[2025-08-07T17:44:54.395+0000] {logging_mixin.py:190} INFO - [2025-08-07T17:44:54.395+0000] {dag.py:3239} INFO - Sync 2 DAGs
[2025-08-07T17:44:54.436+0000] {logging_mixin.py:190} INFO - [2025-08-07T17:44:54.436+0000] {dag.py:4180} INFO - Setting next_dagrun for example_xcom_args to None, run_after=None
[2025-08-07T17:44:54.445+0000] {logging_mixin.py:190} INFO - [2025-08-07T17:44:54.445+0000] {dag.py:4180} INFO - Setting next_dagrun for example_xcom_args_with_operators to None, run_after=None
[2025-08-07T17:44:54.874+0000] {processor.py:208} INFO - Processing /home/airflow/.local/lib/python3.12/site-packages/airflow/example_dags/example_xcomargs.py took 0.578 seconds
[2025-08-07T17:45:26.318+0000] {processor.py:186} INFO - Started process (PID=3109) to work on /home/airflow/.local/lib/python3.12/site-packages/airflow/example_dags/example_xcomargs.py
[2025-08-07T17:45:26.319+0000] {processor.py:914} INFO - Processing file /home/airflow/.local/lib/python3.12/site-packages/airflow/example_dags/example_xcomargs.py for tasks to queue
[2025-08-07T17:45:26.321+0000] {logging_mixin.py:190} INFO - [2025-08-07T17:45:26.321+0000] {dagbag.py:588} INFO - Filling up the DagBag from /home/airflow/.local/lib/python3.12/site-packages/airflow/example_dags/example_xcomargs.py
[2025-08-07T17:45:26.352+0000] {processor.py:925} INFO - DAG(s) 'example_xcom_args', 'example_xcom_args_with_operators' retrieved from /home/airflow/.local/lib/python3.12/site-packages/airflow/example_dags/example_xcomargs.py
[2025-08-07T17:45:26.411+0000] {logging_mixin.py:190} INFO - [2025-08-07T17:45:26.411+0000] {dag.py:3239} INFO - Sync 2 DAGs
[2025-08-07T17:45:26.451+0000] {logging_mixin.py:190} INFO - [2025-08-07T17:45:26.450+0000] {dag.py:4180} INFO - Setting next_dagrun for example_xcom_args to None, run_after=None
[2025-08-07T17:45:26.460+0000] {logging_mixin.py:190} INFO - [2025-08-07T17:45:26.459+0000] {dag.py:4180} INFO - Setting next_dagrun for example_xcom_args_with_operators to None, run_after=None
[2025-08-07T17:45:26.932+0000] {processor.py:208} INFO - Processing /home/airflow/.local/lib/python3.12/site-packages/airflow/example_dags/example_xcomargs.py took 0.630 seconds
[2025-08-07T17:45:57.472+0000] {processor.py:186} INFO - Started process (PID=3174) to work on /home/airflow/.local/lib/python3.12/site-packages/airflow/example_dags/example_xcomargs.py
[2025-08-07T17:45:57.473+0000] {processor.py:914} INFO - Processing file /home/airflow/.local/lib/python3.12/site-packages/airflow/example_dags/example_xcomargs.py for tasks to queue
[2025-08-07T17:45:57.475+0000] {logging_mixin.py:190} INFO - [2025-08-07T17:45:57.475+0000] {dagbag.py:588} INFO - Filling up the DagBag from /home/airflow/.local/lib/python3.12/site-packages/airflow/example_dags/example_xcomargs.py
[2025-08-07T17:45:57.496+0000] {processor.py:925} INFO - DAG(s) 'example_xcom_args', 'example_xcom_args_with_operators' retrieved from /home/airflow/.local/lib/python3.12/site-packages/airflow/example_dags/example_xcomargs.py
[2025-08-07T17:45:57.554+0000] {logging_mixin.py:190} INFO - [2025-08-07T17:45:57.553+0000] {dag.py:3239} INFO - Sync 2 DAGs
[2025-08-07T17:45:57.586+0000] {logging_mixin.py:190} INFO - [2025-08-07T17:45:57.586+0000] {dag.py:4180} INFO - Setting next_dagrun for example_xcom_args to None, run_after=None
[2025-08-07T17:45:57.596+0000] {logging_mixin.py:190} INFO - [2025-08-07T17:45:57.596+0000] {dag.py:4180} INFO - Setting next_dagrun for example_xcom_args_with_operators to None, run_after=None
[2025-08-07T17:45:57.642+0000] {processor.py:208} INFO - Processing /home/airflow/.local/lib/python3.12/site-packages/airflow/example_dags/example_xcomargs.py took 0.191 seconds
[2025-08-07T17:46:27.755+0000] {processor.py:186} INFO - Started process (PID=3236) to work on /home/airflow/.local/lib/python3.12/site-packages/airflow/example_dags/example_xcomargs.py
[2025-08-07T17:46:27.760+0000] {processor.py:914} INFO - Processing file /home/airflow/.local/lib/python3.12/site-packages/airflow/example_dags/example_xcomargs.py for tasks to queue
[2025-08-07T17:46:27.762+0000] {logging_mixin.py:190} INFO - [2025-08-07T17:46:27.761+0000] {dagbag.py:588} INFO - Filling up the DagBag from /home/airflow/.local/lib/python3.12/site-packages/airflow/example_dags/example_xcomargs.py
[2025-08-07T17:46:27.780+0000] {processor.py:925} INFO - DAG(s) 'example_xcom_args_with_operators', 'example_xcom_args' retrieved from /home/airflow/.local/lib/python3.12/site-packages/airflow/example_dags/example_xcomargs.py
[2025-08-07T17:46:27.820+0000] {logging_mixin.py:190} INFO - [2025-08-07T17:46:27.820+0000] {dag.py:3239} INFO - Sync 2 DAGs
[2025-08-07T17:46:27.844+0000] {logging_mixin.py:190} INFO - [2025-08-07T17:46:27.844+0000] {dag.py:4180} INFO - Setting next_dagrun for example_xcom_args to None, run_after=None
[2025-08-07T17:46:27.853+0000] {logging_mixin.py:190} INFO - [2025-08-07T17:46:27.852+0000] {dag.py:4180} INFO - Setting next_dagrun for example_xcom_args_with_operators to None, run_after=None
[2025-08-07T17:46:27.890+0000] {processor.py:208} INFO - Processing /home/airflow/.local/lib/python3.12/site-packages/airflow/example_dags/example_xcomargs.py took 0.141 seconds
[2025-08-07T17:46:58.501+0000] {processor.py:186} INFO - Started process (PID=3301) to work on /home/airflow/.local/lib/python3.12/site-packages/airflow/example_dags/example_xcomargs.py
[2025-08-07T17:46:58.502+0000] {processor.py:914} INFO - Processing file /home/airflow/.local/lib/python3.12/site-packages/airflow/example_dags/example_xcomargs.py for tasks to queue
[2025-08-07T17:46:58.504+0000] {logging_mixin.py:190} INFO - [2025-08-07T17:46:58.504+0000] {dagbag.py:588} INFO - Filling up the DagBag from /home/airflow/.local/lib/python3.12/site-packages/airflow/example_dags/example_xcomargs.py
[2025-08-07T17:46:58.530+0000] {processor.py:925} INFO - DAG(s) 'example_xcom_args', 'example_xcom_args_with_operators' retrieved from /home/airflow/.local/lib/python3.12/site-packages/airflow/example_dags/example_xcomargs.py
[2025-08-07T17:46:58.574+0000] {logging_mixin.py:190} INFO - [2025-08-07T17:46:58.574+0000] {dag.py:3239} INFO - Sync 2 DAGs
[2025-08-07T17:46:58.612+0000] {logging_mixin.py:190} INFO - [2025-08-07T17:46:58.612+0000] {dag.py:4180} INFO - Setting next_dagrun for example_xcom_args to None, run_after=None
[2025-08-07T17:46:58.621+0000] {logging_mixin.py:190} INFO - [2025-08-07T17:46:58.621+0000] {dag.py:4180} INFO - Setting next_dagrun for example_xcom_args_with_operators to None, run_after=None
[2025-08-07T17:46:58.652+0000] {processor.py:208} INFO - Processing /home/airflow/.local/lib/python3.12/site-packages/airflow/example_dags/example_xcomargs.py took 0.162 seconds
[2025-08-07T17:47:30.254+0000] {processor.py:186} INFO - Started process (PID=3366) to work on /home/airflow/.local/lib/python3.12/site-packages/airflow/example_dags/example_xcomargs.py
[2025-08-07T17:47:30.259+0000] {processor.py:914} INFO - Processing file /home/airflow/.local/lib/python3.12/site-packages/airflow/example_dags/example_xcomargs.py for tasks to queue
[2025-08-07T17:47:30.261+0000] {logging_mixin.py:190} INFO - [2025-08-07T17:47:30.260+0000] {dagbag.py:588} INFO - Filling up the DagBag from /home/airflow/.local/lib/python3.12/site-packages/airflow/example_dags/example_xcomargs.py
[2025-08-07T17:47:30.282+0000] {processor.py:925} INFO - DAG(s) 'example_xcom_args_with_operators', 'example_xcom_args' retrieved from /home/airflow/.local/lib/python3.12/site-packages/airflow/example_dags/example_xcomargs.py
[2025-08-07T17:47:30.332+0000] {logging_mixin.py:190} INFO - [2025-08-07T17:47:30.331+0000] {dag.py:3239} INFO - Sync 2 DAGs
[2025-08-07T17:47:30.369+0000] {logging_mixin.py:190} INFO - [2025-08-07T17:47:30.368+0000] {dag.py:4180} INFO - Setting next_dagrun for example_xcom_args to None, run_after=None
[2025-08-07T17:47:30.380+0000] {logging_mixin.py:190} INFO - [2025-08-07T17:47:30.380+0000] {dag.py:4180} INFO - Setting next_dagrun for example_xcom_args_with_operators to None, run_after=None
[2025-08-07T17:47:30.418+0000] {processor.py:208} INFO - Processing /home/airflow/.local/lib/python3.12/site-packages/airflow/example_dags/example_xcomargs.py took 0.176 seconds
[2025-08-07T17:48:01.292+0000] {processor.py:186} INFO - Started process (PID=3433) to work on /home/airflow/.local/lib/python3.12/site-packages/airflow/example_dags/example_xcomargs.py
[2025-08-07T17:49:14.854+0000] {processor.py:914} INFO - Processing file /home/airflow/.local/lib/python3.12/site-packages/airflow/example_dags/example_xcomargs.py for tasks to queue
[2025-08-07T17:49:14.856+0000] {logging_mixin.py:190} INFO - [2025-08-07T17:49:14.855+0000] {dagbag.py:588} INFO - Filling up the DagBag from /home/airflow/.local/lib/python3.12/site-packages/airflow/example_dags/example_xcomargs.py
[2025-08-07T17:49:14.878+0000] {processor.py:925} INFO - DAG(s) 'example_xcom_args_with_operators', 'example_xcom_args' retrieved from /home/airflow/.local/lib/python3.12/site-packages/airflow/example_dags/example_xcomargs.py
[2025-08-07T17:49:45.018+0000] {processor.py:186} INFO - Started process (PID=3640) to work on /home/airflow/.local/lib/python3.12/site-packages/airflow/example_dags/example_xcomargs.py
[2025-08-07T17:49:45.020+0000] {processor.py:914} INFO - Processing file /home/airflow/.local/lib/python3.12/site-packages/airflow/example_dags/example_xcomargs.py for tasks to queue
[2025-08-07T17:49:45.026+0000] {logging_mixin.py:190} INFO - [2025-08-07T17:49:45.025+0000] {dagbag.py:588} INFO - Filling up the DagBag from /home/airflow/.local/lib/python3.12/site-packages/airflow/example_dags/example_xcomargs.py
[2025-08-07T17:49:45.055+0000] {processor.py:925} INFO - DAG(s) 'example_xcom_args', 'example_xcom_args_with_operators' retrieved from /home/airflow/.local/lib/python3.12/site-packages/airflow/example_dags/example_xcomargs.py
[2025-08-07T17:49:45.497+0000] {logging_mixin.py:190} INFO - [2025-08-07T17:49:45.496+0000] {dag.py:3239} INFO - Sync 2 DAGs
[2025-08-07T17:49:45.567+0000] {logging_mixin.py:190} INFO - [2025-08-07T17:49:45.567+0000] {dag.py:4180} INFO - Setting next_dagrun for example_xcom_args to None, run_after=None
[2025-08-07T17:49:45.606+0000] {logging_mixin.py:190} INFO - [2025-08-07T17:49:45.606+0000] {dag.py:4180} INFO - Setting next_dagrun for example_xcom_args_with_operators to None, run_after=None
[2025-08-07T17:49:45.688+0000] {processor.py:208} INFO - Processing /home/airflow/.local/lib/python3.12/site-packages/airflow/example_dags/example_xcomargs.py took 0.683 seconds
[2025-08-07T17:49:56.134+0000] {processor.py:186} INFO - Started process (PID=3684) to work on /home/airflow/.local/lib/python3.12/site-packages/airflow/example_dags/example_xcomargs.py
[2025-08-07T17:49:56.139+0000] {processor.py:914} INFO - Processing file /home/airflow/.local/lib/python3.12/site-packages/airflow/example_dags/example_xcomargs.py for tasks to queue
[2025-08-07T17:49:56.141+0000] {logging_mixin.py:190} INFO - [2025-08-07T17:49:56.141+0000] {dagbag.py:588} INFO - Filling up the DagBag from /home/airflow/.local/lib/python3.12/site-packages/airflow/example_dags/example_xcomargs.py
[2025-08-07T17:49:56.161+0000] {processor.py:925} INFO - DAG(s) 'example_xcom_args_with_operators', 'example_xcom_args' retrieved from /home/airflow/.local/lib/python3.12/site-packages/airflow/example_dags/example_xcomargs.py
[2025-08-07T17:49:56.184+0000] {logging_mixin.py:190} INFO - [2025-08-07T17:49:56.184+0000] {dag.py:3239} INFO - Sync 2 DAGs
[2025-08-07T17:49:56.220+0000] {logging_mixin.py:190} INFO - [2025-08-07T17:49:56.220+0000] {dag.py:4180} INFO - Setting next_dagrun for example_xcom_args to None, run_after=None
[2025-08-07T17:49:56.230+0000] {logging_mixin.py:190} INFO - [2025-08-07T17:49:56.229+0000] {dag.py:4180} INFO - Setting next_dagrun for example_xcom_args_with_operators to None, run_after=None
[2025-08-07T17:49:56.271+0000] {processor.py:208} INFO - Processing /home/airflow/.local/lib/python3.12/site-packages/airflow/example_dags/example_xcomargs.py took 0.148 seconds
[2025-08-07T17:50:10.590+0000] {processor.py:186} INFO - Started process (PID=3744) to work on /home/airflow/.local/lib/python3.12/site-packages/airflow/example_dags/example_xcomargs.py
[2025-08-07T17:50:10.596+0000] {processor.py:914} INFO - Processing file /home/airflow/.local/lib/python3.12/site-packages/airflow/example_dags/example_xcomargs.py for tasks to queue
[2025-08-07T17:50:10.598+0000] {logging_mixin.py:190} INFO - [2025-08-07T17:50:10.598+0000] {dagbag.py:588} INFO - Filling up the DagBag from /home/airflow/.local/lib/python3.12/site-packages/airflow/example_dags/example_xcomargs.py
[2025-08-07T17:50:10.630+0000] {processor.py:925} INFO - DAG(s) 'example_xcom_args_with_operators', 'example_xcom_args' retrieved from /home/airflow/.local/lib/python3.12/site-packages/airflow/example_dags/example_xcomargs.py
[2025-08-07T17:50:10.671+0000] {logging_mixin.py:190} INFO - [2025-08-07T17:50:10.670+0000] {dag.py:3239} INFO - Sync 2 DAGs
[2025-08-07T17:50:10.728+0000] {logging_mixin.py:190} INFO - [2025-08-07T17:50:10.727+0000] {dag.py:4180} INFO - Setting next_dagrun for example_xcom_args to None, run_after=None
[2025-08-07T17:50:10.757+0000] {logging_mixin.py:190} INFO - [2025-08-07T17:50:10.756+0000] {dag.py:4180} INFO - Setting next_dagrun for example_xcom_args_with_operators to None, run_after=None
[2025-08-07T17:50:10.856+0000] {processor.py:208} INFO - Processing /home/airflow/.local/lib/python3.12/site-packages/airflow/example_dags/example_xcomargs.py took 0.285 seconds
[2025-08-07T17:50:41.193+0000] {processor.py:186} INFO - Started process (PID=3809) to work on /home/airflow/.local/lib/python3.12/site-packages/airflow/example_dags/example_xcomargs.py
[2025-08-07T17:50:41.194+0000] {processor.py:914} INFO - Processing file /home/airflow/.local/lib/python3.12/site-packages/airflow/example_dags/example_xcomargs.py for tasks to queue
[2025-08-07T17:50:41.200+0000] {logging_mixin.py:190} INFO - [2025-08-07T17:50:41.195+0000] {dagbag.py:588} INFO - Filling up the DagBag from /home/airflow/.local/lib/python3.12/site-packages/airflow/example_dags/example_xcomargs.py
[2025-08-07T17:50:41.215+0000] {processor.py:925} INFO - DAG(s) 'example_xcom_args_with_operators', 'example_xcom_args' retrieved from /home/airflow/.local/lib/python3.12/site-packages/airflow/example_dags/example_xcomargs.py
[2025-08-07T17:50:41.279+0000] {logging_mixin.py:190} INFO - [2025-08-07T17:50:41.275+0000] {dag.py:3239} INFO - Sync 2 DAGs
[2025-08-07T17:50:41.312+0000] {logging_mixin.py:190} INFO - [2025-08-07T17:50:41.312+0000] {dag.py:4180} INFO - Setting next_dagrun for example_xcom_args to None, run_after=None
[2025-08-07T17:50:41.322+0000] {logging_mixin.py:190} INFO - [2025-08-07T17:50:41.322+0000] {dag.py:4180} INFO - Setting next_dagrun for example_xcom_args_with_operators to None, run_after=None
[2025-08-07T17:50:41.371+0000] {processor.py:208} INFO - Processing /home/airflow/.local/lib/python3.12/site-packages/airflow/example_dags/example_xcomargs.py took 0.189 seconds
[2025-08-07T17:51:13.153+0000] {processor.py:186} INFO - Started process (PID=3881) to work on /home/airflow/.local/lib/python3.12/site-packages/airflow/example_dags/example_xcomargs.py
[2025-08-07T17:51:13.154+0000] {processor.py:914} INFO - Processing file /home/airflow/.local/lib/python3.12/site-packages/airflow/example_dags/example_xcomargs.py for tasks to queue
[2025-08-07T17:51:13.160+0000] {logging_mixin.py:190} INFO - [2025-08-07T17:51:13.160+0000] {dagbag.py:588} INFO - Filling up the DagBag from /home/airflow/.local/lib/python3.12/site-packages/airflow/example_dags/example_xcomargs.py
[2025-08-07T17:51:13.182+0000] {processor.py:925} INFO - DAG(s) 'example_xcom_args', 'example_xcom_args_with_operators' retrieved from /home/airflow/.local/lib/python3.12/site-packages/airflow/example_dags/example_xcomargs.py
[2025-08-07T17:51:13.233+0000] {logging_mixin.py:190} INFO - [2025-08-07T17:51:13.232+0000] {dag.py:3239} INFO - Sync 2 DAGs
[2025-08-07T17:51:13.271+0000] {logging_mixin.py:190} INFO - [2025-08-07T17:51:13.270+0000] {dag.py:4180} INFO - Setting next_dagrun for example_xcom_args to None, run_after=None
[2025-08-07T17:51:13.280+0000] {logging_mixin.py:190} INFO - [2025-08-07T17:51:13.280+0000] {dag.py:4180} INFO - Setting next_dagrun for example_xcom_args_with_operators to None, run_after=None
[2025-08-07T17:51:13.323+0000] {processor.py:208} INFO - Processing /home/airflow/.local/lib/python3.12/site-packages/airflow/example_dags/example_xcomargs.py took 0.181 seconds
[2025-08-07T17:51:45.759+0000] {processor.py:186} INFO - Started process (PID=3947) to work on /home/airflow/.local/lib/python3.12/site-packages/airflow/example_dags/example_xcomargs.py
[2025-08-07T17:51:45.761+0000] {processor.py:914} INFO - Processing file /home/airflow/.local/lib/python3.12/site-packages/airflow/example_dags/example_xcomargs.py for tasks to queue
[2025-08-07T17:51:45.762+0000] {logging_mixin.py:190} INFO - [2025-08-07T17:51:45.762+0000] {dagbag.py:588} INFO - Filling up the DagBag from /home/airflow/.local/lib/python3.12/site-packages/airflow/example_dags/example_xcomargs.py
[2025-08-07T17:51:45.789+0000] {processor.py:925} INFO - DAG(s) 'example_xcom_args', 'example_xcom_args_with_operators' retrieved from /home/airflow/.local/lib/python3.12/site-packages/airflow/example_dags/example_xcomargs.py
[2025-08-07T17:51:45.840+0000] {logging_mixin.py:190} INFO - [2025-08-07T17:51:45.839+0000] {dag.py:3239} INFO - Sync 2 DAGs
[2025-08-07T17:51:45.872+0000] {logging_mixin.py:190} INFO - [2025-08-07T17:51:45.872+0000] {dag.py:4180} INFO - Setting next_dagrun for example_xcom_args to None, run_after=None
[2025-08-07T17:51:45.883+0000] {logging_mixin.py:190} INFO - [2025-08-07T17:51:45.883+0000] {dag.py:4180} INFO - Setting next_dagrun for example_xcom_args_with_operators to None, run_after=None
[2025-08-07T17:51:45.929+0000] {processor.py:208} INFO - Processing /home/airflow/.local/lib/python3.12/site-packages/airflow/example_dags/example_xcomargs.py took 0.187 seconds
[2025-08-07T17:52:15.583+0000] {processor.py:186} INFO - Started process (PID=4016) to work on /home/airflow/.local/lib/python3.12/site-packages/airflow/example_dags/example_xcomargs.py
[2025-08-07T17:52:15.589+0000] {processor.py:914} INFO - Processing file /home/airflow/.local/lib/python3.12/site-packages/airflow/example_dags/example_xcomargs.py for tasks to queue
[2025-08-07T17:52:15.592+0000] {logging_mixin.py:190} INFO - [2025-08-07T17:52:15.592+0000] {dagbag.py:588} INFO - Filling up the DagBag from /home/airflow/.local/lib/python3.12/site-packages/airflow/example_dags/example_xcomargs.py
[2025-08-07T17:52:15.623+0000] {processor.py:925} INFO - DAG(s) 'example_xcom_args_with_operators', 'example_xcom_args' retrieved from /home/airflow/.local/lib/python3.12/site-packages/airflow/example_dags/example_xcomargs.py
[2025-08-07T17:52:15.700+0000] {logging_mixin.py:190} INFO - [2025-08-07T17:52:15.699+0000] {dag.py:3239} INFO - Sync 2 DAGs
[2025-08-07T17:52:15.814+0000] {logging_mixin.py:190} INFO - [2025-08-07T17:52:15.814+0000] {dag.py:4180} INFO - Setting next_dagrun for example_xcom_args to None, run_after=None
[2025-08-07T17:52:15.832+0000] {logging_mixin.py:190} INFO - [2025-08-07T17:52:15.832+0000] {dag.py:4180} INFO - Setting next_dagrun for example_xcom_args_with_operators to None, run_after=None
[2025-08-07T17:52:15.899+0000] {processor.py:208} INFO - Processing /home/airflow/.local/lib/python3.12/site-packages/airflow/example_dags/example_xcomargs.py took 0.332 seconds
[2025-08-07T17:52:34.634+0000] {processor.py:186} INFO - Started process (PID=4073) to work on /home/airflow/.local/lib/python3.12/site-packages/airflow/example_dags/example_xcomargs.py
[2025-08-07T17:52:34.635+0000] {processor.py:914} INFO - Processing file /home/airflow/.local/lib/python3.12/site-packages/airflow/example_dags/example_xcomargs.py for tasks to queue
[2025-08-07T17:52:34.642+0000] {logging_mixin.py:190} INFO - [2025-08-07T17:52:34.641+0000] {dagbag.py:588} INFO - Filling up the DagBag from /home/airflow/.local/lib/python3.12/site-packages/airflow/example_dags/example_xcomargs.py
[2025-08-07T17:52:34.675+0000] {processor.py:925} INFO - DAG(s) 'example_xcom_args_with_operators', 'example_xcom_args' retrieved from /home/airflow/.local/lib/python3.12/site-packages/airflow/example_dags/example_xcomargs.py
[2025-08-07T17:52:34.735+0000] {logging_mixin.py:190} INFO - [2025-08-07T17:52:34.735+0000] {dag.py:3239} INFO - Sync 2 DAGs
[2025-08-07T17:52:34.783+0000] {logging_mixin.py:190} INFO - [2025-08-07T17:52:34.783+0000] {dag.py:4180} INFO - Setting next_dagrun for example_xcom_args to None, run_after=None
[2025-08-07T17:52:34.793+0000] {logging_mixin.py:190} INFO - [2025-08-07T17:52:34.792+0000] {dag.py:4180} INFO - Setting next_dagrun for example_xcom_args_with_operators to None, run_after=None
[2025-08-07T17:52:34.835+0000] {processor.py:208} INFO - Processing /home/airflow/.local/lib/python3.12/site-packages/airflow/example_dags/example_xcomargs.py took 0.222 seconds
[2025-08-07T17:53:07.466+0000] {processor.py:186} INFO - Started process (PID=4136) to work on /home/airflow/.local/lib/python3.12/site-packages/airflow/example_dags/example_xcomargs.py
[2025-08-07T17:53:07.472+0000] {processor.py:914} INFO - Processing file /home/airflow/.local/lib/python3.12/site-packages/airflow/example_dags/example_xcomargs.py for tasks to queue
[2025-08-07T17:53:07.474+0000] {logging_mixin.py:190} INFO - [2025-08-07T17:53:07.473+0000] {dagbag.py:588} INFO - Filling up the DagBag from /home/airflow/.local/lib/python3.12/site-packages/airflow/example_dags/example_xcomargs.py
[2025-08-07T17:53:07.496+0000] {processor.py:925} INFO - DAG(s) 'example_xcom_args_with_operators', 'example_xcom_args' retrieved from /home/airflow/.local/lib/python3.12/site-packages/airflow/example_dags/example_xcomargs.py
[2025-08-07T17:53:07.552+0000] {logging_mixin.py:190} INFO - [2025-08-07T17:53:07.552+0000] {dag.py:3239} INFO - Sync 2 DAGs
[2025-08-07T17:53:07.594+0000] {logging_mixin.py:190} INFO - [2025-08-07T17:53:07.594+0000] {dag.py:4180} INFO - Setting next_dagrun for example_xcom_args to None, run_after=None
[2025-08-07T17:53:07.604+0000] {logging_mixin.py:190} INFO - [2025-08-07T17:53:07.603+0000] {dag.py:4180} INFO - Setting next_dagrun for example_xcom_args_with_operators to None, run_after=None
[2025-08-07T17:54:21.215+0000] {processor.py:208} INFO - Processing /home/airflow/.local/lib/python3.12/site-packages/airflow/example_dags/example_xcomargs.py took 0.200 seconds
[2025-08-07T17:53:51.654+0000] {processor.py:186} INFO - Started process (PID=4265) to work on /home/airflow/.local/lib/python3.12/site-packages/airflow/example_dags/example_xcomargs.py
[2025-08-07T17:53:51.660+0000] {processor.py:914} INFO - Processing file /home/airflow/.local/lib/python3.12/site-packages/airflow/example_dags/example_xcomargs.py for tasks to queue
[2025-08-07T17:53:51.662+0000] {logging_mixin.py:190} INFO - [2025-08-07T17:53:51.662+0000] {dagbag.py:588} INFO - Filling up the DagBag from /home/airflow/.local/lib/python3.12/site-packages/airflow/example_dags/example_xcomargs.py
[2025-08-07T17:53:51.690+0000] {processor.py:925} INFO - DAG(s) 'example_xcom_args', 'example_xcom_args_with_operators' retrieved from /home/airflow/.local/lib/python3.12/site-packages/airflow/example_dags/example_xcomargs.py
[2025-08-07T17:53:52.053+0000] {logging_mixin.py:190} INFO - [2025-08-07T17:53:52.052+0000] {dag.py:3239} INFO - Sync 2 DAGs
[2025-08-07T17:53:52.090+0000] {logging_mixin.py:190} INFO - [2025-08-07T17:53:52.084+0000] {dag.py:4180} INFO - Setting next_dagrun for example_xcom_args to None, run_after=None
[2025-08-07T17:53:52.100+0000] {logging_mixin.py:190} INFO - [2025-08-07T17:53:52.099+0000] {dag.py:4180} INFO - Setting next_dagrun for example_xcom_args_with_operators to None, run_after=None
[2025-08-07T17:53:52.151+0000] {processor.py:208} INFO - Processing /home/airflow/.local/lib/python3.12/site-packages/airflow/example_dags/example_xcomargs.py took 0.510 seconds
[2025-08-07T17:54:06.204+0000] {processor.py:186} INFO - Started process (PID=4325) to work on /home/airflow/.local/lib/python3.12/site-packages/airflow/example_dags/example_xcomargs.py
[2025-08-07T17:54:06.205+0000] {processor.py:914} INFO - Processing file /home/airflow/.local/lib/python3.12/site-packages/airflow/example_dags/example_xcomargs.py for tasks to queue
[2025-08-07T17:54:06.207+0000] {logging_mixin.py:190} INFO - [2025-08-07T17:54:06.207+0000] {dagbag.py:588} INFO - Filling up the DagBag from /home/airflow/.local/lib/python3.12/site-packages/airflow/example_dags/example_xcomargs.py
[2025-08-07T17:54:06.238+0000] {processor.py:925} INFO - DAG(s) 'example_xcom_args_with_operators', 'example_xcom_args' retrieved from /home/airflow/.local/lib/python3.12/site-packages/airflow/example_dags/example_xcomargs.py
[2025-08-07T17:54:06.284+0000] {logging_mixin.py:190} INFO - [2025-08-07T17:54:06.283+0000] {dag.py:3239} INFO - Sync 2 DAGs
[2025-08-07T17:54:06.345+0000] {logging_mixin.py:190} INFO - [2025-08-07T17:54:06.345+0000] {dag.py:4180} INFO - Setting next_dagrun for example_xcom_args to None, run_after=None
[2025-08-07T17:54:06.357+0000] {logging_mixin.py:190} INFO - [2025-08-07T17:54:06.357+0000] {dag.py:4180} INFO - Setting next_dagrun for example_xcom_args_with_operators to None, run_after=None
[2025-08-07T17:54:06.404+0000] {processor.py:208} INFO - Processing /home/airflow/.local/lib/python3.12/site-packages/airflow/example_dags/example_xcomargs.py took 0.217 seconds
[2025-08-07T17:54:37.794+0000] {processor.py:186} INFO - Started process (PID=4397) to work on /home/airflow/.local/lib/python3.12/site-packages/airflow/example_dags/example_xcomargs.py
[2025-08-07T17:54:37.800+0000] {processor.py:914} INFO - Processing file /home/airflow/.local/lib/python3.12/site-packages/airflow/example_dags/example_xcomargs.py for tasks to queue
[2025-08-07T17:54:37.802+0000] {logging_mixin.py:190} INFO - [2025-08-07T17:54:37.802+0000] {dagbag.py:588} INFO - Filling up the DagBag from /home/airflow/.local/lib/python3.12/site-packages/airflow/example_dags/example_xcomargs.py
[2025-08-07T17:54:37.824+0000] {processor.py:925} INFO - DAG(s) 'example_xcom_args_with_operators', 'example_xcom_args' retrieved from /home/airflow/.local/lib/python3.12/site-packages/airflow/example_dags/example_xcomargs.py
[2025-08-07T17:54:37.884+0000] {logging_mixin.py:190} INFO - [2025-08-07T17:54:37.883+0000] {dag.py:3239} INFO - Sync 2 DAGs
[2025-08-07T17:54:37.942+0000] {logging_mixin.py:190} INFO - [2025-08-07T17:54:37.942+0000] {dag.py:4180} INFO - Setting next_dagrun for example_xcom_args to None, run_after=None
[2025-08-07T17:54:37.954+0000] {logging_mixin.py:190} INFO - [2025-08-07T17:54:37.954+0000] {dag.py:4180} INFO - Setting next_dagrun for example_xcom_args_with_operators to None, run_after=None
[2025-08-07T17:54:38.010+0000] {processor.py:208} INFO - Processing /home/airflow/.local/lib/python3.12/site-packages/airflow/example_dags/example_xcomargs.py took 0.228 seconds
[2025-08-07T17:55:11.832+0000] {processor.py:186} INFO - Started process (PID=4461) to work on /home/airflow/.local/lib/python3.12/site-packages/airflow/example_dags/example_xcomargs.py
[2025-08-07T17:55:11.834+0000] {processor.py:914} INFO - Processing file /home/airflow/.local/lib/python3.12/site-packages/airflow/example_dags/example_xcomargs.py for tasks to queue
[2025-08-07T17:55:11.836+0000] {logging_mixin.py:190} INFO - [2025-08-07T17:55:11.835+0000] {dagbag.py:588} INFO - Filling up the DagBag from /home/airflow/.local/lib/python3.12/site-packages/airflow/example_dags/example_xcomargs.py
[2025-08-07T17:55:11.865+0000] {processor.py:925} INFO - DAG(s) 'example_xcom_args_with_operators', 'example_xcom_args' retrieved from /home/airflow/.local/lib/python3.12/site-packages/airflow/example_dags/example_xcomargs.py
[2025-08-07T17:55:11.943+0000] {logging_mixin.py:190} INFO - [2025-08-07T17:55:11.942+0000] {dag.py:3239} INFO - Sync 2 DAGs
[2025-08-07T17:55:11.992+0000] {logging_mixin.py:190} INFO - [2025-08-07T17:55:11.991+0000] {dag.py:4180} INFO - Setting next_dagrun for example_xcom_args to None, run_after=None
[2025-08-07T17:55:12.003+0000] {logging_mixin.py:190} INFO - [2025-08-07T17:55:12.003+0000] {dag.py:4180} INFO - Setting next_dagrun for example_xcom_args_with_operators to None, run_after=None
[2025-08-07T17:55:12.055+0000] {processor.py:208} INFO - Processing /home/airflow/.local/lib/python3.12/site-packages/airflow/example_dags/example_xcomargs.py took 0.242 seconds
