[2025-08-07T00:24:53.175+0000] {processor.py:186} INFO - Started process (PID=1000) to work on /home/airflow/.local/lib/python3.12/site-packages/airflow/example_dags/example_trigger_target_dag.py
[2025-08-07T00:24:53.197+0000] {processor.py:914} INFO - Processing file /home/airflow/.local/lib/python3.12/site-packages/airflow/example_dags/example_trigger_target_dag.py for tasks to queue
[2025-08-07T00:24:53.212+0000] {logging_mixin.py:190} INFO - [2025-08-07T00:24:53.212+0000] {dagbag.py:588} INFO - Filling up the DagBag from /home/airflow/.local/lib/python3.12/site-packages/airflow/example_dags/example_trigger_target_dag.py
[2025-08-07T00:24:53.332+0000] {processor.py:925} INFO - DAG(s) 'example_trigger_target_dag' retrieved from /home/airflow/.local/lib/python3.12/site-packages/airflow/example_dags/example_trigger_target_dag.py
[2025-08-07T00:24:53.521+0000] {logging_mixin.py:190} INFO - [2025-08-07T00:24:53.521+0000] {dag.py:3239} INFO - Sync 1 DAGs
[2025-08-07T00:24:53.640+0000] {logging_mixin.py:190} INFO - [2025-08-07T00:24:53.640+0000] {dag.py:4180} INFO - Setting next_dagrun for example_trigger_target_dag to None, run_after=None
[2025-08-07T00:24:59.280+0000] {processor.py:208} INFO - Processing /home/airflow/.local/lib/python3.12/site-packages/airflow/example_dags/example_trigger_target_dag.py took 6.147 seconds
[2025-08-07T00:26:26.196+0000] {processor.py:186} INFO - Started process (PID=1066) to work on /home/airflow/.local/lib/python3.12/site-packages/airflow/example_dags/example_trigger_target_dag.py
[2025-08-07T00:26:26.197+0000] {processor.py:914} INFO - Processing file /home/airflow/.local/lib/python3.12/site-packages/airflow/example_dags/example_trigger_target_dag.py for tasks to queue
[2025-08-07T00:26:26.199+0000] {logging_mixin.py:190} INFO - [2025-08-07T00:26:26.199+0000] {dagbag.py:588} INFO - Filling up the DagBag from /home/airflow/.local/lib/python3.12/site-packages/airflow/example_dags/example_trigger_target_dag.py
[2025-08-07T00:26:26.209+0000] {processor.py:925} INFO - DAG(s) 'example_trigger_target_dag' retrieved from /home/airflow/.local/lib/python3.12/site-packages/airflow/example_dags/example_trigger_target_dag.py
[2025-08-07T00:26:26.232+0000] {logging_mixin.py:190} INFO - [2025-08-07T00:26:26.232+0000] {dag.py:3239} INFO - Sync 1 DAGs
[2025-08-07T00:26:26.247+0000] {logging_mixin.py:190} INFO - [2025-08-07T00:26:26.247+0000] {dag.py:4180} INFO - Setting next_dagrun for example_trigger_target_dag to None, run_after=None
[2025-08-07T00:26:26.270+0000] {processor.py:208} INFO - Processing /home/airflow/.local/lib/python3.12/site-packages/airflow/example_dags/example_trigger_target_dag.py took 0.083 seconds
[2025-08-07T05:28:26.037+0000] {processor.py:186} INFO - Started process (PID=1088) to work on /home/airflow/.local/lib/python3.12/site-packages/airflow/example_dags/example_trigger_target_dag.py
[2025-08-07T05:28:26.075+0000] {processor.py:914} INFO - Processing file /home/airflow/.local/lib/python3.12/site-packages/airflow/example_dags/example_trigger_target_dag.py for tasks to queue
[2025-08-07T05:28:26.119+0000] {logging_mixin.py:190} INFO - [2025-08-07T05:28:26.119+0000] {dagbag.py:588} INFO - Filling up the DagBag from /home/airflow/.local/lib/python3.12/site-packages/airflow/example_dags/example_trigger_target_dag.py
[2025-08-07T05:28:26.161+0000] {processor.py:925} INFO - DAG(s) 'example_trigger_target_dag' retrieved from /home/airflow/.local/lib/python3.12/site-packages/airflow/example_dags/example_trigger_target_dag.py
[2025-08-07T05:28:26.248+0000] {logging_mixin.py:190} INFO - [2025-08-07T05:28:26.247+0000] {dag.py:3239} INFO - Sync 1 DAGs
[2025-08-07T05:28:26.320+0000] {logging_mixin.py:190} INFO - [2025-08-07T05:28:26.320+0000] {dag.py:4180} INFO - Setting next_dagrun for example_trigger_target_dag to None, run_after=None
[2025-08-07T05:28:26.385+0000] {processor.py:208} INFO - Processing /home/airflow/.local/lib/python3.12/site-packages/airflow/example_dags/example_trigger_target_dag.py took 0.366 seconds
[2025-08-07T11:29:47.580+0000] {processor.py:186} INFO - Started process (PID=1154) to work on /home/airflow/.local/lib/python3.12/site-packages/airflow/example_dags/example_trigger_target_dag.py
[2025-08-07T11:29:47.581+0000] {processor.py:914} INFO - Processing file /home/airflow/.local/lib/python3.12/site-packages/airflow/example_dags/example_trigger_target_dag.py for tasks to queue
[2025-08-07T11:29:47.584+0000] {logging_mixin.py:190} INFO - [2025-08-07T11:29:47.583+0000] {dagbag.py:588} INFO - Filling up the DagBag from /home/airflow/.local/lib/python3.12/site-packages/airflow/example_dags/example_trigger_target_dag.py
[2025-08-07T11:29:47.595+0000] {processor.py:925} INFO - DAG(s) 'example_trigger_target_dag' retrieved from /home/airflow/.local/lib/python3.12/site-packages/airflow/example_dags/example_trigger_target_dag.py
[2025-08-07T11:29:47.621+0000] {logging_mixin.py:190} INFO - [2025-08-07T11:29:47.621+0000] {dag.py:3239} INFO - Sync 1 DAGs
[2025-08-07T11:29:47.640+0000] {logging_mixin.py:190} INFO - [2025-08-07T11:29:47.640+0000] {dag.py:4180} INFO - Setting next_dagrun for example_trigger_target_dag to None, run_after=None
[2025-08-07T11:29:47.666+0000] {processor.py:208} INFO - Processing /home/airflow/.local/lib/python3.12/site-packages/airflow/example_dags/example_trigger_target_dag.py took 0.093 seconds
[2025-08-07T17:21:36.456+0000] {processor.py:186} INFO - Started process (PID=1172) to work on /home/airflow/.local/lib/python3.12/site-packages/airflow/example_dags/example_trigger_target_dag.py
[2025-08-07T17:21:36.495+0000] {processor.py:914} INFO - Processing file /home/airflow/.local/lib/python3.12/site-packages/airflow/example_dags/example_trigger_target_dag.py for tasks to queue
[2025-08-07T17:21:36.517+0000] {logging_mixin.py:190} INFO - [2025-08-07T17:21:36.516+0000] {dagbag.py:588} INFO - Filling up the DagBag from /home/airflow/.local/lib/python3.12/site-packages/airflow/example_dags/example_trigger_target_dag.py
[2025-08-07T17:21:36.569+0000] {processor.py:925} INFO - DAG(s) 'example_trigger_target_dag' retrieved from /home/airflow/.local/lib/python3.12/site-packages/airflow/example_dags/example_trigger_target_dag.py
[2025-08-07T17:21:36.681+0000] {logging_mixin.py:190} INFO - [2025-08-07T17:21:36.681+0000] {dag.py:3239} INFO - Sync 1 DAGs
[2025-08-07T17:21:36.762+0000] {logging_mixin.py:190} INFO - [2025-08-07T17:21:36.761+0000] {dag.py:4180} INFO - Setting next_dagrun for example_trigger_target_dag to None, run_after=None
[2025-08-07T17:21:36.873+0000] {processor.py:208} INFO - Processing /home/airflow/.local/lib/python3.12/site-packages/airflow/example_dags/example_trigger_target_dag.py took 0.434 seconds
[2025-08-07T17:22:07.076+0000] {processor.py:186} INFO - Started process (PID=1237) to work on /home/airflow/.local/lib/python3.12/site-packages/airflow/example_dags/example_trigger_target_dag.py
[2025-08-07T17:22:07.077+0000] {processor.py:914} INFO - Processing file /home/airflow/.local/lib/python3.12/site-packages/airflow/example_dags/example_trigger_target_dag.py for tasks to queue
[2025-08-07T17:22:07.078+0000] {logging_mixin.py:190} INFO - [2025-08-07T17:22:07.078+0000] {dagbag.py:588} INFO - Filling up the DagBag from /home/airflow/.local/lib/python3.12/site-packages/airflow/example_dags/example_trigger_target_dag.py
[2025-08-07T17:22:07.088+0000] {processor.py:925} INFO - DAG(s) 'example_trigger_target_dag' retrieved from /home/airflow/.local/lib/python3.12/site-packages/airflow/example_dags/example_trigger_target_dag.py
[2025-08-07T17:22:07.110+0000] {logging_mixin.py:190} INFO - [2025-08-07T17:22:07.109+0000] {dag.py:3239} INFO - Sync 1 DAGs
[2025-08-07T17:22:07.126+0000] {logging_mixin.py:190} INFO - [2025-08-07T17:22:07.126+0000] {dag.py:4180} INFO - Setting next_dagrun for example_trigger_target_dag to None, run_after=None
[2025-08-07T17:22:07.153+0000] {processor.py:208} INFO - Processing /home/airflow/.local/lib/python3.12/site-packages/airflow/example_dags/example_trigger_target_dag.py took 0.083 seconds
[2025-08-07T17:22:37.975+0000] {processor.py:186} INFO - Started process (PID=1303) to work on /home/airflow/.local/lib/python3.12/site-packages/airflow/example_dags/example_trigger_target_dag.py
[2025-08-07T17:22:37.977+0000] {processor.py:914} INFO - Processing file /home/airflow/.local/lib/python3.12/site-packages/airflow/example_dags/example_trigger_target_dag.py for tasks to queue
[2025-08-07T17:22:37.979+0000] {logging_mixin.py:190} INFO - [2025-08-07T17:22:37.978+0000] {dagbag.py:588} INFO - Filling up the DagBag from /home/airflow/.local/lib/python3.12/site-packages/airflow/example_dags/example_trigger_target_dag.py
[2025-08-07T17:22:37.988+0000] {processor.py:925} INFO - DAG(s) 'example_trigger_target_dag' retrieved from /home/airflow/.local/lib/python3.12/site-packages/airflow/example_dags/example_trigger_target_dag.py
[2025-08-07T17:22:38.011+0000] {logging_mixin.py:190} INFO - [2025-08-07T17:22:38.010+0000] {dag.py:3239} INFO - Sync 1 DAGs
[2025-08-07T17:22:38.028+0000] {logging_mixin.py:190} INFO - [2025-08-07T17:22:38.028+0000] {dag.py:4180} INFO - Setting next_dagrun for example_trigger_target_dag to None, run_after=None
[2025-08-07T17:22:38.052+0000] {processor.py:208} INFO - Processing /home/airflow/.local/lib/python3.12/site-packages/airflow/example_dags/example_trigger_target_dag.py took 0.084 seconds
[2025-08-07T17:22:03.698+0000] {processor.py:186} INFO - Started process (PID=1370) to work on /home/airflow/.local/lib/python3.12/site-packages/airflow/example_dags/example_trigger_target_dag.py
[2025-08-07T17:22:03.699+0000] {processor.py:914} INFO - Processing file /home/airflow/.local/lib/python3.12/site-packages/airflow/example_dags/example_trigger_target_dag.py for tasks to queue
[2025-08-07T17:22:03.700+0000] {logging_mixin.py:190} INFO - [2025-08-07T17:22:03.700+0000] {dagbag.py:588} INFO - Filling up the DagBag from /home/airflow/.local/lib/python3.12/site-packages/airflow/example_dags/example_trigger_target_dag.py
[2025-08-07T17:22:03.709+0000] {processor.py:925} INFO - DAG(s) 'example_trigger_target_dag' retrieved from /home/airflow/.local/lib/python3.12/site-packages/airflow/example_dags/example_trigger_target_dag.py
[2025-08-07T17:22:03.731+0000] {logging_mixin.py:190} INFO - [2025-08-07T17:22:03.731+0000] {dag.py:3239} INFO - Sync 1 DAGs
[2025-08-07T17:22:03.747+0000] {logging_mixin.py:190} INFO - [2025-08-07T17:22:03.747+0000] {dag.py:4180} INFO - Setting next_dagrun for example_trigger_target_dag to None, run_after=None
[2025-08-07T17:22:03.773+0000] {processor.py:208} INFO - Processing /home/airflow/.local/lib/python3.12/site-packages/airflow/example_dags/example_trigger_target_dag.py took 0.081 seconds
[2025-08-07T17:22:35.170+0000] {processor.py:186} INFO - Started process (PID=1401) to work on /home/airflow/.local/lib/python3.12/site-packages/airflow/example_dags/example_trigger_target_dag.py
[2025-08-07T17:22:35.171+0000] {processor.py:914} INFO - Processing file /home/airflow/.local/lib/python3.12/site-packages/airflow/example_dags/example_trigger_target_dag.py for tasks to queue
[2025-08-07T17:22:35.172+0000] {logging_mixin.py:190} INFO - [2025-08-07T17:22:35.172+0000] {dagbag.py:588} INFO - Filling up the DagBag from /home/airflow/.local/lib/python3.12/site-packages/airflow/example_dags/example_trigger_target_dag.py
[2025-08-07T17:22:35.180+0000] {processor.py:925} INFO - DAG(s) 'example_trigger_target_dag' retrieved from /home/airflow/.local/lib/python3.12/site-packages/airflow/example_dags/example_trigger_target_dag.py
[2025-08-07T17:22:35.201+0000] {logging_mixin.py:190} INFO - [2025-08-07T17:22:35.200+0000] {dag.py:3239} INFO - Sync 1 DAGs
[2025-08-07T17:22:35.217+0000] {logging_mixin.py:190} INFO - [2025-08-07T17:22:35.217+0000] {dag.py:4180} INFO - Setting next_dagrun for example_trigger_target_dag to None, run_after=None
[2025-08-07T17:22:35.243+0000] {processor.py:208} INFO - Processing /home/airflow/.local/lib/python3.12/site-packages/airflow/example_dags/example_trigger_target_dag.py took 0.078 seconds
[2025-08-07T17:23:06.657+0000] {processor.py:186} INFO - Started process (PID=1432) to work on /home/airflow/.local/lib/python3.12/site-packages/airflow/example_dags/example_trigger_target_dag.py
[2025-08-07T17:23:06.658+0000] {processor.py:914} INFO - Processing file /home/airflow/.local/lib/python3.12/site-packages/airflow/example_dags/example_trigger_target_dag.py for tasks to queue
[2025-08-07T17:23:06.661+0000] {logging_mixin.py:190} INFO - [2025-08-07T17:23:06.660+0000] {dagbag.py:588} INFO - Filling up the DagBag from /home/airflow/.local/lib/python3.12/site-packages/airflow/example_dags/example_trigger_target_dag.py
[2025-08-07T17:23:06.668+0000] {processor.py:925} INFO - DAG(s) 'example_trigger_target_dag' retrieved from /home/airflow/.local/lib/python3.12/site-packages/airflow/example_dags/example_trigger_target_dag.py
[2025-08-07T17:23:06.690+0000] {logging_mixin.py:190} INFO - [2025-08-07T17:23:06.690+0000] {dag.py:3239} INFO - Sync 1 DAGs
[2025-08-07T17:23:06.710+0000] {logging_mixin.py:190} INFO - [2025-08-07T17:23:06.710+0000] {dag.py:4180} INFO - Setting next_dagrun for example_trigger_target_dag to None, run_after=None
[2025-08-07T17:23:06.734+0000] {processor.py:208} INFO - Processing /home/airflow/.local/lib/python3.12/site-packages/airflow/example_dags/example_trigger_target_dag.py took 0.083 seconds
[2025-08-07T17:23:14.632+0000] {processor.py:186} INFO - Started process (PID=1462) to work on /home/airflow/.local/lib/python3.12/site-packages/airflow/example_dags/example_trigger_target_dag.py
[2025-08-07T17:23:14.633+0000] {processor.py:914} INFO - Processing file /home/airflow/.local/lib/python3.12/site-packages/airflow/example_dags/example_trigger_target_dag.py for tasks to queue
[2025-08-07T17:23:14.634+0000] {logging_mixin.py:190} INFO - [2025-08-07T17:23:14.634+0000] {dagbag.py:588} INFO - Filling up the DagBag from /home/airflow/.local/lib/python3.12/site-packages/airflow/example_dags/example_trigger_target_dag.py
[2025-08-07T17:23:14.643+0000] {processor.py:925} INFO - DAG(s) 'example_trigger_target_dag' retrieved from /home/airflow/.local/lib/python3.12/site-packages/airflow/example_dags/example_trigger_target_dag.py
[2025-08-07T17:23:14.662+0000] {logging_mixin.py:190} INFO - [2025-08-07T17:23:14.661+0000] {dag.py:3239} INFO - Sync 1 DAGs
[2025-08-07T17:23:14.680+0000] {logging_mixin.py:190} INFO - [2025-08-07T17:23:14.679+0000] {dag.py:4180} INFO - Setting next_dagrun for example_trigger_target_dag to None, run_after=None
[2025-08-07T17:23:14.714+0000] {processor.py:208} INFO - Processing /home/airflow/.local/lib/python3.12/site-packages/airflow/example_dags/example_trigger_target_dag.py took 0.088 seconds
[2025-08-07T17:23:44.426+0000] {processor.py:186} INFO - Started process (PID=1534) to work on /home/airflow/.local/lib/python3.12/site-packages/airflow/example_dags/example_trigger_target_dag.py
[2025-08-07T17:23:44.427+0000] {processor.py:914} INFO - Processing file /home/airflow/.local/lib/python3.12/site-packages/airflow/example_dags/example_trigger_target_dag.py for tasks to queue
[2025-08-07T17:23:44.429+0000] {logging_mixin.py:190} INFO - [2025-08-07T17:23:44.428+0000] {dagbag.py:588} INFO - Filling up the DagBag from /home/airflow/.local/lib/python3.12/site-packages/airflow/example_dags/example_trigger_target_dag.py
[2025-08-07T17:23:44.438+0000] {processor.py:925} INFO - DAG(s) 'example_trigger_target_dag' retrieved from /home/airflow/.local/lib/python3.12/site-packages/airflow/example_dags/example_trigger_target_dag.py
[2025-08-07T17:23:44.457+0000] {logging_mixin.py:190} INFO - [2025-08-07T17:23:44.457+0000] {dag.py:3239} INFO - Sync 1 DAGs
[2025-08-07T17:23:44.473+0000] {logging_mixin.py:190} INFO - [2025-08-07T17:23:44.472+0000] {dag.py:4180} INFO - Setting next_dagrun for example_trigger_target_dag to None, run_after=None
[2025-08-07T17:23:44.496+0000] {processor.py:208} INFO - Processing /home/airflow/.local/lib/python3.12/site-packages/airflow/example_dags/example_trigger_target_dag.py took 0.075 seconds
[2025-08-07T17:23:59.356+0000] {processor.py:186} INFO - Started process (PID=1592) to work on /home/airflow/.local/lib/python3.12/site-packages/airflow/example_dags/example_trigger_target_dag.py
[2025-08-07T17:23:59.357+0000] {processor.py:914} INFO - Processing file /home/airflow/.local/lib/python3.12/site-packages/airflow/example_dags/example_trigger_target_dag.py for tasks to queue
[2025-08-07T17:23:59.358+0000] {logging_mixin.py:190} INFO - [2025-08-07T17:23:59.358+0000] {dagbag.py:588} INFO - Filling up the DagBag from /home/airflow/.local/lib/python3.12/site-packages/airflow/example_dags/example_trigger_target_dag.py
[2025-08-07T17:23:59.367+0000] {processor.py:925} INFO - DAG(s) 'example_trigger_target_dag' retrieved from /home/airflow/.local/lib/python3.12/site-packages/airflow/example_dags/example_trigger_target_dag.py
[2025-08-07T17:23:59.386+0000] {logging_mixin.py:190} INFO - [2025-08-07T17:23:59.386+0000] {dag.py:3239} INFO - Sync 1 DAGs
[2025-08-07T17:23:59.403+0000] {logging_mixin.py:190} INFO - [2025-08-07T17:23:59.403+0000] {dag.py:4180} INFO - Setting next_dagrun for example_trigger_target_dag to None, run_after=None
[2025-08-07T17:23:59.430+0000] {processor.py:208} INFO - Processing /home/airflow/.local/lib/python3.12/site-packages/airflow/example_dags/example_trigger_target_dag.py took 0.079 seconds
[2025-08-07T17:24:13.329+0000] {processor.py:186} INFO - Started process (PID=1652) to work on /home/airflow/.local/lib/python3.12/site-packages/airflow/example_dags/example_trigger_target_dag.py
[2025-08-07T17:24:13.331+0000] {processor.py:914} INFO - Processing file /home/airflow/.local/lib/python3.12/site-packages/airflow/example_dags/example_trigger_target_dag.py for tasks to queue
[2025-08-07T17:24:13.334+0000] {logging_mixin.py:190} INFO - [2025-08-07T17:24:13.333+0000] {dagbag.py:588} INFO - Filling up the DagBag from /home/airflow/.local/lib/python3.12/site-packages/airflow/example_dags/example_trigger_target_dag.py
[2025-08-07T17:24:13.345+0000] {processor.py:925} INFO - DAG(s) 'example_trigger_target_dag' retrieved from /home/airflow/.local/lib/python3.12/site-packages/airflow/example_dags/example_trigger_target_dag.py
[2025-08-07T17:24:13.373+0000] {logging_mixin.py:190} INFO - [2025-08-07T17:24:13.373+0000] {dag.py:3239} INFO - Sync 1 DAGs
[2025-08-07T17:24:13.402+0000] {logging_mixin.py:190} INFO - [2025-08-07T17:24:13.402+0000] {dag.py:4180} INFO - Setting next_dagrun for example_trigger_target_dag to None, run_after=None
[2025-08-07T17:24:13.436+0000] {processor.py:208} INFO - Processing /home/airflow/.local/lib/python3.12/site-packages/airflow/example_dags/example_trigger_target_dag.py took 0.115 seconds
[2025-08-07T17:24:44.335+0000] {processor.py:186} INFO - Started process (PID=1726) to work on /home/airflow/.local/lib/python3.12/site-packages/airflow/example_dags/example_trigger_target_dag.py
[2025-08-07T17:24:44.336+0000] {processor.py:914} INFO - Processing file /home/airflow/.local/lib/python3.12/site-packages/airflow/example_dags/example_trigger_target_dag.py for tasks to queue
[2025-08-07T17:24:44.338+0000] {logging_mixin.py:190} INFO - [2025-08-07T17:24:44.338+0000] {dagbag.py:588} INFO - Filling up the DagBag from /home/airflow/.local/lib/python3.12/site-packages/airflow/example_dags/example_trigger_target_dag.py
[2025-08-07T17:24:44.353+0000] {processor.py:925} INFO - DAG(s) 'example_trigger_target_dag' retrieved from /home/airflow/.local/lib/python3.12/site-packages/airflow/example_dags/example_trigger_target_dag.py
[2025-08-07T17:24:44.387+0000] {logging_mixin.py:190} INFO - [2025-08-07T17:24:44.387+0000] {dag.py:3239} INFO - Sync 1 DAGs
[2025-08-07T17:24:44.406+0000] {logging_mixin.py:190} INFO - [2025-08-07T17:24:44.406+0000] {dag.py:4180} INFO - Setting next_dagrun for example_trigger_target_dag to None, run_after=None
[2025-08-07T17:24:44.430+0000] {processor.py:208} INFO - Processing /home/airflow/.local/lib/python3.12/site-packages/airflow/example_dags/example_trigger_target_dag.py took 0.100 seconds
[2025-08-07T17:24:59.507+0000] {processor.py:186} INFO - Started process (PID=1785) to work on /home/airflow/.local/lib/python3.12/site-packages/airflow/example_dags/example_trigger_target_dag.py
[2025-08-07T17:24:59.509+0000] {processor.py:914} INFO - Processing file /home/airflow/.local/lib/python3.12/site-packages/airflow/example_dags/example_trigger_target_dag.py for tasks to queue
[2025-08-07T17:24:59.510+0000] {logging_mixin.py:190} INFO - [2025-08-07T17:24:59.510+0000] {dagbag.py:588} INFO - Filling up the DagBag from /home/airflow/.local/lib/python3.12/site-packages/airflow/example_dags/example_trigger_target_dag.py
[2025-08-07T17:24:59.519+0000] {processor.py:925} INFO - DAG(s) 'example_trigger_target_dag' retrieved from /home/airflow/.local/lib/python3.12/site-packages/airflow/example_dags/example_trigger_target_dag.py
[2025-08-07T17:24:59.542+0000] {logging_mixin.py:190} INFO - [2025-08-07T17:24:59.542+0000] {dag.py:3239} INFO - Sync 1 DAGs
[2025-08-07T17:24:59.563+0000] {logging_mixin.py:190} INFO - [2025-08-07T17:24:59.562+0000] {dag.py:4180} INFO - Setting next_dagrun for example_trigger_target_dag to None, run_after=None
[2025-08-07T17:24:59.591+0000] {processor.py:208} INFO - Processing /home/airflow/.local/lib/python3.12/site-packages/airflow/example_dags/example_trigger_target_dag.py took 0.089 seconds
[2025-08-07T17:25:13.176+0000] {processor.py:186} INFO - Started process (PID=1841) to work on /home/airflow/.local/lib/python3.12/site-packages/airflow/example_dags/example_trigger_target_dag.py
[2025-08-07T17:25:13.177+0000] {processor.py:914} INFO - Processing file /home/airflow/.local/lib/python3.12/site-packages/airflow/example_dags/example_trigger_target_dag.py for tasks to queue
[2025-08-07T17:25:13.179+0000] {logging_mixin.py:190} INFO - [2025-08-07T17:25:13.178+0000] {dagbag.py:588} INFO - Filling up the DagBag from /home/airflow/.local/lib/python3.12/site-packages/airflow/example_dags/example_trigger_target_dag.py
[2025-08-07T17:25:13.188+0000] {processor.py:925} INFO - DAG(s) 'example_trigger_target_dag' retrieved from /home/airflow/.local/lib/python3.12/site-packages/airflow/example_dags/example_trigger_target_dag.py
[2025-08-07T17:26:26.775+0000] {logging_mixin.py:190} INFO - [2025-08-07T17:26:26.774+0000] {dag.py:3239} INFO - Sync 1 DAGs
[2025-08-07T17:26:26.791+0000] {logging_mixin.py:190} INFO - [2025-08-07T17:26:26.791+0000] {dag.py:4180} INFO - Setting next_dagrun for example_trigger_target_dag to None, run_after=None
[2025-08-07T17:26:26.817+0000] {processor.py:208} INFO - Processing /home/airflow/.local/lib/python3.12/site-packages/airflow/example_dags/example_trigger_target_dag.py took 0.082 seconds
[2025-08-07T17:25:41.566+0000] {processor.py:186} INFO - Started process (PID=1906) to work on /home/airflow/.local/lib/python3.12/site-packages/airflow/example_dags/example_trigger_target_dag.py
[2025-08-07T17:25:41.567+0000] {processor.py:914} INFO - Processing file /home/airflow/.local/lib/python3.12/site-packages/airflow/example_dags/example_trigger_target_dag.py for tasks to queue
[2025-08-07T17:25:41.569+0000] {logging_mixin.py:190} INFO - [2025-08-07T17:25:41.568+0000] {dagbag.py:588} INFO - Filling up the DagBag from /home/airflow/.local/lib/python3.12/site-packages/airflow/example_dags/example_trigger_target_dag.py
[2025-08-07T17:25:41.578+0000] {processor.py:925} INFO - DAG(s) 'example_trigger_target_dag' retrieved from /home/airflow/.local/lib/python3.12/site-packages/airflow/example_dags/example_trigger_target_dag.py
[2025-08-07T17:25:41.599+0000] {logging_mixin.py:190} INFO - [2025-08-07T17:25:41.599+0000] {dag.py:3239} INFO - Sync 1 DAGs
[2025-08-07T17:25:41.616+0000] {logging_mixin.py:190} INFO - [2025-08-07T17:25:41.615+0000] {dag.py:4180} INFO - Setting next_dagrun for example_trigger_target_dag to None, run_after=None
[2025-08-07T17:25:41.639+0000] {processor.py:208} INFO - Processing /home/airflow/.local/lib/python3.12/site-packages/airflow/example_dags/example_trigger_target_dag.py took 0.080 seconds
[2025-08-07T17:26:13.255+0000] {processor.py:186} INFO - Started process (PID=1976) to work on /home/airflow/.local/lib/python3.12/site-packages/airflow/example_dags/example_trigger_target_dag.py
[2025-08-07T17:26:13.256+0000] {processor.py:914} INFO - Processing file /home/airflow/.local/lib/python3.12/site-packages/airflow/example_dags/example_trigger_target_dag.py for tasks to queue
[2025-08-07T17:26:13.258+0000] {logging_mixin.py:190} INFO - [2025-08-07T17:26:13.258+0000] {dagbag.py:588} INFO - Filling up the DagBag from /home/airflow/.local/lib/python3.12/site-packages/airflow/example_dags/example_trigger_target_dag.py
[2025-08-07T17:26:13.269+0000] {processor.py:925} INFO - DAG(s) 'example_trigger_target_dag' retrieved from /home/airflow/.local/lib/python3.12/site-packages/airflow/example_dags/example_trigger_target_dag.py
[2025-08-07T17:26:13.292+0000] {logging_mixin.py:190} INFO - [2025-08-07T17:26:13.292+0000] {dag.py:3239} INFO - Sync 1 DAGs
[2025-08-07T17:27:26.875+0000] {logging_mixin.py:190} INFO - [2025-08-07T17:27:26.875+0000] {dag.py:4180} INFO - Setting next_dagrun for example_trigger_target_dag to None, run_after=None
[2025-08-07T17:27:26.900+0000] {processor.py:208} INFO - Processing /home/airflow/.local/lib/python3.12/site-packages/airflow/example_dags/example_trigger_target_dag.py took 0.089 seconds
[2025-08-07T17:26:44.457+0000] {processor.py:186} INFO - Started process (PID=2039) to work on /home/airflow/.local/lib/python3.12/site-packages/airflow/example_dags/example_trigger_target_dag.py
[2025-08-07T17:26:44.458+0000] {processor.py:914} INFO - Processing file /home/airflow/.local/lib/python3.12/site-packages/airflow/example_dags/example_trigger_target_dag.py for tasks to queue
[2025-08-07T17:26:44.460+0000] {logging_mixin.py:190} INFO - [2025-08-07T17:26:44.459+0000] {dagbag.py:588} INFO - Filling up the DagBag from /home/airflow/.local/lib/python3.12/site-packages/airflow/example_dags/example_trigger_target_dag.py
[2025-08-07T17:26:44.468+0000] {processor.py:925} INFO - DAG(s) 'example_trigger_target_dag' retrieved from /home/airflow/.local/lib/python3.12/site-packages/airflow/example_dags/example_trigger_target_dag.py
[2025-08-07T17:26:44.491+0000] {logging_mixin.py:190} INFO - [2025-08-07T17:26:44.491+0000] {dag.py:3239} INFO - Sync 1 DAGs
[2025-08-07T17:26:44.507+0000] {logging_mixin.py:190} INFO - [2025-08-07T17:26:44.507+0000] {dag.py:4180} INFO - Setting next_dagrun for example_trigger_target_dag to None, run_after=None
[2025-08-07T17:26:44.533+0000] {processor.py:208} INFO - Processing /home/airflow/.local/lib/python3.12/site-packages/airflow/example_dags/example_trigger_target_dag.py took 0.081 seconds
[2025-08-07T17:26:54.921+0000] {processor.py:186} INFO - Started process (PID=2099) to work on /home/airflow/.local/lib/python3.12/site-packages/airflow/example_dags/example_trigger_target_dag.py
[2025-08-07T17:26:54.922+0000] {processor.py:914} INFO - Processing file /home/airflow/.local/lib/python3.12/site-packages/airflow/example_dags/example_trigger_target_dag.py for tasks to queue
[2025-08-07T17:26:54.924+0000] {logging_mixin.py:190} INFO - [2025-08-07T17:26:54.924+0000] {dagbag.py:588} INFO - Filling up the DagBag from /home/airflow/.local/lib/python3.12/site-packages/airflow/example_dags/example_trigger_target_dag.py
[2025-08-07T17:26:54.934+0000] {processor.py:925} INFO - DAG(s) 'example_trigger_target_dag' retrieved from /home/airflow/.local/lib/python3.12/site-packages/airflow/example_dags/example_trigger_target_dag.py
[2025-08-07T17:26:54.958+0000] {logging_mixin.py:190} INFO - [2025-08-07T17:26:54.957+0000] {dag.py:3239} INFO - Sync 1 DAGs
[2025-08-07T17:26:54.976+0000] {logging_mixin.py:190} INFO - [2025-08-07T17:26:54.975+0000] {dag.py:4180} INFO - Setting next_dagrun for example_trigger_target_dag to None, run_after=None
[2025-08-07T17:26:55.006+0000] {processor.py:208} INFO - Processing /home/airflow/.local/lib/python3.12/site-packages/airflow/example_dags/example_trigger_target_dag.py took 0.091 seconds
[2025-08-07T17:27:26.239+0000] {processor.py:186} INFO - Started process (PID=2163) to work on /home/airflow/.local/lib/python3.12/site-packages/airflow/example_dags/example_trigger_target_dag.py
[2025-08-07T17:27:26.240+0000] {processor.py:914} INFO - Processing file /home/airflow/.local/lib/python3.12/site-packages/airflow/example_dags/example_trigger_target_dag.py for tasks to queue
[2025-08-07T17:27:26.243+0000] {logging_mixin.py:190} INFO - [2025-08-07T17:27:26.242+0000] {dagbag.py:588} INFO - Filling up the DagBag from /home/airflow/.local/lib/python3.12/site-packages/airflow/example_dags/example_trigger_target_dag.py
[2025-08-07T17:27:26.250+0000] {processor.py:925} INFO - DAG(s) 'example_trigger_target_dag' retrieved from /home/airflow/.local/lib/python3.12/site-packages/airflow/example_dags/example_trigger_target_dag.py
[2025-08-07T17:27:26.276+0000] {logging_mixin.py:190} INFO - [2025-08-07T17:27:26.276+0000] {dag.py:3239} INFO - Sync 1 DAGs
[2025-08-07T17:27:26.294+0000] {logging_mixin.py:190} INFO - [2025-08-07T17:27:26.294+0000] {dag.py:4180} INFO - Setting next_dagrun for example_trigger_target_dag to None, run_after=None
[2025-08-07T17:27:26.323+0000] {processor.py:208} INFO - Processing /home/airflow/.local/lib/python3.12/site-packages/airflow/example_dags/example_trigger_target_dag.py took 0.089 seconds
[2025-08-07T17:27:54.832+0000] {processor.py:186} INFO - Started process (PID=2227) to work on /home/airflow/.local/lib/python3.12/site-packages/airflow/example_dags/example_trigger_target_dag.py
[2025-08-07T17:27:54.834+0000] {processor.py:914} INFO - Processing file /home/airflow/.local/lib/python3.12/site-packages/airflow/example_dags/example_trigger_target_dag.py for tasks to queue
[2025-08-07T17:27:54.835+0000] {logging_mixin.py:190} INFO - [2025-08-07T17:27:54.835+0000] {dagbag.py:588} INFO - Filling up the DagBag from /home/airflow/.local/lib/python3.12/site-packages/airflow/example_dags/example_trigger_target_dag.py
[2025-08-07T17:27:54.844+0000] {processor.py:925} INFO - DAG(s) 'example_trigger_target_dag' retrieved from /home/airflow/.local/lib/python3.12/site-packages/airflow/example_dags/example_trigger_target_dag.py
[2025-08-07T17:27:54.869+0000] {logging_mixin.py:190} INFO - [2025-08-07T17:27:54.868+0000] {dag.py:3239} INFO - Sync 1 DAGs
[2025-08-07T17:27:54.887+0000] {logging_mixin.py:190} INFO - [2025-08-07T17:27:54.886+0000] {dag.py:4180} INFO - Setting next_dagrun for example_trigger_target_dag to None, run_after=None
[2025-08-07T17:27:54.915+0000] {processor.py:208} INFO - Processing /home/airflow/.local/lib/python3.12/site-packages/airflow/example_dags/example_trigger_target_dag.py took 0.088 seconds
[2025-08-07T17:28:25.927+0000] {processor.py:186} INFO - Started process (PID=2293) to work on /home/airflow/.local/lib/python3.12/site-packages/airflow/example_dags/example_trigger_target_dag.py
[2025-08-07T17:28:25.929+0000] {processor.py:914} INFO - Processing file /home/airflow/.local/lib/python3.12/site-packages/airflow/example_dags/example_trigger_target_dag.py for tasks to queue
[2025-08-07T17:28:25.931+0000] {logging_mixin.py:190} INFO - [2025-08-07T17:28:25.930+0000] {dagbag.py:588} INFO - Filling up the DagBag from /home/airflow/.local/lib/python3.12/site-packages/airflow/example_dags/example_trigger_target_dag.py
[2025-08-07T17:28:25.939+0000] {processor.py:925} INFO - DAG(s) 'example_trigger_target_dag' retrieved from /home/airflow/.local/lib/python3.12/site-packages/airflow/example_dags/example_trigger_target_dag.py
[2025-08-07T17:28:25.965+0000] {logging_mixin.py:190} INFO - [2025-08-07T17:28:25.965+0000] {dag.py:3239} INFO - Sync 1 DAGs
[2025-08-07T17:28:25.983+0000] {logging_mixin.py:190} INFO - [2025-08-07T17:28:25.983+0000] {dag.py:4180} INFO - Setting next_dagrun for example_trigger_target_dag to None, run_after=None
[2025-08-07T17:28:26.012+0000] {processor.py:208} INFO - Processing /home/airflow/.local/lib/python3.12/site-packages/airflow/example_dags/example_trigger_target_dag.py took 0.090 seconds
[2025-08-07T17:28:36.630+0000] {processor.py:186} INFO - Started process (PID=2351) to work on /home/airflow/.local/lib/python3.12/site-packages/airflow/example_dags/example_trigger_target_dag.py
[2025-08-07T17:28:36.633+0000] {processor.py:914} INFO - Processing file /home/airflow/.local/lib/python3.12/site-packages/airflow/example_dags/example_trigger_target_dag.py for tasks to queue
[2025-08-07T17:28:36.634+0000] {logging_mixin.py:190} INFO - [2025-08-07T17:28:36.634+0000] {dagbag.py:588} INFO - Filling up the DagBag from /home/airflow/.local/lib/python3.12/site-packages/airflow/example_dags/example_trigger_target_dag.py
[2025-08-07T17:28:36.644+0000] {processor.py:925} INFO - DAG(s) 'example_trigger_target_dag' retrieved from /home/airflow/.local/lib/python3.12/site-packages/airflow/example_dags/example_trigger_target_dag.py
[2025-08-07T17:28:36.669+0000] {logging_mixin.py:190} INFO - [2025-08-07T17:28:36.668+0000] {dag.py:3239} INFO - Sync 1 DAGs
[2025-08-07T17:28:36.690+0000] {logging_mixin.py:190} INFO - [2025-08-07T17:28:36.690+0000] {dag.py:4180} INFO - Setting next_dagrun for example_trigger_target_dag to None, run_after=None
[2025-08-07T17:28:36.718+0000] {processor.py:208} INFO - Processing /home/airflow/.local/lib/python3.12/site-packages/airflow/example_dags/example_trigger_target_dag.py took 0.097 seconds
[2025-08-07T17:29:08.200+0000] {processor.py:186} INFO - Started process (PID=2423) to work on /home/airflow/.local/lib/python3.12/site-packages/airflow/example_dags/example_trigger_target_dag.py
[2025-08-07T17:29:08.201+0000] {processor.py:914} INFO - Processing file /home/airflow/.local/lib/python3.12/site-packages/airflow/example_dags/example_trigger_target_dag.py for tasks to queue
[2025-08-07T17:29:08.203+0000] {logging_mixin.py:190} INFO - [2025-08-07T17:29:08.203+0000] {dagbag.py:588} INFO - Filling up the DagBag from /home/airflow/.local/lib/python3.12/site-packages/airflow/example_dags/example_trigger_target_dag.py
[2025-08-07T17:29:08.215+0000] {processor.py:925} INFO - DAG(s) 'example_trigger_target_dag' retrieved from /home/airflow/.local/lib/python3.12/site-packages/airflow/example_dags/example_trigger_target_dag.py
[2025-08-07T17:29:08.238+0000] {logging_mixin.py:190} INFO - [2025-08-07T17:29:08.237+0000] {dag.py:3239} INFO - Sync 1 DAGs
[2025-08-07T17:29:08.257+0000] {logging_mixin.py:190} INFO - [2025-08-07T17:29:08.257+0000] {dag.py:4180} INFO - Setting next_dagrun for example_trigger_target_dag to None, run_after=None
[2025-08-07T17:29:08.287+0000] {processor.py:208} INFO - Processing /home/airflow/.local/lib/python3.12/site-packages/airflow/example_dags/example_trigger_target_dag.py took 0.094 seconds
[2025-08-07T17:29:15.166+0000] {processor.py:186} INFO - Started process (PID=2482) to work on /home/airflow/.local/lib/python3.12/site-packages/airflow/example_dags/example_trigger_target_dag.py
[2025-08-07T17:29:15.167+0000] {processor.py:914} INFO - Processing file /home/airflow/.local/lib/python3.12/site-packages/airflow/example_dags/example_trigger_target_dag.py for tasks to queue
[2025-08-07T17:29:15.169+0000] {logging_mixin.py:190} INFO - [2025-08-07T17:29:15.168+0000] {dagbag.py:588} INFO - Filling up the DagBag from /home/airflow/.local/lib/python3.12/site-packages/airflow/example_dags/example_trigger_target_dag.py
[2025-08-07T17:29:15.178+0000] {processor.py:925} INFO - DAG(s) 'example_trigger_target_dag' retrieved from /home/airflow/.local/lib/python3.12/site-packages/airflow/example_dags/example_trigger_target_dag.py
[2025-08-07T17:29:15.203+0000] {logging_mixin.py:190} INFO - [2025-08-07T17:29:15.203+0000] {dag.py:3239} INFO - Sync 1 DAGs
[2025-08-07T17:29:15.222+0000] {logging_mixin.py:190} INFO - [2025-08-07T17:29:15.222+0000] {dag.py:4180} INFO - Setting next_dagrun for example_trigger_target_dag to None, run_after=None
[2025-08-07T17:29:15.251+0000] {processor.py:208} INFO - Processing /home/airflow/.local/lib/python3.12/site-packages/airflow/example_dags/example_trigger_target_dag.py took 0.093 seconds
[2025-08-07T17:29:46.461+0000] {processor.py:186} INFO - Started process (PID=2546) to work on /home/airflow/.local/lib/python3.12/site-packages/airflow/example_dags/example_trigger_target_dag.py
[2025-08-07T17:29:46.463+0000] {processor.py:914} INFO - Processing file /home/airflow/.local/lib/python3.12/site-packages/airflow/example_dags/example_trigger_target_dag.py for tasks to queue
[2025-08-07T17:29:46.467+0000] {logging_mixin.py:190} INFO - [2025-08-07T17:29:46.465+0000] {dagbag.py:588} INFO - Filling up the DagBag from /home/airflow/.local/lib/python3.12/site-packages/airflow/example_dags/example_trigger_target_dag.py
[2025-08-07T17:29:46.478+0000] {processor.py:925} INFO - DAG(s) 'example_trigger_target_dag' retrieved from /home/airflow/.local/lib/python3.12/site-packages/airflow/example_dags/example_trigger_target_dag.py
[2025-08-07T17:29:46.507+0000] {logging_mixin.py:190} INFO - [2025-08-07T17:29:46.507+0000] {dag.py:3239} INFO - Sync 1 DAGs
[2025-08-07T17:29:46.528+0000] {logging_mixin.py:190} INFO - [2025-08-07T17:29:46.528+0000] {dag.py:4180} INFO - Setting next_dagrun for example_trigger_target_dag to None, run_after=None
[2025-08-07T17:29:46.561+0000] {processor.py:208} INFO - Processing /home/airflow/.local/lib/python3.12/site-packages/airflow/example_dags/example_trigger_target_dag.py took 0.107 seconds
[2025-08-07T17:30:17.692+0000] {processor.py:186} INFO - Started process (PID=2610) to work on /home/airflow/.local/lib/python3.12/site-packages/airflow/example_dags/example_trigger_target_dag.py
[2025-08-07T17:30:17.693+0000] {processor.py:914} INFO - Processing file /home/airflow/.local/lib/python3.12/site-packages/airflow/example_dags/example_trigger_target_dag.py for tasks to queue
[2025-08-07T17:30:17.695+0000] {logging_mixin.py:190} INFO - [2025-08-07T17:30:17.694+0000] {dagbag.py:588} INFO - Filling up the DagBag from /home/airflow/.local/lib/python3.12/site-packages/airflow/example_dags/example_trigger_target_dag.py
[2025-08-07T17:30:17.704+0000] {processor.py:925} INFO - DAG(s) 'example_trigger_target_dag' retrieved from /home/airflow/.local/lib/python3.12/site-packages/airflow/example_dags/example_trigger_target_dag.py
[2025-08-07T17:30:17.733+0000] {logging_mixin.py:190} INFO - [2025-08-07T17:30:17.732+0000] {dag.py:3239} INFO - Sync 1 DAGs
[2025-08-07T17:30:17.752+0000] {logging_mixin.py:190} INFO - [2025-08-07T17:30:17.752+0000] {dag.py:4180} INFO - Setting next_dagrun for example_trigger_target_dag to None, run_after=None
[2025-08-07T17:30:17.780+0000] {processor.py:208} INFO - Processing /home/airflow/.local/lib/python3.12/site-packages/airflow/example_dags/example_trigger_target_dag.py took 0.095 seconds
[2025-08-07T17:42:28.630+0000] {processor.py:186} INFO - Started process (PID=2686) to work on /home/airflow/.local/lib/python3.12/site-packages/airflow/example_dags/example_trigger_target_dag.py
[2025-08-07T17:42:28.636+0000] {processor.py:914} INFO - Processing file /home/airflow/.local/lib/python3.12/site-packages/airflow/example_dags/example_trigger_target_dag.py for tasks to queue
[2025-08-07T17:42:28.639+0000] {logging_mixin.py:190} INFO - [2025-08-07T17:42:28.638+0000] {dagbag.py:588} INFO - Filling up the DagBag from /home/airflow/.local/lib/python3.12/site-packages/airflow/example_dags/example_trigger_target_dag.py
[2025-08-07T17:42:28.669+0000] {processor.py:925} INFO - DAG(s) 'example_trigger_target_dag' retrieved from /home/airflow/.local/lib/python3.12/site-packages/airflow/example_dags/example_trigger_target_dag.py
[2025-08-07T17:42:28.761+0000] {logging_mixin.py:190} INFO - [2025-08-07T17:42:28.760+0000] {dag.py:3239} INFO - Sync 1 DAGs
[2025-08-07T17:42:28.819+0000] {logging_mixin.py:190} INFO - [2025-08-07T17:42:28.819+0000] {dag.py:4180} INFO - Setting next_dagrun for example_trigger_target_dag to None, run_after=None
[2025-08-07T17:42:28.902+0000] {processor.py:208} INFO - Processing /home/airflow/.local/lib/python3.12/site-packages/airflow/example_dags/example_trigger_target_dag.py took 0.289 seconds
[2025-08-07T17:42:59.676+0000] {processor.py:186} INFO - Started process (PID=2753) to work on /home/airflow/.local/lib/python3.12/site-packages/airflow/example_dags/example_trigger_target_dag.py
[2025-08-07T17:42:59.677+0000] {processor.py:914} INFO - Processing file /home/airflow/.local/lib/python3.12/site-packages/airflow/example_dags/example_trigger_target_dag.py for tasks to queue
[2025-08-07T17:42:59.679+0000] {logging_mixin.py:190} INFO - [2025-08-07T17:42:59.679+0000] {dagbag.py:588} INFO - Filling up the DagBag from /home/airflow/.local/lib/python3.12/site-packages/airflow/example_dags/example_trigger_target_dag.py
[2025-08-07T17:42:59.695+0000] {processor.py:925} INFO - DAG(s) 'example_trigger_target_dag' retrieved from /home/airflow/.local/lib/python3.12/site-packages/airflow/example_dags/example_trigger_target_dag.py
[2025-08-07T17:42:59.731+0000] {logging_mixin.py:190} INFO - [2025-08-07T17:42:59.731+0000] {dag.py:3239} INFO - Sync 1 DAGs
[2025-08-07T17:42:59.760+0000] {logging_mixin.py:190} INFO - [2025-08-07T17:42:59.760+0000] {dag.py:4180} INFO - Setting next_dagrun for example_trigger_target_dag to None, run_after=None
[2025-08-07T17:42:59.804+0000] {processor.py:208} INFO - Processing /home/airflow/.local/lib/python3.12/site-packages/airflow/example_dags/example_trigger_target_dag.py took 0.137 seconds
[2025-08-07T17:43:23.107+0000] {processor.py:186} INFO - Started process (PID=2816) to work on /home/airflow/.local/lib/python3.12/site-packages/airflow/example_dags/example_trigger_target_dag.py
[2025-08-07T17:43:23.108+0000] {processor.py:914} INFO - Processing file /home/airflow/.local/lib/python3.12/site-packages/airflow/example_dags/example_trigger_target_dag.py for tasks to queue
[2025-08-07T17:43:23.109+0000] {logging_mixin.py:190} INFO - [2025-08-07T17:43:23.109+0000] {dagbag.py:588} INFO - Filling up the DagBag from /home/airflow/.local/lib/python3.12/site-packages/airflow/example_dags/example_trigger_target_dag.py
[2025-08-07T17:43:23.121+0000] {processor.py:925} INFO - DAG(s) 'example_trigger_target_dag' retrieved from /home/airflow/.local/lib/python3.12/site-packages/airflow/example_dags/example_trigger_target_dag.py
[2025-08-07T17:43:23.152+0000] {logging_mixin.py:190} INFO - [2025-08-07T17:43:23.152+0000] {dag.py:3239} INFO - Sync 1 DAGs
[2025-08-07T17:43:23.177+0000] {logging_mixin.py:190} INFO - [2025-08-07T17:43:23.177+0000] {dag.py:4180} INFO - Setting next_dagrun for example_trigger_target_dag to None, run_after=None
[2025-08-07T17:43:23.209+0000] {processor.py:208} INFO - Processing /home/airflow/.local/lib/python3.12/site-packages/airflow/example_dags/example_trigger_target_dag.py took 0.111 seconds
[2025-08-07T17:43:42.960+0000] {processor.py:186} INFO - Started process (PID=2876) to work on /home/airflow/.local/lib/python3.12/site-packages/airflow/example_dags/example_trigger_target_dag.py
[2025-08-07T17:43:42.961+0000] {processor.py:914} INFO - Processing file /home/airflow/.local/lib/python3.12/site-packages/airflow/example_dags/example_trigger_target_dag.py for tasks to queue
[2025-08-07T17:43:42.962+0000] {logging_mixin.py:190} INFO - [2025-08-07T17:43:42.962+0000] {dagbag.py:588} INFO - Filling up the DagBag from /home/airflow/.local/lib/python3.12/site-packages/airflow/example_dags/example_trigger_target_dag.py
[2025-08-07T17:43:42.973+0000] {processor.py:925} INFO - DAG(s) 'example_trigger_target_dag' retrieved from /home/airflow/.local/lib/python3.12/site-packages/airflow/example_dags/example_trigger_target_dag.py
[2025-08-07T17:43:43.002+0000] {logging_mixin.py:190} INFO - [2025-08-07T17:43:43.001+0000] {dag.py:3239} INFO - Sync 1 DAGs
[2025-08-07T17:43:43.023+0000] {logging_mixin.py:190} INFO - [2025-08-07T17:43:43.023+0000] {dag.py:4180} INFO - Setting next_dagrun for example_trigger_target_dag to None, run_after=None
[2025-08-07T17:43:43.068+0000] {processor.py:208} INFO - Processing /home/airflow/.local/lib/python3.12/site-packages/airflow/example_dags/example_trigger_target_dag.py took 0.117 seconds
[2025-08-07T17:44:14.940+0000] {processor.py:186} INFO - Started process (PID=2942) to work on /home/airflow/.local/lib/python3.12/site-packages/airflow/example_dags/example_trigger_target_dag.py
[2025-08-07T17:44:14.941+0000] {processor.py:914} INFO - Processing file /home/airflow/.local/lib/python3.12/site-packages/airflow/example_dags/example_trigger_target_dag.py for tasks to queue
[2025-08-07T17:44:14.943+0000] {logging_mixin.py:190} INFO - [2025-08-07T17:44:14.943+0000] {dagbag.py:588} INFO - Filling up the DagBag from /home/airflow/.local/lib/python3.12/site-packages/airflow/example_dags/example_trigger_target_dag.py
[2025-08-07T17:44:14.960+0000] {processor.py:925} INFO - DAG(s) 'example_trigger_target_dag' retrieved from /home/airflow/.local/lib/python3.12/site-packages/airflow/example_dags/example_trigger_target_dag.py
[2025-08-07T17:44:15.000+0000] {logging_mixin.py:190} INFO - [2025-08-07T17:44:15.000+0000] {dag.py:3239} INFO - Sync 1 DAGs
[2025-08-07T17:44:15.030+0000] {logging_mixin.py:190} INFO - [2025-08-07T17:44:15.030+0000] {dag.py:4180} INFO - Setting next_dagrun for example_trigger_target_dag to None, run_after=None
[2025-08-07T17:44:15.092+0000] {processor.py:208} INFO - Processing /home/airflow/.local/lib/python3.12/site-packages/airflow/example_dags/example_trigger_target_dag.py took 0.168 seconds
[2025-08-07T17:44:45.301+0000] {processor.py:186} INFO - Started process (PID=3007) to work on /home/airflow/.local/lib/python3.12/site-packages/airflow/example_dags/example_trigger_target_dag.py
[2025-08-07T17:44:45.303+0000] {processor.py:914} INFO - Processing file /home/airflow/.local/lib/python3.12/site-packages/airflow/example_dags/example_trigger_target_dag.py for tasks to queue
[2025-08-07T17:44:45.309+0000] {logging_mixin.py:190} INFO - [2025-08-07T17:44:45.308+0000] {dagbag.py:588} INFO - Filling up the DagBag from /home/airflow/.local/lib/python3.12/site-packages/airflow/example_dags/example_trigger_target_dag.py
[2025-08-07T17:44:45.323+0000] {processor.py:925} INFO - DAG(s) 'example_trigger_target_dag' retrieved from /home/airflow/.local/lib/python3.12/site-packages/airflow/example_dags/example_trigger_target_dag.py
[2025-08-07T17:44:45.360+0000] {logging_mixin.py:190} INFO - [2025-08-07T17:44:45.360+0000] {dag.py:3239} INFO - Sync 1 DAGs
[2025-08-07T17:44:45.391+0000] {logging_mixin.py:190} INFO - [2025-08-07T17:44:45.391+0000] {dag.py:4180} INFO - Setting next_dagrun for example_trigger_target_dag to None, run_after=None
[2025-08-07T17:44:45.433+0000] {processor.py:208} INFO - Processing /home/airflow/.local/lib/python3.12/site-packages/airflow/example_dags/example_trigger_target_dag.py took 0.144 seconds
[2025-08-07T17:45:15.958+0000] {processor.py:186} INFO - Started process (PID=3072) to work on /home/airflow/.local/lib/python3.12/site-packages/airflow/example_dags/example_trigger_target_dag.py
[2025-08-07T17:45:15.959+0000] {processor.py:914} INFO - Processing file /home/airflow/.local/lib/python3.12/site-packages/airflow/example_dags/example_trigger_target_dag.py for tasks to queue
[2025-08-07T17:46:29.522+0000] {logging_mixin.py:190} INFO - [2025-08-07T17:45:15.960+0000] {dagbag.py:588} INFO - Filling up the DagBag from /home/airflow/.local/lib/python3.12/site-packages/airflow/example_dags/example_trigger_target_dag.py
[2025-08-07T17:46:29.535+0000] {processor.py:925} INFO - DAG(s) 'example_trigger_target_dag' retrieved from /home/airflow/.local/lib/python3.12/site-packages/airflow/example_dags/example_trigger_target_dag.py
[2025-08-07T17:45:16.019+0000] {logging_mixin.py:190} INFO - [2025-08-07T17:45:16.018+0000] {dag.py:3239} INFO - Sync 1 DAGs
[2025-08-07T17:45:16.048+0000] {logging_mixin.py:190} INFO - [2025-08-07T17:45:16.048+0000] {dag.py:4180} INFO - Setting next_dagrun for example_trigger_target_dag to None, run_after=None
[2025-08-07T17:45:16.086+0000] {processor.py:208} INFO - Processing /home/airflow/.local/lib/python3.12/site-packages/airflow/example_dags/example_trigger_target_dag.py took 0.136 seconds
[2025-08-07T17:45:46.287+0000] {processor.py:186} INFO - Started process (PID=3137) to work on /home/airflow/.local/lib/python3.12/site-packages/airflow/example_dags/example_trigger_target_dag.py
[2025-08-07T17:45:46.289+0000] {processor.py:914} INFO - Processing file /home/airflow/.local/lib/python3.12/site-packages/airflow/example_dags/example_trigger_target_dag.py for tasks to queue
[2025-08-07T17:45:46.290+0000] {logging_mixin.py:190} INFO - [2025-08-07T17:45:46.290+0000] {dagbag.py:588} INFO - Filling up the DagBag from /home/airflow/.local/lib/python3.12/site-packages/airflow/example_dags/example_trigger_target_dag.py
[2025-08-07T17:45:46.307+0000] {processor.py:925} INFO - DAG(s) 'example_trigger_target_dag' retrieved from /home/airflow/.local/lib/python3.12/site-packages/airflow/example_dags/example_trigger_target_dag.py
[2025-08-07T17:45:46.348+0000] {logging_mixin.py:190} INFO - [2025-08-07T17:45:46.348+0000] {dag.py:3239} INFO - Sync 1 DAGs
[2025-08-07T17:45:46.375+0000] {logging_mixin.py:190} INFO - [2025-08-07T17:45:46.375+0000] {dag.py:4180} INFO - Setting next_dagrun for example_trigger_target_dag to None, run_after=None
[2025-08-07T17:45:46.417+0000] {processor.py:208} INFO - Processing /home/airflow/.local/lib/python3.12/site-packages/airflow/example_dags/example_trigger_target_dag.py took 0.139 seconds
[2025-08-07T17:46:16.905+0000] {processor.py:186} INFO - Started process (PID=3200) to work on /home/airflow/.local/lib/python3.12/site-packages/airflow/example_dags/example_trigger_target_dag.py
[2025-08-07T17:46:16.906+0000] {processor.py:914} INFO - Processing file /home/airflow/.local/lib/python3.12/site-packages/airflow/example_dags/example_trigger_target_dag.py for tasks to queue
[2025-08-07T17:46:16.912+0000] {logging_mixin.py:190} INFO - [2025-08-07T17:46:16.911+0000] {dagbag.py:588} INFO - Filling up the DagBag from /home/airflow/.local/lib/python3.12/site-packages/airflow/example_dags/example_trigger_target_dag.py
[2025-08-07T17:46:16.925+0000] {processor.py:925} INFO - DAG(s) 'example_trigger_target_dag' retrieved from /home/airflow/.local/lib/python3.12/site-packages/airflow/example_dags/example_trigger_target_dag.py
[2025-08-07T17:46:17.226+0000] {logging_mixin.py:190} INFO - [2025-08-07T17:46:17.225+0000] {dag.py:3239} INFO - Sync 1 DAGs
[2025-08-07T17:46:17.252+0000] {logging_mixin.py:190} INFO - [2025-08-07T17:46:17.252+0000] {dag.py:4180} INFO - Setting next_dagrun for example_trigger_target_dag to None, run_after=None
[2025-08-07T17:46:17.294+0000] {processor.py:208} INFO - Processing /home/airflow/.local/lib/python3.12/site-packages/airflow/example_dags/example_trigger_target_dag.py took 0.407 seconds
[2025-08-07T17:46:47.463+0000] {processor.py:186} INFO - Started process (PID=3264) to work on /home/airflow/.local/lib/python3.12/site-packages/airflow/example_dags/example_trigger_target_dag.py
[2025-08-07T17:46:47.467+0000] {processor.py:914} INFO - Processing file /home/airflow/.local/lib/python3.12/site-packages/airflow/example_dags/example_trigger_target_dag.py for tasks to queue
[2025-08-07T17:46:47.469+0000] {logging_mixin.py:190} INFO - [2025-08-07T17:46:47.469+0000] {dagbag.py:588} INFO - Filling up the DagBag from /home/airflow/.local/lib/python3.12/site-packages/airflow/example_dags/example_trigger_target_dag.py
[2025-08-07T17:46:47.482+0000] {processor.py:925} INFO - DAG(s) 'example_trigger_target_dag' retrieved from /home/airflow/.local/lib/python3.12/site-packages/airflow/example_dags/example_trigger_target_dag.py
[2025-08-07T17:46:47.521+0000] {logging_mixin.py:190} INFO - [2025-08-07T17:46:47.521+0000] {dag.py:3239} INFO - Sync 1 DAGs
[2025-08-07T17:46:47.549+0000] {logging_mixin.py:190} INFO - [2025-08-07T17:46:47.549+0000] {dag.py:4180} INFO - Setting next_dagrun for example_trigger_target_dag to None, run_after=None
[2025-08-07T17:46:47.587+0000] {processor.py:208} INFO - Processing /home/airflow/.local/lib/python3.12/site-packages/airflow/example_dags/example_trigger_target_dag.py took 0.135 seconds
[2025-08-07T17:47:17.978+0000] {processor.py:186} INFO - Started process (PID=3330) to work on /home/airflow/.local/lib/python3.12/site-packages/airflow/example_dags/example_trigger_target_dag.py
[2025-08-07T17:47:17.979+0000] {processor.py:914} INFO - Processing file /home/airflow/.local/lib/python3.12/site-packages/airflow/example_dags/example_trigger_target_dag.py for tasks to queue
[2025-08-07T17:47:17.981+0000] {logging_mixin.py:190} INFO - [2025-08-07T17:47:17.980+0000] {dagbag.py:588} INFO - Filling up the DagBag from /home/airflow/.local/lib/python3.12/site-packages/airflow/example_dags/example_trigger_target_dag.py
[2025-08-07T17:47:17.992+0000] {processor.py:925} INFO - DAG(s) 'example_trigger_target_dag' retrieved from /home/airflow/.local/lib/python3.12/site-packages/airflow/example_dags/example_trigger_target_dag.py
[2025-08-07T17:47:18.022+0000] {logging_mixin.py:190} INFO - [2025-08-07T17:47:18.022+0000] {dag.py:3239} INFO - Sync 1 DAGs
[2025-08-07T17:47:18.051+0000] {logging_mixin.py:190} INFO - [2025-08-07T17:47:18.050+0000] {dag.py:4180} INFO - Setting next_dagrun for example_trigger_target_dag to None, run_after=None
[2025-08-07T17:47:18.088+0000] {processor.py:208} INFO - Processing /home/airflow/.local/lib/python3.12/site-packages/airflow/example_dags/example_trigger_target_dag.py took 0.120 seconds
[2025-08-07T17:47:48.683+0000] {processor.py:186} INFO - Started process (PID=3395) to work on /home/airflow/.local/lib/python3.12/site-packages/airflow/example_dags/example_trigger_target_dag.py
[2025-08-07T17:47:48.684+0000] {processor.py:914} INFO - Processing file /home/airflow/.local/lib/python3.12/site-packages/airflow/example_dags/example_trigger_target_dag.py for tasks to queue
[2025-08-07T17:47:48.690+0000] {logging_mixin.py:190} INFO - [2025-08-07T17:47:48.689+0000] {dagbag.py:588} INFO - Filling up the DagBag from /home/airflow/.local/lib/python3.12/site-packages/airflow/example_dags/example_trigger_target_dag.py
[2025-08-07T17:47:48.703+0000] {processor.py:925} INFO - DAG(s) 'example_trigger_target_dag' retrieved from /home/airflow/.local/lib/python3.12/site-packages/airflow/example_dags/example_trigger_target_dag.py
[2025-08-07T17:47:48.740+0000] {logging_mixin.py:190} INFO - [2025-08-07T17:47:48.739+0000] {dag.py:3239} INFO - Sync 1 DAGs
[2025-08-07T17:47:48.765+0000] {logging_mixin.py:190} INFO - [2025-08-07T17:47:48.764+0000] {dag.py:4180} INFO - Setting next_dagrun for example_trigger_target_dag to None, run_after=None
[2025-08-07T17:47:48.803+0000] {processor.py:208} INFO - Processing /home/airflow/.local/lib/python3.12/site-packages/airflow/example_dags/example_trigger_target_dag.py took 0.130 seconds
[2025-08-07T17:48:19.702+0000] {processor.py:186} INFO - Started process (PID=3461) to work on /home/airflow/.local/lib/python3.12/site-packages/airflow/example_dags/example_trigger_target_dag.py
[2025-08-07T17:48:19.703+0000] {processor.py:914} INFO - Processing file /home/airflow/.local/lib/python3.12/site-packages/airflow/example_dags/example_trigger_target_dag.py for tasks to queue
[2025-08-07T17:48:19.709+0000] {logging_mixin.py:190} INFO - [2025-08-07T17:48:19.709+0000] {dagbag.py:588} INFO - Filling up the DagBag from /home/airflow/.local/lib/python3.12/site-packages/airflow/example_dags/example_trigger_target_dag.py
[2025-08-07T17:48:19.723+0000] {processor.py:925} INFO - DAG(s) 'example_trigger_target_dag' retrieved from /home/airflow/.local/lib/python3.12/site-packages/airflow/example_dags/example_trigger_target_dag.py
[2025-08-07T17:48:19.763+0000] {logging_mixin.py:190} INFO - [2025-08-07T17:48:19.762+0000] {dag.py:3239} INFO - Sync 1 DAGs
[2025-08-07T17:48:19.799+0000] {logging_mixin.py:190} INFO - [2025-08-07T17:48:19.794+0000] {dag.py:4180} INFO - Setting next_dagrun for example_trigger_target_dag to None, run_after=None
[2025-08-07T17:48:19.843+0000] {processor.py:208} INFO - Processing /home/airflow/.local/lib/python3.12/site-packages/airflow/example_dags/example_trigger_target_dag.py took 0.152 seconds
[2025-08-07T17:48:50.361+0000] {processor.py:186} INFO - Started process (PID=3529) to work on /home/airflow/.local/lib/python3.12/site-packages/airflow/example_dags/example_trigger_target_dag.py
[2025-08-07T17:48:50.367+0000] {processor.py:914} INFO - Processing file /home/airflow/.local/lib/python3.12/site-packages/airflow/example_dags/example_trigger_target_dag.py for tasks to queue
[2025-08-07T17:48:50.370+0000] {logging_mixin.py:190} INFO - [2025-08-07T17:48:50.369+0000] {dagbag.py:588} INFO - Filling up the DagBag from /home/airflow/.local/lib/python3.12/site-packages/airflow/example_dags/example_trigger_target_dag.py
[2025-08-07T17:48:50.397+0000] {processor.py:925} INFO - DAG(s) 'example_trigger_target_dag' retrieved from /home/airflow/.local/lib/python3.12/site-packages/airflow/example_dags/example_trigger_target_dag.py
[2025-08-07T17:48:50.448+0000] {logging_mixin.py:190} INFO - [2025-08-07T17:48:50.447+0000] {dag.py:3239} INFO - Sync 1 DAGs
[2025-08-07T17:48:50.508+0000] {logging_mixin.py:190} INFO - [2025-08-07T17:48:50.507+0000] {dag.py:4180} INFO - Setting next_dagrun for example_trigger_target_dag to None, run_after=None
[2025-08-07T17:48:50.585+0000] {processor.py:208} INFO - Processing /home/airflow/.local/lib/python3.12/site-packages/airflow/example_dags/example_trigger_target_dag.py took 0.240 seconds
[2025-08-07T17:49:20.764+0000] {processor.py:186} INFO - Started process (PID=3591) to work on /home/airflow/.local/lib/python3.12/site-packages/airflow/example_dags/example_trigger_target_dag.py
[2025-08-07T17:49:20.765+0000] {processor.py:914} INFO - Processing file /home/airflow/.local/lib/python3.12/site-packages/airflow/example_dags/example_trigger_target_dag.py for tasks to queue
[2025-08-07T17:49:20.767+0000] {logging_mixin.py:190} INFO - [2025-08-07T17:49:20.767+0000] {dagbag.py:588} INFO - Filling up the DagBag from /home/airflow/.local/lib/python3.12/site-packages/airflow/example_dags/example_trigger_target_dag.py
[2025-08-07T17:49:20.785+0000] {processor.py:925} INFO - DAG(s) 'example_trigger_target_dag' retrieved from /home/airflow/.local/lib/python3.12/site-packages/airflow/example_dags/example_trigger_target_dag.py
[2025-08-07T17:49:20.818+0000] {logging_mixin.py:190} INFO - [2025-08-07T17:49:20.818+0000] {dag.py:3239} INFO - Sync 1 DAGs
[2025-08-07T17:49:20.856+0000] {logging_mixin.py:190} INFO - [2025-08-07T17:49:20.856+0000] {dag.py:4180} INFO - Setting next_dagrun for example_trigger_target_dag to None, run_after=None
[2025-08-07T17:49:20.924+0000] {processor.py:208} INFO - Processing /home/airflow/.local/lib/python3.12/site-packages/airflow/example_dags/example_trigger_target_dag.py took 0.170 seconds
[2025-08-07T17:49:49.673+0000] {processor.py:186} INFO - Started process (PID=3655) to work on /home/airflow/.local/lib/python3.12/site-packages/airflow/example_dags/example_trigger_target_dag.py
[2025-08-07T17:49:49.678+0000] {processor.py:914} INFO - Processing file /home/airflow/.local/lib/python3.12/site-packages/airflow/example_dags/example_trigger_target_dag.py for tasks to queue
[2025-08-07T17:49:49.680+0000] {logging_mixin.py:190} INFO - [2025-08-07T17:49:49.680+0000] {dagbag.py:588} INFO - Filling up the DagBag from /home/airflow/.local/lib/python3.12/site-packages/airflow/example_dags/example_trigger_target_dag.py
[2025-08-07T17:49:49.703+0000] {processor.py:925} INFO - DAG(s) 'example_trigger_target_dag' retrieved from /home/airflow/.local/lib/python3.12/site-packages/airflow/example_dags/example_trigger_target_dag.py
[2025-08-07T17:49:49.752+0000] {logging_mixin.py:190} INFO - [2025-08-07T17:49:49.751+0000] {dag.py:3239} INFO - Sync 1 DAGs
[2025-08-07T17:49:49.913+0000] {logging_mixin.py:190} INFO - [2025-08-07T17:49:49.912+0000] {dag.py:4180} INFO - Setting next_dagrun for example_trigger_target_dag to None, run_after=None
[2025-08-07T17:49:49.969+0000] {processor.py:208} INFO - Processing /home/airflow/.local/lib/python3.12/site-packages/airflow/example_dags/example_trigger_target_dag.py took 0.310 seconds
[2025-08-07T17:50:03.559+0000] {processor.py:186} INFO - Started process (PID=3714) to work on /home/airflow/.local/lib/python3.12/site-packages/airflow/example_dags/example_trigger_target_dag.py
[2025-08-07T17:50:03.560+0000] {processor.py:914} INFO - Processing file /home/airflow/.local/lib/python3.12/site-packages/airflow/example_dags/example_trigger_target_dag.py for tasks to queue
[2025-08-07T17:50:03.566+0000] {logging_mixin.py:190} INFO - [2025-08-07T17:50:03.565+0000] {dagbag.py:588} INFO - Filling up the DagBag from /home/airflow/.local/lib/python3.12/site-packages/airflow/example_dags/example_trigger_target_dag.py
[2025-08-07T17:50:03.578+0000] {processor.py:925} INFO - DAG(s) 'example_trigger_target_dag' retrieved from /home/airflow/.local/lib/python3.12/site-packages/airflow/example_dags/example_trigger_target_dag.py
[2025-08-07T17:50:03.609+0000] {logging_mixin.py:190} INFO - [2025-08-07T17:50:03.609+0000] {dag.py:3239} INFO - Sync 1 DAGs
[2025-08-07T17:50:03.637+0000] {logging_mixin.py:190} INFO - [2025-08-07T17:50:03.637+0000] {dag.py:4180} INFO - Setting next_dagrun for example_trigger_target_dag to None, run_after=None
[2025-08-07T17:50:03.680+0000] {processor.py:208} INFO - Processing /home/airflow/.local/lib/python3.12/site-packages/airflow/example_dags/example_trigger_target_dag.py took 0.131 seconds
[2025-08-07T17:50:35.116+0000] {processor.py:186} INFO - Started process (PID=3779) to work on /home/airflow/.local/lib/python3.12/site-packages/airflow/example_dags/example_trigger_target_dag.py
[2025-08-07T17:50:35.121+0000] {processor.py:914} INFO - Processing file /home/airflow/.local/lib/python3.12/site-packages/airflow/example_dags/example_trigger_target_dag.py for tasks to queue
[2025-08-07T17:50:35.122+0000] {logging_mixin.py:190} INFO - [2025-08-07T17:50:35.122+0000] {dagbag.py:588} INFO - Filling up the DagBag from /home/airflow/.local/lib/python3.12/site-packages/airflow/example_dags/example_trigger_target_dag.py
[2025-08-07T17:50:35.135+0000] {processor.py:925} INFO - DAG(s) 'example_trigger_target_dag' retrieved from /home/airflow/.local/lib/python3.12/site-packages/airflow/example_dags/example_trigger_target_dag.py
[2025-08-07T17:50:35.173+0000] {logging_mixin.py:190} INFO - [2025-08-07T17:50:35.173+0000] {dag.py:3239} INFO - Sync 1 DAGs
[2025-08-07T17:50:35.201+0000] {logging_mixin.py:190} INFO - [2025-08-07T17:50:35.201+0000] {dag.py:4180} INFO - Setting next_dagrun for example_trigger_target_dag to None, run_after=None
[2025-08-07T17:50:35.242+0000] {processor.py:208} INFO - Processing /home/airflow/.local/lib/python3.12/site-packages/airflow/example_dags/example_trigger_target_dag.py took 0.137 seconds
[2025-08-07T17:51:06.638+0000] {processor.py:186} INFO - Started process (PID=3845) to work on /home/airflow/.local/lib/python3.12/site-packages/airflow/example_dags/example_trigger_target_dag.py
[2025-08-07T17:51:06.643+0000] {processor.py:914} INFO - Processing file /home/airflow/.local/lib/python3.12/site-packages/airflow/example_dags/example_trigger_target_dag.py for tasks to queue
[2025-08-07T17:51:06.645+0000] {logging_mixin.py:190} INFO - [2025-08-07T17:51:06.645+0000] {dagbag.py:588} INFO - Filling up the DagBag from /home/airflow/.local/lib/python3.12/site-packages/airflow/example_dags/example_trigger_target_dag.py
[2025-08-07T17:51:06.663+0000] {processor.py:925} INFO - DAG(s) 'example_trigger_target_dag' retrieved from /home/airflow/.local/lib/python3.12/site-packages/airflow/example_dags/example_trigger_target_dag.py
[2025-08-07T17:52:20.257+0000] {logging_mixin.py:190} INFO - [2025-08-07T17:52:20.257+0000] {dag.py:3239} INFO - Sync 1 DAGs
[2025-08-07T17:51:06.742+0000] {logging_mixin.py:190} INFO - [2025-08-07T17:51:06.737+0000] {dag.py:4180} INFO - Setting next_dagrun for example_trigger_target_dag to None, run_after=None
[2025-08-07T17:51:06.793+0000] {processor.py:208} INFO - Processing /home/airflow/.local/lib/python3.12/site-packages/airflow/example_dags/example_trigger_target_dag.py took 0.167 seconds
[2025-08-07T17:51:38.507+0000] {processor.py:186} INFO - Started process (PID=3911) to work on /home/airflow/.local/lib/python3.12/site-packages/airflow/example_dags/example_trigger_target_dag.py
[2025-08-07T17:51:38.513+0000] {processor.py:914} INFO - Processing file /home/airflow/.local/lib/python3.12/site-packages/airflow/example_dags/example_trigger_target_dag.py for tasks to queue
[2025-08-07T17:51:38.525+0000] {logging_mixin.py:190} INFO - [2025-08-07T17:51:38.524+0000] {dagbag.py:588} INFO - Filling up the DagBag from /home/airflow/.local/lib/python3.12/site-packages/airflow/example_dags/example_trigger_target_dag.py
[2025-08-07T17:51:38.554+0000] {processor.py:925} INFO - DAG(s) 'example_trigger_target_dag' retrieved from /home/airflow/.local/lib/python3.12/site-packages/airflow/example_dags/example_trigger_target_dag.py
[2025-08-07T17:51:38.606+0000] {logging_mixin.py:190} INFO - [2025-08-07T17:51:38.606+0000] {dag.py:3239} INFO - Sync 1 DAGs
[2025-08-07T17:51:38.657+0000] {logging_mixin.py:190} INFO - [2025-08-07T17:51:38.656+0000] {dag.py:4180} INFO - Setting next_dagrun for example_trigger_target_dag to None, run_after=None
[2025-08-07T17:51:38.718+0000] {processor.py:208} INFO - Processing /home/airflow/.local/lib/python3.12/site-packages/airflow/example_dags/example_trigger_target_dag.py took 0.224 seconds
[2025-08-07T17:52:08.802+0000] {processor.py:186} INFO - Started process (PID=3981) to work on /home/airflow/.local/lib/python3.12/site-packages/airflow/example_dags/example_trigger_target_dag.py
[2025-08-07T17:52:08.803+0000] {processor.py:914} INFO - Processing file /home/airflow/.local/lib/python3.12/site-packages/airflow/example_dags/example_trigger_target_dag.py for tasks to queue
[2025-08-07T17:52:08.805+0000] {logging_mixin.py:190} INFO - [2025-08-07T17:52:08.804+0000] {dagbag.py:588} INFO - Filling up the DagBag from /home/airflow/.local/lib/python3.12/site-packages/airflow/example_dags/example_trigger_target_dag.py
[2025-08-07T17:52:08.823+0000] {processor.py:925} INFO - DAG(s) 'example_trigger_target_dag' retrieved from /home/airflow/.local/lib/python3.12/site-packages/airflow/example_dags/example_trigger_target_dag.py
[2025-08-07T17:52:08.864+0000] {logging_mixin.py:190} INFO - [2025-08-07T17:52:08.864+0000] {dag.py:3239} INFO - Sync 1 DAGs
[2025-08-07T17:52:08.896+0000] {logging_mixin.py:190} INFO - [2025-08-07T17:52:08.895+0000] {dag.py:4180} INFO - Setting next_dagrun for example_trigger_target_dag to None, run_after=None
[2025-08-07T17:52:08.955+0000] {processor.py:208} INFO - Processing /home/airflow/.local/lib/python3.12/site-packages/airflow/example_dags/example_trigger_target_dag.py took 0.163 seconds
[2025-08-07T17:52:28.740+0000] {processor.py:186} INFO - Started process (PID=4044) to work on /home/airflow/.local/lib/python3.12/site-packages/airflow/example_dags/example_trigger_target_dag.py
[2025-08-07T17:52:28.741+0000] {processor.py:914} INFO - Processing file /home/airflow/.local/lib/python3.12/site-packages/airflow/example_dags/example_trigger_target_dag.py for tasks to queue
[2025-08-07T17:52:28.742+0000] {logging_mixin.py:190} INFO - [2025-08-07T17:52:28.742+0000] {dagbag.py:588} INFO - Filling up the DagBag from /home/airflow/.local/lib/python3.12/site-packages/airflow/example_dags/example_trigger_target_dag.py
[2025-08-07T17:52:28.759+0000] {processor.py:925} INFO - DAG(s) 'example_trigger_target_dag' retrieved from /home/airflow/.local/lib/python3.12/site-packages/airflow/example_dags/example_trigger_target_dag.py
[2025-08-07T17:52:28.801+0000] {logging_mixin.py:190} INFO - [2025-08-07T17:52:28.800+0000] {dag.py:3239} INFO - Sync 1 DAGs
[2025-08-07T17:52:28.839+0000] {logging_mixin.py:190} INFO - [2025-08-07T17:52:28.838+0000] {dag.py:4180} INFO - Setting next_dagrun for example_trigger_target_dag to None, run_after=None
[2025-08-07T17:52:28.873+0000] {processor.py:208} INFO - Processing /home/airflow/.local/lib/python3.12/site-packages/airflow/example_dags/example_trigger_target_dag.py took 0.144 seconds
[2025-08-07T17:53:00.689+0000] {processor.py:186} INFO - Started process (PID=4108) to work on /home/airflow/.local/lib/python3.12/site-packages/airflow/example_dags/example_trigger_target_dag.py
[2025-08-07T17:53:00.690+0000] {processor.py:914} INFO - Processing file /home/airflow/.local/lib/python3.12/site-packages/airflow/example_dags/example_trigger_target_dag.py for tasks to queue
[2025-08-07T17:53:00.697+0000] {logging_mixin.py:190} INFO - [2025-08-07T17:53:00.696+0000] {dagbag.py:588} INFO - Filling up the DagBag from /home/airflow/.local/lib/python3.12/site-packages/airflow/example_dags/example_trigger_target_dag.py
[2025-08-07T17:53:00.719+0000] {processor.py:925} INFO - DAG(s) 'example_trigger_target_dag' retrieved from /home/airflow/.local/lib/python3.12/site-packages/airflow/example_dags/example_trigger_target_dag.py
[2025-08-07T17:53:00.770+0000] {logging_mixin.py:190} INFO - [2025-08-07T17:53:00.770+0000] {dag.py:3239} INFO - Sync 1 DAGs
[2025-08-07T17:53:00.811+0000] {logging_mixin.py:190} INFO - [2025-08-07T17:53:00.810+0000] {dag.py:4180} INFO - Setting next_dagrun for example_trigger_target_dag to None, run_after=None
[2025-08-07T17:53:00.868+0000] {processor.py:208} INFO - Processing /home/airflow/.local/lib/python3.12/site-packages/airflow/example_dags/example_trigger_target_dag.py took 0.198 seconds
[2025-08-07T17:53:29.095+0000] {processor.py:186} INFO - Started process (PID=4172) to work on /home/airflow/.local/lib/python3.12/site-packages/airflow/example_dags/example_trigger_target_dag.py
[2025-08-07T17:53:29.096+0000] {processor.py:914} INFO - Processing file /home/airflow/.local/lib/python3.12/site-packages/airflow/example_dags/example_trigger_target_dag.py for tasks to queue
[2025-08-07T17:53:29.102+0000] {logging_mixin.py:190} INFO - [2025-08-07T17:53:29.102+0000] {dagbag.py:588} INFO - Filling up the DagBag from /home/airflow/.local/lib/python3.12/site-packages/airflow/example_dags/example_trigger_target_dag.py
[2025-08-07T17:53:29.117+0000] {processor.py:925} INFO - DAG(s) 'example_trigger_target_dag' retrieved from /home/airflow/.local/lib/python3.12/site-packages/airflow/example_dags/example_trigger_target_dag.py
[2025-08-07T17:53:29.162+0000] {logging_mixin.py:190} INFO - [2025-08-07T17:53:29.162+0000] {dag.py:3239} INFO - Sync 1 DAGs
[2025-08-07T17:53:29.196+0000] {logging_mixin.py:190} INFO - [2025-08-07T17:53:29.195+0000] {dag.py:4180} INFO - Setting next_dagrun for example_trigger_target_dag to None, run_after=None
[2025-08-07T17:53:29.242+0000] {processor.py:208} INFO - Processing /home/airflow/.local/lib/python3.12/site-packages/airflow/example_dags/example_trigger_target_dag.py took 0.159 seconds
[2025-08-07T17:53:45.169+0000] {processor.py:186} INFO - Started process (PID=4235) to work on /home/airflow/.local/lib/python3.12/site-packages/airflow/example_dags/example_trigger_target_dag.py
[2025-08-07T17:53:45.178+0000] {processor.py:914} INFO - Processing file /home/airflow/.local/lib/python3.12/site-packages/airflow/example_dags/example_trigger_target_dag.py for tasks to queue
[2025-08-07T17:53:45.185+0000] {logging_mixin.py:190} INFO - [2025-08-07T17:53:45.180+0000] {dagbag.py:588} INFO - Filling up the DagBag from /home/airflow/.local/lib/python3.12/site-packages/airflow/example_dags/example_trigger_target_dag.py
[2025-08-07T17:53:45.205+0000] {processor.py:925} INFO - DAG(s) 'example_trigger_target_dag' retrieved from /home/airflow/.local/lib/python3.12/site-packages/airflow/example_dags/example_trigger_target_dag.py
[2025-08-07T17:53:45.249+0000] {logging_mixin.py:190} INFO - [2025-08-07T17:53:45.249+0000] {dag.py:3239} INFO - Sync 1 DAGs
[2025-08-07T17:53:45.290+0000] {logging_mixin.py:190} INFO - [2025-08-07T17:53:45.289+0000] {dag.py:4180} INFO - Setting next_dagrun for example_trigger_target_dag to None, run_after=None
[2025-08-07T17:53:45.347+0000] {processor.py:208} INFO - Processing /home/airflow/.local/lib/python3.12/site-packages/airflow/example_dags/example_trigger_target_dag.py took 0.190 seconds
[2025-08-07T17:53:59.420+0000] {processor.py:186} INFO - Started process (PID=4295) to work on /home/airflow/.local/lib/python3.12/site-packages/airflow/example_dags/example_trigger_target_dag.py
[2025-08-07T17:53:59.425+0000] {processor.py:914} INFO - Processing file /home/airflow/.local/lib/python3.12/site-packages/airflow/example_dags/example_trigger_target_dag.py for tasks to queue
[2025-08-07T17:53:59.427+0000] {logging_mixin.py:190} INFO - [2025-08-07T17:53:59.427+0000] {dagbag.py:588} INFO - Filling up the DagBag from /home/airflow/.local/lib/python3.12/site-packages/airflow/example_dags/example_trigger_target_dag.py
[2025-08-07T17:53:59.445+0000] {processor.py:925} INFO - DAG(s) 'example_trigger_target_dag' retrieved from /home/airflow/.local/lib/python3.12/site-packages/airflow/example_dags/example_trigger_target_dag.py
[2025-08-07T17:53:59.485+0000] {logging_mixin.py:190} INFO - [2025-08-07T17:53:59.480+0000] {dag.py:3239} INFO - Sync 1 DAGs
[2025-08-07T17:53:59.518+0000] {logging_mixin.py:190} INFO - [2025-08-07T17:53:59.518+0000] {dag.py:4180} INFO - Setting next_dagrun for example_trigger_target_dag to None, run_after=None
[2025-08-07T17:53:59.560+0000] {processor.py:208} INFO - Processing /home/airflow/.local/lib/python3.12/site-packages/airflow/example_dags/example_trigger_target_dag.py took 0.160 seconds
[2025-08-07T17:54:31.026+0000] {processor.py:186} INFO - Started process (PID=4361) to work on /home/airflow/.local/lib/python3.12/site-packages/airflow/example_dags/example_trigger_target_dag.py
[2025-08-07T17:54:31.032+0000] {processor.py:914} INFO - Processing file /home/airflow/.local/lib/python3.12/site-packages/airflow/example_dags/example_trigger_target_dag.py for tasks to queue
[2025-08-07T17:54:31.035+0000] {logging_mixin.py:190} INFO - [2025-08-07T17:54:31.034+0000] {dagbag.py:588} INFO - Filling up the DagBag from /home/airflow/.local/lib/python3.12/site-packages/airflow/example_dags/example_trigger_target_dag.py
[2025-08-07T17:54:31.056+0000] {processor.py:925} INFO - DAG(s) 'example_trigger_target_dag' retrieved from /home/airflow/.local/lib/python3.12/site-packages/airflow/example_dags/example_trigger_target_dag.py
[2025-08-07T17:54:31.105+0000] {logging_mixin.py:190} INFO - [2025-08-07T17:54:31.105+0000] {dag.py:3239} INFO - Sync 1 DAGs
[2025-08-07T17:54:31.146+0000] {logging_mixin.py:190} INFO - [2025-08-07T17:54:31.145+0000] {dag.py:4180} INFO - Setting next_dagrun for example_trigger_target_dag to None, run_after=None
[2025-08-07T17:54:31.207+0000] {processor.py:208} INFO - Processing /home/airflow/.local/lib/python3.12/site-packages/airflow/example_dags/example_trigger_target_dag.py took 0.199 seconds
[2025-08-07T17:55:03.902+0000] {processor.py:186} INFO - Started process (PID=4425) to work on /home/airflow/.local/lib/python3.12/site-packages/airflow/example_dags/example_trigger_target_dag.py
[2025-08-07T17:55:03.903+0000] {processor.py:914} INFO - Processing file /home/airflow/.local/lib/python3.12/site-packages/airflow/example_dags/example_trigger_target_dag.py for tasks to queue
[2025-08-07T17:55:03.906+0000] {logging_mixin.py:190} INFO - [2025-08-07T17:55:03.905+0000] {dagbag.py:588} INFO - Filling up the DagBag from /home/airflow/.local/lib/python3.12/site-packages/airflow/example_dags/example_trigger_target_dag.py
[2025-08-07T17:55:03.935+0000] {processor.py:925} INFO - DAG(s) 'example_trigger_target_dag' retrieved from /home/airflow/.local/lib/python3.12/site-packages/airflow/example_dags/example_trigger_target_dag.py
[2025-08-07T17:55:03.992+0000] {logging_mixin.py:190} INFO - [2025-08-07T17:55:03.992+0000] {dag.py:3239} INFO - Sync 1 DAGs
[2025-08-07T17:55:04.044+0000] {logging_mixin.py:190} INFO - [2025-08-07T17:55:04.044+0000] {dag.py:4180} INFO - Setting next_dagrun for example_trigger_target_dag to None, run_after=None
[2025-08-07T17:55:04.111+0000] {processor.py:208} INFO - Processing /home/airflow/.local/lib/python3.12/site-packages/airflow/example_dags/example_trigger_target_dag.py took 0.230 seconds
