[2025-08-07T00:26:21.946+0000] {processor.py:186} INFO - Started process (PID=1034) to work on /home/airflow/.local/lib/python3.12/site-packages/airflow/example_dags/example_latest_only_with_trigger.py
[2025-08-07T00:26:21.950+0000] {processor.py:914} INFO - Processing file /home/airflow/.local/lib/python3.12/site-packages/airflow/example_dags/example_latest_only_with_trigger.py for tasks to queue
[2025-08-07T00:26:21.952+0000] {logging_mixin.py:190} INFO - [2025-08-07T00:26:21.952+0000] {dagbag.py:588} INFO - Filling up the DagBag from /home/airflow/.local/lib/python3.12/site-packages/airflow/example_dags/example_latest_only_with_trigger.py
[2025-08-07T00:26:21.968+0000] {processor.py:925} INFO - DAG(s) 'latest_only_with_trigger' retrieved from /home/airflow/.local/lib/python3.12/site-packages/airflow/example_dags/example_latest_only_with_trigger.py
[2025-08-07T00:26:22.005+0000] {logging_mixin.py:190} INFO - [2025-08-07T00:26:22.005+0000] {dag.py:3239} INFO - Sync 1 DAGs
[2025-08-07T00:26:22.052+0000] {logging_mixin.py:190} INFO - [2025-08-07T00:26:22.052+0000] {dag.py:4180} INFO - Setting next_dagrun for latest_only_with_trigger to 2025-08-06 20:00:00+00:00, run_after=2025-08-07 00:00:00+00:00
[2025-08-07T00:26:22.104+0000] {processor.py:208} INFO - Processing /home/airflow/.local/lib/python3.12/site-packages/airflow/example_dags/example_latest_only_with_trigger.py took 0.168 seconds
[2025-08-07T11:29:44.471+0000] {processor.py:186} INFO - Started process (PID=1122) to work on /home/airflow/.local/lib/python3.12/site-packages/airflow/example_dags/example_latest_only_with_trigger.py
[2025-08-07T11:29:44.472+0000] {processor.py:914} INFO - Processing file /home/airflow/.local/lib/python3.12/site-packages/airflow/example_dags/example_latest_only_with_trigger.py for tasks to queue
[2025-08-07T11:29:44.474+0000] {logging_mixin.py:190} INFO - [2025-08-07T11:29:44.474+0000] {dagbag.py:588} INFO - Filling up the DagBag from /home/airflow/.local/lib/python3.12/site-packages/airflow/example_dags/example_latest_only_with_trigger.py
[2025-08-07T11:29:44.483+0000] {processor.py:925} INFO - DAG(s) 'latest_only_with_trigger' retrieved from /home/airflow/.local/lib/python3.12/site-packages/airflow/example_dags/example_latest_only_with_trigger.py
[2025-08-07T11:29:44.507+0000] {logging_mixin.py:190} INFO - [2025-08-07T11:29:44.506+0000] {dag.py:3239} INFO - Sync 1 DAGs
[2025-08-07T11:29:44.534+0000] {logging_mixin.py:190} INFO - [2025-08-07T11:29:44.534+0000] {dag.py:4180} INFO - Setting next_dagrun for latest_only_with_trigger to 2025-08-07 04:00:00+00:00, run_after=2025-08-07 08:00:00+00:00
[2025-08-07T11:29:44.559+0000] {processor.py:208} INFO - Processing /home/airflow/.local/lib/python3.12/site-packages/airflow/example_dags/example_latest_only_with_trigger.py took 0.094 seconds
[2025-08-07T17:21:45.440+0000] {processor.py:186} INFO - Started process (PID=1200) to work on /home/airflow/.local/lib/python3.12/site-packages/airflow/example_dags/example_latest_only_with_trigger.py
[2025-08-07T17:21:45.442+0000] {processor.py:914} INFO - Processing file /home/airflow/.local/lib/python3.12/site-packages/airflow/example_dags/example_latest_only_with_trigger.py for tasks to queue
[2025-08-07T17:21:45.445+0000] {logging_mixin.py:190} INFO - [2025-08-07T17:21:45.444+0000] {dagbag.py:588} INFO - Filling up the DagBag from /home/airflow/.local/lib/python3.12/site-packages/airflow/example_dags/example_latest_only_with_trigger.py
[2025-08-07T17:21:45.461+0000] {processor.py:925} INFO - DAG(s) 'latest_only_with_trigger' retrieved from /home/airflow/.local/lib/python3.12/site-packages/airflow/example_dags/example_latest_only_with_trigger.py
[2025-08-07T17:21:45.523+0000] {logging_mixin.py:190} INFO - [2025-08-07T17:21:45.523+0000] {dag.py:3239} INFO - Sync 1 DAGs
[2025-08-07T17:21:45.576+0000] {logging_mixin.py:190} INFO - [2025-08-07T17:21:45.576+0000] {dag.py:4180} INFO - Setting next_dagrun for latest_only_with_trigger to 2025-08-07 12:00:00+00:00, run_after=2025-08-07 16:00:00+00:00
[2025-08-07T17:21:45.631+0000] {processor.py:208} INFO - Processing /home/airflow/.local/lib/python3.12/site-packages/airflow/example_dags/example_latest_only_with_trigger.py took 0.200 seconds
[2025-08-07T17:22:16.548+0000] {processor.py:186} INFO - Started process (PID=1266) to work on /home/airflow/.local/lib/python3.12/site-packages/airflow/example_dags/example_latest_only_with_trigger.py
[2025-08-07T17:22:16.549+0000] {processor.py:914} INFO - Processing file /home/airflow/.local/lib/python3.12/site-packages/airflow/example_dags/example_latest_only_with_trigger.py for tasks to queue
[2025-08-07T17:22:16.551+0000] {logging_mixin.py:190} INFO - [2025-08-07T17:22:16.551+0000] {dagbag.py:588} INFO - Filling up the DagBag from /home/airflow/.local/lib/python3.12/site-packages/airflow/example_dags/example_latest_only_with_trigger.py
[2025-08-07T17:22:16.561+0000] {processor.py:925} INFO - DAG(s) 'latest_only_with_trigger' retrieved from /home/airflow/.local/lib/python3.12/site-packages/airflow/example_dags/example_latest_only_with_trigger.py
[2025-08-07T17:22:16.588+0000] {logging_mixin.py:190} INFO - [2025-08-07T17:22:16.587+0000] {dag.py:3239} INFO - Sync 1 DAGs
[2025-08-07T17:22:16.623+0000] {logging_mixin.py:190} INFO - [2025-08-07T17:22:16.623+0000] {dag.py:4180} INFO - Setting next_dagrun for latest_only_with_trigger to 2025-08-07 12:00:00+00:00, run_after=2025-08-07 16:00:00+00:00
[2025-08-07T17:22:16.657+0000] {processor.py:208} INFO - Processing /home/airflow/.local/lib/python3.12/site-packages/airflow/example_dags/example_latest_only_with_trigger.py took 0.115 seconds
[2025-08-07T17:22:47.922+0000] {processor.py:186} INFO - Started process (PID=1332) to work on /home/airflow/.local/lib/python3.12/site-packages/airflow/example_dags/example_latest_only_with_trigger.py
[2025-08-07T17:22:47.924+0000] {processor.py:914} INFO - Processing file /home/airflow/.local/lib/python3.12/site-packages/airflow/example_dags/example_latest_only_with_trigger.py for tasks to queue
[2025-08-07T17:22:47.926+0000] {logging_mixin.py:190} INFO - [2025-08-07T17:22:47.925+0000] {dagbag.py:588} INFO - Filling up the DagBag from /home/airflow/.local/lib/python3.12/site-packages/airflow/example_dags/example_latest_only_with_trigger.py
[2025-08-07T17:22:47.935+0000] {processor.py:925} INFO - DAG(s) 'latest_only_with_trigger' retrieved from /home/airflow/.local/lib/python3.12/site-packages/airflow/example_dags/example_latest_only_with_trigger.py
[2025-08-07T17:22:47.959+0000] {logging_mixin.py:190} INFO - [2025-08-07T17:22:47.958+0000] {dag.py:3239} INFO - Sync 1 DAGs
[2025-08-07T17:22:48.006+0000] {logging_mixin.py:190} INFO - [2025-08-07T17:22:48.005+0000] {dag.py:4180} INFO - Setting next_dagrun for latest_only_with_trigger to 2025-08-07 12:00:00+00:00, run_after=2025-08-07 16:00:00+00:00
[2025-08-07T17:22:48.041+0000] {processor.py:208} INFO - Processing /home/airflow/.local/lib/python3.12/site-packages/airflow/example_dags/example_latest_only_with_trigger.py took 0.126 seconds
[2025-08-07T17:23:17.666+0000] {processor.py:186} INFO - Started process (PID=1496) to work on /home/airflow/.local/lib/python3.12/site-packages/airflow/example_dags/example_latest_only_with_trigger.py
[2025-08-07T17:23:17.667+0000] {processor.py:914} INFO - Processing file /home/airflow/.local/lib/python3.12/site-packages/airflow/example_dags/example_latest_only_with_trigger.py for tasks to queue
[2025-08-07T17:23:17.669+0000] {logging_mixin.py:190} INFO - [2025-08-07T17:23:17.669+0000] {dagbag.py:588} INFO - Filling up the DagBag from /home/airflow/.local/lib/python3.12/site-packages/airflow/example_dags/example_latest_only_with_trigger.py
[2025-08-07T17:23:17.680+0000] {processor.py:925} INFO - DAG(s) 'latest_only_with_trigger' retrieved from /home/airflow/.local/lib/python3.12/site-packages/airflow/example_dags/example_latest_only_with_trigger.py
[2025-08-07T17:23:17.706+0000] {logging_mixin.py:190} INFO - [2025-08-07T17:23:17.706+0000] {dag.py:3239} INFO - Sync 1 DAGs
[2025-08-07T17:23:17.734+0000] {logging_mixin.py:190} INFO - [2025-08-07T17:23:17.734+0000] {dag.py:4180} INFO - Setting next_dagrun for latest_only_with_trigger to 2025-08-07 12:00:00+00:00, run_after=2025-08-07 16:00:00+00:00
[2025-08-07T17:23:17.759+0000] {processor.py:208} INFO - Processing /home/airflow/.local/lib/python3.12/site-packages/airflow/example_dags/example_latest_only_with_trigger.py took 0.098 seconds
[2025-08-07T17:23:47.555+0000] {processor.py:186} INFO - Started process (PID=1562) to work on /home/airflow/.local/lib/python3.12/site-packages/airflow/example_dags/example_latest_only_with_trigger.py
[2025-08-07T17:23:47.556+0000] {processor.py:914} INFO - Processing file /home/airflow/.local/lib/python3.12/site-packages/airflow/example_dags/example_latest_only_with_trigger.py for tasks to queue
[2025-08-07T17:23:47.558+0000] {logging_mixin.py:190} INFO - [2025-08-07T17:23:47.557+0000] {dagbag.py:588} INFO - Filling up the DagBag from /home/airflow/.local/lib/python3.12/site-packages/airflow/example_dags/example_latest_only_with_trigger.py
[2025-08-07T17:23:47.566+0000] {processor.py:925} INFO - DAG(s) 'latest_only_with_trigger' retrieved from /home/airflow/.local/lib/python3.12/site-packages/airflow/example_dags/example_latest_only_with_trigger.py
[2025-08-07T17:23:47.589+0000] {logging_mixin.py:190} INFO - [2025-08-07T17:23:47.589+0000] {dag.py:3239} INFO - Sync 1 DAGs
[2025-08-07T17:23:47.616+0000] {logging_mixin.py:190} INFO - [2025-08-07T17:23:47.616+0000] {dag.py:4180} INFO - Setting next_dagrun for latest_only_with_trigger to 2025-08-07 12:00:00+00:00, run_after=2025-08-07 16:00:00+00:00
[2025-08-07T17:23:47.639+0000] {processor.py:208} INFO - Processing /home/airflow/.local/lib/python3.12/site-packages/airflow/example_dags/example_latest_only_with_trigger.py took 0.091 seconds
[2025-08-07T17:24:02.865+0000] {processor.py:186} INFO - Started process (PID=1620) to work on /home/airflow/.local/lib/python3.12/site-packages/airflow/example_dags/example_latest_only_with_trigger.py
[2025-08-07T17:24:02.866+0000] {processor.py:914} INFO - Processing file /home/airflow/.local/lib/python3.12/site-packages/airflow/example_dags/example_latest_only_with_trigger.py for tasks to queue
[2025-08-07T17:24:02.867+0000] {logging_mixin.py:190} INFO - [2025-08-07T17:24:02.867+0000] {dagbag.py:588} INFO - Filling up the DagBag from /home/airflow/.local/lib/python3.12/site-packages/airflow/example_dags/example_latest_only_with_trigger.py
[2025-08-07T17:24:02.879+0000] {processor.py:925} INFO - DAG(s) 'latest_only_with_trigger' retrieved from /home/airflow/.local/lib/python3.12/site-packages/airflow/example_dags/example_latest_only_with_trigger.py
[2025-08-07T17:24:02.903+0000] {logging_mixin.py:190} INFO - [2025-08-07T17:24:02.903+0000] {dag.py:3239} INFO - Sync 1 DAGs
[2025-08-07T17:24:02.930+0000] {logging_mixin.py:190} INFO - [2025-08-07T17:24:02.930+0000] {dag.py:4180} INFO - Setting next_dagrun for latest_only_with_trigger to 2025-08-07 12:00:00+00:00, run_after=2025-08-07 16:00:00+00:00
[2025-08-07T17:24:02.957+0000] {processor.py:208} INFO - Processing /home/airflow/.local/lib/python3.12/site-packages/airflow/example_dags/example_latest_only_with_trigger.py took 0.098 seconds
[2025-08-07T17:24:16.145+0000] {processor.py:186} INFO - Started process (PID=1686) to work on /home/airflow/.local/lib/python3.12/site-packages/airflow/example_dags/example_latest_only_with_trigger.py
[2025-08-07T17:24:16.147+0000] {processor.py:914} INFO - Processing file /home/airflow/.local/lib/python3.12/site-packages/airflow/example_dags/example_latest_only_with_trigger.py for tasks to queue
[2025-08-07T17:24:16.148+0000] {logging_mixin.py:190} INFO - [2025-08-07T17:24:16.148+0000] {dagbag.py:588} INFO - Filling up the DagBag from /home/airflow/.local/lib/python3.12/site-packages/airflow/example_dags/example_latest_only_with_trigger.py
[2025-08-07T17:24:16.157+0000] {processor.py:925} INFO - DAG(s) 'latest_only_with_trigger' retrieved from /home/airflow/.local/lib/python3.12/site-packages/airflow/example_dags/example_latest_only_with_trigger.py
[2025-08-07T17:24:16.178+0000] {logging_mixin.py:190} INFO - [2025-08-07T17:24:16.178+0000] {dag.py:3239} INFO - Sync 1 DAGs
[2025-08-07T17:24:16.204+0000] {logging_mixin.py:190} INFO - [2025-08-07T17:24:16.204+0000] {dag.py:4180} INFO - Setting next_dagrun for latest_only_with_trigger to 2025-08-07 12:00:00+00:00, run_after=2025-08-07 16:00:00+00:00
[2025-08-07T17:24:16.226+0000] {processor.py:208} INFO - Processing /home/airflow/.local/lib/python3.12/site-packages/airflow/example_dags/example_latest_only_with_trigger.py took 0.086 seconds
[2025-08-07T17:24:47.499+0000] {processor.py:186} INFO - Started process (PID=1754) to work on /home/airflow/.local/lib/python3.12/site-packages/airflow/example_dags/example_latest_only_with_trigger.py
[2025-08-07T17:24:47.500+0000] {processor.py:914} INFO - Processing file /home/airflow/.local/lib/python3.12/site-packages/airflow/example_dags/example_latest_only_with_trigger.py for tasks to queue
[2025-08-07T17:24:47.502+0000] {logging_mixin.py:190} INFO - [2025-08-07T17:24:47.501+0000] {dagbag.py:588} INFO - Filling up the DagBag from /home/airflow/.local/lib/python3.12/site-packages/airflow/example_dags/example_latest_only_with_trigger.py
[2025-08-07T17:24:47.508+0000] {processor.py:925} INFO - DAG(s) 'latest_only_with_trigger' retrieved from /home/airflow/.local/lib/python3.12/site-packages/airflow/example_dags/example_latest_only_with_trigger.py
[2025-08-07T17:24:47.531+0000] {logging_mixin.py:190} INFO - [2025-08-07T17:24:47.530+0000] {dag.py:3239} INFO - Sync 1 DAGs
[2025-08-07T17:24:47.558+0000] {logging_mixin.py:190} INFO - [2025-08-07T17:24:47.557+0000] {dag.py:4180} INFO - Setting next_dagrun for latest_only_with_trigger to 2025-08-07 12:00:00+00:00, run_after=2025-08-07 16:00:00+00:00
[2025-08-07T17:24:47.582+0000] {processor.py:208} INFO - Processing /home/airflow/.local/lib/python3.12/site-packages/airflow/example_dags/example_latest_only_with_trigger.py took 0.088 seconds
[2025-08-07T17:25:02.840+0000] {processor.py:186} INFO - Started process (PID=1813) to work on /home/airflow/.local/lib/python3.12/site-packages/airflow/example_dags/example_latest_only_with_trigger.py
[2025-08-07T17:25:02.841+0000] {processor.py:914} INFO - Processing file /home/airflow/.local/lib/python3.12/site-packages/airflow/example_dags/example_latest_only_with_trigger.py for tasks to queue
[2025-08-07T17:25:02.843+0000] {logging_mixin.py:190} INFO - [2025-08-07T17:25:02.843+0000] {dagbag.py:588} INFO - Filling up the DagBag from /home/airflow/.local/lib/python3.12/site-packages/airflow/example_dags/example_latest_only_with_trigger.py
[2025-08-07T17:25:02.852+0000] {processor.py:925} INFO - DAG(s) 'latest_only_with_trigger' retrieved from /home/airflow/.local/lib/python3.12/site-packages/airflow/example_dags/example_latest_only_with_trigger.py
[2025-08-07T17:25:02.880+0000] {logging_mixin.py:190} INFO - [2025-08-07T17:25:02.879+0000] {dag.py:3239} INFO - Sync 1 DAGs
[2025-08-07T17:25:02.909+0000] {logging_mixin.py:190} INFO - [2025-08-07T17:25:02.909+0000] {dag.py:4180} INFO - Setting next_dagrun for latest_only_with_trigger to 2025-08-07 12:00:00+00:00, run_after=2025-08-07 16:00:00+00:00
[2025-08-07T17:25:02.933+0000] {processor.py:208} INFO - Processing /home/airflow/.local/lib/python3.12/site-packages/airflow/example_dags/example_latest_only_with_trigger.py took 0.099 seconds
[2025-08-07T17:25:16.438+0000] {processor.py:186} INFO - Started process (PID=1875) to work on /home/airflow/.local/lib/python3.12/site-packages/airflow/example_dags/example_latest_only_with_trigger.py
[2025-08-07T17:25:16.440+0000] {processor.py:914} INFO - Processing file /home/airflow/.local/lib/python3.12/site-packages/airflow/example_dags/example_latest_only_with_trigger.py for tasks to queue
[2025-08-07T17:25:16.442+0000] {logging_mixin.py:190} INFO - [2025-08-07T17:25:16.441+0000] {dagbag.py:588} INFO - Filling up the DagBag from /home/airflow/.local/lib/python3.12/site-packages/airflow/example_dags/example_latest_only_with_trigger.py
[2025-08-07T17:25:16.452+0000] {processor.py:925} INFO - DAG(s) 'latest_only_with_trigger' retrieved from /home/airflow/.local/lib/python3.12/site-packages/airflow/example_dags/example_latest_only_with_trigger.py
[2025-08-07T17:25:16.475+0000] {logging_mixin.py:190} INFO - [2025-08-07T17:25:16.475+0000] {dag.py:3239} INFO - Sync 1 DAGs
[2025-08-07T17:25:16.502+0000] {logging_mixin.py:190} INFO - [2025-08-07T17:25:16.502+0000] {dag.py:4180} INFO - Setting next_dagrun for latest_only_with_trigger to 2025-08-07 12:00:00+00:00, run_after=2025-08-07 16:00:00+00:00
[2025-08-07T17:25:16.530+0000] {processor.py:208} INFO - Processing /home/airflow/.local/lib/python3.12/site-packages/airflow/example_dags/example_latest_only_with_trigger.py took 0.097 seconds
[2025-08-07T17:25:45.534+0000] {processor.py:186} INFO - Started process (PID=1940) to work on /home/airflow/.local/lib/python3.12/site-packages/airflow/example_dags/example_latest_only_with_trigger.py
[2025-08-07T17:25:45.535+0000] {processor.py:914} INFO - Processing file /home/airflow/.local/lib/python3.12/site-packages/airflow/example_dags/example_latest_only_with_trigger.py for tasks to queue
[2025-08-07T17:25:45.536+0000] {logging_mixin.py:190} INFO - [2025-08-07T17:25:45.536+0000] {dagbag.py:588} INFO - Filling up the DagBag from /home/airflow/.local/lib/python3.12/site-packages/airflow/example_dags/example_latest_only_with_trigger.py
[2025-08-07T17:25:45.545+0000] {processor.py:925} INFO - DAG(s) 'latest_only_with_trigger' retrieved from /home/airflow/.local/lib/python3.12/site-packages/airflow/example_dags/example_latest_only_with_trigger.py
[2025-08-07T17:25:45.570+0000] {logging_mixin.py:190} INFO - [2025-08-07T17:25:45.570+0000] {dag.py:3239} INFO - Sync 1 DAGs
[2025-08-07T17:25:45.604+0000] {logging_mixin.py:190} INFO - [2025-08-07T17:25:45.603+0000] {dag.py:4180} INFO - Setting next_dagrun for latest_only_with_trigger to 2025-08-07 12:00:00+00:00, run_after=2025-08-07 16:00:00+00:00
[2025-08-07T17:25:45.629+0000] {processor.py:208} INFO - Processing /home/airflow/.local/lib/python3.12/site-packages/airflow/example_dags/example_latest_only_with_trigger.py took 0.100 seconds
[2025-08-07T17:26:16.636+0000] {processor.py:186} INFO - Started process (PID=2004) to work on /home/airflow/.local/lib/python3.12/site-packages/airflow/example_dags/example_latest_only_with_trigger.py
[2025-08-07T17:26:16.637+0000] {processor.py:914} INFO - Processing file /home/airflow/.local/lib/python3.12/site-packages/airflow/example_dags/example_latest_only_with_trigger.py for tasks to queue
[2025-08-07T17:26:16.639+0000] {logging_mixin.py:190} INFO - [2025-08-07T17:26:16.639+0000] {dagbag.py:588} INFO - Filling up the DagBag from /home/airflow/.local/lib/python3.12/site-packages/airflow/example_dags/example_latest_only_with_trigger.py
[2025-08-07T17:26:16.648+0000] {processor.py:925} INFO - DAG(s) 'latest_only_with_trigger' retrieved from /home/airflow/.local/lib/python3.12/site-packages/airflow/example_dags/example_latest_only_with_trigger.py
[2025-08-07T17:26:16.672+0000] {logging_mixin.py:190} INFO - [2025-08-07T17:26:16.672+0000] {dag.py:3239} INFO - Sync 1 DAGs
[2025-08-07T17:26:16.699+0000] {logging_mixin.py:190} INFO - [2025-08-07T17:26:16.699+0000] {dag.py:4180} INFO - Setting next_dagrun for latest_only_with_trigger to 2025-08-07 12:00:00+00:00, run_after=2025-08-07 16:00:00+00:00
[2025-08-07T17:26:16.726+0000] {processor.py:208} INFO - Processing /home/airflow/.local/lib/python3.12/site-packages/airflow/example_dags/example_latest_only_with_trigger.py took 0.096 seconds
[2025-08-07T17:26:47.937+0000] {processor.py:186} INFO - Started process (PID=2067) to work on /home/airflow/.local/lib/python3.12/site-packages/airflow/example_dags/example_latest_only_with_trigger.py
[2025-08-07T17:26:47.938+0000] {processor.py:914} INFO - Processing file /home/airflow/.local/lib/python3.12/site-packages/airflow/example_dags/example_latest_only_with_trigger.py for tasks to queue
[2025-08-07T17:26:47.940+0000] {logging_mixin.py:190} INFO - [2025-08-07T17:26:47.939+0000] {dagbag.py:588} INFO - Filling up the DagBag from /home/airflow/.local/lib/python3.12/site-packages/airflow/example_dags/example_latest_only_with_trigger.py
[2025-08-07T17:26:47.949+0000] {processor.py:925} INFO - DAG(s) 'latest_only_with_trigger' retrieved from /home/airflow/.local/lib/python3.12/site-packages/airflow/example_dags/example_latest_only_with_trigger.py
[2025-08-07T17:26:47.971+0000] {logging_mixin.py:190} INFO - [2025-08-07T17:26:47.971+0000] {dag.py:3239} INFO - Sync 1 DAGs
[2025-08-07T17:26:47.997+0000] {logging_mixin.py:190} INFO - [2025-08-07T17:26:47.997+0000] {dag.py:4180} INFO - Setting next_dagrun for latest_only_with_trigger to 2025-08-07 12:00:00+00:00, run_after=2025-08-07 16:00:00+00:00
[2025-08-07T17:26:48.021+0000] {processor.py:208} INFO - Processing /home/airflow/.local/lib/python3.12/site-packages/airflow/example_dags/example_latest_only_with_trigger.py took 0.091 seconds
[2025-08-07T17:26:58.155+0000] {processor.py:186} INFO - Started process (PID=2127) to work on /home/airflow/.local/lib/python3.12/site-packages/airflow/example_dags/example_latest_only_with_trigger.py
[2025-08-07T17:26:58.156+0000] {processor.py:914} INFO - Processing file /home/airflow/.local/lib/python3.12/site-packages/airflow/example_dags/example_latest_only_with_trigger.py for tasks to queue
[2025-08-07T17:26:58.158+0000] {logging_mixin.py:190} INFO - [2025-08-07T17:26:58.157+0000] {dagbag.py:588} INFO - Filling up the DagBag from /home/airflow/.local/lib/python3.12/site-packages/airflow/example_dags/example_latest_only_with_trigger.py
[2025-08-07T17:26:58.168+0000] {processor.py:925} INFO - DAG(s) 'latest_only_with_trigger' retrieved from /home/airflow/.local/lib/python3.12/site-packages/airflow/example_dags/example_latest_only_with_trigger.py
[2025-08-07T17:26:58.192+0000] {logging_mixin.py:190} INFO - [2025-08-07T17:26:58.192+0000] {dag.py:3239} INFO - Sync 1 DAGs
[2025-08-07T17:26:58.220+0000] {logging_mixin.py:190} INFO - [2025-08-07T17:26:58.220+0000] {dag.py:4180} INFO - Setting next_dagrun for latest_only_with_trigger to 2025-08-07 12:00:00+00:00, run_after=2025-08-07 16:00:00+00:00
[2025-08-07T17:26:58.248+0000] {processor.py:208} INFO - Processing /home/airflow/.local/lib/python3.12/site-packages/airflow/example_dags/example_latest_only_with_trigger.py took 0.099 seconds
[2025-08-07T17:27:29.638+0000] {processor.py:186} INFO - Started process (PID=2191) to work on /home/airflow/.local/lib/python3.12/site-packages/airflow/example_dags/example_latest_only_with_trigger.py
[2025-08-07T17:27:29.639+0000] {processor.py:914} INFO - Processing file /home/airflow/.local/lib/python3.12/site-packages/airflow/example_dags/example_latest_only_with_trigger.py for tasks to queue
[2025-08-07T17:27:29.640+0000] {logging_mixin.py:190} INFO - [2025-08-07T17:27:29.640+0000] {dagbag.py:588} INFO - Filling up the DagBag from /home/airflow/.local/lib/python3.12/site-packages/airflow/example_dags/example_latest_only_with_trigger.py
[2025-08-07T17:27:29.650+0000] {processor.py:925} INFO - DAG(s) 'latest_only_with_trigger' retrieved from /home/airflow/.local/lib/python3.12/site-packages/airflow/example_dags/example_latest_only_with_trigger.py
[2025-08-07T17:27:29.679+0000] {logging_mixin.py:190} INFO - [2025-08-07T17:27:29.679+0000] {dag.py:3239} INFO - Sync 1 DAGs
[2025-08-07T17:27:29.710+0000] {logging_mixin.py:190} INFO - [2025-08-07T17:27:29.710+0000] {dag.py:4180} INFO - Setting next_dagrun for latest_only_with_trigger to 2025-08-07 12:00:00+00:00, run_after=2025-08-07 16:00:00+00:00
[2025-08-07T17:27:29.735+0000] {processor.py:208} INFO - Processing /home/airflow/.local/lib/python3.12/site-packages/airflow/example_dags/example_latest_only_with_trigger.py took 0.104 seconds
[2025-08-07T17:27:58.692+0000] {processor.py:186} INFO - Started process (PID=2255) to work on /home/airflow/.local/lib/python3.12/site-packages/airflow/example_dags/example_latest_only_with_trigger.py
[2025-08-07T17:27:58.694+0000] {processor.py:914} INFO - Processing file /home/airflow/.local/lib/python3.12/site-packages/airflow/example_dags/example_latest_only_with_trigger.py for tasks to queue
[2025-08-07T17:27:58.696+0000] {logging_mixin.py:190} INFO - [2025-08-07T17:27:58.696+0000] {dagbag.py:588} INFO - Filling up the DagBag from /home/airflow/.local/lib/python3.12/site-packages/airflow/example_dags/example_latest_only_with_trigger.py
[2025-08-07T17:27:58.707+0000] {processor.py:925} INFO - DAG(s) 'latest_only_with_trigger' retrieved from /home/airflow/.local/lib/python3.12/site-packages/airflow/example_dags/example_latest_only_with_trigger.py
[2025-08-07T17:27:58.735+0000] {logging_mixin.py:190} INFO - [2025-08-07T17:27:58.735+0000] {dag.py:3239} INFO - Sync 1 DAGs
[2025-08-07T17:27:58.765+0000] {logging_mixin.py:190} INFO - [2025-08-07T17:27:58.765+0000] {dag.py:4180} INFO - Setting next_dagrun for latest_only_with_trigger to 2025-08-07 12:00:00+00:00, run_after=2025-08-07 16:00:00+00:00
[2025-08-07T17:27:58.796+0000] {processor.py:208} INFO - Processing /home/airflow/.local/lib/python3.12/site-packages/airflow/example_dags/example_latest_only_with_trigger.py took 0.111 seconds
[2025-08-07T17:28:29.486+0000] {processor.py:186} INFO - Started process (PID=2323) to work on /home/airflow/.local/lib/python3.12/site-packages/airflow/example_dags/example_latest_only_with_trigger.py
[2025-08-07T17:28:29.488+0000] {processor.py:914} INFO - Processing file /home/airflow/.local/lib/python3.12/site-packages/airflow/example_dags/example_latest_only_with_trigger.py for tasks to queue
[2025-08-07T17:28:29.489+0000] {logging_mixin.py:190} INFO - [2025-08-07T17:28:29.489+0000] {dagbag.py:588} INFO - Filling up the DagBag from /home/airflow/.local/lib/python3.12/site-packages/airflow/example_dags/example_latest_only_with_trigger.py
[2025-08-07T17:28:29.500+0000] {processor.py:925} INFO - DAG(s) 'latest_only_with_trigger' retrieved from /home/airflow/.local/lib/python3.12/site-packages/airflow/example_dags/example_latest_only_with_trigger.py
[2025-08-07T17:28:29.527+0000] {logging_mixin.py:190} INFO - [2025-08-07T17:28:29.527+0000] {dag.py:3239} INFO - Sync 1 DAGs
[2025-08-07T17:28:29.556+0000] {logging_mixin.py:190} INFO - [2025-08-07T17:28:29.556+0000] {dag.py:4180} INFO - Setting next_dagrun for latest_only_with_trigger to 2025-08-07 12:00:00+00:00, run_after=2025-08-07 16:00:00+00:00
[2025-08-07T17:28:29.586+0000] {processor.py:208} INFO - Processing /home/airflow/.local/lib/python3.12/site-packages/airflow/example_dags/example_latest_only_with_trigger.py took 0.107 seconds
[2025-08-07T17:28:39.968+0000] {processor.py:186} INFO - Started process (PID=2384) to work on /home/airflow/.local/lib/python3.12/site-packages/airflow/example_dags/example_latest_only_with_trigger.py
[2025-08-07T17:28:39.969+0000] {processor.py:914} INFO - Processing file /home/airflow/.local/lib/python3.12/site-packages/airflow/example_dags/example_latest_only_with_trigger.py for tasks to queue
[2025-08-07T17:28:39.971+0000] {logging_mixin.py:190} INFO - [2025-08-07T17:28:39.971+0000] {dagbag.py:588} INFO - Filling up the DagBag from /home/airflow/.local/lib/python3.12/site-packages/airflow/example_dags/example_latest_only_with_trigger.py
[2025-08-07T17:28:39.986+0000] {processor.py:925} INFO - DAG(s) 'latest_only_with_trigger' retrieved from /home/airflow/.local/lib/python3.12/site-packages/airflow/example_dags/example_latest_only_with_trigger.py
[2025-08-07T17:28:40.014+0000] {logging_mixin.py:190} INFO - [2025-08-07T17:28:40.014+0000] {dag.py:3239} INFO - Sync 1 DAGs
[2025-08-07T17:28:40.049+0000] {logging_mixin.py:190} INFO - [2025-08-07T17:28:40.048+0000] {dag.py:4180} INFO - Setting next_dagrun for latest_only_with_trigger to 2025-08-07 12:00:00+00:00, run_after=2025-08-07 16:00:00+00:00
[2025-08-07T17:28:40.086+0000] {processor.py:208} INFO - Processing /home/airflow/.local/lib/python3.12/site-packages/airflow/example_dags/example_latest_only_with_trigger.py took 0.126 seconds
[2025-08-07T17:29:11.224+0000] {processor.py:186} INFO - Started process (PID=2450) to work on /home/airflow/.local/lib/python3.12/site-packages/airflow/example_dags/example_latest_only_with_trigger.py
[2025-08-07T17:29:11.226+0000] {processor.py:914} INFO - Processing file /home/airflow/.local/lib/python3.12/site-packages/airflow/example_dags/example_latest_only_with_trigger.py for tasks to queue
[2025-08-07T17:29:11.227+0000] {logging_mixin.py:190} INFO - [2025-08-07T17:29:11.227+0000] {dagbag.py:588} INFO - Filling up the DagBag from /home/airflow/.local/lib/python3.12/site-packages/airflow/example_dags/example_latest_only_with_trigger.py
[2025-08-07T17:29:11.237+0000] {processor.py:925} INFO - DAG(s) 'latest_only_with_trigger' retrieved from /home/airflow/.local/lib/python3.12/site-packages/airflow/example_dags/example_latest_only_with_trigger.py
[2025-08-07T17:29:11.263+0000] {logging_mixin.py:190} INFO - [2025-08-07T17:29:11.263+0000] {dag.py:3239} INFO - Sync 1 DAGs
[2025-08-07T17:29:11.294+0000] {logging_mixin.py:190} INFO - [2025-08-07T17:29:11.294+0000] {dag.py:4180} INFO - Setting next_dagrun for latest_only_with_trigger to 2025-08-07 12:00:00+00:00, run_after=2025-08-07 16:00:00+00:00
[2025-08-07T17:29:11.321+0000] {processor.py:208} INFO - Processing /home/airflow/.local/lib/python3.12/site-packages/airflow/example_dags/example_latest_only_with_trigger.py took 0.103 seconds
[2025-08-07T17:29:18.657+0000] {processor.py:186} INFO - Started process (PID=2508) to work on /home/airflow/.local/lib/python3.12/site-packages/airflow/example_dags/example_latest_only_with_trigger.py
[2025-08-07T17:29:18.658+0000] {processor.py:914} INFO - Processing file /home/airflow/.local/lib/python3.12/site-packages/airflow/example_dags/example_latest_only_with_trigger.py for tasks to queue
[2025-08-07T17:29:18.659+0000] {logging_mixin.py:190} INFO - [2025-08-07T17:29:18.659+0000] {dagbag.py:588} INFO - Filling up the DagBag from /home/airflow/.local/lib/python3.12/site-packages/airflow/example_dags/example_latest_only_with_trigger.py
[2025-08-07T17:29:18.670+0000] {processor.py:925} INFO - DAG(s) 'latest_only_with_trigger' retrieved from /home/airflow/.local/lib/python3.12/site-packages/airflow/example_dags/example_latest_only_with_trigger.py
[2025-08-07T17:29:18.700+0000] {logging_mixin.py:190} INFO - [2025-08-07T17:29:18.699+0000] {dag.py:3239} INFO - Sync 1 DAGs
[2025-08-07T17:29:18.737+0000] {logging_mixin.py:190} INFO - [2025-08-07T17:29:18.737+0000] {dag.py:4180} INFO - Setting next_dagrun for latest_only_with_trigger to 2025-08-07 12:00:00+00:00, run_after=2025-08-07 16:00:00+00:00
[2025-08-07T17:29:18.767+0000] {processor.py:208} INFO - Processing /home/airflow/.local/lib/python3.12/site-packages/airflow/example_dags/example_latest_only_with_trigger.py took 0.119 seconds
[2025-08-07T17:29:50.022+0000] {processor.py:186} INFO - Started process (PID=2572) to work on /home/airflow/.local/lib/python3.12/site-packages/airflow/example_dags/example_latest_only_with_trigger.py
[2025-08-07T17:29:50.023+0000] {processor.py:914} INFO - Processing file /home/airflow/.local/lib/python3.12/site-packages/airflow/example_dags/example_latest_only_with_trigger.py for tasks to queue
[2025-08-07T17:29:50.025+0000] {logging_mixin.py:190} INFO - [2025-08-07T17:29:50.025+0000] {dagbag.py:588} INFO - Filling up the DagBag from /home/airflow/.local/lib/python3.12/site-packages/airflow/example_dags/example_latest_only_with_trigger.py
[2025-08-07T17:29:50.038+0000] {processor.py:925} INFO - DAG(s) 'latest_only_with_trigger' retrieved from /home/airflow/.local/lib/python3.12/site-packages/airflow/example_dags/example_latest_only_with_trigger.py
[2025-08-07T17:29:50.067+0000] {logging_mixin.py:190} INFO - [2025-08-07T17:29:50.066+0000] {dag.py:3239} INFO - Sync 1 DAGs
[2025-08-07T17:29:50.106+0000] {logging_mixin.py:190} INFO - [2025-08-07T17:29:50.106+0000] {dag.py:4180} INFO - Setting next_dagrun for latest_only_with_trigger to 2025-08-07 12:00:00+00:00, run_after=2025-08-07 16:00:00+00:00
[2025-08-07T17:29:50.136+0000] {processor.py:208} INFO - Processing /home/airflow/.local/lib/python3.12/site-packages/airflow/example_dags/example_latest_only_with_trigger.py took 0.120 seconds
[2025-08-07T17:30:21.263+0000] {processor.py:186} INFO - Started process (PID=2636) to work on /home/airflow/.local/lib/python3.12/site-packages/airflow/example_dags/example_latest_only_with_trigger.py
[2025-08-07T17:30:21.264+0000] {processor.py:914} INFO - Processing file /home/airflow/.local/lib/python3.12/site-packages/airflow/example_dags/example_latest_only_with_trigger.py for tasks to queue
[2025-08-07T17:30:21.266+0000] {logging_mixin.py:190} INFO - [2025-08-07T17:30:21.265+0000] {dagbag.py:588} INFO - Filling up the DagBag from /home/airflow/.local/lib/python3.12/site-packages/airflow/example_dags/example_latest_only_with_trigger.py
[2025-08-07T17:30:21.277+0000] {processor.py:925} INFO - DAG(s) 'latest_only_with_trigger' retrieved from /home/airflow/.local/lib/python3.12/site-packages/airflow/example_dags/example_latest_only_with_trigger.py
[2025-08-07T17:30:21.303+0000] {logging_mixin.py:190} INFO - [2025-08-07T17:30:21.302+0000] {dag.py:3239} INFO - Sync 1 DAGs
[2025-08-07T17:30:21.334+0000] {logging_mixin.py:190} INFO - [2025-08-07T17:30:21.333+0000] {dag.py:4180} INFO - Setting next_dagrun for latest_only_with_trigger to 2025-08-07 12:00:00+00:00, run_after=2025-08-07 16:00:00+00:00
[2025-08-07T17:30:21.542+0000] {processor.py:208} INFO - Processing /home/airflow/.local/lib/python3.12/site-packages/airflow/example_dags/example_latest_only_with_trigger.py took 0.285 seconds
[2025-08-07T17:42:39.832+0000] {processor.py:186} INFO - Started process (PID=2714) to work on /home/airflow/.local/lib/python3.12/site-packages/airflow/example_dags/example_latest_only_with_trigger.py
[2025-08-07T17:42:39.835+0000] {processor.py:914} INFO - Processing file /home/airflow/.local/lib/python3.12/site-packages/airflow/example_dags/example_latest_only_with_trigger.py for tasks to queue
[2025-08-07T17:42:39.840+0000] {logging_mixin.py:190} INFO - [2025-08-07T17:42:39.839+0000] {dagbag.py:588} INFO - Filling up the DagBag from /home/airflow/.local/lib/python3.12/site-packages/airflow/example_dags/example_latest_only_with_trigger.py
[2025-08-07T17:42:39.853+0000] {processor.py:925} INFO - DAG(s) 'latest_only_with_trigger' retrieved from /home/airflow/.local/lib/python3.12/site-packages/airflow/example_dags/example_latest_only_with_trigger.py
[2025-08-07T17:42:39.900+0000] {logging_mixin.py:190} INFO - [2025-08-07T17:42:39.899+0000] {dag.py:3239} INFO - Sync 1 DAGs
[2025-08-07T17:42:39.952+0000] {logging_mixin.py:190} INFO - [2025-08-07T17:42:39.952+0000] {dag.py:4180} INFO - Setting next_dagrun for latest_only_with_trigger to 2025-08-07 12:00:00+00:00, run_after=2025-08-07 16:00:00+00:00
[2025-08-07T17:42:40.015+0000] {processor.py:208} INFO - Processing /home/airflow/.local/lib/python3.12/site-packages/airflow/example_dags/example_latest_only_with_trigger.py took 0.194 seconds
[2025-08-07T17:43:11.588+0000] {processor.py:186} INFO - Started process (PID=2780) to work on /home/airflow/.local/lib/python3.12/site-packages/airflow/example_dags/example_latest_only_with_trigger.py
[2025-08-07T17:43:11.589+0000] {processor.py:914} INFO - Processing file /home/airflow/.local/lib/python3.12/site-packages/airflow/example_dags/example_latest_only_with_trigger.py for tasks to queue
[2025-08-07T17:43:11.591+0000] {logging_mixin.py:190} INFO - [2025-08-07T17:43:11.590+0000] {dagbag.py:588} INFO - Filling up the DagBag from /home/airflow/.local/lib/python3.12/site-packages/airflow/example_dags/example_latest_only_with_trigger.py
[2025-08-07T17:43:11.608+0000] {processor.py:925} INFO - DAG(s) 'latest_only_with_trigger' retrieved from /home/airflow/.local/lib/python3.12/site-packages/airflow/example_dags/example_latest_only_with_trigger.py
[2025-08-07T17:43:11.658+0000] {logging_mixin.py:190} INFO - [2025-08-07T17:43:11.657+0000] {dag.py:3239} INFO - Sync 1 DAGs
[2025-08-07T17:43:11.971+0000] {logging_mixin.py:190} INFO - [2025-08-07T17:43:11.970+0000] {dag.py:4180} INFO - Setting next_dagrun for latest_only_with_trigger to 2025-08-07 12:00:00+00:00, run_after=2025-08-07 16:00:00+00:00
[2025-08-07T17:43:12.002+0000] {processor.py:208} INFO - Processing /home/airflow/.local/lib/python3.12/site-packages/airflow/example_dags/example_latest_only_with_trigger.py took 0.423 seconds
[2025-08-07T17:43:28.640+0000] {processor.py:186} INFO - Started process (PID=2844) to work on /home/airflow/.local/lib/python3.12/site-packages/airflow/example_dags/example_latest_only_with_trigger.py
[2025-08-07T17:43:28.642+0000] {processor.py:914} INFO - Processing file /home/airflow/.local/lib/python3.12/site-packages/airflow/example_dags/example_latest_only_with_trigger.py for tasks to queue
[2025-08-07T17:43:28.643+0000] {logging_mixin.py:190} INFO - [2025-08-07T17:43:28.643+0000] {dagbag.py:588} INFO - Filling up the DagBag from /home/airflow/.local/lib/python3.12/site-packages/airflow/example_dags/example_latest_only_with_trigger.py
[2025-08-07T17:43:28.661+0000] {processor.py:925} INFO - DAG(s) 'latest_only_with_trigger' retrieved from /home/airflow/.local/lib/python3.12/site-packages/airflow/example_dags/example_latest_only_with_trigger.py
[2025-08-07T17:43:28.702+0000] {logging_mixin.py:190} INFO - [2025-08-07T17:43:28.701+0000] {dag.py:3239} INFO - Sync 1 DAGs
[2025-08-07T17:43:29.003+0000] {logging_mixin.py:190} INFO - [2025-08-07T17:43:29.002+0000] {dag.py:4180} INFO - Setting next_dagrun for latest_only_with_trigger to 2025-08-07 12:00:00+00:00, run_after=2025-08-07 16:00:00+00:00
[2025-08-07T17:43:29.059+0000] {processor.py:208} INFO - Processing /home/airflow/.local/lib/python3.12/site-packages/airflow/example_dags/example_latest_only_with_trigger.py took 0.428 seconds
[2025-08-07T17:43:48.106+0000] {processor.py:186} INFO - Started process (PID=2904) to work on /home/airflow/.local/lib/python3.12/site-packages/airflow/example_dags/example_latest_only_with_trigger.py
[2025-08-07T17:43:48.107+0000] {processor.py:914} INFO - Processing file /home/airflow/.local/lib/python3.12/site-packages/airflow/example_dags/example_latest_only_with_trigger.py for tasks to queue
[2025-08-07T17:43:48.108+0000] {logging_mixin.py:190} INFO - [2025-08-07T17:43:48.108+0000] {dagbag.py:588} INFO - Filling up the DagBag from /home/airflow/.local/lib/python3.12/site-packages/airflow/example_dags/example_latest_only_with_trigger.py
[2025-08-07T17:43:48.126+0000] {processor.py:925} INFO - DAG(s) 'latest_only_with_trigger' retrieved from /home/airflow/.local/lib/python3.12/site-packages/airflow/example_dags/example_latest_only_with_trigger.py
[2025-08-07T17:43:48.160+0000] {logging_mixin.py:190} INFO - [2025-08-07T17:43:48.160+0000] {dag.py:3239} INFO - Sync 1 DAGs
[2025-08-07T17:43:48.199+0000] {logging_mixin.py:190} INFO - [2025-08-07T17:43:48.199+0000] {dag.py:4180} INFO - Setting next_dagrun for latest_only_with_trigger to 2025-08-07 12:00:00+00:00, run_after=2025-08-07 16:00:00+00:00
[2025-08-07T17:43:48.458+0000] {processor.py:208} INFO - Processing /home/airflow/.local/lib/python3.12/site-packages/airflow/example_dags/example_latest_only_with_trigger.py took 0.361 seconds
[2025-08-07T17:44:21.148+0000] {processor.py:186} INFO - Started process (PID=2970) to work on /home/airflow/.local/lib/python3.12/site-packages/airflow/example_dags/example_latest_only_with_trigger.py
[2025-08-07T17:44:21.150+0000] {processor.py:914} INFO - Processing file /home/airflow/.local/lib/python3.12/site-packages/airflow/example_dags/example_latest_only_with_trigger.py for tasks to queue
[2025-08-07T17:44:21.157+0000] {logging_mixin.py:190} INFO - [2025-08-07T17:44:21.156+0000] {dagbag.py:588} INFO - Filling up the DagBag from /home/airflow/.local/lib/python3.12/site-packages/airflow/example_dags/example_latest_only_with_trigger.py
[2025-08-07T17:44:21.179+0000] {processor.py:925} INFO - DAG(s) 'latest_only_with_trigger' retrieved from /home/airflow/.local/lib/python3.12/site-packages/airflow/example_dags/example_latest_only_with_trigger.py
[2025-08-07T17:44:21.241+0000] {logging_mixin.py:190} INFO - [2025-08-07T17:44:21.240+0000] {dag.py:3239} INFO - Sync 1 DAGs
[2025-08-07T17:44:21.330+0000] {logging_mixin.py:190} INFO - [2025-08-07T17:44:21.329+0000] {dag.py:4180} INFO - Setting next_dagrun for latest_only_with_trigger to 2025-08-07 12:00:00+00:00, run_after=2025-08-07 16:00:00+00:00
[2025-08-07T17:44:21.885+0000] {processor.py:208} INFO - Processing /home/airflow/.local/lib/python3.12/site-packages/airflow/example_dags/example_latest_only_with_trigger.py took 0.754 seconds
[2025-08-07T17:44:53.755+0000] {processor.py:186} INFO - Started process (PID=3042) to work on /home/airflow/.local/lib/python3.12/site-packages/airflow/example_dags/example_latest_only_with_trigger.py
[2025-08-07T17:44:53.757+0000] {processor.py:914} INFO - Processing file /home/airflow/.local/lib/python3.12/site-packages/airflow/example_dags/example_latest_only_with_trigger.py for tasks to queue
[2025-08-07T17:44:53.759+0000] {logging_mixin.py:190} INFO - [2025-08-07T17:44:53.758+0000] {dagbag.py:588} INFO - Filling up the DagBag from /home/airflow/.local/lib/python3.12/site-packages/airflow/example_dags/example_latest_only_with_trigger.py
[2025-08-07T17:44:53.779+0000] {processor.py:925} INFO - DAG(s) 'latest_only_with_trigger' retrieved from /home/airflow/.local/lib/python3.12/site-packages/airflow/example_dags/example_latest_only_with_trigger.py
[2025-08-07T17:44:53.836+0000] {logging_mixin.py:190} INFO - [2025-08-07T17:44:53.836+0000] {dag.py:3239} INFO - Sync 1 DAGs
[2025-08-07T17:44:53.896+0000] {logging_mixin.py:190} INFO - [2025-08-07T17:44:53.895+0000] {dag.py:4180} INFO - Setting next_dagrun for latest_only_with_trigger to 2025-08-07 12:00:00+00:00, run_after=2025-08-07 16:00:00+00:00
[2025-08-07T17:44:54.234+0000] {processor.py:208} INFO - Processing /home/airflow/.local/lib/python3.12/site-packages/airflow/example_dags/example_latest_only_with_trigger.py took 0.496 seconds
[2025-08-07T17:45:25.880+0000] {processor.py:186} INFO - Started process (PID=3107) to work on /home/airflow/.local/lib/python3.12/site-packages/airflow/example_dags/example_latest_only_with_trigger.py
[2025-08-07T17:45:25.885+0000] {processor.py:914} INFO - Processing file /home/airflow/.local/lib/python3.12/site-packages/airflow/example_dags/example_latest_only_with_trigger.py for tasks to queue
[2025-08-07T17:45:25.888+0000] {logging_mixin.py:190} INFO - [2025-08-07T17:45:25.887+0000] {dagbag.py:588} INFO - Filling up the DagBag from /home/airflow/.local/lib/python3.12/site-packages/airflow/example_dags/example_latest_only_with_trigger.py
[2025-08-07T17:45:25.909+0000] {processor.py:925} INFO - DAG(s) 'latest_only_with_trigger' retrieved from /home/airflow/.local/lib/python3.12/site-packages/airflow/example_dags/example_latest_only_with_trigger.py
[2025-08-07T17:45:25.957+0000] {logging_mixin.py:190} INFO - [2025-08-07T17:45:25.956+0000] {dag.py:3239} INFO - Sync 1 DAGs
[2025-08-07T17:45:26.010+0000] {logging_mixin.py:190} INFO - [2025-08-07T17:45:26.010+0000] {dag.py:4180} INFO - Setting next_dagrun for latest_only_with_trigger to 2025-08-07 12:00:00+00:00, run_after=2025-08-07 16:00:00+00:00
[2025-08-07T17:45:26.218+0000] {processor.py:208} INFO - Processing /home/airflow/.local/lib/python3.12/site-packages/airflow/example_dags/example_latest_only_with_trigger.py took 0.539 seconds
[2025-08-07T17:45:56.903+0000] {processor.py:186} INFO - Started process (PID=3172) to work on /home/airflow/.local/lib/python3.12/site-packages/airflow/example_dags/example_latest_only_with_trigger.py
[2025-08-07T17:45:56.906+0000] {processor.py:914} INFO - Processing file /home/airflow/.local/lib/python3.12/site-packages/airflow/example_dags/example_latest_only_with_trigger.py for tasks to queue
[2025-08-07T17:45:56.912+0000] {logging_mixin.py:190} INFO - [2025-08-07T17:45:56.912+0000] {dagbag.py:588} INFO - Filling up the DagBag from /home/airflow/.local/lib/python3.12/site-packages/airflow/example_dags/example_latest_only_with_trigger.py
[2025-08-07T17:45:56.935+0000] {processor.py:925} INFO - DAG(s) 'latest_only_with_trigger' retrieved from /home/airflow/.local/lib/python3.12/site-packages/airflow/example_dags/example_latest_only_with_trigger.py
[2025-08-07T17:45:56.982+0000] {logging_mixin.py:190} INFO - [2025-08-07T17:45:56.978+0000] {dag.py:3239} INFO - Sync 1 DAGs
[2025-08-07T17:45:57.037+0000] {logging_mixin.py:190} INFO - [2025-08-07T17:45:57.036+0000] {dag.py:4180} INFO - Setting next_dagrun for latest_only_with_trigger to 2025-08-07 12:00:00+00:00, run_after=2025-08-07 16:00:00+00:00
[2025-08-07T17:45:57.377+0000] {processor.py:208} INFO - Processing /home/airflow/.local/lib/python3.12/site-packages/airflow/example_dags/example_latest_only_with_trigger.py took 0.485 seconds
[2025-08-07T17:46:27.559+0000] {processor.py:186} INFO - Started process (PID=3235) to work on /home/airflow/.local/lib/python3.12/site-packages/airflow/example_dags/example_latest_only_with_trigger.py
[2025-08-07T17:46:27.560+0000] {processor.py:914} INFO - Processing file /home/airflow/.local/lib/python3.12/site-packages/airflow/example_dags/example_latest_only_with_trigger.py for tasks to queue
[2025-08-07T17:46:27.561+0000] {logging_mixin.py:190} INFO - [2025-08-07T17:46:27.561+0000] {dagbag.py:588} INFO - Filling up the DagBag from /home/airflow/.local/lib/python3.12/site-packages/airflow/example_dags/example_latest_only_with_trigger.py
[2025-08-07T17:46:27.573+0000] {processor.py:925} INFO - DAG(s) 'latest_only_with_trigger' retrieved from /home/airflow/.local/lib/python3.12/site-packages/airflow/example_dags/example_latest_only_with_trigger.py
[2025-08-07T17:46:27.605+0000] {logging_mixin.py:190} INFO - [2025-08-07T17:46:27.605+0000] {dag.py:3239} INFO - Sync 1 DAGs
[2025-08-07T17:46:27.643+0000] {logging_mixin.py:190} INFO - [2025-08-07T17:46:27.642+0000] {dag.py:4180} INFO - Setting next_dagrun for latest_only_with_trigger to 2025-08-07 12:00:00+00:00, run_after=2025-08-07 16:00:00+00:00
[2025-08-07T17:46:27.674+0000] {processor.py:208} INFO - Processing /home/airflow/.local/lib/python3.12/site-packages/airflow/example_dags/example_latest_only_with_trigger.py took 0.125 seconds
[2025-08-07T17:46:58.292+0000] {processor.py:186} INFO - Started process (PID=3299) to work on /home/airflow/.local/lib/python3.12/site-packages/airflow/example_dags/example_latest_only_with_trigger.py
[2025-08-07T17:46:58.293+0000] {processor.py:914} INFO - Processing file /home/airflow/.local/lib/python3.12/site-packages/airflow/example_dags/example_latest_only_with_trigger.py for tasks to queue
[2025-08-07T17:46:58.294+0000] {logging_mixin.py:190} INFO - [2025-08-07T17:46:58.294+0000] {dagbag.py:588} INFO - Filling up the DagBag from /home/airflow/.local/lib/python3.12/site-packages/airflow/example_dags/example_latest_only_with_trigger.py
[2025-08-07T17:46:58.311+0000] {processor.py:925} INFO - DAG(s) 'latest_only_with_trigger' retrieved from /home/airflow/.local/lib/python3.12/site-packages/airflow/example_dags/example_latest_only_with_trigger.py
[2025-08-07T17:46:58.351+0000] {logging_mixin.py:190} INFO - [2025-08-07T17:46:58.351+0000] {dag.py:3239} INFO - Sync 1 DAGs
[2025-08-07T17:46:58.394+0000] {logging_mixin.py:190} INFO - [2025-08-07T17:46:58.394+0000] {dag.py:4180} INFO - Setting next_dagrun for latest_only_with_trigger to 2025-08-07 12:00:00+00:00, run_after=2025-08-07 16:00:00+00:00
[2025-08-07T17:46:58.439+0000] {processor.py:208} INFO - Processing /home/airflow/.local/lib/python3.12/site-packages/airflow/example_dags/example_latest_only_with_trigger.py took 0.153 seconds
[2025-08-07T17:47:29.723+0000] {processor.py:186} INFO - Started process (PID=3364) to work on /home/airflow/.local/lib/python3.12/site-packages/airflow/example_dags/example_latest_only_with_trigger.py
[2025-08-07T17:47:29.728+0000] {processor.py:914} INFO - Processing file /home/airflow/.local/lib/python3.12/site-packages/airflow/example_dags/example_latest_only_with_trigger.py for tasks to queue
[2025-08-07T17:47:29.730+0000] {logging_mixin.py:190} INFO - [2025-08-07T17:47:29.729+0000] {dagbag.py:588} INFO - Filling up the DagBag from /home/airflow/.local/lib/python3.12/site-packages/airflow/example_dags/example_latest_only_with_trigger.py
[2025-08-07T17:47:29.748+0000] {processor.py:925} INFO - DAG(s) 'latest_only_with_trigger' retrieved from /home/airflow/.local/lib/python3.12/site-packages/airflow/example_dags/example_latest_only_with_trigger.py
[2025-08-07T17:47:29.789+0000] {logging_mixin.py:190} INFO - [2025-08-07T17:47:29.788+0000] {dag.py:3239} INFO - Sync 1 DAGs
[2025-08-07T17:47:29.843+0000] {logging_mixin.py:190} INFO - [2025-08-07T17:47:29.842+0000] {dag.py:4180} INFO - Setting next_dagrun for latest_only_with_trigger to 2025-08-07 12:00:00+00:00, run_after=2025-08-07 16:00:00+00:00
[2025-08-07T17:47:29.900+0000] {processor.py:208} INFO - Processing /home/airflow/.local/lib/python3.12/site-packages/airflow/example_dags/example_latest_only_with_trigger.py took 0.190 seconds
[2025-08-07T17:48:00.859+0000] {processor.py:186} INFO - Started process (PID=3431) to work on /home/airflow/.local/lib/python3.12/site-packages/airflow/example_dags/example_latest_only_with_trigger.py
[2025-08-07T17:48:00.860+0000] {processor.py:914} INFO - Processing file /home/airflow/.local/lib/python3.12/site-packages/airflow/example_dags/example_latest_only_with_trigger.py for tasks to queue
[2025-08-07T17:48:00.861+0000] {logging_mixin.py:190} INFO - [2025-08-07T17:48:00.861+0000] {dagbag.py:588} INFO - Filling up the DagBag from /home/airflow/.local/lib/python3.12/site-packages/airflow/example_dags/example_latest_only_with_trigger.py
[2025-08-07T17:48:00.879+0000] {processor.py:925} INFO - DAG(s) 'latest_only_with_trigger' retrieved from /home/airflow/.local/lib/python3.12/site-packages/airflow/example_dags/example_latest_only_with_trigger.py
[2025-08-07T17:48:00.918+0000] {logging_mixin.py:190} INFO - [2025-08-07T17:48:00.918+0000] {dag.py:3239} INFO - Sync 1 DAGs
[2025-08-07T17:48:00.969+0000] {logging_mixin.py:190} INFO - [2025-08-07T17:48:00.969+0000] {dag.py:4180} INFO - Setting next_dagrun for latest_only_with_trigger to 2025-08-07 12:00:00+00:00, run_after=2025-08-07 16:00:00+00:00
[2025-08-07T17:48:01.010+0000] {processor.py:208} INFO - Processing /home/airflow/.local/lib/python3.12/site-packages/airflow/example_dags/example_latest_only_with_trigger.py took 0.162 seconds
[2025-08-07T17:48:33.876+0000] {processor.py:186} INFO - Started process (PID=3496) to work on /home/airflow/.local/lib/python3.12/site-packages/airflow/example_dags/example_latest_only_with_trigger.py
[2025-08-07T17:48:33.878+0000] {processor.py:914} INFO - Processing file /home/airflow/.local/lib/python3.12/site-packages/airflow/example_dags/example_latest_only_with_trigger.py for tasks to queue
[2025-08-07T17:48:33.885+0000] {logging_mixin.py:190} INFO - [2025-08-07T17:48:33.880+0000] {dagbag.py:588} INFO - Filling up the DagBag from /home/airflow/.local/lib/python3.12/site-packages/airflow/example_dags/example_latest_only_with_trigger.py
[2025-08-07T17:48:33.909+0000] {processor.py:925} INFO - DAG(s) 'latest_only_with_trigger' retrieved from /home/airflow/.local/lib/python3.12/site-packages/airflow/example_dags/example_latest_only_with_trigger.py
[2025-08-07T17:48:33.969+0000] {logging_mixin.py:190} INFO - [2025-08-07T17:48:33.968+0000] {dag.py:3239} INFO - Sync 1 DAGs
[2025-08-07T17:48:34.026+0000] {logging_mixin.py:190} INFO - [2025-08-07T17:48:34.026+0000] {dag.py:4180} INFO - Setting next_dagrun for latest_only_with_trigger to 2025-08-07 12:00:00+00:00, run_after=2025-08-07 16:00:00+00:00
[2025-08-07T17:48:34.069+0000] {processor.py:208} INFO - Processing /home/airflow/.local/lib/python3.12/site-packages/airflow/example_dags/example_latest_only_with_trigger.py took 0.212 seconds
[2025-08-07T17:49:05.725+0000] {processor.py:186} INFO - Started process (PID=3558) to work on /home/airflow/.local/lib/python3.12/site-packages/airflow/example_dags/example_latest_only_with_trigger.py
[2025-08-07T17:49:05.727+0000] {processor.py:914} INFO - Processing file /home/airflow/.local/lib/python3.12/site-packages/airflow/example_dags/example_latest_only_with_trigger.py for tasks to queue
[2025-08-07T17:49:05.729+0000] {logging_mixin.py:190} INFO - [2025-08-07T17:49:05.729+0000] {dagbag.py:588} INFO - Filling up the DagBag from /home/airflow/.local/lib/python3.12/site-packages/airflow/example_dags/example_latest_only_with_trigger.py
[2025-08-07T17:49:05.754+0000] {processor.py:925} INFO - DAG(s) 'latest_only_with_trigger' retrieved from /home/airflow/.local/lib/python3.12/site-packages/airflow/example_dags/example_latest_only_with_trigger.py
[2025-08-07T17:49:05.853+0000] {logging_mixin.py:190} INFO - [2025-08-07T17:49:05.846+0000] {dag.py:3239} INFO - Sync 1 DAGs
[2025-08-07T17:49:05.985+0000] {logging_mixin.py:190} INFO - [2025-08-07T17:49:05.985+0000] {dag.py:4180} INFO - Setting next_dagrun for latest_only_with_trigger to 2025-08-07 12:00:00+00:00, run_after=2025-08-07 16:00:00+00:00
[2025-08-07T17:49:06.048+0000] {processor.py:208} INFO - Processing /home/airflow/.local/lib/python3.12/site-packages/airflow/example_dags/example_latest_only_with_trigger.py took 0.341 seconds
[2025-08-07T17:49:37.284+0000] {processor.py:186} INFO - Started process (PID=3620) to work on /home/airflow/.local/lib/python3.12/site-packages/airflow/example_dags/example_latest_only_with_trigger.py
[2025-08-07T17:49:37.285+0000] {processor.py:914} INFO - Processing file /home/airflow/.local/lib/python3.12/site-packages/airflow/example_dags/example_latest_only_with_trigger.py for tasks to queue
[2025-08-07T17:49:37.288+0000] {logging_mixin.py:190} INFO - [2025-08-07T17:49:37.287+0000] {dagbag.py:588} INFO - Filling up the DagBag from /home/airflow/.local/lib/python3.12/site-packages/airflow/example_dags/example_latest_only_with_trigger.py
[2025-08-07T17:49:37.308+0000] {processor.py:925} INFO - DAG(s) 'latest_only_with_trigger' retrieved from /home/airflow/.local/lib/python3.12/site-packages/airflow/example_dags/example_latest_only_with_trigger.py
[2025-08-07T17:49:37.358+0000] {logging_mixin.py:190} INFO - [2025-08-07T17:49:37.358+0000] {dag.py:3239} INFO - Sync 1 DAGs
[2025-08-07T17:49:37.428+0000] {logging_mixin.py:190} INFO - [2025-08-07T17:49:37.427+0000] {dag.py:4180} INFO - Setting next_dagrun for latest_only_with_trigger to 2025-08-07 12:00:00+00:00, run_after=2025-08-07 16:00:00+00:00
[2025-08-07T17:49:37.487+0000] {processor.py:208} INFO - Processing /home/airflow/.local/lib/python3.12/site-packages/airflow/example_dags/example_latest_only_with_trigger.py took 0.221 seconds
[2025-08-07T17:49:55.890+0000] {processor.py:186} INFO - Started process (PID=3682) to work on /home/airflow/.local/lib/python3.12/site-packages/airflow/example_dags/example_latest_only_with_trigger.py
[2025-08-07T17:49:55.892+0000] {processor.py:914} INFO - Processing file /home/airflow/.local/lib/python3.12/site-packages/airflow/example_dags/example_latest_only_with_trigger.py for tasks to queue
[2025-08-07T17:49:55.895+0000] {logging_mixin.py:190} INFO - [2025-08-07T17:49:55.894+0000] {dagbag.py:588} INFO - Filling up the DagBag from /home/airflow/.local/lib/python3.12/site-packages/airflow/example_dags/example_latest_only_with_trigger.py
[2025-08-07T17:49:55.914+0000] {processor.py:925} INFO - DAG(s) 'latest_only_with_trigger' retrieved from /home/airflow/.local/lib/python3.12/site-packages/airflow/example_dags/example_latest_only_with_trigger.py
[2025-08-07T17:49:55.959+0000] {logging_mixin.py:190} INFO - [2025-08-07T17:49:55.955+0000] {dag.py:3239} INFO - Sync 1 DAGs
[2025-08-07T17:49:56.013+0000] {logging_mixin.py:190} INFO - [2025-08-07T17:49:56.013+0000] {dag.py:4180} INFO - Setting next_dagrun for latest_only_with_trigger to 2025-08-07 12:00:00+00:00, run_after=2025-08-07 16:00:00+00:00
[2025-08-07T17:49:56.063+0000] {processor.py:208} INFO - Processing /home/airflow/.local/lib/python3.12/site-packages/airflow/example_dags/example_latest_only_with_trigger.py took 0.188 seconds
[2025-08-07T17:50:10.248+0000] {processor.py:186} INFO - Started process (PID=3742) to work on /home/airflow/.local/lib/python3.12/site-packages/airflow/example_dags/example_latest_only_with_trigger.py
[2025-08-07T17:50:10.250+0000] {processor.py:914} INFO - Processing file /home/airflow/.local/lib/python3.12/site-packages/airflow/example_dags/example_latest_only_with_trigger.py for tasks to queue
[2025-08-07T17:50:10.256+0000] {logging_mixin.py:190} INFO - [2025-08-07T17:50:10.256+0000] {dagbag.py:588} INFO - Filling up the DagBag from /home/airflow/.local/lib/python3.12/site-packages/airflow/example_dags/example_latest_only_with_trigger.py
[2025-08-07T17:50:10.290+0000] {processor.py:925} INFO - DAG(s) 'latest_only_with_trigger' retrieved from /home/airflow/.local/lib/python3.12/site-packages/airflow/example_dags/example_latest_only_with_trigger.py
[2025-08-07T17:50:10.358+0000] {logging_mixin.py:190} INFO - [2025-08-07T17:50:10.357+0000] {dag.py:3239} INFO - Sync 1 DAGs
[2025-08-07T17:50:10.430+0000] {logging_mixin.py:190} INFO - [2025-08-07T17:50:10.430+0000] {dag.py:4180} INFO - Setting next_dagrun for latest_only_with_trigger to 2025-08-07 12:00:00+00:00, run_after=2025-08-07 16:00:00+00:00
[2025-08-07T17:50:10.490+0000] {processor.py:208} INFO - Processing /home/airflow/.local/lib/python3.12/site-packages/airflow/example_dags/example_latest_only_with_trigger.py took 0.263 seconds
[2025-08-07T17:50:40.951+0000] {processor.py:186} INFO - Started process (PID=3807) to work on /home/airflow/.local/lib/python3.12/site-packages/airflow/example_dags/example_latest_only_with_trigger.py
[2025-08-07T17:50:40.952+0000] {processor.py:914} INFO - Processing file /home/airflow/.local/lib/python3.12/site-packages/airflow/example_dags/example_latest_only_with_trigger.py for tasks to queue
[2025-08-07T17:50:40.954+0000] {logging_mixin.py:190} INFO - [2025-08-07T17:50:40.953+0000] {dagbag.py:588} INFO - Filling up the DagBag from /home/airflow/.local/lib/python3.12/site-packages/airflow/example_dags/example_latest_only_with_trigger.py
[2025-08-07T17:50:40.972+0000] {processor.py:925} INFO - DAG(s) 'latest_only_with_trigger' retrieved from /home/airflow/.local/lib/python3.12/site-packages/airflow/example_dags/example_latest_only_with_trigger.py
[2025-08-07T17:50:41.010+0000] {logging_mixin.py:190} INFO - [2025-08-07T17:50:41.010+0000] {dag.py:3239} INFO - Sync 1 DAGs
[2025-08-07T17:50:41.053+0000] {logging_mixin.py:190} INFO - [2025-08-07T17:50:41.053+0000] {dag.py:4180} INFO - Setting next_dagrun for latest_only_with_trigger to 2025-08-07 12:00:00+00:00, run_after=2025-08-07 16:00:00+00:00
[2025-08-07T17:50:41.095+0000] {processor.py:208} INFO - Processing /home/airflow/.local/lib/python3.12/site-packages/airflow/example_dags/example_latest_only_with_trigger.py took 0.164 seconds
[2025-08-07T17:51:12.863+0000] {processor.py:186} INFO - Started process (PID=3879) to work on /home/airflow/.local/lib/python3.12/site-packages/airflow/example_dags/example_latest_only_with_trigger.py
[2025-08-07T17:51:12.869+0000] {processor.py:914} INFO - Processing file /home/airflow/.local/lib/python3.12/site-packages/airflow/example_dags/example_latest_only_with_trigger.py for tasks to queue
[2025-08-07T17:51:12.871+0000] {logging_mixin.py:190} INFO - [2025-08-07T17:51:12.871+0000] {dagbag.py:588} INFO - Filling up the DagBag from /home/airflow/.local/lib/python3.12/site-packages/airflow/example_dags/example_latest_only_with_trigger.py
[2025-08-07T17:51:12.894+0000] {processor.py:925} INFO - DAG(s) 'latest_only_with_trigger' retrieved from /home/airflow/.local/lib/python3.12/site-packages/airflow/example_dags/example_latest_only_with_trigger.py
[2025-08-07T17:51:12.951+0000] {logging_mixin.py:190} INFO - [2025-08-07T17:51:12.951+0000] {dag.py:3239} INFO - Sync 1 DAGs
[2025-08-07T17:51:13.022+0000] {logging_mixin.py:190} INFO - [2025-08-07T17:51:13.022+0000] {dag.py:4180} INFO - Setting next_dagrun for latest_only_with_trigger to 2025-08-07 12:00:00+00:00, run_after=2025-08-07 16:00:00+00:00
[2025-08-07T17:51:13.071+0000] {processor.py:208} INFO - Processing /home/airflow/.local/lib/python3.12/site-packages/airflow/example_dags/example_latest_only_with_trigger.py took 0.220 seconds
[2025-08-07T17:51:45.469+0000] {processor.py:186} INFO - Started process (PID=3945) to work on /home/airflow/.local/lib/python3.12/site-packages/airflow/example_dags/example_latest_only_with_trigger.py
[2025-08-07T17:51:45.471+0000] {processor.py:914} INFO - Processing file /home/airflow/.local/lib/python3.12/site-packages/airflow/example_dags/example_latest_only_with_trigger.py for tasks to queue
[2025-08-07T17:51:45.473+0000] {logging_mixin.py:190} INFO - [2025-08-07T17:51:45.473+0000] {dagbag.py:588} INFO - Filling up the DagBag from /home/airflow/.local/lib/python3.12/site-packages/airflow/example_dags/example_latest_only_with_trigger.py
[2025-08-07T17:51:45.503+0000] {processor.py:925} INFO - DAG(s) 'latest_only_with_trigger' retrieved from /home/airflow/.local/lib/python3.12/site-packages/airflow/example_dags/example_latest_only_with_trigger.py
[2025-08-07T17:51:45.571+0000] {logging_mixin.py:190} INFO - [2025-08-07T17:51:45.571+0000] {dag.py:3239} INFO - Sync 1 DAGs
[2025-08-07T17:51:45.632+0000] {logging_mixin.py:190} INFO - [2025-08-07T17:51:45.632+0000] {dag.py:4180} INFO - Setting next_dagrun for latest_only_with_trigger to 2025-08-07 12:00:00+00:00, run_after=2025-08-07 16:00:00+00:00
[2025-08-07T17:51:45.679+0000] {processor.py:208} INFO - Processing /home/airflow/.local/lib/python3.12/site-packages/airflow/example_dags/example_latest_only_with_trigger.py took 0.255 seconds
[2025-08-07T17:52:15.093+0000] {processor.py:186} INFO - Started process (PID=4014) to work on /home/airflow/.local/lib/python3.12/site-packages/airflow/example_dags/example_latest_only_with_trigger.py
[2025-08-07T17:52:15.100+0000] {processor.py:914} INFO - Processing file /home/airflow/.local/lib/python3.12/site-packages/airflow/example_dags/example_latest_only_with_trigger.py for tasks to queue
[2025-08-07T17:52:15.102+0000] {logging_mixin.py:190} INFO - [2025-08-07T17:52:15.101+0000] {dagbag.py:588} INFO - Filling up the DagBag from /home/airflow/.local/lib/python3.12/site-packages/airflow/example_dags/example_latest_only_with_trigger.py
[2025-08-07T17:52:15.133+0000] {processor.py:925} INFO - DAG(s) 'latest_only_with_trigger' retrieved from /home/airflow/.local/lib/python3.12/site-packages/airflow/example_dags/example_latest_only_with_trigger.py
[2025-08-07T17:52:15.284+0000] {logging_mixin.py:190} INFO - [2025-08-07T17:52:15.284+0000] {dag.py:3239} INFO - Sync 1 DAGs
[2025-08-07T17:52:15.374+0000] {logging_mixin.py:190} INFO - [2025-08-07T17:52:15.374+0000] {dag.py:4180} INFO - Setting next_dagrun for latest_only_with_trigger to 2025-08-07 12:00:00+00:00, run_after=2025-08-07 16:00:00+00:00
[2025-08-07T17:52:15.433+0000] {processor.py:208} INFO - Processing /home/airflow/.local/lib/python3.12/site-packages/airflow/example_dags/example_latest_only_with_trigger.py took 0.359 seconds
[2025-08-07T17:52:34.352+0000] {processor.py:186} INFO - Started process (PID=4071) to work on /home/airflow/.local/lib/python3.12/site-packages/airflow/example_dags/example_latest_only_with_trigger.py
[2025-08-07T17:52:34.354+0000] {processor.py:914} INFO - Processing file /home/airflow/.local/lib/python3.12/site-packages/airflow/example_dags/example_latest_only_with_trigger.py for tasks to queue
[2025-08-07T17:52:34.360+0000] {logging_mixin.py:190} INFO - [2025-08-07T17:52:34.355+0000] {dagbag.py:588} INFO - Filling up the DagBag from /home/airflow/.local/lib/python3.12/site-packages/airflow/example_dags/example_latest_only_with_trigger.py
[2025-08-07T17:52:34.374+0000] {processor.py:925} INFO - DAG(s) 'latest_only_with_trigger' retrieved from /home/airflow/.local/lib/python3.12/site-packages/airflow/example_dags/example_latest_only_with_trigger.py
[2025-08-07T17:52:34.422+0000] {logging_mixin.py:190} INFO - [2025-08-07T17:52:34.421+0000] {dag.py:3239} INFO - Sync 1 DAGs
[2025-08-07T17:52:34.472+0000] {logging_mixin.py:190} INFO - [2025-08-07T17:52:34.472+0000] {dag.py:4180} INFO - Setting next_dagrun for latest_only_with_trigger to 2025-08-07 12:00:00+00:00, run_after=2025-08-07 16:00:00+00:00
[2025-08-07T17:52:34.525+0000] {processor.py:208} INFO - Processing /home/airflow/.local/lib/python3.12/site-packages/airflow/example_dags/example_latest_only_with_trigger.py took 0.184 seconds
[2025-08-07T17:53:07.176+0000] {processor.py:186} INFO - Started process (PID=4134) to work on /home/airflow/.local/lib/python3.12/site-packages/airflow/example_dags/example_latest_only_with_trigger.py
[2025-08-07T17:53:07.182+0000] {processor.py:914} INFO - Processing file /home/airflow/.local/lib/python3.12/site-packages/airflow/example_dags/example_latest_only_with_trigger.py for tasks to queue
[2025-08-07T17:53:07.183+0000] {logging_mixin.py:190} INFO - [2025-08-07T17:53:07.183+0000] {dagbag.py:588} INFO - Filling up the DagBag from /home/airflow/.local/lib/python3.12/site-packages/airflow/example_dags/example_latest_only_with_trigger.py
[2025-08-07T17:53:07.203+0000] {processor.py:925} INFO - DAG(s) 'latest_only_with_trigger' retrieved from /home/airflow/.local/lib/python3.12/site-packages/airflow/example_dags/example_latest_only_with_trigger.py
[2025-08-07T17:53:07.262+0000] {logging_mixin.py:190} INFO - [2025-08-07T17:53:07.262+0000] {dag.py:3239} INFO - Sync 1 DAGs
[2025-08-07T17:53:07.322+0000] {logging_mixin.py:190} INFO - [2025-08-07T17:53:07.317+0000] {dag.py:4180} INFO - Setting next_dagrun for latest_only_with_trigger to 2025-08-07 12:00:00+00:00, run_after=2025-08-07 16:00:00+00:00
[2025-08-07T17:53:07.373+0000] {processor.py:208} INFO - Processing /home/airflow/.local/lib/python3.12/site-packages/airflow/example_dags/example_latest_only_with_trigger.py took 0.209 seconds
[2025-08-07T17:53:36.628+0000] {processor.py:186} INFO - Started process (PID=4198) to work on /home/airflow/.local/lib/python3.12/site-packages/airflow/example_dags/example_latest_only_with_trigger.py
[2025-08-07T17:53:36.629+0000] {processor.py:914} INFO - Processing file /home/airflow/.local/lib/python3.12/site-packages/airflow/example_dags/example_latest_only_with_trigger.py for tasks to queue
[2025-08-07T17:53:36.638+0000] {logging_mixin.py:190} INFO - [2025-08-07T17:53:36.630+0000] {dagbag.py:588} INFO - Filling up the DagBag from /home/airflow/.local/lib/python3.12/site-packages/airflow/example_dags/example_latest_only_with_trigger.py
[2025-08-07T17:53:36.659+0000] {processor.py:925} INFO - DAG(s) 'latest_only_with_trigger' retrieved from /home/airflow/.local/lib/python3.12/site-packages/airflow/example_dags/example_latest_only_with_trigger.py
[2025-08-07T17:53:36.710+0000] {logging_mixin.py:190} INFO - [2025-08-07T17:53:36.710+0000] {dag.py:3239} INFO - Sync 1 DAGs
[2025-08-07T17:53:36.777+0000] {logging_mixin.py:190} INFO - [2025-08-07T17:53:36.776+0000] {dag.py:4180} INFO - Setting next_dagrun for latest_only_with_trigger to 2025-08-07 12:00:00+00:00, run_after=2025-08-07 16:00:00+00:00
[2025-08-07T17:53:36.827+0000] {processor.py:208} INFO - Processing /home/airflow/.local/lib/python3.12/site-packages/airflow/example_dags/example_latest_only_with_trigger.py took 0.212 seconds
[2025-08-07T17:53:51.352+0000] {processor.py:186} INFO - Started process (PID=4263) to work on /home/airflow/.local/lib/python3.12/site-packages/airflow/example_dags/example_latest_only_with_trigger.py
[2025-08-07T17:53:51.353+0000] {processor.py:914} INFO - Processing file /home/airflow/.local/lib/python3.12/site-packages/airflow/example_dags/example_latest_only_with_trigger.py for tasks to queue
[2025-08-07T17:53:51.360+0000] {logging_mixin.py:190} INFO - [2025-08-07T17:53:51.355+0000] {dagbag.py:588} INFO - Filling up the DagBag from /home/airflow/.local/lib/python3.12/site-packages/airflow/example_dags/example_latest_only_with_trigger.py
[2025-08-07T17:53:51.380+0000] {processor.py:925} INFO - DAG(s) 'latest_only_with_trigger' retrieved from /home/airflow/.local/lib/python3.12/site-packages/airflow/example_dags/example_latest_only_with_trigger.py
[2025-08-07T17:53:51.433+0000] {logging_mixin.py:190} INFO - [2025-08-07T17:53:51.433+0000] {dag.py:3239} INFO - Sync 1 DAGs
[2025-08-07T17:53:51.499+0000] {logging_mixin.py:190} INFO - [2025-08-07T17:53:51.494+0000] {dag.py:4180} INFO - Setting next_dagrun for latest_only_with_trigger to 2025-08-07 12:00:00+00:00, run_after=2025-08-07 16:00:00+00:00
[2025-08-07T17:53:51.564+0000] {processor.py:208} INFO - Processing /home/airflow/.local/lib/python3.12/site-packages/airflow/example_dags/example_latest_only_with_trigger.py took 0.224 seconds
[2025-08-07T17:54:05.883+0000] {processor.py:186} INFO - Started process (PID=4323) to work on /home/airflow/.local/lib/python3.12/site-packages/airflow/example_dags/example_latest_only_with_trigger.py
[2025-08-07T17:54:05.885+0000] {processor.py:914} INFO - Processing file /home/airflow/.local/lib/python3.12/site-packages/airflow/example_dags/example_latest_only_with_trigger.py for tasks to queue
[2025-08-07T17:54:05.887+0000] {logging_mixin.py:190} INFO - [2025-08-07T17:54:05.886+0000] {dagbag.py:588} INFO - Filling up the DagBag from /home/airflow/.local/lib/python3.12/site-packages/airflow/example_dags/example_latest_only_with_trigger.py
[2025-08-07T17:54:05.907+0000] {processor.py:925} INFO - DAG(s) 'latest_only_with_trigger' retrieved from /home/airflow/.local/lib/python3.12/site-packages/airflow/example_dags/example_latest_only_with_trigger.py
[2025-08-07T17:54:05.967+0000] {logging_mixin.py:190} INFO - [2025-08-07T17:54:05.958+0000] {dag.py:3239} INFO - Sync 1 DAGs
[2025-08-07T17:54:06.035+0000] {logging_mixin.py:190} INFO - [2025-08-07T17:54:06.035+0000] {dag.py:4180} INFO - Setting next_dagrun for latest_only_with_trigger to 2025-08-07 12:00:00+00:00, run_after=2025-08-07 16:00:00+00:00
[2025-08-07T17:54:06.087+0000] {processor.py:208} INFO - Processing /home/airflow/.local/lib/python3.12/site-packages/airflow/example_dags/example_latest_only_with_trigger.py took 0.221 seconds
[2025-08-07T17:54:37.454+0000] {processor.py:186} INFO - Started process (PID=4395) to work on /home/airflow/.local/lib/python3.12/site-packages/airflow/example_dags/example_latest_only_with_trigger.py
[2025-08-07T17:54:37.460+0000] {processor.py:914} INFO - Processing file /home/airflow/.local/lib/python3.12/site-packages/airflow/example_dags/example_latest_only_with_trigger.py for tasks to queue
[2025-08-07T17:54:37.462+0000] {logging_mixin.py:190} INFO - [2025-08-07T17:54:37.462+0000] {dagbag.py:588} INFO - Filling up the DagBag from /home/airflow/.local/lib/python3.12/site-packages/airflow/example_dags/example_latest_only_with_trigger.py
[2025-08-07T17:54:37.484+0000] {processor.py:925} INFO - DAG(s) 'latest_only_with_trigger' retrieved from /home/airflow/.local/lib/python3.12/site-packages/airflow/example_dags/example_latest_only_with_trigger.py
[2025-08-07T17:54:37.533+0000] {logging_mixin.py:190} INFO - [2025-08-07T17:54:37.533+0000] {dag.py:3239} INFO - Sync 1 DAGs
[2025-08-07T17:54:37.592+0000] {logging_mixin.py:190} INFO - [2025-08-07T17:54:37.592+0000] {dag.py:4180} INFO - Setting next_dagrun for latest_only_with_trigger to 2025-08-07 12:00:00+00:00, run_after=2025-08-07 16:00:00+00:00
[2025-08-07T17:54:37.642+0000] {processor.py:208} INFO - Processing /home/airflow/.local/lib/python3.12/site-packages/airflow/example_dags/example_latest_only_with_trigger.py took 0.200 seconds
[2025-08-07T17:55:11.504+0000] {processor.py:186} INFO - Started process (PID=4459) to work on /home/airflow/.local/lib/python3.12/site-packages/airflow/example_dags/example_latest_only_with_trigger.py
[2025-08-07T17:55:11.506+0000] {processor.py:914} INFO - Processing file /home/airflow/.local/lib/python3.12/site-packages/airflow/example_dags/example_latest_only_with_trigger.py for tasks to queue
[2025-08-07T17:55:11.512+0000] {logging_mixin.py:190} INFO - [2025-08-07T17:55:11.512+0000] {dagbag.py:588} INFO - Filling up the DagBag from /home/airflow/.local/lib/python3.12/site-packages/airflow/example_dags/example_latest_only_with_trigger.py
[2025-08-07T17:55:11.535+0000] {processor.py:925} INFO - DAG(s) 'latest_only_with_trigger' retrieved from /home/airflow/.local/lib/python3.12/site-packages/airflow/example_dags/example_latest_only_with_trigger.py
[2025-08-07T17:55:11.601+0000] {logging_mixin.py:190} INFO - [2025-08-07T17:55:11.596+0000] {dag.py:3239} INFO - Sync 1 DAGs
[2025-08-07T17:55:11.673+0000] {logging_mixin.py:190} INFO - [2025-08-07T17:55:11.673+0000] {dag.py:4180} INFO - Setting next_dagrun for latest_only_with_trigger to 2025-08-07 12:00:00+00:00, run_after=2025-08-07 16:00:00+00:00
[2025-08-07T17:55:11.733+0000] {processor.py:208} INFO - Processing /home/airflow/.local/lib/python3.12/site-packages/airflow/example_dags/example_latest_only_with_trigger.py took 0.248 seconds
