[2025-08-07T00:26:17.896+0000] {processor.py:186} INFO - Started process (PID=1021) to work on /home/airflow/.local/lib/python3.12/site-packages/airflow/example_dags/example_latest_only.py
[2025-08-07T00:26:17.906+0000] {processor.py:914} INFO - Processing file /home/airflow/.local/lib/python3.12/site-packages/airflow/example_dags/example_latest_only.py for tasks to queue
[2025-08-07T00:26:17.910+0000] {logging_mixin.py:190} INFO - [2025-08-07T00:26:17.909+0000] {dagbag.py:588} INFO - Filling up the DagBag from /home/airflow/.local/lib/python3.12/site-packages/airflow/example_dags/example_latest_only.py
[2025-08-07T00:26:17.931+0000] {processor.py:925} INFO - DAG(s) 'latest_only' retrieved from /home/airflow/.local/lib/python3.12/site-packages/airflow/example_dags/example_latest_only.py
[2025-08-07T00:26:18.016+0000] {logging_mixin.py:190} INFO - [2025-08-07T00:26:18.016+0000] {dag.py:3239} INFO - Sync 1 DAGs
[2025-08-07T00:26:18.095+0000] {logging_mixin.py:190} INFO - [2025-08-07T00:26:18.094+0000] {dag.py:4180} INFO - Setting next_dagrun for latest_only to 2025-08-06 20:00:00+00:00, run_after=2025-08-07 00:00:00+00:00
[2025-08-07T00:26:18.157+0000] {processor.py:208} INFO - Processing /home/airflow/.local/lib/python3.12/site-packages/airflow/example_dags/example_latest_only.py took 0.287 seconds
[2025-08-07T11:29:42.418+0000] {processor.py:186} INFO - Started process (PID=1109) to work on /home/airflow/.local/lib/python3.12/site-packages/airflow/example_dags/example_latest_only.py
[2025-08-07T11:29:42.424+0000] {processor.py:914} INFO - Processing file /home/airflow/.local/lib/python3.12/site-packages/airflow/example_dags/example_latest_only.py for tasks to queue
[2025-08-07T11:29:42.429+0000] {logging_mixin.py:190} INFO - [2025-08-07T11:29:42.429+0000] {dagbag.py:588} INFO - Filling up the DagBag from /home/airflow/.local/lib/python3.12/site-packages/airflow/example_dags/example_latest_only.py
[2025-08-07T11:29:42.476+0000] {processor.py:925} INFO - DAG(s) 'latest_only' retrieved from /home/airflow/.local/lib/python3.12/site-packages/airflow/example_dags/example_latest_only.py
[2025-08-07T11:29:42.513+0000] {logging_mixin.py:190} INFO - [2025-08-07T11:29:42.513+0000] {dag.py:3239} INFO - Sync 1 DAGs
[2025-08-07T11:29:42.603+0000] {logging_mixin.py:190} INFO - [2025-08-07T11:29:42.603+0000] {dag.py:4180} INFO - Setting next_dagrun for latest_only to 2025-08-07 04:00:00+00:00, run_after=2025-08-07 08:00:00+00:00
[2025-08-07T11:29:42.652+0000] {processor.py:208} INFO - Processing /home/airflow/.local/lib/python3.12/site-packages/airflow/example_dags/example_latest_only.py took 0.243 seconds
[2025-08-07T17:21:42.489+0000] {processor.py:186} INFO - Started process (PID=1187) to work on /home/airflow/.local/lib/python3.12/site-packages/airflow/example_dags/example_latest_only.py
[2025-08-07T17:21:42.491+0000] {processor.py:914} INFO - Processing file /home/airflow/.local/lib/python3.12/site-packages/airflow/example_dags/example_latest_only.py for tasks to queue
[2025-08-07T17:21:42.499+0000] {logging_mixin.py:190} INFO - [2025-08-07T17:21:42.498+0000] {dagbag.py:588} INFO - Filling up the DagBag from /home/airflow/.local/lib/python3.12/site-packages/airflow/example_dags/example_latest_only.py
[2025-08-07T17:21:42.512+0000] {processor.py:925} INFO - DAG(s) 'latest_only' retrieved from /home/airflow/.local/lib/python3.12/site-packages/airflow/example_dags/example_latest_only.py
[2025-08-07T17:21:42.559+0000] {logging_mixin.py:190} INFO - [2025-08-07T17:21:42.558+0000] {dag.py:3239} INFO - Sync 1 DAGs
[2025-08-07T17:21:42.637+0000] {logging_mixin.py:190} INFO - [2025-08-07T17:21:42.637+0000] {dag.py:4180} INFO - Setting next_dagrun for latest_only to 2025-08-07 12:00:00+00:00, run_after=2025-08-07 16:00:00+00:00
[2025-08-07T17:21:42.697+0000] {processor.py:208} INFO - Processing /home/airflow/.local/lib/python3.12/site-packages/airflow/example_dags/example_latest_only.py took 0.220 seconds
[2025-08-07T17:22:14.259+0000] {processor.py:186} INFO - Started process (PID=1253) to work on /home/airflow/.local/lib/python3.12/site-packages/airflow/example_dags/example_latest_only.py
[2025-08-07T17:22:14.260+0000] {processor.py:914} INFO - Processing file /home/airflow/.local/lib/python3.12/site-packages/airflow/example_dags/example_latest_only.py for tasks to queue
[2025-08-07T17:22:14.262+0000] {logging_mixin.py:190} INFO - [2025-08-07T17:22:14.262+0000] {dagbag.py:588} INFO - Filling up the DagBag from /home/airflow/.local/lib/python3.12/site-packages/airflow/example_dags/example_latest_only.py
[2025-08-07T17:22:14.271+0000] {processor.py:925} INFO - DAG(s) 'latest_only' retrieved from /home/airflow/.local/lib/python3.12/site-packages/airflow/example_dags/example_latest_only.py
[2025-08-07T17:22:14.293+0000] {logging_mixin.py:190} INFO - [2025-08-07T17:22:14.293+0000] {dag.py:3239} INFO - Sync 1 DAGs
[2025-08-07T17:22:14.325+0000] {logging_mixin.py:190} INFO - [2025-08-07T17:22:14.325+0000] {dag.py:4180} INFO - Setting next_dagrun for latest_only to 2025-08-07 12:00:00+00:00, run_after=2025-08-07 16:00:00+00:00
[2025-08-07T17:22:14.350+0000] {processor.py:208} INFO - Processing /home/airflow/.local/lib/python3.12/site-packages/airflow/example_dags/example_latest_only.py took 0.100 seconds
[2025-08-07T17:22:45.379+0000] {processor.py:186} INFO - Started process (PID=1319) to work on /home/airflow/.local/lib/python3.12/site-packages/airflow/example_dags/example_latest_only.py
[2025-08-07T17:22:45.380+0000] {processor.py:914} INFO - Processing file /home/airflow/.local/lib/python3.12/site-packages/airflow/example_dags/example_latest_only.py for tasks to queue
[2025-08-07T17:22:45.381+0000] {logging_mixin.py:190} INFO - [2025-08-07T17:22:45.381+0000] {dagbag.py:588} INFO - Filling up the DagBag from /home/airflow/.local/lib/python3.12/site-packages/airflow/example_dags/example_latest_only.py
[2025-08-07T17:22:45.389+0000] {processor.py:925} INFO - DAG(s) 'latest_only' retrieved from /home/airflow/.local/lib/python3.12/site-packages/airflow/example_dags/example_latest_only.py
[2025-08-07T17:22:45.412+0000] {logging_mixin.py:190} INFO - [2025-08-07T17:22:45.412+0000] {dag.py:3239} INFO - Sync 1 DAGs
[2025-08-07T17:22:45.443+0000] {logging_mixin.py:190} INFO - [2025-08-07T17:22:45.442+0000] {dag.py:4180} INFO - Setting next_dagrun for latest_only to 2025-08-07 12:00:00+00:00, run_after=2025-08-07 16:00:00+00:00
[2025-08-07T17:22:45.471+0000] {processor.py:208} INFO - Processing /home/airflow/.local/lib/python3.12/site-packages/airflow/example_dags/example_latest_only.py took 0.100 seconds
[2025-08-07T17:22:05.685+0000] {processor.py:186} INFO - Started process (PID=1385) to work on /home/airflow/.local/lib/python3.12/site-packages/airflow/example_dags/example_latest_only.py
[2025-08-07T17:22:05.686+0000] {processor.py:914} INFO - Processing file /home/airflow/.local/lib/python3.12/site-packages/airflow/example_dags/example_latest_only.py for tasks to queue
[2025-08-07T17:22:05.688+0000] {logging_mixin.py:190} INFO - [2025-08-07T17:22:05.688+0000] {dagbag.py:588} INFO - Filling up the DagBag from /home/airflow/.local/lib/python3.12/site-packages/airflow/example_dags/example_latest_only.py
[2025-08-07T17:22:05.698+0000] {processor.py:925} INFO - DAG(s) 'latest_only' retrieved from /home/airflow/.local/lib/python3.12/site-packages/airflow/example_dags/example_latest_only.py
[2025-08-07T17:22:05.723+0000] {logging_mixin.py:190} INFO - [2025-08-07T17:22:05.723+0000] {dag.py:3239} INFO - Sync 1 DAGs
[2025-08-07T17:22:05.783+0000] {logging_mixin.py:190} INFO - [2025-08-07T17:22:05.783+0000] {dag.py:4180} INFO - Setting next_dagrun for latest_only to 2025-08-07 12:00:00+00:00, run_after=2025-08-07 16:00:00+00:00
[2025-08-07T17:22:05.815+0000] {processor.py:208} INFO - Processing /home/airflow/.local/lib/python3.12/site-packages/airflow/example_dags/example_latest_only.py took 0.136 seconds
[2025-08-07T17:22:36.830+0000] {processor.py:186} INFO - Started process (PID=1416) to work on /home/airflow/.local/lib/python3.12/site-packages/airflow/example_dags/example_latest_only.py
[2025-08-07T17:22:36.832+0000] {processor.py:914} INFO - Processing file /home/airflow/.local/lib/python3.12/site-packages/airflow/example_dags/example_latest_only.py for tasks to queue
[2025-08-07T17:22:36.833+0000] {logging_mixin.py:190} INFO - [2025-08-07T17:22:36.833+0000] {dagbag.py:588} INFO - Filling up the DagBag from /home/airflow/.local/lib/python3.12/site-packages/airflow/example_dags/example_latest_only.py
[2025-08-07T17:22:36.845+0000] {processor.py:925} INFO - DAG(s) 'latest_only' retrieved from /home/airflow/.local/lib/python3.12/site-packages/airflow/example_dags/example_latest_only.py
[2025-08-07T17:22:36.867+0000] {logging_mixin.py:190} INFO - [2025-08-07T17:22:36.867+0000] {dag.py:3239} INFO - Sync 1 DAGs
[2025-08-07T17:22:36.896+0000] {logging_mixin.py:190} INFO - [2025-08-07T17:22:36.895+0000] {dag.py:4180} INFO - Setting next_dagrun for latest_only to 2025-08-07 12:00:00+00:00, run_after=2025-08-07 16:00:00+00:00
[2025-08-07T17:22:36.923+0000] {processor.py:208} INFO - Processing /home/airflow/.local/lib/python3.12/site-packages/airflow/example_dags/example_latest_only.py took 0.099 seconds
[2025-08-07T17:23:08.635+0000] {processor.py:186} INFO - Started process (PID=1447) to work on /home/airflow/.local/lib/python3.12/site-packages/airflow/example_dags/example_latest_only.py
[2025-08-07T17:23:08.638+0000] {processor.py:914} INFO - Processing file /home/airflow/.local/lib/python3.12/site-packages/airflow/example_dags/example_latest_only.py for tasks to queue
[2025-08-07T17:23:08.640+0000] {logging_mixin.py:190} INFO - [2025-08-07T17:23:08.639+0000] {dagbag.py:588} INFO - Filling up the DagBag from /home/airflow/.local/lib/python3.12/site-packages/airflow/example_dags/example_latest_only.py
[2025-08-07T17:23:08.649+0000] {processor.py:925} INFO - DAG(s) 'latest_only' retrieved from /home/airflow/.local/lib/python3.12/site-packages/airflow/example_dags/example_latest_only.py
[2025-08-07T17:23:08.671+0000] {logging_mixin.py:190} INFO - [2025-08-07T17:23:08.671+0000] {dag.py:3239} INFO - Sync 1 DAGs
[2025-08-07T17:23:08.699+0000] {logging_mixin.py:190} INFO - [2025-08-07T17:23:08.699+0000] {dag.py:4180} INFO - Setting next_dagrun for latest_only to 2025-08-07 12:00:00+00:00, run_after=2025-08-07 16:00:00+00:00
[2025-08-07T17:23:08.725+0000] {processor.py:208} INFO - Processing /home/airflow/.local/lib/python3.12/site-packages/airflow/example_dags/example_latest_only.py took 0.095 seconds
[2025-08-07T17:23:16.417+0000] {processor.py:186} INFO - Started process (PID=1483) to work on /home/airflow/.local/lib/python3.12/site-packages/airflow/example_dags/example_latest_only.py
[2025-08-07T17:23:16.419+0000] {processor.py:914} INFO - Processing file /home/airflow/.local/lib/python3.12/site-packages/airflow/example_dags/example_latest_only.py for tasks to queue
[2025-08-07T17:23:16.420+0000] {logging_mixin.py:190} INFO - [2025-08-07T17:23:16.420+0000] {dagbag.py:588} INFO - Filling up the DagBag from /home/airflow/.local/lib/python3.12/site-packages/airflow/example_dags/example_latest_only.py
[2025-08-07T17:23:16.429+0000] {processor.py:925} INFO - DAG(s) 'latest_only' retrieved from /home/airflow/.local/lib/python3.12/site-packages/airflow/example_dags/example_latest_only.py
[2025-08-07T17:23:16.450+0000] {logging_mixin.py:190} INFO - [2025-08-07T17:23:16.450+0000] {dag.py:3239} INFO - Sync 1 DAGs
[2025-08-07T17:23:16.480+0000] {logging_mixin.py:190} INFO - [2025-08-07T17:23:16.480+0000] {dag.py:4180} INFO - Setting next_dagrun for latest_only to 2025-08-07 12:00:00+00:00, run_after=2025-08-07 16:00:00+00:00
[2025-08-07T17:23:16.508+0000] {processor.py:208} INFO - Processing /home/airflow/.local/lib/python3.12/site-packages/airflow/example_dags/example_latest_only.py took 0.097 seconds
[2025-08-07T17:23:46.327+0000] {processor.py:186} INFO - Started process (PID=1549) to work on /home/airflow/.local/lib/python3.12/site-packages/airflow/example_dags/example_latest_only.py
[2025-08-07T17:23:46.328+0000] {processor.py:914} INFO - Processing file /home/airflow/.local/lib/python3.12/site-packages/airflow/example_dags/example_latest_only.py for tasks to queue
[2025-08-07T17:23:46.331+0000] {logging_mixin.py:190} INFO - [2025-08-07T17:23:46.330+0000] {dagbag.py:588} INFO - Filling up the DagBag from /home/airflow/.local/lib/python3.12/site-packages/airflow/example_dags/example_latest_only.py
[2025-08-07T17:23:46.339+0000] {processor.py:925} INFO - DAG(s) 'latest_only' retrieved from /home/airflow/.local/lib/python3.12/site-packages/airflow/example_dags/example_latest_only.py
[2025-08-07T17:23:46.363+0000] {logging_mixin.py:190} INFO - [2025-08-07T17:23:46.363+0000] {dag.py:3239} INFO - Sync 1 DAGs
[2025-08-07T17:23:46.395+0000] {logging_mixin.py:190} INFO - [2025-08-07T17:23:46.394+0000] {dag.py:4180} INFO - Setting next_dagrun for latest_only to 2025-08-07 12:00:00+00:00, run_after=2025-08-07 16:00:00+00:00
[2025-08-07T17:23:46.418+0000] {processor.py:208} INFO - Processing /home/airflow/.local/lib/python3.12/site-packages/airflow/example_dags/example_latest_only.py took 0.097 seconds
[2025-08-07T17:24:01.296+0000] {processor.py:186} INFO - Started process (PID=1607) to work on /home/airflow/.local/lib/python3.12/site-packages/airflow/example_dags/example_latest_only.py
[2025-08-07T17:24:01.297+0000] {processor.py:914} INFO - Processing file /home/airflow/.local/lib/python3.12/site-packages/airflow/example_dags/example_latest_only.py for tasks to queue
[2025-08-07T17:24:01.300+0000] {logging_mixin.py:190} INFO - [2025-08-07T17:24:01.299+0000] {dagbag.py:588} INFO - Filling up the DagBag from /home/airflow/.local/lib/python3.12/site-packages/airflow/example_dags/example_latest_only.py
[2025-08-07T17:24:01.310+0000] {processor.py:925} INFO - DAG(s) 'latest_only' retrieved from /home/airflow/.local/lib/python3.12/site-packages/airflow/example_dags/example_latest_only.py
[2025-08-07T17:24:01.335+0000] {logging_mixin.py:190} INFO - [2025-08-07T17:24:01.335+0000] {dag.py:3239} INFO - Sync 1 DAGs
[2025-08-07T17:24:01.368+0000] {logging_mixin.py:190} INFO - [2025-08-07T17:24:01.368+0000] {dag.py:4180} INFO - Setting next_dagrun for latest_only to 2025-08-07 12:00:00+00:00, run_after=2025-08-07 16:00:00+00:00
[2025-08-07T17:24:01.392+0000] {processor.py:208} INFO - Processing /home/airflow/.local/lib/python3.12/site-packages/airflow/example_dags/example_latest_only.py took 0.103 seconds
[2025-08-07T17:24:14.949+0000] {processor.py:186} INFO - Started process (PID=1673) to work on /home/airflow/.local/lib/python3.12/site-packages/airflow/example_dags/example_latest_only.py
[2025-08-07T17:24:14.950+0000] {processor.py:914} INFO - Processing file /home/airflow/.local/lib/python3.12/site-packages/airflow/example_dags/example_latest_only.py for tasks to queue
[2025-08-07T17:24:14.952+0000] {logging_mixin.py:190} INFO - [2025-08-07T17:24:14.952+0000] {dagbag.py:588} INFO - Filling up the DagBag from /home/airflow/.local/lib/python3.12/site-packages/airflow/example_dags/example_latest_only.py
[2025-08-07T17:24:14.962+0000] {processor.py:925} INFO - DAG(s) 'latest_only' retrieved from /home/airflow/.local/lib/python3.12/site-packages/airflow/example_dags/example_latest_only.py
[2025-08-07T17:24:14.984+0000] {logging_mixin.py:190} INFO - [2025-08-07T17:24:14.984+0000] {dag.py:3239} INFO - Sync 1 DAGs
[2025-08-07T17:24:15.011+0000] {logging_mixin.py:190} INFO - [2025-08-07T17:24:15.011+0000] {dag.py:4180} INFO - Setting next_dagrun for latest_only to 2025-08-07 12:00:00+00:00, run_after=2025-08-07 16:00:00+00:00
[2025-08-07T17:24:15.037+0000] {processor.py:208} INFO - Processing /home/airflow/.local/lib/python3.12/site-packages/airflow/example_dags/example_latest_only.py took 0.095 seconds
[2025-08-07T17:24:46.166+0000] {processor.py:186} INFO - Started process (PID=1741) to work on /home/airflow/.local/lib/python3.12/site-packages/airflow/example_dags/example_latest_only.py
[2025-08-07T17:24:46.167+0000] {processor.py:914} INFO - Processing file /home/airflow/.local/lib/python3.12/site-packages/airflow/example_dags/example_latest_only.py for tasks to queue
[2025-08-07T17:24:46.168+0000] {logging_mixin.py:190} INFO - [2025-08-07T17:24:46.168+0000] {dagbag.py:588} INFO - Filling up the DagBag from /home/airflow/.local/lib/python3.12/site-packages/airflow/example_dags/example_latest_only.py
[2025-08-07T17:24:46.176+0000] {processor.py:925} INFO - DAG(s) 'latest_only' retrieved from /home/airflow/.local/lib/python3.12/site-packages/airflow/example_dags/example_latest_only.py
[2025-08-07T17:24:46.196+0000] {logging_mixin.py:190} INFO - [2025-08-07T17:24:46.196+0000] {dag.py:3239} INFO - Sync 1 DAGs
[2025-08-07T17:24:46.223+0000] {logging_mixin.py:190} INFO - [2025-08-07T17:24:46.223+0000] {dag.py:4180} INFO - Setting next_dagrun for latest_only to 2025-08-07 12:00:00+00:00, run_after=2025-08-07 16:00:00+00:00
[2025-08-07T17:24:46.251+0000] {processor.py:208} INFO - Processing /home/airflow/.local/lib/python3.12/site-packages/airflow/example_dags/example_latest_only.py took 0.091 seconds
[2025-08-07T17:25:01.333+0000] {processor.py:186} INFO - Started process (PID=1800) to work on /home/airflow/.local/lib/python3.12/site-packages/airflow/example_dags/example_latest_only.py
[2025-08-07T17:25:01.334+0000] {processor.py:914} INFO - Processing file /home/airflow/.local/lib/python3.12/site-packages/airflow/example_dags/example_latest_only.py for tasks to queue
[2025-08-07T17:25:01.335+0000] {logging_mixin.py:190} INFO - [2025-08-07T17:25:01.335+0000] {dagbag.py:588} INFO - Filling up the DagBag from /home/airflow/.local/lib/python3.12/site-packages/airflow/example_dags/example_latest_only.py
[2025-08-07T17:25:01.344+0000] {processor.py:925} INFO - DAG(s) 'latest_only' retrieved from /home/airflow/.local/lib/python3.12/site-packages/airflow/example_dags/example_latest_only.py
[2025-08-07T17:25:01.368+0000] {logging_mixin.py:190} INFO - [2025-08-07T17:25:01.367+0000] {dag.py:3239} INFO - Sync 1 DAGs
[2025-08-07T17:25:01.398+0000] {logging_mixin.py:190} INFO - [2025-08-07T17:25:01.398+0000] {dag.py:4180} INFO - Setting next_dagrun for latest_only to 2025-08-07 12:00:00+00:00, run_after=2025-08-07 16:00:00+00:00
[2025-08-07T17:25:01.423+0000] {processor.py:208} INFO - Processing /home/airflow/.local/lib/python3.12/site-packages/airflow/example_dags/example_latest_only.py took 0.097 seconds
[2025-08-07T17:25:15.021+0000] {processor.py:186} INFO - Started process (PID=1862) to work on /home/airflow/.local/lib/python3.12/site-packages/airflow/example_dags/example_latest_only.py
[2025-08-07T17:25:15.023+0000] {processor.py:914} INFO - Processing file /home/airflow/.local/lib/python3.12/site-packages/airflow/example_dags/example_latest_only.py for tasks to queue
[2025-08-07T17:25:15.024+0000] {logging_mixin.py:190} INFO - [2025-08-07T17:25:15.024+0000] {dagbag.py:588} INFO - Filling up the DagBag from /home/airflow/.local/lib/python3.12/site-packages/airflow/example_dags/example_latest_only.py
[2025-08-07T17:25:15.033+0000] {processor.py:925} INFO - DAG(s) 'latest_only' retrieved from /home/airflow/.local/lib/python3.12/site-packages/airflow/example_dags/example_latest_only.py
[2025-08-07T17:25:15.054+0000] {logging_mixin.py:190} INFO - [2025-08-07T17:25:15.054+0000] {dag.py:3239} INFO - Sync 1 DAGs
[2025-08-07T17:25:15.081+0000] {logging_mixin.py:190} INFO - [2025-08-07T17:25:15.081+0000] {dag.py:4180} INFO - Setting next_dagrun for latest_only to 2025-08-07 12:00:00+00:00, run_after=2025-08-07 16:00:00+00:00
[2025-08-07T17:25:15.108+0000] {processor.py:208} INFO - Processing /home/airflow/.local/lib/python3.12/site-packages/airflow/example_dags/example_latest_only.py took 0.094 seconds
[2025-08-07T17:25:43.747+0000] {processor.py:186} INFO - Started process (PID=1927) to work on /home/airflow/.local/lib/python3.12/site-packages/airflow/example_dags/example_latest_only.py
[2025-08-07T17:25:43.749+0000] {processor.py:914} INFO - Processing file /home/airflow/.local/lib/python3.12/site-packages/airflow/example_dags/example_latest_only.py for tasks to queue
[2025-08-07T17:25:43.751+0000] {logging_mixin.py:190} INFO - [2025-08-07T17:25:43.751+0000] {dagbag.py:588} INFO - Filling up the DagBag from /home/airflow/.local/lib/python3.12/site-packages/airflow/example_dags/example_latest_only.py
[2025-08-07T17:25:43.760+0000] {processor.py:925} INFO - DAG(s) 'latest_only' retrieved from /home/airflow/.local/lib/python3.12/site-packages/airflow/example_dags/example_latest_only.py
[2025-08-07T17:25:43.782+0000] {logging_mixin.py:190} INFO - [2025-08-07T17:25:43.782+0000] {dag.py:3239} INFO - Sync 1 DAGs
[2025-08-07T17:25:43.816+0000] {logging_mixin.py:190} INFO - [2025-08-07T17:25:43.816+0000] {dag.py:4180} INFO - Setting next_dagrun for latest_only to 2025-08-07 12:00:00+00:00, run_after=2025-08-07 16:00:00+00:00
[2025-08-07T17:25:43.839+0000] {processor.py:208} INFO - Processing /home/airflow/.local/lib/python3.12/site-packages/airflow/example_dags/example_latest_only.py took 0.098 seconds
[2025-08-07T17:26:15.268+0000] {processor.py:186} INFO - Started process (PID=1991) to work on /home/airflow/.local/lib/python3.12/site-packages/airflow/example_dags/example_latest_only.py
[2025-08-07T17:26:15.269+0000] {processor.py:914} INFO - Processing file /home/airflow/.local/lib/python3.12/site-packages/airflow/example_dags/example_latest_only.py for tasks to queue
[2025-08-07T17:26:15.271+0000] {logging_mixin.py:190} INFO - [2025-08-07T17:26:15.271+0000] {dagbag.py:588} INFO - Filling up the DagBag from /home/airflow/.local/lib/python3.12/site-packages/airflow/example_dags/example_latest_only.py
[2025-08-07T17:26:15.282+0000] {processor.py:925} INFO - DAG(s) 'latest_only' retrieved from /home/airflow/.local/lib/python3.12/site-packages/airflow/example_dags/example_latest_only.py
[2025-08-07T17:26:15.313+0000] {logging_mixin.py:190} INFO - [2025-08-07T17:26:15.313+0000] {dag.py:3239} INFO - Sync 1 DAGs
[2025-08-07T17:26:15.348+0000] {logging_mixin.py:190} INFO - [2025-08-07T17:26:15.347+0000] {dag.py:4180} INFO - Setting next_dagrun for latest_only to 2025-08-07 12:00:00+00:00, run_after=2025-08-07 16:00:00+00:00
[2025-08-07T17:26:15.373+0000] {processor.py:208} INFO - Processing /home/airflow/.local/lib/python3.12/site-packages/airflow/example_dags/example_latest_only.py took 0.113 seconds
[2025-08-07T17:26:46.512+0000] {processor.py:186} INFO - Started process (PID=2054) to work on /home/airflow/.local/lib/python3.12/site-packages/airflow/example_dags/example_latest_only.py
[2025-08-07T17:26:46.514+0000] {processor.py:914} INFO - Processing file /home/airflow/.local/lib/python3.12/site-packages/airflow/example_dags/example_latest_only.py for tasks to queue
[2025-08-07T17:26:46.516+0000] {logging_mixin.py:190} INFO - [2025-08-07T17:26:46.516+0000] {dagbag.py:588} INFO - Filling up the DagBag from /home/airflow/.local/lib/python3.12/site-packages/airflow/example_dags/example_latest_only.py
[2025-08-07T17:26:46.525+0000] {processor.py:925} INFO - DAG(s) 'latest_only' retrieved from /home/airflow/.local/lib/python3.12/site-packages/airflow/example_dags/example_latest_only.py
[2025-08-07T17:26:46.550+0000] {logging_mixin.py:190} INFO - [2025-08-07T17:26:46.549+0000] {dag.py:3239} INFO - Sync 1 DAGs
[2025-08-07T17:26:46.577+0000] {logging_mixin.py:190} INFO - [2025-08-07T17:26:46.576+0000] {dag.py:4180} INFO - Setting next_dagrun for latest_only to 2025-08-07 12:00:00+00:00, run_after=2025-08-07 16:00:00+00:00
[2025-08-07T17:26:46.605+0000] {processor.py:208} INFO - Processing /home/airflow/.local/lib/python3.12/site-packages/airflow/example_dags/example_latest_only.py took 0.098 seconds
[2025-08-07T17:26:56.721+0000] {processor.py:186} INFO - Started process (PID=2114) to work on /home/airflow/.local/lib/python3.12/site-packages/airflow/example_dags/example_latest_only.py
[2025-08-07T17:26:56.723+0000] {processor.py:914} INFO - Processing file /home/airflow/.local/lib/python3.12/site-packages/airflow/example_dags/example_latest_only.py for tasks to queue
[2025-08-07T17:26:56.724+0000] {logging_mixin.py:190} INFO - [2025-08-07T17:26:56.724+0000] {dagbag.py:588} INFO - Filling up the DagBag from /home/airflow/.local/lib/python3.12/site-packages/airflow/example_dags/example_latest_only.py
[2025-08-07T17:26:56.734+0000] {processor.py:925} INFO - DAG(s) 'latest_only' retrieved from /home/airflow/.local/lib/python3.12/site-packages/airflow/example_dags/example_latest_only.py
[2025-08-07T17:26:56.758+0000] {logging_mixin.py:190} INFO - [2025-08-07T17:26:56.757+0000] {dag.py:3239} INFO - Sync 1 DAGs
[2025-08-07T17:26:56.787+0000] {logging_mixin.py:190} INFO - [2025-08-07T17:26:56.787+0000] {dag.py:4180} INFO - Setting next_dagrun for latest_only to 2025-08-07 12:00:00+00:00, run_after=2025-08-07 16:00:00+00:00
[2025-08-07T17:26:56.813+0000] {processor.py:208} INFO - Processing /home/airflow/.local/lib/python3.12/site-packages/airflow/example_dags/example_latest_only.py took 0.098 seconds
[2025-08-07T17:27:28.276+0000] {processor.py:186} INFO - Started process (PID=2178) to work on /home/airflow/.local/lib/python3.12/site-packages/airflow/example_dags/example_latest_only.py
[2025-08-07T17:27:28.277+0000] {processor.py:914} INFO - Processing file /home/airflow/.local/lib/python3.12/site-packages/airflow/example_dags/example_latest_only.py for tasks to queue
[2025-08-07T17:27:28.279+0000] {logging_mixin.py:190} INFO - [2025-08-07T17:27:28.278+0000] {dagbag.py:588} INFO - Filling up the DagBag from /home/airflow/.local/lib/python3.12/site-packages/airflow/example_dags/example_latest_only.py
[2025-08-07T17:27:28.290+0000] {processor.py:925} INFO - DAG(s) 'latest_only' retrieved from /home/airflow/.local/lib/python3.12/site-packages/airflow/example_dags/example_latest_only.py
[2025-08-07T17:27:28.319+0000] {logging_mixin.py:190} INFO - [2025-08-07T17:27:28.319+0000] {dag.py:3239} INFO - Sync 1 DAGs
[2025-08-07T17:27:28.348+0000] {logging_mixin.py:190} INFO - [2025-08-07T17:27:28.348+0000] {dag.py:4180} INFO - Setting next_dagrun for latest_only to 2025-08-07 12:00:00+00:00, run_after=2025-08-07 16:00:00+00:00
[2025-08-07T17:27:28.374+0000] {processor.py:208} INFO - Processing /home/airflow/.local/lib/python3.12/site-packages/airflow/example_dags/example_latest_only.py took 0.106 seconds
[2025-08-07T17:27:57.297+0000] {processor.py:186} INFO - Started process (PID=2242) to work on /home/airflow/.local/lib/python3.12/site-packages/airflow/example_dags/example_latest_only.py
[2025-08-07T17:27:57.298+0000] {processor.py:914} INFO - Processing file /home/airflow/.local/lib/python3.12/site-packages/airflow/example_dags/example_latest_only.py for tasks to queue
[2025-08-07T17:27:57.300+0000] {logging_mixin.py:190} INFO - [2025-08-07T17:27:57.300+0000] {dagbag.py:588} INFO - Filling up the DagBag from /home/airflow/.local/lib/python3.12/site-packages/airflow/example_dags/example_latest_only.py
[2025-08-07T17:27:57.308+0000] {processor.py:925} INFO - DAG(s) 'latest_only' retrieved from /home/airflow/.local/lib/python3.12/site-packages/airflow/example_dags/example_latest_only.py
[2025-08-07T17:27:57.334+0000] {logging_mixin.py:190} INFO - [2025-08-07T17:27:57.334+0000] {dag.py:3239} INFO - Sync 1 DAGs
[2025-08-07T17:27:57.364+0000] {logging_mixin.py:190} INFO - [2025-08-07T17:27:57.363+0000] {dag.py:4180} INFO - Setting next_dagrun for latest_only to 2025-08-07 12:00:00+00:00, run_after=2025-08-07 16:00:00+00:00
[2025-08-07T17:27:57.389+0000] {processor.py:208} INFO - Processing /home/airflow/.local/lib/python3.12/site-packages/airflow/example_dags/example_latest_only.py took 0.098 seconds
[2025-08-07T17:28:27.905+0000] {processor.py:186} INFO - Started process (PID=2308) to work on /home/airflow/.local/lib/python3.12/site-packages/airflow/example_dags/example_latest_only.py
[2025-08-07T17:28:27.906+0000] {processor.py:914} INFO - Processing file /home/airflow/.local/lib/python3.12/site-packages/airflow/example_dags/example_latest_only.py for tasks to queue
[2025-08-07T17:28:27.907+0000] {logging_mixin.py:190} INFO - [2025-08-07T17:28:27.907+0000] {dagbag.py:588} INFO - Filling up the DagBag from /home/airflow/.local/lib/python3.12/site-packages/airflow/example_dags/example_latest_only.py
[2025-08-07T17:28:27.916+0000] {processor.py:925} INFO - DAG(s) 'latest_only' retrieved from /home/airflow/.local/lib/python3.12/site-packages/airflow/example_dags/example_latest_only.py
[2025-08-07T17:28:27.940+0000] {logging_mixin.py:190} INFO - [2025-08-07T17:28:27.940+0000] {dag.py:3239} INFO - Sync 1 DAGs
[2025-08-07T17:28:27.968+0000] {logging_mixin.py:190} INFO - [2025-08-07T17:28:27.968+0000] {dag.py:4180} INFO - Setting next_dagrun for latest_only to 2025-08-07 12:00:00+00:00, run_after=2025-08-07 16:00:00+00:00
[2025-08-07T17:28:28.003+0000] {processor.py:208} INFO - Processing /home/airflow/.local/lib/python3.12/site-packages/airflow/example_dags/example_latest_only.py took 0.105 seconds
[2025-08-07T17:28:38.825+0000] {processor.py:186} INFO - Started process (PID=2372) to work on /home/airflow/.local/lib/python3.12/site-packages/airflow/example_dags/example_latest_only.py
[2025-08-07T17:28:38.826+0000] {processor.py:914} INFO - Processing file /home/airflow/.local/lib/python3.12/site-packages/airflow/example_dags/example_latest_only.py for tasks to queue
[2025-08-07T17:28:38.827+0000] {logging_mixin.py:190} INFO - [2025-08-07T17:28:38.827+0000] {dagbag.py:588} INFO - Filling up the DagBag from /home/airflow/.local/lib/python3.12/site-packages/airflow/example_dags/example_latest_only.py
[2025-08-07T17:28:38.837+0000] {processor.py:925} INFO - DAG(s) 'latest_only' retrieved from /home/airflow/.local/lib/python3.12/site-packages/airflow/example_dags/example_latest_only.py
[2025-08-07T17:28:38.859+0000] {logging_mixin.py:190} INFO - [2025-08-07T17:28:38.859+0000] {dag.py:3239} INFO - Sync 1 DAGs
[2025-08-07T17:28:38.890+0000] {logging_mixin.py:190} INFO - [2025-08-07T17:28:38.890+0000] {dag.py:4180} INFO - Setting next_dagrun for latest_only to 2025-08-07 12:00:00+00:00, run_after=2025-08-07 16:00:00+00:00
[2025-08-07T17:28:38.920+0000] {processor.py:208} INFO - Processing /home/airflow/.local/lib/python3.12/site-packages/airflow/example_dags/example_latest_only.py took 0.103 seconds
[2025-08-07T17:29:09.867+0000] {processor.py:186} INFO - Started process (PID=2438) to work on /home/airflow/.local/lib/python3.12/site-packages/airflow/example_dags/example_latest_only.py
[2025-08-07T17:29:09.868+0000] {processor.py:914} INFO - Processing file /home/airflow/.local/lib/python3.12/site-packages/airflow/example_dags/example_latest_only.py for tasks to queue
[2025-08-07T17:29:09.870+0000] {logging_mixin.py:190} INFO - [2025-08-07T17:29:09.869+0000] {dagbag.py:588} INFO - Filling up the DagBag from /home/airflow/.local/lib/python3.12/site-packages/airflow/example_dags/example_latest_only.py
[2025-08-07T17:29:09.878+0000] {processor.py:925} INFO - DAG(s) 'latest_only' retrieved from /home/airflow/.local/lib/python3.12/site-packages/airflow/example_dags/example_latest_only.py
[2025-08-07T17:29:09.903+0000] {logging_mixin.py:190} INFO - [2025-08-07T17:29:09.903+0000] {dag.py:3239} INFO - Sync 1 DAGs
[2025-08-07T17:29:09.933+0000] {logging_mixin.py:190} INFO - [2025-08-07T17:29:09.931+0000] {dag.py:4180} INFO - Setting next_dagrun for latest_only to 2025-08-07 12:00:00+00:00, run_after=2025-08-07 16:00:00+00:00
[2025-08-07T17:29:09.956+0000] {processor.py:208} INFO - Processing /home/airflow/.local/lib/python3.12/site-packages/airflow/example_dags/example_latest_only.py took 0.095 seconds
[2025-08-07T17:29:17.096+0000] {processor.py:186} INFO - Started process (PID=2495) to work on /home/airflow/.local/lib/python3.12/site-packages/airflow/example_dags/example_latest_only.py
[2025-08-07T17:29:17.097+0000] {processor.py:914} INFO - Processing file /home/airflow/.local/lib/python3.12/site-packages/airflow/example_dags/example_latest_only.py for tasks to queue
[2025-08-07T17:29:17.100+0000] {logging_mixin.py:190} INFO - [2025-08-07T17:29:17.098+0000] {dagbag.py:588} INFO - Filling up the DagBag from /home/airflow/.local/lib/python3.12/site-packages/airflow/example_dags/example_latest_only.py
[2025-08-07T17:29:17.110+0000] {processor.py:925} INFO - DAG(s) 'latest_only' retrieved from /home/airflow/.local/lib/python3.12/site-packages/airflow/example_dags/example_latest_only.py
[2025-08-07T17:29:17.136+0000] {logging_mixin.py:190} INFO - [2025-08-07T17:29:17.136+0000] {dag.py:3239} INFO - Sync 1 DAGs
[2025-08-07T17:29:17.171+0000] {logging_mixin.py:190} INFO - [2025-08-07T17:29:17.171+0000] {dag.py:4180} INFO - Setting next_dagrun for latest_only to 2025-08-07 12:00:00+00:00, run_after=2025-08-07 16:00:00+00:00
[2025-08-07T17:29:17.198+0000] {processor.py:208} INFO - Processing /home/airflow/.local/lib/python3.12/site-packages/airflow/example_dags/example_latest_only.py took 0.108 seconds
[2025-08-07T17:29:48.483+0000] {processor.py:186} INFO - Started process (PID=2559) to work on /home/airflow/.local/lib/python3.12/site-packages/airflow/example_dags/example_latest_only.py
[2025-08-07T17:29:48.484+0000] {processor.py:914} INFO - Processing file /home/airflow/.local/lib/python3.12/site-packages/airflow/example_dags/example_latest_only.py for tasks to queue
[2025-08-07T17:29:48.487+0000] {logging_mixin.py:190} INFO - [2025-08-07T17:29:48.486+0000] {dagbag.py:588} INFO - Filling up the DagBag from /home/airflow/.local/lib/python3.12/site-packages/airflow/example_dags/example_latest_only.py
[2025-08-07T17:29:48.498+0000] {processor.py:925} INFO - DAG(s) 'latest_only' retrieved from /home/airflow/.local/lib/python3.12/site-packages/airflow/example_dags/example_latest_only.py
[2025-08-07T17:29:48.525+0000] {logging_mixin.py:190} INFO - [2025-08-07T17:29:48.524+0000] {dag.py:3239} INFO - Sync 1 DAGs
[2025-08-07T17:29:48.566+0000] {logging_mixin.py:190} INFO - [2025-08-07T17:29:48.565+0000] {dag.py:4180} INFO - Setting next_dagrun for latest_only to 2025-08-07 12:00:00+00:00, run_after=2025-08-07 16:00:00+00:00
[2025-08-07T17:29:48.803+0000] {processor.py:208} INFO - Processing /home/airflow/.local/lib/python3.12/site-packages/airflow/example_dags/example_latest_only.py took 0.329 seconds
[2025-08-07T17:30:19.667+0000] {processor.py:186} INFO - Started process (PID=2623) to work on /home/airflow/.local/lib/python3.12/site-packages/airflow/example_dags/example_latest_only.py
[2025-08-07T17:30:19.669+0000] {processor.py:914} INFO - Processing file /home/airflow/.local/lib/python3.12/site-packages/airflow/example_dags/example_latest_only.py for tasks to queue
[2025-08-07T17:30:19.670+0000] {logging_mixin.py:190} INFO - [2025-08-07T17:30:19.670+0000] {dagbag.py:588} INFO - Filling up the DagBag from /home/airflow/.local/lib/python3.12/site-packages/airflow/example_dags/example_latest_only.py
[2025-08-07T17:30:19.679+0000] {processor.py:925} INFO - DAG(s) 'latest_only' retrieved from /home/airflow/.local/lib/python3.12/site-packages/airflow/example_dags/example_latest_only.py
[2025-08-07T17:30:19.703+0000] {logging_mixin.py:190} INFO - [2025-08-07T17:30:19.703+0000] {dag.py:3239} INFO - Sync 1 DAGs
[2025-08-07T17:30:19.735+0000] {logging_mixin.py:190} INFO - [2025-08-07T17:30:19.735+0000] {dag.py:4180} INFO - Setting next_dagrun for latest_only to 2025-08-07 12:00:00+00:00, run_after=2025-08-07 16:00:00+00:00
[2025-08-07T17:30:19.767+0000] {processor.py:208} INFO - Processing /home/airflow/.local/lib/python3.12/site-packages/airflow/example_dags/example_latest_only.py took 0.107 seconds
[2025-08-07T17:42:36.019+0000] {processor.py:186} INFO - Started process (PID=2701) to work on /home/airflow/.local/lib/python3.12/site-packages/airflow/example_dags/example_latest_only.py
[2025-08-07T17:42:36.021+0000] {processor.py:914} INFO - Processing file /home/airflow/.local/lib/python3.12/site-packages/airflow/example_dags/example_latest_only.py for tasks to queue
[2025-08-07T17:42:36.023+0000] {logging_mixin.py:190} INFO - [2025-08-07T17:42:36.023+0000] {dagbag.py:588} INFO - Filling up the DagBag from /home/airflow/.local/lib/python3.12/site-packages/airflow/example_dags/example_latest_only.py
[2025-08-07T17:42:36.044+0000] {processor.py:925} INFO - DAG(s) 'latest_only' retrieved from /home/airflow/.local/lib/python3.12/site-packages/airflow/example_dags/example_latest_only.py
[2025-08-07T17:42:36.091+0000] {logging_mixin.py:190} INFO - [2025-08-07T17:42:36.091+0000] {dag.py:3239} INFO - Sync 1 DAGs
[2025-08-07T17:42:36.154+0000] {logging_mixin.py:190} INFO - [2025-08-07T17:42:36.154+0000] {dag.py:4180} INFO - Setting next_dagrun for latest_only to 2025-08-07 12:00:00+00:00, run_after=2025-08-07 16:00:00+00:00
[2025-08-07T17:42:36.493+0000] {processor.py:208} INFO - Processing /home/airflow/.local/lib/python3.12/site-packages/airflow/example_dags/example_latest_only.py took 0.489 seconds
[2025-08-07T17:43:07.241+0000] {processor.py:186} INFO - Started process (PID=2767) to work on /home/airflow/.local/lib/python3.12/site-packages/airflow/example_dags/example_latest_only.py
[2025-08-07T17:43:07.242+0000] {processor.py:914} INFO - Processing file /home/airflow/.local/lib/python3.12/site-packages/airflow/example_dags/example_latest_only.py for tasks to queue
[2025-08-07T17:43:07.247+0000] {logging_mixin.py:190} INFO - [2025-08-07T17:43:07.247+0000] {dagbag.py:588} INFO - Filling up the DagBag from /home/airflow/.local/lib/python3.12/site-packages/airflow/example_dags/example_latest_only.py
[2025-08-07T17:43:07.258+0000] {processor.py:925} INFO - DAG(s) 'latest_only' retrieved from /home/airflow/.local/lib/python3.12/site-packages/airflow/example_dags/example_latest_only.py
[2025-08-07T17:43:07.301+0000] {logging_mixin.py:190} INFO - [2025-08-07T17:43:07.300+0000] {dag.py:3239} INFO - Sync 1 DAGs
[2025-08-07T17:43:07.341+0000] {logging_mixin.py:190} INFO - [2025-08-07T17:43:07.340+0000] {dag.py:4180} INFO - Setting next_dagrun for latest_only to 2025-08-07 12:00:00+00:00, run_after=2025-08-07 16:00:00+00:00
[2025-08-07T17:43:07.598+0000] {processor.py:208} INFO - Processing /home/airflow/.local/lib/python3.12/site-packages/airflow/example_dags/example_latest_only.py took 0.366 seconds
[2025-08-07T17:43:26.082+0000] {processor.py:186} INFO - Started process (PID=2831) to work on /home/airflow/.local/lib/python3.12/site-packages/airflow/example_dags/example_latest_only.py
[2025-08-07T17:43:26.083+0000] {processor.py:914} INFO - Processing file /home/airflow/.local/lib/python3.12/site-packages/airflow/example_dags/example_latest_only.py for tasks to queue
[2025-08-07T17:43:26.088+0000] {logging_mixin.py:190} INFO - [2025-08-07T17:43:26.088+0000] {dagbag.py:588} INFO - Filling up the DagBag from /home/airflow/.local/lib/python3.12/site-packages/airflow/example_dags/example_latest_only.py
[2025-08-07T17:43:26.101+0000] {processor.py:925} INFO - DAG(s) 'latest_only' retrieved from /home/airflow/.local/lib/python3.12/site-packages/airflow/example_dags/example_latest_only.py
[2025-08-07T17:43:26.139+0000] {logging_mixin.py:190} INFO - [2025-08-07T17:43:26.138+0000] {dag.py:3239} INFO - Sync 1 DAGs
[2025-08-07T17:43:26.181+0000] {logging_mixin.py:190} INFO - [2025-08-07T17:43:26.181+0000] {dag.py:4180} INFO - Setting next_dagrun for latest_only to 2025-08-07 12:00:00+00:00, run_after=2025-08-07 16:00:00+00:00
[2025-08-07T17:43:26.463+0000] {processor.py:208} INFO - Processing /home/airflow/.local/lib/python3.12/site-packages/airflow/example_dags/example_latest_only.py took 0.389 seconds
[2025-08-07T17:43:45.930+0000] {processor.py:186} INFO - Started process (PID=2891) to work on /home/airflow/.local/lib/python3.12/site-packages/airflow/example_dags/example_latest_only.py
[2025-08-07T17:43:45.931+0000] {processor.py:914} INFO - Processing file /home/airflow/.local/lib/python3.12/site-packages/airflow/example_dags/example_latest_only.py for tasks to queue
[2025-08-07T17:43:45.936+0000] {logging_mixin.py:190} INFO - [2025-08-07T17:43:45.936+0000] {dagbag.py:588} INFO - Filling up the DagBag from /home/airflow/.local/lib/python3.12/site-packages/airflow/example_dags/example_latest_only.py
[2025-08-07T17:43:45.948+0000] {processor.py:925} INFO - DAG(s) 'latest_only' retrieved from /home/airflow/.local/lib/python3.12/site-packages/airflow/example_dags/example_latest_only.py
[2025-08-07T17:43:45.985+0000] {logging_mixin.py:190} INFO - [2025-08-07T17:43:45.985+0000] {dag.py:3239} INFO - Sync 1 DAGs
[2025-08-07T17:43:46.020+0000] {logging_mixin.py:190} INFO - [2025-08-07T17:43:46.020+0000] {dag.py:4180} INFO - Setting next_dagrun for latest_only to 2025-08-07 12:00:00+00:00, run_after=2025-08-07 16:00:00+00:00
[2025-08-07T17:43:46.059+0000] {processor.py:208} INFO - Processing /home/airflow/.local/lib/python3.12/site-packages/airflow/example_dags/example_latest_only.py took 0.139 seconds
[2025-08-07T17:44:18.312+0000] {processor.py:186} INFO - Started process (PID=2957) to work on /home/airflow/.local/lib/python3.12/site-packages/airflow/example_dags/example_latest_only.py
[2025-08-07T17:44:18.317+0000] {processor.py:914} INFO - Processing file /home/airflow/.local/lib/python3.12/site-packages/airflow/example_dags/example_latest_only.py for tasks to queue
[2025-08-07T17:44:18.318+0000] {logging_mixin.py:190} INFO - [2025-08-07T17:44:18.318+0000] {dagbag.py:588} INFO - Filling up the DagBag from /home/airflow/.local/lib/python3.12/site-packages/airflow/example_dags/example_latest_only.py
[2025-08-07T17:44:18.331+0000] {processor.py:925} INFO - DAG(s) 'latest_only' retrieved from /home/airflow/.local/lib/python3.12/site-packages/airflow/example_dags/example_latest_only.py
[2025-08-07T17:44:18.367+0000] {logging_mixin.py:190} INFO - [2025-08-07T17:44:18.367+0000] {dag.py:3239} INFO - Sync 1 DAGs
[2025-08-07T17:44:18.442+0000] {logging_mixin.py:190} INFO - [2025-08-07T17:44:18.442+0000] {dag.py:4180} INFO - Setting next_dagrun for latest_only to 2025-08-07 12:00:00+00:00, run_after=2025-08-07 16:00:00+00:00
[2025-08-07T17:44:18.498+0000] {processor.py:208} INFO - Processing /home/airflow/.local/lib/python3.12/site-packages/airflow/example_dags/example_latest_only.py took 0.192 seconds
[2025-08-07T17:44:50.309+0000] {processor.py:186} INFO - Started process (PID=3023) to work on /home/airflow/.local/lib/python3.12/site-packages/airflow/example_dags/example_latest_only.py
[2025-08-07T17:44:50.310+0000] {processor.py:914} INFO - Processing file /home/airflow/.local/lib/python3.12/site-packages/airflow/example_dags/example_latest_only.py for tasks to queue
[2025-08-07T17:44:50.312+0000] {logging_mixin.py:190} INFO - [2025-08-07T17:44:50.312+0000] {dagbag.py:588} INFO - Filling up the DagBag from /home/airflow/.local/lib/python3.12/site-packages/airflow/example_dags/example_latest_only.py
[2025-08-07T17:44:50.328+0000] {processor.py:925} INFO - DAG(s) 'latest_only' retrieved from /home/airflow/.local/lib/python3.12/site-packages/airflow/example_dags/example_latest_only.py
[2025-08-07T17:44:50.369+0000] {logging_mixin.py:190} INFO - [2025-08-07T17:44:50.368+0000] {dag.py:3239} INFO - Sync 1 DAGs
[2025-08-07T17:44:50.429+0000] {logging_mixin.py:190} INFO - [2025-08-07T17:44:50.429+0000] {dag.py:4180} INFO - Setting next_dagrun for latest_only to 2025-08-07 12:00:00+00:00, run_after=2025-08-07 16:00:00+00:00
[2025-08-07T17:44:50.470+0000] {processor.py:208} INFO - Processing /home/airflow/.local/lib/python3.12/site-packages/airflow/example_dags/example_latest_only.py took 0.173 seconds
[2025-08-07T17:45:22.548+0000] {processor.py:186} INFO - Started process (PID=3089) to work on /home/airflow/.local/lib/python3.12/site-packages/airflow/example_dags/example_latest_only.py
[2025-08-07T17:45:22.549+0000] {processor.py:914} INFO - Processing file /home/airflow/.local/lib/python3.12/site-packages/airflow/example_dags/example_latest_only.py for tasks to queue
[2025-08-07T17:45:22.555+0000] {logging_mixin.py:190} INFO - [2025-08-07T17:45:22.551+0000] {dagbag.py:588} INFO - Filling up the DagBag from /home/airflow/.local/lib/python3.12/site-packages/airflow/example_dags/example_latest_only.py
[2025-08-07T17:45:22.569+0000] {processor.py:925} INFO - DAG(s) 'latest_only' retrieved from /home/airflow/.local/lib/python3.12/site-packages/airflow/example_dags/example_latest_only.py
[2025-08-07T17:45:22.607+0000] {logging_mixin.py:190} INFO - [2025-08-07T17:45:22.606+0000] {dag.py:3239} INFO - Sync 1 DAGs
[2025-08-07T17:45:22.656+0000] {logging_mixin.py:190} INFO - [2025-08-07T17:45:22.656+0000] {dag.py:4180} INFO - Setting next_dagrun for latest_only to 2025-08-07 12:00:00+00:00, run_after=2025-08-07 16:00:00+00:00
[2025-08-07T17:45:22.700+0000] {processor.py:208} INFO - Processing /home/airflow/.local/lib/python3.12/site-packages/airflow/example_dags/example_latest_only.py took 0.162 seconds
[2025-08-07T17:45:53.528+0000] {processor.py:186} INFO - Started process (PID=3160) to work on /home/airflow/.local/lib/python3.12/site-packages/airflow/example_dags/example_latest_only.py
[2025-08-07T17:45:53.529+0000] {processor.py:914} INFO - Processing file /home/airflow/.local/lib/python3.12/site-packages/airflow/example_dags/example_latest_only.py for tasks to queue
[2025-08-07T17:45:53.530+0000] {logging_mixin.py:190} INFO - [2025-08-07T17:45:53.530+0000] {dagbag.py:588} INFO - Filling up the DagBag from /home/airflow/.local/lib/python3.12/site-packages/airflow/example_dags/example_latest_only.py
[2025-08-07T17:45:53.543+0000] {processor.py:925} INFO - DAG(s) 'latest_only' retrieved from /home/airflow/.local/lib/python3.12/site-packages/airflow/example_dags/example_latest_only.py
[2025-08-07T17:45:53.582+0000] {logging_mixin.py:190} INFO - [2025-08-07T17:45:53.582+0000] {dag.py:3239} INFO - Sync 1 DAGs
[2025-08-07T17:45:53.642+0000] {logging_mixin.py:190} INFO - [2025-08-07T17:45:53.642+0000] {dag.py:4180} INFO - Setting next_dagrun for latest_only to 2025-08-07 12:00:00+00:00, run_after=2025-08-07 16:00:00+00:00
[2025-08-07T17:45:53.687+0000] {processor.py:208} INFO - Processing /home/airflow/.local/lib/python3.12/site-packages/airflow/example_dags/example_latest_only.py took 0.169 seconds
[2025-08-07T17:46:24.585+0000] {processor.py:186} INFO - Started process (PID=3223) to work on /home/airflow/.local/lib/python3.12/site-packages/airflow/example_dags/example_latest_only.py
[2025-08-07T17:46:24.586+0000] {processor.py:914} INFO - Processing file /home/airflow/.local/lib/python3.12/site-packages/airflow/example_dags/example_latest_only.py for tasks to queue
[2025-08-07T17:46:24.588+0000] {logging_mixin.py:190} INFO - [2025-08-07T17:46:24.588+0000] {dagbag.py:588} INFO - Filling up the DagBag from /home/airflow/.local/lib/python3.12/site-packages/airflow/example_dags/example_latest_only.py
[2025-08-07T17:46:24.606+0000] {processor.py:925} INFO - DAG(s) 'latest_only' retrieved from /home/airflow/.local/lib/python3.12/site-packages/airflow/example_dags/example_latest_only.py
[2025-08-07T17:46:24.656+0000] {logging_mixin.py:190} INFO - [2025-08-07T17:46:24.656+0000] {dag.py:3239} INFO - Sync 1 DAGs
[2025-08-07T17:46:24.696+0000] {logging_mixin.py:190} INFO - [2025-08-07T17:46:24.696+0000] {dag.py:4180} INFO - Setting next_dagrun for latest_only to 2025-08-07 12:00:00+00:00, run_after=2025-08-07 16:00:00+00:00
[2025-08-07T17:46:24.734+0000] {processor.py:208} INFO - Processing /home/airflow/.local/lib/python3.12/site-packages/airflow/example_dags/example_latest_only.py took 0.161 seconds
[2025-08-07T17:46:55.664+0000] {processor.py:186} INFO - Started process (PID=3286) to work on /home/airflow/.local/lib/python3.12/site-packages/airflow/example_dags/example_latest_only.py
[2025-08-07T17:46:55.669+0000] {processor.py:914} INFO - Processing file /home/airflow/.local/lib/python3.12/site-packages/airflow/example_dags/example_latest_only.py for tasks to queue
[2025-08-07T17:46:55.671+0000] {logging_mixin.py:190} INFO - [2025-08-07T17:46:55.670+0000] {dagbag.py:588} INFO - Filling up the DagBag from /home/airflow/.local/lib/python3.12/site-packages/airflow/example_dags/example_latest_only.py
[2025-08-07T17:46:55.684+0000] {processor.py:925} INFO - DAG(s) 'latest_only' retrieved from /home/airflow/.local/lib/python3.12/site-packages/airflow/example_dags/example_latest_only.py
[2025-08-07T17:46:55.723+0000] {logging_mixin.py:190} INFO - [2025-08-07T17:46:55.722+0000] {dag.py:3239} INFO - Sync 1 DAGs
[2025-08-07T17:46:55.762+0000] {logging_mixin.py:190} INFO - [2025-08-07T17:46:55.762+0000] {dag.py:4180} INFO - Setting next_dagrun for latest_only to 2025-08-07 12:00:00+00:00, run_after=2025-08-07 16:00:00+00:00
[2025-08-07T17:46:55.810+0000] {processor.py:208} INFO - Processing /home/airflow/.local/lib/python3.12/site-packages/airflow/example_dags/example_latest_only.py took 0.155 seconds
[2025-08-07T17:47:26.544+0000] {processor.py:186} INFO - Started process (PID=3351) to work on /home/airflow/.local/lib/python3.12/site-packages/airflow/example_dags/example_latest_only.py
[2025-08-07T17:47:26.549+0000] {processor.py:914} INFO - Processing file /home/airflow/.local/lib/python3.12/site-packages/airflow/example_dags/example_latest_only.py for tasks to queue
[2025-08-07T17:47:26.551+0000] {logging_mixin.py:190} INFO - [2025-08-07T17:47:26.551+0000] {dagbag.py:588} INFO - Filling up the DagBag from /home/airflow/.local/lib/python3.12/site-packages/airflow/example_dags/example_latest_only.py
[2025-08-07T17:47:26.569+0000] {processor.py:925} INFO - DAG(s) 'latest_only' retrieved from /home/airflow/.local/lib/python3.12/site-packages/airflow/example_dags/example_latest_only.py
[2025-08-07T17:47:26.619+0000] {logging_mixin.py:190} INFO - [2025-08-07T17:47:26.619+0000] {dag.py:3239} INFO - Sync 1 DAGs
[2025-08-07T17:47:26.683+0000] {logging_mixin.py:190} INFO - [2025-08-07T17:47:26.683+0000] {dag.py:4180} INFO - Setting next_dagrun for latest_only to 2025-08-07 12:00:00+00:00, run_after=2025-08-07 16:00:00+00:00
[2025-08-07T17:47:26.749+0000] {processor.py:208} INFO - Processing /home/airflow/.local/lib/python3.12/site-packages/airflow/example_dags/example_latest_only.py took 0.221 seconds
[2025-08-07T17:47:57.137+0000] {processor.py:186} INFO - Started process (PID=3418) to work on /home/airflow/.local/lib/python3.12/site-packages/airflow/example_dags/example_latest_only.py
[2025-08-07T17:47:57.139+0000] {processor.py:914} INFO - Processing file /home/airflow/.local/lib/python3.12/site-packages/airflow/example_dags/example_latest_only.py for tasks to queue
[2025-08-07T17:47:57.140+0000] {logging_mixin.py:190} INFO - [2025-08-07T17:47:57.140+0000] {dagbag.py:588} INFO - Filling up the DagBag from /home/airflow/.local/lib/python3.12/site-packages/airflow/example_dags/example_latest_only.py
[2025-08-07T17:47:57.157+0000] {processor.py:925} INFO - DAG(s) 'latest_only' retrieved from /home/airflow/.local/lib/python3.12/site-packages/airflow/example_dags/example_latest_only.py
[2025-08-07T17:47:57.199+0000] {logging_mixin.py:190} INFO - [2025-08-07T17:47:57.199+0000] {dag.py:3239} INFO - Sync 1 DAGs
[2025-08-07T17:47:57.247+0000] {logging_mixin.py:190} INFO - [2025-08-07T17:47:57.242+0000] {dag.py:4180} INFO - Setting next_dagrun for latest_only to 2025-08-07 12:00:00+00:00, run_after=2025-08-07 16:00:00+00:00
[2025-08-07T17:47:57.282+0000] {processor.py:208} INFO - Processing /home/airflow/.local/lib/python3.12/site-packages/airflow/example_dags/example_latest_only.py took 0.155 seconds
[2025-08-07T17:48:27.560+0000] {processor.py:186} INFO - Started process (PID=3482) to work on /home/airflow/.local/lib/python3.12/site-packages/airflow/example_dags/example_latest_only.py
[2025-08-07T17:48:27.561+0000] {processor.py:914} INFO - Processing file /home/airflow/.local/lib/python3.12/site-packages/airflow/example_dags/example_latest_only.py for tasks to queue
[2025-08-07T17:48:27.563+0000] {logging_mixin.py:190} INFO - [2025-08-07T17:48:27.563+0000] {dagbag.py:588} INFO - Filling up the DagBag from /home/airflow/.local/lib/python3.12/site-packages/airflow/example_dags/example_latest_only.py
[2025-08-07T17:48:27.583+0000] {processor.py:925} INFO - DAG(s) 'latest_only' retrieved from /home/airflow/.local/lib/python3.12/site-packages/airflow/example_dags/example_latest_only.py
[2025-08-07T17:48:27.632+0000] {logging_mixin.py:190} INFO - [2025-08-07T17:48:27.632+0000] {dag.py:3239} INFO - Sync 1 DAGs
[2025-08-07T17:48:27.702+0000] {logging_mixin.py:190} INFO - [2025-08-07T17:48:27.702+0000] {dag.py:4180} INFO - Setting next_dagrun for latest_only to 2025-08-07 12:00:00+00:00, run_after=2025-08-07 16:00:00+00:00
[2025-08-07T17:48:27.751+0000] {processor.py:208} INFO - Processing /home/airflow/.local/lib/python3.12/site-packages/airflow/example_dags/example_latest_only.py took 0.209 seconds
[2025-08-07T17:48:57.880+0000] {processor.py:186} INFO - Started process (PID=3543) to work on /home/airflow/.local/lib/python3.12/site-packages/airflow/example_dags/example_latest_only.py
[2025-08-07T17:48:57.882+0000] {processor.py:914} INFO - Processing file /home/airflow/.local/lib/python3.12/site-packages/airflow/example_dags/example_latest_only.py for tasks to queue
[2025-08-07T17:48:57.884+0000] {logging_mixin.py:190} INFO - [2025-08-07T17:48:57.883+0000] {dagbag.py:588} INFO - Filling up the DagBag from /home/airflow/.local/lib/python3.12/site-packages/airflow/example_dags/example_latest_only.py
[2025-08-07T17:48:57.903+0000] {processor.py:925} INFO - DAG(s) 'latest_only' retrieved from /home/airflow/.local/lib/python3.12/site-packages/airflow/example_dags/example_latest_only.py
[2025-08-07T17:48:57.960+0000] {logging_mixin.py:190} INFO - [2025-08-07T17:48:57.960+0000] {dag.py:3239} INFO - Sync 1 DAGs
[2025-08-07T17:48:58.024+0000] {logging_mixin.py:190} INFO - [2025-08-07T17:48:58.024+0000] {dag.py:4180} INFO - Setting next_dagrun for latest_only to 2025-08-07 12:00:00+00:00, run_after=2025-08-07 16:00:00+00:00
[2025-08-07T17:48:58.080+0000] {processor.py:208} INFO - Processing /home/airflow/.local/lib/python3.12/site-packages/airflow/example_dags/example_latest_only.py took 0.215 seconds
[2025-08-07T17:49:28.866+0000] {processor.py:186} INFO - Started process (PID=3605) to work on /home/airflow/.local/lib/python3.12/site-packages/airflow/example_dags/example_latest_only.py
[2025-08-07T17:49:28.872+0000] {processor.py:914} INFO - Processing file /home/airflow/.local/lib/python3.12/site-packages/airflow/example_dags/example_latest_only.py for tasks to queue
[2025-08-07T17:49:28.874+0000] {logging_mixin.py:190} INFO - [2025-08-07T17:49:28.874+0000] {dagbag.py:588} INFO - Filling up the DagBag from /home/airflow/.local/lib/python3.12/site-packages/airflow/example_dags/example_latest_only.py
[2025-08-07T17:49:28.894+0000] {processor.py:925} INFO - DAG(s) 'latest_only' retrieved from /home/airflow/.local/lib/python3.12/site-packages/airflow/example_dags/example_latest_only.py
[2025-08-07T17:49:28.935+0000] {logging_mixin.py:190} INFO - [2025-08-07T17:49:28.935+0000] {dag.py:3239} INFO - Sync 1 DAGs
[2025-08-07T17:49:29.004+0000] {logging_mixin.py:190} INFO - [2025-08-07T17:49:29.004+0000] {dag.py:4180} INFO - Setting next_dagrun for latest_only to 2025-08-07 12:00:00+00:00, run_after=2025-08-07 16:00:00+00:00
[2025-08-07T17:49:29.062+0000] {processor.py:208} INFO - Processing /home/airflow/.local/lib/python3.12/site-packages/airflow/example_dags/example_latest_only.py took 0.207 seconds
[2025-08-07T17:49:53.425+0000] {processor.py:186} INFO - Started process (PID=3670) to work on /home/airflow/.local/lib/python3.12/site-packages/airflow/example_dags/example_latest_only.py
[2025-08-07T17:49:53.432+0000] {processor.py:914} INFO - Processing file /home/airflow/.local/lib/python3.12/site-packages/airflow/example_dags/example_latest_only.py for tasks to queue
[2025-08-07T17:49:53.434+0000] {logging_mixin.py:190} INFO - [2025-08-07T17:49:53.433+0000] {dagbag.py:588} INFO - Filling up the DagBag from /home/airflow/.local/lib/python3.12/site-packages/airflow/example_dags/example_latest_only.py
[2025-08-07T17:49:53.452+0000] {processor.py:925} INFO - DAG(s) 'latest_only' retrieved from /home/airflow/.local/lib/python3.12/site-packages/airflow/example_dags/example_latest_only.py
[2025-08-07T17:49:53.495+0000] {logging_mixin.py:190} INFO - [2025-08-07T17:49:53.494+0000] {dag.py:3239} INFO - Sync 1 DAGs
[2025-08-07T17:49:53.551+0000] {logging_mixin.py:190} INFO - [2025-08-07T17:49:53.550+0000] {dag.py:4180} INFO - Setting next_dagrun for latest_only to 2025-08-07 12:00:00+00:00, run_after=2025-08-07 16:00:00+00:00
[2025-08-07T17:49:53.592+0000] {processor.py:208} INFO - Processing /home/airflow/.local/lib/python3.12/site-packages/airflow/example_dags/example_latest_only.py took 0.179 seconds
[2025-08-07T17:50:06.547+0000] {processor.py:186} INFO - Started process (PID=3729) to work on /home/airflow/.local/lib/python3.12/site-packages/airflow/example_dags/example_latest_only.py
[2025-08-07T17:50:06.548+0000] {processor.py:914} INFO - Processing file /home/airflow/.local/lib/python3.12/site-packages/airflow/example_dags/example_latest_only.py for tasks to queue
[2025-08-07T17:50:06.550+0000] {logging_mixin.py:190} INFO - [2025-08-07T17:50:06.550+0000] {dagbag.py:588} INFO - Filling up the DagBag from /home/airflow/.local/lib/python3.12/site-packages/airflow/example_dags/example_latest_only.py
[2025-08-07T17:50:06.570+0000] {processor.py:925} INFO - DAG(s) 'latest_only' retrieved from /home/airflow/.local/lib/python3.12/site-packages/airflow/example_dags/example_latest_only.py
[2025-08-07T17:50:06.627+0000] {logging_mixin.py:190} INFO - [2025-08-07T17:50:06.627+0000] {dag.py:3239} INFO - Sync 1 DAGs
[2025-08-07T17:50:06.685+0000] {logging_mixin.py:190} INFO - [2025-08-07T17:50:06.685+0000] {dag.py:4180} INFO - Setting next_dagrun for latest_only to 2025-08-07 12:00:00+00:00, run_after=2025-08-07 16:00:00+00:00
[2025-08-07T17:50:06.739+0000] {processor.py:208} INFO - Processing /home/airflow/.local/lib/python3.12/site-packages/airflow/example_dags/example_latest_only.py took 0.204 seconds
[2025-08-07T17:50:37.653+0000] {processor.py:186} INFO - Started process (PID=3794) to work on /home/airflow/.local/lib/python3.12/site-packages/airflow/example_dags/example_latest_only.py
[2025-08-07T17:50:37.655+0000] {processor.py:914} INFO - Processing file /home/airflow/.local/lib/python3.12/site-packages/airflow/example_dags/example_latest_only.py for tasks to queue
[2025-08-07T17:50:37.656+0000] {logging_mixin.py:190} INFO - [2025-08-07T17:50:37.656+0000] {dagbag.py:588} INFO - Filling up the DagBag from /home/airflow/.local/lib/python3.12/site-packages/airflow/example_dags/example_latest_only.py
[2025-08-07T17:50:37.676+0000] {processor.py:925} INFO - DAG(s) 'latest_only' retrieved from /home/airflow/.local/lib/python3.12/site-packages/airflow/example_dags/example_latest_only.py
[2025-08-07T17:50:37.725+0000] {logging_mixin.py:190} INFO - [2025-08-07T17:50:37.725+0000] {dag.py:3239} INFO - Sync 1 DAGs
[2025-08-07T17:50:37.775+0000] {logging_mixin.py:190} INFO - [2025-08-07T17:50:37.775+0000] {dag.py:4180} INFO - Setting next_dagrun for latest_only to 2025-08-07 12:00:00+00:00, run_after=2025-08-07 16:00:00+00:00
[2025-08-07T17:50:37.815+0000] {processor.py:208} INFO - Processing /home/airflow/.local/lib/python3.12/site-packages/airflow/example_dags/example_latest_only.py took 0.173 seconds
[2025-08-07T17:51:10.059+0000] {processor.py:186} INFO - Started process (PID=3860) to work on /home/airflow/.local/lib/python3.12/site-packages/airflow/example_dags/example_latest_only.py
[2025-08-07T17:51:10.065+0000] {processor.py:914} INFO - Processing file /home/airflow/.local/lib/python3.12/site-packages/airflow/example_dags/example_latest_only.py for tasks to queue
[2025-08-07T17:51:10.066+0000] {logging_mixin.py:190} INFO - [2025-08-07T17:51:10.066+0000] {dagbag.py:588} INFO - Filling up the DagBag from /home/airflow/.local/lib/python3.12/site-packages/airflow/example_dags/example_latest_only.py
[2025-08-07T17:51:10.086+0000] {processor.py:925} INFO - DAG(s) 'latest_only' retrieved from /home/airflow/.local/lib/python3.12/site-packages/airflow/example_dags/example_latest_only.py
[2025-08-07T17:51:10.135+0000] {logging_mixin.py:190} INFO - [2025-08-07T17:51:10.135+0000] {dag.py:3239} INFO - Sync 1 DAGs
[2025-08-07T17:51:10.196+0000] {logging_mixin.py:190} INFO - [2025-08-07T17:51:10.195+0000] {dag.py:4180} INFO - Setting next_dagrun for latest_only to 2025-08-07 12:00:00+00:00, run_after=2025-08-07 16:00:00+00:00
[2025-08-07T17:51:10.236+0000] {processor.py:208} INFO - Processing /home/airflow/.local/lib/python3.12/site-packages/airflow/example_dags/example_latest_only.py took 0.188 seconds
[2025-08-07T17:51:42.719+0000] {processor.py:186} INFO - Started process (PID=3926) to work on /home/airflow/.local/lib/python3.12/site-packages/airflow/example_dags/example_latest_only.py
[2025-08-07T17:51:42.720+0000] {processor.py:914} INFO - Processing file /home/airflow/.local/lib/python3.12/site-packages/airflow/example_dags/example_latest_only.py for tasks to queue
[2025-08-07T17:51:42.722+0000] {logging_mixin.py:190} INFO - [2025-08-07T17:51:42.722+0000] {dagbag.py:588} INFO - Filling up the DagBag from /home/airflow/.local/lib/python3.12/site-packages/airflow/example_dags/example_latest_only.py
[2025-08-07T17:51:42.751+0000] {processor.py:925} INFO - DAG(s) 'latest_only' retrieved from /home/airflow/.local/lib/python3.12/site-packages/airflow/example_dags/example_latest_only.py
[2025-08-07T17:51:42.810+0000] {logging_mixin.py:190} INFO - [2025-08-07T17:51:42.810+0000] {dag.py:3239} INFO - Sync 1 DAGs
[2025-08-07T17:51:42.890+0000] {logging_mixin.py:190} INFO - [2025-08-07T17:51:42.890+0000] {dag.py:4180} INFO - Setting next_dagrun for latest_only to 2025-08-07 12:00:00+00:00, run_after=2025-08-07 16:00:00+00:00
[2025-08-07T17:51:42.950+0000] {processor.py:208} INFO - Processing /home/airflow/.local/lib/python3.12/site-packages/airflow/example_dags/example_latest_only.py took 0.251 seconds
[2025-08-07T17:52:11.405+0000] {processor.py:186} INFO - Started process (PID=3995) to work on /home/airflow/.local/lib/python3.12/site-packages/airflow/example_dags/example_latest_only.py
[2025-08-07T17:52:11.406+0000] {processor.py:914} INFO - Processing file /home/airflow/.local/lib/python3.12/site-packages/airflow/example_dags/example_latest_only.py for tasks to queue
[2025-08-07T17:52:11.413+0000] {logging_mixin.py:190} INFO - [2025-08-07T17:52:11.413+0000] {dagbag.py:588} INFO - Filling up the DagBag from /home/airflow/.local/lib/python3.12/site-packages/airflow/example_dags/example_latest_only.py
[2025-08-07T17:52:11.433+0000] {processor.py:925} INFO - DAG(s) 'latest_only' retrieved from /home/airflow/.local/lib/python3.12/site-packages/airflow/example_dags/example_latest_only.py
[2025-08-07T17:52:11.494+0000] {logging_mixin.py:190} INFO - [2025-08-07T17:52:11.493+0000] {dag.py:3239} INFO - Sync 1 DAGs
[2025-08-07T17:52:11.565+0000] {logging_mixin.py:190} INFO - [2025-08-07T17:52:11.565+0000] {dag.py:4180} INFO - Setting next_dagrun for latest_only to 2025-08-07 12:00:00+00:00, run_after=2025-08-07 16:00:00+00:00
[2025-08-07T17:52:11.626+0000] {processor.py:208} INFO - Processing /home/airflow/.local/lib/python3.12/site-packages/airflow/example_dags/example_latest_only.py took 0.233 seconds
[2025-08-07T17:52:31.828+0000] {processor.py:186} INFO - Started process (PID=4058) to work on /home/airflow/.local/lib/python3.12/site-packages/airflow/example_dags/example_latest_only.py
[2025-08-07T17:52:31.830+0000] {processor.py:914} INFO - Processing file /home/airflow/.local/lib/python3.12/site-packages/airflow/example_dags/example_latest_only.py for tasks to queue
[2025-08-07T17:52:31.831+0000] {logging_mixin.py:190} INFO - [2025-08-07T17:52:31.831+0000] {dagbag.py:588} INFO - Filling up the DagBag from /home/airflow/.local/lib/python3.12/site-packages/airflow/example_dags/example_latest_only.py
[2025-08-07T17:52:31.849+0000] {processor.py:925} INFO - DAG(s) 'latest_only' retrieved from /home/airflow/.local/lib/python3.12/site-packages/airflow/example_dags/example_latest_only.py
[2025-08-07T17:52:31.892+0000] {logging_mixin.py:190} INFO - [2025-08-07T17:52:31.891+0000] {dag.py:3239} INFO - Sync 1 DAGs
[2025-08-07T17:52:31.953+0000] {logging_mixin.py:190} INFO - [2025-08-07T17:52:31.953+0000] {dag.py:4180} INFO - Setting next_dagrun for latest_only to 2025-08-07 12:00:00+00:00, run_after=2025-08-07 16:00:00+00:00
[2025-08-07T17:52:32.011+0000] {processor.py:208} INFO - Processing /home/airflow/.local/lib/python3.12/site-packages/airflow/example_dags/example_latest_only.py took 0.199 seconds
[2025-08-07T17:53:04.689+0000] {processor.py:186} INFO - Started process (PID=4122) to work on /home/airflow/.local/lib/python3.12/site-packages/airflow/example_dags/example_latest_only.py
[2025-08-07T17:53:04.695+0000] {processor.py:914} INFO - Processing file /home/airflow/.local/lib/python3.12/site-packages/airflow/example_dags/example_latest_only.py for tasks to queue
[2025-08-07T17:53:04.697+0000] {logging_mixin.py:190} INFO - [2025-08-07T17:53:04.697+0000] {dagbag.py:588} INFO - Filling up the DagBag from /home/airflow/.local/lib/python3.12/site-packages/airflow/example_dags/example_latest_only.py
[2025-08-07T17:53:04.736+0000] {processor.py:925} INFO - DAG(s) 'latest_only' retrieved from /home/airflow/.local/lib/python3.12/site-packages/airflow/example_dags/example_latest_only.py
[2025-08-07T17:53:04.829+0000] {logging_mixin.py:190} INFO - [2025-08-07T17:53:04.828+0000] {dag.py:3239} INFO - Sync 1 DAGs
[2025-08-07T17:53:04.905+0000] {logging_mixin.py:190} INFO - [2025-08-07T17:53:04.904+0000] {dag.py:4180} INFO - Setting next_dagrun for latest_only to 2025-08-07 12:00:00+00:00, run_after=2025-08-07 16:00:00+00:00
[2025-08-07T17:53:04.955+0000] {processor.py:208} INFO - Processing /home/airflow/.local/lib/python3.12/site-packages/airflow/example_dags/example_latest_only.py took 0.279 seconds
[2025-08-07T17:53:33.267+0000] {processor.py:186} INFO - Started process (PID=4186) to work on /home/airflow/.local/lib/python3.12/site-packages/airflow/example_dags/example_latest_only.py
[2025-08-07T17:53:33.268+0000] {processor.py:914} INFO - Processing file /home/airflow/.local/lib/python3.12/site-packages/airflow/example_dags/example_latest_only.py for tasks to queue
[2025-08-07T17:53:33.270+0000] {logging_mixin.py:190} INFO - [2025-08-07T17:53:33.269+0000] {dagbag.py:588} INFO - Filling up the DagBag from /home/airflow/.local/lib/python3.12/site-packages/airflow/example_dags/example_latest_only.py
[2025-08-07T17:53:33.289+0000] {processor.py:925} INFO - DAG(s) 'latest_only' retrieved from /home/airflow/.local/lib/python3.12/site-packages/airflow/example_dags/example_latest_only.py
[2025-08-07T17:53:33.340+0000] {logging_mixin.py:190} INFO - [2025-08-07T17:53:33.340+0000] {dag.py:3239} INFO - Sync 1 DAGs
[2025-08-07T17:53:33.418+0000] {logging_mixin.py:190} INFO - [2025-08-07T17:53:33.417+0000] {dag.py:4180} INFO - Setting next_dagrun for latest_only to 2025-08-07 12:00:00+00:00, run_after=2025-08-07 16:00:00+00:00
[2025-08-07T17:53:33.468+0000] {processor.py:208} INFO - Processing /home/airflow/.local/lib/python3.12/site-packages/airflow/example_dags/example_latest_only.py took 0.230 seconds
[2025-08-07T17:53:48.564+0000] {processor.py:186} INFO - Started process (PID=4250) to work on /home/airflow/.local/lib/python3.12/site-packages/airflow/example_dags/example_latest_only.py
[2025-08-07T17:53:48.570+0000] {processor.py:914} INFO - Processing file /home/airflow/.local/lib/python3.12/site-packages/airflow/example_dags/example_latest_only.py for tasks to queue
[2025-08-07T17:53:48.572+0000] {logging_mixin.py:190} INFO - [2025-08-07T17:53:48.572+0000] {dagbag.py:588} INFO - Filling up the DagBag from /home/airflow/.local/lib/python3.12/site-packages/airflow/example_dags/example_latest_only.py
[2025-08-07T17:53:48.591+0000] {processor.py:925} INFO - DAG(s) 'latest_only' retrieved from /home/airflow/.local/lib/python3.12/site-packages/airflow/example_dags/example_latest_only.py
[2025-08-07T17:53:48.634+0000] {logging_mixin.py:190} INFO - [2025-08-07T17:53:48.634+0000] {dag.py:3239} INFO - Sync 1 DAGs
[2025-08-07T17:53:48.701+0000] {logging_mixin.py:190} INFO - [2025-08-07T17:53:48.701+0000] {dag.py:4180} INFO - Setting next_dagrun for latest_only to 2025-08-07 12:00:00+00:00, run_after=2025-08-07 16:00:00+00:00
[2025-08-07T17:53:48.780+0000] {processor.py:208} INFO - Processing /home/airflow/.local/lib/python3.12/site-packages/airflow/example_dags/example_latest_only.py took 0.228 seconds
[2025-08-07T17:54:02.963+0000] {processor.py:186} INFO - Started process (PID=4310) to work on /home/airflow/.local/lib/python3.12/site-packages/airflow/example_dags/example_latest_only.py
[2025-08-07T17:54:02.969+0000] {processor.py:914} INFO - Processing file /home/airflow/.local/lib/python3.12/site-packages/airflow/example_dags/example_latest_only.py for tasks to queue
[2025-08-07T17:54:02.971+0000] {logging_mixin.py:190} INFO - [2025-08-07T17:54:02.971+0000] {dagbag.py:588} INFO - Filling up the DagBag from /home/airflow/.local/lib/python3.12/site-packages/airflow/example_dags/example_latest_only.py
[2025-08-07T17:54:02.991+0000] {processor.py:925} INFO - DAG(s) 'latest_only' retrieved from /home/airflow/.local/lib/python3.12/site-packages/airflow/example_dags/example_latest_only.py
[2025-08-07T17:54:03.042+0000] {logging_mixin.py:190} INFO - [2025-08-07T17:54:03.042+0000] {dag.py:3239} INFO - Sync 1 DAGs
[2025-08-07T17:54:03.101+0000] {logging_mixin.py:190} INFO - [2025-08-07T17:54:03.101+0000] {dag.py:4180} INFO - Setting next_dagrun for latest_only to 2025-08-07 12:00:00+00:00, run_after=2025-08-07 16:00:00+00:00
[2025-08-07T17:54:03.145+0000] {processor.py:208} INFO - Processing /home/airflow/.local/lib/python3.12/site-packages/airflow/example_dags/example_latest_only.py took 0.195 seconds
[2025-08-07T17:54:34.994+0000] {processor.py:186} INFO - Started process (PID=4376) to work on /home/airflow/.local/lib/python3.12/site-packages/airflow/example_dags/example_latest_only.py
[2025-08-07T17:54:34.995+0000] {processor.py:914} INFO - Processing file /home/airflow/.local/lib/python3.12/site-packages/airflow/example_dags/example_latest_only.py for tasks to queue
[2025-08-07T17:54:35.002+0000] {logging_mixin.py:190} INFO - [2025-08-07T17:54:35.001+0000] {dagbag.py:588} INFO - Filling up the DagBag from /home/airflow/.local/lib/python3.12/site-packages/airflow/example_dags/example_latest_only.py
[2025-08-07T17:54:35.016+0000] {processor.py:925} INFO - DAG(s) 'latest_only' retrieved from /home/airflow/.local/lib/python3.12/site-packages/airflow/example_dags/example_latest_only.py
[2025-08-07T17:54:35.056+0000] {logging_mixin.py:190} INFO - [2025-08-07T17:54:35.056+0000] {dag.py:3239} INFO - Sync 1 DAGs
[2025-08-07T17:54:35.113+0000] {logging_mixin.py:190} INFO - [2025-08-07T17:54:35.112+0000] {dag.py:4180} INFO - Setting next_dagrun for latest_only to 2025-08-07 12:00:00+00:00, run_after=2025-08-07 16:00:00+00:00
[2025-08-07T17:54:35.156+0000] {processor.py:208} INFO - Processing /home/airflow/.local/lib/python3.12/site-packages/airflow/example_dags/example_latest_only.py took 0.174 seconds
[2025-08-07T17:55:08.012+0000] {processor.py:186} INFO - Started process (PID=4446) to work on /home/airflow/.local/lib/python3.12/site-packages/airflow/example_dags/example_latest_only.py
[2025-08-07T17:55:08.013+0000] {processor.py:914} INFO - Processing file /home/airflow/.local/lib/python3.12/site-packages/airflow/example_dags/example_latest_only.py for tasks to queue
[2025-08-07T17:55:08.015+0000] {logging_mixin.py:190} INFO - [2025-08-07T17:55:08.015+0000] {dagbag.py:588} INFO - Filling up the DagBag from /home/airflow/.local/lib/python3.12/site-packages/airflow/example_dags/example_latest_only.py
[2025-08-07T17:55:08.035+0000] {processor.py:925} INFO - DAG(s) 'latest_only' retrieved from /home/airflow/.local/lib/python3.12/site-packages/airflow/example_dags/example_latest_only.py
[2025-08-07T17:55:08.096+0000] {logging_mixin.py:190} INFO - [2025-08-07T17:55:08.086+0000] {dag.py:3239} INFO - Sync 1 DAGs
[2025-08-07T17:55:08.202+0000] {logging_mixin.py:190} INFO - [2025-08-07T17:55:08.201+0000] {dag.py:4180} INFO - Setting next_dagrun for latest_only to 2025-08-07 12:00:00+00:00, run_after=2025-08-07 16:00:00+00:00
[2025-08-07T17:55:08.355+0000] {processor.py:208} INFO - Processing /home/airflow/.local/lib/python3.12/site-packages/airflow/example_dags/example_latest_only.py took 0.361 seconds
