[2025-08-07T00:26:17.854+0000] {processor.py:186} INFO - Started process (PID=1022) to work on /home/airflow/.local/lib/python3.12/site-packages/airflow/example_dags/example_branch_day_of_week_operator.py
[2025-08-07T00:26:17.860+0000] {processor.py:914} INFO - Processing file /home/airflow/.local/lib/python3.12/site-packages/airflow/example_dags/example_branch_day_of_week_operator.py for tasks to queue
[2025-08-07T00:26:17.863+0000] {logging_mixin.py:190} INFO - [2025-08-07T00:26:17.863+0000] {dagbag.py:588} INFO - Filling up the DagBag from /home/airflow/.local/lib/python3.12/site-packages/airflow/example_dags/example_branch_day_of_week_operator.py
[2025-08-07T00:26:17.918+0000] {processor.py:925} INFO - DAG(s) 'example_weekday_branch_operator' retrieved from /home/airflow/.local/lib/python3.12/site-packages/airflow/example_dags/example_branch_day_of_week_operator.py
[2025-08-07T00:26:17.971+0000] {logging_mixin.py:190} INFO - [2025-08-07T00:26:17.970+0000] {dag.py:3239} INFO - Sync 1 DAGs
[2025-08-07T00:26:18.071+0000] {logging_mixin.py:190} INFO - [2025-08-07T00:26:18.070+0000] {dag.py:4180} INFO - Setting next_dagrun for example_weekday_branch_operator to 2025-08-06 00:00:00+00:00, run_after=2025-08-07 00:00:00+00:00
[2025-08-07T00:26:18.141+0000] {processor.py:208} INFO - Processing /home/airflow/.local/lib/python3.12/site-packages/airflow/example_dags/example_branch_day_of_week_operator.py took 0.294 seconds
[2025-08-07T11:29:42.764+0000] {processor.py:186} INFO - Started process (PID=1110) to work on /home/airflow/.local/lib/python3.12/site-packages/airflow/example_dags/example_branch_day_of_week_operator.py
[2025-08-07T11:29:42.768+0000] {processor.py:914} INFO - Processing file /home/airflow/.local/lib/python3.12/site-packages/airflow/example_dags/example_branch_day_of_week_operator.py for tasks to queue
[2025-08-07T11:29:42.770+0000] {logging_mixin.py:190} INFO - [2025-08-07T11:29:42.770+0000] {dagbag.py:588} INFO - Filling up the DagBag from /home/airflow/.local/lib/python3.12/site-packages/airflow/example_dags/example_branch_day_of_week_operator.py
[2025-08-07T11:29:42.803+0000] {processor.py:925} INFO - DAG(s) 'example_weekday_branch_operator' retrieved from /home/airflow/.local/lib/python3.12/site-packages/airflow/example_dags/example_branch_day_of_week_operator.py
[2025-08-07T11:29:42.855+0000] {logging_mixin.py:190} INFO - [2025-08-07T11:29:42.854+0000] {dag.py:3239} INFO - Sync 1 DAGs
[2025-08-07T11:29:42.921+0000] {logging_mixin.py:190} INFO - [2025-08-07T11:29:42.920+0000] {dag.py:4180} INFO - Setting next_dagrun for example_weekday_branch_operator to 2025-08-06 00:00:00+00:00, run_after=2025-08-07 00:00:00+00:00
[2025-08-07T11:29:42.967+0000] {processor.py:208} INFO - Processing /home/airflow/.local/lib/python3.12/site-packages/airflow/example_dags/example_branch_day_of_week_operator.py took 0.218 seconds
[2025-08-07T17:21:42.980+0000] {processor.py:186} INFO - Started process (PID=1188) to work on /home/airflow/.local/lib/python3.12/site-packages/airflow/example_dags/example_branch_day_of_week_operator.py
[2025-08-07T17:21:42.987+0000] {processor.py:914} INFO - Processing file /home/airflow/.local/lib/python3.12/site-packages/airflow/example_dags/example_branch_day_of_week_operator.py for tasks to queue
[2025-08-07T17:21:42.996+0000] {logging_mixin.py:190} INFO - [2025-08-07T17:21:42.995+0000] {dagbag.py:588} INFO - Filling up the DagBag from /home/airflow/.local/lib/python3.12/site-packages/airflow/example_dags/example_branch_day_of_week_operator.py
[2025-08-07T17:21:43.011+0000] {processor.py:925} INFO - DAG(s) 'example_weekday_branch_operator' retrieved from /home/airflow/.local/lib/python3.12/site-packages/airflow/example_dags/example_branch_day_of_week_operator.py
[2025-08-07T17:21:43.051+0000] {logging_mixin.py:190} INFO - [2025-08-07T17:21:43.051+0000] {dag.py:3239} INFO - Sync 1 DAGs
[2025-08-07T17:21:43.109+0000] {logging_mixin.py:190} INFO - [2025-08-07T17:21:43.108+0000] {dag.py:4180} INFO - Setting next_dagrun for example_weekday_branch_operator to 2025-08-06 00:00:00+00:00, run_after=2025-08-07 00:00:00+00:00
[2025-08-07T17:21:43.157+0000] {processor.py:208} INFO - Processing /home/airflow/.local/lib/python3.12/site-packages/airflow/example_dags/example_branch_day_of_week_operator.py took 0.186 seconds
[2025-08-07T17:22:14.368+0000] {processor.py:186} INFO - Started process (PID=1254) to work on /home/airflow/.local/lib/python3.12/site-packages/airflow/example_dags/example_branch_day_of_week_operator.py
[2025-08-07T17:22:14.369+0000] {processor.py:914} INFO - Processing file /home/airflow/.local/lib/python3.12/site-packages/airflow/example_dags/example_branch_day_of_week_operator.py for tasks to queue
[2025-08-07T17:22:14.371+0000] {logging_mixin.py:190} INFO - [2025-08-07T17:22:14.370+0000] {dagbag.py:588} INFO - Filling up the DagBag from /home/airflow/.local/lib/python3.12/site-packages/airflow/example_dags/example_branch_day_of_week_operator.py
[2025-08-07T17:22:14.398+0000] {processor.py:925} INFO - DAG(s) 'example_weekday_branch_operator' retrieved from /home/airflow/.local/lib/python3.12/site-packages/airflow/example_dags/example_branch_day_of_week_operator.py
[2025-08-07T17:22:14.432+0000] {logging_mixin.py:190} INFO - [2025-08-07T17:22:14.431+0000] {dag.py:3239} INFO - Sync 1 DAGs
[2025-08-07T17:22:14.477+0000] {logging_mixin.py:190} INFO - [2025-08-07T17:22:14.477+0000] {dag.py:4180} INFO - Setting next_dagrun for example_weekday_branch_operator to 2025-08-06 00:00:00+00:00, run_after=2025-08-07 00:00:00+00:00
[2025-08-07T17:22:14.502+0000] {processor.py:208} INFO - Processing /home/airflow/.local/lib/python3.12/site-packages/airflow/example_dags/example_branch_day_of_week_operator.py took 0.141 seconds
[2025-08-07T17:22:45.509+0000] {processor.py:186} INFO - Started process (PID=1320) to work on /home/airflow/.local/lib/python3.12/site-packages/airflow/example_dags/example_branch_day_of_week_operator.py
[2025-08-07T17:22:45.510+0000] {processor.py:914} INFO - Processing file /home/airflow/.local/lib/python3.12/site-packages/airflow/example_dags/example_branch_day_of_week_operator.py for tasks to queue
[2025-08-07T17:22:45.512+0000] {logging_mixin.py:190} INFO - [2025-08-07T17:22:45.511+0000] {dagbag.py:588} INFO - Filling up the DagBag from /home/airflow/.local/lib/python3.12/site-packages/airflow/example_dags/example_branch_day_of_week_operator.py
[2025-08-07T17:22:45.525+0000] {processor.py:925} INFO - DAG(s) 'example_weekday_branch_operator' retrieved from /home/airflow/.local/lib/python3.12/site-packages/airflow/example_dags/example_branch_day_of_week_operator.py
[2025-08-07T17:22:45.553+0000] {logging_mixin.py:190} INFO - [2025-08-07T17:22:45.553+0000] {dag.py:3239} INFO - Sync 1 DAGs
[2025-08-07T17:22:45.597+0000] {logging_mixin.py:190} INFO - [2025-08-07T17:22:45.597+0000] {dag.py:4180} INFO - Setting next_dagrun for example_weekday_branch_operator to 2025-08-06 00:00:00+00:00, run_after=2025-08-07 00:00:00+00:00
[2025-08-07T17:22:45.631+0000] {processor.py:208} INFO - Processing /home/airflow/.local/lib/python3.12/site-packages/airflow/example_dags/example_branch_day_of_week_operator.py took 0.130 seconds
[2025-08-07T17:22:05.846+0000] {processor.py:186} INFO - Started process (PID=1386) to work on /home/airflow/.local/lib/python3.12/site-packages/airflow/example_dags/example_branch_day_of_week_operator.py
[2025-08-07T17:22:05.847+0000] {processor.py:914} INFO - Processing file /home/airflow/.local/lib/python3.12/site-packages/airflow/example_dags/example_branch_day_of_week_operator.py for tasks to queue
[2025-08-07T17:22:05.849+0000] {logging_mixin.py:190} INFO - [2025-08-07T17:22:05.848+0000] {dagbag.py:588} INFO - Filling up the DagBag from /home/airflow/.local/lib/python3.12/site-packages/airflow/example_dags/example_branch_day_of_week_operator.py
[2025-08-07T17:22:05.862+0000] {processor.py:925} INFO - DAG(s) 'example_weekday_branch_operator' retrieved from /home/airflow/.local/lib/python3.12/site-packages/airflow/example_dags/example_branch_day_of_week_operator.py
[2025-08-07T17:22:05.883+0000] {logging_mixin.py:190} INFO - [2025-08-07T17:22:05.883+0000] {dag.py:3239} INFO - Sync 1 DAGs
[2025-08-07T17:22:05.915+0000] {logging_mixin.py:190} INFO - [2025-08-07T17:22:05.915+0000] {dag.py:4180} INFO - Setting next_dagrun for example_weekday_branch_operator to 2025-08-06 00:00:00+00:00, run_after=2025-08-07 00:00:00+00:00
[2025-08-07T17:22:05.943+0000] {processor.py:208} INFO - Processing /home/airflow/.local/lib/python3.12/site-packages/airflow/example_dags/example_branch_day_of_week_operator.py took 0.104 seconds
[2025-08-07T17:22:36.966+0000] {processor.py:186} INFO - Started process (PID=1417) to work on /home/airflow/.local/lib/python3.12/site-packages/airflow/example_dags/example_branch_day_of_week_operator.py
[2025-08-07T17:22:36.968+0000] {processor.py:914} INFO - Processing file /home/airflow/.local/lib/python3.12/site-packages/airflow/example_dags/example_branch_day_of_week_operator.py for tasks to queue
[2025-08-07T17:22:36.970+0000] {logging_mixin.py:190} INFO - [2025-08-07T17:22:36.969+0000] {dagbag.py:588} INFO - Filling up the DagBag from /home/airflow/.local/lib/python3.12/site-packages/airflow/example_dags/example_branch_day_of_week_operator.py
[2025-08-07T17:22:36.980+0000] {processor.py:925} INFO - DAG(s) 'example_weekday_branch_operator' retrieved from /home/airflow/.local/lib/python3.12/site-packages/airflow/example_dags/example_branch_day_of_week_operator.py
[2025-08-07T17:22:37.002+0000] {logging_mixin.py:190} INFO - [2025-08-07T17:22:37.002+0000] {dag.py:3239} INFO - Sync 1 DAGs
[2025-08-07T17:22:37.030+0000] {logging_mixin.py:190} INFO - [2025-08-07T17:22:37.030+0000] {dag.py:4180} INFO - Setting next_dagrun for example_weekday_branch_operator to 2025-08-06 00:00:00+00:00, run_after=2025-08-07 00:00:00+00:00
[2025-08-07T17:22:37.057+0000] {processor.py:208} INFO - Processing /home/airflow/.local/lib/python3.12/site-packages/airflow/example_dags/example_branch_day_of_week_operator.py took 0.097 seconds
[2025-08-07T17:23:08.635+0000] {processor.py:186} INFO - Started process (PID=1448) to work on /home/airflow/.local/lib/python3.12/site-packages/airflow/example_dags/example_branch_day_of_week_operator.py
[2025-08-07T17:23:08.638+0000] {processor.py:914} INFO - Processing file /home/airflow/.local/lib/python3.12/site-packages/airflow/example_dags/example_branch_day_of_week_operator.py for tasks to queue
[2025-08-07T17:23:08.640+0000] {logging_mixin.py:190} INFO - [2025-08-07T17:23:08.639+0000] {dagbag.py:588} INFO - Filling up the DagBag from /home/airflow/.local/lib/python3.12/site-packages/airflow/example_dags/example_branch_day_of_week_operator.py
[2025-08-07T17:23:08.652+0000] {processor.py:925} INFO - DAG(s) 'example_weekday_branch_operator' retrieved from /home/airflow/.local/lib/python3.12/site-packages/airflow/example_dags/example_branch_day_of_week_operator.py
[2025-08-07T17:23:08.675+0000] {logging_mixin.py:190} INFO - [2025-08-07T17:23:08.675+0000] {dag.py:3239} INFO - Sync 1 DAGs
[2025-08-07T17:23:08.705+0000] {logging_mixin.py:190} INFO - [2025-08-07T17:23:08.704+0000] {dag.py:4180} INFO - Setting next_dagrun for example_weekday_branch_operator to 2025-08-06 00:00:00+00:00, run_after=2025-08-07 00:00:00+00:00
[2025-08-07T17:23:08.726+0000] {processor.py:208} INFO - Processing /home/airflow/.local/lib/python3.12/site-packages/airflow/example_dags/example_branch_day_of_week_operator.py took 0.097 seconds
[2025-08-07T17:23:16.499+0000] {processor.py:186} INFO - Started process (PID=1484) to work on /home/airflow/.local/lib/python3.12/site-packages/airflow/example_dags/example_branch_day_of_week_operator.py
[2025-08-07T17:23:16.500+0000] {processor.py:914} INFO - Processing file /home/airflow/.local/lib/python3.12/site-packages/airflow/example_dags/example_branch_day_of_week_operator.py for tasks to queue
[2025-08-07T17:23:16.502+0000] {logging_mixin.py:190} INFO - [2025-08-07T17:23:16.501+0000] {dagbag.py:588} INFO - Filling up the DagBag from /home/airflow/.local/lib/python3.12/site-packages/airflow/example_dags/example_branch_day_of_week_operator.py
[2025-08-07T17:23:16.515+0000] {processor.py:925} INFO - DAG(s) 'example_weekday_branch_operator' retrieved from /home/airflow/.local/lib/python3.12/site-packages/airflow/example_dags/example_branch_day_of_week_operator.py
[2025-08-07T17:23:16.536+0000] {logging_mixin.py:190} INFO - [2025-08-07T17:23:16.535+0000] {dag.py:3239} INFO - Sync 1 DAGs
[2025-08-07T17:23:16.564+0000] {logging_mixin.py:190} INFO - [2025-08-07T17:23:16.564+0000] {dag.py:4180} INFO - Setting next_dagrun for example_weekday_branch_operator to 2025-08-06 00:00:00+00:00, run_after=2025-08-07 00:00:00+00:00
[2025-08-07T17:23:16.587+0000] {processor.py:208} INFO - Processing /home/airflow/.local/lib/python3.12/site-packages/airflow/example_dags/example_branch_day_of_week_operator.py took 0.096 seconds
[2025-08-07T17:23:46.449+0000] {processor.py:186} INFO - Started process (PID=1550) to work on /home/airflow/.local/lib/python3.12/site-packages/airflow/example_dags/example_branch_day_of_week_operator.py
[2025-08-07T17:23:46.451+0000] {processor.py:914} INFO - Processing file /home/airflow/.local/lib/python3.12/site-packages/airflow/example_dags/example_branch_day_of_week_operator.py for tasks to queue
[2025-08-07T17:23:46.453+0000] {logging_mixin.py:190} INFO - [2025-08-07T17:23:46.453+0000] {dagbag.py:588} INFO - Filling up the DagBag from /home/airflow/.local/lib/python3.12/site-packages/airflow/example_dags/example_branch_day_of_week_operator.py
[2025-08-07T17:23:46.464+0000] {processor.py:925} INFO - DAG(s) 'example_weekday_branch_operator' retrieved from /home/airflow/.local/lib/python3.12/site-packages/airflow/example_dags/example_branch_day_of_week_operator.py
[2025-08-07T17:23:46.491+0000] {logging_mixin.py:190} INFO - [2025-08-07T17:23:46.491+0000] {dag.py:3239} INFO - Sync 1 DAGs
[2025-08-07T17:23:46.525+0000] {logging_mixin.py:190} INFO - [2025-08-07T17:23:46.525+0000] {dag.py:4180} INFO - Setting next_dagrun for example_weekday_branch_operator to 2025-08-06 00:00:00+00:00, run_after=2025-08-07 00:00:00+00:00
[2025-08-07T17:23:46.554+0000] {processor.py:208} INFO - Processing /home/airflow/.local/lib/python3.12/site-packages/airflow/example_dags/example_branch_day_of_week_operator.py took 0.111 seconds
[2025-08-07T17:24:01.410+0000] {processor.py:186} INFO - Started process (PID=1608) to work on /home/airflow/.local/lib/python3.12/site-packages/airflow/example_dags/example_branch_day_of_week_operator.py
[2025-08-07T17:24:01.411+0000] {processor.py:914} INFO - Processing file /home/airflow/.local/lib/python3.12/site-packages/airflow/example_dags/example_branch_day_of_week_operator.py for tasks to queue
[2025-08-07T17:24:01.413+0000] {logging_mixin.py:190} INFO - [2025-08-07T17:24:01.412+0000] {dagbag.py:588} INFO - Filling up the DagBag from /home/airflow/.local/lib/python3.12/site-packages/airflow/example_dags/example_branch_day_of_week_operator.py
[2025-08-07T17:24:01.423+0000] {processor.py:925} INFO - DAG(s) 'example_weekday_branch_operator' retrieved from /home/airflow/.local/lib/python3.12/site-packages/airflow/example_dags/example_branch_day_of_week_operator.py
[2025-08-07T17:24:01.447+0000] {logging_mixin.py:190} INFO - [2025-08-07T17:24:01.446+0000] {dag.py:3239} INFO - Sync 1 DAGs
[2025-08-07T17:24:01.475+0000] {logging_mixin.py:190} INFO - [2025-08-07T17:24:01.475+0000] {dag.py:4180} INFO - Setting next_dagrun for example_weekday_branch_operator to 2025-08-06 00:00:00+00:00, run_after=2025-08-07 00:00:00+00:00
[2025-08-07T17:24:01.501+0000] {processor.py:208} INFO - Processing /home/airflow/.local/lib/python3.12/site-packages/airflow/example_dags/example_branch_day_of_week_operator.py took 0.097 seconds
[2025-08-07T17:24:15.003+0000] {processor.py:186} INFO - Started process (PID=1674) to work on /home/airflow/.local/lib/python3.12/site-packages/airflow/example_dags/example_branch_day_of_week_operator.py
[2025-08-07T17:24:15.004+0000] {processor.py:914} INFO - Processing file /home/airflow/.local/lib/python3.12/site-packages/airflow/example_dags/example_branch_day_of_week_operator.py for tasks to queue
[2025-08-07T17:24:15.006+0000] {logging_mixin.py:190} INFO - [2025-08-07T17:24:15.005+0000] {dagbag.py:588} INFO - Filling up the DagBag from /home/airflow/.local/lib/python3.12/site-packages/airflow/example_dags/example_branch_day_of_week_operator.py
[2025-08-07T17:24:15.017+0000] {processor.py:925} INFO - DAG(s) 'example_weekday_branch_operator' retrieved from /home/airflow/.local/lib/python3.12/site-packages/airflow/example_dags/example_branch_day_of_week_operator.py
[2025-08-07T17:24:15.041+0000] {logging_mixin.py:190} INFO - [2025-08-07T17:24:15.041+0000] {dag.py:3239} INFO - Sync 1 DAGs
[2025-08-07T17:24:15.070+0000] {logging_mixin.py:190} INFO - [2025-08-07T17:24:15.070+0000] {dag.py:4180} INFO - Setting next_dagrun for example_weekday_branch_operator to 2025-08-06 00:00:00+00:00, run_after=2025-08-07 00:00:00+00:00
[2025-08-07T17:24:15.092+0000] {processor.py:208} INFO - Processing /home/airflow/.local/lib/python3.12/site-packages/airflow/example_dags/example_branch_day_of_week_operator.py took 0.094 seconds
[2025-08-07T17:24:46.275+0000] {processor.py:186} INFO - Started process (PID=1742) to work on /home/airflow/.local/lib/python3.12/site-packages/airflow/example_dags/example_branch_day_of_week_operator.py
[2025-08-07T17:24:46.277+0000] {processor.py:914} INFO - Processing file /home/airflow/.local/lib/python3.12/site-packages/airflow/example_dags/example_branch_day_of_week_operator.py for tasks to queue
[2025-08-07T17:24:46.279+0000] {logging_mixin.py:190} INFO - [2025-08-07T17:24:46.278+0000] {dagbag.py:588} INFO - Filling up the DagBag from /home/airflow/.local/lib/python3.12/site-packages/airflow/example_dags/example_branch_day_of_week_operator.py
[2025-08-07T17:24:46.290+0000] {processor.py:925} INFO - DAG(s) 'example_weekday_branch_operator' retrieved from /home/airflow/.local/lib/python3.12/site-packages/airflow/example_dags/example_branch_day_of_week_operator.py
[2025-08-07T17:24:46.316+0000] {logging_mixin.py:190} INFO - [2025-08-07T17:24:46.316+0000] {dag.py:3239} INFO - Sync 1 DAGs
[2025-08-07T17:24:46.345+0000] {logging_mixin.py:190} INFO - [2025-08-07T17:24:46.345+0000] {dag.py:4180} INFO - Setting next_dagrun for example_weekday_branch_operator to 2025-08-06 00:00:00+00:00, run_after=2025-08-07 00:00:00+00:00
[2025-08-07T17:24:46.372+0000] {processor.py:208} INFO - Processing /home/airflow/.local/lib/python3.12/site-packages/airflow/example_dags/example_branch_day_of_week_operator.py took 0.102 seconds
[2025-08-07T17:25:01.459+0000] {processor.py:186} INFO - Started process (PID=1801) to work on /home/airflow/.local/lib/python3.12/site-packages/airflow/example_dags/example_branch_day_of_week_operator.py
[2025-08-07T17:25:01.460+0000] {processor.py:914} INFO - Processing file /home/airflow/.local/lib/python3.12/site-packages/airflow/example_dags/example_branch_day_of_week_operator.py for tasks to queue
[2025-08-07T17:25:01.461+0000] {logging_mixin.py:190} INFO - [2025-08-07T17:25:01.461+0000] {dagbag.py:588} INFO - Filling up the DagBag from /home/airflow/.local/lib/python3.12/site-packages/airflow/example_dags/example_branch_day_of_week_operator.py
[2025-08-07T17:25:01.472+0000] {processor.py:925} INFO - DAG(s) 'example_weekday_branch_operator' retrieved from /home/airflow/.local/lib/python3.12/site-packages/airflow/example_dags/example_branch_day_of_week_operator.py
[2025-08-07T17:25:01.496+0000] {logging_mixin.py:190} INFO - [2025-08-07T17:25:01.496+0000] {dag.py:3239} INFO - Sync 1 DAGs
[2025-08-07T17:25:01.525+0000] {logging_mixin.py:190} INFO - [2025-08-07T17:25:01.525+0000] {dag.py:4180} INFO - Setting next_dagrun for example_weekday_branch_operator to 2025-08-06 00:00:00+00:00, run_after=2025-08-07 00:00:00+00:00
[2025-08-07T17:25:01.545+0000] {processor.py:208} INFO - Processing /home/airflow/.local/lib/python3.12/site-packages/airflow/example_dags/example_branch_day_of_week_operator.py took 0.092 seconds
[2025-08-07T17:25:15.142+0000] {processor.py:186} INFO - Started process (PID=1863) to work on /home/airflow/.local/lib/python3.12/site-packages/airflow/example_dags/example_branch_day_of_week_operator.py
[2025-08-07T17:25:15.144+0000] {processor.py:914} INFO - Processing file /home/airflow/.local/lib/python3.12/site-packages/airflow/example_dags/example_branch_day_of_week_operator.py for tasks to queue
[2025-08-07T17:25:15.145+0000] {logging_mixin.py:190} INFO - [2025-08-07T17:25:15.145+0000] {dagbag.py:588} INFO - Filling up the DagBag from /home/airflow/.local/lib/python3.12/site-packages/airflow/example_dags/example_branch_day_of_week_operator.py
[2025-08-07T17:25:15.154+0000] {processor.py:925} INFO - DAG(s) 'example_weekday_branch_operator' retrieved from /home/airflow/.local/lib/python3.12/site-packages/airflow/example_dags/example_branch_day_of_week_operator.py
[2025-08-07T17:25:15.181+0000] {logging_mixin.py:190} INFO - [2025-08-07T17:25:15.181+0000] {dag.py:3239} INFO - Sync 1 DAGs
[2025-08-07T17:25:15.207+0000] {logging_mixin.py:190} INFO - [2025-08-07T17:25:15.207+0000] {dag.py:4180} INFO - Setting next_dagrun for example_weekday_branch_operator to 2025-08-06 00:00:00+00:00, run_after=2025-08-07 00:00:00+00:00
[2025-08-07T17:25:15.231+0000] {processor.py:208} INFO - Processing /home/airflow/.local/lib/python3.12/site-packages/airflow/example_dags/example_branch_day_of_week_operator.py took 0.095 seconds
[2025-08-07T17:25:43.847+0000] {processor.py:186} INFO - Started process (PID=1928) to work on /home/airflow/.local/lib/python3.12/site-packages/airflow/example_dags/example_branch_day_of_week_operator.py
[2025-08-07T17:25:43.849+0000] {processor.py:914} INFO - Processing file /home/airflow/.local/lib/python3.12/site-packages/airflow/example_dags/example_branch_day_of_week_operator.py for tasks to queue
[2025-08-07T17:25:43.851+0000] {logging_mixin.py:190} INFO - [2025-08-07T17:25:43.850+0000] {dagbag.py:588} INFO - Filling up the DagBag from /home/airflow/.local/lib/python3.12/site-packages/airflow/example_dags/example_branch_day_of_week_operator.py
[2025-08-07T17:25:43.864+0000] {processor.py:925} INFO - DAG(s) 'example_weekday_branch_operator' retrieved from /home/airflow/.local/lib/python3.12/site-packages/airflow/example_dags/example_branch_day_of_week_operator.py
[2025-08-07T17:25:43.903+0000] {logging_mixin.py:190} INFO - [2025-08-07T17:25:43.902+0000] {dag.py:3239} INFO - Sync 1 DAGs
[2025-08-07T17:25:43.996+0000] {logging_mixin.py:190} INFO - [2025-08-07T17:25:43.996+0000] {dag.py:4180} INFO - Setting next_dagrun for example_weekday_branch_operator to 2025-08-06 00:00:00+00:00, run_after=2025-08-07 00:00:00+00:00
[2025-08-07T17:25:44.029+0000] {processor.py:208} INFO - Processing /home/airflow/.local/lib/python3.12/site-packages/airflow/example_dags/example_branch_day_of_week_operator.py took 0.188 seconds
[2025-08-07T17:26:15.390+0000] {processor.py:186} INFO - Started process (PID=1992) to work on /home/airflow/.local/lib/python3.12/site-packages/airflow/example_dags/example_branch_day_of_week_operator.py
[2025-08-07T17:26:15.391+0000] {processor.py:914} INFO - Processing file /home/airflow/.local/lib/python3.12/site-packages/airflow/example_dags/example_branch_day_of_week_operator.py for tasks to queue
[2025-08-07T17:26:15.392+0000] {logging_mixin.py:190} INFO - [2025-08-07T17:26:15.392+0000] {dagbag.py:588} INFO - Filling up the DagBag from /home/airflow/.local/lib/python3.12/site-packages/airflow/example_dags/example_branch_day_of_week_operator.py
[2025-08-07T17:26:15.405+0000] {processor.py:925} INFO - DAG(s) 'example_weekday_branch_operator' retrieved from /home/airflow/.local/lib/python3.12/site-packages/airflow/example_dags/example_branch_day_of_week_operator.py
[2025-08-07T17:26:15.427+0000] {logging_mixin.py:190} INFO - [2025-08-07T17:26:15.426+0000] {dag.py:3239} INFO - Sync 1 DAGs
[2025-08-07T17:26:15.458+0000] {logging_mixin.py:190} INFO - [2025-08-07T17:26:15.458+0000] {dag.py:4180} INFO - Setting next_dagrun for example_weekday_branch_operator to 2025-08-06 00:00:00+00:00, run_after=2025-08-07 00:00:00+00:00
[2025-08-07T17:26:15.484+0000] {processor.py:208} INFO - Processing /home/airflow/.local/lib/python3.12/site-packages/airflow/example_dags/example_branch_day_of_week_operator.py took 0.100 seconds
[2025-08-07T17:26:46.646+0000] {processor.py:186} INFO - Started process (PID=2055) to work on /home/airflow/.local/lib/python3.12/site-packages/airflow/example_dags/example_branch_day_of_week_operator.py
[2025-08-07T17:26:46.648+0000] {processor.py:914} INFO - Processing file /home/airflow/.local/lib/python3.12/site-packages/airflow/example_dags/example_branch_day_of_week_operator.py for tasks to queue
[2025-08-07T17:26:46.650+0000] {logging_mixin.py:190} INFO - [2025-08-07T17:26:46.650+0000] {dagbag.py:588} INFO - Filling up the DagBag from /home/airflow/.local/lib/python3.12/site-packages/airflow/example_dags/example_branch_day_of_week_operator.py
[2025-08-07T17:26:46.662+0000] {processor.py:925} INFO - DAG(s) 'example_weekday_branch_operator' retrieved from /home/airflow/.local/lib/python3.12/site-packages/airflow/example_dags/example_branch_day_of_week_operator.py
[2025-08-07T17:26:46.688+0000] {logging_mixin.py:190} INFO - [2025-08-07T17:26:46.688+0000] {dag.py:3239} INFO - Sync 1 DAGs
[2025-08-07T17:26:46.723+0000] {logging_mixin.py:190} INFO - [2025-08-07T17:26:46.723+0000] {dag.py:4180} INFO - Setting next_dagrun for example_weekday_branch_operator to 2025-08-06 00:00:00+00:00, run_after=2025-08-07 00:00:00+00:00
[2025-08-07T17:26:46.748+0000] {processor.py:208} INFO - Processing /home/airflow/.local/lib/python3.12/site-packages/airflow/example_dags/example_branch_day_of_week_operator.py took 0.110 seconds
[2025-08-07T17:26:56.835+0000] {processor.py:186} INFO - Started process (PID=2115) to work on /home/airflow/.local/lib/python3.12/site-packages/airflow/example_dags/example_branch_day_of_week_operator.py
[2025-08-07T17:26:56.837+0000] {processor.py:914} INFO - Processing file /home/airflow/.local/lib/python3.12/site-packages/airflow/example_dags/example_branch_day_of_week_operator.py for tasks to queue
[2025-08-07T17:26:56.838+0000] {logging_mixin.py:190} INFO - [2025-08-07T17:26:56.838+0000] {dagbag.py:588} INFO - Filling up the DagBag from /home/airflow/.local/lib/python3.12/site-packages/airflow/example_dags/example_branch_day_of_week_operator.py
[2025-08-07T17:26:56.851+0000] {processor.py:925} INFO - DAG(s) 'example_weekday_branch_operator' retrieved from /home/airflow/.local/lib/python3.12/site-packages/airflow/example_dags/example_branch_day_of_week_operator.py
[2025-08-07T17:26:56.876+0000] {logging_mixin.py:190} INFO - [2025-08-07T17:26:56.876+0000] {dag.py:3239} INFO - Sync 1 DAGs
[2025-08-07T17:26:56.914+0000] {logging_mixin.py:190} INFO - [2025-08-07T17:26:56.913+0000] {dag.py:4180} INFO - Setting next_dagrun for example_weekday_branch_operator to 2025-08-06 00:00:00+00:00, run_after=2025-08-07 00:00:00+00:00
[2025-08-07T17:26:56.942+0000] {processor.py:208} INFO - Processing /home/airflow/.local/lib/python3.12/site-packages/airflow/example_dags/example_branch_day_of_week_operator.py took 0.113 seconds
[2025-08-07T17:27:28.276+0000] {processor.py:186} INFO - Started process (PID=2179) to work on /home/airflow/.local/lib/python3.12/site-packages/airflow/example_dags/example_branch_day_of_week_operator.py
[2025-08-07T17:27:28.277+0000] {processor.py:914} INFO - Processing file /home/airflow/.local/lib/python3.12/site-packages/airflow/example_dags/example_branch_day_of_week_operator.py for tasks to queue
[2025-08-07T17:27:28.279+0000] {logging_mixin.py:190} INFO - [2025-08-07T17:27:28.278+0000] {dagbag.py:588} INFO - Filling up the DagBag from /home/airflow/.local/lib/python3.12/site-packages/airflow/example_dags/example_branch_day_of_week_operator.py
[2025-08-07T17:27:28.293+0000] {processor.py:925} INFO - DAG(s) 'example_weekday_branch_operator' retrieved from /home/airflow/.local/lib/python3.12/site-packages/airflow/example_dags/example_branch_day_of_week_operator.py
[2025-08-07T17:27:28.320+0000] {logging_mixin.py:190} INFO - [2025-08-07T17:27:28.320+0000] {dag.py:3239} INFO - Sync 1 DAGs
[2025-08-07T17:27:28.350+0000] {logging_mixin.py:190} INFO - [2025-08-07T17:27:28.350+0000] {dag.py:4180} INFO - Setting next_dagrun for example_weekday_branch_operator to 2025-08-06 00:00:00+00:00, run_after=2025-08-07 00:00:00+00:00
[2025-08-07T17:27:28.374+0000] {processor.py:208} INFO - Processing /home/airflow/.local/lib/python3.12/site-packages/airflow/example_dags/example_branch_day_of_week_operator.py took 0.107 seconds
[2025-08-07T17:27:57.440+0000] {processor.py:186} INFO - Started process (PID=2243) to work on /home/airflow/.local/lib/python3.12/site-packages/airflow/example_dags/example_branch_day_of_week_operator.py
[2025-08-07T17:27:57.442+0000] {processor.py:914} INFO - Processing file /home/airflow/.local/lib/python3.12/site-packages/airflow/example_dags/example_branch_day_of_week_operator.py for tasks to queue
[2025-08-07T17:27:57.444+0000] {logging_mixin.py:190} INFO - [2025-08-07T17:27:57.444+0000] {dagbag.py:588} INFO - Filling up the DagBag from /home/airflow/.local/lib/python3.12/site-packages/airflow/example_dags/example_branch_day_of_week_operator.py
[2025-08-07T17:27:57.460+0000] {processor.py:925} INFO - DAG(s) 'example_weekday_branch_operator' retrieved from /home/airflow/.local/lib/python3.12/site-packages/airflow/example_dags/example_branch_day_of_week_operator.py
[2025-08-07T17:27:57.487+0000] {logging_mixin.py:190} INFO - [2025-08-07T17:27:57.486+0000] {dag.py:3239} INFO - Sync 1 DAGs
[2025-08-07T17:27:57.517+0000] {logging_mixin.py:190} INFO - [2025-08-07T17:27:57.517+0000] {dag.py:4180} INFO - Setting next_dagrun for example_weekday_branch_operator to 2025-08-06 00:00:00+00:00, run_after=2025-08-07 00:00:00+00:00
[2025-08-07T17:27:57.546+0000] {processor.py:208} INFO - Processing /home/airflow/.local/lib/python3.12/site-packages/airflow/example_dags/example_branch_day_of_week_operator.py took 0.112 seconds
[2025-08-07T17:28:28.060+0000] {processor.py:186} INFO - Started process (PID=2309) to work on /home/airflow/.local/lib/python3.12/site-packages/airflow/example_dags/example_branch_day_of_week_operator.py
[2025-08-07T17:28:28.062+0000] {processor.py:914} INFO - Processing file /home/airflow/.local/lib/python3.12/site-packages/airflow/example_dags/example_branch_day_of_week_operator.py for tasks to queue
[2025-08-07T17:28:28.064+0000] {logging_mixin.py:190} INFO - [2025-08-07T17:28:28.064+0000] {dagbag.py:588} INFO - Filling up the DagBag from /home/airflow/.local/lib/python3.12/site-packages/airflow/example_dags/example_branch_day_of_week_operator.py
[2025-08-07T17:28:28.075+0000] {processor.py:925} INFO - DAG(s) 'example_weekday_branch_operator' retrieved from /home/airflow/.local/lib/python3.12/site-packages/airflow/example_dags/example_branch_day_of_week_operator.py
[2025-08-07T17:28:28.101+0000] {logging_mixin.py:190} INFO - [2025-08-07T17:28:28.101+0000] {dag.py:3239} INFO - Sync 1 DAGs
[2025-08-07T17:28:28.130+0000] {logging_mixin.py:190} INFO - [2025-08-07T17:28:28.129+0000] {dag.py:4180} INFO - Setting next_dagrun for example_weekday_branch_operator to 2025-08-06 00:00:00+00:00, run_after=2025-08-07 00:00:00+00:00
[2025-08-07T17:28:28.165+0000] {processor.py:208} INFO - Processing /home/airflow/.local/lib/python3.12/site-packages/airflow/example_dags/example_branch_day_of_week_operator.py took 0.110 seconds
[2025-08-07T17:28:38.959+0000] {processor.py:186} INFO - Started process (PID=2373) to work on /home/airflow/.local/lib/python3.12/site-packages/airflow/example_dags/example_branch_day_of_week_operator.py
[2025-08-07T17:28:38.961+0000] {processor.py:914} INFO - Processing file /home/airflow/.local/lib/python3.12/site-packages/airflow/example_dags/example_branch_day_of_week_operator.py for tasks to queue
[2025-08-07T17:28:38.962+0000] {logging_mixin.py:190} INFO - [2025-08-07T17:28:38.962+0000] {dagbag.py:588} INFO - Filling up the DagBag from /home/airflow/.local/lib/python3.12/site-packages/airflow/example_dags/example_branch_day_of_week_operator.py
[2025-08-07T17:28:38.975+0000] {processor.py:925} INFO - DAG(s) 'example_weekday_branch_operator' retrieved from /home/airflow/.local/lib/python3.12/site-packages/airflow/example_dags/example_branch_day_of_week_operator.py
[2025-08-07T17:28:39.006+0000] {logging_mixin.py:190} INFO - [2025-08-07T17:28:39.005+0000] {dag.py:3239} INFO - Sync 1 DAGs
[2025-08-07T17:28:39.045+0000] {logging_mixin.py:190} INFO - [2025-08-07T17:28:39.044+0000] {dag.py:4180} INFO - Setting next_dagrun for example_weekday_branch_operator to 2025-08-06 00:00:00+00:00, run_after=2025-08-07 00:00:00+00:00
[2025-08-07T17:28:39.074+0000] {processor.py:208} INFO - Processing /home/airflow/.local/lib/python3.12/site-packages/airflow/example_dags/example_branch_day_of_week_operator.py took 0.121 seconds
[2025-08-07T17:29:10.006+0000] {processor.py:186} INFO - Started process (PID=2439) to work on /home/airflow/.local/lib/python3.12/site-packages/airflow/example_dags/example_branch_day_of_week_operator.py
[2025-08-07T17:29:10.008+0000] {processor.py:914} INFO - Processing file /home/airflow/.local/lib/python3.12/site-packages/airflow/example_dags/example_branch_day_of_week_operator.py for tasks to queue
[2025-08-07T17:29:10.010+0000] {logging_mixin.py:190} INFO - [2025-08-07T17:29:10.010+0000] {dagbag.py:588} INFO - Filling up the DagBag from /home/airflow/.local/lib/python3.12/site-packages/airflow/example_dags/example_branch_day_of_week_operator.py
[2025-08-07T17:29:10.021+0000] {processor.py:925} INFO - DAG(s) 'example_weekday_branch_operator' retrieved from /home/airflow/.local/lib/python3.12/site-packages/airflow/example_dags/example_branch_day_of_week_operator.py
[2025-08-07T17:29:10.049+0000] {logging_mixin.py:190} INFO - [2025-08-07T17:29:10.049+0000] {dag.py:3239} INFO - Sync 1 DAGs
[2025-08-07T17:29:10.080+0000] {logging_mixin.py:190} INFO - [2025-08-07T17:29:10.080+0000] {dag.py:4180} INFO - Setting next_dagrun for example_weekday_branch_operator to 2025-08-06 00:00:00+00:00, run_after=2025-08-07 00:00:00+00:00
[2025-08-07T17:29:10.106+0000] {processor.py:208} INFO - Processing /home/airflow/.local/lib/python3.12/site-packages/airflow/example_dags/example_branch_day_of_week_operator.py took 0.106 seconds
[2025-08-07T17:29:17.221+0000] {processor.py:186} INFO - Started process (PID=2496) to work on /home/airflow/.local/lib/python3.12/site-packages/airflow/example_dags/example_branch_day_of_week_operator.py
[2025-08-07T17:29:17.222+0000] {processor.py:914} INFO - Processing file /home/airflow/.local/lib/python3.12/site-packages/airflow/example_dags/example_branch_day_of_week_operator.py for tasks to queue
[2025-08-07T17:29:17.223+0000] {logging_mixin.py:190} INFO - [2025-08-07T17:29:17.223+0000] {dagbag.py:588} INFO - Filling up the DagBag from /home/airflow/.local/lib/python3.12/site-packages/airflow/example_dags/example_branch_day_of_week_operator.py
[2025-08-07T17:29:17.235+0000] {processor.py:925} INFO - DAG(s) 'example_weekday_branch_operator' retrieved from /home/airflow/.local/lib/python3.12/site-packages/airflow/example_dags/example_branch_day_of_week_operator.py
[2025-08-07T17:29:17.261+0000] {logging_mixin.py:190} INFO - [2025-08-07T17:29:17.261+0000] {dag.py:3239} INFO - Sync 1 DAGs
[2025-08-07T17:29:17.297+0000] {logging_mixin.py:190} INFO - [2025-08-07T17:29:17.296+0000] {dag.py:4180} INFO - Setting next_dagrun for example_weekday_branch_operator to 2025-08-06 00:00:00+00:00, run_after=2025-08-07 00:00:00+00:00
[2025-08-07T17:29:17.326+0000] {processor.py:208} INFO - Processing /home/airflow/.local/lib/python3.12/site-packages/airflow/example_dags/example_branch_day_of_week_operator.py took 0.114 seconds
[2025-08-07T17:29:48.564+0000] {processor.py:186} INFO - Started process (PID=2560) to work on /home/airflow/.local/lib/python3.12/site-packages/airflow/example_dags/example_branch_day_of_week_operator.py
[2025-08-07T17:29:48.565+0000] {processor.py:914} INFO - Processing file /home/airflow/.local/lib/python3.12/site-packages/airflow/example_dags/example_branch_day_of_week_operator.py for tasks to queue
[2025-08-07T17:29:48.568+0000] {logging_mixin.py:190} INFO - [2025-08-07T17:29:48.567+0000] {dagbag.py:588} INFO - Filling up the DagBag from /home/airflow/.local/lib/python3.12/site-packages/airflow/example_dags/example_branch_day_of_week_operator.py
[2025-08-07T17:29:48.582+0000] {processor.py:925} INFO - DAG(s) 'example_weekday_branch_operator' retrieved from /home/airflow/.local/lib/python3.12/site-packages/airflow/example_dags/example_branch_day_of_week_operator.py
[2025-08-07T17:29:48.612+0000] {logging_mixin.py:190} INFO - [2025-08-07T17:29:48.612+0000] {dag.py:3239} INFO - Sync 1 DAGs
[2025-08-07T17:29:48.653+0000] {logging_mixin.py:190} INFO - [2025-08-07T17:29:48.653+0000] {dag.py:4180} INFO - Setting next_dagrun for example_weekday_branch_operator to 2025-08-06 00:00:00+00:00, run_after=2025-08-07 00:00:00+00:00
[2025-08-07T17:29:48.692+0000] {processor.py:208} INFO - Processing /home/airflow/.local/lib/python3.12/site-packages/airflow/example_dags/example_branch_day_of_week_operator.py took 0.134 seconds
[2025-08-07T17:30:19.755+0000] {processor.py:186} INFO - Started process (PID=2624) to work on /home/airflow/.local/lib/python3.12/site-packages/airflow/example_dags/example_branch_day_of_week_operator.py
[2025-08-07T17:30:19.759+0000] {processor.py:914} INFO - Processing file /home/airflow/.local/lib/python3.12/site-packages/airflow/example_dags/example_branch_day_of_week_operator.py for tasks to queue
[2025-08-07T17:30:19.761+0000] {logging_mixin.py:190} INFO - [2025-08-07T17:30:19.760+0000] {dagbag.py:588} INFO - Filling up the DagBag from /home/airflow/.local/lib/python3.12/site-packages/airflow/example_dags/example_branch_day_of_week_operator.py
[2025-08-07T17:30:19.773+0000] {processor.py:925} INFO - DAG(s) 'example_weekday_branch_operator' retrieved from /home/airflow/.local/lib/python3.12/site-packages/airflow/example_dags/example_branch_day_of_week_operator.py
[2025-08-07T17:30:19.804+0000] {logging_mixin.py:190} INFO - [2025-08-07T17:30:19.803+0000] {dag.py:3239} INFO - Sync 1 DAGs
[2025-08-07T17:30:19.841+0000] {logging_mixin.py:190} INFO - [2025-08-07T17:30:19.840+0000] {dag.py:4180} INFO - Setting next_dagrun for example_weekday_branch_operator to 2025-08-06 00:00:00+00:00, run_after=2025-08-07 00:00:00+00:00
[2025-08-07T17:30:19.871+0000] {processor.py:208} INFO - Processing /home/airflow/.local/lib/python3.12/site-packages/airflow/example_dags/example_branch_day_of_week_operator.py took 0.122 seconds
[2025-08-07T17:42:36.593+0000] {processor.py:186} INFO - Started process (PID=2702) to work on /home/airflow/.local/lib/python3.12/site-packages/airflow/example_dags/example_branch_day_of_week_operator.py
[2025-08-07T17:42:36.594+0000] {processor.py:914} INFO - Processing file /home/airflow/.local/lib/python3.12/site-packages/airflow/example_dags/example_branch_day_of_week_operator.py for tasks to queue
[2025-08-07T17:42:36.600+0000] {logging_mixin.py:190} INFO - [2025-08-07T17:42:36.599+0000] {dagbag.py:588} INFO - Filling up the DagBag from /home/airflow/.local/lib/python3.12/site-packages/airflow/example_dags/example_branch_day_of_week_operator.py
[2025-08-07T17:42:36.619+0000] {processor.py:925} INFO - DAG(s) 'example_weekday_branch_operator' retrieved from /home/airflow/.local/lib/python3.12/site-packages/airflow/example_dags/example_branch_day_of_week_operator.py
[2025-08-07T17:42:36.669+0000] {logging_mixin.py:190} INFO - [2025-08-07T17:42:36.669+0000] {dag.py:3239} INFO - Sync 1 DAGs
[2025-08-07T17:42:36.723+0000] {logging_mixin.py:190} INFO - [2025-08-07T17:42:36.723+0000] {dag.py:4180} INFO - Setting next_dagrun for example_weekday_branch_operator to 2025-08-06 00:00:00+00:00, run_after=2025-08-07 00:00:00+00:00
[2025-08-07T17:42:37.045+0000] {processor.py:208} INFO - Processing /home/airflow/.local/lib/python3.12/site-packages/airflow/example_dags/example_branch_day_of_week_operator.py took 0.465 seconds
[2025-08-07T17:43:07.380+0000] {processor.py:186} INFO - Started process (PID=2768) to work on /home/airflow/.local/lib/python3.12/site-packages/airflow/example_dags/example_branch_day_of_week_operator.py
[2025-08-07T17:43:07.381+0000] {processor.py:914} INFO - Processing file /home/airflow/.local/lib/python3.12/site-packages/airflow/example_dags/example_branch_day_of_week_operator.py for tasks to queue
[2025-08-07T17:43:07.386+0000] {logging_mixin.py:190} INFO - [2025-08-07T17:43:07.386+0000] {dagbag.py:588} INFO - Filling up the DagBag from /home/airflow/.local/lib/python3.12/site-packages/airflow/example_dags/example_branch_day_of_week_operator.py
[2025-08-07T17:43:07.402+0000] {processor.py:925} INFO - DAG(s) 'example_weekday_branch_operator' retrieved from /home/airflow/.local/lib/python3.12/site-packages/airflow/example_dags/example_branch_day_of_week_operator.py
[2025-08-07T17:43:07.439+0000] {logging_mixin.py:190} INFO - [2025-08-07T17:43:07.438+0000] {dag.py:3239} INFO - Sync 1 DAGs
[2025-08-07T17:43:07.481+0000] {logging_mixin.py:190} INFO - [2025-08-07T17:43:07.480+0000] {dag.py:4180} INFO - Setting next_dagrun for example_weekday_branch_operator to 2025-08-06 00:00:00+00:00, run_after=2025-08-07 00:00:00+00:00
[2025-08-07T17:43:07.742+0000] {processor.py:208} INFO - Processing /home/airflow/.local/lib/python3.12/site-packages/airflow/example_dags/example_branch_day_of_week_operator.py took 0.370 seconds
[2025-08-07T17:43:26.272+0000] {processor.py:186} INFO - Started process (PID=2832) to work on /home/airflow/.local/lib/python3.12/site-packages/airflow/example_dags/example_branch_day_of_week_operator.py
[2025-08-07T17:43:26.273+0000] {processor.py:914} INFO - Processing file /home/airflow/.local/lib/python3.12/site-packages/airflow/example_dags/example_branch_day_of_week_operator.py for tasks to queue
[2025-08-07T17:43:26.278+0000] {logging_mixin.py:190} INFO - [2025-08-07T17:43:26.274+0000] {dagbag.py:588} INFO - Filling up the DagBag from /home/airflow/.local/lib/python3.12/site-packages/airflow/example_dags/example_branch_day_of_week_operator.py
[2025-08-07T17:43:26.298+0000] {processor.py:925} INFO - DAG(s) 'example_weekday_branch_operator' retrieved from /home/airflow/.local/lib/python3.12/site-packages/airflow/example_dags/example_branch_day_of_week_operator.py
[2025-08-07T17:43:26.349+0000] {logging_mixin.py:190} INFO - [2025-08-07T17:43:26.349+0000] {dag.py:3239} INFO - Sync 1 DAGs
[2025-08-07T17:43:26.402+0000] {logging_mixin.py:190} INFO - [2025-08-07T17:43:26.402+0000] {dag.py:4180} INFO - Setting next_dagrun for example_weekday_branch_operator to 2025-08-06 00:00:00+00:00, run_after=2025-08-07 00:00:00+00:00
[2025-08-07T17:43:26.439+0000] {processor.py:208} INFO - Processing /home/airflow/.local/lib/python3.12/site-packages/airflow/example_dags/example_branch_day_of_week_operator.py took 0.177 seconds
[2025-08-07T17:43:45.930+0000] {processor.py:186} INFO - Started process (PID=2892) to work on /home/airflow/.local/lib/python3.12/site-packages/airflow/example_dags/example_branch_day_of_week_operator.py
[2025-08-07T17:43:45.931+0000] {processor.py:914} INFO - Processing file /home/airflow/.local/lib/python3.12/site-packages/airflow/example_dags/example_branch_day_of_week_operator.py for tasks to queue
[2025-08-07T17:43:45.936+0000] {logging_mixin.py:190} INFO - [2025-08-07T17:43:45.935+0000] {dagbag.py:588} INFO - Filling up the DagBag from /home/airflow/.local/lib/python3.12/site-packages/airflow/example_dags/example_branch_day_of_week_operator.py
[2025-08-07T17:43:45.948+0000] {processor.py:925} INFO - DAG(s) 'example_weekday_branch_operator' retrieved from /home/airflow/.local/lib/python3.12/site-packages/airflow/example_dags/example_branch_day_of_week_operator.py
[2025-08-07T17:43:45.986+0000] {logging_mixin.py:190} INFO - [2025-08-07T17:43:45.986+0000] {dag.py:3239} INFO - Sync 1 DAGs
[2025-08-07T17:43:46.021+0000] {logging_mixin.py:190} INFO - [2025-08-07T17:43:46.021+0000] {dag.py:4180} INFO - Setting next_dagrun for example_weekday_branch_operator to 2025-08-06 00:00:00+00:00, run_after=2025-08-07 00:00:00+00:00
[2025-08-07T17:43:46.059+0000] {processor.py:208} INFO - Processing /home/airflow/.local/lib/python3.12/site-packages/airflow/example_dags/example_branch_day_of_week_operator.py took 0.138 seconds
[2025-08-07T17:44:18.510+0000] {processor.py:186} INFO - Started process (PID=2958) to work on /home/airflow/.local/lib/python3.12/site-packages/airflow/example_dags/example_branch_day_of_week_operator.py
[2025-08-07T17:44:18.511+0000] {processor.py:914} INFO - Processing file /home/airflow/.local/lib/python3.12/site-packages/airflow/example_dags/example_branch_day_of_week_operator.py for tasks to queue
[2025-08-07T17:44:18.517+0000] {logging_mixin.py:190} INFO - [2025-08-07T17:44:18.517+0000] {dagbag.py:588} INFO - Filling up the DagBag from /home/airflow/.local/lib/python3.12/site-packages/airflow/example_dags/example_branch_day_of_week_operator.py
[2025-08-07T17:44:18.546+0000] {processor.py:925} INFO - DAG(s) 'example_weekday_branch_operator' retrieved from /home/airflow/.local/lib/python3.12/site-packages/airflow/example_dags/example_branch_day_of_week_operator.py
[2025-08-07T17:44:18.589+0000] {logging_mixin.py:190} INFO - [2025-08-07T17:44:18.589+0000] {dag.py:3239} INFO - Sync 1 DAGs
[2025-08-07T17:44:18.641+0000] {logging_mixin.py:190} INFO - [2025-08-07T17:44:18.640+0000] {dag.py:4180} INFO - Setting next_dagrun for example_weekday_branch_operator to 2025-08-06 00:00:00+00:00, run_after=2025-08-07 00:00:00+00:00
[2025-08-07T17:44:18.680+0000] {processor.py:208} INFO - Processing /home/airflow/.local/lib/python3.12/site-packages/airflow/example_dags/example_branch_day_of_week_operator.py took 0.181 seconds
[2025-08-07T17:44:50.402+0000] {processor.py:186} INFO - Started process (PID=3024) to work on /home/airflow/.local/lib/python3.12/site-packages/airflow/example_dags/example_branch_day_of_week_operator.py
[2025-08-07T17:44:50.407+0000] {processor.py:914} INFO - Processing file /home/airflow/.local/lib/python3.12/site-packages/airflow/example_dags/example_branch_day_of_week_operator.py for tasks to queue
[2025-08-07T17:44:50.408+0000] {logging_mixin.py:190} INFO - [2025-08-07T17:44:50.408+0000] {dagbag.py:588} INFO - Filling up the DagBag from /home/airflow/.local/lib/python3.12/site-packages/airflow/example_dags/example_branch_day_of_week_operator.py
[2025-08-07T17:44:50.427+0000] {processor.py:925} INFO - DAG(s) 'example_weekday_branch_operator' retrieved from /home/airflow/.local/lib/python3.12/site-packages/airflow/example_dags/example_branch_day_of_week_operator.py
[2025-08-07T17:44:50.467+0000] {logging_mixin.py:190} INFO - [2025-08-07T17:44:50.467+0000] {dag.py:3239} INFO - Sync 1 DAGs
[2025-08-07T17:44:50.518+0000] {logging_mixin.py:190} INFO - [2025-08-07T17:44:50.518+0000] {dag.py:4180} INFO - Setting next_dagrun for example_weekday_branch_operator to 2025-08-06 00:00:00+00:00, run_after=2025-08-07 00:00:00+00:00
[2025-08-07T17:44:50.562+0000] {processor.py:208} INFO - Processing /home/airflow/.local/lib/python3.12/site-packages/airflow/example_dags/example_branch_day_of_week_operator.py took 0.172 seconds
[2025-08-07T17:45:22.677+0000] {processor.py:186} INFO - Started process (PID=3090) to work on /home/airflow/.local/lib/python3.12/site-packages/airflow/example_dags/example_branch_day_of_week_operator.py
[2025-08-07T17:45:22.678+0000] {processor.py:914} INFO - Processing file /home/airflow/.local/lib/python3.12/site-packages/airflow/example_dags/example_branch_day_of_week_operator.py for tasks to queue
[2025-08-07T17:45:22.680+0000] {logging_mixin.py:190} INFO - [2025-08-07T17:45:22.680+0000] {dagbag.py:588} INFO - Filling up the DagBag from /home/airflow/.local/lib/python3.12/site-packages/airflow/example_dags/example_branch_day_of_week_operator.py
[2025-08-07T17:45:22.699+0000] {processor.py:925} INFO - DAG(s) 'example_weekday_branch_operator' retrieved from /home/airflow/.local/lib/python3.12/site-packages/airflow/example_dags/example_branch_day_of_week_operator.py
[2025-08-07T17:45:22.747+0000] {logging_mixin.py:190} INFO - [2025-08-07T17:45:22.746+0000] {dag.py:3239} INFO - Sync 1 DAGs
[2025-08-07T17:45:22.809+0000] {logging_mixin.py:190} INFO - [2025-08-07T17:45:22.808+0000] {dag.py:4180} INFO - Setting next_dagrun for example_weekday_branch_operator to 2025-08-06 00:00:00+00:00, run_after=2025-08-07 00:00:00+00:00
[2025-08-07T17:45:22.850+0000] {processor.py:208} INFO - Processing /home/airflow/.local/lib/python3.12/site-packages/airflow/example_dags/example_branch_day_of_week_operator.py took 0.184 seconds
[2025-08-07T17:45:53.750+0000] {processor.py:186} INFO - Started process (PID=3161) to work on /home/airflow/.local/lib/python3.12/site-packages/airflow/example_dags/example_branch_day_of_week_operator.py
[2025-08-07T17:45:53.751+0000] {processor.py:914} INFO - Processing file /home/airflow/.local/lib/python3.12/site-packages/airflow/example_dags/example_branch_day_of_week_operator.py for tasks to queue
[2025-08-07T17:45:53.753+0000] {logging_mixin.py:190} INFO - [2025-08-07T17:45:53.752+0000] {dagbag.py:588} INFO - Filling up the DagBag from /home/airflow/.local/lib/python3.12/site-packages/airflow/example_dags/example_branch_day_of_week_operator.py
[2025-08-07T17:45:53.772+0000] {processor.py:925} INFO - DAG(s) 'example_weekday_branch_operator' retrieved from /home/airflow/.local/lib/python3.12/site-packages/airflow/example_dags/example_branch_day_of_week_operator.py
[2025-08-07T17:45:53.822+0000] {logging_mixin.py:190} INFO - [2025-08-07T17:45:53.822+0000] {dag.py:3239} INFO - Sync 1 DAGs
[2025-08-07T17:45:53.891+0000] {logging_mixin.py:190} INFO - [2025-08-07T17:45:53.891+0000] {dag.py:4180} INFO - Setting next_dagrun for example_weekday_branch_operator to 2025-08-06 00:00:00+00:00, run_after=2025-08-07 00:00:00+00:00
[2025-08-07T17:45:53.983+0000] {processor.py:208} INFO - Processing /home/airflow/.local/lib/python3.12/site-packages/airflow/example_dags/example_branch_day_of_week_operator.py took 0.251 seconds
[2025-08-07T17:46:24.798+0000] {processor.py:186} INFO - Started process (PID=3224) to work on /home/airflow/.local/lib/python3.12/site-packages/airflow/example_dags/example_branch_day_of_week_operator.py
[2025-08-07T17:46:24.802+0000] {processor.py:914} INFO - Processing file /home/airflow/.local/lib/python3.12/site-packages/airflow/example_dags/example_branch_day_of_week_operator.py for tasks to queue
[2025-08-07T17:46:24.804+0000] {logging_mixin.py:190} INFO - [2025-08-07T17:46:24.803+0000] {dagbag.py:588} INFO - Filling up the DagBag from /home/airflow/.local/lib/python3.12/site-packages/airflow/example_dags/example_branch_day_of_week_operator.py
[2025-08-07T17:46:24.822+0000] {processor.py:925} INFO - DAG(s) 'example_weekday_branch_operator' retrieved from /home/airflow/.local/lib/python3.12/site-packages/airflow/example_dags/example_branch_day_of_week_operator.py
[2025-08-07T17:46:24.857+0000] {logging_mixin.py:190} INFO - [2025-08-07T17:46:24.857+0000] {dag.py:3239} INFO - Sync 1 DAGs
[2025-08-07T17:46:24.913+0000] {logging_mixin.py:190} INFO - [2025-08-07T17:46:24.912+0000] {dag.py:4180} INFO - Setting next_dagrun for example_weekday_branch_operator to 2025-08-06 00:00:00+00:00, run_after=2025-08-07 00:00:00+00:00
[2025-08-07T17:46:24.977+0000] {processor.py:208} INFO - Processing /home/airflow/.local/lib/python3.12/site-packages/airflow/example_dags/example_branch_day_of_week_operator.py took 0.190 seconds
[2025-08-07T17:46:55.664+0000] {processor.py:186} INFO - Started process (PID=3287) to work on /home/airflow/.local/lib/python3.12/site-packages/airflow/example_dags/example_branch_day_of_week_operator.py
[2025-08-07T17:46:55.669+0000] {processor.py:914} INFO - Processing file /home/airflow/.local/lib/python3.12/site-packages/airflow/example_dags/example_branch_day_of_week_operator.py for tasks to queue
[2025-08-07T17:46:55.670+0000] {logging_mixin.py:190} INFO - [2025-08-07T17:46:55.670+0000] {dagbag.py:588} INFO - Filling up the DagBag from /home/airflow/.local/lib/python3.12/site-packages/airflow/example_dags/example_branch_day_of_week_operator.py
[2025-08-07T17:46:55.684+0000] {processor.py:925} INFO - DAG(s) 'example_weekday_branch_operator' retrieved from /home/airflow/.local/lib/python3.12/site-packages/airflow/example_dags/example_branch_day_of_week_operator.py
[2025-08-07T17:46:55.720+0000] {logging_mixin.py:190} INFO - [2025-08-07T17:46:55.720+0000] {dag.py:3239} INFO - Sync 1 DAGs
[2025-08-07T17:46:55.762+0000] {logging_mixin.py:190} INFO - [2025-08-07T17:46:55.762+0000] {dag.py:4180} INFO - Setting next_dagrun for example_weekday_branch_operator to 2025-08-06 00:00:00+00:00, run_after=2025-08-07 00:00:00+00:00
[2025-08-07T17:46:55.800+0000] {processor.py:208} INFO - Processing /home/airflow/.local/lib/python3.12/site-packages/airflow/example_dags/example_branch_day_of_week_operator.py took 0.145 seconds
[2025-08-07T17:47:26.820+0000] {processor.py:186} INFO - Started process (PID=3352) to work on /home/airflow/.local/lib/python3.12/site-packages/airflow/example_dags/example_branch_day_of_week_operator.py
[2025-08-07T17:47:26.821+0000] {processor.py:914} INFO - Processing file /home/airflow/.local/lib/python3.12/site-packages/airflow/example_dags/example_branch_day_of_week_operator.py for tasks to queue
[2025-08-07T17:47:26.823+0000] {logging_mixin.py:190} INFO - [2025-08-07T17:47:26.823+0000] {dagbag.py:588} INFO - Filling up the DagBag from /home/airflow/.local/lib/python3.12/site-packages/airflow/example_dags/example_branch_day_of_week_operator.py
[2025-08-07T17:47:26.844+0000] {processor.py:925} INFO - DAG(s) 'example_weekday_branch_operator' retrieved from /home/airflow/.local/lib/python3.12/site-packages/airflow/example_dags/example_branch_day_of_week_operator.py
[2025-08-07T17:47:26.893+0000] {logging_mixin.py:190} INFO - [2025-08-07T17:47:26.893+0000] {dag.py:3239} INFO - Sync 1 DAGs
[2025-08-07T17:47:26.952+0000] {logging_mixin.py:190} INFO - [2025-08-07T17:47:26.951+0000] {dag.py:4180} INFO - Setting next_dagrun for example_weekday_branch_operator to 2025-08-06 00:00:00+00:00, run_after=2025-08-07 00:00:00+00:00
[2025-08-07T17:47:26.998+0000] {processor.py:208} INFO - Processing /home/airflow/.local/lib/python3.12/site-packages/airflow/example_dags/example_branch_day_of_week_operator.py took 0.195 seconds
[2025-08-07T17:47:57.347+0000] {processor.py:186} INFO - Started process (PID=3419) to work on /home/airflow/.local/lib/python3.12/site-packages/airflow/example_dags/example_branch_day_of_week_operator.py
[2025-08-07T17:47:57.348+0000] {processor.py:914} INFO - Processing file /home/airflow/.local/lib/python3.12/site-packages/airflow/example_dags/example_branch_day_of_week_operator.py for tasks to queue
[2025-08-07T17:47:57.349+0000] {logging_mixin.py:190} INFO - [2025-08-07T17:47:57.349+0000] {dagbag.py:588} INFO - Filling up the DagBag from /home/airflow/.local/lib/python3.12/site-packages/airflow/example_dags/example_branch_day_of_week_operator.py
[2025-08-07T17:47:57.372+0000] {processor.py:925} INFO - DAG(s) 'example_weekday_branch_operator' retrieved from /home/airflow/.local/lib/python3.12/site-packages/airflow/example_dags/example_branch_day_of_week_operator.py
[2025-08-07T17:47:57.409+0000] {logging_mixin.py:190} INFO - [2025-08-07T17:47:57.409+0000] {dag.py:3239} INFO - Sync 1 DAGs
[2025-08-07T17:47:57.459+0000] {logging_mixin.py:190} INFO - [2025-08-07T17:47:57.458+0000] {dag.py:4180} INFO - Setting next_dagrun for example_weekday_branch_operator to 2025-08-06 00:00:00+00:00, run_after=2025-08-07 00:00:00+00:00
[2025-08-07T17:47:57.499+0000] {processor.py:208} INFO - Processing /home/airflow/.local/lib/python3.12/site-packages/airflow/example_dags/example_branch_day_of_week_operator.py took 0.162 seconds
[2025-08-07T17:48:27.840+0000] {processor.py:186} INFO - Started process (PID=3483) to work on /home/airflow/.local/lib/python3.12/site-packages/airflow/example_dags/example_branch_day_of_week_operator.py
[2025-08-07T17:48:27.842+0000] {processor.py:914} INFO - Processing file /home/airflow/.local/lib/python3.12/site-packages/airflow/example_dags/example_branch_day_of_week_operator.py for tasks to queue
[2025-08-07T17:48:27.848+0000] {logging_mixin.py:190} INFO - [2025-08-07T17:48:27.843+0000] {dagbag.py:588} INFO - Filling up the DagBag from /home/airflow/.local/lib/python3.12/site-packages/airflow/example_dags/example_branch_day_of_week_operator.py
[2025-08-07T17:48:27.871+0000] {processor.py:925} INFO - DAG(s) 'example_weekday_branch_operator' retrieved from /home/airflow/.local/lib/python3.12/site-packages/airflow/example_dags/example_branch_day_of_week_operator.py
[2025-08-07T17:48:27.921+0000] {logging_mixin.py:190} INFO - [2025-08-07T17:48:27.921+0000] {dag.py:3239} INFO - Sync 1 DAGs
[2025-08-07T17:48:28.000+0000] {logging_mixin.py:190} INFO - [2025-08-07T17:48:27.999+0000] {dag.py:4180} INFO - Setting next_dagrun for example_weekday_branch_operator to 2025-08-06 00:00:00+00:00, run_after=2025-08-07 00:00:00+00:00
[2025-08-07T17:48:28.059+0000] {processor.py:208} INFO - Processing /home/airflow/.local/lib/python3.12/site-packages/airflow/example_dags/example_branch_day_of_week_operator.py took 0.231 seconds
[2025-08-07T17:48:58.910+0000] {processor.py:186} INFO - Started process (PID=3545) to work on /home/airflow/.local/lib/python3.12/site-packages/airflow/example_dags/example_branch_day_of_week_operator.py
[2025-08-07T17:48:58.912+0000] {processor.py:914} INFO - Processing file /home/airflow/.local/lib/python3.12/site-packages/airflow/example_dags/example_branch_day_of_week_operator.py for tasks to queue
[2025-08-07T17:48:58.915+0000] {logging_mixin.py:190} INFO - [2025-08-07T17:48:58.914+0000] {dagbag.py:588} INFO - Filling up the DagBag from /home/airflow/.local/lib/python3.12/site-packages/airflow/example_dags/example_branch_day_of_week_operator.py
[2025-08-07T17:48:58.941+0000] {processor.py:925} INFO - DAG(s) 'example_weekday_branch_operator' retrieved from /home/airflow/.local/lib/python3.12/site-packages/airflow/example_dags/example_branch_day_of_week_operator.py
[2025-08-07T17:48:58.992+0000] {logging_mixin.py:190} INFO - [2025-08-07T17:48:58.992+0000] {dag.py:3239} INFO - Sync 1 DAGs
[2025-08-07T17:48:59.066+0000] {logging_mixin.py:190} INFO - [2025-08-07T17:48:59.065+0000] {dag.py:4180} INFO - Setting next_dagrun for example_weekday_branch_operator to 2025-08-06 00:00:00+00:00, run_after=2025-08-07 00:00:00+00:00
[2025-08-07T17:48:59.292+0000] {processor.py:208} INFO - Processing /home/airflow/.local/lib/python3.12/site-packages/airflow/example_dags/example_branch_day_of_week_operator.py took 0.398 seconds
[2025-08-07T17:49:30.273+0000] {processor.py:186} INFO - Started process (PID=3607) to work on /home/airflow/.local/lib/python3.12/site-packages/airflow/example_dags/example_branch_day_of_week_operator.py
[2025-08-07T17:49:30.275+0000] {processor.py:914} INFO - Processing file /home/airflow/.local/lib/python3.12/site-packages/airflow/example_dags/example_branch_day_of_week_operator.py for tasks to queue
[2025-08-07T17:49:30.282+0000] {logging_mixin.py:190} INFO - [2025-08-07T17:49:30.277+0000] {dagbag.py:588} INFO - Filling up the DagBag from /home/airflow/.local/lib/python3.12/site-packages/airflow/example_dags/example_branch_day_of_week_operator.py
[2025-08-07T17:49:30.306+0000] {processor.py:925} INFO - DAG(s) 'example_weekday_branch_operator' retrieved from /home/airflow/.local/lib/python3.12/site-packages/airflow/example_dags/example_branch_day_of_week_operator.py
[2025-08-07T17:49:30.363+0000] {logging_mixin.py:190} INFO - [2025-08-07T17:49:30.363+0000] {dag.py:3239} INFO - Sync 1 DAGs
[2025-08-07T17:49:30.446+0000] {logging_mixin.py:190} INFO - [2025-08-07T17:49:30.446+0000] {dag.py:4180} INFO - Setting next_dagrun for example_weekday_branch_operator to 2025-08-06 00:00:00+00:00, run_after=2025-08-07 00:00:00+00:00
[2025-08-07T17:49:30.514+0000] {processor.py:208} INFO - Processing /home/airflow/.local/lib/python3.12/site-packages/airflow/example_dags/example_branch_day_of_week_operator.py took 0.258 seconds
[2025-08-07T17:49:53.690+0000] {processor.py:186} INFO - Started process (PID=3671) to work on /home/airflow/.local/lib/python3.12/site-packages/airflow/example_dags/example_branch_day_of_week_operator.py
[2025-08-07T17:49:53.692+0000] {processor.py:914} INFO - Processing file /home/airflow/.local/lib/python3.12/site-packages/airflow/example_dags/example_branch_day_of_week_operator.py for tasks to queue
[2025-08-07T17:49:53.694+0000] {logging_mixin.py:190} INFO - [2025-08-07T17:49:53.693+0000] {dagbag.py:588} INFO - Filling up the DagBag from /home/airflow/.local/lib/python3.12/site-packages/airflow/example_dags/example_branch_day_of_week_operator.py
[2025-08-07T17:49:53.723+0000] {processor.py:925} INFO - DAG(s) 'example_weekday_branch_operator' retrieved from /home/airflow/.local/lib/python3.12/site-packages/airflow/example_dags/example_branch_day_of_week_operator.py
[2025-08-07T17:49:53.771+0000] {logging_mixin.py:190} INFO - [2025-08-07T17:49:53.771+0000] {dag.py:3239} INFO - Sync 1 DAGs
[2025-08-07T17:49:53.841+0000] {logging_mixin.py:190} INFO - [2025-08-07T17:49:53.841+0000] {dag.py:4180} INFO - Setting next_dagrun for example_weekday_branch_operator to 2025-08-06 00:00:00+00:00, run_after=2025-08-07 00:00:00+00:00
[2025-08-07T17:49:53.889+0000] {processor.py:208} INFO - Processing /home/airflow/.local/lib/python3.12/site-packages/airflow/example_dags/example_branch_day_of_week_operator.py took 0.219 seconds
[2025-08-07T17:50:06.715+0000] {processor.py:186} INFO - Started process (PID=3730) to work on /home/airflow/.local/lib/python3.12/site-packages/airflow/example_dags/example_branch_day_of_week_operator.py
[2025-08-07T17:50:06.716+0000] {processor.py:914} INFO - Processing file /home/airflow/.local/lib/python3.12/site-packages/airflow/example_dags/example_branch_day_of_week_operator.py for tasks to queue
[2025-08-07T17:50:06.718+0000] {logging_mixin.py:190} INFO - [2025-08-07T17:50:06.718+0000] {dagbag.py:588} INFO - Filling up the DagBag from /home/airflow/.local/lib/python3.12/site-packages/airflow/example_dags/example_branch_day_of_week_operator.py
[2025-08-07T17:50:06.745+0000] {processor.py:925} INFO - DAG(s) 'example_weekday_branch_operator' retrieved from /home/airflow/.local/lib/python3.12/site-packages/airflow/example_dags/example_branch_day_of_week_operator.py
[2025-08-07T17:50:06.790+0000] {logging_mixin.py:190} INFO - [2025-08-07T17:50:06.789+0000] {dag.py:3239} INFO - Sync 1 DAGs
[2025-08-07T17:50:06.857+0000] {logging_mixin.py:190} INFO - [2025-08-07T17:50:06.856+0000] {dag.py:4180} INFO - Setting next_dagrun for example_weekday_branch_operator to 2025-08-06 00:00:00+00:00, run_after=2025-08-07 00:00:00+00:00
[2025-08-07T17:50:06.916+0000] {processor.py:208} INFO - Processing /home/airflow/.local/lib/python3.12/site-packages/airflow/example_dags/example_branch_day_of_week_operator.py took 0.217 seconds
[2025-08-07T17:50:37.873+0000] {processor.py:186} INFO - Started process (PID=3795) to work on /home/airflow/.local/lib/python3.12/site-packages/airflow/example_dags/example_branch_day_of_week_operator.py
[2025-08-07T17:50:37.874+0000] {processor.py:914} INFO - Processing file /home/airflow/.local/lib/python3.12/site-packages/airflow/example_dags/example_branch_day_of_week_operator.py for tasks to queue
[2025-08-07T17:50:37.876+0000] {logging_mixin.py:190} INFO - [2025-08-07T17:50:37.875+0000] {dagbag.py:588} INFO - Filling up the DagBag from /home/airflow/.local/lib/python3.12/site-packages/airflow/example_dags/example_branch_day_of_week_operator.py
[2025-08-07T17:50:37.895+0000] {processor.py:925} INFO - DAG(s) 'example_weekday_branch_operator' retrieved from /home/airflow/.local/lib/python3.12/site-packages/airflow/example_dags/example_branch_day_of_week_operator.py
[2025-08-07T17:50:37.943+0000] {logging_mixin.py:190} INFO - [2025-08-07T17:50:37.942+0000] {dag.py:3239} INFO - Sync 1 DAGs
[2025-08-07T17:50:37.993+0000] {logging_mixin.py:190} INFO - [2025-08-07T17:50:37.993+0000] {dag.py:4180} INFO - Setting next_dagrun for example_weekday_branch_operator to 2025-08-06 00:00:00+00:00, run_after=2025-08-07 00:00:00+00:00
[2025-08-07T17:50:38.032+0000] {processor.py:208} INFO - Processing /home/airflow/.local/lib/python3.12/site-packages/airflow/example_dags/example_branch_day_of_week_operator.py took 0.170 seconds
[2025-08-07T17:51:10.157+0000] {processor.py:186} INFO - Started process (PID=3861) to work on /home/airflow/.local/lib/python3.12/site-packages/airflow/example_dags/example_branch_day_of_week_operator.py
[2025-08-07T17:51:10.158+0000] {processor.py:914} INFO - Processing file /home/airflow/.local/lib/python3.12/site-packages/airflow/example_dags/example_branch_day_of_week_operator.py for tasks to queue
[2025-08-07T17:51:10.164+0000] {logging_mixin.py:190} INFO - [2025-08-07T17:51:10.164+0000] {dagbag.py:588} INFO - Filling up the DagBag from /home/airflow/.local/lib/python3.12/site-packages/airflow/example_dags/example_branch_day_of_week_operator.py
[2025-08-07T17:51:10.187+0000] {processor.py:925} INFO - DAG(s) 'example_weekday_branch_operator' retrieved from /home/airflow/.local/lib/python3.12/site-packages/airflow/example_dags/example_branch_day_of_week_operator.py
[2025-08-07T17:51:10.228+0000] {logging_mixin.py:190} INFO - [2025-08-07T17:51:10.227+0000] {dag.py:3239} INFO - Sync 1 DAGs
[2025-08-07T17:51:10.286+0000] {logging_mixin.py:190} INFO - [2025-08-07T17:51:10.286+0000] {dag.py:4180} INFO - Setting next_dagrun for example_weekday_branch_operator to 2025-08-06 00:00:00+00:00, run_after=2025-08-07 00:00:00+00:00
[2025-08-07T17:51:10.329+0000] {processor.py:208} INFO - Processing /home/airflow/.local/lib/python3.12/site-packages/airflow/example_dags/example_branch_day_of_week_operator.py took 0.183 seconds
[2025-08-07T17:51:42.851+0000] {processor.py:186} INFO - Started process (PID=3927) to work on /home/airflow/.local/lib/python3.12/site-packages/airflow/example_dags/example_branch_day_of_week_operator.py
[2025-08-07T17:51:42.852+0000] {processor.py:914} INFO - Processing file /home/airflow/.local/lib/python3.12/site-packages/airflow/example_dags/example_branch_day_of_week_operator.py for tasks to queue
[2025-08-07T17:51:42.859+0000] {logging_mixin.py:190} INFO - [2025-08-07T17:51:42.854+0000] {dagbag.py:588} INFO - Filling up the DagBag from /home/airflow/.local/lib/python3.12/site-packages/airflow/example_dags/example_branch_day_of_week_operator.py
[2025-08-07T17:51:42.889+0000] {processor.py:925} INFO - DAG(s) 'example_weekday_branch_operator' retrieved from /home/airflow/.local/lib/python3.12/site-packages/airflow/example_dags/example_branch_day_of_week_operator.py
[2025-08-07T17:51:42.941+0000] {logging_mixin.py:190} INFO - [2025-08-07T17:51:42.940+0000] {dag.py:3239} INFO - Sync 1 DAGs
[2025-08-07T17:51:43.009+0000] {logging_mixin.py:190} INFO - [2025-08-07T17:51:43.004+0000] {dag.py:4180} INFO - Setting next_dagrun for example_weekday_branch_operator to 2025-08-06 00:00:00+00:00, run_after=2025-08-07 00:00:00+00:00
[2025-08-07T17:51:43.063+0000] {processor.py:208} INFO - Processing /home/airflow/.local/lib/python3.12/site-packages/airflow/example_dags/example_branch_day_of_week_operator.py took 0.232 seconds
[2025-08-07T17:53:25.399+0000] {processor.py:186} INFO - Started process (PID=3996) to work on /home/airflow/.local/lib/python3.12/site-packages/airflow/example_dags/example_branch_day_of_week_operator.py
[2025-08-07T17:53:25.407+0000] {processor.py:914} INFO - Processing file /home/airflow/.local/lib/python3.12/site-packages/airflow/example_dags/example_branch_day_of_week_operator.py for tasks to queue
[2025-08-07T17:53:25.415+0000] {logging_mixin.py:190} INFO - [2025-08-07T17:53:25.409+0000] {dagbag.py:588} INFO - Filling up the DagBag from /home/airflow/.local/lib/python3.12/site-packages/airflow/example_dags/example_branch_day_of_week_operator.py
[2025-08-07T17:52:11.909+0000] {processor.py:925} INFO - DAG(s) 'example_weekday_branch_operator' retrieved from /home/airflow/.local/lib/python3.12/site-packages/airflow/example_dags/example_branch_day_of_week_operator.py
[2025-08-07T17:52:12.000+0000] {logging_mixin.py:190} INFO - [2025-08-07T17:52:12.000+0000] {dag.py:3239} INFO - Sync 1 DAGs
[2025-08-07T17:52:12.083+0000] {logging_mixin.py:190} INFO - [2025-08-07T17:52:12.083+0000] {dag.py:4180} INFO - Setting next_dagrun for example_weekday_branch_operator to 2025-08-06 00:00:00+00:00, run_after=2025-08-07 00:00:00+00:00
[2025-08-07T17:52:12.201+0000] {processor.py:208} INFO - Processing /home/airflow/.local/lib/python3.12/site-packages/airflow/example_dags/example_branch_day_of_week_operator.py took 0.388 seconds
[2025-08-07T17:52:32.023+0000] {processor.py:186} INFO - Started process (PID=4059) to work on /home/airflow/.local/lib/python3.12/site-packages/airflow/example_dags/example_branch_day_of_week_operator.py
[2025-08-07T17:52:32.029+0000] {processor.py:914} INFO - Processing file /home/airflow/.local/lib/python3.12/site-packages/airflow/example_dags/example_branch_day_of_week_operator.py for tasks to queue
[2025-08-07T17:52:32.031+0000] {logging_mixin.py:190} INFO - [2025-08-07T17:52:32.031+0000] {dagbag.py:588} INFO - Filling up the DagBag from /home/airflow/.local/lib/python3.12/site-packages/airflow/example_dags/example_branch_day_of_week_operator.py
[2025-08-07T17:52:32.052+0000] {processor.py:925} INFO - DAG(s) 'example_weekday_branch_operator' retrieved from /home/airflow/.local/lib/python3.12/site-packages/airflow/example_dags/example_branch_day_of_week_operator.py
[2025-08-07T17:52:32.099+0000] {logging_mixin.py:190} INFO - [2025-08-07T17:52:32.099+0000] {dag.py:3239} INFO - Sync 1 DAGs
[2025-08-07T17:52:32.199+0000] {logging_mixin.py:190} INFO - [2025-08-07T17:52:32.198+0000] {dag.py:4180} INFO - Setting next_dagrun for example_weekday_branch_operator to 2025-08-06 00:00:00+00:00, run_after=2025-08-07 00:00:00+00:00
[2025-08-07T17:53:45.436+0000] {processor.py:208} INFO - Processing /home/airflow/.local/lib/python3.12/site-packages/airflow/example_dags/example_branch_day_of_week_operator.py took 0.289 seconds
[2025-08-07T17:53:33.515+0000] {processor.py:186} INFO - Started process (PID=4187) to work on /home/airflow/.local/lib/python3.12/site-packages/airflow/example_dags/example_branch_day_of_week_operator.py
[2025-08-07T17:53:33.517+0000] {processor.py:914} INFO - Processing file /home/airflow/.local/lib/python3.12/site-packages/airflow/example_dags/example_branch_day_of_week_operator.py for tasks to queue
[2025-08-07T17:53:33.519+0000] {logging_mixin.py:190} INFO - [2025-08-07T17:53:33.518+0000] {dagbag.py:588} INFO - Filling up the DagBag from /home/airflow/.local/lib/python3.12/site-packages/airflow/example_dags/example_branch_day_of_week_operator.py
[2025-08-07T17:53:33.540+0000] {processor.py:925} INFO - DAG(s) 'example_weekday_branch_operator' retrieved from /home/airflow/.local/lib/python3.12/site-packages/airflow/example_dags/example_branch_day_of_week_operator.py
[2025-08-07T17:53:33.867+0000] {logging_mixin.py:190} INFO - [2025-08-07T17:53:33.867+0000] {dag.py:3239} INFO - Sync 1 DAGs
[2025-08-07T17:53:33.935+0000] {logging_mixin.py:190} INFO - [2025-08-07T17:53:33.930+0000] {dag.py:4180} INFO - Setting next_dagrun for example_weekday_branch_operator to 2025-08-06 00:00:00+00:00, run_after=2025-08-07 00:00:00+00:00
[2025-08-07T17:53:33.987+0000] {processor.py:208} INFO - Processing /home/airflow/.local/lib/python3.12/site-packages/airflow/example_dags/example_branch_day_of_week_operator.py took 0.498 seconds
[2025-08-07T17:53:48.770+0000] {processor.py:186} INFO - Started process (PID=4251) to work on /home/airflow/.local/lib/python3.12/site-packages/airflow/example_dags/example_branch_day_of_week_operator.py
[2025-08-07T17:53:48.771+0000] {processor.py:914} INFO - Processing file /home/airflow/.local/lib/python3.12/site-packages/airflow/example_dags/example_branch_day_of_week_operator.py for tasks to queue
[2025-08-07T17:53:48.775+0000] {logging_mixin.py:190} INFO - [2025-08-07T17:53:48.774+0000] {dagbag.py:588} INFO - Filling up the DagBag from /home/airflow/.local/lib/python3.12/site-packages/airflow/example_dags/example_branch_day_of_week_operator.py
[2025-08-07T17:53:48.805+0000] {processor.py:925} INFO - DAG(s) 'example_weekday_branch_operator' retrieved from /home/airflow/.local/lib/python3.12/site-packages/airflow/example_dags/example_branch_day_of_week_operator.py
[2025-08-07T17:53:48.841+0000] {logging_mixin.py:190} INFO - [2025-08-07T17:53:48.840+0000] {dag.py:3239} INFO - Sync 1 DAGs
[2025-08-07T17:53:48.909+0000] {logging_mixin.py:190} INFO - [2025-08-07T17:53:48.905+0000] {dag.py:4180} INFO - Setting next_dagrun for example_weekday_branch_operator to 2025-08-06 00:00:00+00:00, run_after=2025-08-07 00:00:00+00:00
[2025-08-07T17:53:48.962+0000] {processor.py:208} INFO - Processing /home/airflow/.local/lib/python3.12/site-packages/airflow/example_dags/example_branch_day_of_week_operator.py took 0.220 seconds
[2025-08-07T17:54:03.231+0000] {processor.py:186} INFO - Started process (PID=4311) to work on /home/airflow/.local/lib/python3.12/site-packages/airflow/example_dags/example_branch_day_of_week_operator.py
[2025-08-07T17:54:03.233+0000] {processor.py:914} INFO - Processing file /home/airflow/.local/lib/python3.12/site-packages/airflow/example_dags/example_branch_day_of_week_operator.py for tasks to queue
[2025-08-07T17:54:03.240+0000] {logging_mixin.py:190} INFO - [2025-08-07T17:54:03.235+0000] {dagbag.py:588} INFO - Filling up the DagBag from /home/airflow/.local/lib/python3.12/site-packages/airflow/example_dags/example_branch_day_of_week_operator.py
[2025-08-07T17:54:03.263+0000] {processor.py:925} INFO - DAG(s) 'example_weekday_branch_operator' retrieved from /home/airflow/.local/lib/python3.12/site-packages/airflow/example_dags/example_branch_day_of_week_operator.py
[2025-08-07T17:54:03.301+0000] {logging_mixin.py:190} INFO - [2025-08-07T17:54:03.301+0000] {dag.py:3239} INFO - Sync 1 DAGs
[2025-08-07T17:54:03.359+0000] {logging_mixin.py:190} INFO - [2025-08-07T17:54:03.355+0000] {dag.py:4180} INFO - Setting next_dagrun for example_weekday_branch_operator to 2025-08-06 00:00:00+00:00, run_after=2025-08-07 00:00:00+00:00
[2025-08-07T17:54:03.404+0000] {processor.py:208} INFO - Processing /home/airflow/.local/lib/python3.12/site-packages/airflow/example_dags/example_branch_day_of_week_operator.py took 0.191 seconds
[2025-08-07T17:54:35.274+0000] {processor.py:186} INFO - Started process (PID=4377) to work on /home/airflow/.local/lib/python3.12/site-packages/airflow/example_dags/example_branch_day_of_week_operator.py
[2025-08-07T17:54:35.275+0000] {processor.py:914} INFO - Processing file /home/airflow/.local/lib/python3.12/site-packages/airflow/example_dags/example_branch_day_of_week_operator.py for tasks to queue
[2025-08-07T17:54:35.281+0000] {logging_mixin.py:190} INFO - [2025-08-07T17:54:35.276+0000] {dagbag.py:588} INFO - Filling up the DagBag from /home/airflow/.local/lib/python3.12/site-packages/airflow/example_dags/example_branch_day_of_week_operator.py
[2025-08-07T17:54:35.302+0000] {processor.py:925} INFO - DAG(s) 'example_weekday_branch_operator' retrieved from /home/airflow/.local/lib/python3.12/site-packages/airflow/example_dags/example_branch_day_of_week_operator.py
[2025-08-07T17:54:35.382+0000] {logging_mixin.py:190} INFO - [2025-08-07T17:54:35.381+0000] {dag.py:3239} INFO - Sync 1 DAGs
[2025-08-07T17:54:35.452+0000] {logging_mixin.py:190} INFO - [2025-08-07T17:54:35.452+0000] {dag.py:4180} INFO - Setting next_dagrun for example_weekday_branch_operator to 2025-08-06 00:00:00+00:00, run_after=2025-08-07 00:00:00+00:00
[2025-08-07T17:54:35.506+0000] {processor.py:208} INFO - Processing /home/airflow/.local/lib/python3.12/site-packages/airflow/example_dags/example_branch_day_of_week_operator.py took 0.243 seconds
[2025-08-07T17:55:08.334+0000] {processor.py:186} INFO - Started process (PID=4447) to work on /home/airflow/.local/lib/python3.12/site-packages/airflow/example_dags/example_branch_day_of_week_operator.py
[2025-08-07T17:55:08.336+0000] {processor.py:914} INFO - Processing file /home/airflow/.local/lib/python3.12/site-packages/airflow/example_dags/example_branch_day_of_week_operator.py for tasks to queue
[2025-08-07T17:55:08.342+0000] {logging_mixin.py:190} INFO - [2025-08-07T17:55:08.342+0000] {dagbag.py:588} INFO - Filling up the DagBag from /home/airflow/.local/lib/python3.12/site-packages/airflow/example_dags/example_branch_day_of_week_operator.py
[2025-08-07T17:55:08.376+0000] {processor.py:925} INFO - DAG(s) 'example_weekday_branch_operator' retrieved from /home/airflow/.local/lib/python3.12/site-packages/airflow/example_dags/example_branch_day_of_week_operator.py
[2025-08-07T17:55:08.461+0000] {logging_mixin.py:190} INFO - [2025-08-07T17:55:08.456+0000] {dag.py:3239} INFO - Sync 1 DAGs
[2025-08-07T17:55:08.525+0000] {logging_mixin.py:190} INFO - [2025-08-07T17:55:08.525+0000] {dag.py:4180} INFO - Setting next_dagrun for example_weekday_branch_operator to 2025-08-06 00:00:00+00:00, run_after=2025-08-07 00:00:00+00:00
[2025-08-07T17:55:08.581+0000] {processor.py:208} INFO - Processing /home/airflow/.local/lib/python3.12/site-packages/airflow/example_dags/example_branch_day_of_week_operator.py took 0.270 seconds
