[2025-08-07T00:26:23.189+0000] {processor.py:186} INFO - Started process (PID=1042) to work on /home/airflow/.local/lib/python3.12/site-packages/airflow/example_dags/example_branch_python_dop_operator_3.py
[2025-08-07T00:26:23.191+0000] {processor.py:914} INFO - Processing file /home/airflow/.local/lib/python3.12/site-packages/airflow/example_dags/example_branch_python_dop_operator_3.py for tasks to queue
[2025-08-07T00:26:23.194+0000] {logging_mixin.py:190} INFO - [2025-08-07T00:26:23.193+0000] {dagbag.py:588} INFO - Filling up the DagBag from /home/airflow/.local/lib/python3.12/site-packages/airflow/example_dags/example_branch_python_dop_operator_3.py
[2025-08-07T00:26:23.209+0000] {processor.py:925} INFO - DAG(s) 'example_branch_dop_operator_v3' retrieved from /home/airflow/.local/lib/python3.12/site-packages/airflow/example_dags/example_branch_python_dop_operator_3.py
[2025-08-07T00:26:23.371+0000] {logging_mixin.py:190} INFO - [2025-08-07T00:26:23.371+0000] {dag.py:3239} INFO - Sync 1 DAGs
[2025-08-07T00:26:23.406+0000] {logging_mixin.py:190} INFO - [2025-08-07T00:26:23.406+0000] {dag.py:4180} INFO - Setting next_dagrun for example_branch_dop_operator_v3 to 2025-08-07 00:25:00+00:00, run_after=2025-08-07 00:26:00+00:00
[2025-08-07T00:26:23.437+0000] {processor.py:208} INFO - Processing /home/airflow/.local/lib/python3.12/site-packages/airflow/example_dags/example_branch_python_dop_operator_3.py took 0.257 seconds
[2025-08-07T11:29:45.013+0000] {processor.py:186} INFO - Started process (PID=1130) to work on /home/airflow/.local/lib/python3.12/site-packages/airflow/example_dags/example_branch_python_dop_operator_3.py
[2025-08-07T11:29:45.014+0000] {processor.py:914} INFO - Processing file /home/airflow/.local/lib/python3.12/site-packages/airflow/example_dags/example_branch_python_dop_operator_3.py for tasks to queue
[2025-08-07T11:29:45.017+0000] {logging_mixin.py:190} INFO - [2025-08-07T11:29:45.016+0000] {dagbag.py:588} INFO - Filling up the DagBag from /home/airflow/.local/lib/python3.12/site-packages/airflow/example_dags/example_branch_python_dop_operator_3.py
[2025-08-07T11:29:45.028+0000] {processor.py:925} INFO - DAG(s) 'example_branch_dop_operator_v3' retrieved from /home/airflow/.local/lib/python3.12/site-packages/airflow/example_dags/example_branch_python_dop_operator_3.py
[2025-08-07T11:29:45.051+0000] {logging_mixin.py:190} INFO - [2025-08-07T11:29:45.050+0000] {dag.py:3239} INFO - Sync 1 DAGs
[2025-08-07T11:29:45.084+0000] {logging_mixin.py:190} INFO - [2025-08-07T11:29:45.083+0000] {dag.py:4180} INFO - Setting next_dagrun for example_branch_dop_operator_v3 to 2025-08-07 11:28:00+00:00, run_after=2025-08-07 11:29:00+00:00
[2025-08-07T11:29:45.109+0000] {processor.py:208} INFO - Processing /home/airflow/.local/lib/python3.12/site-packages/airflow/example_dags/example_branch_python_dop_operator_3.py took 0.102 seconds
[2025-08-07T17:21:46.861+0000] {processor.py:186} INFO - Started process (PID=1208) to work on /home/airflow/.local/lib/python3.12/site-packages/airflow/example_dags/example_branch_python_dop_operator_3.py
[2025-08-07T17:21:46.863+0000] {processor.py:914} INFO - Processing file /home/airflow/.local/lib/python3.12/site-packages/airflow/example_dags/example_branch_python_dop_operator_3.py for tasks to queue
[2025-08-07T17:21:46.865+0000] {logging_mixin.py:190} INFO - [2025-08-07T17:21:46.864+0000] {dagbag.py:588} INFO - Filling up the DagBag from /home/airflow/.local/lib/python3.12/site-packages/airflow/example_dags/example_branch_python_dop_operator_3.py
[2025-08-07T17:21:46.883+0000] {processor.py:925} INFO - DAG(s) 'example_branch_dop_operator_v3' retrieved from /home/airflow/.local/lib/python3.12/site-packages/airflow/example_dags/example_branch_python_dop_operator_3.py
[2025-08-07T17:21:46.930+0000] {logging_mixin.py:190} INFO - [2025-08-07T17:21:46.929+0000] {dag.py:3239} INFO - Sync 1 DAGs
[2025-08-07T17:21:46.998+0000] {logging_mixin.py:190} INFO - [2025-08-07T17:21:46.997+0000] {dag.py:4180} INFO - Setting next_dagrun for example_branch_dop_operator_v3 to 2025-08-07 17:20:00+00:00, run_after=2025-08-07 17:21:00+00:00
[2025-08-07T17:21:47.046+0000] {processor.py:208} INFO - Processing /home/airflow/.local/lib/python3.12/site-packages/airflow/example_dags/example_branch_python_dop_operator_3.py took 0.194 seconds
[2025-08-07T17:22:17.193+0000] {processor.py:186} INFO - Started process (PID=1274) to work on /home/airflow/.local/lib/python3.12/site-packages/airflow/example_dags/example_branch_python_dop_operator_3.py
[2025-08-07T17:22:17.195+0000] {processor.py:914} INFO - Processing file /home/airflow/.local/lib/python3.12/site-packages/airflow/example_dags/example_branch_python_dop_operator_3.py for tasks to queue
[2025-08-07T17:22:17.197+0000] {logging_mixin.py:190} INFO - [2025-08-07T17:22:17.196+0000] {dagbag.py:588} INFO - Filling up the DagBag from /home/airflow/.local/lib/python3.12/site-packages/airflow/example_dags/example_branch_python_dop_operator_3.py
[2025-08-07T17:22:17.212+0000] {processor.py:925} INFO - DAG(s) 'example_branch_dop_operator_v3' retrieved from /home/airflow/.local/lib/python3.12/site-packages/airflow/example_dags/example_branch_python_dop_operator_3.py
[2025-08-07T17:22:17.238+0000] {logging_mixin.py:190} INFO - [2025-08-07T17:22:17.238+0000] {dag.py:3239} INFO - Sync 1 DAGs
[2025-08-07T17:22:17.281+0000] {logging_mixin.py:190} INFO - [2025-08-07T17:22:17.281+0000] {dag.py:4180} INFO - Setting next_dagrun for example_branch_dop_operator_v3 to 2025-08-07 17:21:00+00:00, run_after=2025-08-07 17:22:00+00:00
[2025-08-07T17:22:17.309+0000] {processor.py:208} INFO - Processing /home/airflow/.local/lib/python3.12/site-packages/airflow/example_dags/example_branch_python_dop_operator_3.py took 0.122 seconds
[2025-08-07T17:22:48.660+0000] {processor.py:186} INFO - Started process (PID=1340) to work on /home/airflow/.local/lib/python3.12/site-packages/airflow/example_dags/example_branch_python_dop_operator_3.py
[2025-08-07T17:22:48.661+0000] {processor.py:914} INFO - Processing file /home/airflow/.local/lib/python3.12/site-packages/airflow/example_dags/example_branch_python_dop_operator_3.py for tasks to queue
[2025-08-07T17:22:48.663+0000] {logging_mixin.py:190} INFO - [2025-08-07T17:22:48.662+0000] {dagbag.py:588} INFO - Filling up the DagBag from /home/airflow/.local/lib/python3.12/site-packages/airflow/example_dags/example_branch_python_dop_operator_3.py
[2025-08-07T17:22:48.675+0000] {processor.py:925} INFO - DAG(s) 'example_branch_dop_operator_v3' retrieved from /home/airflow/.local/lib/python3.12/site-packages/airflow/example_dags/example_branch_python_dop_operator_3.py
[2025-08-07T17:22:48.697+0000] {logging_mixin.py:190} INFO - [2025-08-07T17:22:48.697+0000] {dag.py:3239} INFO - Sync 1 DAGs
[2025-08-07T17:22:48.740+0000] {logging_mixin.py:190} INFO - [2025-08-07T17:22:48.740+0000] {dag.py:4180} INFO - Setting next_dagrun for example_branch_dop_operator_v3 to 2025-08-07 17:21:00+00:00, run_after=2025-08-07 17:22:00+00:00
[2025-08-07T17:22:48.761+0000] {processor.py:208} INFO - Processing /home/airflow/.local/lib/python3.12/site-packages/airflow/example_dags/example_branch_python_dop_operator_3.py took 0.107 seconds
[2025-08-07T17:23:18.230+0000] {processor.py:186} INFO - Started process (PID=1504) to work on /home/airflow/.local/lib/python3.12/site-packages/airflow/example_dags/example_branch_python_dop_operator_3.py
[2025-08-07T17:23:18.231+0000] {processor.py:914} INFO - Processing file /home/airflow/.local/lib/python3.12/site-packages/airflow/example_dags/example_branch_python_dop_operator_3.py for tasks to queue
[2025-08-07T17:23:18.232+0000] {logging_mixin.py:190} INFO - [2025-08-07T17:23:18.232+0000] {dagbag.py:588} INFO - Filling up the DagBag from /home/airflow/.local/lib/python3.12/site-packages/airflow/example_dags/example_branch_python_dop_operator_3.py
[2025-08-07T17:23:18.243+0000] {processor.py:925} INFO - DAG(s) 'example_branch_dop_operator_v3' retrieved from /home/airflow/.local/lib/python3.12/site-packages/airflow/example_dags/example_branch_python_dop_operator_3.py
[2025-08-07T17:23:18.265+0000] {logging_mixin.py:190} INFO - [2025-08-07T17:23:18.265+0000] {dag.py:3239} INFO - Sync 1 DAGs
[2025-08-07T17:23:18.296+0000] {logging_mixin.py:190} INFO - [2025-08-07T17:23:18.295+0000] {dag.py:4180} INFO - Setting next_dagrun for example_branch_dop_operator_v3 to 2025-08-07 17:22:00+00:00, run_after=2025-08-07 17:23:00+00:00
[2025-08-07T17:23:18.324+0000] {processor.py:208} INFO - Processing /home/airflow/.local/lib/python3.12/site-packages/airflow/example_dags/example_branch_python_dop_operator_3.py took 0.100 seconds
[2025-08-07T17:23:47.939+0000] {processor.py:186} INFO - Started process (PID=1568) to work on /home/airflow/.local/lib/python3.12/site-packages/airflow/example_dags/example_branch_python_dop_operator_3.py
[2025-08-07T17:23:47.941+0000] {processor.py:914} INFO - Processing file /home/airflow/.local/lib/python3.12/site-packages/airflow/example_dags/example_branch_python_dop_operator_3.py for tasks to queue
[2025-08-07T17:23:47.942+0000] {logging_mixin.py:190} INFO - [2025-08-07T17:23:47.942+0000] {dagbag.py:588} INFO - Filling up the DagBag from /home/airflow/.local/lib/python3.12/site-packages/airflow/example_dags/example_branch_python_dop_operator_3.py
[2025-08-07T17:23:47.955+0000] {processor.py:925} INFO - DAG(s) 'example_branch_dop_operator_v3' retrieved from /home/airflow/.local/lib/python3.12/site-packages/airflow/example_dags/example_branch_python_dop_operator_3.py
[2025-08-07T17:23:47.978+0000] {logging_mixin.py:190} INFO - [2025-08-07T17:23:47.978+0000] {dag.py:3239} INFO - Sync 1 DAGs
[2025-08-07T17:23:48.010+0000] {logging_mixin.py:190} INFO - [2025-08-07T17:23:48.010+0000] {dag.py:4180} INFO - Setting next_dagrun for example_branch_dop_operator_v3 to 2025-08-07 17:22:00+00:00, run_after=2025-08-07 17:23:00+00:00
[2025-08-07T17:23:48.035+0000] {processor.py:208} INFO - Processing /home/airflow/.local/lib/python3.12/site-packages/airflow/example_dags/example_branch_python_dop_operator_3.py took 0.101 seconds
[2025-08-07T17:24:03.568+0000] {processor.py:186} INFO - Started process (PID=1628) to work on /home/airflow/.local/lib/python3.12/site-packages/airflow/example_dags/example_branch_python_dop_operator_3.py
[2025-08-07T17:24:03.569+0000] {processor.py:914} INFO - Processing file /home/airflow/.local/lib/python3.12/site-packages/airflow/example_dags/example_branch_python_dop_operator_3.py for tasks to queue
[2025-08-07T17:24:03.571+0000] {logging_mixin.py:190} INFO - [2025-08-07T17:24:03.571+0000] {dagbag.py:588} INFO - Filling up the DagBag from /home/airflow/.local/lib/python3.12/site-packages/airflow/example_dags/example_branch_python_dop_operator_3.py
[2025-08-07T17:24:03.583+0000] {processor.py:925} INFO - DAG(s) 'example_branch_dop_operator_v3' retrieved from /home/airflow/.local/lib/python3.12/site-packages/airflow/example_dags/example_branch_python_dop_operator_3.py
[2025-08-07T17:24:03.606+0000] {logging_mixin.py:190} INFO - [2025-08-07T17:24:03.606+0000] {dag.py:3239} INFO - Sync 1 DAGs
[2025-08-07T17:24:03.643+0000] {logging_mixin.py:190} INFO - [2025-08-07T17:24:03.643+0000] {dag.py:4180} INFO - Setting next_dagrun for example_branch_dop_operator_v3 to 2025-08-07 17:23:00+00:00, run_after=2025-08-07 17:24:00+00:00
[2025-08-07T17:24:03.673+0000] {processor.py:208} INFO - Processing /home/airflow/.local/lib/python3.12/site-packages/airflow/example_dags/example_branch_python_dop_operator_3.py took 0.111 seconds
[2025-08-07T17:24:16.553+0000] {processor.py:186} INFO - Started process (PID=1693) to work on /home/airflow/.local/lib/python3.12/site-packages/airflow/example_dags/example_branch_python_dop_operator_3.py
[2025-08-07T17:24:16.554+0000] {processor.py:914} INFO - Processing file /home/airflow/.local/lib/python3.12/site-packages/airflow/example_dags/example_branch_python_dop_operator_3.py for tasks to queue
[2025-08-07T17:24:16.556+0000] {logging_mixin.py:190} INFO - [2025-08-07T17:24:16.555+0000] {dagbag.py:588} INFO - Filling up the DagBag from /home/airflow/.local/lib/python3.12/site-packages/airflow/example_dags/example_branch_python_dop_operator_3.py
[2025-08-07T17:24:16.565+0000] {processor.py:925} INFO - DAG(s) 'example_branch_dop_operator_v3' retrieved from /home/airflow/.local/lib/python3.12/site-packages/airflow/example_dags/example_branch_python_dop_operator_3.py
[2025-08-07T17:24:16.590+0000] {logging_mixin.py:190} INFO - [2025-08-07T17:24:16.589+0000] {dag.py:3239} INFO - Sync 1 DAGs
[2025-08-07T17:24:16.625+0000] {logging_mixin.py:190} INFO - [2025-08-07T17:24:16.624+0000] {dag.py:4180} INFO - Setting next_dagrun for example_branch_dop_operator_v3 to 2025-08-07 17:23:00+00:00, run_after=2025-08-07 17:24:00+00:00
[2025-08-07T17:24:16.655+0000] {processor.py:208} INFO - Processing /home/airflow/.local/lib/python3.12/site-packages/airflow/example_dags/example_branch_python_dop_operator_3.py took 0.108 seconds
[2025-08-07T17:24:48.078+0000] {processor.py:186} INFO - Started process (PID=1762) to work on /home/airflow/.local/lib/python3.12/site-packages/airflow/example_dags/example_branch_python_dop_operator_3.py
[2025-08-07T17:24:48.079+0000] {processor.py:914} INFO - Processing file /home/airflow/.local/lib/python3.12/site-packages/airflow/example_dags/example_branch_python_dop_operator_3.py for tasks to queue
[2025-08-07T17:24:48.081+0000] {logging_mixin.py:190} INFO - [2025-08-07T17:24:48.080+0000] {dagbag.py:588} INFO - Filling up the DagBag from /home/airflow/.local/lib/python3.12/site-packages/airflow/example_dags/example_branch_python_dop_operator_3.py
[2025-08-07T17:24:48.091+0000] {processor.py:925} INFO - DAG(s) 'example_branch_dop_operator_v3' retrieved from /home/airflow/.local/lib/python3.12/site-packages/airflow/example_dags/example_branch_python_dop_operator_3.py
[2025-08-07T17:24:48.112+0000] {logging_mixin.py:190} INFO - [2025-08-07T17:24:48.112+0000] {dag.py:3239} INFO - Sync 1 DAGs
[2025-08-07T17:24:48.142+0000] {logging_mixin.py:190} INFO - [2025-08-07T17:24:48.142+0000] {dag.py:4180} INFO - Setting next_dagrun for example_branch_dop_operator_v3 to 2025-08-07 17:23:00+00:00, run_after=2025-08-07 17:24:00+00:00
[2025-08-07T17:25:46.352+0000] {processor.py:186} INFO - Started process (PID=1948) to work on /home/airflow/.local/lib/python3.12/site-packages/airflow/example_dags/example_branch_python_dop_operator_3.py
[2025-08-07T17:25:46.354+0000] {processor.py:914} INFO - Processing file /home/airflow/.local/lib/python3.12/site-packages/airflow/example_dags/example_branch_python_dop_operator_3.py for tasks to queue
[2025-08-07T17:25:46.355+0000] {logging_mixin.py:190} INFO - [2025-08-07T17:25:46.355+0000] {dagbag.py:588} INFO - Filling up the DagBag from /home/airflow/.local/lib/python3.12/site-packages/airflow/example_dags/example_branch_python_dop_operator_3.py
[2025-08-07T17:25:46.369+0000] {processor.py:925} INFO - DAG(s) 'example_branch_dop_operator_v3' retrieved from /home/airflow/.local/lib/python3.12/site-packages/airflow/example_dags/example_branch_python_dop_operator_3.py
[2025-08-07T17:25:46.391+0000] {logging_mixin.py:190} INFO - [2025-08-07T17:25:46.391+0000] {dag.py:3239} INFO - Sync 1 DAGs
[2025-08-07T17:25:46.429+0000] {logging_mixin.py:190} INFO - [2025-08-07T17:25:46.428+0000] {dag.py:4180} INFO - Setting next_dagrun for example_branch_dop_operator_v3 to 2025-08-07 17:24:00+00:00, run_after=2025-08-07 17:25:00+00:00
[2025-08-07T17:25:46.461+0000] {processor.py:208} INFO - Processing /home/airflow/.local/lib/python3.12/site-packages/airflow/example_dags/example_branch_python_dop_operator_3.py took 0.116 seconds
[2025-08-07T17:26:17.420+0000] {processor.py:186} INFO - Started process (PID=2012) to work on /home/airflow/.local/lib/python3.12/site-packages/airflow/example_dags/example_branch_python_dop_operator_3.py
[2025-08-07T17:26:17.421+0000] {processor.py:914} INFO - Processing file /home/airflow/.local/lib/python3.12/site-packages/airflow/example_dags/example_branch_python_dop_operator_3.py for tasks to queue
[2025-08-07T17:26:17.423+0000] {logging_mixin.py:190} INFO - [2025-08-07T17:26:17.422+0000] {dagbag.py:588} INFO - Filling up the DagBag from /home/airflow/.local/lib/python3.12/site-packages/airflow/example_dags/example_branch_python_dop_operator_3.py
[2025-08-07T17:26:17.435+0000] {processor.py:925} INFO - DAG(s) 'example_branch_dop_operator_v3' retrieved from /home/airflow/.local/lib/python3.12/site-packages/airflow/example_dags/example_branch_python_dop_operator_3.py
[2025-08-07T17:26:17.459+0000] {logging_mixin.py:190} INFO - [2025-08-07T17:26:17.458+0000] {dag.py:3239} INFO - Sync 1 DAGs
[2025-08-07T17:26:17.490+0000] {logging_mixin.py:190} INFO - [2025-08-07T17:26:17.490+0000] {dag.py:4180} INFO - Setting next_dagrun for example_branch_dop_operator_v3 to 2025-08-07 17:25:00+00:00, run_after=2025-08-07 17:26:00+00:00
[2025-08-07T17:26:17.520+0000] {processor.py:208} INFO - Processing /home/airflow/.local/lib/python3.12/site-packages/airflow/example_dags/example_branch_python_dop_operator_3.py took 0.105 seconds
[2025-08-07T17:26:48.678+0000] {processor.py:186} INFO - Started process (PID=2075) to work on /home/airflow/.local/lib/python3.12/site-packages/airflow/example_dags/example_branch_python_dop_operator_3.py
[2025-08-07T17:26:48.679+0000] {processor.py:914} INFO - Processing file /home/airflow/.local/lib/python3.12/site-packages/airflow/example_dags/example_branch_python_dop_operator_3.py for tasks to queue
[2025-08-07T17:26:48.681+0000] {logging_mixin.py:190} INFO - [2025-08-07T17:26:48.681+0000] {dagbag.py:588} INFO - Filling up the DagBag from /home/airflow/.local/lib/python3.12/site-packages/airflow/example_dags/example_branch_python_dop_operator_3.py
[2025-08-07T17:26:48.692+0000] {processor.py:925} INFO - DAG(s) 'example_branch_dop_operator_v3' retrieved from /home/airflow/.local/lib/python3.12/site-packages/airflow/example_dags/example_branch_python_dop_operator_3.py
[2025-08-07T17:26:48.715+0000] {logging_mixin.py:190} INFO - [2025-08-07T17:26:48.714+0000] {dag.py:3239} INFO - Sync 1 DAGs
[2025-08-07T17:26:48.748+0000] {logging_mixin.py:190} INFO - [2025-08-07T17:26:48.747+0000] {dag.py:4180} INFO - Setting next_dagrun for example_branch_dop_operator_v3 to 2025-08-07 17:25:00+00:00, run_after=2025-08-07 17:26:00+00:00
[2025-08-07T17:28:01.929+0000] {processor.py:208} INFO - Processing /home/airflow/.local/lib/python3.12/site-packages/airflow/example_dags/example_branch_python_dop_operator_3.py took 0.105 seconds
[2025-08-07T17:27:58.956+0000] {processor.py:186} INFO - Started process (PID=2263) to work on /home/airflow/.local/lib/python3.12/site-packages/airflow/example_dags/example_branch_python_dop_operator_3.py
[2025-08-07T17:27:58.957+0000] {processor.py:914} INFO - Processing file /home/airflow/.local/lib/python3.12/site-packages/airflow/example_dags/example_branch_python_dop_operator_3.py for tasks to queue
[2025-08-07T17:27:58.959+0000] {logging_mixin.py:190} INFO - [2025-08-07T17:27:58.959+0000] {dagbag.py:588} INFO - Filling up the DagBag from /home/airflow/.local/lib/python3.12/site-packages/airflow/example_dags/example_branch_python_dop_operator_3.py
[2025-08-07T17:27:58.971+0000] {processor.py:925} INFO - DAG(s) 'example_branch_dop_operator_v3' retrieved from /home/airflow/.local/lib/python3.12/site-packages/airflow/example_dags/example_branch_python_dop_operator_3.py
[2025-08-07T17:27:59.109+0000] {logging_mixin.py:190} INFO - [2025-08-07T17:27:59.108+0000] {dag.py:3239} INFO - Sync 1 DAGs
[2025-08-07T17:27:59.136+0000] {logging_mixin.py:190} INFO - [2025-08-07T17:27:59.135+0000] {dag.py:4180} INFO - Setting next_dagrun for example_branch_dop_operator_v3 to 2025-08-07 17:26:00+00:00, run_after=2025-08-07 17:27:00+00:00
[2025-08-07T17:27:59.162+0000] {processor.py:208} INFO - Processing /home/airflow/.local/lib/python3.12/site-packages/airflow/example_dags/example_branch_python_dop_operator_3.py took 0.213 seconds
[2025-08-07T17:28:29.946+0000] {processor.py:186} INFO - Started process (PID=2327) to work on /home/airflow/.local/lib/python3.12/site-packages/airflow/example_dags/example_branch_python_dop_operator_3.py
[2025-08-07T17:28:29.948+0000] {processor.py:914} INFO - Processing file /home/airflow/.local/lib/python3.12/site-packages/airflow/example_dags/example_branch_python_dop_operator_3.py for tasks to queue
[2025-08-07T17:28:29.949+0000] {logging_mixin.py:190} INFO - [2025-08-07T17:28:29.949+0000] {dagbag.py:588} INFO - Filling up the DagBag from /home/airflow/.local/lib/python3.12/site-packages/airflow/example_dags/example_branch_python_dop_operator_3.py
[2025-08-07T17:28:29.960+0000] {processor.py:925} INFO - DAG(s) 'example_branch_dop_operator_v3' retrieved from /home/airflow/.local/lib/python3.12/site-packages/airflow/example_dags/example_branch_python_dop_operator_3.py
[2025-08-07T17:28:29.984+0000] {logging_mixin.py:190} INFO - [2025-08-07T17:28:29.984+0000] {dag.py:3239} INFO - Sync 1 DAGs
[2025-08-07T17:28:30.019+0000] {logging_mixin.py:190} INFO - [2025-08-07T17:28:30.019+0000] {dag.py:4180} INFO - Setting next_dagrun for example_branch_dop_operator_v3 to 2025-08-07 17:27:00+00:00, run_after=2025-08-07 17:28:00+00:00
[2025-08-07T17:28:30.049+0000] {processor.py:208} INFO - Processing /home/airflow/.local/lib/python3.12/site-packages/airflow/example_dags/example_branch_python_dop_operator_3.py took 0.109 seconds
[2025-08-07T17:28:40.681+0000] {processor.py:186} INFO - Started process (PID=2392) to work on /home/airflow/.local/lib/python3.12/site-packages/airflow/example_dags/example_branch_python_dop_operator_3.py
[2025-08-07T17:28:40.682+0000] {processor.py:914} INFO - Processing file /home/airflow/.local/lib/python3.12/site-packages/airflow/example_dags/example_branch_python_dop_operator_3.py for tasks to queue
[2025-08-07T17:28:40.686+0000] {logging_mixin.py:190} INFO - [2025-08-07T17:28:40.685+0000] {dagbag.py:588} INFO - Filling up the DagBag from /home/airflow/.local/lib/python3.12/site-packages/airflow/example_dags/example_branch_python_dop_operator_3.py
[2025-08-07T17:28:40.705+0000] {processor.py:925} INFO - DAG(s) 'example_branch_dop_operator_v3' retrieved from /home/airflow/.local/lib/python3.12/site-packages/airflow/example_dags/example_branch_python_dop_operator_3.py
[2025-08-07T17:28:40.737+0000] {logging_mixin.py:190} INFO - [2025-08-07T17:28:40.737+0000] {dag.py:3239} INFO - Sync 1 DAGs
[2025-08-07T17:28:40.788+0000] {logging_mixin.py:190} INFO - [2025-08-07T17:28:40.788+0000] {dag.py:4180} INFO - Setting next_dagrun for example_branch_dop_operator_v3 to 2025-08-07 17:27:00+00:00, run_after=2025-08-07 17:28:00+00:00
[2025-08-07T17:28:40.825+0000] {processor.py:208} INFO - Processing /home/airflow/.local/lib/python3.12/site-packages/airflow/example_dags/example_branch_python_dop_operator_3.py took 0.151 seconds
[2025-08-07T17:29:11.828+0000] {processor.py:186} INFO - Started process (PID=2458) to work on /home/airflow/.local/lib/python3.12/site-packages/airflow/example_dags/example_branch_python_dop_operator_3.py
[2025-08-07T17:29:11.829+0000] {processor.py:914} INFO - Processing file /home/airflow/.local/lib/python3.12/site-packages/airflow/example_dags/example_branch_python_dop_operator_3.py for tasks to queue
[2025-08-07T17:29:11.831+0000] {logging_mixin.py:190} INFO - [2025-08-07T17:29:11.830+0000] {dagbag.py:588} INFO - Filling up the DagBag from /home/airflow/.local/lib/python3.12/site-packages/airflow/example_dags/example_branch_python_dop_operator_3.py
[2025-08-07T17:29:11.849+0000] {processor.py:925} INFO - DAG(s) 'example_branch_dop_operator_v3' retrieved from /home/airflow/.local/lib/python3.12/site-packages/airflow/example_dags/example_branch_python_dop_operator_3.py
[2025-08-07T17:29:11.874+0000] {logging_mixin.py:190} INFO - [2025-08-07T17:29:11.873+0000] {dag.py:3239} INFO - Sync 1 DAGs
[2025-08-07T17:29:11.914+0000] {logging_mixin.py:190} INFO - [2025-08-07T17:29:11.914+0000] {dag.py:4180} INFO - Setting next_dagrun for example_branch_dop_operator_v3 to 2025-08-07 17:28:00+00:00, run_after=2025-08-07 17:29:00+00:00
[2025-08-07T17:29:11.939+0000] {processor.py:208} INFO - Processing /home/airflow/.local/lib/python3.12/site-packages/airflow/example_dags/example_branch_python_dop_operator_3.py took 0.116 seconds
[2025-08-07T17:29:19.326+0000] {processor.py:186} INFO - Started process (PID=2516) to work on /home/airflow/.local/lib/python3.12/site-packages/airflow/example_dags/example_branch_python_dop_operator_3.py
[2025-08-07T17:29:19.327+0000] {processor.py:914} INFO - Processing file /home/airflow/.local/lib/python3.12/site-packages/airflow/example_dags/example_branch_python_dop_operator_3.py for tasks to queue
[2025-08-07T17:29:19.328+0000] {logging_mixin.py:190} INFO - [2025-08-07T17:29:19.328+0000] {dagbag.py:588} INFO - Filling up the DagBag from /home/airflow/.local/lib/python3.12/site-packages/airflow/example_dags/example_branch_python_dop_operator_3.py
[2025-08-07T17:29:19.341+0000] {processor.py:925} INFO - DAG(s) 'example_branch_dop_operator_v3' retrieved from /home/airflow/.local/lib/python3.12/site-packages/airflow/example_dags/example_branch_python_dop_operator_3.py
[2025-08-07T17:29:19.366+0000] {logging_mixin.py:190} INFO - [2025-08-07T17:29:19.366+0000] {dag.py:3239} INFO - Sync 1 DAGs
[2025-08-07T17:29:19.401+0000] {logging_mixin.py:190} INFO - [2025-08-07T17:29:19.401+0000] {dag.py:4180} INFO - Setting next_dagrun for example_branch_dop_operator_v3 to 2025-08-07 17:28:00+00:00, run_after=2025-08-07 17:29:00+00:00
[2025-08-07T17:29:19.431+0000] {processor.py:208} INFO - Processing /home/airflow/.local/lib/python3.12/site-packages/airflow/example_dags/example_branch_python_dop_operator_3.py took 0.114 seconds
[2025-08-07T17:29:50.681+0000] {processor.py:186} INFO - Started process (PID=2580) to work on /home/airflow/.local/lib/python3.12/site-packages/airflow/example_dags/example_branch_python_dop_operator_3.py
[2025-08-07T17:29:50.682+0000] {processor.py:914} INFO - Processing file /home/airflow/.local/lib/python3.12/site-packages/airflow/example_dags/example_branch_python_dop_operator_3.py for tasks to queue
[2025-08-07T17:29:50.686+0000] {logging_mixin.py:190} INFO - [2025-08-07T17:29:50.685+0000] {dagbag.py:588} INFO - Filling up the DagBag from /home/airflow/.local/lib/python3.12/site-packages/airflow/example_dags/example_branch_python_dop_operator_3.py
[2025-08-07T17:29:50.699+0000] {processor.py:925} INFO - DAG(s) 'example_branch_dop_operator_v3' retrieved from /home/airflow/.local/lib/python3.12/site-packages/airflow/example_dags/example_branch_python_dop_operator_3.py
[2025-08-07T17:29:50.728+0000] {logging_mixin.py:190} INFO - [2025-08-07T17:29:50.728+0000] {dag.py:3239} INFO - Sync 1 DAGs
[2025-08-07T17:29:50.772+0000] {logging_mixin.py:190} INFO - [2025-08-07T17:29:50.772+0000] {dag.py:4180} INFO - Setting next_dagrun for example_branch_dop_operator_v3 to 2025-08-07 17:28:00+00:00, run_after=2025-08-07 17:29:00+00:00
[2025-08-07T17:29:50.806+0000] {processor.py:208} INFO - Processing /home/airflow/.local/lib/python3.12/site-packages/airflow/example_dags/example_branch_python_dop_operator_3.py took 0.134 seconds
[2025-08-07T17:30:22.235+0000] {processor.py:186} INFO - Started process (PID=2644) to work on /home/airflow/.local/lib/python3.12/site-packages/airflow/example_dags/example_branch_python_dop_operator_3.py
[2025-08-07T17:30:22.237+0000] {processor.py:914} INFO - Processing file /home/airflow/.local/lib/python3.12/site-packages/airflow/example_dags/example_branch_python_dop_operator_3.py for tasks to queue
[2025-08-07T17:30:22.240+0000] {logging_mixin.py:190} INFO - [2025-08-07T17:30:22.240+0000] {dagbag.py:588} INFO - Filling up the DagBag from /home/airflow/.local/lib/python3.12/site-packages/airflow/example_dags/example_branch_python_dop_operator_3.py
[2025-08-07T17:30:22.252+0000] {processor.py:925} INFO - DAG(s) 'example_branch_dop_operator_v3' retrieved from /home/airflow/.local/lib/python3.12/site-packages/airflow/example_dags/example_branch_python_dop_operator_3.py
[2025-08-07T17:30:22.278+0000] {logging_mixin.py:190} INFO - [2025-08-07T17:30:22.277+0000] {dag.py:3239} INFO - Sync 1 DAGs
[2025-08-07T17:30:22.314+0000] {logging_mixin.py:190} INFO - [2025-08-07T17:30:22.313+0000] {dag.py:4180} INFO - Setting next_dagrun for example_branch_dop_operator_v3 to 2025-08-07 17:29:00+00:00, run_after=2025-08-07 17:30:00+00:00
[2025-08-07T17:30:22.340+0000] {processor.py:208} INFO - Processing /home/airflow/.local/lib/python3.12/site-packages/airflow/example_dags/example_branch_python_dop_operator_3.py took 0.111 seconds
[2025-08-07T17:42:40.812+0000] {processor.py:186} INFO - Started process (PID=2722) to work on /home/airflow/.local/lib/python3.12/site-packages/airflow/example_dags/example_branch_python_dop_operator_3.py
[2025-08-07T17:42:40.813+0000] {processor.py:914} INFO - Processing file /home/airflow/.local/lib/python3.12/site-packages/airflow/example_dags/example_branch_python_dop_operator_3.py for tasks to queue
[2025-08-07T17:42:40.814+0000] {logging_mixin.py:190} INFO - [2025-08-07T17:42:40.814+0000] {dagbag.py:588} INFO - Filling up the DagBag from /home/airflow/.local/lib/python3.12/site-packages/airflow/example_dags/example_branch_python_dop_operator_3.py
[2025-08-07T17:42:40.836+0000] {processor.py:925} INFO - DAG(s) 'example_branch_dop_operator_v3' retrieved from /home/airflow/.local/lib/python3.12/site-packages/airflow/example_dags/example_branch_python_dop_operator_3.py
[2025-08-07T17:42:40.877+0000] {logging_mixin.py:190} INFO - [2025-08-07T17:42:40.876+0000] {dag.py:3239} INFO - Sync 1 DAGs
[2025-08-07T17:42:40.946+0000] {logging_mixin.py:190} INFO - [2025-08-07T17:42:40.946+0000] {dag.py:4180} INFO - Setting next_dagrun for example_branch_dop_operator_v3 to 2025-08-07 17:41:00+00:00, run_after=2025-08-07 17:42:00+00:00
[2025-08-07T17:42:40.992+0000] {processor.py:208} INFO - Processing /home/airflow/.local/lib/python3.12/site-packages/airflow/example_dags/example_branch_python_dop_operator_3.py took 0.189 seconds
[2025-08-07T17:43:12.949+0000] {processor.py:186} INFO - Started process (PID=2786) to work on /home/airflow/.local/lib/python3.12/site-packages/airflow/example_dags/example_branch_python_dop_operator_3.py
[2025-08-07T17:43:12.958+0000] {processor.py:914} INFO - Processing file /home/airflow/.local/lib/python3.12/site-packages/airflow/example_dags/example_branch_python_dop_operator_3.py for tasks to queue
[2025-08-07T17:43:12.967+0000] {logging_mixin.py:190} INFO - [2025-08-07T17:43:12.963+0000] {dagbag.py:588} INFO - Filling up the DagBag from /home/airflow/.local/lib/python3.12/site-packages/airflow/example_dags/example_branch_python_dop_operator_3.py
[2025-08-07T17:43:12.989+0000] {processor.py:925} INFO - DAG(s) 'example_branch_dop_operator_v3' retrieved from /home/airflow/.local/lib/python3.12/site-packages/airflow/example_dags/example_branch_python_dop_operator_3.py
[2025-08-07T17:43:13.017+0000] {logging_mixin.py:190} INFO - [2025-08-07T17:43:13.017+0000] {dag.py:3239} INFO - Sync 1 DAGs
[2025-08-07T17:43:13.059+0000] {logging_mixin.py:190} INFO - [2025-08-07T17:43:13.059+0000] {dag.py:4180} INFO - Setting next_dagrun for example_branch_dop_operator_v3 to 2025-08-07 17:42:00+00:00, run_after=2025-08-07 17:43:00+00:00
[2025-08-07T17:43:13.092+0000] {processor.py:208} INFO - Processing /home/airflow/.local/lib/python3.12/site-packages/airflow/example_dags/example_branch_python_dop_operator_3.py took 0.155 seconds
[2025-08-07T17:43:30.997+0000] {processor.py:186} INFO - Started process (PID=2852) to work on /home/airflow/.local/lib/python3.12/site-packages/airflow/example_dags/example_branch_python_dop_operator_3.py
[2025-08-07T17:43:30.998+0000] {processor.py:914} INFO - Processing file /home/airflow/.local/lib/python3.12/site-packages/airflow/example_dags/example_branch_python_dop_operator_3.py for tasks to queue
[2025-08-07T17:43:31.000+0000] {logging_mixin.py:190} INFO - [2025-08-07T17:43:30.999+0000] {dagbag.py:588} INFO - Filling up the DagBag from /home/airflow/.local/lib/python3.12/site-packages/airflow/example_dags/example_branch_python_dop_operator_3.py
[2025-08-07T17:43:31.030+0000] {processor.py:925} INFO - DAG(s) 'example_branch_dop_operator_v3' retrieved from /home/airflow/.local/lib/python3.12/site-packages/airflow/example_dags/example_branch_python_dop_operator_3.py
[2025-08-07T17:43:31.073+0000] {logging_mixin.py:190} INFO - [2025-08-07T17:43:31.072+0000] {dag.py:3239} INFO - Sync 1 DAGs
[2025-08-07T17:43:31.569+0000] {logging_mixin.py:190} INFO - [2025-08-07T17:43:31.569+0000] {dag.py:4180} INFO - Setting next_dagrun for example_branch_dop_operator_v3 to 2025-08-07 17:42:00+00:00, run_after=2025-08-07 17:43:00+00:00
[2025-08-07T17:43:31.658+0000] {processor.py:208} INFO - Processing /home/airflow/.local/lib/python3.12/site-packages/airflow/example_dags/example_branch_python_dop_operator_3.py took 0.679 seconds
[2025-08-07T17:43:49.689+0000] {processor.py:186} INFO - Started process (PID=2912) to work on /home/airflow/.local/lib/python3.12/site-packages/airflow/example_dags/example_branch_python_dop_operator_3.py
[2025-08-07T17:43:49.690+0000] {processor.py:914} INFO - Processing file /home/airflow/.local/lib/python3.12/site-packages/airflow/example_dags/example_branch_python_dop_operator_3.py for tasks to queue
[2025-08-07T17:43:49.691+0000] {logging_mixin.py:190} INFO - [2025-08-07T17:43:49.691+0000] {dagbag.py:588} INFO - Filling up the DagBag from /home/airflow/.local/lib/python3.12/site-packages/airflow/example_dags/example_branch_python_dop_operator_3.py
[2025-08-07T17:43:49.718+0000] {processor.py:925} INFO - DAG(s) 'example_branch_dop_operator_v3' retrieved from /home/airflow/.local/lib/python3.12/site-packages/airflow/example_dags/example_branch_python_dop_operator_3.py
[2025-08-07T17:43:49.751+0000] {logging_mixin.py:190} INFO - [2025-08-07T17:43:49.750+0000] {dag.py:3239} INFO - Sync 1 DAGs
[2025-08-07T17:43:50.049+0000] {logging_mixin.py:190} INFO - [2025-08-07T17:43:50.049+0000] {dag.py:4180} INFO - Setting next_dagrun for example_branch_dop_operator_v3 to 2025-08-07 17:42:00+00:00, run_after=2025-08-07 17:43:00+00:00
[2025-08-07T17:43:50.089+0000] {processor.py:208} INFO - Processing /home/airflow/.local/lib/python3.12/site-packages/airflow/example_dags/example_branch_python_dop_operator_3.py took 0.409 seconds
[2025-08-07T17:44:23.689+0000] {processor.py:186} INFO - Started process (PID=2984) to work on /home/airflow/.local/lib/python3.12/site-packages/airflow/example_dags/example_branch_python_dop_operator_3.py
[2025-08-07T17:44:23.690+0000] {processor.py:914} INFO - Processing file /home/airflow/.local/lib/python3.12/site-packages/airflow/example_dags/example_branch_python_dop_operator_3.py for tasks to queue
[2025-08-07T17:44:23.696+0000] {logging_mixin.py:190} INFO - [2025-08-07T17:44:23.692+0000] {dagbag.py:588} INFO - Filling up the DagBag from /home/airflow/.local/lib/python3.12/site-packages/airflow/example_dags/example_branch_python_dop_operator_3.py
[2025-08-07T17:44:23.716+0000] {processor.py:925} INFO - DAG(s) 'example_branch_dop_operator_v3' retrieved from /home/airflow/.local/lib/python3.12/site-packages/airflow/example_dags/example_branch_python_dop_operator_3.py
[2025-08-07T17:44:23.750+0000] {logging_mixin.py:190} INFO - [2025-08-07T17:44:23.750+0000] {dag.py:3239} INFO - Sync 1 DAGs
[2025-08-07T17:44:24.075+0000] {logging_mixin.py:190} INFO - [2025-08-07T17:44:24.072+0000] {dag.py:4180} INFO - Setting next_dagrun for example_branch_dop_operator_v3 to 2025-08-07 17:43:00+00:00, run_after=2025-08-07 17:44:00+00:00
[2025-08-07T17:44:24.108+0000] {processor.py:208} INFO - Processing /home/airflow/.local/lib/python3.12/site-packages/airflow/example_dags/example_branch_python_dop_operator_3.py took 0.428 seconds
[2025-08-07T17:44:56.158+0000] {processor.py:186} INFO - Started process (PID=3050) to work on /home/airflow/.local/lib/python3.12/site-packages/airflow/example_dags/example_branch_python_dop_operator_3.py
[2025-08-07T17:44:56.160+0000] {processor.py:914} INFO - Processing file /home/airflow/.local/lib/python3.12/site-packages/airflow/example_dags/example_branch_python_dop_operator_3.py for tasks to queue
[2025-08-07T17:44:56.161+0000] {logging_mixin.py:190} INFO - [2025-08-07T17:44:56.161+0000] {dagbag.py:588} INFO - Filling up the DagBag from /home/airflow/.local/lib/python3.12/site-packages/airflow/example_dags/example_branch_python_dop_operator_3.py
[2025-08-07T17:44:56.182+0000] {processor.py:925} INFO - DAG(s) 'example_branch_dop_operator_v3' retrieved from /home/airflow/.local/lib/python3.12/site-packages/airflow/example_dags/example_branch_python_dop_operator_3.py
[2025-08-07T17:44:56.228+0000] {logging_mixin.py:190} INFO - [2025-08-07T17:44:56.227+0000] {dag.py:3239} INFO - Sync 1 DAGs
[2025-08-07T17:44:56.577+0000] {logging_mixin.py:190} INFO - [2025-08-07T17:44:56.577+0000] {dag.py:4180} INFO - Setting next_dagrun for example_branch_dop_operator_v3 to 2025-08-07 17:43:00+00:00, run_after=2025-08-07 17:44:00+00:00
[2025-08-07T17:44:56.619+0000] {processor.py:208} INFO - Processing /home/airflow/.local/lib/python3.12/site-packages/airflow/example_dags/example_branch_python_dop_operator_3.py took 0.472 seconds
[2025-08-07T17:45:28.119+0000] {processor.py:186} INFO - Started process (PID=3115) to work on /home/airflow/.local/lib/python3.12/site-packages/airflow/example_dags/example_branch_python_dop_operator_3.py
[2025-08-07T17:45:28.121+0000] {processor.py:914} INFO - Processing file /home/airflow/.local/lib/python3.12/site-packages/airflow/example_dags/example_branch_python_dop_operator_3.py for tasks to queue
[2025-08-07T17:45:28.127+0000] {logging_mixin.py:190} INFO - [2025-08-07T17:45:28.122+0000] {dagbag.py:588} INFO - Filling up the DagBag from /home/airflow/.local/lib/python3.12/site-packages/airflow/example_dags/example_branch_python_dop_operator_3.py
[2025-08-07T17:45:28.149+0000] {processor.py:925} INFO - DAG(s) 'example_branch_dop_operator_v3' retrieved from /home/airflow/.local/lib/python3.12/site-packages/airflow/example_dags/example_branch_python_dop_operator_3.py
[2025-08-07T17:45:28.191+0000] {logging_mixin.py:190} INFO - [2025-08-07T17:45:28.190+0000] {dag.py:3239} INFO - Sync 1 DAGs
[2025-08-07T17:45:28.571+0000] {logging_mixin.py:190} INFO - [2025-08-07T17:45:28.571+0000] {dag.py:4180} INFO - Setting next_dagrun for example_branch_dop_operator_v3 to 2025-08-07 17:44:00+00:00, run_after=2025-08-07 17:45:00+00:00
[2025-08-07T17:45:28.611+0000] {processor.py:208} INFO - Processing /home/airflow/.local/lib/python3.12/site-packages/airflow/example_dags/example_branch_python_dop_operator_3.py took 0.503 seconds
[2025-08-07T17:45:59.071+0000] {processor.py:186} INFO - Started process (PID=3180) to work on /home/airflow/.local/lib/python3.12/site-packages/airflow/example_dags/example_branch_python_dop_operator_3.py
[2025-08-07T17:45:59.073+0000] {processor.py:914} INFO - Processing file /home/airflow/.local/lib/python3.12/site-packages/airflow/example_dags/example_branch_python_dop_operator_3.py for tasks to queue
[2025-08-07T17:45:59.075+0000] {logging_mixin.py:190} INFO - [2025-08-07T17:45:59.074+0000] {dagbag.py:588} INFO - Filling up the DagBag from /home/airflow/.local/lib/python3.12/site-packages/airflow/example_dags/example_branch_python_dop_operator_3.py
[2025-08-07T17:45:59.094+0000] {processor.py:925} INFO - DAG(s) 'example_branch_dop_operator_v3' retrieved from /home/airflow/.local/lib/python3.12/site-packages/airflow/example_dags/example_branch_python_dop_operator_3.py
[2025-08-07T17:45:59.143+0000] {logging_mixin.py:190} INFO - [2025-08-07T17:45:59.143+0000] {dag.py:3239} INFO - Sync 1 DAGs
[2025-08-07T17:45:59.196+0000] {logging_mixin.py:190} INFO - [2025-08-07T17:45:59.196+0000] {dag.py:4180} INFO - Setting next_dagrun for example_branch_dop_operator_v3 to 2025-08-07 17:44:00+00:00, run_after=2025-08-07 17:45:00+00:00
[2025-08-07T17:45:59.517+0000] {processor.py:208} INFO - Processing /home/airflow/.local/lib/python3.12/site-packages/airflow/example_dags/example_branch_python_dop_operator_3.py took 0.456 seconds
[2025-08-07T17:46:29.789+0000] {processor.py:186} INFO - Started process (PID=3243) to work on /home/airflow/.local/lib/python3.12/site-packages/airflow/example_dags/example_branch_python_dop_operator_3.py
[2025-08-07T17:46:29.791+0000] {processor.py:914} INFO - Processing file /home/airflow/.local/lib/python3.12/site-packages/airflow/example_dags/example_branch_python_dop_operator_3.py for tasks to queue
[2025-08-07T17:46:29.793+0000] {logging_mixin.py:190} INFO - [2025-08-07T17:46:29.793+0000] {dagbag.py:588} INFO - Filling up the DagBag from /home/airflow/.local/lib/python3.12/site-packages/airflow/example_dags/example_branch_python_dop_operator_3.py
[2025-08-07T17:46:29.811+0000] {processor.py:925} INFO - DAG(s) 'example_branch_dop_operator_v3' retrieved from /home/airflow/.local/lib/python3.12/site-packages/airflow/example_dags/example_branch_python_dop_operator_3.py
[2025-08-07T17:46:29.845+0000] {logging_mixin.py:190} INFO - [2025-08-07T17:46:29.844+0000] {dag.py:3239} INFO - Sync 1 DAGs
[2025-08-07T17:46:29.899+0000] {logging_mixin.py:190} INFO - [2025-08-07T17:46:29.899+0000] {dag.py:4180} INFO - Setting next_dagrun for example_branch_dop_operator_v3 to 2025-08-07 17:45:00+00:00, run_after=2025-08-07 17:46:00+00:00
[2025-08-07T17:46:29.941+0000] {processor.py:208} INFO - Processing /home/airflow/.local/lib/python3.12/site-packages/airflow/example_dags/example_branch_python_dop_operator_3.py took 0.161 seconds
[2025-08-07T17:47:00.082+0000] {processor.py:186} INFO - Started process (PID=3307) to work on /home/airflow/.local/lib/python3.12/site-packages/airflow/example_dags/example_branch_python_dop_operator_3.py
[2025-08-07T17:47:00.084+0000] {processor.py:914} INFO - Processing file /home/airflow/.local/lib/python3.12/site-packages/airflow/example_dags/example_branch_python_dop_operator_3.py for tasks to queue
[2025-08-07T17:47:00.089+0000] {logging_mixin.py:190} INFO - [2025-08-07T17:47:00.089+0000] {dagbag.py:588} INFO - Filling up the DagBag from /home/airflow/.local/lib/python3.12/site-packages/airflow/example_dags/example_branch_python_dop_operator_3.py
[2025-08-07T17:47:00.103+0000] {processor.py:925} INFO - DAG(s) 'example_branch_dop_operator_v3' retrieved from /home/airflow/.local/lib/python3.12/site-packages/airflow/example_dags/example_branch_python_dop_operator_3.py
[2025-08-07T17:47:00.142+0000] {logging_mixin.py:190} INFO - [2025-08-07T17:47:00.142+0000] {dag.py:3239} INFO - Sync 1 DAGs
[2025-08-07T17:47:00.194+0000] {logging_mixin.py:190} INFO - [2025-08-07T17:47:00.194+0000] {dag.py:4180} INFO - Setting next_dagrun for example_branch_dop_operator_v3 to 2025-08-07 17:46:00+00:00, run_after=2025-08-07 17:47:00+00:00
[2025-08-07T17:47:00.239+0000] {processor.py:208} INFO - Processing /home/airflow/.local/lib/python3.12/site-packages/airflow/example_dags/example_branch_python_dop_operator_3.py took 0.167 seconds
[2025-08-07T17:47:31.088+0000] {processor.py:186} INFO - Started process (PID=3372) to work on /home/airflow/.local/lib/python3.12/site-packages/airflow/example_dags/example_branch_python_dop_operator_3.py
[2025-08-07T17:47:31.089+0000] {processor.py:914} INFO - Processing file /home/airflow/.local/lib/python3.12/site-packages/airflow/example_dags/example_branch_python_dop_operator_3.py for tasks to queue
[2025-08-07T17:47:31.091+0000] {logging_mixin.py:190} INFO - [2025-08-07T17:47:31.090+0000] {dagbag.py:588} INFO - Filling up the DagBag from /home/airflow/.local/lib/python3.12/site-packages/airflow/example_dags/example_branch_python_dop_operator_3.py
[2025-08-07T17:47:31.112+0000] {processor.py:925} INFO - DAG(s) 'example_branch_dop_operator_v3' retrieved from /home/airflow/.local/lib/python3.12/site-packages/airflow/example_dags/example_branch_python_dop_operator_3.py
[2025-08-07T17:47:31.152+0000] {logging_mixin.py:190} INFO - [2025-08-07T17:47:31.152+0000] {dag.py:3239} INFO - Sync 1 DAGs
[2025-08-07T17:47:31.220+0000] {logging_mixin.py:190} INFO - [2025-08-07T17:47:31.219+0000] {dag.py:4180} INFO - Setting next_dagrun for example_branch_dop_operator_v3 to 2025-08-07 17:46:00+00:00, run_after=2025-08-07 17:47:00+00:00
[2025-08-07T17:48:44.828+0000] {processor.py:208} INFO - Processing /home/airflow/.local/lib/python3.12/site-packages/airflow/example_dags/example_branch_python_dop_operator_3.py took 0.199 seconds
[2025-08-07T17:48:02.700+0000] {processor.py:186} INFO - Started process (PID=3438) to work on /home/airflow/.local/lib/python3.12/site-packages/airflow/example_dags/example_branch_python_dop_operator_3.py
[2025-08-07T17:48:02.701+0000] {processor.py:914} INFO - Processing file /home/airflow/.local/lib/python3.12/site-packages/airflow/example_dags/example_branch_python_dop_operator_3.py for tasks to queue
[2025-08-07T17:48:02.706+0000] {logging_mixin.py:190} INFO - [2025-08-07T17:48:02.706+0000] {dagbag.py:588} INFO - Filling up the DagBag from /home/airflow/.local/lib/python3.12/site-packages/airflow/example_dags/example_branch_python_dop_operator_3.py
[2025-08-07T17:48:02.730+0000] {processor.py:925} INFO - DAG(s) 'example_branch_dop_operator_v3' retrieved from /home/airflow/.local/lib/python3.12/site-packages/airflow/example_dags/example_branch_python_dop_operator_3.py
[2025-08-07T17:48:02.770+0000] {logging_mixin.py:190} INFO - [2025-08-07T17:48:02.770+0000] {dag.py:3239} INFO - Sync 1 DAGs
[2025-08-07T17:48:02.836+0000] {logging_mixin.py:190} INFO - [2025-08-07T17:48:02.836+0000] {dag.py:4180} INFO - Setting next_dagrun for example_branch_dop_operator_v3 to 2025-08-07 17:47:00+00:00, run_after=2025-08-07 17:48:00+00:00
[2025-08-07T17:48:02.878+0000] {processor.py:208} INFO - Processing /home/airflow/.local/lib/python3.12/site-packages/airflow/example_dags/example_branch_python_dop_operator_3.py took 0.190 seconds
[2025-08-07T17:48:34.618+0000] {processor.py:186} INFO - Started process (PID=3501) to work on /home/airflow/.local/lib/python3.12/site-packages/airflow/example_dags/example_branch_python_dop_operator_3.py
[2025-08-07T17:48:34.620+0000] {processor.py:914} INFO - Processing file /home/airflow/.local/lib/python3.12/site-packages/airflow/example_dags/example_branch_python_dop_operator_3.py for tasks to queue
[2025-08-07T17:48:34.627+0000] {logging_mixin.py:190} INFO - [2025-08-07T17:48:34.627+0000] {dagbag.py:588} INFO - Filling up the DagBag from /home/airflow/.local/lib/python3.12/site-packages/airflow/example_dags/example_branch_python_dop_operator_3.py
[2025-08-07T17:48:34.655+0000] {processor.py:925} INFO - DAG(s) 'example_branch_dop_operator_v3' retrieved from /home/airflow/.local/lib/python3.12/site-packages/airflow/example_dags/example_branch_python_dop_operator_3.py
[2025-08-07T17:48:34.707+0000] {logging_mixin.py:190} INFO - [2025-08-07T17:48:34.707+0000] {dag.py:3239} INFO - Sync 1 DAGs
[2025-08-07T17:48:34.787+0000] {logging_mixin.py:190} INFO - [2025-08-07T17:48:34.787+0000] {dag.py:4180} INFO - Setting next_dagrun for example_branch_dop_operator_v3 to 2025-08-07 17:47:00+00:00, run_after=2025-08-07 17:48:00+00:00
[2025-08-07T17:48:34.856+0000] {processor.py:208} INFO - Processing /home/airflow/.local/lib/python3.12/site-packages/airflow/example_dags/example_branch_python_dop_operator_3.py took 0.256 seconds
[2025-08-07T17:49:06.852+0000] {processor.py:186} INFO - Started process (PID=3563) to work on /home/airflow/.local/lib/python3.12/site-packages/airflow/example_dags/example_branch_python_dop_operator_3.py
[2025-08-07T17:49:06.857+0000] {processor.py:914} INFO - Processing file /home/airflow/.local/lib/python3.12/site-packages/airflow/example_dags/example_branch_python_dop_operator_3.py for tasks to queue
[2025-08-07T17:49:06.859+0000] {logging_mixin.py:190} INFO - [2025-08-07T17:49:06.858+0000] {dagbag.py:588} INFO - Filling up the DagBag from /home/airflow/.local/lib/python3.12/site-packages/airflow/example_dags/example_branch_python_dop_operator_3.py
[2025-08-07T17:49:06.887+0000] {processor.py:925} INFO - DAG(s) 'example_branch_dop_operator_v3' retrieved from /home/airflow/.local/lib/python3.12/site-packages/airflow/example_dags/example_branch_python_dop_operator_3.py
[2025-08-07T17:49:06.938+0000] {logging_mixin.py:190} INFO - [2025-08-07T17:49:06.938+0000] {dag.py:3239} INFO - Sync 1 DAGs
[2025-08-07T17:49:07.020+0000] {logging_mixin.py:190} INFO - [2025-08-07T17:49:07.020+0000] {dag.py:4180} INFO - Setting next_dagrun for example_branch_dop_operator_v3 to 2025-08-07 17:48:00+00:00, run_after=2025-08-07 17:49:00+00:00
[2025-08-07T17:49:07.091+0000] {processor.py:208} INFO - Processing /home/airflow/.local/lib/python3.12/site-packages/airflow/example_dags/example_branch_python_dop_operator_3.py took 0.250 seconds
[2025-08-07T17:49:38.366+0000] {processor.py:186} INFO - Started process (PID=3624) to work on /home/airflow/.local/lib/python3.12/site-packages/airflow/example_dags/example_branch_python_dop_operator_3.py
[2025-08-07T17:49:38.368+0000] {processor.py:914} INFO - Processing file /home/airflow/.local/lib/python3.12/site-packages/airflow/example_dags/example_branch_python_dop_operator_3.py for tasks to queue
[2025-08-07T17:49:38.375+0000] {logging_mixin.py:190} INFO - [2025-08-07T17:49:38.374+0000] {dagbag.py:588} INFO - Filling up the DagBag from /home/airflow/.local/lib/python3.12/site-packages/airflow/example_dags/example_branch_python_dop_operator_3.py
[2025-08-07T17:49:38.407+0000] {processor.py:925} INFO - DAG(s) 'example_branch_dop_operator_v3' retrieved from /home/airflow/.local/lib/python3.12/site-packages/airflow/example_dags/example_branch_python_dop_operator_3.py
[2025-08-07T17:49:38.457+0000] {logging_mixin.py:190} INFO - [2025-08-07T17:49:38.457+0000] {dag.py:3239} INFO - Sync 1 DAGs
[2025-08-07T17:49:38.545+0000] {logging_mixin.py:190} INFO - [2025-08-07T17:49:38.545+0000] {dag.py:4180} INFO - Setting next_dagrun for example_branch_dop_operator_v3 to 2025-08-07 17:48:00+00:00, run_after=2025-08-07 17:49:00+00:00
[2025-08-07T17:49:38.595+0000] {processor.py:208} INFO - Processing /home/airflow/.local/lib/python3.12/site-packages/airflow/example_dags/example_branch_python_dop_operator_3.py took 0.249 seconds
[2025-08-07T17:49:56.715+0000] {processor.py:186} INFO - Started process (PID=3690) to work on /home/airflow/.local/lib/python3.12/site-packages/airflow/example_dags/example_branch_python_dop_operator_3.py
[2025-08-07T17:49:56.719+0000] {processor.py:914} INFO - Processing file /home/airflow/.local/lib/python3.12/site-packages/airflow/example_dags/example_branch_python_dop_operator_3.py for tasks to queue
[2025-08-07T17:49:56.728+0000] {logging_mixin.py:190} INFO - [2025-08-07T17:49:56.727+0000] {dagbag.py:588} INFO - Filling up the DagBag from /home/airflow/.local/lib/python3.12/site-packages/airflow/example_dags/example_branch_python_dop_operator_3.py
[2025-08-07T17:49:56.756+0000] {processor.py:925} INFO - DAG(s) 'example_branch_dop_operator_v3' retrieved from /home/airflow/.local/lib/python3.12/site-packages/airflow/example_dags/example_branch_python_dop_operator_3.py
[2025-08-07T17:49:56.799+0000] {logging_mixin.py:190} INFO - [2025-08-07T17:49:56.799+0000] {dag.py:3239} INFO - Sync 1 DAGs
[2025-08-07T17:49:56.868+0000] {logging_mixin.py:190} INFO - [2025-08-07T17:49:56.868+0000] {dag.py:4180} INFO - Setting next_dagrun for example_branch_dop_operator_v3 to 2025-08-07 17:48:00+00:00, run_after=2025-08-07 17:49:00+00:00
[2025-08-07T17:49:56.914+0000] {processor.py:208} INFO - Processing /home/airflow/.local/lib/python3.12/site-packages/airflow/example_dags/example_branch_python_dop_operator_3.py took 0.215 seconds
[2025-08-07T17:50:11.719+0000] {processor.py:186} INFO - Started process (PID=3750) to work on /home/airflow/.local/lib/python3.12/site-packages/airflow/example_dags/example_branch_python_dop_operator_3.py
[2025-08-07T17:50:11.721+0000] {processor.py:914} INFO - Processing file /home/airflow/.local/lib/python3.12/site-packages/airflow/example_dags/example_branch_python_dop_operator_3.py for tasks to queue
[2025-08-07T17:50:11.728+0000] {logging_mixin.py:190} INFO - [2025-08-07T17:50:11.727+0000] {dagbag.py:588} INFO - Filling up the DagBag from /home/airflow/.local/lib/python3.12/site-packages/airflow/example_dags/example_branch_python_dop_operator_3.py
[2025-08-07T17:50:11.768+0000] {processor.py:925} INFO - DAG(s) 'example_branch_dop_operator_v3' retrieved from /home/airflow/.local/lib/python3.12/site-packages/airflow/example_dags/example_branch_python_dop_operator_3.py
[2025-08-07T17:50:11.836+0000] {logging_mixin.py:190} INFO - [2025-08-07T17:50:11.832+0000] {dag.py:3239} INFO - Sync 1 DAGs
[2025-08-07T17:50:11.930+0000] {logging_mixin.py:190} INFO - [2025-08-07T17:50:11.930+0000] {dag.py:4180} INFO - Setting next_dagrun for example_branch_dop_operator_v3 to 2025-08-07 17:49:00+00:00, run_after=2025-08-07 17:50:00+00:00
[2025-08-07T17:51:25.167+0000] {processor.py:208} INFO - Processing /home/airflow/.local/lib/python3.12/site-packages/airflow/example_dags/example_branch_python_dop_operator_3.py took 0.325 seconds
[2025-08-07T17:50:42.886+0000] {processor.py:186} INFO - Started process (PID=3821) to work on /home/airflow/.local/lib/python3.12/site-packages/airflow/example_dags/example_branch_python_dop_operator_3.py
[2025-08-07T17:50:42.888+0000] {processor.py:914} INFO - Processing file /home/airflow/.local/lib/python3.12/site-packages/airflow/example_dags/example_branch_python_dop_operator_3.py for tasks to queue
[2025-08-07T17:50:42.890+0000] {logging_mixin.py:190} INFO - [2025-08-07T17:50:42.889+0000] {dagbag.py:588} INFO - Filling up the DagBag from /home/airflow/.local/lib/python3.12/site-packages/airflow/example_dags/example_branch_python_dop_operator_3.py
[2025-08-07T17:50:42.920+0000] {processor.py:925} INFO - DAG(s) 'example_branch_dop_operator_v3' retrieved from /home/airflow/.local/lib/python3.12/site-packages/airflow/example_dags/example_branch_python_dop_operator_3.py
[2025-08-07T17:50:42.968+0000] {logging_mixin.py:190} INFO - [2025-08-07T17:50:42.968+0000] {dag.py:3239} INFO - Sync 1 DAGs
[2025-08-07T17:50:43.029+0000] {logging_mixin.py:190} INFO - [2025-08-07T17:50:43.029+0000] {dag.py:4180} INFO - Setting next_dagrun for example_branch_dop_operator_v3 to 2025-08-07 17:49:00+00:00, run_after=2025-08-07 17:50:00+00:00
[2025-08-07T17:50:43.079+0000] {processor.py:208} INFO - Processing /home/airflow/.local/lib/python3.12/site-packages/airflow/example_dags/example_branch_python_dop_operator_3.py took 0.211 seconds
[2025-08-07T17:51:14.222+0000] {processor.py:186} INFO - Started process (PID=3887) to work on /home/airflow/.local/lib/python3.12/site-packages/airflow/example_dags/example_branch_python_dop_operator_3.py
[2025-08-07T17:51:14.223+0000] {processor.py:914} INFO - Processing file /home/airflow/.local/lib/python3.12/site-packages/airflow/example_dags/example_branch_python_dop_operator_3.py for tasks to queue
[2025-08-07T17:51:14.229+0000] {logging_mixin.py:190} INFO - [2025-08-07T17:51:14.224+0000] {dagbag.py:588} INFO - Filling up the DagBag from /home/airflow/.local/lib/python3.12/site-packages/airflow/example_dags/example_branch_python_dop_operator_3.py
[2025-08-07T17:51:14.250+0000] {processor.py:925} INFO - DAG(s) 'example_branch_dop_operator_v3' retrieved from /home/airflow/.local/lib/python3.12/site-packages/airflow/example_dags/example_branch_python_dop_operator_3.py
[2025-08-07T17:51:14.292+0000] {logging_mixin.py:190} INFO - [2025-08-07T17:51:14.291+0000] {dag.py:3239} INFO - Sync 1 DAGs
[2025-08-07T17:51:14.353+0000] {logging_mixin.py:190} INFO - [2025-08-07T17:51:14.352+0000] {dag.py:4180} INFO - Setting next_dagrun for example_branch_dop_operator_v3 to 2025-08-07 17:50:00+00:00, run_after=2025-08-07 17:51:00+00:00
[2025-08-07T17:51:14.393+0000] {processor.py:208} INFO - Processing /home/airflow/.local/lib/python3.12/site-packages/airflow/example_dags/example_branch_python_dop_operator_3.py took 0.182 seconds
[2025-08-07T17:51:46.564+0000] {processor.py:186} INFO - Started process (PID=3953) to work on /home/airflow/.local/lib/python3.12/site-packages/airflow/example_dags/example_branch_python_dop_operator_3.py
[2025-08-07T17:51:46.570+0000] {processor.py:914} INFO - Processing file /home/airflow/.local/lib/python3.12/site-packages/airflow/example_dags/example_branch_python_dop_operator_3.py for tasks to queue
[2025-08-07T17:51:46.571+0000] {logging_mixin.py:190} INFO - [2025-08-07T17:51:46.571+0000] {dagbag.py:588} INFO - Filling up the DagBag from /home/airflow/.local/lib/python3.12/site-packages/airflow/example_dags/example_branch_python_dop_operator_3.py
[2025-08-07T17:51:46.600+0000] {processor.py:925} INFO - DAG(s) 'example_branch_dop_operator_v3' retrieved from /home/airflow/.local/lib/python3.12/site-packages/airflow/example_dags/example_branch_python_dop_operator_3.py
[2025-08-07T17:51:46.644+0000] {logging_mixin.py:190} INFO - [2025-08-07T17:51:46.643+0000] {dag.py:3239} INFO - Sync 1 DAGs
[2025-08-07T17:51:46.724+0000] {logging_mixin.py:190} INFO - [2025-08-07T17:51:46.724+0000] {dag.py:4180} INFO - Setting next_dagrun for example_branch_dop_operator_v3 to 2025-08-07 17:50:00+00:00, run_after=2025-08-07 17:51:00+00:00
[2025-08-07T17:53:00.339+0000] {processor.py:208} INFO - Processing /home/airflow/.local/lib/python3.12/site-packages/airflow/example_dags/example_branch_python_dop_operator_3.py took 0.230 seconds
[2025-08-07T17:52:35.673+0000] {processor.py:186} INFO - Started process (PID=4079) to work on /home/airflow/.local/lib/python3.12/site-packages/airflow/example_dags/example_branch_python_dop_operator_3.py
[2025-08-07T17:52:35.674+0000] {processor.py:914} INFO - Processing file /home/airflow/.local/lib/python3.12/site-packages/airflow/example_dags/example_branch_python_dop_operator_3.py for tasks to queue
[2025-08-07T17:52:35.681+0000] {logging_mixin.py:190} INFO - [2025-08-07T17:52:35.681+0000] {dagbag.py:588} INFO - Filling up the DagBag from /home/airflow/.local/lib/python3.12/site-packages/airflow/example_dags/example_branch_python_dop_operator_3.py
[2025-08-07T17:52:35.712+0000] {processor.py:925} INFO - DAG(s) 'example_branch_dop_operator_v3' retrieved from /home/airflow/.local/lib/python3.12/site-packages/airflow/example_dags/example_branch_python_dop_operator_3.py
[2025-08-07T17:52:35.983+0000] {logging_mixin.py:190} INFO - [2025-08-07T17:52:35.982+0000] {dag.py:3239} INFO - Sync 1 DAGs
[2025-08-07T17:52:36.051+0000] {logging_mixin.py:190} INFO - [2025-08-07T17:52:36.051+0000] {dag.py:4180} INFO - Setting next_dagrun for example_branch_dop_operator_v3 to 2025-08-07 17:51:00+00:00, run_after=2025-08-07 17:52:00+00:00
[2025-08-07T17:52:36.105+0000] {processor.py:208} INFO - Processing /home/airflow/.local/lib/python3.12/site-packages/airflow/example_dags/example_branch_python_dop_operator_3.py took 0.444 seconds
[2025-08-07T17:53:08.384+0000] {processor.py:186} INFO - Started process (PID=4142) to work on /home/airflow/.local/lib/python3.12/site-packages/airflow/example_dags/example_branch_python_dop_operator_3.py
[2025-08-07T17:53:08.385+0000] {processor.py:914} INFO - Processing file /home/airflow/.local/lib/python3.12/site-packages/airflow/example_dags/example_branch_python_dop_operator_3.py for tasks to queue
[2025-08-07T17:53:08.386+0000] {logging_mixin.py:190} INFO - [2025-08-07T17:53:08.386+0000] {dagbag.py:588} INFO - Filling up the DagBag from /home/airflow/.local/lib/python3.12/site-packages/airflow/example_dags/example_branch_python_dop_operator_3.py
[2025-08-07T17:53:08.415+0000] {processor.py:925} INFO - DAG(s) 'example_branch_dop_operator_v3' retrieved from /home/airflow/.local/lib/python3.12/site-packages/airflow/example_dags/example_branch_python_dop_operator_3.py
[2025-08-07T17:53:08.463+0000] {logging_mixin.py:190} INFO - [2025-08-07T17:53:08.463+0000] {dag.py:3239} INFO - Sync 1 DAGs
[2025-08-07T17:53:08.533+0000] {logging_mixin.py:190} INFO - [2025-08-07T17:53:08.533+0000] {dag.py:4180} INFO - Setting next_dagrun for example_branch_dop_operator_v3 to 2025-08-07 17:52:00+00:00, run_after=2025-08-07 17:53:00+00:00
[2025-08-07T17:53:08.585+0000] {processor.py:208} INFO - Processing /home/airflow/.local/lib/python3.12/site-packages/airflow/example_dags/example_branch_python_dop_operator_3.py took 0.213 seconds
[2025-08-07T17:54:51.265+0000] {processor.py:186} INFO - Started process (PID=4205) to work on /home/airflow/.local/lib/python3.12/site-packages/airflow/example_dags/example_branch_python_dop_operator_3.py
[2025-08-07T17:54:51.266+0000] {processor.py:914} INFO - Processing file /home/airflow/.local/lib/python3.12/site-packages/airflow/example_dags/example_branch_python_dop_operator_3.py for tasks to queue
[2025-08-07T17:53:37.732+0000] {logging_mixin.py:190} INFO - [2025-08-07T17:53:37.727+0000] {dagbag.py:588} INFO - Filling up the DagBag from /home/airflow/.local/lib/python3.12/site-packages/airflow/example_dags/example_branch_python_dop_operator_3.py
[2025-08-07T17:53:37.782+0000] {processor.py:925} INFO - DAG(s) 'example_branch_dop_operator_v3' retrieved from /home/airflow/.local/lib/python3.12/site-packages/airflow/example_dags/example_branch_python_dop_operator_3.py
[2025-08-07T17:53:37.834+0000] {logging_mixin.py:190} INFO - [2025-08-07T17:53:37.834+0000] {dag.py:3239} INFO - Sync 1 DAGs
[2025-08-07T17:53:37.914+0000] {logging_mixin.py:190} INFO - [2025-08-07T17:53:37.913+0000] {dag.py:4180} INFO - Setting next_dagrun for example_branch_dop_operator_v3 to 2025-08-07 17:52:00+00:00, run_after=2025-08-07 17:53:00+00:00
[2025-08-07T17:53:37.966+0000] {processor.py:208} INFO - Processing /home/airflow/.local/lib/python3.12/site-packages/airflow/example_dags/example_branch_python_dop_operator_3.py took 0.264 seconds
[2025-08-07T17:53:53.317+0000] {processor.py:186} INFO - Started process (PID=4271) to work on /home/airflow/.local/lib/python3.12/site-packages/airflow/example_dags/example_branch_python_dop_operator_3.py
[2025-08-07T17:53:53.319+0000] {processor.py:914} INFO - Processing file /home/airflow/.local/lib/python3.12/site-packages/airflow/example_dags/example_branch_python_dop_operator_3.py for tasks to queue
[2025-08-07T17:53:53.321+0000] {logging_mixin.py:190} INFO - [2025-08-07T17:53:53.320+0000] {dagbag.py:588} INFO - Filling up the DagBag from /home/airflow/.local/lib/python3.12/site-packages/airflow/example_dags/example_branch_python_dop_operator_3.py
[2025-08-07T17:53:53.348+0000] {processor.py:925} INFO - DAG(s) 'example_branch_dop_operator_v3' retrieved from /home/airflow/.local/lib/python3.12/site-packages/airflow/example_dags/example_branch_python_dop_operator_3.py
[2025-08-07T17:53:53.407+0000] {logging_mixin.py:190} INFO - [2025-08-07T17:53:53.407+0000] {dag.py:3239} INFO - Sync 1 DAGs
[2025-08-07T17:53:53.499+0000] {logging_mixin.py:190} INFO - [2025-08-07T17:53:53.498+0000] {dag.py:4180} INFO - Setting next_dagrun for example_branch_dop_operator_v3 to 2025-08-07 17:52:00+00:00, run_after=2025-08-07 17:53:00+00:00
[2025-08-07T17:53:53.576+0000] {processor.py:208} INFO - Processing /home/airflow/.local/lib/python3.12/site-packages/airflow/example_dags/example_branch_python_dop_operator_3.py took 0.275 seconds
[2025-08-07T17:54:07.186+0000] {processor.py:186} INFO - Started process (PID=4331) to work on /home/airflow/.local/lib/python3.12/site-packages/airflow/example_dags/example_branch_python_dop_operator_3.py
[2025-08-07T17:54:07.188+0000] {processor.py:914} INFO - Processing file /home/airflow/.local/lib/python3.12/site-packages/airflow/example_dags/example_branch_python_dop_operator_3.py for tasks to queue
[2025-08-07T17:54:07.198+0000] {logging_mixin.py:190} INFO - [2025-08-07T17:54:07.197+0000] {dagbag.py:588} INFO - Filling up the DagBag from /home/airflow/.local/lib/python3.12/site-packages/airflow/example_dags/example_branch_python_dop_operator_3.py
[2025-08-07T17:54:07.254+0000] {processor.py:925} INFO - DAG(s) 'example_branch_dop_operator_v3' retrieved from /home/airflow/.local/lib/python3.12/site-packages/airflow/example_dags/example_branch_python_dop_operator_3.py
[2025-08-07T17:54:07.314+0000] {logging_mixin.py:190} INFO - [2025-08-07T17:54:07.314+0000] {dag.py:3239} INFO - Sync 1 DAGs
[2025-08-07T17:54:07.414+0000] {logging_mixin.py:190} INFO - [2025-08-07T17:54:07.414+0000] {dag.py:4180} INFO - Setting next_dagrun for example_branch_dop_operator_v3 to 2025-08-07 17:53:00+00:00, run_after=2025-08-07 17:54:00+00:00
[2025-08-07T17:54:07.483+0000] {processor.py:208} INFO - Processing /home/airflow/.local/lib/python3.12/site-packages/airflow/example_dags/example_branch_python_dop_operator_3.py took 0.316 seconds
[2025-08-07T17:54:38.714+0000] {processor.py:186} INFO - Started process (PID=4401) to work on /home/airflow/.local/lib/python3.12/site-packages/airflow/example_dags/example_branch_python_dop_operator_3.py
[2025-08-07T17:54:38.715+0000] {processor.py:914} INFO - Processing file /home/airflow/.local/lib/python3.12/site-packages/airflow/example_dags/example_branch_python_dop_operator_3.py for tasks to queue
[2025-08-07T17:54:38.722+0000] {logging_mixin.py:190} INFO - [2025-08-07T17:54:38.721+0000] {dagbag.py:588} INFO - Filling up the DagBag from /home/airflow/.local/lib/python3.12/site-packages/airflow/example_dags/example_branch_python_dop_operator_3.py
[2025-08-07T17:54:38.744+0000] {processor.py:925} INFO - DAG(s) 'example_branch_dop_operator_v3' retrieved from /home/airflow/.local/lib/python3.12/site-packages/airflow/example_dags/example_branch_python_dop_operator_3.py
[2025-08-07T17:54:38.840+0000] {logging_mixin.py:190} INFO - [2025-08-07T17:54:38.835+0000] {dag.py:3239} INFO - Sync 1 DAGs
[2025-08-07T17:54:38.904+0000] {logging_mixin.py:190} INFO - [2025-08-07T17:54:38.904+0000] {dag.py:4180} INFO - Setting next_dagrun for example_branch_dop_operator_v3 to 2025-08-07 17:53:00+00:00, run_after=2025-08-07 17:54:00+00:00
[2025-08-07T17:54:38.953+0000] {processor.py:208} INFO - Processing /home/airflow/.local/lib/python3.12/site-packages/airflow/example_dags/example_branch_python_dop_operator_3.py took 0.251 seconds
[2025-08-07T17:55:12.498+0000] {processor.py:186} INFO - Started process (PID=4465) to work on /home/airflow/.local/lib/python3.12/site-packages/airflow/example_dags/example_branch_python_dop_operator_3.py
[2025-08-07T17:55:12.505+0000] {processor.py:914} INFO - Processing file /home/airflow/.local/lib/python3.12/site-packages/airflow/example_dags/example_branch_python_dop_operator_3.py for tasks to queue
[2025-08-07T17:55:12.507+0000] {logging_mixin.py:190} INFO - [2025-08-07T17:55:12.507+0000] {dagbag.py:588} INFO - Filling up the DagBag from /home/airflow/.local/lib/python3.12/site-packages/airflow/example_dags/example_branch_python_dop_operator_3.py
[2025-08-07T17:55:12.546+0000] {processor.py:925} INFO - DAG(s) 'example_branch_dop_operator_v3' retrieved from /home/airflow/.local/lib/python3.12/site-packages/airflow/example_dags/example_branch_python_dop_operator_3.py
[2025-08-07T17:55:12.649+0000] {logging_mixin.py:190} INFO - [2025-08-07T17:55:12.648+0000] {dag.py:3239} INFO - Sync 1 DAGs
[2025-08-07T17:55:12.758+0000] {logging_mixin.py:190} INFO - [2025-08-07T17:55:12.757+0000] {dag.py:4180} INFO - Setting next_dagrun for example_branch_dop_operator_v3 to 2025-08-07 17:54:00+00:00, run_after=2025-08-07 17:55:00+00:00
[2025-08-07T17:55:12.866+0000] {processor.py:208} INFO - Processing /home/airflow/.local/lib/python3.12/site-packages/airflow/example_dags/example_branch_python_dop_operator_3.py took 0.381 seconds
