[2025-08-07T00:26:23.957+0000] {processor.py:186} INFO - Started process (PID=1051) to work on /home/airflow/.local/lib/python3.12/site-packages/airflow/example_dags/example_external_task_marker_dag.py
[2025-08-07T00:26:23.959+0000] {processor.py:914} INFO - Processing file /home/airflow/.local/lib/python3.12/site-packages/airflow/example_dags/example_external_task_marker_dag.py for tasks to queue
[2025-08-07T00:26:23.964+0000] {logging_mixin.py:190} INFO - [2025-08-07T00:26:23.963+0000] {dagbag.py:588} INFO - Filling up the DagBag from /home/airflow/.local/lib/python3.12/site-packages/airflow/example_dags/example_external_task_marker_dag.py
[2025-08-07T00:26:23.979+0000] {processor.py:925} INFO - DAG(s) 'example_external_task_marker_child', 'example_external_task_marker_parent' retrieved from /home/airflow/.local/lib/python3.12/site-packages/airflow/example_dags/example_external_task_marker_dag.py
[2025-08-07T00:26:24.033+0000] {logging_mixin.py:190} INFO - [2025-08-07T00:26:24.032+0000] {dag.py:3239} INFO - Sync 2 DAGs
[2025-08-07T00:26:24.058+0000] {logging_mixin.py:190} INFO - [2025-08-07T00:26:24.058+0000] {dag.py:4180} INFO - Setting next_dagrun for example_external_task_marker_child to None, run_after=None
[2025-08-07T00:26:24.063+0000] {logging_mixin.py:190} INFO - [2025-08-07T00:26:24.063+0000] {dag.py:4180} INFO - Setting next_dagrun for example_external_task_marker_parent to None, run_after=None
[2025-08-07T00:26:24.090+0000] {processor.py:208} INFO - Processing /home/airflow/.local/lib/python3.12/site-packages/airflow/example_dags/example_external_task_marker_dag.py took 0.144 seconds
[2025-08-07T11:29:45.624+0000] {processor.py:186} INFO - Started process (PID=1139) to work on /home/airflow/.local/lib/python3.12/site-packages/airflow/example_dags/example_external_task_marker_dag.py
[2025-08-07T11:29:45.626+0000] {processor.py:914} INFO - Processing file /home/airflow/.local/lib/python3.12/site-packages/airflow/example_dags/example_external_task_marker_dag.py for tasks to queue
[2025-08-07T11:29:45.627+0000] {logging_mixin.py:190} INFO - [2025-08-07T11:29:45.627+0000] {dagbag.py:588} INFO - Filling up the DagBag from /home/airflow/.local/lib/python3.12/site-packages/airflow/example_dags/example_external_task_marker_dag.py
[2025-08-07T11:29:45.637+0000] {processor.py:925} INFO - DAG(s) 'example_external_task_marker_child', 'example_external_task_marker_parent' retrieved from /home/airflow/.local/lib/python3.12/site-packages/airflow/example_dags/example_external_task_marker_dag.py
[2025-08-07T11:29:45.662+0000] {logging_mixin.py:190} INFO - [2025-08-07T11:29:45.662+0000] {dag.py:3239} INFO - Sync 2 DAGs
[2025-08-07T11:29:45.687+0000] {logging_mixin.py:190} INFO - [2025-08-07T11:29:45.687+0000] {dag.py:4180} INFO - Setting next_dagrun for example_external_task_marker_child to None, run_after=None
[2025-08-07T11:29:45.692+0000] {logging_mixin.py:190} INFO - [2025-08-07T11:29:45.691+0000] {dag.py:4180} INFO - Setting next_dagrun for example_external_task_marker_parent to None, run_after=None
[2025-08-07T11:29:45.714+0000] {processor.py:208} INFO - Processing /home/airflow/.local/lib/python3.12/site-packages/airflow/example_dags/example_external_task_marker_dag.py took 0.096 seconds
[2025-08-07T17:21:47.806+0000] {processor.py:186} INFO - Started process (PID=1217) to work on /home/airflow/.local/lib/python3.12/site-packages/airflow/example_dags/example_external_task_marker_dag.py
[2025-08-07T17:21:47.807+0000] {processor.py:914} INFO - Processing file /home/airflow/.local/lib/python3.12/site-packages/airflow/example_dags/example_external_task_marker_dag.py for tasks to queue
[2025-08-07T17:21:47.809+0000] {logging_mixin.py:190} INFO - [2025-08-07T17:21:47.809+0000] {dagbag.py:588} INFO - Filling up the DagBag from /home/airflow/.local/lib/python3.12/site-packages/airflow/example_dags/example_external_task_marker_dag.py
[2025-08-07T17:21:47.819+0000] {processor.py:925} INFO - DAG(s) 'example_external_task_marker_child', 'example_external_task_marker_parent' retrieved from /home/airflow/.local/lib/python3.12/site-packages/airflow/example_dags/example_external_task_marker_dag.py
[2025-08-07T17:21:47.846+0000] {logging_mixin.py:190} INFO - [2025-08-07T17:21:47.846+0000] {dag.py:3239} INFO - Sync 2 DAGs
[2025-08-07T17:21:47.865+0000] {logging_mixin.py:190} INFO - [2025-08-07T17:21:47.864+0000] {dag.py:4180} INFO - Setting next_dagrun for example_external_task_marker_child to None, run_after=None
[2025-08-07T17:21:47.871+0000] {logging_mixin.py:190} INFO - [2025-08-07T17:21:47.871+0000] {dag.py:4180} INFO - Setting next_dagrun for example_external_task_marker_parent to None, run_after=None
[2025-08-07T17:21:47.902+0000] {processor.py:208} INFO - Processing /home/airflow/.local/lib/python3.12/site-packages/airflow/example_dags/example_external_task_marker_dag.py took 0.103 seconds
[2025-08-07T17:22:18.863+0000] {processor.py:186} INFO - Started process (PID=1283) to work on /home/airflow/.local/lib/python3.12/site-packages/airflow/example_dags/example_external_task_marker_dag.py
[2025-08-07T17:22:18.864+0000] {processor.py:914} INFO - Processing file /home/airflow/.local/lib/python3.12/site-packages/airflow/example_dags/example_external_task_marker_dag.py for tasks to queue
[2025-08-07T17:22:18.867+0000] {logging_mixin.py:190} INFO - [2025-08-07T17:22:18.866+0000] {dagbag.py:588} INFO - Filling up the DagBag from /home/airflow/.local/lib/python3.12/site-packages/airflow/example_dags/example_external_task_marker_dag.py
[2025-08-07T17:22:18.882+0000] {processor.py:925} INFO - DAG(s) 'example_external_task_marker_child', 'example_external_task_marker_parent' retrieved from /home/airflow/.local/lib/python3.12/site-packages/airflow/example_dags/example_external_task_marker_dag.py
[2025-08-07T17:22:18.947+0000] {logging_mixin.py:190} INFO - [2025-08-07T17:22:18.947+0000] {dag.py:3239} INFO - Sync 2 DAGs
[2025-08-07T17:22:19.020+0000] {logging_mixin.py:190} INFO - [2025-08-07T17:22:19.020+0000] {dag.py:4180} INFO - Setting next_dagrun for example_external_task_marker_child to None, run_after=None
[2025-08-07T17:22:19.029+0000] {logging_mixin.py:190} INFO - [2025-08-07T17:22:19.029+0000] {dag.py:4180} INFO - Setting next_dagrun for example_external_task_marker_parent to None, run_after=None
[2025-08-07T17:22:19.085+0000] {processor.py:208} INFO - Processing /home/airflow/.local/lib/python3.12/site-packages/airflow/example_dags/example_external_task_marker_dag.py took 0.232 seconds
[2025-08-07T17:22:49.310+0000] {processor.py:186} INFO - Started process (PID=1349) to work on /home/airflow/.local/lib/python3.12/site-packages/airflow/example_dags/example_external_task_marker_dag.py
[2025-08-07T17:22:49.312+0000] {processor.py:914} INFO - Processing file /home/airflow/.local/lib/python3.12/site-packages/airflow/example_dags/example_external_task_marker_dag.py for tasks to queue
[2025-08-07T17:22:49.314+0000] {logging_mixin.py:190} INFO - [2025-08-07T17:22:49.313+0000] {dagbag.py:588} INFO - Filling up the DagBag from /home/airflow/.local/lib/python3.12/site-packages/airflow/example_dags/example_external_task_marker_dag.py
[2025-08-07T17:22:49.322+0000] {processor.py:925} INFO - DAG(s) 'example_external_task_marker_child', 'example_external_task_marker_parent' retrieved from /home/airflow/.local/lib/python3.12/site-packages/airflow/example_dags/example_external_task_marker_dag.py
[2025-08-07T17:22:49.347+0000] {logging_mixin.py:190} INFO - [2025-08-07T17:22:49.347+0000] {dag.py:3239} INFO - Sync 2 DAGs
[2025-08-07T17:22:49.364+0000] {logging_mixin.py:190} INFO - [2025-08-07T17:22:49.364+0000] {dag.py:4180} INFO - Setting next_dagrun for example_external_task_marker_child to None, run_after=None
[2025-08-07T17:22:49.368+0000] {logging_mixin.py:190} INFO - [2025-08-07T17:22:49.368+0000] {dag.py:4180} INFO - Setting next_dagrun for example_external_task_marker_parent to None, run_after=None
[2025-08-07T17:22:49.389+0000] {processor.py:208} INFO - Processing /home/airflow/.local/lib/python3.12/site-packages/airflow/example_dags/example_external_task_marker_dag.py took 0.084 seconds
[2025-08-07T17:23:18.877+0000] {processor.py:186} INFO - Started process (PID=1513) to work on /home/airflow/.local/lib/python3.12/site-packages/airflow/example_dags/example_external_task_marker_dag.py
[2025-08-07T17:23:18.878+0000] {processor.py:914} INFO - Processing file /home/airflow/.local/lib/python3.12/site-packages/airflow/example_dags/example_external_task_marker_dag.py for tasks to queue
[2025-08-07T17:23:18.879+0000] {logging_mixin.py:190} INFO - [2025-08-07T17:23:18.879+0000] {dagbag.py:588} INFO - Filling up the DagBag from /home/airflow/.local/lib/python3.12/site-packages/airflow/example_dags/example_external_task_marker_dag.py
[2025-08-07T17:23:18.886+0000] {processor.py:925} INFO - DAG(s) 'example_external_task_marker_parent', 'example_external_task_marker_child' retrieved from /home/airflow/.local/lib/python3.12/site-packages/airflow/example_dags/example_external_task_marker_dag.py
[2025-08-07T17:23:18.912+0000] {logging_mixin.py:190} INFO - [2025-08-07T17:23:18.912+0000] {dag.py:3239} INFO - Sync 2 DAGs
[2025-08-07T17:23:18.931+0000] {logging_mixin.py:190} INFO - [2025-08-07T17:23:18.930+0000] {dag.py:4180} INFO - Setting next_dagrun for example_external_task_marker_child to None, run_after=None
[2025-08-07T17:23:18.935+0000] {logging_mixin.py:190} INFO - [2025-08-07T17:23:18.935+0000] {dag.py:4180} INFO - Setting next_dagrun for example_external_task_marker_parent to None, run_after=None
[2025-08-07T17:23:18.959+0000] {processor.py:208} INFO - Processing /home/airflow/.local/lib/python3.12/site-packages/airflow/example_dags/example_external_task_marker_dag.py took 0.087 seconds
[2025-08-07T17:23:48.577+0000] {processor.py:186} INFO - Started process (PID=1577) to work on /home/airflow/.local/lib/python3.12/site-packages/airflow/example_dags/example_external_task_marker_dag.py
[2025-08-07T17:23:48.578+0000] {processor.py:914} INFO - Processing file /home/airflow/.local/lib/python3.12/site-packages/airflow/example_dags/example_external_task_marker_dag.py for tasks to queue
[2025-08-07T17:23:48.580+0000] {logging_mixin.py:190} INFO - [2025-08-07T17:23:48.579+0000] {dagbag.py:588} INFO - Filling up the DagBag from /home/airflow/.local/lib/python3.12/site-packages/airflow/example_dags/example_external_task_marker_dag.py
[2025-08-07T17:23:48.589+0000] {processor.py:925} INFO - DAG(s) 'example_external_task_marker_parent', 'example_external_task_marker_child' retrieved from /home/airflow/.local/lib/python3.12/site-packages/airflow/example_dags/example_external_task_marker_dag.py
[2025-08-07T17:23:48.618+0000] {logging_mixin.py:190} INFO - [2025-08-07T17:23:48.618+0000] {dag.py:3239} INFO - Sync 2 DAGs
[2025-08-07T17:23:48.636+0000] {logging_mixin.py:190} INFO - [2025-08-07T17:23:48.636+0000] {dag.py:4180} INFO - Setting next_dagrun for example_external_task_marker_child to None, run_after=None
[2025-08-07T17:23:48.641+0000] {logging_mixin.py:190} INFO - [2025-08-07T17:23:48.640+0000] {dag.py:4180} INFO - Setting next_dagrun for example_external_task_marker_parent to None, run_after=None
[2025-08-07T17:23:48.666+0000] {processor.py:208} INFO - Processing /home/airflow/.local/lib/python3.12/site-packages/airflow/example_dags/example_external_task_marker_dag.py took 0.099 seconds
[2025-08-07T17:24:04.145+0000] {processor.py:186} INFO - Started process (PID=1637) to work on /home/airflow/.local/lib/python3.12/site-packages/airflow/example_dags/example_external_task_marker_dag.py
[2025-08-07T17:24:04.147+0000] {processor.py:914} INFO - Processing file /home/airflow/.local/lib/python3.12/site-packages/airflow/example_dags/example_external_task_marker_dag.py for tasks to queue
[2025-08-07T17:24:04.148+0000] {logging_mixin.py:190} INFO - [2025-08-07T17:24:04.148+0000] {dagbag.py:588} INFO - Filling up the DagBag from /home/airflow/.local/lib/python3.12/site-packages/airflow/example_dags/example_external_task_marker_dag.py
[2025-08-07T17:24:04.157+0000] {processor.py:925} INFO - DAG(s) 'example_external_task_marker_parent', 'example_external_task_marker_child' retrieved from /home/airflow/.local/lib/python3.12/site-packages/airflow/example_dags/example_external_task_marker_dag.py
[2025-08-07T17:24:04.186+0000] {logging_mixin.py:190} INFO - [2025-08-07T17:24:04.186+0000] {dag.py:3239} INFO - Sync 2 DAGs
[2025-08-07T17:24:04.207+0000] {logging_mixin.py:190} INFO - [2025-08-07T17:24:04.207+0000] {dag.py:4180} INFO - Setting next_dagrun for example_external_task_marker_child to None, run_after=None
[2025-08-07T17:24:04.213+0000] {logging_mixin.py:190} INFO - [2025-08-07T17:24:04.213+0000] {dag.py:4180} INFO - Setting next_dagrun for example_external_task_marker_parent to None, run_after=None
[2025-08-07T17:24:04.240+0000] {processor.py:208} INFO - Processing /home/airflow/.local/lib/python3.12/site-packages/airflow/example_dags/example_external_task_marker_dag.py took 0.101 seconds
[2025-08-07T17:24:17.171+0000] {processor.py:186} INFO - Started process (PID=1702) to work on /home/airflow/.local/lib/python3.12/site-packages/airflow/example_dags/example_external_task_marker_dag.py
[2025-08-07T17:24:17.172+0000] {processor.py:914} INFO - Processing file /home/airflow/.local/lib/python3.12/site-packages/airflow/example_dags/example_external_task_marker_dag.py for tasks to queue
[2025-08-07T17:24:17.174+0000] {logging_mixin.py:190} INFO - [2025-08-07T17:24:17.174+0000] {dagbag.py:588} INFO - Filling up the DagBag from /home/airflow/.local/lib/python3.12/site-packages/airflow/example_dags/example_external_task_marker_dag.py
[2025-08-07T17:24:17.184+0000] {processor.py:925} INFO - DAG(s) 'example_external_task_marker_child', 'example_external_task_marker_parent' retrieved from /home/airflow/.local/lib/python3.12/site-packages/airflow/example_dags/example_external_task_marker_dag.py
[2025-08-07T17:24:17.210+0000] {logging_mixin.py:190} INFO - [2025-08-07T17:24:17.210+0000] {dag.py:3239} INFO - Sync 2 DAGs
[2025-08-07T17:24:17.230+0000] {logging_mixin.py:190} INFO - [2025-08-07T17:24:17.230+0000] {dag.py:4180} INFO - Setting next_dagrun for example_external_task_marker_child to None, run_after=None
[2025-08-07T17:24:17.236+0000] {logging_mixin.py:190} INFO - [2025-08-07T17:24:17.236+0000] {dag.py:4180} INFO - Setting next_dagrun for example_external_task_marker_parent to None, run_after=None
[2025-08-07T17:24:17.259+0000] {processor.py:208} INFO - Processing /home/airflow/.local/lib/python3.12/site-packages/airflow/example_dags/example_external_task_marker_dag.py took 0.093 seconds
[2025-08-07T17:24:48.716+0000] {processor.py:186} INFO - Started process (PID=1771) to work on /home/airflow/.local/lib/python3.12/site-packages/airflow/example_dags/example_external_task_marker_dag.py
[2025-08-07T17:24:48.717+0000] {processor.py:914} INFO - Processing file /home/airflow/.local/lib/python3.12/site-packages/airflow/example_dags/example_external_task_marker_dag.py for tasks to queue
[2025-08-07T17:24:48.719+0000] {logging_mixin.py:190} INFO - [2025-08-07T17:24:48.719+0000] {dagbag.py:588} INFO - Filling up the DagBag from /home/airflow/.local/lib/python3.12/site-packages/airflow/example_dags/example_external_task_marker_dag.py
[2025-08-07T17:24:48.729+0000] {processor.py:925} INFO - DAG(s) 'example_external_task_marker_child', 'example_external_task_marker_parent' retrieved from /home/airflow/.local/lib/python3.12/site-packages/airflow/example_dags/example_external_task_marker_dag.py
[2025-08-07T17:24:48.755+0000] {logging_mixin.py:190} INFO - [2025-08-07T17:24:48.755+0000] {dag.py:3239} INFO - Sync 2 DAGs
[2025-08-07T17:24:48.771+0000] {logging_mixin.py:190} INFO - [2025-08-07T17:24:48.771+0000] {dag.py:4180} INFO - Setting next_dagrun for example_external_task_marker_child to None, run_after=None
[2025-08-07T17:24:48.776+0000] {logging_mixin.py:190} INFO - [2025-08-07T17:24:48.776+0000] {dag.py:4180} INFO - Setting next_dagrun for example_external_task_marker_parent to None, run_after=None
[2025-08-07T17:24:48.796+0000] {processor.py:208} INFO - Processing /home/airflow/.local/lib/python3.12/site-packages/airflow/example_dags/example_external_task_marker_dag.py took 0.086 seconds
[2025-08-07T17:25:04.149+0000] {processor.py:186} INFO - Started process (PID=1829) to work on /home/airflow/.local/lib/python3.12/site-packages/airflow/example_dags/example_external_task_marker_dag.py
[2025-08-07T17:25:04.151+0000] {processor.py:914} INFO - Processing file /home/airflow/.local/lib/python3.12/site-packages/airflow/example_dags/example_external_task_marker_dag.py for tasks to queue
[2025-08-07T17:25:04.153+0000] {logging_mixin.py:190} INFO - [2025-08-07T17:25:04.153+0000] {dagbag.py:588} INFO - Filling up the DagBag from /home/airflow/.local/lib/python3.12/site-packages/airflow/example_dags/example_external_task_marker_dag.py
[2025-08-07T17:25:04.162+0000] {processor.py:925} INFO - DAG(s) 'example_external_task_marker_child', 'example_external_task_marker_parent' retrieved from /home/airflow/.local/lib/python3.12/site-packages/airflow/example_dags/example_external_task_marker_dag.py
[2025-08-07T17:25:04.190+0000] {logging_mixin.py:190} INFO - [2025-08-07T17:25:04.189+0000] {dag.py:3239} INFO - Sync 2 DAGs
[2025-08-07T17:25:04.208+0000] {logging_mixin.py:190} INFO - [2025-08-07T17:25:04.208+0000] {dag.py:4180} INFO - Setting next_dagrun for example_external_task_marker_child to None, run_after=None
[2025-08-07T17:25:04.213+0000] {logging_mixin.py:190} INFO - [2025-08-07T17:25:04.213+0000] {dag.py:4180} INFO - Setting next_dagrun for example_external_task_marker_parent to None, run_after=None
[2025-08-07T17:25:04.235+0000] {processor.py:208} INFO - Processing /home/airflow/.local/lib/python3.12/site-packages/airflow/example_dags/example_external_task_marker_dag.py took 0.092 seconds
[2025-08-07T17:25:17.693+0000] {processor.py:186} INFO - Started process (PID=1891) to work on /home/airflow/.local/lib/python3.12/site-packages/airflow/example_dags/example_external_task_marker_dag.py
[2025-08-07T17:25:17.695+0000] {processor.py:914} INFO - Processing file /home/airflow/.local/lib/python3.12/site-packages/airflow/example_dags/example_external_task_marker_dag.py for tasks to queue
[2025-08-07T17:25:17.697+0000] {logging_mixin.py:190} INFO - [2025-08-07T17:25:17.696+0000] {dagbag.py:588} INFO - Filling up the DagBag from /home/airflow/.local/lib/python3.12/site-packages/airflow/example_dags/example_external_task_marker_dag.py
[2025-08-07T17:25:17.705+0000] {processor.py:925} INFO - DAG(s) 'example_external_task_marker_parent', 'example_external_task_marker_child' retrieved from /home/airflow/.local/lib/python3.12/site-packages/airflow/example_dags/example_external_task_marker_dag.py
[2025-08-07T17:25:17.735+0000] {logging_mixin.py:190} INFO - [2025-08-07T17:25:17.735+0000] {dag.py:3239} INFO - Sync 2 DAGs
[2025-08-07T17:25:17.753+0000] {logging_mixin.py:190} INFO - [2025-08-07T17:25:17.753+0000] {dag.py:4180} INFO - Setting next_dagrun for example_external_task_marker_child to None, run_after=None
[2025-08-07T17:25:17.758+0000] {logging_mixin.py:190} INFO - [2025-08-07T17:25:17.758+0000] {dag.py:4180} INFO - Setting next_dagrun for example_external_task_marker_parent to None, run_after=None
[2025-08-07T17:25:17.782+0000] {processor.py:208} INFO - Processing /home/airflow/.local/lib/python3.12/site-packages/airflow/example_dags/example_external_task_marker_dag.py took 0.094 seconds
[2025-08-07T17:25:47.224+0000] {processor.py:186} INFO - Started process (PID=1957) to work on /home/airflow/.local/lib/python3.12/site-packages/airflow/example_dags/example_external_task_marker_dag.py
[2025-08-07T17:25:47.225+0000] {processor.py:914} INFO - Processing file /home/airflow/.local/lib/python3.12/site-packages/airflow/example_dags/example_external_task_marker_dag.py for tasks to queue
[2025-08-07T17:25:47.226+0000] {logging_mixin.py:190} INFO - [2025-08-07T17:25:47.226+0000] {dagbag.py:588} INFO - Filling up the DagBag from /home/airflow/.local/lib/python3.12/site-packages/airflow/example_dags/example_external_task_marker_dag.py
[2025-08-07T17:25:47.237+0000] {processor.py:925} INFO - DAG(s) 'example_external_task_marker_parent', 'example_external_task_marker_child' retrieved from /home/airflow/.local/lib/python3.12/site-packages/airflow/example_dags/example_external_task_marker_dag.py
[2025-08-07T17:25:47.269+0000] {logging_mixin.py:190} INFO - [2025-08-07T17:25:47.269+0000] {dag.py:3239} INFO - Sync 2 DAGs
[2025-08-07T17:25:47.294+0000] {logging_mixin.py:190} INFO - [2025-08-07T17:25:47.293+0000] {dag.py:4180} INFO - Setting next_dagrun for example_external_task_marker_child to None, run_after=None
[2025-08-07T17:25:47.299+0000] {logging_mixin.py:190} INFO - [2025-08-07T17:25:47.299+0000] {dag.py:4180} INFO - Setting next_dagrun for example_external_task_marker_parent to None, run_after=None
[2025-08-07T17:25:47.321+0000] {processor.py:208} INFO - Processing /home/airflow/.local/lib/python3.12/site-packages/airflow/example_dags/example_external_task_marker_dag.py took 0.105 seconds
[2025-08-07T17:26:18.300+0000] {processor.py:186} INFO - Started process (PID=2021) to work on /home/airflow/.local/lib/python3.12/site-packages/airflow/example_dags/example_external_task_marker_dag.py
[2025-08-07T17:26:18.301+0000] {processor.py:914} INFO - Processing file /home/airflow/.local/lib/python3.12/site-packages/airflow/example_dags/example_external_task_marker_dag.py for tasks to queue
[2025-08-07T17:26:18.303+0000] {logging_mixin.py:190} INFO - [2025-08-07T17:26:18.303+0000] {dagbag.py:588} INFO - Filling up the DagBag from /home/airflow/.local/lib/python3.12/site-packages/airflow/example_dags/example_external_task_marker_dag.py
[2025-08-07T17:26:18.312+0000] {processor.py:925} INFO - DAG(s) 'example_external_task_marker_parent', 'example_external_task_marker_child' retrieved from /home/airflow/.local/lib/python3.12/site-packages/airflow/example_dags/example_external_task_marker_dag.py
[2025-08-07T17:27:31.906+0000] {logging_mixin.py:190} INFO - [2025-08-07T17:27:31.905+0000] {dag.py:3239} INFO - Sync 2 DAGs
[2025-08-07T17:27:31.923+0000] {logging_mixin.py:190} INFO - [2025-08-07T17:27:31.923+0000] {dag.py:4180} INFO - Setting next_dagrun for example_external_task_marker_child to None, run_after=None
[2025-08-07T17:27:31.929+0000] {logging_mixin.py:190} INFO - [2025-08-07T17:27:31.929+0000] {dag.py:4180} INFO - Setting next_dagrun for example_external_task_marker_parent to None, run_after=None
[2025-08-07T17:26:18.388+0000] {processor.py:208} INFO - Processing /home/airflow/.local/lib/python3.12/site-packages/airflow/example_dags/example_external_task_marker_dag.py took 0.096 seconds
[2025-08-07T17:26:49.148+0000] {processor.py:186} INFO - Started process (PID=2084) to work on /home/airflow/.local/lib/python3.12/site-packages/airflow/example_dags/example_external_task_marker_dag.py
[2025-08-07T17:26:49.149+0000] {processor.py:914} INFO - Processing file /home/airflow/.local/lib/python3.12/site-packages/airflow/example_dags/example_external_task_marker_dag.py for tasks to queue
[2025-08-07T17:26:49.152+0000] {logging_mixin.py:190} INFO - [2025-08-07T17:26:49.151+0000] {dagbag.py:588} INFO - Filling up the DagBag from /home/airflow/.local/lib/python3.12/site-packages/airflow/example_dags/example_external_task_marker_dag.py
[2025-08-07T17:26:49.161+0000] {processor.py:925} INFO - DAG(s) 'example_external_task_marker_parent', 'example_external_task_marker_child' retrieved from /home/airflow/.local/lib/python3.12/site-packages/airflow/example_dags/example_external_task_marker_dag.py
[2025-08-07T17:26:49.193+0000] {logging_mixin.py:190} INFO - [2025-08-07T17:26:49.192+0000] {dag.py:3239} INFO - Sync 2 DAGs
[2025-08-07T17:26:49.212+0000] {logging_mixin.py:190} INFO - [2025-08-07T17:26:49.212+0000] {dag.py:4180} INFO - Setting next_dagrun for example_external_task_marker_child to None, run_after=None
[2025-08-07T17:26:49.220+0000] {logging_mixin.py:190} INFO - [2025-08-07T17:26:49.220+0000] {dag.py:4180} INFO - Setting next_dagrun for example_external_task_marker_parent to None, run_after=None
[2025-08-07T17:26:49.244+0000] {processor.py:208} INFO - Processing /home/airflow/.local/lib/python3.12/site-packages/airflow/example_dags/example_external_task_marker_dag.py took 0.102 seconds
[2025-08-07T17:26:58.932+0000] {processor.py:186} INFO - Started process (PID=2142) to work on /home/airflow/.local/lib/python3.12/site-packages/airflow/example_dags/example_external_task_marker_dag.py
[2025-08-07T17:26:58.933+0000] {processor.py:914} INFO - Processing file /home/airflow/.local/lib/python3.12/site-packages/airflow/example_dags/example_external_task_marker_dag.py for tasks to queue
[2025-08-07T17:26:58.935+0000] {logging_mixin.py:190} INFO - [2025-08-07T17:26:58.935+0000] {dagbag.py:588} INFO - Filling up the DagBag from /home/airflow/.local/lib/python3.12/site-packages/airflow/example_dags/example_external_task_marker_dag.py
[2025-08-07T17:26:58.943+0000] {processor.py:925} INFO - DAG(s) 'example_external_task_marker_child', 'example_external_task_marker_parent' retrieved from /home/airflow/.local/lib/python3.12/site-packages/airflow/example_dags/example_external_task_marker_dag.py
[2025-08-07T17:26:58.975+0000] {logging_mixin.py:190} INFO - [2025-08-07T17:26:58.974+0000] {dag.py:3239} INFO - Sync 2 DAGs
[2025-08-07T17:26:58.995+0000] {logging_mixin.py:190} INFO - [2025-08-07T17:26:58.995+0000] {dag.py:4180} INFO - Setting next_dagrun for example_external_task_marker_child to None, run_after=None
[2025-08-07T17:26:59.000+0000] {logging_mixin.py:190} INFO - [2025-08-07T17:26:59.000+0000] {dag.py:4180} INFO - Setting next_dagrun for example_external_task_marker_parent to None, run_after=None
[2025-08-07T17:26:59.024+0000] {processor.py:208} INFO - Processing /home/airflow/.local/lib/python3.12/site-packages/airflow/example_dags/example_external_task_marker_dag.py took 0.098 seconds
[2025-08-07T17:27:30.724+0000] {processor.py:186} INFO - Started process (PID=2206) to work on /home/airflow/.local/lib/python3.12/site-packages/airflow/example_dags/example_external_task_marker_dag.py
[2025-08-07T17:27:30.726+0000] {processor.py:914} INFO - Processing file /home/airflow/.local/lib/python3.12/site-packages/airflow/example_dags/example_external_task_marker_dag.py for tasks to queue
[2025-08-07T17:27:30.727+0000] {logging_mixin.py:190} INFO - [2025-08-07T17:27:30.727+0000] {dagbag.py:588} INFO - Filling up the DagBag from /home/airflow/.local/lib/python3.12/site-packages/airflow/example_dags/example_external_task_marker_dag.py
[2025-08-07T17:27:30.743+0000] {processor.py:925} INFO - DAG(s) 'example_external_task_marker_child', 'example_external_task_marker_parent' retrieved from /home/airflow/.local/lib/python3.12/site-packages/airflow/example_dags/example_external_task_marker_dag.py
[2025-08-07T17:27:30.771+0000] {logging_mixin.py:190} INFO - [2025-08-07T17:27:30.770+0000] {dag.py:3239} INFO - Sync 2 DAGs
[2025-08-07T17:27:30.794+0000] {logging_mixin.py:190} INFO - [2025-08-07T17:27:30.794+0000] {dag.py:4180} INFO - Setting next_dagrun for example_external_task_marker_child to None, run_after=None
[2025-08-07T17:27:30.800+0000] {logging_mixin.py:190} INFO - [2025-08-07T17:27:30.800+0000] {dag.py:4180} INFO - Setting next_dagrun for example_external_task_marker_parent to None, run_after=None
[2025-08-07T17:27:30.827+0000] {processor.py:208} INFO - Processing /home/airflow/.local/lib/python3.12/site-packages/airflow/example_dags/example_external_task_marker_dag.py took 0.110 seconds
[2025-08-07T17:27:59.819+0000] {processor.py:186} INFO - Started process (PID=2272) to work on /home/airflow/.local/lib/python3.12/site-packages/airflow/example_dags/example_external_task_marker_dag.py
[2025-08-07T17:27:59.820+0000] {processor.py:914} INFO - Processing file /home/airflow/.local/lib/python3.12/site-packages/airflow/example_dags/example_external_task_marker_dag.py for tasks to queue
[2025-08-07T17:27:59.821+0000] {logging_mixin.py:190} INFO - [2025-08-07T17:27:59.821+0000] {dagbag.py:588} INFO - Filling up the DagBag from /home/airflow/.local/lib/python3.12/site-packages/airflow/example_dags/example_external_task_marker_dag.py
[2025-08-07T17:27:59.831+0000] {processor.py:925} INFO - DAG(s) 'example_external_task_marker_parent', 'example_external_task_marker_child' retrieved from /home/airflow/.local/lib/python3.12/site-packages/airflow/example_dags/example_external_task_marker_dag.py
[2025-08-07T17:27:59.863+0000] {logging_mixin.py:190} INFO - [2025-08-07T17:27:59.862+0000] {dag.py:3239} INFO - Sync 2 DAGs
[2025-08-07T17:27:59.884+0000] {logging_mixin.py:190} INFO - [2025-08-07T17:27:59.884+0000] {dag.py:4180} INFO - Setting next_dagrun for example_external_task_marker_child to None, run_after=None
[2025-08-07T17:27:59.890+0000] {logging_mixin.py:190} INFO - [2025-08-07T17:27:59.890+0000] {dag.py:4180} INFO - Setting next_dagrun for example_external_task_marker_parent to None, run_after=None
[2025-08-07T17:27:59.913+0000] {processor.py:208} INFO - Processing /home/airflow/.local/lib/python3.12/site-packages/airflow/example_dags/example_external_task_marker_dag.py took 0.101 seconds
[2025-08-07T17:28:30.831+0000] {processor.py:186} INFO - Started process (PID=2336) to work on /home/airflow/.local/lib/python3.12/site-packages/airflow/example_dags/example_external_task_marker_dag.py
[2025-08-07T17:28:30.833+0000] {processor.py:914} INFO - Processing file /home/airflow/.local/lib/python3.12/site-packages/airflow/example_dags/example_external_task_marker_dag.py for tasks to queue
[2025-08-07T17:28:30.834+0000] {logging_mixin.py:190} INFO - [2025-08-07T17:28:30.834+0000] {dagbag.py:588} INFO - Filling up the DagBag from /home/airflow/.local/lib/python3.12/site-packages/airflow/example_dags/example_external_task_marker_dag.py
[2025-08-07T17:28:30.844+0000] {processor.py:925} INFO - DAG(s) 'example_external_task_marker_parent', 'example_external_task_marker_child' retrieved from /home/airflow/.local/lib/python3.12/site-packages/airflow/example_dags/example_external_task_marker_dag.py
[2025-08-07T17:28:30.873+0000] {logging_mixin.py:190} INFO - [2025-08-07T17:28:30.873+0000] {dag.py:3239} INFO - Sync 2 DAGs
[2025-08-07T17:28:30.893+0000] {logging_mixin.py:190} INFO - [2025-08-07T17:28:30.893+0000] {dag.py:4180} INFO - Setting next_dagrun for example_external_task_marker_child to None, run_after=None
[2025-08-07T17:28:30.899+0000] {logging_mixin.py:190} INFO - [2025-08-07T17:28:30.898+0000] {dag.py:4180} INFO - Setting next_dagrun for example_external_task_marker_parent to None, run_after=None
[2025-08-07T17:28:30.925+0000] {processor.py:208} INFO - Processing /home/airflow/.local/lib/python3.12/site-packages/airflow/example_dags/example_external_task_marker_dag.py took 0.100 seconds
[2025-08-07T17:28:41.449+0000] {processor.py:186} INFO - Started process (PID=2401) to work on /home/airflow/.local/lib/python3.12/site-packages/airflow/example_dags/example_external_task_marker_dag.py
[2025-08-07T17:28:41.450+0000] {processor.py:914} INFO - Processing file /home/airflow/.local/lib/python3.12/site-packages/airflow/example_dags/example_external_task_marker_dag.py for tasks to queue
[2025-08-07T17:28:41.454+0000] {logging_mixin.py:190} INFO - [2025-08-07T17:28:41.452+0000] {dagbag.py:588} INFO - Filling up the DagBag from /home/airflow/.local/lib/python3.12/site-packages/airflow/example_dags/example_external_task_marker_dag.py
[2025-08-07T17:28:41.466+0000] {processor.py:925} INFO - DAG(s) 'example_external_task_marker_child', 'example_external_task_marker_parent' retrieved from /home/airflow/.local/lib/python3.12/site-packages/airflow/example_dags/example_external_task_marker_dag.py
[2025-08-07T17:28:41.497+0000] {logging_mixin.py:190} INFO - [2025-08-07T17:28:41.496+0000] {dag.py:3239} INFO - Sync 2 DAGs
[2025-08-07T17:28:41.524+0000] {logging_mixin.py:190} INFO - [2025-08-07T17:28:41.522+0000] {dag.py:4180} INFO - Setting next_dagrun for example_external_task_marker_child to None, run_after=None
[2025-08-07T17:28:41.529+0000] {logging_mixin.py:190} INFO - [2025-08-07T17:28:41.529+0000] {dag.py:4180} INFO - Setting next_dagrun for example_external_task_marker_parent to None, run_after=None
[2025-08-07T17:28:41.557+0000] {processor.py:208} INFO - Processing /home/airflow/.local/lib/python3.12/site-packages/airflow/example_dags/example_external_task_marker_dag.py took 0.116 seconds
[2025-08-07T17:29:13.099+0000] {processor.py:186} INFO - Started process (PID=2467) to work on /home/airflow/.local/lib/python3.12/site-packages/airflow/example_dags/example_external_task_marker_dag.py
[2025-08-07T17:29:13.100+0000] {processor.py:914} INFO - Processing file /home/airflow/.local/lib/python3.12/site-packages/airflow/example_dags/example_external_task_marker_dag.py for tasks to queue
[2025-08-07T17:29:13.101+0000] {logging_mixin.py:190} INFO - [2025-08-07T17:29:13.101+0000] {dagbag.py:588} INFO - Filling up the DagBag from /home/airflow/.local/lib/python3.12/site-packages/airflow/example_dags/example_external_task_marker_dag.py
[2025-08-07T17:29:13.114+0000] {processor.py:925} INFO - DAG(s) 'example_external_task_marker_parent', 'example_external_task_marker_child' retrieved from /home/airflow/.local/lib/python3.12/site-packages/airflow/example_dags/example_external_task_marker_dag.py
[2025-08-07T17:29:13.141+0000] {logging_mixin.py:190} INFO - [2025-08-07T17:29:13.141+0000] {dag.py:3239} INFO - Sync 2 DAGs
[2025-08-07T17:29:13.161+0000] {logging_mixin.py:190} INFO - [2025-08-07T17:29:13.161+0000] {dag.py:4180} INFO - Setting next_dagrun for example_external_task_marker_child to None, run_after=None
[2025-08-07T17:29:13.167+0000] {logging_mixin.py:190} INFO - [2025-08-07T17:29:13.167+0000] {dag.py:4180} INFO - Setting next_dagrun for example_external_task_marker_parent to None, run_after=None
[2025-08-07T17:29:13.193+0000] {processor.py:208} INFO - Processing /home/airflow/.local/lib/python3.12/site-packages/airflow/example_dags/example_external_task_marker_dag.py took 0.098 seconds
[2025-08-07T17:29:19.946+0000] {processor.py:186} INFO - Started process (PID=2525) to work on /home/airflow/.local/lib/python3.12/site-packages/airflow/example_dags/example_external_task_marker_dag.py
[2025-08-07T17:29:19.947+0000] {processor.py:914} INFO - Processing file /home/airflow/.local/lib/python3.12/site-packages/airflow/example_dags/example_external_task_marker_dag.py for tasks to queue
[2025-08-07T17:29:19.948+0000] {logging_mixin.py:190} INFO - [2025-08-07T17:29:19.948+0000] {dagbag.py:588} INFO - Filling up the DagBag from /home/airflow/.local/lib/python3.12/site-packages/airflow/example_dags/example_external_task_marker_dag.py
[2025-08-07T17:29:19.958+0000] {processor.py:925} INFO - DAG(s) 'example_external_task_marker_parent', 'example_external_task_marker_child' retrieved from /home/airflow/.local/lib/python3.12/site-packages/airflow/example_dags/example_external_task_marker_dag.py
[2025-08-07T17:29:19.987+0000] {logging_mixin.py:190} INFO - [2025-08-07T17:29:19.986+0000] {dag.py:3239} INFO - Sync 2 DAGs
[2025-08-07T17:29:20.006+0000] {logging_mixin.py:190} INFO - [2025-08-07T17:29:20.006+0000] {dag.py:4180} INFO - Setting next_dagrun for example_external_task_marker_child to None, run_after=None
[2025-08-07T17:29:20.010+0000] {logging_mixin.py:190} INFO - [2025-08-07T17:29:20.010+0000] {dag.py:4180} INFO - Setting next_dagrun for example_external_task_marker_parent to None, run_after=None
[2025-08-07T17:29:20.033+0000] {processor.py:208} INFO - Processing /home/airflow/.local/lib/python3.12/site-packages/airflow/example_dags/example_external_task_marker_dag.py took 0.094 seconds
[2025-08-07T17:29:51.498+0000] {processor.py:186} INFO - Started process (PID=2589) to work on /home/airflow/.local/lib/python3.12/site-packages/airflow/example_dags/example_external_task_marker_dag.py
[2025-08-07T17:29:51.500+0000] {processor.py:914} INFO - Processing file /home/airflow/.local/lib/python3.12/site-packages/airflow/example_dags/example_external_task_marker_dag.py for tasks to queue
[2025-08-07T17:29:51.502+0000] {logging_mixin.py:190} INFO - [2025-08-07T17:29:51.501+0000] {dagbag.py:588} INFO - Filling up the DagBag from /home/airflow/.local/lib/python3.12/site-packages/airflow/example_dags/example_external_task_marker_dag.py
[2025-08-07T17:29:51.512+0000] {processor.py:925} INFO - DAG(s) 'example_external_task_marker_child', 'example_external_task_marker_parent' retrieved from /home/airflow/.local/lib/python3.12/site-packages/airflow/example_dags/example_external_task_marker_dag.py
[2025-08-07T17:29:51.546+0000] {logging_mixin.py:190} INFO - [2025-08-07T17:29:51.546+0000] {dag.py:3239} INFO - Sync 2 DAGs
[2025-08-07T17:29:51.568+0000] {logging_mixin.py:190} INFO - [2025-08-07T17:29:51.567+0000] {dag.py:4180} INFO - Setting next_dagrun for example_external_task_marker_child to None, run_after=None
[2025-08-07T17:29:51.573+0000] {logging_mixin.py:190} INFO - [2025-08-07T17:29:51.573+0000] {dag.py:4180} INFO - Setting next_dagrun for example_external_task_marker_parent to None, run_after=None
[2025-08-07T17:29:51.602+0000] {processor.py:208} INFO - Processing /home/airflow/.local/lib/python3.12/site-packages/airflow/example_dags/example_external_task_marker_dag.py took 0.114 seconds
[2025-08-07T17:30:23.214+0000] {processor.py:186} INFO - Started process (PID=2653) to work on /home/airflow/.local/lib/python3.12/site-packages/airflow/example_dags/example_external_task_marker_dag.py
[2025-08-07T17:30:23.215+0000] {processor.py:914} INFO - Processing file /home/airflow/.local/lib/python3.12/site-packages/airflow/example_dags/example_external_task_marker_dag.py for tasks to queue
[2025-08-07T17:30:23.218+0000] {logging_mixin.py:190} INFO - [2025-08-07T17:30:23.217+0000] {dagbag.py:588} INFO - Filling up the DagBag from /home/airflow/.local/lib/python3.12/site-packages/airflow/example_dags/example_external_task_marker_dag.py
[2025-08-07T17:30:23.235+0000] {processor.py:925} INFO - DAG(s) 'example_external_task_marker_parent', 'example_external_task_marker_child' retrieved from /home/airflow/.local/lib/python3.12/site-packages/airflow/example_dags/example_external_task_marker_dag.py
[2025-08-07T17:30:23.287+0000] {logging_mixin.py:190} INFO - [2025-08-07T17:30:23.287+0000] {dag.py:3239} INFO - Sync 2 DAGs
[2025-08-07T17:30:23.330+0000] {logging_mixin.py:190} INFO - [2025-08-07T17:30:23.329+0000] {dag.py:4180} INFO - Setting next_dagrun for example_external_task_marker_child to None, run_after=None
[2025-08-07T17:30:23.337+0000] {logging_mixin.py:190} INFO - [2025-08-07T17:30:23.337+0000] {dag.py:4180} INFO - Setting next_dagrun for example_external_task_marker_parent to None, run_after=None
[2025-08-07T17:30:23.371+0000] {processor.py:208} INFO - Processing /home/airflow/.local/lib/python3.12/site-packages/airflow/example_dags/example_external_task_marker_dag.py took 0.166 seconds
[2025-08-07T17:42:41.887+0000] {processor.py:186} INFO - Started process (PID=2731) to work on /home/airflow/.local/lib/python3.12/site-packages/airflow/example_dags/example_external_task_marker_dag.py
[2025-08-07T17:42:41.892+0000] {processor.py:914} INFO - Processing file /home/airflow/.local/lib/python3.12/site-packages/airflow/example_dags/example_external_task_marker_dag.py for tasks to queue
[2025-08-07T17:42:41.902+0000] {logging_mixin.py:190} INFO - [2025-08-07T17:42:41.893+0000] {dagbag.py:588} INFO - Filling up the DagBag from /home/airflow/.local/lib/python3.12/site-packages/airflow/example_dags/example_external_task_marker_dag.py
[2025-08-07T17:42:41.935+0000] {processor.py:925} INFO - DAG(s) 'example_external_task_marker_parent', 'example_external_task_marker_child' retrieved from /home/airflow/.local/lib/python3.12/site-packages/airflow/example_dags/example_external_task_marker_dag.py
[2025-08-07T17:42:42.061+0000] {logging_mixin.py:190} INFO - [2025-08-07T17:42:42.057+0000] {dag.py:3239} INFO - Sync 2 DAGs
[2025-08-07T17:42:42.095+0000] {logging_mixin.py:190} INFO - [2025-08-07T17:42:42.095+0000] {dag.py:4180} INFO - Setting next_dagrun for example_external_task_marker_child to None, run_after=None
[2025-08-07T17:42:42.104+0000] {logging_mixin.py:190} INFO - [2025-08-07T17:42:42.103+0000] {dag.py:4180} INFO - Setting next_dagrun for example_external_task_marker_parent to None, run_after=None
[2025-08-07T17:42:42.135+0000] {processor.py:208} INFO - Processing /home/airflow/.local/lib/python3.12/site-packages/airflow/example_dags/example_external_task_marker_dag.py took 0.258 seconds
[2025-08-07T17:43:14.019+0000] {processor.py:186} INFO - Started process (PID=2795) to work on /home/airflow/.local/lib/python3.12/site-packages/airflow/example_dags/example_external_task_marker_dag.py
[2025-08-07T17:43:14.020+0000] {processor.py:914} INFO - Processing file /home/airflow/.local/lib/python3.12/site-packages/airflow/example_dags/example_external_task_marker_dag.py for tasks to queue
[2025-08-07T17:43:14.021+0000] {logging_mixin.py:190} INFO - [2025-08-07T17:43:14.021+0000] {dagbag.py:588} INFO - Filling up the DagBag from /home/airflow/.local/lib/python3.12/site-packages/airflow/example_dags/example_external_task_marker_dag.py
[2025-08-07T17:43:14.038+0000] {processor.py:925} INFO - DAG(s) 'example_external_task_marker_parent', 'example_external_task_marker_child' retrieved from /home/airflow/.local/lib/python3.12/site-packages/airflow/example_dags/example_external_task_marker_dag.py
[2025-08-07T17:43:14.080+0000] {logging_mixin.py:190} INFO - [2025-08-07T17:43:14.079+0000] {dag.py:3239} INFO - Sync 2 DAGs
[2025-08-07T17:43:14.102+0000] {logging_mixin.py:190} INFO - [2025-08-07T17:43:14.102+0000] {dag.py:4180} INFO - Setting next_dagrun for example_external_task_marker_child to None, run_after=None
[2025-08-07T17:43:14.111+0000] {logging_mixin.py:190} INFO - [2025-08-07T17:43:14.111+0000] {dag.py:4180} INFO - Setting next_dagrun for example_external_task_marker_parent to None, run_after=None
[2025-08-07T17:43:14.138+0000] {processor.py:208} INFO - Processing /home/airflow/.local/lib/python3.12/site-packages/airflow/example_dags/example_external_task_marker_dag.py took 0.128 seconds
[2025-08-07T17:43:33.848+0000] {processor.py:186} INFO - Started process (PID=2861) to work on /home/airflow/.local/lib/python3.12/site-packages/airflow/example_dags/example_external_task_marker_dag.py
[2025-08-07T17:43:33.851+0000] {processor.py:914} INFO - Processing file /home/airflow/.local/lib/python3.12/site-packages/airflow/example_dags/example_external_task_marker_dag.py for tasks to queue
[2025-08-07T17:43:33.852+0000] {logging_mixin.py:190} INFO - [2025-08-07T17:43:33.852+0000] {dagbag.py:588} INFO - Filling up the DagBag from /home/airflow/.local/lib/python3.12/site-packages/airflow/example_dags/example_external_task_marker_dag.py
[2025-08-07T17:43:33.877+0000] {processor.py:925} INFO - DAG(s) 'example_external_task_marker_child', 'example_external_task_marker_parent' retrieved from /home/airflow/.local/lib/python3.12/site-packages/airflow/example_dags/example_external_task_marker_dag.py
[2025-08-07T17:43:33.930+0000] {logging_mixin.py:190} INFO - [2025-08-07T17:43:33.929+0000] {dag.py:3239} INFO - Sync 2 DAGs
[2025-08-07T17:43:33.977+0000] {logging_mixin.py:190} INFO - [2025-08-07T17:43:33.977+0000] {dag.py:4180} INFO - Setting next_dagrun for example_external_task_marker_child to None, run_after=None
[2025-08-07T17:43:33.987+0000] {logging_mixin.py:190} INFO - [2025-08-07T17:43:33.987+0000] {dag.py:4180} INFO - Setting next_dagrun for example_external_task_marker_parent to None, run_after=None
[2025-08-07T17:43:34.027+0000] {processor.py:208} INFO - Processing /home/airflow/.local/lib/python3.12/site-packages/airflow/example_dags/example_external_task_marker_dag.py took 0.190 seconds
[2025-08-07T17:43:52.279+0000] {processor.py:186} INFO - Started process (PID=2921) to work on /home/airflow/.local/lib/python3.12/site-packages/airflow/example_dags/example_external_task_marker_dag.py
[2025-08-07T17:43:52.280+0000] {processor.py:914} INFO - Processing file /home/airflow/.local/lib/python3.12/site-packages/airflow/example_dags/example_external_task_marker_dag.py for tasks to queue
[2025-08-07T17:43:52.285+0000] {logging_mixin.py:190} INFO - [2025-08-07T17:43:52.285+0000] {dagbag.py:588} INFO - Filling up the DagBag from /home/airflow/.local/lib/python3.12/site-packages/airflow/example_dags/example_external_task_marker_dag.py
[2025-08-07T17:43:52.307+0000] {processor.py:925} INFO - DAG(s) 'example_external_task_marker_child', 'example_external_task_marker_parent' retrieved from /home/airflow/.local/lib/python3.12/site-packages/airflow/example_dags/example_external_task_marker_dag.py
[2025-08-07T17:43:52.365+0000] {logging_mixin.py:190} INFO - [2025-08-07T17:43:52.365+0000] {dag.py:3239} INFO - Sync 2 DAGs
[2025-08-07T17:43:52.657+0000] {logging_mixin.py:190} INFO - [2025-08-07T17:43:52.656+0000] {dag.py:4180} INFO - Setting next_dagrun for example_external_task_marker_child to None, run_after=None
[2025-08-07T17:43:52.665+0000] {logging_mixin.py:190} INFO - [2025-08-07T17:43:52.665+0000] {dag.py:4180} INFO - Setting next_dagrun for example_external_task_marker_parent to None, run_after=None
[2025-08-07T17:43:52.700+0000] {processor.py:208} INFO - Processing /home/airflow/.local/lib/python3.12/site-packages/airflow/example_dags/example_external_task_marker_dag.py took 0.431 seconds
[2025-08-07T17:44:25.860+0000] {processor.py:186} INFO - Started process (PID=2993) to work on /home/airflow/.local/lib/python3.12/site-packages/airflow/example_dags/example_external_task_marker_dag.py
[2025-08-07T17:44:25.861+0000] {processor.py:914} INFO - Processing file /home/airflow/.local/lib/python3.12/site-packages/airflow/example_dags/example_external_task_marker_dag.py for tasks to queue
[2025-08-07T17:44:25.866+0000] {logging_mixin.py:190} INFO - [2025-08-07T17:44:25.866+0000] {dagbag.py:588} INFO - Filling up the DagBag from /home/airflow/.local/lib/python3.12/site-packages/airflow/example_dags/example_external_task_marker_dag.py
[2025-08-07T17:44:25.879+0000] {processor.py:925} INFO - DAG(s) 'example_external_task_marker_parent', 'example_external_task_marker_child' retrieved from /home/airflow/.local/lib/python3.12/site-packages/airflow/example_dags/example_external_task_marker_dag.py
[2025-08-07T17:45:39.475+0000] {logging_mixin.py:190} INFO - [2025-08-07T17:45:39.474+0000] {dag.py:3239} INFO - Sync 2 DAGs
[2025-08-07T17:44:26.197+0000] {logging_mixin.py:190} INFO - [2025-08-07T17:44:26.197+0000] {dag.py:4180} INFO - Setting next_dagrun for example_external_task_marker_child to None, run_after=None
[2025-08-07T17:44:26.206+0000] {logging_mixin.py:190} INFO - [2025-08-07T17:44:26.206+0000] {dag.py:4180} INFO - Setting next_dagrun for example_external_task_marker_parent to None, run_after=None
[2025-08-07T17:44:26.239+0000] {processor.py:208} INFO - Processing /home/airflow/.local/lib/python3.12/site-packages/airflow/example_dags/example_external_task_marker_dag.py took 0.390 seconds
[2025-08-07T17:44:58.800+0000] {processor.py:186} INFO - Started process (PID=3059) to work on /home/airflow/.local/lib/python3.12/site-packages/airflow/example_dags/example_external_task_marker_dag.py
[2025-08-07T17:44:58.802+0000] {processor.py:914} INFO - Processing file /home/airflow/.local/lib/python3.12/site-packages/airflow/example_dags/example_external_task_marker_dag.py for tasks to queue
[2025-08-07T17:44:58.808+0000] {logging_mixin.py:190} INFO - [2025-08-07T17:44:58.807+0000] {dagbag.py:588} INFO - Filling up the DagBag from /home/airflow/.local/lib/python3.12/site-packages/airflow/example_dags/example_external_task_marker_dag.py
[2025-08-07T17:44:58.821+0000] {processor.py:925} INFO - DAG(s) 'example_external_task_marker_child', 'example_external_task_marker_parent' retrieved from /home/airflow/.local/lib/python3.12/site-packages/airflow/example_dags/example_external_task_marker_dag.py
[2025-08-07T17:44:58.870+0000] {logging_mixin.py:190} INFO - [2025-08-07T17:44:58.870+0000] {dag.py:3239} INFO - Sync 2 DAGs
[2025-08-07T17:44:59.179+0000] {logging_mixin.py:190} INFO - [2025-08-07T17:44:59.179+0000] {dag.py:4180} INFO - Setting next_dagrun for example_external_task_marker_child to None, run_after=None
[2025-08-07T17:44:59.190+0000] {logging_mixin.py:190} INFO - [2025-08-07T17:44:59.190+0000] {dag.py:4180} INFO - Setting next_dagrun for example_external_task_marker_parent to None, run_after=None
[2025-08-07T17:44:59.232+0000] {processor.py:208} INFO - Processing /home/airflow/.local/lib/python3.12/site-packages/airflow/example_dags/example_external_task_marker_dag.py took 0.443 seconds
[2025-08-07T17:45:30.700+0000] {processor.py:186} INFO - Started process (PID=3124) to work on /home/airflow/.local/lib/python3.12/site-packages/airflow/example_dags/example_external_task_marker_dag.py
[2025-08-07T17:45:30.702+0000] {processor.py:914} INFO - Processing file /home/airflow/.local/lib/python3.12/site-packages/airflow/example_dags/example_external_task_marker_dag.py for tasks to queue
[2025-08-07T17:45:30.707+0000] {logging_mixin.py:190} INFO - [2025-08-07T17:45:30.707+0000] {dagbag.py:588} INFO - Filling up the DagBag from /home/airflow/.local/lib/python3.12/site-packages/airflow/example_dags/example_external_task_marker_dag.py
[2025-08-07T17:45:30.731+0000] {processor.py:925} INFO - DAG(s) 'example_external_task_marker_parent', 'example_external_task_marker_child' retrieved from /home/airflow/.local/lib/python3.12/site-packages/airflow/example_dags/example_external_task_marker_dag.py
[2025-08-07T17:45:30.790+0000] {logging_mixin.py:190} INFO - [2025-08-07T17:45:30.782+0000] {dag.py:3239} INFO - Sync 2 DAGs
[2025-08-07T17:47:15.172+0000] {processor.py:186} INFO - Started process (PID=3324) to work on /home/airflow/.local/lib/python3.12/site-packages/airflow/example_dags/example_external_task_marker_dag.py
[2025-08-07T17:47:15.173+0000] {processor.py:914} INFO - Processing file /home/airflow/.local/lib/python3.12/site-packages/airflow/example_dags/example_external_task_marker_dag.py for tasks to queue
[2025-08-07T17:47:15.179+0000] {logging_mixin.py:190} INFO - [2025-08-07T17:47:15.175+0000] {dagbag.py:588} INFO - Filling up the DagBag from /home/airflow/.local/lib/python3.12/site-packages/airflow/example_dags/example_external_task_marker_dag.py
[2025-08-07T17:47:15.212+0000] {processor.py:925} INFO - DAG(s) 'example_external_task_marker_parent', 'example_external_task_marker_child' retrieved from /home/airflow/.local/lib/python3.12/site-packages/airflow/example_dags/example_external_task_marker_dag.py
[2025-08-07T17:47:15.260+0000] {logging_mixin.py:190} INFO - [2025-08-07T17:47:15.260+0000] {dag.py:3239} INFO - Sync 2 DAGs
[2025-08-07T17:47:15.320+0000] {logging_mixin.py:190} INFO - [2025-08-07T17:47:15.320+0000] {dag.py:4180} INFO - Setting next_dagrun for example_external_task_marker_child to None, run_after=None
[2025-08-07T17:47:15.335+0000] {logging_mixin.py:190} INFO - [2025-08-07T17:47:15.334+0000] {dag.py:4180} INFO - Setting next_dagrun for example_external_task_marker_parent to None, run_after=None
[2025-08-07T17:47:15.375+0000] {processor.py:208} INFO - Processing /home/airflow/.local/lib/python3.12/site-packages/airflow/example_dags/example_external_task_marker_dag.py took 0.232 seconds
[2025-08-07T17:47:45.830+0000] {processor.py:186} INFO - Started process (PID=3389) to work on /home/airflow/.local/lib/python3.12/site-packages/airflow/example_dags/example_external_task_marker_dag.py
[2025-08-07T17:47:45.831+0000] {processor.py:914} INFO - Processing file /home/airflow/.local/lib/python3.12/site-packages/airflow/example_dags/example_external_task_marker_dag.py for tasks to queue
[2025-08-07T17:47:45.833+0000] {logging_mixin.py:190} INFO - [2025-08-07T17:47:45.832+0000] {dagbag.py:588} INFO - Filling up the DagBag from /home/airflow/.local/lib/python3.12/site-packages/airflow/example_dags/example_external_task_marker_dag.py
[2025-08-07T17:47:45.851+0000] {processor.py:925} INFO - DAG(s) 'example_external_task_marker_child', 'example_external_task_marker_parent' retrieved from /home/airflow/.local/lib/python3.12/site-packages/airflow/example_dags/example_external_task_marker_dag.py
[2025-08-07T17:47:45.893+0000] {logging_mixin.py:190} INFO - [2025-08-07T17:47:45.893+0000] {dag.py:3239} INFO - Sync 2 DAGs
[2025-08-07T17:47:45.929+0000] {logging_mixin.py:190} INFO - [2025-08-07T17:47:45.929+0000] {dag.py:4180} INFO - Setting next_dagrun for example_external_task_marker_child to None, run_after=None
[2025-08-07T17:47:45.939+0000] {logging_mixin.py:190} INFO - [2025-08-07T17:47:45.938+0000] {dag.py:4180} INFO - Setting next_dagrun for example_external_task_marker_parent to None, run_after=None
[2025-08-07T17:47:45.991+0000] {processor.py:208} INFO - Processing /home/airflow/.local/lib/python3.12/site-packages/airflow/example_dags/example_external_task_marker_dag.py took 0.171 seconds
[2025-08-07T17:48:16.847+0000] {processor.py:186} INFO - Started process (PID=3455) to work on /home/airflow/.local/lib/python3.12/site-packages/airflow/example_dags/example_external_task_marker_dag.py
[2025-08-07T17:48:16.849+0000] {processor.py:914} INFO - Processing file /home/airflow/.local/lib/python3.12/site-packages/airflow/example_dags/example_external_task_marker_dag.py for tasks to queue
[2025-08-07T17:48:16.850+0000] {logging_mixin.py:190} INFO - [2025-08-07T17:48:16.850+0000] {dagbag.py:588} INFO - Filling up the DagBag from /home/airflow/.local/lib/python3.12/site-packages/airflow/example_dags/example_external_task_marker_dag.py
[2025-08-07T17:48:16.870+0000] {processor.py:925} INFO - DAG(s) 'example_external_task_marker_child', 'example_external_task_marker_parent' retrieved from /home/airflow/.local/lib/python3.12/site-packages/airflow/example_dags/example_external_task_marker_dag.py
[2025-08-07T17:48:16.910+0000] {logging_mixin.py:190} INFO - [2025-08-07T17:48:16.909+0000] {dag.py:3239} INFO - Sync 2 DAGs
[2025-08-07T17:48:16.939+0000] {logging_mixin.py:190} INFO - [2025-08-07T17:48:16.939+0000] {dag.py:4180} INFO - Setting next_dagrun for example_external_task_marker_child to None, run_after=None
[2025-08-07T17:48:16.951+0000] {logging_mixin.py:190} INFO - [2025-08-07T17:48:16.951+0000] {dag.py:4180} INFO - Setting next_dagrun for example_external_task_marker_parent to None, run_after=None
[2025-08-07T17:48:17.000+0000] {processor.py:208} INFO - Processing /home/airflow/.local/lib/python3.12/site-packages/airflow/example_dags/example_external_task_marker_dag.py took 0.172 seconds
[2025-08-07T17:48:47.259+0000] {processor.py:186} INFO - Started process (PID=3517) to work on /home/airflow/.local/lib/python3.12/site-packages/airflow/example_dags/example_external_task_marker_dag.py
[2025-08-07T17:48:47.261+0000] {processor.py:914} INFO - Processing file /home/airflow/.local/lib/python3.12/site-packages/airflow/example_dags/example_external_task_marker_dag.py for tasks to queue
[2025-08-07T17:48:47.263+0000] {logging_mixin.py:190} INFO - [2025-08-07T17:48:47.262+0000] {dagbag.py:588} INFO - Filling up the DagBag from /home/airflow/.local/lib/python3.12/site-packages/airflow/example_dags/example_external_task_marker_dag.py
[2025-08-07T17:48:47.283+0000] {processor.py:925} INFO - DAG(s) 'example_external_task_marker_child', 'example_external_task_marker_parent' retrieved from /home/airflow/.local/lib/python3.12/site-packages/airflow/example_dags/example_external_task_marker_dag.py
[2025-08-07T17:48:47.350+0000] {logging_mixin.py:190} INFO - [2025-08-07T17:48:47.349+0000] {dag.py:3239} INFO - Sync 2 DAGs
[2025-08-07T17:48:47.392+0000] {logging_mixin.py:190} INFO - [2025-08-07T17:48:47.391+0000] {dag.py:4180} INFO - Setting next_dagrun for example_external_task_marker_child to None, run_after=None
[2025-08-07T17:48:47.402+0000] {logging_mixin.py:190} INFO - [2025-08-07T17:48:47.402+0000] {dag.py:4180} INFO - Setting next_dagrun for example_external_task_marker_parent to None, run_after=None
[2025-08-07T17:50:00.941+0000] {processor.py:208} INFO - Processing /home/airflow/.local/lib/python3.12/site-packages/airflow/example_dags/example_external_task_marker_dag.py took 0.221 seconds
[2025-08-07T17:49:57.959+0000] {processor.py:186} INFO - Started process (PID=3699) to work on /home/airflow/.local/lib/python3.12/site-packages/airflow/example_dags/example_external_task_marker_dag.py
[2025-08-07T17:49:57.964+0000] {processor.py:914} INFO - Processing file /home/airflow/.local/lib/python3.12/site-packages/airflow/example_dags/example_external_task_marker_dag.py for tasks to queue
[2025-08-07T17:49:57.966+0000] {logging_mixin.py:190} INFO - [2025-08-07T17:49:57.965+0000] {dagbag.py:588} INFO - Filling up the DagBag from /home/airflow/.local/lib/python3.12/site-packages/airflow/example_dags/example_external_task_marker_dag.py
[2025-08-07T17:49:57.985+0000] {processor.py:925} INFO - DAG(s) 'example_external_task_marker_child', 'example_external_task_marker_parent' retrieved from /home/airflow/.local/lib/python3.12/site-packages/airflow/example_dags/example_external_task_marker_dag.py
[2025-08-07T17:49:58.256+0000] {logging_mixin.py:190} INFO - [2025-08-07T17:49:58.256+0000] {dag.py:3239} INFO - Sync 2 DAGs
[2025-08-07T17:49:58.287+0000] {logging_mixin.py:190} INFO - [2025-08-07T17:49:58.286+0000] {dag.py:4180} INFO - Setting next_dagrun for example_external_task_marker_child to None, run_after=None
[2025-08-07T17:49:58.295+0000] {logging_mixin.py:190} INFO - [2025-08-07T17:49:58.295+0000] {dag.py:4180} INFO - Setting next_dagrun for example_external_task_marker_parent to None, run_after=None
[2025-08-07T17:49:58.336+0000] {processor.py:208} INFO - Processing /home/airflow/.local/lib/python3.12/site-packages/airflow/example_dags/example_external_task_marker_dag.py took 0.389 seconds
[2025-08-07T17:50:13.596+0000] {processor.py:186} INFO - Started process (PID=3759) to work on /home/airflow/.local/lib/python3.12/site-packages/airflow/example_dags/example_external_task_marker_dag.py
[2025-08-07T17:50:13.598+0000] {processor.py:914} INFO - Processing file /home/airflow/.local/lib/python3.12/site-packages/airflow/example_dags/example_external_task_marker_dag.py for tasks to queue
[2025-08-07T17:50:13.601+0000] {logging_mixin.py:190} INFO - [2025-08-07T17:50:13.600+0000] {dagbag.py:588} INFO - Filling up the DagBag from /home/airflow/.local/lib/python3.12/site-packages/airflow/example_dags/example_external_task_marker_dag.py
[2025-08-07T17:50:13.626+0000] {processor.py:925} INFO - DAG(s) 'example_external_task_marker_parent', 'example_external_task_marker_child' retrieved from /home/airflow/.local/lib/python3.12/site-packages/airflow/example_dags/example_external_task_marker_dag.py
[2025-08-07T17:50:13.661+0000] {logging_mixin.py:190} INFO - [2025-08-07T17:50:13.660+0000] {dag.py:3239} INFO - Sync 2 DAGs
[2025-08-07T17:50:13.718+0000] {logging_mixin.py:190} INFO - [2025-08-07T17:50:13.718+0000] {dag.py:4180} INFO - Setting next_dagrun for example_external_task_marker_child to None, run_after=None
[2025-08-07T17:50:13.731+0000] {logging_mixin.py:190} INFO - [2025-08-07T17:50:13.731+0000] {dag.py:4180} INFO - Setting next_dagrun for example_external_task_marker_parent to None, run_after=None
[2025-08-07T17:50:13.801+0000] {processor.py:208} INFO - Processing /home/airflow/.local/lib/python3.12/site-packages/airflow/example_dags/example_external_task_marker_dag.py took 0.223 seconds
[2025-08-07T17:50:44.726+0000] {processor.py:186} INFO - Started process (PID=3830) to work on /home/airflow/.local/lib/python3.12/site-packages/airflow/example_dags/example_external_task_marker_dag.py
[2025-08-07T17:50:44.728+0000] {processor.py:914} INFO - Processing file /home/airflow/.local/lib/python3.12/site-packages/airflow/example_dags/example_external_task_marker_dag.py for tasks to queue
[2025-08-07T17:50:44.735+0000] {logging_mixin.py:190} INFO - [2025-08-07T17:50:44.730+0000] {dagbag.py:588} INFO - Filling up the DagBag from /home/airflow/.local/lib/python3.12/site-packages/airflow/example_dags/example_external_task_marker_dag.py
[2025-08-07T17:50:44.750+0000] {processor.py:925} INFO - DAG(s) 'example_external_task_marker_child', 'example_external_task_marker_parent' retrieved from /home/airflow/.local/lib/python3.12/site-packages/airflow/example_dags/example_external_task_marker_dag.py
[2025-08-07T17:50:44.809+0000] {logging_mixin.py:190} INFO - [2025-08-07T17:50:44.808+0000] {dag.py:3239} INFO - Sync 2 DAGs
[2025-08-07T17:50:44.855+0000] {logging_mixin.py:190} INFO - [2025-08-07T17:50:44.850+0000] {dag.py:4180} INFO - Setting next_dagrun for example_external_task_marker_child to None, run_after=None
[2025-08-07T17:50:44.865+0000] {logging_mixin.py:190} INFO - [2025-08-07T17:50:44.865+0000] {dag.py:4180} INFO - Setting next_dagrun for example_external_task_marker_parent to None, run_after=None
[2025-08-07T17:50:44.908+0000] {processor.py:208} INFO - Processing /home/airflow/.local/lib/python3.12/site-packages/airflow/example_dags/example_external_task_marker_dag.py took 0.198 seconds
[2025-08-07T17:51:16.011+0000] {processor.py:186} INFO - Started process (PID=3896) to work on /home/airflow/.local/lib/python3.12/site-packages/airflow/example_dags/example_external_task_marker_dag.py
[2025-08-07T17:51:16.012+0000] {processor.py:914} INFO - Processing file /home/airflow/.local/lib/python3.12/site-packages/airflow/example_dags/example_external_task_marker_dag.py for tasks to queue
[2025-08-07T17:51:16.014+0000] {logging_mixin.py:190} INFO - [2025-08-07T17:51:16.013+0000] {dagbag.py:588} INFO - Filling up the DagBag from /home/airflow/.local/lib/python3.12/site-packages/airflow/example_dags/example_external_task_marker_dag.py
[2025-08-07T17:51:16.032+0000] {processor.py:925} INFO - DAG(s) 'example_external_task_marker_parent', 'example_external_task_marker_child' retrieved from /home/airflow/.local/lib/python3.12/site-packages/airflow/example_dags/example_external_task_marker_dag.py
[2025-08-07T17:51:16.084+0000] {logging_mixin.py:190} INFO - [2025-08-07T17:51:16.083+0000] {dag.py:3239} INFO - Sync 2 DAGs
[2025-08-07T17:51:16.122+0000] {logging_mixin.py:190} INFO - [2025-08-07T17:51:16.121+0000] {dag.py:4180} INFO - Setting next_dagrun for example_external_task_marker_child to None, run_after=None
[2025-08-07T17:51:16.131+0000] {logging_mixin.py:190} INFO - [2025-08-07T17:51:16.131+0000] {dag.py:4180} INFO - Setting next_dagrun for example_external_task_marker_parent to None, run_after=None
[2025-08-07T17:51:16.172+0000] {processor.py:208} INFO - Processing /home/airflow/.local/lib/python3.12/site-packages/airflow/example_dags/example_external_task_marker_dag.py took 0.177 seconds
[2025-08-07T17:51:48.026+0000] {processor.py:186} INFO - Started process (PID=3962) to work on /home/airflow/.local/lib/python3.12/site-packages/airflow/example_dags/example_external_task_marker_dag.py
[2025-08-07T17:51:48.027+0000] {processor.py:914} INFO - Processing file /home/airflow/.local/lib/python3.12/site-packages/airflow/example_dags/example_external_task_marker_dag.py for tasks to queue
[2025-08-07T17:51:48.042+0000] {logging_mixin.py:190} INFO - [2025-08-07T17:51:48.037+0000] {dagbag.py:588} INFO - Filling up the DagBag from /home/airflow/.local/lib/python3.12/site-packages/airflow/example_dags/example_external_task_marker_dag.py
[2025-08-07T17:51:48.057+0000] {processor.py:925} INFO - DAG(s) 'example_external_task_marker_parent', 'example_external_task_marker_child' retrieved from /home/airflow/.local/lib/python3.12/site-packages/airflow/example_dags/example_external_task_marker_dag.py
[2025-08-07T17:51:48.125+0000] {logging_mixin.py:190} INFO - [2025-08-07T17:51:48.125+0000] {dag.py:3239} INFO - Sync 2 DAGs
[2025-08-07T17:51:48.176+0000] {logging_mixin.py:190} INFO - [2025-08-07T17:51:48.176+0000] {dag.py:4180} INFO - Setting next_dagrun for example_external_task_marker_child to None, run_after=None
[2025-08-07T17:51:48.187+0000] {logging_mixin.py:190} INFO - [2025-08-07T17:51:48.186+0000] {dag.py:4180} INFO - Setting next_dagrun for example_external_task_marker_parent to None, run_after=None
[2025-08-07T17:51:48.246+0000] {processor.py:208} INFO - Processing /home/airflow/.local/lib/python3.12/site-packages/airflow/example_dags/example_external_task_marker_dag.py took 0.232 seconds
[2025-08-07T17:52:18.023+0000] {processor.py:186} INFO - Started process (PID=4029) to work on /home/airflow/.local/lib/python3.12/site-packages/airflow/example_dags/example_external_task_marker_dag.py
[2025-08-07T17:52:18.024+0000] {processor.py:914} INFO - Processing file /home/airflow/.local/lib/python3.12/site-packages/airflow/example_dags/example_external_task_marker_dag.py for tasks to queue
[2025-08-07T17:52:18.031+0000] {logging_mixin.py:190} INFO - [2025-08-07T17:52:18.031+0000] {dagbag.py:588} INFO - Filling up the DagBag from /home/airflow/.local/lib/python3.12/site-packages/airflow/example_dags/example_external_task_marker_dag.py
[2025-08-07T17:52:18.065+0000] {processor.py:925} INFO - DAG(s) 'example_external_task_marker_parent', 'example_external_task_marker_child' retrieved from /home/airflow/.local/lib/python3.12/site-packages/airflow/example_dags/example_external_task_marker_dag.py
[2025-08-07T17:52:18.134+0000] {logging_mixin.py:190} INFO - [2025-08-07T17:52:18.134+0000] {dag.py:3239} INFO - Sync 2 DAGs
[2025-08-07T17:52:18.201+0000] {logging_mixin.py:190} INFO - [2025-08-07T17:52:18.196+0000] {dag.py:4180} INFO - Setting next_dagrun for example_external_task_marker_child to None, run_after=None
[2025-08-07T17:52:18.211+0000] {logging_mixin.py:190} INFO - [2025-08-07T17:52:18.211+0000] {dag.py:4180} INFO - Setting next_dagrun for example_external_task_marker_parent to None, run_after=None
[2025-08-07T17:52:18.275+0000] {processor.py:208} INFO - Processing /home/airflow/.local/lib/python3.12/site-packages/airflow/example_dags/example_external_task_marker_dag.py took 0.271 seconds
[2025-08-07T17:52:37.150+0000] {processor.py:186} INFO - Started process (PID=4088) to work on /home/airflow/.local/lib/python3.12/site-packages/airflow/example_dags/example_external_task_marker_dag.py
[2025-08-07T17:52:37.152+0000] {processor.py:914} INFO - Processing file /home/airflow/.local/lib/python3.12/site-packages/airflow/example_dags/example_external_task_marker_dag.py for tasks to queue
[2025-08-07T17:52:37.154+0000] {logging_mixin.py:190} INFO - [2025-08-07T17:52:37.153+0000] {dagbag.py:588} INFO - Filling up the DagBag from /home/airflow/.local/lib/python3.12/site-packages/airflow/example_dags/example_external_task_marker_dag.py
[2025-08-07T17:52:37.174+0000] {processor.py:925} INFO - DAG(s) 'example_external_task_marker_child', 'example_external_task_marker_parent' retrieved from /home/airflow/.local/lib/python3.12/site-packages/airflow/example_dags/example_external_task_marker_dag.py
[2025-08-07T17:52:37.245+0000] {logging_mixin.py:190} INFO - [2025-08-07T17:52:37.244+0000] {dag.py:3239} INFO - Sync 2 DAGs
[2025-08-07T17:52:37.291+0000] {logging_mixin.py:190} INFO - [2025-08-07T17:52:37.290+0000] {dag.py:4180} INFO - Setting next_dagrun for example_external_task_marker_child to None, run_after=None
[2025-08-07T17:53:50.440+0000] {logging_mixin.py:190} INFO - [2025-08-07T17:53:50.439+0000] {dag.py:4180} INFO - Setting next_dagrun for example_external_task_marker_parent to None, run_after=None
[2025-08-07T17:52:36.933+0000] {processor.py:208} INFO - Processing /home/airflow/.local/lib/python3.12/site-packages/airflow/example_dags/example_external_task_marker_dag.py took 0.218 seconds
[2025-08-07T17:53:09.862+0000] {processor.py:186} INFO - Started process (PID=4151) to work on /home/airflow/.local/lib/python3.12/site-packages/airflow/example_dags/example_external_task_marker_dag.py
[2025-08-07T17:53:09.864+0000] {processor.py:914} INFO - Processing file /home/airflow/.local/lib/python3.12/site-packages/airflow/example_dags/example_external_task_marker_dag.py for tasks to queue
[2025-08-07T17:53:09.866+0000] {logging_mixin.py:190} INFO - [2025-08-07T17:53:09.865+0000] {dagbag.py:588} INFO - Filling up the DagBag from /home/airflow/.local/lib/python3.12/site-packages/airflow/example_dags/example_external_task_marker_dag.py
[2025-08-07T17:53:09.894+0000] {processor.py:925} INFO - DAG(s) 'example_external_task_marker_parent', 'example_external_task_marker_child' retrieved from /home/airflow/.local/lib/python3.12/site-packages/airflow/example_dags/example_external_task_marker_dag.py
[2025-08-07T17:53:09.975+0000] {logging_mixin.py:190} INFO - [2025-08-07T17:53:09.974+0000] {dag.py:3239} INFO - Sync 2 DAGs
[2025-08-07T17:53:10.014+0000] {logging_mixin.py:190} INFO - [2025-08-07T17:53:10.014+0000] {dag.py:4180} INFO - Setting next_dagrun for example_external_task_marker_child to None, run_after=None
[2025-08-07T17:53:10.033+0000] {logging_mixin.py:190} INFO - [2025-08-07T17:53:10.033+0000] {dag.py:4180} INFO - Setting next_dagrun for example_external_task_marker_parent to None, run_after=None
[2025-08-07T17:53:10.075+0000] {processor.py:208} INFO - Processing /home/airflow/.local/lib/python3.12/site-packages/airflow/example_dags/example_external_task_marker_dag.py took 0.228 seconds
[2025-08-07T17:53:39.173+0000] {processor.py:186} INFO - Started process (PID=4214) to work on /home/airflow/.local/lib/python3.12/site-packages/airflow/example_dags/example_external_task_marker_dag.py
[2025-08-07T17:53:39.174+0000] {processor.py:914} INFO - Processing file /home/airflow/.local/lib/python3.12/site-packages/airflow/example_dags/example_external_task_marker_dag.py for tasks to queue
[2025-08-07T17:53:39.176+0000] {logging_mixin.py:190} INFO - [2025-08-07T17:53:39.176+0000] {dagbag.py:588} INFO - Filling up the DagBag from /home/airflow/.local/lib/python3.12/site-packages/airflow/example_dags/example_external_task_marker_dag.py
[2025-08-07T17:53:39.202+0000] {processor.py:925} INFO - DAG(s) 'example_external_task_marker_parent', 'example_external_task_marker_child' retrieved from /home/airflow/.local/lib/python3.12/site-packages/airflow/example_dags/example_external_task_marker_dag.py
[2025-08-07T17:53:39.256+0000] {logging_mixin.py:190} INFO - [2025-08-07T17:53:39.256+0000] {dag.py:3239} INFO - Sync 2 DAGs
[2025-08-07T17:53:39.316+0000] {logging_mixin.py:190} INFO - [2025-08-07T17:53:39.315+0000] {dag.py:4180} INFO - Setting next_dagrun for example_external_task_marker_child to None, run_after=None
[2025-08-07T17:53:39.327+0000] {logging_mixin.py:190} INFO - [2025-08-07T17:53:39.326+0000] {dag.py:4180} INFO - Setting next_dagrun for example_external_task_marker_parent to None, run_after=None
[2025-08-07T17:53:39.382+0000] {processor.py:208} INFO - Processing /home/airflow/.local/lib/python3.12/site-packages/airflow/example_dags/example_external_task_marker_dag.py took 0.227 seconds
[2025-08-07T17:53:54.939+0000] {processor.py:186} INFO - Started process (PID=4280) to work on /home/airflow/.local/lib/python3.12/site-packages/airflow/example_dags/example_external_task_marker_dag.py
[2025-08-07T17:53:54.940+0000] {processor.py:914} INFO - Processing file /home/airflow/.local/lib/python3.12/site-packages/airflow/example_dags/example_external_task_marker_dag.py for tasks to queue
[2025-08-07T17:53:54.947+0000] {logging_mixin.py:190} INFO - [2025-08-07T17:53:54.946+0000] {dagbag.py:588} INFO - Filling up the DagBag from /home/airflow/.local/lib/python3.12/site-packages/airflow/example_dags/example_external_task_marker_dag.py
[2025-08-07T17:53:54.969+0000] {processor.py:925} INFO - DAG(s) 'example_external_task_marker_parent', 'example_external_task_marker_child' retrieved from /home/airflow/.local/lib/python3.12/site-packages/airflow/example_dags/example_external_task_marker_dag.py
[2025-08-07T17:53:55.066+0000] {logging_mixin.py:190} INFO - [2025-08-07T17:53:55.051+0000] {dag.py:3239} INFO - Sync 2 DAGs
[2025-08-07T17:53:55.130+0000] {logging_mixin.py:190} INFO - [2025-08-07T17:53:55.130+0000] {dag.py:4180} INFO - Setting next_dagrun for example_external_task_marker_child to None, run_after=None
[2025-08-07T17:53:55.149+0000] {logging_mixin.py:190} INFO - [2025-08-07T17:53:55.148+0000] {dag.py:4180} INFO - Setting next_dagrun for example_external_task_marker_parent to None, run_after=None
[2025-08-07T17:53:55.228+0000] {processor.py:208} INFO - Processing /home/airflow/.local/lib/python3.12/site-packages/airflow/example_dags/example_external_task_marker_dag.py took 0.309 seconds
[2025-08-07T17:54:08.633+0000] {processor.py:186} INFO - Started process (PID=4340) to work on /home/airflow/.local/lib/python3.12/site-packages/airflow/example_dags/example_external_task_marker_dag.py
[2025-08-07T17:54:08.634+0000] {processor.py:914} INFO - Processing file /home/airflow/.local/lib/python3.12/site-packages/airflow/example_dags/example_external_task_marker_dag.py for tasks to queue
[2025-08-07T17:54:08.636+0000] {logging_mixin.py:190} INFO - [2025-08-07T17:54:08.636+0000] {dagbag.py:588} INFO - Filling up the DagBag from /home/airflow/.local/lib/python3.12/site-packages/airflow/example_dags/example_external_task_marker_dag.py
[2025-08-07T17:54:08.657+0000] {processor.py:925} INFO - DAG(s) 'example_external_task_marker_parent', 'example_external_task_marker_child' retrieved from /home/airflow/.local/lib/python3.12/site-packages/airflow/example_dags/example_external_task_marker_dag.py
[2025-08-07T17:54:08.717+0000] {logging_mixin.py:190} INFO - [2025-08-07T17:54:08.716+0000] {dag.py:3239} INFO - Sync 2 DAGs
[2025-08-07T17:54:08.757+0000] {logging_mixin.py:190} INFO - [2025-08-07T17:54:08.756+0000] {dag.py:4180} INFO - Setting next_dagrun for example_external_task_marker_child to None, run_after=None
[2025-08-07T17:54:08.767+0000] {logging_mixin.py:190} INFO - [2025-08-07T17:54:08.767+0000] {dag.py:4180} INFO - Setting next_dagrun for example_external_task_marker_parent to None, run_after=None
[2025-08-07T17:54:08.824+0000] {processor.py:208} INFO - Processing /home/airflow/.local/lib/python3.12/site-packages/airflow/example_dags/example_external_task_marker_dag.py took 0.209 seconds
[2025-08-07T17:54:40.524+0000] {processor.py:186} INFO - Started process (PID=4410) to work on /home/airflow/.local/lib/python3.12/site-packages/airflow/example_dags/example_external_task_marker_dag.py
[2025-08-07T17:54:40.530+0000] {processor.py:914} INFO - Processing file /home/airflow/.local/lib/python3.12/site-packages/airflow/example_dags/example_external_task_marker_dag.py for tasks to queue
[2025-08-07T17:54:40.532+0000] {logging_mixin.py:190} INFO - [2025-08-07T17:54:40.531+0000] {dagbag.py:588} INFO - Filling up the DagBag from /home/airflow/.local/lib/python3.12/site-packages/airflow/example_dags/example_external_task_marker_dag.py
[2025-08-07T17:54:40.554+0000] {processor.py:925} INFO - DAG(s) 'example_external_task_marker_parent', 'example_external_task_marker_child' retrieved from /home/airflow/.local/lib/python3.12/site-packages/airflow/example_dags/example_external_task_marker_dag.py
[2025-08-07T17:54:40.625+0000] {logging_mixin.py:190} INFO - [2025-08-07T17:54:40.624+0000] {dag.py:3239} INFO - Sync 2 DAGs
[2025-08-07T17:54:40.675+0000] {logging_mixin.py:190} INFO - [2025-08-07T17:54:40.674+0000] {dag.py:4180} INFO - Setting next_dagrun for example_external_task_marker_child to None, run_after=None
[2025-08-07T17:54:40.691+0000] {logging_mixin.py:190} INFO - [2025-08-07T17:54:40.691+0000] {dag.py:4180} INFO - Setting next_dagrun for example_external_task_marker_parent to None, run_after=None
[2025-08-07T17:54:40.741+0000] {processor.py:208} INFO - Processing /home/airflow/.local/lib/python3.12/site-packages/airflow/example_dags/example_external_task_marker_dag.py took 0.230 seconds
[2025-08-07T17:55:14.199+0000] {processor.py:186} INFO - Started process (PID=4474) to work on /home/airflow/.local/lib/python3.12/site-packages/airflow/example_dags/example_external_task_marker_dag.py
[2025-08-07T17:55:14.207+0000] {processor.py:914} INFO - Processing file /home/airflow/.local/lib/python3.12/site-packages/airflow/example_dags/example_external_task_marker_dag.py for tasks to queue
[2025-08-07T17:55:14.215+0000] {logging_mixin.py:190} INFO - [2025-08-07T17:55:14.209+0000] {dagbag.py:588} INFO - Filling up the DagBag from /home/airflow/.local/lib/python3.12/site-packages/airflow/example_dags/example_external_task_marker_dag.py
[2025-08-07T17:55:14.236+0000] {processor.py:925} INFO - DAG(s) 'example_external_task_marker_child', 'example_external_task_marker_parent' retrieved from /home/airflow/.local/lib/python3.12/site-packages/airflow/example_dags/example_external_task_marker_dag.py
[2025-08-07T17:55:14.298+0000] {logging_mixin.py:190} INFO - [2025-08-07T17:55:14.298+0000] {dag.py:3239} INFO - Sync 2 DAGs
[2025-08-07T17:55:14.338+0000] {logging_mixin.py:190} INFO - [2025-08-07T17:55:14.338+0000] {dag.py:4180} INFO - Setting next_dagrun for example_external_task_marker_child to None, run_after=None
[2025-08-07T17:55:14.348+0000] {logging_mixin.py:190} INFO - [2025-08-07T17:55:14.348+0000] {dag.py:4180} INFO - Setting next_dagrun for example_external_task_marker_parent to None, run_after=None
[2025-08-07T17:55:14.406+0000] {processor.py:208} INFO - Processing /home/airflow/.local/lib/python3.12/site-packages/airflow/example_dags/example_external_task_marker_dag.py took 0.221 seconds
