[2025-08-07T00:26:17.199+0000] {processor.py:186} INFO - Started process (PID=1019) to work on /home/airflow/.local/lib/python3.12/site-packages/airflow/example_dags/tutorial_dag.py
[2025-08-07T00:26:17.205+0000] {processor.py:914} INFO - Processing file /home/airflow/.local/lib/python3.12/site-packages/airflow/example_dags/tutorial_dag.py for tasks to queue
[2025-08-07T00:26:17.209+0000] {logging_mixin.py:190} INFO - [2025-08-07T00:26:17.207+0000] {dagbag.py:588} INFO - Filling up the DagBag from /home/airflow/.local/lib/python3.12/site-packages/airflow/example_dags/tutorial_dag.py
[2025-08-07T00:26:17.221+0000] {processor.py:925} INFO - DAG(s) 'tutorial_dag' retrieved from /home/airflow/.local/lib/python3.12/site-packages/airflow/example_dags/tutorial_dag.py
[2025-08-07T00:26:17.262+0000] {logging_mixin.py:190} INFO - [2025-08-07T00:26:17.262+0000] {dag.py:3239} INFO - Sync 1 DAGs
[2025-08-07T00:26:17.309+0000] {logging_mixin.py:190} INFO - [2025-08-07T00:26:17.309+0000] {dag.py:4180} INFO - Setting next_dagrun for tutorial_dag to None, run_after=None
[2025-08-07T00:26:17.384+0000] {processor.py:208} INFO - Processing /home/airflow/.local/lib/python3.12/site-packages/airflow/example_dags/tutorial_dag.py took 0.192 seconds
[2025-08-07T11:29:42.148+0000] {processor.py:186} INFO - Started process (PID=1107) to work on /home/airflow/.local/lib/python3.12/site-packages/airflow/example_dags/tutorial_dag.py
[2025-08-07T11:29:42.150+0000] {processor.py:914} INFO - Processing file /home/airflow/.local/lib/python3.12/site-packages/airflow/example_dags/tutorial_dag.py for tasks to queue
[2025-08-07T11:29:42.152+0000] {logging_mixin.py:190} INFO - [2025-08-07T11:29:42.152+0000] {dagbag.py:588} INFO - Filling up the DagBag from /home/airflow/.local/lib/python3.12/site-packages/airflow/example_dags/tutorial_dag.py
[2025-08-07T11:29:42.170+0000] {processor.py:925} INFO - DAG(s) 'tutorial_dag' retrieved from /home/airflow/.local/lib/python3.12/site-packages/airflow/example_dags/tutorial_dag.py
[2025-08-07T11:29:42.211+0000] {logging_mixin.py:190} INFO - [2025-08-07T11:29:42.211+0000] {dag.py:3239} INFO - Sync 1 DAGs
[2025-08-07T11:29:42.244+0000] {logging_mixin.py:190} INFO - [2025-08-07T11:29:42.244+0000] {dag.py:4180} INFO - Setting next_dagrun for tutorial_dag to None, run_after=None
[2025-08-07T11:29:42.329+0000] {processor.py:208} INFO - Processing /home/airflow/.local/lib/python3.12/site-packages/airflow/example_dags/tutorial_dag.py took 0.193 seconds
[2025-08-07T17:21:42.217+0000] {processor.py:186} INFO - Started process (PID=1185) to work on /home/airflow/.local/lib/python3.12/site-packages/airflow/example_dags/tutorial_dag.py
[2025-08-07T17:21:42.219+0000] {processor.py:914} INFO - Processing file /home/airflow/.local/lib/python3.12/site-packages/airflow/example_dags/tutorial_dag.py for tasks to queue
[2025-08-07T17:21:42.222+0000] {logging_mixin.py:190} INFO - [2025-08-07T17:21:42.222+0000] {dagbag.py:588} INFO - Filling up the DagBag from /home/airflow/.local/lib/python3.12/site-packages/airflow/example_dags/tutorial_dag.py
[2025-08-07T17:21:42.264+0000] {processor.py:925} INFO - DAG(s) 'tutorial_dag' retrieved from /home/airflow/.local/lib/python3.12/site-packages/airflow/example_dags/tutorial_dag.py
[2025-08-07T17:21:42.313+0000] {logging_mixin.py:190} INFO - [2025-08-07T17:21:42.313+0000] {dag.py:3239} INFO - Sync 1 DAGs
[2025-08-07T17:21:42.358+0000] {logging_mixin.py:190} INFO - [2025-08-07T17:21:42.357+0000] {dag.py:4180} INFO - Setting next_dagrun for tutorial_dag to None, run_after=None
[2025-08-07T17:21:42.413+0000] {processor.py:208} INFO - Processing /home/airflow/.local/lib/python3.12/site-packages/airflow/example_dags/tutorial_dag.py took 0.215 seconds
[2025-08-07T17:22:14.129+0000] {processor.py:186} INFO - Started process (PID=1251) to work on /home/airflow/.local/lib/python3.12/site-packages/airflow/example_dags/tutorial_dag.py
[2025-08-07T17:22:14.130+0000] {processor.py:914} INFO - Processing file /home/airflow/.local/lib/python3.12/site-packages/airflow/example_dags/tutorial_dag.py for tasks to queue
[2025-08-07T17:22:14.132+0000] {logging_mixin.py:190} INFO - [2025-08-07T17:22:14.131+0000] {dagbag.py:588} INFO - Filling up the DagBag from /home/airflow/.local/lib/python3.12/site-packages/airflow/example_dags/tutorial_dag.py
[2025-08-07T17:22:14.141+0000] {processor.py:925} INFO - DAG(s) 'tutorial_dag' retrieved from /home/airflow/.local/lib/python3.12/site-packages/airflow/example_dags/tutorial_dag.py
[2025-08-07T17:22:14.166+0000] {logging_mixin.py:190} INFO - [2025-08-07T17:22:14.166+0000] {dag.py:3239} INFO - Sync 1 DAGs
[2025-08-07T17:22:14.186+0000] {logging_mixin.py:190} INFO - [2025-08-07T17:22:14.186+0000] {dag.py:4180} INFO - Setting next_dagrun for tutorial_dag to None, run_after=None
[2025-08-07T17:22:14.221+0000] {processor.py:208} INFO - Processing /home/airflow/.local/lib/python3.12/site-packages/airflow/example_dags/tutorial_dag.py took 0.100 seconds
[2025-08-07T17:22:45.257+0000] {processor.py:186} INFO - Started process (PID=1317) to work on /home/airflow/.local/lib/python3.12/site-packages/airflow/example_dags/tutorial_dag.py
[2025-08-07T17:22:45.259+0000] {processor.py:914} INFO - Processing file /home/airflow/.local/lib/python3.12/site-packages/airflow/example_dags/tutorial_dag.py for tasks to queue
[2025-08-07T17:22:45.261+0000] {logging_mixin.py:190} INFO - [2025-08-07T17:22:45.261+0000] {dagbag.py:588} INFO - Filling up the DagBag from /home/airflow/.local/lib/python3.12/site-packages/airflow/example_dags/tutorial_dag.py
[2025-08-07T17:22:45.272+0000] {processor.py:925} INFO - DAG(s) 'tutorial_dag' retrieved from /home/airflow/.local/lib/python3.12/site-packages/airflow/example_dags/tutorial_dag.py
[2025-08-07T17:22:45.294+0000] {logging_mixin.py:190} INFO - [2025-08-07T17:22:45.293+0000] {dag.py:3239} INFO - Sync 1 DAGs
[2025-08-07T17:22:45.311+0000] {logging_mixin.py:190} INFO - [2025-08-07T17:22:45.310+0000] {dag.py:4180} INFO - Setting next_dagrun for tutorial_dag to None, run_after=None
[2025-08-07T17:22:45.335+0000] {processor.py:208} INFO - Processing /home/airflow/.local/lib/python3.12/site-packages/airflow/example_dags/tutorial_dag.py took 0.087 seconds
[2025-08-07T17:22:05.529+0000] {processor.py:186} INFO - Started process (PID=1383) to work on /home/airflow/.local/lib/python3.12/site-packages/airflow/example_dags/tutorial_dag.py
[2025-08-07T17:22:05.531+0000] {processor.py:914} INFO - Processing file /home/airflow/.local/lib/python3.12/site-packages/airflow/example_dags/tutorial_dag.py for tasks to queue
[2025-08-07T17:22:05.532+0000] {logging_mixin.py:190} INFO - [2025-08-07T17:22:05.532+0000] {dagbag.py:588} INFO - Filling up the DagBag from /home/airflow/.local/lib/python3.12/site-packages/airflow/example_dags/tutorial_dag.py
[2025-08-07T17:22:05.542+0000] {processor.py:925} INFO - DAG(s) 'tutorial_dag' retrieved from /home/airflow/.local/lib/python3.12/site-packages/airflow/example_dags/tutorial_dag.py
[2025-08-07T17:22:05.568+0000] {logging_mixin.py:190} INFO - [2025-08-07T17:22:05.567+0000] {dag.py:3239} INFO - Sync 1 DAGs
[2025-08-07T17:22:05.588+0000] {logging_mixin.py:190} INFO - [2025-08-07T17:22:05.588+0000] {dag.py:4180} INFO - Setting next_dagrun for tutorial_dag to None, run_after=None
[2025-08-07T17:22:05.617+0000] {processor.py:208} INFO - Processing /home/airflow/.local/lib/python3.12/site-packages/airflow/example_dags/tutorial_dag.py took 0.095 seconds
[2025-08-07T17:22:36.331+0000] {processor.py:186} INFO - Started process (PID=1413) to work on /home/airflow/.local/lib/python3.12/site-packages/airflow/example_dags/tutorial_dag.py
[2025-08-07T17:22:36.333+0000] {processor.py:914} INFO - Processing file /home/airflow/.local/lib/python3.12/site-packages/airflow/example_dags/tutorial_dag.py for tasks to queue
[2025-08-07T17:22:36.335+0000] {logging_mixin.py:190} INFO - [2025-08-07T17:22:36.335+0000] {dagbag.py:588} INFO - Filling up the DagBag from /home/airflow/.local/lib/python3.12/site-packages/airflow/example_dags/tutorial_dag.py
[2025-08-07T17:22:36.343+0000] {processor.py:925} INFO - DAG(s) 'tutorial_dag' retrieved from /home/airflow/.local/lib/python3.12/site-packages/airflow/example_dags/tutorial_dag.py
[2025-08-07T17:22:36.367+0000] {logging_mixin.py:190} INFO - [2025-08-07T17:22:36.367+0000] {dag.py:3239} INFO - Sync 1 DAGs
[2025-08-07T17:22:36.386+0000] {logging_mixin.py:190} INFO - [2025-08-07T17:22:36.385+0000] {dag.py:4180} INFO - Setting next_dagrun for tutorial_dag to None, run_after=None
[2025-08-07T17:22:36.413+0000] {processor.py:208} INFO - Processing /home/airflow/.local/lib/python3.12/site-packages/airflow/example_dags/tutorial_dag.py took 0.088 seconds
[2025-08-07T17:23:08.338+0000] {processor.py:186} INFO - Started process (PID=1445) to work on /home/airflow/.local/lib/python3.12/site-packages/airflow/example_dags/tutorial_dag.py
[2025-08-07T17:23:08.340+0000] {processor.py:914} INFO - Processing file /home/airflow/.local/lib/python3.12/site-packages/airflow/example_dags/tutorial_dag.py for tasks to queue
[2025-08-07T17:23:08.341+0000] {logging_mixin.py:190} INFO - [2025-08-07T17:23:08.341+0000] {dagbag.py:588} INFO - Filling up the DagBag from /home/airflow/.local/lib/python3.12/site-packages/airflow/example_dags/tutorial_dag.py
[2025-08-07T17:23:08.351+0000] {processor.py:925} INFO - DAG(s) 'tutorial_dag' retrieved from /home/airflow/.local/lib/python3.12/site-packages/airflow/example_dags/tutorial_dag.py
[2025-08-07T17:23:08.373+0000] {logging_mixin.py:190} INFO - [2025-08-07T17:23:08.373+0000] {dag.py:3239} INFO - Sync 1 DAGs
[2025-08-07T17:23:08.393+0000] {logging_mixin.py:190} INFO - [2025-08-07T17:23:08.392+0000] {dag.py:4180} INFO - Setting next_dagrun for tutorial_dag to None, run_after=None
[2025-08-07T17:23:08.417+0000] {processor.py:208} INFO - Processing /home/airflow/.local/lib/python3.12/site-packages/airflow/example_dags/tutorial_dag.py took 0.085 seconds
[2025-08-07T17:23:16.300+0000] {processor.py:186} INFO - Started process (PID=1481) to work on /home/airflow/.local/lib/python3.12/site-packages/airflow/example_dags/tutorial_dag.py
[2025-08-07T17:23:16.301+0000] {processor.py:914} INFO - Processing file /home/airflow/.local/lib/python3.12/site-packages/airflow/example_dags/tutorial_dag.py for tasks to queue
[2025-08-07T17:23:16.303+0000] {logging_mixin.py:190} INFO - [2025-08-07T17:23:16.303+0000] {dagbag.py:588} INFO - Filling up the DagBag from /home/airflow/.local/lib/python3.12/site-packages/airflow/example_dags/tutorial_dag.py
[2025-08-07T17:23:16.313+0000] {processor.py:925} INFO - DAG(s) 'tutorial_dag' retrieved from /home/airflow/.local/lib/python3.12/site-packages/airflow/example_dags/tutorial_dag.py
[2025-08-07T17:23:16.339+0000] {logging_mixin.py:190} INFO - [2025-08-07T17:23:16.339+0000] {dag.py:3239} INFO - Sync 1 DAGs
[2025-08-07T17:23:16.359+0000] {logging_mixin.py:190} INFO - [2025-08-07T17:23:16.358+0000] {dag.py:4180} INFO - Setting next_dagrun for tutorial_dag to None, run_after=None
[2025-08-07T17:23:16.386+0000] {processor.py:208} INFO - Processing /home/airflow/.local/lib/python3.12/site-packages/airflow/example_dags/tutorial_dag.py took 0.092 seconds
[2025-08-07T17:23:46.205+0000] {processor.py:186} INFO - Started process (PID=1547) to work on /home/airflow/.local/lib/python3.12/site-packages/airflow/example_dags/tutorial_dag.py
[2025-08-07T17:23:46.206+0000] {processor.py:914} INFO - Processing file /home/airflow/.local/lib/python3.12/site-packages/airflow/example_dags/tutorial_dag.py for tasks to queue
[2025-08-07T17:23:46.208+0000] {logging_mixin.py:190} INFO - [2025-08-07T17:23:46.208+0000] {dagbag.py:588} INFO - Filling up the DagBag from /home/airflow/.local/lib/python3.12/site-packages/airflow/example_dags/tutorial_dag.py
[2025-08-07T17:23:46.219+0000] {processor.py:925} INFO - DAG(s) 'tutorial_dag' retrieved from /home/airflow/.local/lib/python3.12/site-packages/airflow/example_dags/tutorial_dag.py
[2025-08-07T17:23:46.244+0000] {logging_mixin.py:190} INFO - [2025-08-07T17:23:46.244+0000] {dag.py:3239} INFO - Sync 1 DAGs
[2025-08-07T17:23:46.265+0000] {logging_mixin.py:190} INFO - [2025-08-07T17:23:46.265+0000] {dag.py:4180} INFO - Setting next_dagrun for tutorial_dag to None, run_after=None
[2025-08-07T17:23:46.292+0000] {processor.py:208} INFO - Processing /home/airflow/.local/lib/python3.12/site-packages/airflow/example_dags/tutorial_dag.py took 0.095 seconds
[2025-08-07T17:24:01.131+0000] {processor.py:186} INFO - Started process (PID=1605) to work on /home/airflow/.local/lib/python3.12/site-packages/airflow/example_dags/tutorial_dag.py
[2025-08-07T17:24:01.132+0000] {processor.py:914} INFO - Processing file /home/airflow/.local/lib/python3.12/site-packages/airflow/example_dags/tutorial_dag.py for tasks to queue
[2025-08-07T17:24:01.134+0000] {logging_mixin.py:190} INFO - [2025-08-07T17:24:01.133+0000] {dagbag.py:588} INFO - Filling up the DagBag from /home/airflow/.local/lib/python3.12/site-packages/airflow/example_dags/tutorial_dag.py
[2025-08-07T17:24:01.142+0000] {processor.py:925} INFO - DAG(s) 'tutorial_dag' retrieved from /home/airflow/.local/lib/python3.12/site-packages/airflow/example_dags/tutorial_dag.py
[2025-08-07T17:24:01.164+0000] {logging_mixin.py:190} INFO - [2025-08-07T17:24:01.163+0000] {dag.py:3239} INFO - Sync 1 DAGs
[2025-08-07T17:24:01.182+0000] {logging_mixin.py:190} INFO - [2025-08-07T17:24:01.181+0000] {dag.py:4180} INFO - Setting next_dagrun for tutorial_dag to None, run_after=None
[2025-08-07T17:24:01.208+0000] {processor.py:208} INFO - Processing /home/airflow/.local/lib/python3.12/site-packages/airflow/example_dags/tutorial_dag.py took 0.083 seconds
[2025-08-07T17:24:14.826+0000] {processor.py:186} INFO - Started process (PID=1671) to work on /home/airflow/.local/lib/python3.12/site-packages/airflow/example_dags/tutorial_dag.py
[2025-08-07T17:24:14.827+0000] {processor.py:914} INFO - Processing file /home/airflow/.local/lib/python3.12/site-packages/airflow/example_dags/tutorial_dag.py for tasks to queue
[2025-08-07T17:24:14.830+0000] {logging_mixin.py:190} INFO - [2025-08-07T17:24:14.830+0000] {dagbag.py:588} INFO - Filling up the DagBag from /home/airflow/.local/lib/python3.12/site-packages/airflow/example_dags/tutorial_dag.py
[2025-08-07T17:24:14.847+0000] {processor.py:925} INFO - DAG(s) 'tutorial_dag' retrieved from /home/airflow/.local/lib/python3.12/site-packages/airflow/example_dags/tutorial_dag.py
[2025-08-07T17:24:14.879+0000] {logging_mixin.py:190} INFO - [2025-08-07T17:24:14.879+0000] {dag.py:3239} INFO - Sync 1 DAGs
[2025-08-07T17:24:14.896+0000] {logging_mixin.py:190} INFO - [2025-08-07T17:24:14.896+0000] {dag.py:4180} INFO - Setting next_dagrun for tutorial_dag to None, run_after=None
[2025-08-07T17:24:14.917+0000] {processor.py:208} INFO - Processing /home/airflow/.local/lib/python3.12/site-packages/airflow/example_dags/tutorial_dag.py took 0.099 seconds
[2025-08-07T17:24:46.047+0000] {processor.py:186} INFO - Started process (PID=1739) to work on /home/airflow/.local/lib/python3.12/site-packages/airflow/example_dags/tutorial_dag.py
[2025-08-07T17:24:46.048+0000] {processor.py:914} INFO - Processing file /home/airflow/.local/lib/python3.12/site-packages/airflow/example_dags/tutorial_dag.py for tasks to queue
[2025-08-07T17:24:46.050+0000] {logging_mixin.py:190} INFO - [2025-08-07T17:24:46.050+0000] {dagbag.py:588} INFO - Filling up the DagBag from /home/airflow/.local/lib/python3.12/site-packages/airflow/example_dags/tutorial_dag.py
[2025-08-07T17:24:46.060+0000] {processor.py:925} INFO - DAG(s) 'tutorial_dag' retrieved from /home/airflow/.local/lib/python3.12/site-packages/airflow/example_dags/tutorial_dag.py
[2025-08-07T17:24:46.084+0000] {logging_mixin.py:190} INFO - [2025-08-07T17:24:46.084+0000] {dag.py:3239} INFO - Sync 1 DAGs
[2025-08-07T17:24:46.103+0000] {logging_mixin.py:190} INFO - [2025-08-07T17:24:46.103+0000] {dag.py:4180} INFO - Setting next_dagrun for tutorial_dag to None, run_after=None
[2025-08-07T17:24:46.132+0000] {processor.py:208} INFO - Processing /home/airflow/.local/lib/python3.12/site-packages/airflow/example_dags/tutorial_dag.py took 0.091 seconds
[2025-08-07T17:25:01.186+0000] {processor.py:186} INFO - Started process (PID=1798) to work on /home/airflow/.local/lib/python3.12/site-packages/airflow/example_dags/tutorial_dag.py
[2025-08-07T17:25:01.188+0000] {processor.py:914} INFO - Processing file /home/airflow/.local/lib/python3.12/site-packages/airflow/example_dags/tutorial_dag.py for tasks to queue
[2025-08-07T17:25:01.190+0000] {logging_mixin.py:190} INFO - [2025-08-07T17:25:01.190+0000] {dagbag.py:588} INFO - Filling up the DagBag from /home/airflow/.local/lib/python3.12/site-packages/airflow/example_dags/tutorial_dag.py
[2025-08-07T17:25:01.199+0000] {processor.py:925} INFO - DAG(s) 'tutorial_dag' retrieved from /home/airflow/.local/lib/python3.12/site-packages/airflow/example_dags/tutorial_dag.py
[2025-08-07T17:25:01.224+0000] {logging_mixin.py:190} INFO - [2025-08-07T17:25:01.224+0000] {dag.py:3239} INFO - Sync 1 DAGs
[2025-08-07T17:25:01.250+0000] {logging_mixin.py:190} INFO - [2025-08-07T17:25:01.249+0000] {dag.py:4180} INFO - Setting next_dagrun for tutorial_dag to None, run_after=None
[2025-08-07T17:25:01.287+0000] {processor.py:208} INFO - Processing /home/airflow/.local/lib/python3.12/site-packages/airflow/example_dags/tutorial_dag.py took 0.107 seconds
[2025-08-07T17:25:14.881+0000] {processor.py:186} INFO - Started process (PID=1860) to work on /home/airflow/.local/lib/python3.12/site-packages/airflow/example_dags/tutorial_dag.py
[2025-08-07T17:25:14.887+0000] {processor.py:914} INFO - Processing file /home/airflow/.local/lib/python3.12/site-packages/airflow/example_dags/tutorial_dag.py for tasks to queue
[2025-08-07T17:25:14.891+0000] {logging_mixin.py:190} INFO - [2025-08-07T17:25:14.890+0000] {dagbag.py:588} INFO - Filling up the DagBag from /home/airflow/.local/lib/python3.12/site-packages/airflow/example_dags/tutorial_dag.py
[2025-08-07T17:25:14.904+0000] {processor.py:925} INFO - DAG(s) 'tutorial_dag' retrieved from /home/airflow/.local/lib/python3.12/site-packages/airflow/example_dags/tutorial_dag.py
[2025-08-07T17:25:14.938+0000] {logging_mixin.py:190} INFO - [2025-08-07T17:25:14.938+0000] {dag.py:3239} INFO - Sync 1 DAGs
[2025-08-07T17:25:14.956+0000] {logging_mixin.py:190} INFO - [2025-08-07T17:25:14.955+0000] {dag.py:4180} INFO - Setting next_dagrun for tutorial_dag to None, run_after=None
[2025-08-07T17:25:14.981+0000] {processor.py:208} INFO - Processing /home/airflow/.local/lib/python3.12/site-packages/airflow/example_dags/tutorial_dag.py took 0.109 seconds
[2025-08-07T17:25:43.573+0000] {processor.py:186} INFO - Started process (PID=1925) to work on /home/airflow/.local/lib/python3.12/site-packages/airflow/example_dags/tutorial_dag.py
[2025-08-07T17:25:43.574+0000] {processor.py:914} INFO - Processing file /home/airflow/.local/lib/python3.12/site-packages/airflow/example_dags/tutorial_dag.py for tasks to queue
[2025-08-07T17:25:43.577+0000] {logging_mixin.py:190} INFO - [2025-08-07T17:25:43.576+0000] {dagbag.py:588} INFO - Filling up the DagBag from /home/airflow/.local/lib/python3.12/site-packages/airflow/example_dags/tutorial_dag.py
[2025-08-07T17:25:43.586+0000] {processor.py:925} INFO - DAG(s) 'tutorial_dag' retrieved from /home/airflow/.local/lib/python3.12/site-packages/airflow/example_dags/tutorial_dag.py
[2025-08-07T17:25:43.610+0000] {logging_mixin.py:190} INFO - [2025-08-07T17:25:43.610+0000] {dag.py:3239} INFO - Sync 1 DAGs
[2025-08-07T17:25:43.631+0000] {logging_mixin.py:190} INFO - [2025-08-07T17:25:43.631+0000] {dag.py:4180} INFO - Setting next_dagrun for tutorial_dag to None, run_after=None
[2025-08-07T17:25:43.659+0000] {processor.py:208} INFO - Processing /home/airflow/.local/lib/python3.12/site-packages/airflow/example_dags/tutorial_dag.py took 0.092 seconds
[2025-08-07T17:26:15.128+0000] {processor.py:186} INFO - Started process (PID=1989) to work on /home/airflow/.local/lib/python3.12/site-packages/airflow/example_dags/tutorial_dag.py
[2025-08-07T17:26:15.130+0000] {processor.py:914} INFO - Processing file /home/airflow/.local/lib/python3.12/site-packages/airflow/example_dags/tutorial_dag.py for tasks to queue
[2025-08-07T17:26:15.131+0000] {logging_mixin.py:190} INFO - [2025-08-07T17:26:15.131+0000] {dagbag.py:588} INFO - Filling up the DagBag from /home/airflow/.local/lib/python3.12/site-packages/airflow/example_dags/tutorial_dag.py
[2025-08-07T17:26:15.142+0000] {processor.py:925} INFO - DAG(s) 'tutorial_dag' retrieved from /home/airflow/.local/lib/python3.12/site-packages/airflow/example_dags/tutorial_dag.py
[2025-08-07T17:26:15.167+0000] {logging_mixin.py:190} INFO - [2025-08-07T17:26:15.167+0000] {dag.py:3239} INFO - Sync 1 DAGs
[2025-08-07T17:26:15.187+0000] {logging_mixin.py:190} INFO - [2025-08-07T17:26:15.186+0000] {dag.py:4180} INFO - Setting next_dagrun for tutorial_dag to None, run_after=None
[2025-08-07T17:26:15.218+0000] {processor.py:208} INFO - Processing /home/airflow/.local/lib/python3.12/site-packages/airflow/example_dags/tutorial_dag.py took 0.096 seconds
[2025-08-07T17:26:46.362+0000] {processor.py:186} INFO - Started process (PID=2052) to work on /home/airflow/.local/lib/python3.12/site-packages/airflow/example_dags/tutorial_dag.py
[2025-08-07T17:26:46.363+0000] {processor.py:914} INFO - Processing file /home/airflow/.local/lib/python3.12/site-packages/airflow/example_dags/tutorial_dag.py for tasks to queue
[2025-08-07T17:26:46.364+0000] {logging_mixin.py:190} INFO - [2025-08-07T17:26:46.364+0000] {dagbag.py:588} INFO - Filling up the DagBag from /home/airflow/.local/lib/python3.12/site-packages/airflow/example_dags/tutorial_dag.py
[2025-08-07T17:26:46.373+0000] {processor.py:925} INFO - DAG(s) 'tutorial_dag' retrieved from /home/airflow/.local/lib/python3.12/site-packages/airflow/example_dags/tutorial_dag.py
[2025-08-07T17:26:46.398+0000] {logging_mixin.py:190} INFO - [2025-08-07T17:26:46.398+0000] {dag.py:3239} INFO - Sync 1 DAGs
[2025-08-07T17:26:46.416+0000] {logging_mixin.py:190} INFO - [2025-08-07T17:26:46.416+0000] {dag.py:4180} INFO - Setting next_dagrun for tutorial_dag to None, run_after=None
[2025-08-07T17:26:46.441+0000] {processor.py:208} INFO - Processing /home/airflow/.local/lib/python3.12/site-packages/airflow/example_dags/tutorial_dag.py took 0.085 seconds
[2025-08-07T17:26:56.597+0000] {processor.py:186} INFO - Started process (PID=2112) to work on /home/airflow/.local/lib/python3.12/site-packages/airflow/example_dags/tutorial_dag.py
[2025-08-07T17:26:56.598+0000] {processor.py:914} INFO - Processing file /home/airflow/.local/lib/python3.12/site-packages/airflow/example_dags/tutorial_dag.py for tasks to queue
[2025-08-07T17:26:56.600+0000] {logging_mixin.py:190} INFO - [2025-08-07T17:26:56.600+0000] {dagbag.py:588} INFO - Filling up the DagBag from /home/airflow/.local/lib/python3.12/site-packages/airflow/example_dags/tutorial_dag.py
[2025-08-07T17:26:56.611+0000] {processor.py:925} INFO - DAG(s) 'tutorial_dag' retrieved from /home/airflow/.local/lib/python3.12/site-packages/airflow/example_dags/tutorial_dag.py
[2025-08-07T17:26:56.638+0000] {logging_mixin.py:190} INFO - [2025-08-07T17:26:56.638+0000] {dag.py:3239} INFO - Sync 1 DAGs
[2025-08-07T17:26:56.658+0000] {logging_mixin.py:190} INFO - [2025-08-07T17:26:56.658+0000] {dag.py:4180} INFO - Setting next_dagrun for tutorial_dag to None, run_after=None
[2025-08-07T17:26:56.684+0000] {processor.py:208} INFO - Processing /home/airflow/.local/lib/python3.12/site-packages/airflow/example_dags/tutorial_dag.py took 0.094 seconds
[2025-08-07T17:27:27.990+0000] {processor.py:186} INFO - Started process (PID=2176) to work on /home/airflow/.local/lib/python3.12/site-packages/airflow/example_dags/tutorial_dag.py
[2025-08-07T17:27:27.992+0000] {processor.py:914} INFO - Processing file /home/airflow/.local/lib/python3.12/site-packages/airflow/example_dags/tutorial_dag.py for tasks to queue
[2025-08-07T17:27:27.993+0000] {logging_mixin.py:190} INFO - [2025-08-07T17:27:27.993+0000] {dagbag.py:588} INFO - Filling up the DagBag from /home/airflow/.local/lib/python3.12/site-packages/airflow/example_dags/tutorial_dag.py
[2025-08-07T17:27:28.002+0000] {processor.py:925} INFO - DAG(s) 'tutorial_dag' retrieved from /home/airflow/.local/lib/python3.12/site-packages/airflow/example_dags/tutorial_dag.py
[2025-08-07T17:27:28.025+0000] {logging_mixin.py:190} INFO - [2025-08-07T17:27:28.025+0000] {dag.py:3239} INFO - Sync 1 DAGs
[2025-08-07T17:27:28.043+0000] {logging_mixin.py:190} INFO - [2025-08-07T17:27:28.043+0000] {dag.py:4180} INFO - Setting next_dagrun for tutorial_dag to None, run_after=None
[2025-08-07T17:27:28.072+0000] {processor.py:208} INFO - Processing /home/airflow/.local/lib/python3.12/site-packages/airflow/example_dags/tutorial_dag.py took 0.088 seconds
[2025-08-07T17:27:57.147+0000] {processor.py:186} INFO - Started process (PID=2240) to work on /home/airflow/.local/lib/python3.12/site-packages/airflow/example_dags/tutorial_dag.py
[2025-08-07T17:27:57.148+0000] {processor.py:914} INFO - Processing file /home/airflow/.local/lib/python3.12/site-packages/airflow/example_dags/tutorial_dag.py for tasks to queue
[2025-08-07T17:27:57.150+0000] {logging_mixin.py:190} INFO - [2025-08-07T17:27:57.149+0000] {dagbag.py:588} INFO - Filling up the DagBag from /home/airflow/.local/lib/python3.12/site-packages/airflow/example_dags/tutorial_dag.py
[2025-08-07T17:27:57.162+0000] {processor.py:925} INFO - DAG(s) 'tutorial_dag' retrieved from /home/airflow/.local/lib/python3.12/site-packages/airflow/example_dags/tutorial_dag.py
[2025-08-07T17:27:57.191+0000] {logging_mixin.py:190} INFO - [2025-08-07T17:27:57.191+0000] {dag.py:3239} INFO - Sync 1 DAGs
[2025-08-07T17:27:57.210+0000] {logging_mixin.py:190} INFO - [2025-08-07T17:27:57.210+0000] {dag.py:4180} INFO - Setting next_dagrun for tutorial_dag to None, run_after=None
[2025-08-07T17:27:57.241+0000] {processor.py:208} INFO - Processing /home/airflow/.local/lib/python3.12/site-packages/airflow/example_dags/tutorial_dag.py took 0.100 seconds
[2025-08-07T17:28:27.627+0000] {processor.py:186} INFO - Started process (PID=2306) to work on /home/airflow/.local/lib/python3.12/site-packages/airflow/example_dags/tutorial_dag.py
[2025-08-07T17:28:27.629+0000] {processor.py:914} INFO - Processing file /home/airflow/.local/lib/python3.12/site-packages/airflow/example_dags/tutorial_dag.py for tasks to queue
[2025-08-07T17:28:27.630+0000] {logging_mixin.py:190} INFO - [2025-08-07T17:28:27.630+0000] {dagbag.py:588} INFO - Filling up the DagBag from /home/airflow/.local/lib/python3.12/site-packages/airflow/example_dags/tutorial_dag.py
[2025-08-07T17:28:27.640+0000] {processor.py:925} INFO - DAG(s) 'tutorial_dag' retrieved from /home/airflow/.local/lib/python3.12/site-packages/airflow/example_dags/tutorial_dag.py
[2025-08-07T17:28:27.666+0000] {logging_mixin.py:190} INFO - [2025-08-07T17:28:27.666+0000] {dag.py:3239} INFO - Sync 1 DAGs
[2025-08-07T17:28:27.684+0000] {logging_mixin.py:190} INFO - [2025-08-07T17:28:27.684+0000] {dag.py:4180} INFO - Setting next_dagrun for tutorial_dag to None, run_after=None
[2025-08-07T17:28:27.714+0000] {processor.py:208} INFO - Processing /home/airflow/.local/lib/python3.12/site-packages/airflow/example_dags/tutorial_dag.py took 0.094 seconds
[2025-08-07T17:29:52.083+0000] {processor.py:186} INFO - Started process (PID=2370) to work on /home/airflow/.local/lib/python3.12/site-packages/airflow/example_dags/tutorial_dag.py
[2025-08-07T17:29:52.084+0000] {processor.py:914} INFO - Processing file /home/airflow/.local/lib/python3.12/site-packages/airflow/example_dags/tutorial_dag.py for tasks to queue
[2025-08-07T17:29:52.087+0000] {logging_mixin.py:190} INFO - [2025-08-07T17:29:52.087+0000] {dagbag.py:588} INFO - Filling up the DagBag from /home/airflow/.local/lib/python3.12/site-packages/airflow/example_dags/tutorial_dag.py
[2025-08-07T17:29:52.097+0000] {processor.py:925} INFO - DAG(s) 'tutorial_dag' retrieved from /home/airflow/.local/lib/python3.12/site-packages/airflow/example_dags/tutorial_dag.py
[2025-08-07T17:28:38.561+0000] {logging_mixin.py:190} INFO - [2025-08-07T17:28:38.561+0000] {dag.py:3239} INFO - Sync 1 DAGs
[2025-08-07T17:28:38.588+0000] {logging_mixin.py:190} INFO - [2025-08-07T17:28:38.588+0000] {dag.py:4180} INFO - Setting next_dagrun for tutorial_dag to None, run_after=None
[2025-08-07T17:28:38.615+0000] {processor.py:208} INFO - Processing /home/airflow/.local/lib/python3.12/site-packages/airflow/example_dags/tutorial_dag.py took 0.101 seconds
[2025-08-07T17:29:09.260+0000] {processor.py:186} INFO - Started process (PID=2435) to work on /home/airflow/.local/lib/python3.12/site-packages/airflow/example_dags/tutorial_dag.py
[2025-08-07T17:29:09.263+0000] {processor.py:914} INFO - Processing file /home/airflow/.local/lib/python3.12/site-packages/airflow/example_dags/tutorial_dag.py for tasks to queue
[2025-08-07T17:29:09.265+0000] {logging_mixin.py:190} INFO - [2025-08-07T17:29:09.265+0000] {dagbag.py:588} INFO - Filling up the DagBag from /home/airflow/.local/lib/python3.12/site-packages/airflow/example_dags/tutorial_dag.py
[2025-08-07T17:29:09.275+0000] {processor.py:925} INFO - DAG(s) 'tutorial_dag' retrieved from /home/airflow/.local/lib/python3.12/site-packages/airflow/example_dags/tutorial_dag.py
[2025-08-07T17:29:09.299+0000] {logging_mixin.py:190} INFO - [2025-08-07T17:29:09.299+0000] {dag.py:3239} INFO - Sync 1 DAGs
[2025-08-07T17:29:09.324+0000] {logging_mixin.py:190} INFO - [2025-08-07T17:29:09.323+0000] {dag.py:4180} INFO - Setting next_dagrun for tutorial_dag to None, run_after=None
[2025-08-07T17:29:09.353+0000] {processor.py:208} INFO - Processing /home/airflow/.local/lib/python3.12/site-packages/airflow/example_dags/tutorial_dag.py took 0.099 seconds
[2025-08-07T17:29:16.962+0000] {processor.py:186} INFO - Started process (PID=2493) to work on /home/airflow/.local/lib/python3.12/site-packages/airflow/example_dags/tutorial_dag.py
[2025-08-07T17:29:16.963+0000] {processor.py:914} INFO - Processing file /home/airflow/.local/lib/python3.12/site-packages/airflow/example_dags/tutorial_dag.py for tasks to queue
[2025-08-07T17:29:16.964+0000] {logging_mixin.py:190} INFO - [2025-08-07T17:29:16.964+0000] {dagbag.py:588} INFO - Filling up the DagBag from /home/airflow/.local/lib/python3.12/site-packages/airflow/example_dags/tutorial_dag.py
[2025-08-07T17:29:16.974+0000] {processor.py:925} INFO - DAG(s) 'tutorial_dag' retrieved from /home/airflow/.local/lib/python3.12/site-packages/airflow/example_dags/tutorial_dag.py
[2025-08-07T17:29:17.002+0000] {logging_mixin.py:190} INFO - [2025-08-07T17:29:17.002+0000] {dag.py:3239} INFO - Sync 1 DAGs
[2025-08-07T17:29:17.024+0000] {logging_mixin.py:190} INFO - [2025-08-07T17:29:17.024+0000] {dag.py:4180} INFO - Setting next_dagrun for tutorial_dag to None, run_after=None
[2025-08-07T17:29:17.054+0000] {processor.py:208} INFO - Processing /home/airflow/.local/lib/python3.12/site-packages/airflow/example_dags/tutorial_dag.py took 0.099 seconds
[2025-08-07T17:29:48.228+0000] {processor.py:186} INFO - Started process (PID=2557) to work on /home/airflow/.local/lib/python3.12/site-packages/airflow/example_dags/tutorial_dag.py
[2025-08-07T17:29:48.230+0000] {processor.py:914} INFO - Processing file /home/airflow/.local/lib/python3.12/site-packages/airflow/example_dags/tutorial_dag.py for tasks to queue
[2025-08-07T17:29:48.231+0000] {logging_mixin.py:190} INFO - [2025-08-07T17:29:48.231+0000] {dagbag.py:588} INFO - Filling up the DagBag from /home/airflow/.local/lib/python3.12/site-packages/airflow/example_dags/tutorial_dag.py
[2025-08-07T17:29:48.242+0000] {processor.py:925} INFO - DAG(s) 'tutorial_dag' retrieved from /home/airflow/.local/lib/python3.12/site-packages/airflow/example_dags/tutorial_dag.py
[2025-08-07T17:29:48.276+0000] {logging_mixin.py:190} INFO - [2025-08-07T17:29:48.276+0000] {dag.py:3239} INFO - Sync 1 DAGs
[2025-08-07T17:29:48.302+0000] {logging_mixin.py:190} INFO - [2025-08-07T17:29:48.302+0000] {dag.py:4180} INFO - Setting next_dagrun for tutorial_dag to None, run_after=None
[2025-08-07T17:29:48.335+0000] {processor.py:208} INFO - Processing /home/airflow/.local/lib/python3.12/site-packages/airflow/example_dags/tutorial_dag.py took 0.116 seconds
[2025-08-07T17:30:19.520+0000] {processor.py:186} INFO - Started process (PID=2621) to work on /home/airflow/.local/lib/python3.12/site-packages/airflow/example_dags/tutorial_dag.py
[2025-08-07T17:30:19.522+0000] {processor.py:914} INFO - Processing file /home/airflow/.local/lib/python3.12/site-packages/airflow/example_dags/tutorial_dag.py for tasks to queue
[2025-08-07T17:30:19.524+0000] {logging_mixin.py:190} INFO - [2025-08-07T17:30:19.524+0000] {dagbag.py:588} INFO - Filling up the DagBag from /home/airflow/.local/lib/python3.12/site-packages/airflow/example_dags/tutorial_dag.py
[2025-08-07T17:30:19.535+0000] {processor.py:925} INFO - DAG(s) 'tutorial_dag' retrieved from /home/airflow/.local/lib/python3.12/site-packages/airflow/example_dags/tutorial_dag.py
[2025-08-07T17:30:19.564+0000] {logging_mixin.py:190} INFO - [2025-08-07T17:30:19.564+0000] {dag.py:3239} INFO - Sync 1 DAGs
[2025-08-07T17:30:19.586+0000] {logging_mixin.py:190} INFO - [2025-08-07T17:30:19.585+0000] {dag.py:4180} INFO - Setting next_dagrun for tutorial_dag to None, run_after=None
[2025-08-07T17:30:19.615+0000] {processor.py:208} INFO - Processing /home/airflow/.local/lib/python3.12/site-packages/airflow/example_dags/tutorial_dag.py took 0.103 seconds
[2025-08-07T17:42:35.501+0000] {processor.py:186} INFO - Started process (PID=2699) to work on /home/airflow/.local/lib/python3.12/site-packages/airflow/example_dags/tutorial_dag.py
[2025-08-07T17:42:35.504+0000] {processor.py:914} INFO - Processing file /home/airflow/.local/lib/python3.12/site-packages/airflow/example_dags/tutorial_dag.py for tasks to queue
[2025-08-07T17:42:35.509+0000] {logging_mixin.py:190} INFO - [2025-08-07T17:42:35.508+0000] {dagbag.py:588} INFO - Filling up the DagBag from /home/airflow/.local/lib/python3.12/site-packages/airflow/example_dags/tutorial_dag.py
[2025-08-07T17:42:35.523+0000] {processor.py:925} INFO - DAG(s) 'tutorial_dag' retrieved from /home/airflow/.local/lib/python3.12/site-packages/airflow/example_dags/tutorial_dag.py
[2025-08-07T17:42:35.572+0000] {logging_mixin.py:190} INFO - [2025-08-07T17:42:35.572+0000] {dag.py:3239} INFO - Sync 1 DAGs
[2025-08-07T17:42:35.614+0000] {logging_mixin.py:190} INFO - [2025-08-07T17:42:35.613+0000] {dag.py:4180} INFO - Setting next_dagrun for tutorial_dag to None, run_after=None
[2025-08-07T17:43:49.279+0000] {processor.py:208} INFO - Processing /home/airflow/.local/lib/python3.12/site-packages/airflow/example_dags/tutorial_dag.py took 0.230 seconds
[2025-08-07T17:43:25.679+0000] {processor.py:186} INFO - Started process (PID=2829) to work on /home/airflow/.local/lib/python3.12/site-packages/airflow/example_dags/tutorial_dag.py
[2025-08-07T17:43:25.680+0000] {processor.py:914} INFO - Processing file /home/airflow/.local/lib/python3.12/site-packages/airflow/example_dags/tutorial_dag.py for tasks to queue
[2025-08-07T17:43:25.681+0000] {logging_mixin.py:190} INFO - [2025-08-07T17:43:25.681+0000] {dagbag.py:588} INFO - Filling up the DagBag from /home/airflow/.local/lib/python3.12/site-packages/airflow/example_dags/tutorial_dag.py
[2025-08-07T17:43:25.693+0000] {processor.py:925} INFO - DAG(s) 'tutorial_dag' retrieved from /home/airflow/.local/lib/python3.12/site-packages/airflow/example_dags/tutorial_dag.py
[2025-08-07T17:43:26.151+0000] {logging_mixin.py:190} INFO - [2025-08-07T17:43:26.151+0000] {dag.py:3239} INFO - Sync 1 DAGs
[2025-08-07T17:43:26.178+0000] {logging_mixin.py:190} INFO - [2025-08-07T17:43:26.174+0000] {dag.py:4180} INFO - Setting next_dagrun for tutorial_dag to None, run_after=None
[2025-08-07T17:43:26.211+0000] {processor.py:208} INFO - Processing /home/airflow/.local/lib/python3.12/site-packages/airflow/example_dags/tutorial_dag.py took 0.540 seconds
[2025-08-07T17:43:45.518+0000] {processor.py:186} INFO - Started process (PID=2889) to work on /home/airflow/.local/lib/python3.12/site-packages/airflow/example_dags/tutorial_dag.py
[2025-08-07T17:43:45.519+0000] {processor.py:914} INFO - Processing file /home/airflow/.local/lib/python3.12/site-packages/airflow/example_dags/tutorial_dag.py for tasks to queue
[2025-08-07T17:43:45.520+0000] {logging_mixin.py:190} INFO - [2025-08-07T17:43:45.520+0000] {dagbag.py:588} INFO - Filling up the DagBag from /home/airflow/.local/lib/python3.12/site-packages/airflow/example_dags/tutorial_dag.py
[2025-08-07T17:43:45.531+0000] {processor.py:925} INFO - DAG(s) 'tutorial_dag' retrieved from /home/airflow/.local/lib/python3.12/site-packages/airflow/example_dags/tutorial_dag.py
[2025-08-07T17:43:45.558+0000] {logging_mixin.py:190} INFO - [2025-08-07T17:43:45.558+0000] {dag.py:3239} INFO - Sync 1 DAGs
[2025-08-07T17:43:45.591+0000] {logging_mixin.py:190} INFO - [2025-08-07T17:43:45.591+0000] {dag.py:4180} INFO - Setting next_dagrun for tutorial_dag to None, run_after=None
[2025-08-07T17:43:45.633+0000] {processor.py:208} INFO - Processing /home/airflow/.local/lib/python3.12/site-packages/airflow/example_dags/tutorial_dag.py took 0.124 seconds
[2025-08-07T17:44:18.048+0000] {processor.py:186} INFO - Started process (PID=2955) to work on /home/airflow/.local/lib/python3.12/site-packages/airflow/example_dags/tutorial_dag.py
[2025-08-07T17:44:18.049+0000] {processor.py:914} INFO - Processing file /home/airflow/.local/lib/python3.12/site-packages/airflow/example_dags/tutorial_dag.py for tasks to queue
[2025-08-07T17:44:18.051+0000] {logging_mixin.py:190} INFO - [2025-08-07T17:44:18.050+0000] {dagbag.py:588} INFO - Filling up the DagBag from /home/airflow/.local/lib/python3.12/site-packages/airflow/example_dags/tutorial_dag.py
[2025-08-07T17:44:18.067+0000] {processor.py:925} INFO - DAG(s) 'tutorial_dag' retrieved from /home/airflow/.local/lib/python3.12/site-packages/airflow/example_dags/tutorial_dag.py
[2025-08-07T17:44:18.102+0000] {logging_mixin.py:190} INFO - [2025-08-07T17:44:18.102+0000] {dag.py:3239} INFO - Sync 1 DAGs
[2025-08-07T17:44:18.131+0000] {logging_mixin.py:190} INFO - [2025-08-07T17:44:18.131+0000] {dag.py:4180} INFO - Setting next_dagrun for tutorial_dag to None, run_after=None
[2025-08-07T17:44:18.176+0000] {processor.py:208} INFO - Processing /home/airflow/.local/lib/python3.12/site-packages/airflow/example_dags/tutorial_dag.py took 0.137 seconds
[2025-08-07T17:44:50.098+0000] {processor.py:186} INFO - Started process (PID=3021) to work on /home/airflow/.local/lib/python3.12/site-packages/airflow/example_dags/tutorial_dag.py
[2025-08-07T17:44:50.099+0000] {processor.py:914} INFO - Processing file /home/airflow/.local/lib/python3.12/site-packages/airflow/example_dags/tutorial_dag.py for tasks to queue
[2025-08-07T17:44:50.101+0000] {logging_mixin.py:190} INFO - [2025-08-07T17:44:50.101+0000] {dagbag.py:588} INFO - Filling up the DagBag from /home/airflow/.local/lib/python3.12/site-packages/airflow/example_dags/tutorial_dag.py
[2025-08-07T17:44:50.121+0000] {processor.py:925} INFO - DAG(s) 'tutorial_dag' retrieved from /home/airflow/.local/lib/python3.12/site-packages/airflow/example_dags/tutorial_dag.py
[2025-08-07T17:44:50.167+0000] {logging_mixin.py:190} INFO - [2025-08-07T17:44:50.167+0000] {dag.py:3239} INFO - Sync 1 DAGs
[2025-08-07T17:44:50.198+0000] {logging_mixin.py:190} INFO - [2025-08-07T17:44:50.197+0000] {dag.py:4180} INFO - Setting next_dagrun for tutorial_dag to None, run_after=None
[2025-08-07T17:44:50.239+0000] {processor.py:208} INFO - Processing /home/airflow/.local/lib/python3.12/site-packages/airflow/example_dags/tutorial_dag.py took 0.151 seconds
[2025-08-07T17:45:21.798+0000] {processor.py:186} INFO - Started process (PID=3087) to work on /home/airflow/.local/lib/python3.12/site-packages/airflow/example_dags/tutorial_dag.py
[2025-08-07T17:45:21.799+0000] {processor.py:914} INFO - Processing file /home/airflow/.local/lib/python3.12/site-packages/airflow/example_dags/tutorial_dag.py for tasks to queue
[2025-08-07T17:45:21.804+0000] {logging_mixin.py:190} INFO - [2025-08-07T17:45:21.800+0000] {dagbag.py:588} INFO - Filling up the DagBag from /home/airflow/.local/lib/python3.12/site-packages/airflow/example_dags/tutorial_dag.py
[2025-08-07T17:45:21.817+0000] {processor.py:925} INFO - DAG(s) 'tutorial_dag' retrieved from /home/airflow/.local/lib/python3.12/site-packages/airflow/example_dags/tutorial_dag.py
[2025-08-07T17:45:21.857+0000] {logging_mixin.py:190} INFO - [2025-08-07T17:45:21.857+0000] {dag.py:3239} INFO - Sync 1 DAGs
[2025-08-07T17:45:21.890+0000] {logging_mixin.py:190} INFO - [2025-08-07T17:45:21.889+0000] {dag.py:4180} INFO - Setting next_dagrun for tutorial_dag to None, run_after=None
[2025-08-07T17:45:21.949+0000] {processor.py:208} INFO - Processing /home/airflow/.local/lib/python3.12/site-packages/airflow/example_dags/tutorial_dag.py took 0.161 seconds
[2025-08-07T17:45:52.403+0000] {processor.py:186} INFO - Started process (PID=3151) to work on /home/airflow/.local/lib/python3.12/site-packages/airflow/example_dags/tutorial_dag.py
[2025-08-07T17:45:52.408+0000] {processor.py:914} INFO - Processing file /home/airflow/.local/lib/python3.12/site-packages/airflow/example_dags/tutorial_dag.py for tasks to queue
[2025-08-07T17:45:52.409+0000] {logging_mixin.py:190} INFO - [2025-08-07T17:45:52.409+0000] {dagbag.py:588} INFO - Filling up the DagBag from /home/airflow/.local/lib/python3.12/site-packages/airflow/example_dags/tutorial_dag.py
[2025-08-07T17:45:52.420+0000] {processor.py:925} INFO - DAG(s) 'tutorial_dag' retrieved from /home/airflow/.local/lib/python3.12/site-packages/airflow/example_dags/tutorial_dag.py
[2025-08-07T17:45:52.451+0000] {logging_mixin.py:190} INFO - [2025-08-07T17:45:52.450+0000] {dag.py:3239} INFO - Sync 1 DAGs
[2025-08-07T17:45:52.477+0000] {logging_mixin.py:190} INFO - [2025-08-07T17:45:52.473+0000] {dag.py:4180} INFO - Setting next_dagrun for tutorial_dag to None, run_after=None
[2025-08-07T17:45:52.511+0000] {processor.py:208} INFO - Processing /home/airflow/.local/lib/python3.12/site-packages/airflow/example_dags/tutorial_dag.py took 0.118 seconds
[2025-08-07T17:46:23.025+0000] {processor.py:186} INFO - Started process (PID=3219) to work on /home/airflow/.local/lib/python3.12/site-packages/airflow/example_dags/tutorial_dag.py
[2025-08-07T17:46:23.026+0000] {processor.py:914} INFO - Processing file /home/airflow/.local/lib/python3.12/site-packages/airflow/example_dags/tutorial_dag.py for tasks to queue
[2025-08-07T17:46:23.027+0000] {logging_mixin.py:190} INFO - [2025-08-07T17:46:23.027+0000] {dagbag.py:588} INFO - Filling up the DagBag from /home/airflow/.local/lib/python3.12/site-packages/airflow/example_dags/tutorial_dag.py
[2025-08-07T17:46:23.304+0000] {processor.py:925} INFO - DAG(s) 'tutorial_dag' retrieved from /home/airflow/.local/lib/python3.12/site-packages/airflow/example_dags/tutorial_dag.py
[2025-08-07T17:46:23.362+0000] {logging_mixin.py:190} INFO - [2025-08-07T17:46:23.358+0000] {dag.py:3239} INFO - Sync 1 DAGs
[2025-08-07T17:46:23.418+0000] {logging_mixin.py:190} INFO - [2025-08-07T17:46:23.417+0000] {dag.py:4180} INFO - Setting next_dagrun for tutorial_dag to None, run_after=None
[2025-08-07T17:46:23.494+0000] {processor.py:208} INFO - Processing /home/airflow/.local/lib/python3.12/site-packages/airflow/example_dags/tutorial_dag.py took 0.478 seconds
[2025-08-07T17:46:54.511+0000] {processor.py:186} INFO - Started process (PID=3283) to work on /home/airflow/.local/lib/python3.12/site-packages/airflow/example_dags/tutorial_dag.py
[2025-08-07T17:46:54.513+0000] {processor.py:914} INFO - Processing file /home/airflow/.local/lib/python3.12/site-packages/airflow/example_dags/tutorial_dag.py for tasks to queue
[2025-08-07T17:46:54.514+0000] {logging_mixin.py:190} INFO - [2025-08-07T17:46:54.514+0000] {dagbag.py:588} INFO - Filling up the DagBag from /home/airflow/.local/lib/python3.12/site-packages/airflow/example_dags/tutorial_dag.py
[2025-08-07T17:46:54.529+0000] {processor.py:925} INFO - DAG(s) 'tutorial_dag' retrieved from /home/airflow/.local/lib/python3.12/site-packages/airflow/example_dags/tutorial_dag.py
[2025-08-07T17:46:54.570+0000] {logging_mixin.py:190} INFO - [2025-08-07T17:46:54.570+0000] {dag.py:3239} INFO - Sync 1 DAGs
[2025-08-07T17:46:54.593+0000] {logging_mixin.py:190} INFO - [2025-08-07T17:46:54.593+0000] {dag.py:4180} INFO - Setting next_dagrun for tutorial_dag to None, run_after=None
[2025-08-07T17:46:54.639+0000] {processor.py:208} INFO - Processing /home/airflow/.local/lib/python3.12/site-packages/airflow/example_dags/tutorial_dag.py took 0.137 seconds
[2025-08-07T17:47:25.220+0000] {processor.py:186} INFO - Started process (PID=3348) to work on /home/airflow/.local/lib/python3.12/site-packages/airflow/example_dags/tutorial_dag.py
[2025-08-07T17:47:25.226+0000] {processor.py:914} INFO - Processing file /home/airflow/.local/lib/python3.12/site-packages/airflow/example_dags/tutorial_dag.py for tasks to queue
[2025-08-07T17:47:25.228+0000] {logging_mixin.py:190} INFO - [2025-08-07T17:47:25.227+0000] {dagbag.py:588} INFO - Filling up the DagBag from /home/airflow/.local/lib/python3.12/site-packages/airflow/example_dags/tutorial_dag.py
[2025-08-07T17:47:25.251+0000] {processor.py:925} INFO - DAG(s) 'tutorial_dag' retrieved from /home/airflow/.local/lib/python3.12/site-packages/airflow/example_dags/tutorial_dag.py
[2025-08-07T17:47:25.299+0000] {logging_mixin.py:190} INFO - [2025-08-07T17:47:25.299+0000] {dag.py:3239} INFO - Sync 1 DAGs
[2025-08-07T17:47:25.368+0000] {logging_mixin.py:190} INFO - [2025-08-07T17:47:25.368+0000] {dag.py:4180} INFO - Setting next_dagrun for tutorial_dag to None, run_after=None
[2025-08-07T17:47:25.420+0000] {processor.py:208} INFO - Processing /home/airflow/.local/lib/python3.12/site-packages/airflow/example_dags/tutorial_dag.py took 0.213 seconds
[2025-08-07T17:47:55.643+0000] {processor.py:186} INFO - Started process (PID=3415) to work on /home/airflow/.local/lib/python3.12/site-packages/airflow/example_dags/tutorial_dag.py
[2025-08-07T17:47:55.649+0000] {processor.py:914} INFO - Processing file /home/airflow/.local/lib/python3.12/site-packages/airflow/example_dags/tutorial_dag.py for tasks to queue
[2025-08-07T17:47:55.659+0000] {logging_mixin.py:190} INFO - [2025-08-07T17:47:55.655+0000] {dagbag.py:588} INFO - Filling up the DagBag from /home/airflow/.local/lib/python3.12/site-packages/airflow/example_dags/tutorial_dag.py
[2025-08-07T17:47:55.671+0000] {processor.py:925} INFO - DAG(s) 'tutorial_dag' retrieved from /home/airflow/.local/lib/python3.12/site-packages/airflow/example_dags/tutorial_dag.py
[2025-08-07T17:47:55.710+0000] {logging_mixin.py:190} INFO - [2025-08-07T17:47:55.709+0000] {dag.py:3239} INFO - Sync 1 DAGs
[2025-08-07T17:47:55.733+0000] {logging_mixin.py:190} INFO - [2025-08-07T17:47:55.732+0000] {dag.py:4180} INFO - Setting next_dagrun for tutorial_dag to None, run_after=None
[2025-08-07T17:47:55.769+0000] {processor.py:208} INFO - Processing /home/airflow/.local/lib/python3.12/site-packages/airflow/example_dags/tutorial_dag.py took 0.138 seconds
[2025-08-07T17:48:26.098+0000] {processor.py:186} INFO - Started process (PID=3479) to work on /home/airflow/.local/lib/python3.12/site-packages/airflow/example_dags/tutorial_dag.py
[2025-08-07T17:48:26.099+0000] {processor.py:914} INFO - Processing file /home/airflow/.local/lib/python3.12/site-packages/airflow/example_dags/tutorial_dag.py for tasks to queue
[2025-08-07T17:48:26.102+0000] {logging_mixin.py:190} INFO - [2025-08-07T17:48:26.101+0000] {dagbag.py:588} INFO - Filling up the DagBag from /home/airflow/.local/lib/python3.12/site-packages/airflow/example_dags/tutorial_dag.py
[2025-08-07T17:48:26.127+0000] {processor.py:925} INFO - DAG(s) 'tutorial_dag' retrieved from /home/airflow/.local/lib/python3.12/site-packages/airflow/example_dags/tutorial_dag.py
[2025-08-07T17:48:26.182+0000] {logging_mixin.py:190} INFO - [2025-08-07T17:48:26.181+0000] {dag.py:3239} INFO - Sync 1 DAGs
[2025-08-07T17:48:26.220+0000] {logging_mixin.py:190} INFO - [2025-08-07T17:48:26.220+0000] {dag.py:4180} INFO - Setting next_dagrun for tutorial_dag to None, run_after=None
[2025-08-07T17:48:26.278+0000] {processor.py:208} INFO - Processing /home/airflow/.local/lib/python3.12/site-packages/airflow/example_dags/tutorial_dag.py took 0.196 seconds
[2025-08-07T17:48:56.582+0000] {processor.py:186} INFO - Started process (PID=3541) to work on /home/airflow/.local/lib/python3.12/site-packages/airflow/example_dags/tutorial_dag.py
[2025-08-07T17:48:56.583+0000] {processor.py:914} INFO - Processing file /home/airflow/.local/lib/python3.12/site-packages/airflow/example_dags/tutorial_dag.py for tasks to queue
[2025-08-07T17:48:56.585+0000] {logging_mixin.py:190} INFO - [2025-08-07T17:48:56.585+0000] {dagbag.py:588} INFO - Filling up the DagBag from /home/airflow/.local/lib/python3.12/site-packages/airflow/example_dags/tutorial_dag.py
[2025-08-07T17:48:56.603+0000] {processor.py:925} INFO - DAG(s) 'tutorial_dag' retrieved from /home/airflow/.local/lib/python3.12/site-packages/airflow/example_dags/tutorial_dag.py
[2025-08-07T17:48:56.662+0000] {logging_mixin.py:190} INFO - [2025-08-07T17:48:56.662+0000] {dag.py:3239} INFO - Sync 1 DAGs
[2025-08-07T17:48:56.700+0000] {logging_mixin.py:190} INFO - [2025-08-07T17:48:56.700+0000] {dag.py:4180} INFO - Setting next_dagrun for tutorial_dag to None, run_after=None
[2025-08-07T17:48:56.762+0000] {processor.py:208} INFO - Processing /home/airflow/.local/lib/python3.12/site-packages/airflow/example_dags/tutorial_dag.py took 0.197 seconds
[2025-08-07T17:49:27.556+0000] {processor.py:186} INFO - Started process (PID=3602) to work on /home/airflow/.local/lib/python3.12/site-packages/airflow/example_dags/tutorial_dag.py
[2025-08-07T17:49:27.562+0000] {processor.py:914} INFO - Processing file /home/airflow/.local/lib/python3.12/site-packages/airflow/example_dags/tutorial_dag.py for tasks to queue
[2025-08-07T17:49:27.566+0000] {logging_mixin.py:190} INFO - [2025-08-07T17:49:27.565+0000] {dagbag.py:588} INFO - Filling up the DagBag from /home/airflow/.local/lib/python3.12/site-packages/airflow/example_dags/tutorial_dag.py
[2025-08-07T17:49:27.585+0000] {processor.py:925} INFO - DAG(s) 'tutorial_dag' retrieved from /home/airflow/.local/lib/python3.12/site-packages/airflow/example_dags/tutorial_dag.py
[2025-08-07T17:49:27.637+0000] {logging_mixin.py:190} INFO - [2025-08-07T17:49:27.636+0000] {dag.py:3239} INFO - Sync 1 DAGs
[2025-08-07T17:49:27.673+0000] {logging_mixin.py:190} INFO - [2025-08-07T17:49:27.673+0000] {dag.py:4180} INFO - Setting next_dagrun for tutorial_dag to None, run_after=None
[2025-08-07T17:49:27.724+0000] {processor.py:208} INFO - Processing /home/airflow/.local/lib/python3.12/site-packages/airflow/example_dags/tutorial_dag.py took 0.180 seconds
[2025-08-07T17:49:53.155+0000] {processor.py:186} INFO - Started process (PID=3668) to work on /home/airflow/.local/lib/python3.12/site-packages/airflow/example_dags/tutorial_dag.py
[2025-08-07T17:49:53.160+0000] {processor.py:914} INFO - Processing file /home/airflow/.local/lib/python3.12/site-packages/airflow/example_dags/tutorial_dag.py for tasks to queue
[2025-08-07T17:49:53.161+0000] {logging_mixin.py:190} INFO - [2025-08-07T17:49:53.161+0000] {dagbag.py:588} INFO - Filling up the DagBag from /home/airflow/.local/lib/python3.12/site-packages/airflow/example_dags/tutorial_dag.py
[2025-08-07T17:49:53.174+0000] {processor.py:925} INFO - DAG(s) 'tutorial_dag' retrieved from /home/airflow/.local/lib/python3.12/site-packages/airflow/example_dags/tutorial_dag.py
[2025-08-07T17:49:53.220+0000] {logging_mixin.py:190} INFO - [2025-08-07T17:49:53.219+0000] {dag.py:3239} INFO - Sync 1 DAGs
[2025-08-07T17:49:53.252+0000] {logging_mixin.py:190} INFO - [2025-08-07T17:49:53.252+0000] {dag.py:4180} INFO - Setting next_dagrun for tutorial_dag to None, run_after=None
[2025-08-07T17:49:53.293+0000] {processor.py:208} INFO - Processing /home/airflow/.local/lib/python3.12/site-packages/airflow/example_dags/tutorial_dag.py took 0.150 seconds
[2025-08-07T17:50:06.295+0000] {processor.py:186} INFO - Started process (PID=3727) to work on /home/airflow/.local/lib/python3.12/site-packages/airflow/example_dags/tutorial_dag.py
[2025-08-07T17:50:06.306+0000] {processor.py:914} INFO - Processing file /home/airflow/.local/lib/python3.12/site-packages/airflow/example_dags/tutorial_dag.py for tasks to queue
[2025-08-07T17:50:06.309+0000] {logging_mixin.py:190} INFO - [2025-08-07T17:50:06.309+0000] {dagbag.py:588} INFO - Filling up the DagBag from /home/airflow/.local/lib/python3.12/site-packages/airflow/example_dags/tutorial_dag.py
[2025-08-07T17:50:06.329+0000] {processor.py:925} INFO - DAG(s) 'tutorial_dag' retrieved from /home/airflow/.local/lib/python3.12/site-packages/airflow/example_dags/tutorial_dag.py
[2025-08-07T17:50:06.386+0000] {logging_mixin.py:190} INFO - [2025-08-07T17:50:06.386+0000] {dag.py:3239} INFO - Sync 1 DAGs
[2025-08-07T17:50:06.425+0000] {logging_mixin.py:190} INFO - [2025-08-07T17:50:06.421+0000] {dag.py:4180} INFO - Setting next_dagrun for tutorial_dag to None, run_after=None
[2025-08-07T17:50:06.476+0000] {processor.py:208} INFO - Processing /home/airflow/.local/lib/python3.12/site-packages/airflow/example_dags/tutorial_dag.py took 0.197 seconds
[2025-08-07T17:50:37.442+0000] {processor.py:186} INFO - Started process (PID=3792) to work on /home/airflow/.local/lib/python3.12/site-packages/airflow/example_dags/tutorial_dag.py
[2025-08-07T17:50:37.443+0000] {processor.py:914} INFO - Processing file /home/airflow/.local/lib/python3.12/site-packages/airflow/example_dags/tutorial_dag.py for tasks to queue
[2025-08-07T17:50:37.445+0000] {logging_mixin.py:190} INFO - [2025-08-07T17:50:37.445+0000] {dagbag.py:588} INFO - Filling up the DagBag from /home/airflow/.local/lib/python3.12/site-packages/airflow/example_dags/tutorial_dag.py
[2025-08-07T17:50:37.462+0000] {processor.py:925} INFO - DAG(s) 'tutorial_dag' retrieved from /home/airflow/.local/lib/python3.12/site-packages/airflow/example_dags/tutorial_dag.py
[2025-08-07T17:50:37.513+0000] {logging_mixin.py:190} INFO - [2025-08-07T17:50:37.513+0000] {dag.py:3239} INFO - Sync 1 DAGs
[2025-08-07T17:50:37.551+0000] {logging_mixin.py:190} INFO - [2025-08-07T17:50:37.551+0000] {dag.py:4180} INFO - Setting next_dagrun for tutorial_dag to None, run_after=None
[2025-08-07T17:50:37.586+0000] {processor.py:208} INFO - Processing /home/airflow/.local/lib/python3.12/site-packages/airflow/example_dags/tutorial_dag.py took 0.160 seconds
[2025-08-07T17:51:09.857+0000] {processor.py:186} INFO - Started process (PID=3858) to work on /home/airflow/.local/lib/python3.12/site-packages/airflow/example_dags/tutorial_dag.py
[2025-08-07T17:51:09.858+0000] {processor.py:914} INFO - Processing file /home/airflow/.local/lib/python3.12/site-packages/airflow/example_dags/tutorial_dag.py for tasks to queue
[2025-08-07T17:51:09.864+0000] {logging_mixin.py:190} INFO - [2025-08-07T17:51:09.859+0000] {dagbag.py:588} INFO - Filling up the DagBag from /home/airflow/.local/lib/python3.12/site-packages/airflow/example_dags/tutorial_dag.py
[2025-08-07T17:51:09.877+0000] {processor.py:925} INFO - DAG(s) 'tutorial_dag' retrieved from /home/airflow/.local/lib/python3.12/site-packages/airflow/example_dags/tutorial_dag.py
[2025-08-07T17:51:09.915+0000] {logging_mixin.py:190} INFO - [2025-08-07T17:51:09.915+0000] {dag.py:3239} INFO - Sync 1 DAGs
[2025-08-07T17:51:09.949+0000] {logging_mixin.py:190} INFO - [2025-08-07T17:51:09.949+0000] {dag.py:4180} INFO - Setting next_dagrun for tutorial_dag to None, run_after=None
[2025-08-07T17:51:09.995+0000] {processor.py:208} INFO - Processing /home/airflow/.local/lib/python3.12/site-packages/airflow/example_dags/tutorial_dag.py took 0.149 seconds
[2025-08-07T17:51:42.291+0000] {processor.py:186} INFO - Started process (PID=3924) to work on /home/airflow/.local/lib/python3.12/site-packages/airflow/example_dags/tutorial_dag.py
[2025-08-07T17:51:42.292+0000] {processor.py:914} INFO - Processing file /home/airflow/.local/lib/python3.12/site-packages/airflow/example_dags/tutorial_dag.py for tasks to queue
[2025-08-07T17:51:42.300+0000] {logging_mixin.py:190} INFO - [2025-08-07T17:51:42.299+0000] {dagbag.py:588} INFO - Filling up the DagBag from /home/airflow/.local/lib/python3.12/site-packages/airflow/example_dags/tutorial_dag.py
[2025-08-07T17:51:42.323+0000] {processor.py:925} INFO - DAG(s) 'tutorial_dag' retrieved from /home/airflow/.local/lib/python3.12/site-packages/airflow/example_dags/tutorial_dag.py
[2025-08-07T17:51:42.399+0000] {logging_mixin.py:190} INFO - [2025-08-07T17:51:42.394+0000] {dag.py:3239} INFO - Sync 1 DAGs
[2025-08-07T17:51:42.453+0000] {logging_mixin.py:190} INFO - [2025-08-07T17:51:42.453+0000] {dag.py:4180} INFO - Setting next_dagrun for tutorial_dag to None, run_after=None
[2025-08-07T17:51:42.563+0000] {processor.py:208} INFO - Processing /home/airflow/.local/lib/python3.12/site-packages/airflow/example_dags/tutorial_dag.py took 0.293 seconds
[2025-08-07T17:52:10.726+0000] {processor.py:186} INFO - Started process (PID=3993) to work on /home/airflow/.local/lib/python3.12/site-packages/airflow/example_dags/tutorial_dag.py
[2025-08-07T17:52:10.733+0000] {processor.py:914} INFO - Processing file /home/airflow/.local/lib/python3.12/site-packages/airflow/example_dags/tutorial_dag.py for tasks to queue
[2025-08-07T17:52:10.735+0000] {logging_mixin.py:190} INFO - [2025-08-07T17:52:10.734+0000] {dagbag.py:588} INFO - Filling up the DagBag from /home/airflow/.local/lib/python3.12/site-packages/airflow/example_dags/tutorial_dag.py
[2025-08-07T17:52:10.762+0000] {processor.py:925} INFO - DAG(s) 'tutorial_dag' retrieved from /home/airflow/.local/lib/python3.12/site-packages/airflow/example_dags/tutorial_dag.py
[2025-08-07T17:52:10.814+0000] {logging_mixin.py:190} INFO - [2025-08-07T17:52:10.814+0000] {dag.py:3239} INFO - Sync 1 DAGs
[2025-08-07T17:52:10.866+0000] {logging_mixin.py:190} INFO - [2025-08-07T17:52:10.865+0000] {dag.py:4180} INFO - Setting next_dagrun for tutorial_dag to None, run_after=None
[2025-08-07T17:52:10.923+0000] {processor.py:208} INFO - Processing /home/airflow/.local/lib/python3.12/site-packages/airflow/example_dags/tutorial_dag.py took 0.216 seconds
[2025-08-07T17:52:31.608+0000] {processor.py:186} INFO - Started process (PID=4056) to work on /home/airflow/.local/lib/python3.12/site-packages/airflow/example_dags/tutorial_dag.py
[2025-08-07T17:52:31.610+0000] {processor.py:914} INFO - Processing file /home/airflow/.local/lib/python3.12/site-packages/airflow/example_dags/tutorial_dag.py for tasks to queue
[2025-08-07T17:52:31.612+0000] {logging_mixin.py:190} INFO - [2025-08-07T17:52:31.611+0000] {dagbag.py:588} INFO - Filling up the DagBag from /home/airflow/.local/lib/python3.12/site-packages/airflow/example_dags/tutorial_dag.py
[2025-08-07T17:52:31.630+0000] {processor.py:925} INFO - DAG(s) 'tutorial_dag' retrieved from /home/airflow/.local/lib/python3.12/site-packages/airflow/example_dags/tutorial_dag.py
[2025-08-07T17:52:31.673+0000] {logging_mixin.py:190} INFO - [2025-08-07T17:52:31.672+0000] {dag.py:3239} INFO - Sync 1 DAGs
[2025-08-07T17:52:31.710+0000] {logging_mixin.py:190} INFO - [2025-08-07T17:52:31.710+0000] {dag.py:4180} INFO - Setting next_dagrun for tutorial_dag to None, run_after=None
[2025-08-07T17:52:31.760+0000] {processor.py:208} INFO - Processing /home/airflow/.local/lib/python3.12/site-packages/airflow/example_dags/tutorial_dag.py took 0.167 seconds
[2025-08-07T17:53:04.419+0000] {processor.py:186} INFO - Started process (PID=4120) to work on /home/airflow/.local/lib/python3.12/site-packages/airflow/example_dags/tutorial_dag.py
[2025-08-07T17:53:04.425+0000] {processor.py:914} INFO - Processing file /home/airflow/.local/lib/python3.12/site-packages/airflow/example_dags/tutorial_dag.py for tasks to queue
[2025-08-07T17:53:04.427+0000] {logging_mixin.py:190} INFO - [2025-08-07T17:53:04.426+0000] {dagbag.py:588} INFO - Filling up the DagBag from /home/airflow/.local/lib/python3.12/site-packages/airflow/example_dags/tutorial_dag.py
[2025-08-07T17:53:04.445+0000] {processor.py:925} INFO - DAG(s) 'tutorial_dag' retrieved from /home/airflow/.local/lib/python3.12/site-packages/airflow/example_dags/tutorial_dag.py
[2025-08-07T17:53:04.488+0000] {logging_mixin.py:190} INFO - [2025-08-07T17:53:04.488+0000] {dag.py:3239} INFO - Sync 1 DAGs
[2025-08-07T17:53:04.527+0000] {logging_mixin.py:190} INFO - [2025-08-07T17:53:04.526+0000] {dag.py:4180} INFO - Setting next_dagrun for tutorial_dag to None, run_after=None
[2025-08-07T17:53:04.579+0000] {processor.py:208} INFO - Processing /home/airflow/.local/lib/python3.12/site-packages/airflow/example_dags/tutorial_dag.py took 0.171 seconds
[2025-08-07T17:53:32.966+0000] {processor.py:186} INFO - Started process (PID=4184) to work on /home/airflow/.local/lib/python3.12/site-packages/airflow/example_dags/tutorial_dag.py
[2025-08-07T17:53:32.967+0000] {processor.py:914} INFO - Processing file /home/airflow/.local/lib/python3.12/site-packages/airflow/example_dags/tutorial_dag.py for tasks to queue
[2025-08-07T17:53:32.975+0000] {logging_mixin.py:190} INFO - [2025-08-07T17:53:32.970+0000] {dagbag.py:588} INFO - Filling up the DagBag from /home/airflow/.local/lib/python3.12/site-packages/airflow/example_dags/tutorial_dag.py
[2025-08-07T17:53:32.996+0000] {processor.py:925} INFO - DAG(s) 'tutorial_dag' retrieved from /home/airflow/.local/lib/python3.12/site-packages/airflow/example_dags/tutorial_dag.py
[2025-08-07T17:53:33.050+0000] {logging_mixin.py:190} INFO - [2025-08-07T17:53:33.050+0000] {dag.py:3239} INFO - Sync 1 DAGs
[2025-08-07T17:53:33.098+0000] {logging_mixin.py:190} INFO - [2025-08-07T17:53:33.098+0000] {dag.py:4180} INFO - Setting next_dagrun for tutorial_dag to None, run_after=None
[2025-08-07T17:53:33.159+0000] {processor.py:208} INFO - Processing /home/airflow/.local/lib/python3.12/site-packages/airflow/example_dags/tutorial_dag.py took 0.211 seconds
[2025-08-07T17:53:48.154+0000] {processor.py:186} INFO - Started process (PID=4248) to work on /home/airflow/.local/lib/python3.12/site-packages/airflow/example_dags/tutorial_dag.py
[2025-08-07T17:53:48.159+0000] {processor.py:914} INFO - Processing file /home/airflow/.local/lib/python3.12/site-packages/airflow/example_dags/tutorial_dag.py for tasks to queue
[2025-08-07T17:53:48.162+0000] {logging_mixin.py:190} INFO - [2025-08-07T17:53:48.161+0000] {dagbag.py:588} INFO - Filling up the DagBag from /home/airflow/.local/lib/python3.12/site-packages/airflow/example_dags/tutorial_dag.py
[2025-08-07T17:53:48.182+0000] {processor.py:925} INFO - DAG(s) 'tutorial_dag' retrieved from /home/airflow/.local/lib/python3.12/site-packages/airflow/example_dags/tutorial_dag.py
[2025-08-07T17:53:48.225+0000] {logging_mixin.py:190} INFO - [2025-08-07T17:53:48.224+0000] {dag.py:3239} INFO - Sync 1 DAGs
[2025-08-07T17:53:48.273+0000] {logging_mixin.py:190} INFO - [2025-08-07T17:53:48.273+0000] {dag.py:4180} INFO - Setting next_dagrun for tutorial_dag to None, run_after=None
[2025-08-07T17:53:48.322+0000] {processor.py:208} INFO - Processing /home/airflow/.local/lib/python3.12/site-packages/airflow/example_dags/tutorial_dag.py took 0.182 seconds
[2025-08-07T17:54:02.710+0000] {processor.py:186} INFO - Started process (PID=4308) to work on /home/airflow/.local/lib/python3.12/site-packages/airflow/example_dags/tutorial_dag.py
[2025-08-07T17:54:02.711+0000] {processor.py:914} INFO - Processing file /home/airflow/.local/lib/python3.12/site-packages/airflow/example_dags/tutorial_dag.py for tasks to queue
[2025-08-07T17:54:02.713+0000] {logging_mixin.py:190} INFO - [2025-08-07T17:54:02.713+0000] {dagbag.py:588} INFO - Filling up the DagBag from /home/airflow/.local/lib/python3.12/site-packages/airflow/example_dags/tutorial_dag.py
[2025-08-07T17:54:02.740+0000] {processor.py:925} INFO - DAG(s) 'tutorial_dag' retrieved from /home/airflow/.local/lib/python3.12/site-packages/airflow/example_dags/tutorial_dag.py
[2025-08-07T17:54:02.783+0000] {logging_mixin.py:190} INFO - [2025-08-07T17:54:02.782+0000] {dag.py:3239} INFO - Sync 1 DAGs
[2025-08-07T17:54:02.822+0000] {logging_mixin.py:190} INFO - [2025-08-07T17:54:02.822+0000] {dag.py:4180} INFO - Setting next_dagrun for tutorial_dag to None, run_after=None
[2025-08-07T17:54:02.871+0000] {processor.py:208} INFO - Processing /home/airflow/.local/lib/python3.12/site-packages/airflow/example_dags/tutorial_dag.py took 0.179 seconds
[2025-08-07T17:54:34.362+0000] {processor.py:186} INFO - Started process (PID=4374) to work on /home/airflow/.local/lib/python3.12/site-packages/airflow/example_dags/tutorial_dag.py
[2025-08-07T17:54:34.364+0000] {processor.py:914} INFO - Processing file /home/airflow/.local/lib/python3.12/site-packages/airflow/example_dags/tutorial_dag.py for tasks to queue
[2025-08-07T17:54:34.366+0000] {logging_mixin.py:190} INFO - [2025-08-07T17:54:34.365+0000] {dagbag.py:588} INFO - Filling up the DagBag from /home/airflow/.local/lib/python3.12/site-packages/airflow/example_dags/tutorial_dag.py
[2025-08-07T17:54:34.384+0000] {processor.py:925} INFO - DAG(s) 'tutorial_dag' retrieved from /home/airflow/.local/lib/python3.12/site-packages/airflow/example_dags/tutorial_dag.py
[2025-08-07T17:54:34.432+0000] {logging_mixin.py:190} INFO - [2025-08-07T17:54:34.432+0000] {dag.py:3239} INFO - Sync 1 DAGs
[2025-08-07T17:54:34.466+0000] {logging_mixin.py:190} INFO - [2025-08-07T17:54:34.465+0000] {dag.py:4180} INFO - Setting next_dagrun for tutorial_dag to None, run_after=None
[2025-08-07T17:54:34.514+0000] {processor.py:208} INFO - Processing /home/airflow/.local/lib/python3.12/site-packages/airflow/example_dags/tutorial_dag.py took 0.169 seconds
[2025-08-07T17:55:07.722+0000] {processor.py:186} INFO - Started process (PID=4444) to work on /home/airflow/.local/lib/python3.12/site-packages/airflow/example_dags/tutorial_dag.py
[2025-08-07T17:55:07.723+0000] {processor.py:914} INFO - Processing file /home/airflow/.local/lib/python3.12/site-packages/airflow/example_dags/tutorial_dag.py for tasks to queue
[2025-08-07T17:55:07.726+0000] {logging_mixin.py:190} INFO - [2025-08-07T17:55:07.725+0000] {dagbag.py:588} INFO - Filling up the DagBag from /home/airflow/.local/lib/python3.12/site-packages/airflow/example_dags/tutorial_dag.py
[2025-08-07T17:55:07.753+0000] {processor.py:925} INFO - DAG(s) 'tutorial_dag' retrieved from /home/airflow/.local/lib/python3.12/site-packages/airflow/example_dags/tutorial_dag.py
[2025-08-07T17:55:07.816+0000] {logging_mixin.py:190} INFO - [2025-08-07T17:55:07.816+0000] {dag.py:3239} INFO - Sync 1 DAGs
[2025-08-07T17:55:07.866+0000] {logging_mixin.py:190} INFO - [2025-08-07T17:55:07.866+0000] {dag.py:4180} INFO - Setting next_dagrun for tutorial_dag to None, run_after=None
[2025-08-07T17:55:07.924+0000] {processor.py:208} INFO - Processing /home/airflow/.local/lib/python3.12/site-packages/airflow/example_dags/tutorial_dag.py took 0.221 seconds
