[2025-08-07T00:25:01.916+0000] {processor.py:186} INFO - Started process (PID=1013) to work on /home/airflow/.local/lib/python3.12/site-packages/airflow/example_dags/tutorial_taskflow_api.py
[2025-08-07T00:25:01.922+0000] {processor.py:914} INFO - Processing file /home/airflow/.local/lib/python3.12/site-packages/airflow/example_dags/tutorial_taskflow_api.py for tasks to queue
[2025-08-07T00:25:01.925+0000] {logging_mixin.py:190} INFO - [2025-08-07T00:25:01.924+0000] {dagbag.py:588} INFO - Filling up the DagBag from /home/airflow/.local/lib/python3.12/site-packages/airflow/example_dags/tutorial_taskflow_api.py
[2025-08-07T00:25:01.963+0000] {processor.py:925} INFO - DAG(s) 'tutorial_taskflow_api' retrieved from /home/airflow/.local/lib/python3.12/site-packages/airflow/example_dags/tutorial_taskflow_api.py
[2025-08-07T00:25:02.099+0000] {logging_mixin.py:190} INFO - [2025-08-07T00:25:02.099+0000] {dag.py:3239} INFO - Sync 1 DAGs
[2025-08-07T00:25:02.163+0000] {logging_mixin.py:190} INFO - [2025-08-07T00:25:02.163+0000] {dag.py:4180} INFO - Setting next_dagrun for tutorial_taskflow_api to None, run_after=None
[2025-08-07T00:25:02.387+0000] {processor.py:208} INFO - Processing /home/airflow/.local/lib/python3.12/site-packages/airflow/example_dags/tutorial_taskflow_api.py took 0.497 seconds
[2025-08-07T00:26:26.777+0000] {processor.py:186} INFO - Started process (PID=1073) to work on /home/airflow/.local/lib/python3.12/site-packages/airflow/example_dags/tutorial_taskflow_api.py
[2025-08-07T00:26:26.779+0000] {processor.py:914} INFO - Processing file /home/airflow/.local/lib/python3.12/site-packages/airflow/example_dags/tutorial_taskflow_api.py for tasks to queue
[2025-08-07T00:26:26.780+0000] {logging_mixin.py:190} INFO - [2025-08-07T00:26:26.780+0000] {dagbag.py:588} INFO - Filling up the DagBag from /home/airflow/.local/lib/python3.12/site-packages/airflow/example_dags/tutorial_taskflow_api.py
[2025-08-07T00:26:26.789+0000] {processor.py:925} INFO - DAG(s) 'tutorial_taskflow_api' retrieved from /home/airflow/.local/lib/python3.12/site-packages/airflow/example_dags/tutorial_taskflow_api.py
[2025-08-07T00:26:26.810+0000] {logging_mixin.py:190} INFO - [2025-08-07T00:26:26.810+0000] {dag.py:3239} INFO - Sync 1 DAGs
[2025-08-07T00:26:26.826+0000] {logging_mixin.py:190} INFO - [2025-08-07T00:26:26.826+0000] {dag.py:4180} INFO - Setting next_dagrun for tutorial_taskflow_api to None, run_after=None
[2025-08-07T00:26:26.849+0000] {processor.py:208} INFO - Processing /home/airflow/.local/lib/python3.12/site-packages/airflow/example_dags/tutorial_taskflow_api.py took 0.078 seconds
[2025-08-07T11:29:39.236+0000] {processor.py:186} INFO - Started process (PID=1101) to work on /home/airflow/.local/lib/python3.12/site-packages/airflow/example_dags/tutorial_taskflow_api.py
[2025-08-07T11:29:39.246+0000] {processor.py:914} INFO - Processing file /home/airflow/.local/lib/python3.12/site-packages/airflow/example_dags/tutorial_taskflow_api.py for tasks to queue
[2025-08-07T11:29:39.250+0000] {logging_mixin.py:190} INFO - [2025-08-07T11:29:39.250+0000] {dagbag.py:588} INFO - Filling up the DagBag from /home/airflow/.local/lib/python3.12/site-packages/airflow/example_dags/tutorial_taskflow_api.py
[2025-08-07T11:29:39.315+0000] {processor.py:925} INFO - DAG(s) 'tutorial_taskflow_api' retrieved from /home/airflow/.local/lib/python3.12/site-packages/airflow/example_dags/tutorial_taskflow_api.py
[2025-08-07T11:29:39.420+0000] {logging_mixin.py:190} INFO - [2025-08-07T11:29:39.420+0000] {dag.py:3239} INFO - Sync 1 DAGs
[2025-08-07T11:29:39.516+0000] {logging_mixin.py:190} INFO - [2025-08-07T11:29:39.513+0000] {dag.py:4180} INFO - Setting next_dagrun for tutorial_taskflow_api to None, run_after=None
[2025-08-07T11:29:39.655+0000] {processor.py:208} INFO - Processing /home/airflow/.local/lib/python3.12/site-packages/airflow/example_dags/tutorial_taskflow_api.py took 0.443 seconds
[2025-08-07T17:21:38.572+0000] {processor.py:186} INFO - Started process (PID=1179) to work on /home/airflow/.local/lib/python3.12/site-packages/airflow/example_dags/tutorial_taskflow_api.py
[2025-08-07T17:21:38.585+0000] {processor.py:914} INFO - Processing file /home/airflow/.local/lib/python3.12/site-packages/airflow/example_dags/tutorial_taskflow_api.py for tasks to queue
[2025-08-07T17:21:38.589+0000] {logging_mixin.py:190} INFO - [2025-08-07T17:21:38.588+0000] {dagbag.py:588} INFO - Filling up the DagBag from /home/airflow/.local/lib/python3.12/site-packages/airflow/example_dags/tutorial_taskflow_api.py
[2025-08-07T17:21:38.612+0000] {processor.py:925} INFO - DAG(s) 'tutorial_taskflow_api' retrieved from /home/airflow/.local/lib/python3.12/site-packages/airflow/example_dags/tutorial_taskflow_api.py
[2025-08-07T17:21:38.691+0000] {logging_mixin.py:190} INFO - [2025-08-07T17:21:38.690+0000] {dag.py:3239} INFO - Sync 1 DAGs
[2025-08-07T17:21:38.751+0000] {logging_mixin.py:190} INFO - [2025-08-07T17:21:38.743+0000] {dag.py:4180} INFO - Setting next_dagrun for tutorial_taskflow_api to None, run_after=None
[2025-08-07T17:21:38.828+0000] {processor.py:208} INFO - Processing /home/airflow/.local/lib/python3.12/site-packages/airflow/example_dags/tutorial_taskflow_api.py took 0.264 seconds
[2025-08-07T17:22:09.142+0000] {processor.py:186} INFO - Started process (PID=1245) to work on /home/airflow/.local/lib/python3.12/site-packages/airflow/example_dags/tutorial_taskflow_api.py
[2025-08-07T17:22:09.144+0000] {processor.py:914} INFO - Processing file /home/airflow/.local/lib/python3.12/site-packages/airflow/example_dags/tutorial_taskflow_api.py for tasks to queue
[2025-08-07T17:22:09.147+0000] {logging_mixin.py:190} INFO - [2025-08-07T17:22:09.146+0000] {dagbag.py:588} INFO - Filling up the DagBag from /home/airflow/.local/lib/python3.12/site-packages/airflow/example_dags/tutorial_taskflow_api.py
[2025-08-07T17:22:09.160+0000] {processor.py:925} INFO - DAG(s) 'tutorial_taskflow_api' retrieved from /home/airflow/.local/lib/python3.12/site-packages/airflow/example_dags/tutorial_taskflow_api.py
[2025-08-07T17:22:09.188+0000] {logging_mixin.py:190} INFO - [2025-08-07T17:22:09.187+0000] {dag.py:3239} INFO - Sync 1 DAGs
[2025-08-07T17:22:09.210+0000] {logging_mixin.py:190} INFO - [2025-08-07T17:22:09.210+0000] {dag.py:4180} INFO - Setting next_dagrun for tutorial_taskflow_api to None, run_after=None
[2025-08-07T17:22:09.256+0000] {processor.py:208} INFO - Processing /home/airflow/.local/lib/python3.12/site-packages/airflow/example_dags/tutorial_taskflow_api.py took 0.125 seconds
[2025-08-07T17:22:39.514+0000] {processor.py:186} INFO - Started process (PID=1311) to work on /home/airflow/.local/lib/python3.12/site-packages/airflow/example_dags/tutorial_taskflow_api.py
[2025-08-07T17:22:39.515+0000] {processor.py:914} INFO - Processing file /home/airflow/.local/lib/python3.12/site-packages/airflow/example_dags/tutorial_taskflow_api.py for tasks to queue
[2025-08-07T17:22:39.517+0000] {logging_mixin.py:190} INFO - [2025-08-07T17:22:39.516+0000] {dagbag.py:588} INFO - Filling up the DagBag from /home/airflow/.local/lib/python3.12/site-packages/airflow/example_dags/tutorial_taskflow_api.py
[2025-08-07T17:22:39.527+0000] {processor.py:925} INFO - DAG(s) 'tutorial_taskflow_api' retrieved from /home/airflow/.local/lib/python3.12/site-packages/airflow/example_dags/tutorial_taskflow_api.py
[2025-08-07T17:22:39.551+0000] {logging_mixin.py:190} INFO - [2025-08-07T17:22:39.550+0000] {dag.py:3239} INFO - Sync 1 DAGs
[2025-08-07T17:22:39.573+0000] {logging_mixin.py:190} INFO - [2025-08-07T17:22:39.573+0000] {dag.py:4180} INFO - Setting next_dagrun for tutorial_taskflow_api to None, run_after=None
[2025-08-07T17:22:39.602+0000] {processor.py:208} INFO - Processing /home/airflow/.local/lib/python3.12/site-packages/airflow/example_dags/tutorial_taskflow_api.py took 0.095 seconds
[2025-08-07T17:22:04.379+0000] {processor.py:186} INFO - Started process (PID=1377) to work on /home/airflow/.local/lib/python3.12/site-packages/airflow/example_dags/tutorial_taskflow_api.py
[2025-08-07T17:22:04.380+0000] {processor.py:914} INFO - Processing file /home/airflow/.local/lib/python3.12/site-packages/airflow/example_dags/tutorial_taskflow_api.py for tasks to queue
[2025-08-07T17:22:04.382+0000] {logging_mixin.py:190} INFO - [2025-08-07T17:22:04.381+0000] {dagbag.py:588} INFO - Filling up the DagBag from /home/airflow/.local/lib/python3.12/site-packages/airflow/example_dags/tutorial_taskflow_api.py
[2025-08-07T17:22:04.390+0000] {processor.py:925} INFO - DAG(s) 'tutorial_taskflow_api' retrieved from /home/airflow/.local/lib/python3.12/site-packages/airflow/example_dags/tutorial_taskflow_api.py
[2025-08-07T17:22:04.413+0000] {logging_mixin.py:190} INFO - [2025-08-07T17:22:04.413+0000] {dag.py:3239} INFO - Sync 1 DAGs
[2025-08-07T17:22:04.431+0000] {logging_mixin.py:190} INFO - [2025-08-07T17:22:04.431+0000] {dag.py:4180} INFO - Setting next_dagrun for tutorial_taskflow_api to None, run_after=None
[2025-08-07T17:22:04.456+0000] {processor.py:208} INFO - Processing /home/airflow/.local/lib/python3.12/site-packages/airflow/example_dags/tutorial_taskflow_api.py took 0.084 seconds
[2025-08-07T17:22:35.838+0000] {processor.py:186} INFO - Started process (PID=1408) to work on /home/airflow/.local/lib/python3.12/site-packages/airflow/example_dags/tutorial_taskflow_api.py
[2025-08-07T17:22:35.839+0000] {processor.py:914} INFO - Processing file /home/airflow/.local/lib/python3.12/site-packages/airflow/example_dags/tutorial_taskflow_api.py for tasks to queue
[2025-08-07T17:22:35.841+0000] {logging_mixin.py:190} INFO - [2025-08-07T17:22:35.840+0000] {dagbag.py:588} INFO - Filling up the DagBag from /home/airflow/.local/lib/python3.12/site-packages/airflow/example_dags/tutorial_taskflow_api.py
[2025-08-07T17:22:35.850+0000] {processor.py:925} INFO - DAG(s) 'tutorial_taskflow_api' retrieved from /home/airflow/.local/lib/python3.12/site-packages/airflow/example_dags/tutorial_taskflow_api.py
[2025-08-07T17:22:35.873+0000] {logging_mixin.py:190} INFO - [2025-08-07T17:22:35.873+0000] {dag.py:3239} INFO - Sync 1 DAGs
[2025-08-07T17:22:35.892+0000] {logging_mixin.py:190} INFO - [2025-08-07T17:22:35.892+0000] {dag.py:4180} INFO - Setting next_dagrun for tutorial_taskflow_api to None, run_after=None
[2025-08-07T17:22:35.918+0000] {processor.py:208} INFO - Processing /home/airflow/.local/lib/python3.12/site-packages/airflow/example_dags/tutorial_taskflow_api.py took 0.086 seconds
[2025-08-07T17:23:07.347+0000] {processor.py:186} INFO - Started process (PID=1439) to work on /home/airflow/.local/lib/python3.12/site-packages/airflow/example_dags/tutorial_taskflow_api.py
[2025-08-07T17:23:07.348+0000] {processor.py:914} INFO - Processing file /home/airflow/.local/lib/python3.12/site-packages/airflow/example_dags/tutorial_taskflow_api.py for tasks to queue
[2025-08-07T17:23:07.350+0000] {logging_mixin.py:190} INFO - [2025-08-07T17:23:07.349+0000] {dagbag.py:588} INFO - Filling up the DagBag from /home/airflow/.local/lib/python3.12/site-packages/airflow/example_dags/tutorial_taskflow_api.py
[2025-08-07T17:23:07.357+0000] {processor.py:925} INFO - DAG(s) 'tutorial_taskflow_api' retrieved from /home/airflow/.local/lib/python3.12/site-packages/airflow/example_dags/tutorial_taskflow_api.py
[2025-08-07T17:23:07.382+0000] {logging_mixin.py:190} INFO - [2025-08-07T17:23:07.382+0000] {dag.py:3239} INFO - Sync 1 DAGs
[2025-08-07T17:23:07.400+0000] {logging_mixin.py:190} INFO - [2025-08-07T17:23:07.400+0000] {dag.py:4180} INFO - Setting next_dagrun for tutorial_taskflow_api to None, run_after=None
[2025-08-07T17:23:07.426+0000] {processor.py:208} INFO - Processing /home/airflow/.local/lib/python3.12/site-packages/airflow/example_dags/tutorial_taskflow_api.py took 0.085 seconds
[2025-08-07T17:23:15.060+0000] {processor.py:186} INFO - Started process (PID=1475) to work on /home/airflow/.local/lib/python3.12/site-packages/airflow/example_dags/tutorial_taskflow_api.py
[2025-08-07T17:23:15.061+0000] {processor.py:914} INFO - Processing file /home/airflow/.local/lib/python3.12/site-packages/airflow/example_dags/tutorial_taskflow_api.py for tasks to queue
[2025-08-07T17:23:15.063+0000] {logging_mixin.py:190} INFO - [2025-08-07T17:23:15.062+0000] {dagbag.py:588} INFO - Filling up the DagBag from /home/airflow/.local/lib/python3.12/site-packages/airflow/example_dags/tutorial_taskflow_api.py
[2025-08-07T17:23:15.073+0000] {processor.py:925} INFO - DAG(s) 'tutorial_taskflow_api' retrieved from /home/airflow/.local/lib/python3.12/site-packages/airflow/example_dags/tutorial_taskflow_api.py
[2025-08-07T17:23:15.097+0000] {logging_mixin.py:190} INFO - [2025-08-07T17:23:15.097+0000] {dag.py:3239} INFO - Sync 1 DAGs
[2025-08-07T17:23:15.121+0000] {logging_mixin.py:190} INFO - [2025-08-07T17:23:15.121+0000] {dag.py:4180} INFO - Setting next_dagrun for tutorial_taskflow_api to None, run_after=None
[2025-08-07T17:23:15.151+0000] {processor.py:208} INFO - Processing /home/airflow/.local/lib/python3.12/site-packages/airflow/example_dags/tutorial_taskflow_api.py took 0.097 seconds
[2025-08-07T17:23:44.986+0000] {processor.py:186} INFO - Started process (PID=1541) to work on /home/airflow/.local/lib/python3.12/site-packages/airflow/example_dags/tutorial_taskflow_api.py
[2025-08-07T17:23:44.988+0000] {processor.py:914} INFO - Processing file /home/airflow/.local/lib/python3.12/site-packages/airflow/example_dags/tutorial_taskflow_api.py for tasks to queue
[2025-08-07T17:23:44.990+0000] {logging_mixin.py:190} INFO - [2025-08-07T17:23:44.989+0000] {dagbag.py:588} INFO - Filling up the DagBag from /home/airflow/.local/lib/python3.12/site-packages/airflow/example_dags/tutorial_taskflow_api.py
[2025-08-07T17:23:45.003+0000] {processor.py:925} INFO - DAG(s) 'tutorial_taskflow_api' retrieved from /home/airflow/.local/lib/python3.12/site-packages/airflow/example_dags/tutorial_taskflow_api.py
[2025-08-07T17:23:45.033+0000] {logging_mixin.py:190} INFO - [2025-08-07T17:23:45.032+0000] {dag.py:3239} INFO - Sync 1 DAGs
[2025-08-07T17:23:45.069+0000] {logging_mixin.py:190} INFO - [2025-08-07T17:23:45.068+0000] {dag.py:4180} INFO - Setting next_dagrun for tutorial_taskflow_api to None, run_after=None
[2025-08-07T17:23:45.098+0000] {processor.py:208} INFO - Processing /home/airflow/.local/lib/python3.12/site-packages/airflow/example_dags/tutorial_taskflow_api.py took 0.121 seconds
[2025-08-07T17:24:00.046+0000] {processor.py:186} INFO - Started process (PID=1599) to work on /home/airflow/.local/lib/python3.12/site-packages/airflow/example_dags/tutorial_taskflow_api.py
[2025-08-07T17:24:00.047+0000] {processor.py:914} INFO - Processing file /home/airflow/.local/lib/python3.12/site-packages/airflow/example_dags/tutorial_taskflow_api.py for tasks to queue
[2025-08-07T17:24:00.048+0000] {logging_mixin.py:190} INFO - [2025-08-07T17:24:00.048+0000] {dagbag.py:588} INFO - Filling up the DagBag from /home/airflow/.local/lib/python3.12/site-packages/airflow/example_dags/tutorial_taskflow_api.py
[2025-08-07T17:24:00.057+0000] {processor.py:925} INFO - DAG(s) 'tutorial_taskflow_api' retrieved from /home/airflow/.local/lib/python3.12/site-packages/airflow/example_dags/tutorial_taskflow_api.py
[2025-08-07T17:24:00.085+0000] {logging_mixin.py:190} INFO - [2025-08-07T17:24:00.085+0000] {dag.py:3239} INFO - Sync 1 DAGs
[2025-08-07T17:24:00.107+0000] {logging_mixin.py:190} INFO - [2025-08-07T17:24:00.106+0000] {dag.py:4180} INFO - Setting next_dagrun for tutorial_taskflow_api to None, run_after=None
[2025-08-07T17:24:00.134+0000] {processor.py:208} INFO - Processing /home/airflow/.local/lib/python3.12/site-packages/airflow/example_dags/tutorial_taskflow_api.py took 0.093 seconds
[2025-08-07T17:24:13.749+0000] {processor.py:186} INFO - Started process (PID=1665) to work on /home/airflow/.local/lib/python3.12/site-packages/airflow/example_dags/tutorial_taskflow_api.py
[2025-08-07T17:24:13.750+0000] {processor.py:914} INFO - Processing file /home/airflow/.local/lib/python3.12/site-packages/airflow/example_dags/tutorial_taskflow_api.py for tasks to queue
[2025-08-07T17:24:13.751+0000] {logging_mixin.py:190} INFO - [2025-08-07T17:24:13.751+0000] {dagbag.py:588} INFO - Filling up the DagBag from /home/airflow/.local/lib/python3.12/site-packages/airflow/example_dags/tutorial_taskflow_api.py
[2025-08-07T17:24:13.760+0000] {processor.py:925} INFO - DAG(s) 'tutorial_taskflow_api' retrieved from /home/airflow/.local/lib/python3.12/site-packages/airflow/example_dags/tutorial_taskflow_api.py
[2025-08-07T17:24:13.783+0000] {logging_mixin.py:190} INFO - [2025-08-07T17:24:13.783+0000] {dag.py:3239} INFO - Sync 1 DAGs
[2025-08-07T17:24:13.811+0000] {logging_mixin.py:190} INFO - [2025-08-07T17:24:13.810+0000] {dag.py:4180} INFO - Setting next_dagrun for tutorial_taskflow_api to None, run_after=None
[2025-08-07T17:24:13.842+0000] {processor.py:208} INFO - Processing /home/airflow/.local/lib/python3.12/site-packages/airflow/example_dags/tutorial_taskflow_api.py took 0.099 seconds
[2025-08-07T17:24:45.006+0000] {processor.py:186} INFO - Started process (PID=1733) to work on /home/airflow/.local/lib/python3.12/site-packages/airflow/example_dags/tutorial_taskflow_api.py
[2025-08-07T17:24:45.008+0000] {processor.py:914} INFO - Processing file /home/airflow/.local/lib/python3.12/site-packages/airflow/example_dags/tutorial_taskflow_api.py for tasks to queue
[2025-08-07T17:24:45.010+0000] {logging_mixin.py:190} INFO - [2025-08-07T17:24:45.010+0000] {dagbag.py:588} INFO - Filling up the DagBag from /home/airflow/.local/lib/python3.12/site-packages/airflow/example_dags/tutorial_taskflow_api.py
[2025-08-07T17:24:45.022+0000] {processor.py:925} INFO - DAG(s) 'tutorial_taskflow_api' retrieved from /home/airflow/.local/lib/python3.12/site-packages/airflow/example_dags/tutorial_taskflow_api.py
[2025-08-07T17:24:45.049+0000] {logging_mixin.py:190} INFO - [2025-08-07T17:24:45.048+0000] {dag.py:3239} INFO - Sync 1 DAGs
[2025-08-07T17:24:45.075+0000] {logging_mixin.py:190} INFO - [2025-08-07T17:24:45.075+0000] {dag.py:4180} INFO - Setting next_dagrun for tutorial_taskflow_api to None, run_after=None
[2025-08-07T17:24:45.099+0000] {processor.py:208} INFO - Processing /home/airflow/.local/lib/python3.12/site-packages/airflow/example_dags/tutorial_taskflow_api.py took 0.098 seconds
[2025-08-07T17:25:00.050+0000] {processor.py:186} INFO - Started process (PID=1792) to work on /home/airflow/.local/lib/python3.12/site-packages/airflow/example_dags/tutorial_taskflow_api.py
[2025-08-07T17:25:00.051+0000] {processor.py:914} INFO - Processing file /home/airflow/.local/lib/python3.12/site-packages/airflow/example_dags/tutorial_taskflow_api.py for tasks to queue
[2025-08-07T17:25:00.053+0000] {logging_mixin.py:190} INFO - [2025-08-07T17:25:00.052+0000] {dagbag.py:588} INFO - Filling up the DagBag from /home/airflow/.local/lib/python3.12/site-packages/airflow/example_dags/tutorial_taskflow_api.py
[2025-08-07T17:25:00.062+0000] {processor.py:925} INFO - DAG(s) 'tutorial_taskflow_api' retrieved from /home/airflow/.local/lib/python3.12/site-packages/airflow/example_dags/tutorial_taskflow_api.py
[2025-08-07T17:25:00.085+0000] {logging_mixin.py:190} INFO - [2025-08-07T17:25:00.084+0000] {dag.py:3239} INFO - Sync 1 DAGs
[2025-08-07T17:25:00.101+0000] {logging_mixin.py:190} INFO - [2025-08-07T17:25:00.101+0000] {dag.py:4180} INFO - Setting next_dagrun for tutorial_taskflow_api to None, run_after=None
[2025-08-07T17:25:00.126+0000] {processor.py:208} INFO - Processing /home/airflow/.local/lib/python3.12/site-packages/airflow/example_dags/tutorial_taskflow_api.py took 0.082 seconds
[2025-08-07T17:25:13.711+0000] {processor.py:186} INFO - Started process (PID=1854) to work on /home/airflow/.local/lib/python3.12/site-packages/airflow/example_dags/tutorial_taskflow_api.py
[2025-08-07T17:25:13.712+0000] {processor.py:914} INFO - Processing file /home/airflow/.local/lib/python3.12/site-packages/airflow/example_dags/tutorial_taskflow_api.py for tasks to queue
[2025-08-07T17:25:13.714+0000] {logging_mixin.py:190} INFO - [2025-08-07T17:25:13.713+0000] {dagbag.py:588} INFO - Filling up the DagBag from /home/airflow/.local/lib/python3.12/site-packages/airflow/example_dags/tutorial_taskflow_api.py
[2025-08-07T17:25:13.723+0000] {processor.py:925} INFO - DAG(s) 'tutorial_taskflow_api' retrieved from /home/airflow/.local/lib/python3.12/site-packages/airflow/example_dags/tutorial_taskflow_api.py
[2025-08-07T17:25:13.747+0000] {logging_mixin.py:190} INFO - [2025-08-07T17:25:13.747+0000] {dag.py:3239} INFO - Sync 1 DAGs
[2025-08-07T17:25:13.766+0000] {logging_mixin.py:190} INFO - [2025-08-07T17:25:13.766+0000] {dag.py:4180} INFO - Setting next_dagrun for tutorial_taskflow_api to None, run_after=None
[2025-08-07T17:25:13.792+0000] {processor.py:208} INFO - Processing /home/airflow/.local/lib/python3.12/site-packages/airflow/example_dags/tutorial_taskflow_api.py took 0.089 seconds
[2025-08-07T17:25:42.373+0000] {processor.py:186} INFO - Started process (PID=1919) to work on /home/airflow/.local/lib/python3.12/site-packages/airflow/example_dags/tutorial_taskflow_api.py
[2025-08-07T17:25:42.374+0000] {processor.py:914} INFO - Processing file /home/airflow/.local/lib/python3.12/site-packages/airflow/example_dags/tutorial_taskflow_api.py for tasks to queue
[2025-08-07T17:25:42.376+0000] {logging_mixin.py:190} INFO - [2025-08-07T17:25:42.376+0000] {dagbag.py:588} INFO - Filling up the DagBag from /home/airflow/.local/lib/python3.12/site-packages/airflow/example_dags/tutorial_taskflow_api.py
[2025-08-07T17:25:42.395+0000] {processor.py:925} INFO - DAG(s) 'tutorial_taskflow_api' retrieved from /home/airflow/.local/lib/python3.12/site-packages/airflow/example_dags/tutorial_taskflow_api.py
[2025-08-07T17:25:42.429+0000] {logging_mixin.py:190} INFO - [2025-08-07T17:25:42.429+0000] {dag.py:3239} INFO - Sync 1 DAGs
[2025-08-07T17:25:42.459+0000] {logging_mixin.py:190} INFO - [2025-08-07T17:25:42.458+0000] {dag.py:4180} INFO - Setting next_dagrun for tutorial_taskflow_api to None, run_after=None
[2025-08-07T17:25:42.511+0000] {processor.py:208} INFO - Processing /home/airflow/.local/lib/python3.12/site-packages/airflow/example_dags/tutorial_taskflow_api.py took 0.148 seconds
[2025-08-07T17:26:13.959+0000] {processor.py:186} INFO - Started process (PID=1983) to work on /home/airflow/.local/lib/python3.12/site-packages/airflow/example_dags/tutorial_taskflow_api.py
[2025-08-07T17:26:13.961+0000] {processor.py:914} INFO - Processing file /home/airflow/.local/lib/python3.12/site-packages/airflow/example_dags/tutorial_taskflow_api.py for tasks to queue
[2025-08-07T17:26:13.964+0000] {logging_mixin.py:190} INFO - [2025-08-07T17:26:13.963+0000] {dagbag.py:588} INFO - Filling up the DagBag from /home/airflow/.local/lib/python3.12/site-packages/airflow/example_dags/tutorial_taskflow_api.py
[2025-08-07T17:26:13.975+0000] {processor.py:925} INFO - DAG(s) 'tutorial_taskflow_api' retrieved from /home/airflow/.local/lib/python3.12/site-packages/airflow/example_dags/tutorial_taskflow_api.py
[2025-08-07T17:26:14.001+0000] {logging_mixin.py:190} INFO - [2025-08-07T17:26:14.001+0000] {dag.py:3239} INFO - Sync 1 DAGs
[2025-08-07T17:26:14.021+0000] {logging_mixin.py:190} INFO - [2025-08-07T17:26:14.021+0000] {dag.py:4180} INFO - Setting next_dagrun for tutorial_taskflow_api to None, run_after=None
[2025-08-07T17:26:14.051+0000] {processor.py:208} INFO - Processing /home/airflow/.local/lib/python3.12/site-packages/airflow/example_dags/tutorial_taskflow_api.py took 0.099 seconds
[2025-08-07T17:26:45.150+0000] {processor.py:186} INFO - Started process (PID=2046) to work on /home/airflow/.local/lib/python3.12/site-packages/airflow/example_dags/tutorial_taskflow_api.py
[2025-08-07T17:26:45.151+0000] {processor.py:914} INFO - Processing file /home/airflow/.local/lib/python3.12/site-packages/airflow/example_dags/tutorial_taskflow_api.py for tasks to queue
[2025-08-07T17:26:45.154+0000] {logging_mixin.py:190} INFO - [2025-08-07T17:26:45.153+0000] {dagbag.py:588} INFO - Filling up the DagBag from /home/airflow/.local/lib/python3.12/site-packages/airflow/example_dags/tutorial_taskflow_api.py
[2025-08-07T17:26:45.165+0000] {processor.py:925} INFO - DAG(s) 'tutorial_taskflow_api' retrieved from /home/airflow/.local/lib/python3.12/site-packages/airflow/example_dags/tutorial_taskflow_api.py
[2025-08-07T17:26:45.191+0000] {logging_mixin.py:190} INFO - [2025-08-07T17:26:45.191+0000] {dag.py:3239} INFO - Sync 1 DAGs
[2025-08-07T17:26:45.210+0000] {logging_mixin.py:190} INFO - [2025-08-07T17:26:45.209+0000] {dag.py:4180} INFO - Setting next_dagrun for tutorial_taskflow_api to None, run_after=None
[2025-08-07T17:26:45.250+0000] {processor.py:208} INFO - Processing /home/airflow/.local/lib/python3.12/site-packages/airflow/example_dags/tutorial_taskflow_api.py took 0.106 seconds
[2025-08-07T17:26:55.445+0000] {processor.py:186} INFO - Started process (PID=2106) to work on /home/airflow/.local/lib/python3.12/site-packages/airflow/example_dags/tutorial_taskflow_api.py
[2025-08-07T17:26:55.446+0000] {processor.py:914} INFO - Processing file /home/airflow/.local/lib/python3.12/site-packages/airflow/example_dags/tutorial_taskflow_api.py for tasks to queue
[2025-08-07T17:26:55.447+0000] {logging_mixin.py:190} INFO - [2025-08-07T17:26:55.447+0000] {dagbag.py:588} INFO - Filling up the DagBag from /home/airflow/.local/lib/python3.12/site-packages/airflow/example_dags/tutorial_taskflow_api.py
[2025-08-07T17:26:55.457+0000] {processor.py:925} INFO - DAG(s) 'tutorial_taskflow_api' retrieved from /home/airflow/.local/lib/python3.12/site-packages/airflow/example_dags/tutorial_taskflow_api.py
[2025-08-07T17:26:55.480+0000] {logging_mixin.py:190} INFO - [2025-08-07T17:26:55.480+0000] {dag.py:3239} INFO - Sync 1 DAGs
[2025-08-07T17:26:55.499+0000] {logging_mixin.py:190} INFO - [2025-08-07T17:26:55.499+0000] {dag.py:4180} INFO - Setting next_dagrun for tutorial_taskflow_api to None, run_after=None
[2025-08-07T17:26:55.525+0000] {processor.py:208} INFO - Processing /home/airflow/.local/lib/python3.12/site-packages/airflow/example_dags/tutorial_taskflow_api.py took 0.086 seconds
[2025-08-07T17:27:26.834+0000] {processor.py:186} INFO - Started process (PID=2170) to work on /home/airflow/.local/lib/python3.12/site-packages/airflow/example_dags/tutorial_taskflow_api.py
[2025-08-07T17:27:26.836+0000] {processor.py:914} INFO - Processing file /home/airflow/.local/lib/python3.12/site-packages/airflow/example_dags/tutorial_taskflow_api.py for tasks to queue
[2025-08-07T17:27:26.837+0000] {logging_mixin.py:190} INFO - [2025-08-07T17:27:26.837+0000] {dagbag.py:588} INFO - Filling up the DagBag from /home/airflow/.local/lib/python3.12/site-packages/airflow/example_dags/tutorial_taskflow_api.py
[2025-08-07T17:27:26.846+0000] {processor.py:925} INFO - DAG(s) 'tutorial_taskflow_api' retrieved from /home/airflow/.local/lib/python3.12/site-packages/airflow/example_dags/tutorial_taskflow_api.py
[2025-08-07T17:27:26.869+0000] {logging_mixin.py:190} INFO - [2025-08-07T17:27:26.868+0000] {dag.py:3239} INFO - Sync 1 DAGs
[2025-08-07T17:27:26.886+0000] {logging_mixin.py:190} INFO - [2025-08-07T17:27:26.886+0000] {dag.py:4180} INFO - Setting next_dagrun for tutorial_taskflow_api to None, run_after=None
[2025-08-07T17:27:26.912+0000] {processor.py:208} INFO - Processing /home/airflow/.local/lib/python3.12/site-packages/airflow/example_dags/tutorial_taskflow_api.py took 0.084 seconds
[2025-08-07T17:27:55.275+0000] {processor.py:186} INFO - Started process (PID=2234) to work on /home/airflow/.local/lib/python3.12/site-packages/airflow/example_dags/tutorial_taskflow_api.py
[2025-08-07T17:27:55.277+0000] {processor.py:914} INFO - Processing file /home/airflow/.local/lib/python3.12/site-packages/airflow/example_dags/tutorial_taskflow_api.py for tasks to queue
[2025-08-07T17:27:55.279+0000] {logging_mixin.py:190} INFO - [2025-08-07T17:27:55.279+0000] {dagbag.py:588} INFO - Filling up the DagBag from /home/airflow/.local/lib/python3.12/site-packages/airflow/example_dags/tutorial_taskflow_api.py
[2025-08-07T17:27:55.293+0000] {processor.py:925} INFO - DAG(s) 'tutorial_taskflow_api' retrieved from /home/airflow/.local/lib/python3.12/site-packages/airflow/example_dags/tutorial_taskflow_api.py
[2025-08-07T17:27:55.328+0000] {logging_mixin.py:190} INFO - [2025-08-07T17:27:55.327+0000] {dag.py:3239} INFO - Sync 1 DAGs
[2025-08-07T17:27:55.346+0000] {logging_mixin.py:190} INFO - [2025-08-07T17:27:55.345+0000] {dag.py:4180} INFO - Setting next_dagrun for tutorial_taskflow_api to None, run_after=None
[2025-08-07T17:27:55.373+0000] {processor.py:208} INFO - Processing /home/airflow/.local/lib/python3.12/site-packages/airflow/example_dags/tutorial_taskflow_api.py took 0.104 seconds
[2025-08-07T17:28:26.496+0000] {processor.py:186} INFO - Started process (PID=2300) to work on /home/airflow/.local/lib/python3.12/site-packages/airflow/example_dags/tutorial_taskflow_api.py
[2025-08-07T17:28:26.497+0000] {processor.py:914} INFO - Processing file /home/airflow/.local/lib/python3.12/site-packages/airflow/example_dags/tutorial_taskflow_api.py for tasks to queue
[2025-08-07T17:28:26.498+0000] {logging_mixin.py:190} INFO - [2025-08-07T17:28:26.498+0000] {dagbag.py:588} INFO - Filling up the DagBag from /home/airflow/.local/lib/python3.12/site-packages/airflow/example_dags/tutorial_taskflow_api.py
[2025-08-07T17:28:26.507+0000] {processor.py:925} INFO - DAG(s) 'tutorial_taskflow_api' retrieved from /home/airflow/.local/lib/python3.12/site-packages/airflow/example_dags/tutorial_taskflow_api.py
[2025-08-07T17:28:26.533+0000] {logging_mixin.py:190} INFO - [2025-08-07T17:28:26.533+0000] {dag.py:3239} INFO - Sync 1 DAGs
[2025-08-07T17:28:26.550+0000] {logging_mixin.py:190} INFO - [2025-08-07T17:28:26.550+0000] {dag.py:4180} INFO - Setting next_dagrun for tutorial_taskflow_api to None, run_after=None
[2025-08-07T17:28:26.578+0000] {processor.py:208} INFO - Processing /home/airflow/.local/lib/python3.12/site-packages/airflow/example_dags/tutorial_taskflow_api.py took 0.088 seconds
[2025-08-07T17:28:37.103+0000] {processor.py:186} INFO - Started process (PID=2358) to work on /home/airflow/.local/lib/python3.12/site-packages/airflow/example_dags/tutorial_taskflow_api.py
[2025-08-07T17:28:37.104+0000] {processor.py:914} INFO - Processing file /home/airflow/.local/lib/python3.12/site-packages/airflow/example_dags/tutorial_taskflow_api.py for tasks to queue
[2025-08-07T17:28:37.106+0000] {logging_mixin.py:190} INFO - [2025-08-07T17:28:37.105+0000] {dagbag.py:588} INFO - Filling up the DagBag from /home/airflow/.local/lib/python3.12/site-packages/airflow/example_dags/tutorial_taskflow_api.py
[2025-08-07T17:28:37.115+0000] {processor.py:925} INFO - DAG(s) 'tutorial_taskflow_api' retrieved from /home/airflow/.local/lib/python3.12/site-packages/airflow/example_dags/tutorial_taskflow_api.py
[2025-08-07T17:28:37.138+0000] {logging_mixin.py:190} INFO - [2025-08-07T17:28:37.138+0000] {dag.py:3239} INFO - Sync 1 DAGs
[2025-08-07T17:28:37.157+0000] {logging_mixin.py:190} INFO - [2025-08-07T17:28:37.157+0000] {dag.py:4180} INFO - Setting next_dagrun for tutorial_taskflow_api to None, run_after=None
[2025-08-07T17:28:37.181+0000] {processor.py:208} INFO - Processing /home/airflow/.local/lib/python3.12/site-packages/airflow/example_dags/tutorial_taskflow_api.py took 0.085 seconds
[2025-08-07T17:29:08.637+0000] {processor.py:186} INFO - Started process (PID=2430) to work on /home/airflow/.local/lib/python3.12/site-packages/airflow/example_dags/tutorial_taskflow_api.py
[2025-08-07T17:29:08.638+0000] {processor.py:914} INFO - Processing file /home/airflow/.local/lib/python3.12/site-packages/airflow/example_dags/tutorial_taskflow_api.py for tasks to queue
[2025-08-07T17:29:08.639+0000] {logging_mixin.py:190} INFO - [2025-08-07T17:29:08.639+0000] {dagbag.py:588} INFO - Filling up the DagBag from /home/airflow/.local/lib/python3.12/site-packages/airflow/example_dags/tutorial_taskflow_api.py
[2025-08-07T17:29:08.649+0000] {processor.py:925} INFO - DAG(s) 'tutorial_taskflow_api' retrieved from /home/airflow/.local/lib/python3.12/site-packages/airflow/example_dags/tutorial_taskflow_api.py
[2025-08-07T17:29:08.676+0000] {logging_mixin.py:190} INFO - [2025-08-07T17:29:08.676+0000] {dag.py:3239} INFO - Sync 1 DAGs
[2025-08-07T17:29:08.696+0000] {logging_mixin.py:190} INFO - [2025-08-07T17:29:08.696+0000] {dag.py:4180} INFO - Setting next_dagrun for tutorial_taskflow_api to None, run_after=None
[2025-08-07T17:29:08.726+0000] {processor.py:208} INFO - Processing /home/airflow/.local/lib/python3.12/site-packages/airflow/example_dags/tutorial_taskflow_api.py took 0.097 seconds
[2025-08-07T17:29:15.607+0000] {processor.py:186} INFO - Started process (PID=2487) to work on /home/airflow/.local/lib/python3.12/site-packages/airflow/example_dags/tutorial_taskflow_api.py
[2025-08-07T17:29:15.608+0000] {processor.py:914} INFO - Processing file /home/airflow/.local/lib/python3.12/site-packages/airflow/example_dags/tutorial_taskflow_api.py for tasks to queue
[2025-08-07T17:29:15.612+0000] {logging_mixin.py:190} INFO - [2025-08-07T17:29:15.611+0000] {dagbag.py:588} INFO - Filling up the DagBag from /home/airflow/.local/lib/python3.12/site-packages/airflow/example_dags/tutorial_taskflow_api.py
[2025-08-07T17:29:15.625+0000] {processor.py:925} INFO - DAG(s) 'tutorial_taskflow_api' retrieved from /home/airflow/.local/lib/python3.12/site-packages/airflow/example_dags/tutorial_taskflow_api.py
[2025-08-07T17:29:15.651+0000] {logging_mixin.py:190} INFO - [2025-08-07T17:29:15.651+0000] {dag.py:3239} INFO - Sync 1 DAGs
[2025-08-07T17:29:15.675+0000] {logging_mixin.py:190} INFO - [2025-08-07T17:29:15.675+0000] {dag.py:4180} INFO - Setting next_dagrun for tutorial_taskflow_api to None, run_after=None
[2025-08-07T17:29:15.706+0000] {processor.py:208} INFO - Processing /home/airflow/.local/lib/python3.12/site-packages/airflow/example_dags/tutorial_taskflow_api.py took 0.107 seconds
[2025-08-07T17:29:47.050+0000] {processor.py:186} INFO - Started process (PID=2551) to work on /home/airflow/.local/lib/python3.12/site-packages/airflow/example_dags/tutorial_taskflow_api.py
[2025-08-07T17:29:47.052+0000] {processor.py:914} INFO - Processing file /home/airflow/.local/lib/python3.12/site-packages/airflow/example_dags/tutorial_taskflow_api.py for tasks to queue
[2025-08-07T17:29:47.054+0000] {logging_mixin.py:190} INFO - [2025-08-07T17:29:47.054+0000] {dagbag.py:588} INFO - Filling up the DagBag from /home/airflow/.local/lib/python3.12/site-packages/airflow/example_dags/tutorial_taskflow_api.py
[2025-08-07T17:29:47.066+0000] {processor.py:925} INFO - DAG(s) 'tutorial_taskflow_api' retrieved from /home/airflow/.local/lib/python3.12/site-packages/airflow/example_dags/tutorial_taskflow_api.py
[2025-08-07T17:29:47.093+0000] {logging_mixin.py:190} INFO - [2025-08-07T17:29:47.093+0000] {dag.py:3239} INFO - Sync 1 DAGs
[2025-08-07T17:29:47.113+0000] {logging_mixin.py:190} INFO - [2025-08-07T17:29:47.113+0000] {dag.py:4180} INFO - Setting next_dagrun for tutorial_taskflow_api to None, run_after=None
[2025-08-07T17:29:47.143+0000] {processor.py:208} INFO - Processing /home/airflow/.local/lib/python3.12/site-packages/airflow/example_dags/tutorial_taskflow_api.py took 0.101 seconds
[2025-08-07T17:30:18.283+0000] {processor.py:186} INFO - Started process (PID=2615) to work on /home/airflow/.local/lib/python3.12/site-packages/airflow/example_dags/tutorial_taskflow_api.py
[2025-08-07T17:30:18.285+0000] {processor.py:914} INFO - Processing file /home/airflow/.local/lib/python3.12/site-packages/airflow/example_dags/tutorial_taskflow_api.py for tasks to queue
[2025-08-07T17:30:18.288+0000] {logging_mixin.py:190} INFO - [2025-08-07T17:30:18.286+0000] {dagbag.py:588} INFO - Filling up the DagBag from /home/airflow/.local/lib/python3.12/site-packages/airflow/example_dags/tutorial_taskflow_api.py
[2025-08-07T17:30:18.298+0000] {processor.py:925} INFO - DAG(s) 'tutorial_taskflow_api' retrieved from /home/airflow/.local/lib/python3.12/site-packages/airflow/example_dags/tutorial_taskflow_api.py
[2025-08-07T17:30:18.324+0000] {logging_mixin.py:190} INFO - [2025-08-07T17:30:18.323+0000] {dag.py:3239} INFO - Sync 1 DAGs
[2025-08-07T17:30:18.345+0000] {logging_mixin.py:190} INFO - [2025-08-07T17:30:18.345+0000] {dag.py:4180} INFO - Setting next_dagrun for tutorial_taskflow_api to None, run_after=None
[2025-08-07T17:30:18.375+0000] {processor.py:208} INFO - Processing /home/airflow/.local/lib/python3.12/site-packages/airflow/example_dags/tutorial_taskflow_api.py took 0.100 seconds
[2025-08-07T17:42:31.000+0000] {processor.py:186} INFO - Started process (PID=2693) to work on /home/airflow/.local/lib/python3.12/site-packages/airflow/example_dags/tutorial_taskflow_api.py
[2025-08-07T17:42:31.001+0000] {processor.py:914} INFO - Processing file /home/airflow/.local/lib/python3.12/site-packages/airflow/example_dags/tutorial_taskflow_api.py for tasks to queue
[2025-08-07T17:42:31.003+0000] {logging_mixin.py:190} INFO - [2025-08-07T17:42:31.003+0000] {dagbag.py:588} INFO - Filling up the DagBag from /home/airflow/.local/lib/python3.12/site-packages/airflow/example_dags/tutorial_taskflow_api.py
[2025-08-07T17:42:31.039+0000] {processor.py:925} INFO - DAG(s) 'tutorial_taskflow_api' retrieved from /home/airflow/.local/lib/python3.12/site-packages/airflow/example_dags/tutorial_taskflow_api.py
[2025-08-07T17:42:31.104+0000] {logging_mixin.py:190} INFO - [2025-08-07T17:42:31.103+0000] {dag.py:3239} INFO - Sync 1 DAGs
[2025-08-07T17:42:31.171+0000] {logging_mixin.py:190} INFO - [2025-08-07T17:42:31.170+0000] {dag.py:4180} INFO - Setting next_dagrun for tutorial_taskflow_api to None, run_after=None
[2025-08-07T17:42:31.283+0000] {processor.py:208} INFO - Processing /home/airflow/.local/lib/python3.12/site-packages/airflow/example_dags/tutorial_taskflow_api.py took 0.311 seconds
[2025-08-07T17:43:01.702+0000] {processor.py:186} INFO - Started process (PID=2759) to work on /home/airflow/.local/lib/python3.12/site-packages/airflow/example_dags/tutorial_taskflow_api.py
[2025-08-07T17:43:01.702+0000] {processor.py:914} INFO - Processing file /home/airflow/.local/lib/python3.12/site-packages/airflow/example_dags/tutorial_taskflow_api.py for tasks to queue
[2025-08-07T17:43:01.707+0000] {logging_mixin.py:190} INFO - [2025-08-07T17:43:01.703+0000] {dagbag.py:588} INFO - Filling up the DagBag from /home/airflow/.local/lib/python3.12/site-packages/airflow/example_dags/tutorial_taskflow_api.py
[2025-08-07T17:43:01.750+0000] {processor.py:925} INFO - DAG(s) 'tutorial_taskflow_api' retrieved from /home/airflow/.local/lib/python3.12/site-packages/airflow/example_dags/tutorial_taskflow_api.py
[2025-08-07T17:43:01.803+0000] {logging_mixin.py:190} INFO - [2025-08-07T17:43:01.803+0000] {dag.py:3239} INFO - Sync 1 DAGs
[2025-08-07T17:43:01.833+0000] {logging_mixin.py:190} INFO - [2025-08-07T17:43:01.833+0000] {dag.py:4180} INFO - Setting next_dagrun for tutorial_taskflow_api to None, run_after=None
[2025-08-07T17:43:01.863+0000] {processor.py:208} INFO - Processing /home/airflow/.local/lib/python3.12/site-packages/airflow/example_dags/tutorial_taskflow_api.py took 0.171 seconds
[2025-08-07T17:43:23.869+0000] {processor.py:186} INFO - Started process (PID=2823) to work on /home/airflow/.local/lib/python3.12/site-packages/airflow/example_dags/tutorial_taskflow_api.py
[2025-08-07T17:43:23.870+0000] {processor.py:914} INFO - Processing file /home/airflow/.local/lib/python3.12/site-packages/airflow/example_dags/tutorial_taskflow_api.py for tasks to queue
[2025-08-07T17:43:23.872+0000] {logging_mixin.py:190} INFO - [2025-08-07T17:43:23.871+0000] {dagbag.py:588} INFO - Filling up the DagBag from /home/airflow/.local/lib/python3.12/site-packages/airflow/example_dags/tutorial_taskflow_api.py
[2025-08-07T17:43:23.887+0000] {processor.py:925} INFO - DAG(s) 'tutorial_taskflow_api' retrieved from /home/airflow/.local/lib/python3.12/site-packages/airflow/example_dags/tutorial_taskflow_api.py
[2025-08-07T17:43:23.927+0000] {logging_mixin.py:190} INFO - [2025-08-07T17:43:23.926+0000] {dag.py:3239} INFO - Sync 1 DAGs
[2025-08-07T17:43:23.958+0000] {logging_mixin.py:190} INFO - [2025-08-07T17:43:23.957+0000] {dag.py:4180} INFO - Setting next_dagrun for tutorial_taskflow_api to None, run_after=None
[2025-08-07T17:43:23.991+0000] {processor.py:208} INFO - Processing /home/airflow/.local/lib/python3.12/site-packages/airflow/example_dags/tutorial_taskflow_api.py took 0.139 seconds
[2025-08-07T17:43:43.804+0000] {processor.py:186} INFO - Started process (PID=2883) to work on /home/airflow/.local/lib/python3.12/site-packages/airflow/example_dags/tutorial_taskflow_api.py
[2025-08-07T17:43:43.810+0000] {processor.py:914} INFO - Processing file /home/airflow/.local/lib/python3.12/site-packages/airflow/example_dags/tutorial_taskflow_api.py for tasks to queue
[2025-08-07T17:43:43.814+0000] {logging_mixin.py:190} INFO - [2025-08-07T17:43:43.814+0000] {dagbag.py:588} INFO - Filling up the DagBag from /home/airflow/.local/lib/python3.12/site-packages/airflow/example_dags/tutorial_taskflow_api.py
[2025-08-07T17:43:43.831+0000] {processor.py:925} INFO - DAG(s) 'tutorial_taskflow_api' retrieved from /home/airflow/.local/lib/python3.12/site-packages/airflow/example_dags/tutorial_taskflow_api.py
[2025-08-07T17:43:43.871+0000] {logging_mixin.py:190} INFO - [2025-08-07T17:43:43.870+0000] {dag.py:3239} INFO - Sync 1 DAGs
[2025-08-07T17:43:43.900+0000] {logging_mixin.py:190} INFO - [2025-08-07T17:43:43.900+0000] {dag.py:4180} INFO - Setting next_dagrun for tutorial_taskflow_api to None, run_after=None
[2025-08-07T17:43:43.932+0000] {processor.py:208} INFO - Processing /home/airflow/.local/lib/python3.12/site-packages/airflow/example_dags/tutorial_taskflow_api.py took 0.134 seconds
[2025-08-07T17:44:16.350+0000] {processor.py:186} INFO - Started process (PID=2949) to work on /home/airflow/.local/lib/python3.12/site-packages/airflow/example_dags/tutorial_taskflow_api.py
[2025-08-07T17:44:16.357+0000] {processor.py:914} INFO - Processing file /home/airflow/.local/lib/python3.12/site-packages/airflow/example_dags/tutorial_taskflow_api.py for tasks to queue
[2025-08-07T17:44:16.360+0000] {logging_mixin.py:190} INFO - [2025-08-07T17:44:16.360+0000] {dagbag.py:588} INFO - Filling up the DagBag from /home/airflow/.local/lib/python3.12/site-packages/airflow/example_dags/tutorial_taskflow_api.py
[2025-08-07T17:44:16.378+0000] {processor.py:925} INFO - DAG(s) 'tutorial_taskflow_api' retrieved from /home/airflow/.local/lib/python3.12/site-packages/airflow/example_dags/tutorial_taskflow_api.py
[2025-08-07T17:44:16.410+0000] {logging_mixin.py:190} INFO - [2025-08-07T17:44:16.410+0000] {dag.py:3239} INFO - Sync 1 DAGs
[2025-08-07T17:44:16.446+0000] {logging_mixin.py:190} INFO - [2025-08-07T17:44:16.446+0000] {dag.py:4180} INFO - Setting next_dagrun for tutorial_taskflow_api to None, run_after=None
[2025-08-07T17:44:16.489+0000] {processor.py:208} INFO - Processing /home/airflow/.local/lib/python3.12/site-packages/airflow/example_dags/tutorial_taskflow_api.py took 0.149 seconds
[2025-08-07T17:44:47.192+0000] {processor.py:186} INFO - Started process (PID=3015) to work on /home/airflow/.local/lib/python3.12/site-packages/airflow/example_dags/tutorial_taskflow_api.py
[2025-08-07T17:44:47.196+0000] {processor.py:914} INFO - Processing file /home/airflow/.local/lib/python3.12/site-packages/airflow/example_dags/tutorial_taskflow_api.py for tasks to queue
[2025-08-07T17:44:47.198+0000] {logging_mixin.py:190} INFO - [2025-08-07T17:44:47.197+0000] {dagbag.py:588} INFO - Filling up the DagBag from /home/airflow/.local/lib/python3.12/site-packages/airflow/example_dags/tutorial_taskflow_api.py
[2025-08-07T17:44:47.218+0000] {processor.py:925} INFO - DAG(s) 'tutorial_taskflow_api' retrieved from /home/airflow/.local/lib/python3.12/site-packages/airflow/example_dags/tutorial_taskflow_api.py
[2025-08-07T17:44:47.258+0000] {logging_mixin.py:190} INFO - [2025-08-07T17:44:47.258+0000] {dag.py:3239} INFO - Sync 1 DAGs
[2025-08-07T17:44:47.291+0000] {logging_mixin.py:190} INFO - [2025-08-07T17:44:47.291+0000] {dag.py:4180} INFO - Setting next_dagrun for tutorial_taskflow_api to None, run_after=None
[2025-08-07T17:44:47.336+0000] {processor.py:208} INFO - Processing /home/airflow/.local/lib/python3.12/site-packages/airflow/example_dags/tutorial_taskflow_api.py took 0.150 seconds
[2025-08-07T17:45:18.140+0000] {processor.py:186} INFO - Started process (PID=3081) to work on /home/airflow/.local/lib/python3.12/site-packages/airflow/example_dags/tutorial_taskflow_api.py
[2025-08-07T17:45:18.141+0000] {processor.py:914} INFO - Processing file /home/airflow/.local/lib/python3.12/site-packages/airflow/example_dags/tutorial_taskflow_api.py for tasks to queue
[2025-08-07T17:45:18.147+0000] {logging_mixin.py:190} INFO - [2025-08-07T17:45:18.146+0000] {dagbag.py:588} INFO - Filling up the DagBag from /home/airflow/.local/lib/python3.12/site-packages/airflow/example_dags/tutorial_taskflow_api.py
[2025-08-07T17:45:18.158+0000] {processor.py:925} INFO - DAG(s) 'tutorial_taskflow_api' retrieved from /home/airflow/.local/lib/python3.12/site-packages/airflow/example_dags/tutorial_taskflow_api.py
[2025-08-07T17:45:18.191+0000] {logging_mixin.py:190} INFO - [2025-08-07T17:45:18.191+0000] {dag.py:3239} INFO - Sync 1 DAGs
[2025-08-07T17:45:18.219+0000] {logging_mixin.py:190} INFO - [2025-08-07T17:45:18.219+0000] {dag.py:4180} INFO - Setting next_dagrun for tutorial_taskflow_api to None, run_after=None
[2025-08-07T17:45:18.259+0000] {processor.py:208} INFO - Processing /home/airflow/.local/lib/python3.12/site-packages/airflow/example_dags/tutorial_taskflow_api.py took 0.128 seconds
[2025-08-07T17:45:48.528+0000] {processor.py:186} INFO - Started process (PID=3145) to work on /home/airflow/.local/lib/python3.12/site-packages/airflow/example_dags/tutorial_taskflow_api.py
[2025-08-07T17:45:48.529+0000] {processor.py:914} INFO - Processing file /home/airflow/.local/lib/python3.12/site-packages/airflow/example_dags/tutorial_taskflow_api.py for tasks to queue
[2025-08-07T17:45:48.534+0000] {logging_mixin.py:190} INFO - [2025-08-07T17:45:48.530+0000] {dagbag.py:588} INFO - Filling up the DagBag from /home/airflow/.local/lib/python3.12/site-packages/airflow/example_dags/tutorial_taskflow_api.py
[2025-08-07T17:45:48.546+0000] {processor.py:925} INFO - DAG(s) 'tutorial_taskflow_api' retrieved from /home/airflow/.local/lib/python3.12/site-packages/airflow/example_dags/tutorial_taskflow_api.py
[2025-08-07T17:45:48.589+0000] {logging_mixin.py:190} INFO - [2025-08-07T17:45:48.588+0000] {dag.py:3239} INFO - Sync 1 DAGs
[2025-08-07T17:45:48.620+0000] {logging_mixin.py:190} INFO - [2025-08-07T17:45:48.619+0000] {dag.py:4180} INFO - Setting next_dagrun for tutorial_taskflow_api to None, run_after=None
[2025-08-07T17:45:48.660+0000] {processor.py:208} INFO - Processing /home/airflow/.local/lib/python3.12/site-packages/airflow/example_dags/tutorial_taskflow_api.py took 0.141 seconds
[2025-08-07T17:46:19.955+0000] {processor.py:186} INFO - Started process (PID=3208) to work on /home/airflow/.local/lib/python3.12/site-packages/airflow/example_dags/tutorial_taskflow_api.py
[2025-08-07T17:46:19.957+0000] {processor.py:914} INFO - Processing file /home/airflow/.local/lib/python3.12/site-packages/airflow/example_dags/tutorial_taskflow_api.py for tasks to queue
[2025-08-07T17:46:19.964+0000] {logging_mixin.py:190} INFO - [2025-08-07T17:46:19.961+0000] {dagbag.py:588} INFO - Filling up the DagBag from /home/airflow/.local/lib/python3.12/site-packages/airflow/example_dags/tutorial_taskflow_api.py
[2025-08-07T17:46:20.241+0000] {processor.py:925} INFO - DAG(s) 'tutorial_taskflow_api' retrieved from /home/airflow/.local/lib/python3.12/site-packages/airflow/example_dags/tutorial_taskflow_api.py
[2025-08-07T17:46:20.277+0000] {logging_mixin.py:190} INFO - [2025-08-07T17:46:20.277+0000] {dag.py:3239} INFO - Sync 1 DAGs
[2025-08-07T17:46:20.303+0000] {logging_mixin.py:190} INFO - [2025-08-07T17:46:20.303+0000] {dag.py:4180} INFO - Setting next_dagrun for tutorial_taskflow_api to None, run_after=None
[2025-08-07T17:46:20.334+0000] {processor.py:208} INFO - Processing /home/airflow/.local/lib/python3.12/site-packages/airflow/example_dags/tutorial_taskflow_api.py took 0.389 seconds
[2025-08-07T17:46:51.147+0000] {processor.py:186} INFO - Started process (PID=3278) to work on /home/airflow/.local/lib/python3.12/site-packages/airflow/example_dags/tutorial_taskflow_api.py
[2025-08-07T17:46:51.148+0000] {processor.py:914} INFO - Processing file /home/airflow/.local/lib/python3.12/site-packages/airflow/example_dags/tutorial_taskflow_api.py for tasks to queue
[2025-08-07T17:46:51.154+0000] {logging_mixin.py:190} INFO - [2025-08-07T17:46:51.154+0000] {dagbag.py:588} INFO - Filling up the DagBag from /home/airflow/.local/lib/python3.12/site-packages/airflow/example_dags/tutorial_taskflow_api.py
[2025-08-07T17:46:51.175+0000] {processor.py:925} INFO - DAG(s) 'tutorial_taskflow_api' retrieved from /home/airflow/.local/lib/python3.12/site-packages/airflow/example_dags/tutorial_taskflow_api.py
[2025-08-07T17:46:51.234+0000] {logging_mixin.py:190} INFO - [2025-08-07T17:46:51.233+0000] {dag.py:3239} INFO - Sync 1 DAGs
[2025-08-07T17:46:51.265+0000] {logging_mixin.py:190} INFO - [2025-08-07T17:46:51.265+0000] {dag.py:4180} INFO - Setting next_dagrun for tutorial_taskflow_api to None, run_after=None
[2025-08-07T17:46:51.308+0000] {processor.py:208} INFO - Processing /home/airflow/.local/lib/python3.12/site-packages/airflow/example_dags/tutorial_taskflow_api.py took 0.173 seconds
[2025-08-07T17:47:22.027+0000] {processor.py:186} INFO - Started process (PID=3343) to work on /home/airflow/.local/lib/python3.12/site-packages/airflow/example_dags/tutorial_taskflow_api.py
[2025-08-07T17:47:22.037+0000] {processor.py:914} INFO - Processing file /home/airflow/.local/lib/python3.12/site-packages/airflow/example_dags/tutorial_taskflow_api.py for tasks to queue
[2025-08-07T17:47:22.051+0000] {logging_mixin.py:190} INFO - [2025-08-07T17:47:22.051+0000] {dagbag.py:588} INFO - Filling up the DagBag from /home/airflow/.local/lib/python3.12/site-packages/airflow/example_dags/tutorial_taskflow_api.py
[2025-08-07T17:47:22.079+0000] {processor.py:925} INFO - DAG(s) 'tutorial_taskflow_api' retrieved from /home/airflow/.local/lib/python3.12/site-packages/airflow/example_dags/tutorial_taskflow_api.py
[2025-08-07T17:47:22.139+0000] {logging_mixin.py:190} INFO - [2025-08-07T17:47:22.138+0000] {dag.py:3239} INFO - Sync 1 DAGs
[2025-08-07T17:47:22.211+0000] {logging_mixin.py:190} INFO - [2025-08-07T17:47:22.210+0000] {dag.py:4180} INFO - Setting next_dagrun for tutorial_taskflow_api to None, run_after=None
[2025-08-07T17:47:22.317+0000] {processor.py:208} INFO - Processing /home/airflow/.local/lib/python3.12/site-packages/airflow/example_dags/tutorial_taskflow_api.py took 0.310 seconds
[2025-08-07T17:47:52.569+0000] {processor.py:186} INFO - Started process (PID=3409) to work on /home/airflow/.local/lib/python3.12/site-packages/airflow/example_dags/tutorial_taskflow_api.py
[2025-08-07T17:47:52.570+0000] {processor.py:914} INFO - Processing file /home/airflow/.local/lib/python3.12/site-packages/airflow/example_dags/tutorial_taskflow_api.py for tasks to queue
[2025-08-07T17:47:52.572+0000] {logging_mixin.py:190} INFO - [2025-08-07T17:47:52.572+0000] {dagbag.py:588} INFO - Filling up the DagBag from /home/airflow/.local/lib/python3.12/site-packages/airflow/example_dags/tutorial_taskflow_api.py
[2025-08-07T17:47:52.593+0000] {processor.py:925} INFO - DAG(s) 'tutorial_taskflow_api' retrieved from /home/airflow/.local/lib/python3.12/site-packages/airflow/example_dags/tutorial_taskflow_api.py
[2025-08-07T17:47:52.634+0000] {logging_mixin.py:190} INFO - [2025-08-07T17:47:52.634+0000] {dag.py:3239} INFO - Sync 1 DAGs
[2025-08-07T17:47:52.674+0000] {logging_mixin.py:190} INFO - [2025-08-07T17:47:52.674+0000] {dag.py:4180} INFO - Setting next_dagrun for tutorial_taskflow_api to None, run_after=None
[2025-08-07T17:47:52.722+0000] {processor.py:208} INFO - Processing /home/airflow/.local/lib/python3.12/site-packages/airflow/example_dags/tutorial_taskflow_api.py took 0.178 seconds
[2025-08-07T17:48:23.070+0000] {processor.py:186} INFO - Started process (PID=3474) to work on /home/airflow/.local/lib/python3.12/site-packages/airflow/example_dags/tutorial_taskflow_api.py
[2025-08-07T17:48:23.071+0000] {processor.py:914} INFO - Processing file /home/airflow/.local/lib/python3.12/site-packages/airflow/example_dags/tutorial_taskflow_api.py for tasks to queue
[2025-08-07T17:48:23.077+0000] {logging_mixin.py:190} INFO - [2025-08-07T17:48:23.077+0000] {dagbag.py:588} INFO - Filling up the DagBag from /home/airflow/.local/lib/python3.12/site-packages/airflow/example_dags/tutorial_taskflow_api.py
[2025-08-07T17:48:23.097+0000] {processor.py:925} INFO - DAG(s) 'tutorial_taskflow_api' retrieved from /home/airflow/.local/lib/python3.12/site-packages/airflow/example_dags/tutorial_taskflow_api.py
[2025-08-07T17:48:23.140+0000] {logging_mixin.py:190} INFO - [2025-08-07T17:48:23.140+0000] {dag.py:3239} INFO - Sync 1 DAGs
[2025-08-07T17:48:23.179+0000] {logging_mixin.py:190} INFO - [2025-08-07T17:48:23.179+0000] {dag.py:4180} INFO - Setting next_dagrun for tutorial_taskflow_api to None, run_after=None
[2025-08-07T17:48:23.229+0000] {processor.py:208} INFO - Processing /home/airflow/.local/lib/python3.12/site-packages/airflow/example_dags/tutorial_taskflow_api.py took 0.171 seconds
[2025-08-07T17:48:54.243+0000] {processor.py:186} INFO - Started process (PID=3536) to work on /home/airflow/.local/lib/python3.12/site-packages/airflow/example_dags/tutorial_taskflow_api.py
[2025-08-07T17:48:54.245+0000] {processor.py:914} INFO - Processing file /home/airflow/.local/lib/python3.12/site-packages/airflow/example_dags/tutorial_taskflow_api.py for tasks to queue
[2025-08-07T17:48:54.251+0000] {logging_mixin.py:190} INFO - [2025-08-07T17:48:54.250+0000] {dagbag.py:588} INFO - Filling up the DagBag from /home/airflow/.local/lib/python3.12/site-packages/airflow/example_dags/tutorial_taskflow_api.py
[2025-08-07T17:48:54.275+0000] {processor.py:925} INFO - DAG(s) 'tutorial_taskflow_api' retrieved from /home/airflow/.local/lib/python3.12/site-packages/airflow/example_dags/tutorial_taskflow_api.py
[2025-08-07T17:48:54.342+0000] {logging_mixin.py:190} INFO - [2025-08-07T17:48:54.341+0000] {dag.py:3239} INFO - Sync 1 DAGs
[2025-08-07T17:48:54.390+0000] {logging_mixin.py:190} INFO - [2025-08-07T17:48:54.390+0000] {dag.py:4180} INFO - Setting next_dagrun for tutorial_taskflow_api to None, run_after=None
[2025-08-07T17:48:54.449+0000] {processor.py:208} INFO - Processing /home/airflow/.local/lib/python3.12/site-packages/airflow/example_dags/tutorial_taskflow_api.py took 0.220 seconds
[2025-08-07T17:49:24.913+0000] {processor.py:186} INFO - Started process (PID=3598) to work on /home/airflow/.local/lib/python3.12/site-packages/airflow/example_dags/tutorial_taskflow_api.py
[2025-08-07T17:49:24.914+0000] {processor.py:914} INFO - Processing file /home/airflow/.local/lib/python3.12/site-packages/airflow/example_dags/tutorial_taskflow_api.py for tasks to queue
[2025-08-07T17:49:24.916+0000] {logging_mixin.py:190} INFO - [2025-08-07T17:49:24.916+0000] {dagbag.py:588} INFO - Filling up the DagBag from /home/airflow/.local/lib/python3.12/site-packages/airflow/example_dags/tutorial_taskflow_api.py
[2025-08-07T17:49:24.936+0000] {processor.py:925} INFO - DAG(s) 'tutorial_taskflow_api' retrieved from /home/airflow/.local/lib/python3.12/site-packages/airflow/example_dags/tutorial_taskflow_api.py
[2025-08-07T17:49:24.978+0000] {logging_mixin.py:190} INFO - [2025-08-07T17:49:24.978+0000] {dag.py:3239} INFO - Sync 1 DAGs
[2025-08-07T17:49:25.024+0000] {logging_mixin.py:190} INFO - [2025-08-07T17:49:25.023+0000] {dag.py:4180} INFO - Setting next_dagrun for tutorial_taskflow_api to None, run_after=None
[2025-08-07T17:49:25.067+0000] {processor.py:208} INFO - Processing /home/airflow/.local/lib/python3.12/site-packages/airflow/example_dags/tutorial_taskflow_api.py took 0.181 seconds
[2025-08-07T17:49:51.328+0000] {processor.py:186} INFO - Started process (PID=3662) to work on /home/airflow/.local/lib/python3.12/site-packages/airflow/example_dags/tutorial_taskflow_api.py
[2025-08-07T17:49:51.341+0000] {processor.py:914} INFO - Processing file /home/airflow/.local/lib/python3.12/site-packages/airflow/example_dags/tutorial_taskflow_api.py for tasks to queue
[2025-08-07T17:49:51.347+0000] {logging_mixin.py:190} INFO - [2025-08-07T17:49:51.343+0000] {dagbag.py:588} INFO - Filling up the DagBag from /home/airflow/.local/lib/python3.12/site-packages/airflow/example_dags/tutorial_taskflow_api.py
[2025-08-07T17:49:51.362+0000] {processor.py:925} INFO - DAG(s) 'tutorial_taskflow_api' retrieved from /home/airflow/.local/lib/python3.12/site-packages/airflow/example_dags/tutorial_taskflow_api.py
[2025-08-07T17:49:51.403+0000] {logging_mixin.py:190} INFO - [2025-08-07T17:49:51.403+0000] {dag.py:3239} INFO - Sync 1 DAGs
[2025-08-07T17:49:51.442+0000] {logging_mixin.py:190} INFO - [2025-08-07T17:49:51.442+0000] {dag.py:4180} INFO - Setting next_dagrun for tutorial_taskflow_api to None, run_after=None
[2025-08-07T17:49:51.489+0000] {processor.py:208} INFO - Processing /home/airflow/.local/lib/python3.12/site-packages/airflow/example_dags/tutorial_taskflow_api.py took 0.177 seconds
[2025-08-07T17:50:04.230+0000] {processor.py:186} INFO - Started process (PID=3721) to work on /home/airflow/.local/lib/python3.12/site-packages/airflow/example_dags/tutorial_taskflow_api.py
[2025-08-07T17:50:04.235+0000] {processor.py:914} INFO - Processing file /home/airflow/.local/lib/python3.12/site-packages/airflow/example_dags/tutorial_taskflow_api.py for tasks to queue
[2025-08-07T17:50:04.237+0000] {logging_mixin.py:190} INFO - [2025-08-07T17:50:04.236+0000] {dagbag.py:588} INFO - Filling up the DagBag from /home/airflow/.local/lib/python3.12/site-packages/airflow/example_dags/tutorial_taskflow_api.py
[2025-08-07T17:50:04.256+0000] {processor.py:925} INFO - DAG(s) 'tutorial_taskflow_api' retrieved from /home/airflow/.local/lib/python3.12/site-packages/airflow/example_dags/tutorial_taskflow_api.py
[2025-08-07T17:50:04.310+0000] {logging_mixin.py:190} INFO - [2025-08-07T17:50:04.309+0000] {dag.py:3239} INFO - Sync 1 DAGs
[2025-08-07T17:50:04.360+0000] {logging_mixin.py:190} INFO - [2025-08-07T17:50:04.360+0000] {dag.py:4180} INFO - Setting next_dagrun for tutorial_taskflow_api to None, run_after=None
[2025-08-07T17:50:04.410+0000] {processor.py:208} INFO - Processing /home/airflow/.local/lib/python3.12/site-packages/airflow/example_dags/tutorial_taskflow_api.py took 0.191 seconds
[2025-08-07T17:50:36.352+0000] {processor.py:186} INFO - Started process (PID=3786) to work on /home/airflow/.local/lib/python3.12/site-packages/airflow/example_dags/tutorial_taskflow_api.py
[2025-08-07T17:50:36.362+0000] {processor.py:914} INFO - Processing file /home/airflow/.local/lib/python3.12/site-packages/airflow/example_dags/tutorial_taskflow_api.py for tasks to queue
[2025-08-07T17:50:36.364+0000] {logging_mixin.py:190} INFO - [2025-08-07T17:50:36.364+0000] {dagbag.py:588} INFO - Filling up the DagBag from /home/airflow/.local/lib/python3.12/site-packages/airflow/example_dags/tutorial_taskflow_api.py
[2025-08-07T17:50:36.403+0000] {processor.py:925} INFO - DAG(s) 'tutorial_taskflow_api' retrieved from /home/airflow/.local/lib/python3.12/site-packages/airflow/example_dags/tutorial_taskflow_api.py
[2025-08-07T17:50:36.457+0000] {logging_mixin.py:190} INFO - [2025-08-07T17:50:36.456+0000] {dag.py:3239} INFO - Sync 1 DAGs
[2025-08-07T17:50:36.496+0000] {logging_mixin.py:190} INFO - [2025-08-07T17:50:36.496+0000] {dag.py:4180} INFO - Setting next_dagrun for tutorial_taskflow_api to None, run_after=None
[2025-08-07T17:50:36.535+0000] {processor.py:208} INFO - Processing /home/airflow/.local/lib/python3.12/site-packages/airflow/example_dags/tutorial_taskflow_api.py took 0.211 seconds
[2025-08-07T17:51:07.412+0000] {processor.py:186} INFO - Started process (PID=3852) to work on /home/airflow/.local/lib/python3.12/site-packages/airflow/example_dags/tutorial_taskflow_api.py
[2025-08-07T17:51:07.413+0000] {processor.py:914} INFO - Processing file /home/airflow/.local/lib/python3.12/site-packages/airflow/example_dags/tutorial_taskflow_api.py for tasks to queue
[2025-08-07T17:51:07.415+0000] {logging_mixin.py:190} INFO - [2025-08-07T17:51:07.414+0000] {dagbag.py:588} INFO - Filling up the DagBag from /home/airflow/.local/lib/python3.12/site-packages/airflow/example_dags/tutorial_taskflow_api.py
[2025-08-07T17:51:07.434+0000] {processor.py:925} INFO - DAG(s) 'tutorial_taskflow_api' retrieved from /home/airflow/.local/lib/python3.12/site-packages/airflow/example_dags/tutorial_taskflow_api.py
[2025-08-07T17:51:07.483+0000] {logging_mixin.py:190} INFO - [2025-08-07T17:51:07.483+0000] {dag.py:3239} INFO - Sync 1 DAGs
[2025-08-07T17:51:07.516+0000] {logging_mixin.py:190} INFO - [2025-08-07T17:51:07.515+0000] {dag.py:4180} INFO - Setting next_dagrun for tutorial_taskflow_api to None, run_after=None
[2025-08-07T17:51:07.556+0000] {processor.py:208} INFO - Processing /home/airflow/.local/lib/python3.12/site-packages/airflow/example_dags/tutorial_taskflow_api.py took 0.160 seconds
[2025-08-07T17:51:39.794+0000] {processor.py:186} INFO - Started process (PID=3918) to work on /home/airflow/.local/lib/python3.12/site-packages/airflow/example_dags/tutorial_taskflow_api.py
[2025-08-07T17:51:39.796+0000] {processor.py:914} INFO - Processing file /home/airflow/.local/lib/python3.12/site-packages/airflow/example_dags/tutorial_taskflow_api.py for tasks to queue
[2025-08-07T17:51:39.798+0000] {logging_mixin.py:190} INFO - [2025-08-07T17:51:39.797+0000] {dagbag.py:588} INFO - Filling up the DagBag from /home/airflow/.local/lib/python3.12/site-packages/airflow/example_dags/tutorial_taskflow_api.py
[2025-08-07T17:51:39.826+0000] {processor.py:925} INFO - DAG(s) 'tutorial_taskflow_api' retrieved from /home/airflow/.local/lib/python3.12/site-packages/airflow/example_dags/tutorial_taskflow_api.py
[2025-08-07T17:51:39.876+0000] {logging_mixin.py:190} INFO - [2025-08-07T17:51:39.875+0000] {dag.py:3239} INFO - Sync 1 DAGs
[2025-08-07T17:51:39.918+0000] {logging_mixin.py:190} INFO - [2025-08-07T17:51:39.918+0000] {dag.py:4180} INFO - Setting next_dagrun for tutorial_taskflow_api to None, run_after=None
[2025-08-07T17:51:39.995+0000] {processor.py:208} INFO - Processing /home/airflow/.local/lib/python3.12/site-packages/airflow/example_dags/tutorial_taskflow_api.py took 0.218 seconds
[2025-08-07T17:52:09.814+0000] {processor.py:186} INFO - Started process (PID=3988) to work on /home/airflow/.local/lib/python3.12/site-packages/airflow/example_dags/tutorial_taskflow_api.py
[2025-08-07T17:52:09.816+0000] {processor.py:914} INFO - Processing file /home/airflow/.local/lib/python3.12/site-packages/airflow/example_dags/tutorial_taskflow_api.py for tasks to queue
[2025-08-07T17:52:09.822+0000] {logging_mixin.py:190} INFO - [2025-08-07T17:52:09.822+0000] {dagbag.py:588} INFO - Filling up the DagBag from /home/airflow/.local/lib/python3.12/site-packages/airflow/example_dags/tutorial_taskflow_api.py
[2025-08-07T17:52:09.845+0000] {processor.py:925} INFO - DAG(s) 'tutorial_taskflow_api' retrieved from /home/airflow/.local/lib/python3.12/site-packages/airflow/example_dags/tutorial_taskflow_api.py
[2025-08-07T17:52:09.894+0000] {logging_mixin.py:190} INFO - [2025-08-07T17:52:09.894+0000] {dag.py:3239} INFO - Sync 1 DAGs
[2025-08-07T17:52:09.941+0000] {logging_mixin.py:190} INFO - [2025-08-07T17:52:09.936+0000] {dag.py:4180} INFO - Setting next_dagrun for tutorial_taskflow_api to None, run_after=None
[2025-08-07T17:52:10.002+0000] {processor.py:208} INFO - Processing /home/airflow/.local/lib/python3.12/site-packages/airflow/example_dags/tutorial_taskflow_api.py took 0.206 seconds
[2025-08-07T17:52:29.342+0000] {processor.py:186} INFO - Started process (PID=4050) to work on /home/airflow/.local/lib/python3.12/site-packages/airflow/example_dags/tutorial_taskflow_api.py
[2025-08-07T17:52:29.348+0000] {processor.py:914} INFO - Processing file /home/airflow/.local/lib/python3.12/site-packages/airflow/example_dags/tutorial_taskflow_api.py for tasks to queue
[2025-08-07T17:52:29.349+0000] {logging_mixin.py:190} INFO - [2025-08-07T17:52:29.349+0000] {dagbag.py:588} INFO - Filling up the DagBag from /home/airflow/.local/lib/python3.12/site-packages/airflow/example_dags/tutorial_taskflow_api.py
[2025-08-07T17:52:29.362+0000] {processor.py:925} INFO - DAG(s) 'tutorial_taskflow_api' retrieved from /home/airflow/.local/lib/python3.12/site-packages/airflow/example_dags/tutorial_taskflow_api.py
[2025-08-07T17:52:29.408+0000] {logging_mixin.py:190} INFO - [2025-08-07T17:52:29.403+0000] {dag.py:3239} INFO - Sync 1 DAGs
[2025-08-07T17:52:29.452+0000] {logging_mixin.py:190} INFO - [2025-08-07T17:52:29.452+0000] {dag.py:4180} INFO - Setting next_dagrun for tutorial_taskflow_api to None, run_after=None
[2025-08-07T17:52:29.501+0000] {processor.py:208} INFO - Processing /home/airflow/.local/lib/python3.12/site-packages/airflow/example_dags/tutorial_taskflow_api.py took 0.168 seconds
[2025-08-07T17:53:01.730+0000] {processor.py:186} INFO - Started process (PID=4114) to work on /home/airflow/.local/lib/python3.12/site-packages/airflow/example_dags/tutorial_taskflow_api.py
[2025-08-07T17:53:01.736+0000] {processor.py:914} INFO - Processing file /home/airflow/.local/lib/python3.12/site-packages/airflow/example_dags/tutorial_taskflow_api.py for tasks to queue
[2025-08-07T17:53:01.738+0000] {logging_mixin.py:190} INFO - [2025-08-07T17:53:01.738+0000] {dagbag.py:588} INFO - Filling up the DagBag from /home/airflow/.local/lib/python3.12/site-packages/airflow/example_dags/tutorial_taskflow_api.py
[2025-08-07T17:53:01.777+0000] {processor.py:925} INFO - DAG(s) 'tutorial_taskflow_api' retrieved from /home/airflow/.local/lib/python3.12/site-packages/airflow/example_dags/tutorial_taskflow_api.py
[2025-08-07T17:53:01.851+0000] {logging_mixin.py:190} INFO - [2025-08-07T17:53:01.850+0000] {dag.py:3239} INFO - Sync 1 DAGs
[2025-08-07T17:54:15.489+0000] {logging_mixin.py:190} INFO - [2025-08-07T17:54:15.489+0000] {dag.py:4180} INFO - Setting next_dagrun for tutorial_taskflow_api to None, run_after=None
[2025-08-07T17:53:02.035+0000] {processor.py:208} INFO - Processing /home/airflow/.local/lib/python3.12/site-packages/airflow/example_dags/tutorial_taskflow_api.py took 0.320 seconds
[2025-08-07T17:53:30.202+0000] {processor.py:186} INFO - Started process (PID=4178) to work on /home/airflow/.local/lib/python3.12/site-packages/airflow/example_dags/tutorial_taskflow_api.py
[2025-08-07T17:53:30.204+0000] {processor.py:914} INFO - Processing file /home/airflow/.local/lib/python3.12/site-packages/airflow/example_dags/tutorial_taskflow_api.py for tasks to queue
[2025-08-07T17:53:30.205+0000] {logging_mixin.py:190} INFO - [2025-08-07T17:53:30.205+0000] {dagbag.py:588} INFO - Filling up the DagBag from /home/airflow/.local/lib/python3.12/site-packages/airflow/example_dags/tutorial_taskflow_api.py
[2025-08-07T17:53:30.235+0000] {processor.py:925} INFO - DAG(s) 'tutorial_taskflow_api' retrieved from /home/airflow/.local/lib/python3.12/site-packages/airflow/example_dags/tutorial_taskflow_api.py
[2025-08-07T17:53:30.303+0000] {logging_mixin.py:190} INFO - [2025-08-07T17:53:30.303+0000] {dag.py:3239} INFO - Sync 1 DAGs
[2025-08-07T17:53:30.356+0000] {logging_mixin.py:190} INFO - [2025-08-07T17:53:30.354+0000] {dag.py:4180} INFO - Setting next_dagrun for tutorial_taskflow_api to None, run_after=None
[2025-08-07T17:53:30.412+0000] {processor.py:208} INFO - Processing /home/airflow/.local/lib/python3.12/site-packages/airflow/example_dags/tutorial_taskflow_api.py took 0.227 seconds
[2025-08-07T17:53:46.395+0000] {processor.py:186} INFO - Started process (PID=4242) to work on /home/airflow/.local/lib/python3.12/site-packages/airflow/example_dags/tutorial_taskflow_api.py
[2025-08-07T17:53:46.396+0000] {processor.py:914} INFO - Processing file /home/airflow/.local/lib/python3.12/site-packages/airflow/example_dags/tutorial_taskflow_api.py for tasks to queue
[2025-08-07T17:53:46.398+0000] {logging_mixin.py:190} INFO - [2025-08-07T17:53:46.398+0000] {dagbag.py:588} INFO - Filling up the DagBag from /home/airflow/.local/lib/python3.12/site-packages/airflow/example_dags/tutorial_taskflow_api.py
[2025-08-07T17:53:46.419+0000] {processor.py:925} INFO - DAG(s) 'tutorial_taskflow_api' retrieved from /home/airflow/.local/lib/python3.12/site-packages/airflow/example_dags/tutorial_taskflow_api.py
[2025-08-07T17:53:46.469+0000] {logging_mixin.py:190} INFO - [2025-08-07T17:53:46.469+0000] {dag.py:3239} INFO - Sync 1 DAGs
[2025-08-07T17:53:46.516+0000] {logging_mixin.py:190} INFO - [2025-08-07T17:53:46.516+0000] {dag.py:4180} INFO - Setting next_dagrun for tutorial_taskflow_api to None, run_after=None
[2025-08-07T17:53:46.569+0000] {processor.py:208} INFO - Processing /home/airflow/.local/lib/python3.12/site-packages/airflow/example_dags/tutorial_taskflow_api.py took 0.192 seconds
[2025-08-07T17:54:00.730+0000] {processor.py:186} INFO - Started process (PID=4302) to work on /home/airflow/.local/lib/python3.12/site-packages/airflow/example_dags/tutorial_taskflow_api.py
[2025-08-07T17:54:00.736+0000] {processor.py:914} INFO - Processing file /home/airflow/.local/lib/python3.12/site-packages/airflow/example_dags/tutorial_taskflow_api.py for tasks to queue
[2025-08-07T17:54:00.738+0000] {logging_mixin.py:190} INFO - [2025-08-07T17:54:00.738+0000] {dagbag.py:588} INFO - Filling up the DagBag from /home/airflow/.local/lib/python3.12/site-packages/airflow/example_dags/tutorial_taskflow_api.py
[2025-08-07T17:54:00.757+0000] {processor.py:925} INFO - DAG(s) 'tutorial_taskflow_api' retrieved from /home/airflow/.local/lib/python3.12/site-packages/airflow/example_dags/tutorial_taskflow_api.py
[2025-08-07T17:54:00.799+0000] {logging_mixin.py:190} INFO - [2025-08-07T17:54:00.799+0000] {dag.py:3239} INFO - Sync 1 DAGs
[2025-08-07T17:54:00.830+0000] {logging_mixin.py:190} INFO - [2025-08-07T17:54:00.830+0000] {dag.py:4180} INFO - Setting next_dagrun for tutorial_taskflow_api to None, run_after=None
[2025-08-07T17:54:00.885+0000] {processor.py:208} INFO - Processing /home/airflow/.local/lib/python3.12/site-packages/airflow/example_dags/tutorial_taskflow_api.py took 0.161 seconds
[2025-08-07T17:54:32.133+0000] {processor.py:186} INFO - Started process (PID=4368) to work on /home/airflow/.local/lib/python3.12/site-packages/airflow/example_dags/tutorial_taskflow_api.py
[2025-08-07T17:54:32.135+0000] {processor.py:914} INFO - Processing file /home/airflow/.local/lib/python3.12/site-packages/airflow/example_dags/tutorial_taskflow_api.py for tasks to queue
[2025-08-07T17:54:32.136+0000] {logging_mixin.py:190} INFO - [2025-08-07T17:54:32.136+0000] {dagbag.py:588} INFO - Filling up the DagBag from /home/airflow/.local/lib/python3.12/site-packages/airflow/example_dags/tutorial_taskflow_api.py
[2025-08-07T17:54:32.157+0000] {processor.py:925} INFO - DAG(s) 'tutorial_taskflow_api' retrieved from /home/airflow/.local/lib/python3.12/site-packages/airflow/example_dags/tutorial_taskflow_api.py
[2025-08-07T17:54:32.227+0000] {logging_mixin.py:190} INFO - [2025-08-07T17:54:32.226+0000] {dag.py:3239} INFO - Sync 1 DAGs
[2025-08-07T17:54:32.304+0000] {logging_mixin.py:190} INFO - [2025-08-07T17:54:32.304+0000] {dag.py:4180} INFO - Setting next_dagrun for tutorial_taskflow_api to None, run_after=None
[2025-08-07T17:54:32.396+0000] {processor.py:208} INFO - Processing /home/airflow/.local/lib/python3.12/site-packages/airflow/example_dags/tutorial_taskflow_api.py took 0.281 seconds
[2025-08-07T17:55:05.095+0000] {processor.py:186} INFO - Started process (PID=4432) to work on /home/airflow/.local/lib/python3.12/site-packages/airflow/example_dags/tutorial_taskflow_api.py
[2025-08-07T17:55:05.101+0000] {processor.py:914} INFO - Processing file /home/airflow/.local/lib/python3.12/site-packages/airflow/example_dags/tutorial_taskflow_api.py for tasks to queue
[2025-08-07T17:55:05.103+0000] {logging_mixin.py:190} INFO - [2025-08-07T17:55:05.103+0000] {dagbag.py:588} INFO - Filling up the DagBag from /home/airflow/.local/lib/python3.12/site-packages/airflow/example_dags/tutorial_taskflow_api.py
[2025-08-07T17:55:05.125+0000] {processor.py:925} INFO - DAG(s) 'tutorial_taskflow_api' retrieved from /home/airflow/.local/lib/python3.12/site-packages/airflow/example_dags/tutorial_taskflow_api.py
[2025-08-07T17:55:05.193+0000] {logging_mixin.py:190} INFO - [2025-08-07T17:55:05.192+0000] {dag.py:3239} INFO - Sync 1 DAGs
[2025-08-07T17:55:05.243+0000] {logging_mixin.py:190} INFO - [2025-08-07T17:55:05.243+0000] {dag.py:4180} INFO - Setting next_dagrun for tutorial_taskflow_api to None, run_after=None
[2025-08-07T17:55:05.303+0000] {processor.py:208} INFO - Processing /home/airflow/.local/lib/python3.12/site-packages/airflow/example_dags/tutorial_taskflow_api.py took 0.229 seconds
