[2025-08-07T00:26:23.390+0000] {processor.py:186} INFO - Started process (PID=1044) to work on /home/airflow/.local/lib/python3.12/site-packages/airflow/example_dags/tutorial.py
[2025-08-07T00:26:23.392+0000] {processor.py:914} INFO - Processing file /home/airflow/.local/lib/python3.12/site-packages/airflow/example_dags/tutorial.py for tasks to queue
[2025-08-07T00:26:23.393+0000] {logging_mixin.py:190} INFO - [2025-08-07T00:26:23.393+0000] {dagbag.py:588} INFO - Filling up the DagBag from /home/airflow/.local/lib/python3.12/site-packages/airflow/example_dags/tutorial.py
[2025-08-07T00:26:23.406+0000] {processor.py:925} INFO - DAG(s) 'tutorial' retrieved from /home/airflow/.local/lib/python3.12/site-packages/airflow/example_dags/tutorial.py
[2025-08-07T00:26:23.435+0000] {logging_mixin.py:190} INFO - [2025-08-07T00:26:23.434+0000] {dag.py:3239} INFO - Sync 1 DAGs
[2025-08-07T00:26:23.472+0000] {logging_mixin.py:190} INFO - [2025-08-07T00:26:23.471+0000] {dag.py:4180} INFO - Setting next_dagrun for tutorial to 2025-08-06 00:00:00+00:00, run_after=2025-08-07 00:00:00+00:00
[2025-08-07T00:26:23.506+0000] {processor.py:208} INFO - Processing /home/airflow/.local/lib/python3.12/site-packages/airflow/example_dags/tutorial.py took 0.125 seconds
[2025-08-07T11:29:45.148+0000] {processor.py:186} INFO - Started process (PID=1132) to work on /home/airflow/.local/lib/python3.12/site-packages/airflow/example_dags/tutorial.py
[2025-08-07T11:29:45.149+0000] {processor.py:914} INFO - Processing file /home/airflow/.local/lib/python3.12/site-packages/airflow/example_dags/tutorial.py for tasks to queue
[2025-08-07T11:29:45.151+0000] {logging_mixin.py:190} INFO - [2025-08-07T11:29:45.151+0000] {dagbag.py:588} INFO - Filling up the DagBag from /home/airflow/.local/lib/python3.12/site-packages/airflow/example_dags/tutorial.py
[2025-08-07T11:29:45.162+0000] {processor.py:925} INFO - DAG(s) 'tutorial' retrieved from /home/airflow/.local/lib/python3.12/site-packages/airflow/example_dags/tutorial.py
[2025-08-07T11:29:45.191+0000] {logging_mixin.py:190} INFO - [2025-08-07T11:29:45.191+0000] {dag.py:3239} INFO - Sync 1 DAGs
[2025-08-07T11:29:45.227+0000] {logging_mixin.py:190} INFO - [2025-08-07T11:29:45.227+0000] {dag.py:4180} INFO - Setting next_dagrun for tutorial to 2025-08-06 00:00:00+00:00, run_after=2025-08-07 00:00:00+00:00
[2025-08-07T11:29:45.260+0000] {processor.py:208} INFO - Processing /home/airflow/.local/lib/python3.12/site-packages/airflow/example_dags/tutorial.py took 0.119 seconds
[2025-08-07T17:21:47.100+0000] {processor.py:186} INFO - Started process (PID=1210) to work on /home/airflow/.local/lib/python3.12/site-packages/airflow/example_dags/tutorial.py
[2025-08-07T17:21:47.101+0000] {processor.py:914} INFO - Processing file /home/airflow/.local/lib/python3.12/site-packages/airflow/example_dags/tutorial.py for tasks to queue
[2025-08-07T17:21:47.104+0000] {logging_mixin.py:190} INFO - [2025-08-07T17:21:47.103+0000] {dagbag.py:588} INFO - Filling up the DagBag from /home/airflow/.local/lib/python3.12/site-packages/airflow/example_dags/tutorial.py
[2025-08-07T17:21:47.119+0000] {processor.py:925} INFO - DAG(s) 'tutorial' retrieved from /home/airflow/.local/lib/python3.12/site-packages/airflow/example_dags/tutorial.py
[2025-08-07T17:21:47.159+0000] {logging_mixin.py:190} INFO - [2025-08-07T17:21:47.158+0000] {dag.py:3239} INFO - Sync 1 DAGs
[2025-08-07T17:21:47.222+0000] {logging_mixin.py:190} INFO - [2025-08-07T17:21:47.222+0000] {dag.py:4180} INFO - Setting next_dagrun for tutorial to 2025-08-06 00:00:00+00:00, run_after=2025-08-07 00:00:00+00:00
[2025-08-07T17:21:47.281+0000] {processor.py:208} INFO - Processing /home/airflow/.local/lib/python3.12/site-packages/airflow/example_dags/tutorial.py took 0.190 seconds
[2025-08-07T17:22:17.347+0000] {processor.py:186} INFO - Started process (PID=1276) to work on /home/airflow/.local/lib/python3.12/site-packages/airflow/example_dags/tutorial.py
[2025-08-07T17:22:17.349+0000] {processor.py:914} INFO - Processing file /home/airflow/.local/lib/python3.12/site-packages/airflow/example_dags/tutorial.py for tasks to queue
[2025-08-07T17:22:17.351+0000] {logging_mixin.py:190} INFO - [2025-08-07T17:22:17.350+0000] {dagbag.py:588} INFO - Filling up the DagBag from /home/airflow/.local/lib/python3.12/site-packages/airflow/example_dags/tutorial.py
[2025-08-07T17:22:17.363+0000] {processor.py:925} INFO - DAG(s) 'tutorial' retrieved from /home/airflow/.local/lib/python3.12/site-packages/airflow/example_dags/tutorial.py
[2025-08-07T17:22:17.388+0000] {logging_mixin.py:190} INFO - [2025-08-07T17:22:17.388+0000] {dag.py:3239} INFO - Sync 1 DAGs
[2025-08-07T17:22:17.419+0000] {logging_mixin.py:190} INFO - [2025-08-07T17:22:17.419+0000] {dag.py:4180} INFO - Setting next_dagrun for tutorial to 2025-08-06 00:00:00+00:00, run_after=2025-08-07 00:00:00+00:00
[2025-08-07T17:22:17.442+0000] {processor.py:208} INFO - Processing /home/airflow/.local/lib/python3.12/site-packages/airflow/example_dags/tutorial.py took 0.102 seconds
[2025-08-07T17:22:48.791+0000] {processor.py:186} INFO - Started process (PID=1342) to work on /home/airflow/.local/lib/python3.12/site-packages/airflow/example_dags/tutorial.py
[2025-08-07T17:22:48.792+0000] {processor.py:914} INFO - Processing file /home/airflow/.local/lib/python3.12/site-packages/airflow/example_dags/tutorial.py for tasks to queue
[2025-08-07T17:22:48.794+0000] {logging_mixin.py:190} INFO - [2025-08-07T17:22:48.793+0000] {dagbag.py:588} INFO - Filling up the DagBag from /home/airflow/.local/lib/python3.12/site-packages/airflow/example_dags/tutorial.py
[2025-08-07T17:22:48.802+0000] {processor.py:925} INFO - DAG(s) 'tutorial' retrieved from /home/airflow/.local/lib/python3.12/site-packages/airflow/example_dags/tutorial.py
[2025-08-07T17:22:48.821+0000] {logging_mixin.py:190} INFO - [2025-08-07T17:22:48.821+0000] {dag.py:3239} INFO - Sync 1 DAGs
[2025-08-07T17:22:48.846+0000] {logging_mixin.py:190} INFO - [2025-08-07T17:22:48.845+0000] {dag.py:4180} INFO - Setting next_dagrun for tutorial to 2025-08-06 00:00:00+00:00, run_after=2025-08-07 00:00:00+00:00
[2025-08-07T17:22:48.869+0000] {processor.py:208} INFO - Processing /home/airflow/.local/lib/python3.12/site-packages/airflow/example_dags/tutorial.py took 0.083 seconds
[2025-08-07T17:23:18.369+0000] {processor.py:186} INFO - Started process (PID=1506) to work on /home/airflow/.local/lib/python3.12/site-packages/airflow/example_dags/tutorial.py
[2025-08-07T17:23:18.370+0000] {processor.py:914} INFO - Processing file /home/airflow/.local/lib/python3.12/site-packages/airflow/example_dags/tutorial.py for tasks to queue
[2025-08-07T17:23:18.372+0000] {logging_mixin.py:190} INFO - [2025-08-07T17:23:18.372+0000] {dagbag.py:588} INFO - Filling up the DagBag from /home/airflow/.local/lib/python3.12/site-packages/airflow/example_dags/tutorial.py
[2025-08-07T17:23:18.380+0000] {processor.py:925} INFO - DAG(s) 'tutorial' retrieved from /home/airflow/.local/lib/python3.12/site-packages/airflow/example_dags/tutorial.py
[2025-08-07T17:23:18.416+0000] {logging_mixin.py:190} INFO - [2025-08-07T17:23:18.415+0000] {dag.py:3239} INFO - Sync 1 DAGs
[2025-08-07T17:23:18.445+0000] {logging_mixin.py:190} INFO - [2025-08-07T17:23:18.445+0000] {dag.py:4180} INFO - Setting next_dagrun for tutorial to 2025-08-06 00:00:00+00:00, run_after=2025-08-07 00:00:00+00:00
[2025-08-07T17:23:18.469+0000] {processor.py:208} INFO - Processing /home/airflow/.local/lib/python3.12/site-packages/airflow/example_dags/tutorial.py took 0.105 seconds
[2025-08-07T17:25:01.647+0000] {processor.py:186} INFO - Started process (PID=1570) to work on /home/airflow/.local/lib/python3.12/site-packages/airflow/example_dags/tutorial.py
[2025-08-07T17:25:01.648+0000] {processor.py:914} INFO - Processing file /home/airflow/.local/lib/python3.12/site-packages/airflow/example_dags/tutorial.py for tasks to queue
[2025-08-07T17:25:01.650+0000] {logging_mixin.py:190} INFO - [2025-08-07T17:25:01.650+0000] {dagbag.py:588} INFO - Filling up the DagBag from /home/airflow/.local/lib/python3.12/site-packages/airflow/example_dags/tutorial.py
[2025-08-07T17:25:01.661+0000] {processor.py:925} INFO - DAG(s) 'tutorial' retrieved from /home/airflow/.local/lib/python3.12/site-packages/airflow/example_dags/tutorial.py
[2025-08-07T17:23:48.122+0000] {logging_mixin.py:190} INFO - [2025-08-07T17:23:48.122+0000] {dag.py:3239} INFO - Sync 1 DAGs
[2025-08-07T17:23:48.162+0000] {logging_mixin.py:190} INFO - [2025-08-07T17:23:48.161+0000] {dag.py:4180} INFO - Setting next_dagrun for tutorial to 2025-08-06 00:00:00+00:00, run_after=2025-08-07 00:00:00+00:00
[2025-08-07T17:23:48.184+0000] {processor.py:208} INFO - Processing /home/airflow/.local/lib/python3.12/site-packages/airflow/example_dags/tutorial.py took 0.109 seconds
[2025-08-07T17:24:03.707+0000] {processor.py:186} INFO - Started process (PID=1630) to work on /home/airflow/.local/lib/python3.12/site-packages/airflow/example_dags/tutorial.py
[2025-08-07T17:24:03.708+0000] {processor.py:914} INFO - Processing file /home/airflow/.local/lib/python3.12/site-packages/airflow/example_dags/tutorial.py for tasks to queue
[2025-08-07T17:24:03.710+0000] {logging_mixin.py:190} INFO - [2025-08-07T17:24:03.710+0000] {dagbag.py:588} INFO - Filling up the DagBag from /home/airflow/.local/lib/python3.12/site-packages/airflow/example_dags/tutorial.py
[2025-08-07T17:24:03.721+0000] {processor.py:925} INFO - DAG(s) 'tutorial' retrieved from /home/airflow/.local/lib/python3.12/site-packages/airflow/example_dags/tutorial.py
[2025-08-07T17:24:03.744+0000] {logging_mixin.py:190} INFO - [2025-08-07T17:24:03.743+0000] {dag.py:3239} INFO - Sync 1 DAGs
[2025-08-07T17:24:03.771+0000] {logging_mixin.py:190} INFO - [2025-08-07T17:24:03.771+0000] {dag.py:4180} INFO - Setting next_dagrun for tutorial to 2025-08-06 00:00:00+00:00, run_after=2025-08-07 00:00:00+00:00
[2025-08-07T17:24:03.796+0000] {processor.py:208} INFO - Processing /home/airflow/.local/lib/python3.12/site-packages/airflow/example_dags/tutorial.py took 0.094 seconds
[2025-08-07T17:24:16.693+0000] {processor.py:186} INFO - Started process (PID=1695) to work on /home/airflow/.local/lib/python3.12/site-packages/airflow/example_dags/tutorial.py
[2025-08-07T17:24:16.695+0000] {processor.py:914} INFO - Processing file /home/airflow/.local/lib/python3.12/site-packages/airflow/example_dags/tutorial.py for tasks to queue
[2025-08-07T17:24:16.697+0000] {logging_mixin.py:190} INFO - [2025-08-07T17:24:16.697+0000] {dagbag.py:588} INFO - Filling up the DagBag from /home/airflow/.local/lib/python3.12/site-packages/airflow/example_dags/tutorial.py
[2025-08-07T17:24:16.710+0000] {processor.py:925} INFO - DAG(s) 'tutorial' retrieved from /home/airflow/.local/lib/python3.12/site-packages/airflow/example_dags/tutorial.py
[2025-08-07T17:24:16.738+0000] {logging_mixin.py:190} INFO - [2025-08-07T17:24:16.738+0000] {dag.py:3239} INFO - Sync 1 DAGs
[2025-08-07T17:24:16.770+0000] {logging_mixin.py:190} INFO - [2025-08-07T17:24:16.770+0000] {dag.py:4180} INFO - Setting next_dagrun for tutorial to 2025-08-06 00:00:00+00:00, run_after=2025-08-07 00:00:00+00:00
[2025-08-07T17:24:16.794+0000] {processor.py:208} INFO - Processing /home/airflow/.local/lib/python3.12/site-packages/airflow/example_dags/tutorial.py took 0.110 seconds
[2025-08-07T17:26:01.764+0000] {processor.py:186} INFO - Started process (PID=1764) to work on /home/airflow/.local/lib/python3.12/site-packages/airflow/example_dags/tutorial.py
[2025-08-07T17:26:01.764+0000] {processor.py:914} INFO - Processing file /home/airflow/.local/lib/python3.12/site-packages/airflow/example_dags/tutorial.py for tasks to queue
[2025-08-07T17:26:01.766+0000] {logging_mixin.py:190} INFO - [2025-08-07T17:26:01.765+0000] {dagbag.py:588} INFO - Filling up the DagBag from /home/airflow/.local/lib/python3.12/site-packages/airflow/example_dags/tutorial.py
[2025-08-07T17:24:48.211+0000] {processor.py:925} INFO - DAG(s) 'tutorial' retrieved from /home/airflow/.local/lib/python3.12/site-packages/airflow/example_dags/tutorial.py
[2025-08-07T17:24:48.245+0000] {logging_mixin.py:190} INFO - [2025-08-07T17:24:48.245+0000] {dag.py:3239} INFO - Sync 1 DAGs
[2025-08-07T17:24:48.284+0000] {logging_mixin.py:190} INFO - [2025-08-07T17:24:48.284+0000] {dag.py:4180} INFO - Setting next_dagrun for tutorial to 2025-08-06 00:00:00+00:00, run_after=2025-08-07 00:00:00+00:00
[2025-08-07T17:24:48.316+0000] {processor.py:208} INFO - Processing /home/airflow/.local/lib/python3.12/site-packages/airflow/example_dags/tutorial.py took 0.122 seconds
[2025-08-07T17:25:03.673+0000] {processor.py:186} INFO - Started process (PID=1822) to work on /home/airflow/.local/lib/python3.12/site-packages/airflow/example_dags/tutorial.py
[2025-08-07T17:25:03.674+0000] {processor.py:914} INFO - Processing file /home/airflow/.local/lib/python3.12/site-packages/airflow/example_dags/tutorial.py for tasks to queue
[2025-08-07T17:25:03.676+0000] {logging_mixin.py:190} INFO - [2025-08-07T17:25:03.676+0000] {dagbag.py:588} INFO - Filling up the DagBag from /home/airflow/.local/lib/python3.12/site-packages/airflow/example_dags/tutorial.py
[2025-08-07T17:25:03.688+0000] {processor.py:925} INFO - DAG(s) 'tutorial' retrieved from /home/airflow/.local/lib/python3.12/site-packages/airflow/example_dags/tutorial.py
[2025-08-07T17:25:03.712+0000] {logging_mixin.py:190} INFO - [2025-08-07T17:25:03.711+0000] {dag.py:3239} INFO - Sync 1 DAGs
[2025-08-07T17:25:03.739+0000] {logging_mixin.py:190} INFO - [2025-08-07T17:25:03.739+0000] {dag.py:4180} INFO - Setting next_dagrun for tutorial to 2025-08-06 00:00:00+00:00, run_after=2025-08-07 00:00:00+00:00
[2025-08-07T17:25:03.766+0000] {processor.py:208} INFO - Processing /home/airflow/.local/lib/python3.12/site-packages/airflow/example_dags/tutorial.py took 0.099 seconds
[2025-08-07T17:25:17.127+0000] {processor.py:186} INFO - Started process (PID=1884) to work on /home/airflow/.local/lib/python3.12/site-packages/airflow/example_dags/tutorial.py
[2025-08-07T17:25:17.128+0000] {processor.py:914} INFO - Processing file /home/airflow/.local/lib/python3.12/site-packages/airflow/example_dags/tutorial.py for tasks to queue
[2025-08-07T17:25:17.130+0000] {logging_mixin.py:190} INFO - [2025-08-07T17:25:17.130+0000] {dagbag.py:588} INFO - Filling up the DagBag from /home/airflow/.local/lib/python3.12/site-packages/airflow/example_dags/tutorial.py
[2025-08-07T17:25:17.139+0000] {processor.py:925} INFO - DAG(s) 'tutorial' retrieved from /home/airflow/.local/lib/python3.12/site-packages/airflow/example_dags/tutorial.py
[2025-08-07T17:25:17.163+0000] {logging_mixin.py:190} INFO - [2025-08-07T17:25:17.163+0000] {dag.py:3239} INFO - Sync 1 DAGs
[2025-08-07T17:25:17.189+0000] {logging_mixin.py:190} INFO - [2025-08-07T17:25:17.189+0000] {dag.py:4180} INFO - Setting next_dagrun for tutorial to 2025-08-06 00:00:00+00:00, run_after=2025-08-07 00:00:00+00:00
[2025-08-07T17:25:17.216+0000] {processor.py:208} INFO - Processing /home/airflow/.local/lib/python3.12/site-packages/airflow/example_dags/tutorial.py took 0.094 seconds
[2025-08-07T17:25:46.638+0000] {processor.py:186} INFO - Started process (PID=1950) to work on /home/airflow/.local/lib/python3.12/site-packages/airflow/example_dags/tutorial.py
[2025-08-07T17:25:46.640+0000] {processor.py:914} INFO - Processing file /home/airflow/.local/lib/python3.12/site-packages/airflow/example_dags/tutorial.py for tasks to queue
[2025-08-07T17:25:46.642+0000] {logging_mixin.py:190} INFO - [2025-08-07T17:25:46.641+0000] {dagbag.py:588} INFO - Filling up the DagBag from /home/airflow/.local/lib/python3.12/site-packages/airflow/example_dags/tutorial.py
[2025-08-07T17:25:46.661+0000] {processor.py:925} INFO - DAG(s) 'tutorial' retrieved from /home/airflow/.local/lib/python3.12/site-packages/airflow/example_dags/tutorial.py
[2025-08-07T17:25:46.692+0000] {logging_mixin.py:190} INFO - [2025-08-07T17:25:46.692+0000] {dag.py:3239} INFO - Sync 1 DAGs
[2025-08-07T17:25:46.733+0000] {logging_mixin.py:190} INFO - [2025-08-07T17:25:46.733+0000] {dag.py:4180} INFO - Setting next_dagrun for tutorial to 2025-08-06 00:00:00+00:00, run_after=2025-08-07 00:00:00+00:00
[2025-08-07T17:25:46.763+0000] {processor.py:208} INFO - Processing /home/airflow/.local/lib/python3.12/site-packages/airflow/example_dags/tutorial.py took 0.131 seconds
[2025-08-07T17:26:17.696+0000] {processor.py:186} INFO - Started process (PID=2014) to work on /home/airflow/.local/lib/python3.12/site-packages/airflow/example_dags/tutorial.py
[2025-08-07T17:26:17.697+0000] {processor.py:914} INFO - Processing file /home/airflow/.local/lib/python3.12/site-packages/airflow/example_dags/tutorial.py for tasks to queue
[2025-08-07T17:26:17.699+0000] {logging_mixin.py:190} INFO - [2025-08-07T17:26:17.699+0000] {dagbag.py:588} INFO - Filling up the DagBag from /home/airflow/.local/lib/python3.12/site-packages/airflow/example_dags/tutorial.py
[2025-08-07T17:26:17.710+0000] {processor.py:925} INFO - DAG(s) 'tutorial' retrieved from /home/airflow/.local/lib/python3.12/site-packages/airflow/example_dags/tutorial.py
[2025-08-07T17:26:17.736+0000] {logging_mixin.py:190} INFO - [2025-08-07T17:26:17.736+0000] {dag.py:3239} INFO - Sync 1 DAGs
[2025-08-07T17:26:17.761+0000] {logging_mixin.py:190} INFO - [2025-08-07T17:26:17.761+0000] {dag.py:4180} INFO - Setting next_dagrun for tutorial to 2025-08-06 00:00:00+00:00, run_after=2025-08-07 00:00:00+00:00
[2025-08-07T17:26:17.790+0000] {processor.py:208} INFO - Processing /home/airflow/.local/lib/python3.12/site-packages/airflow/example_dags/tutorial.py took 0.102 seconds
[2025-08-07T17:26:48.551+0000] {processor.py:186} INFO - Started process (PID=2077) to work on /home/airflow/.local/lib/python3.12/site-packages/airflow/example_dags/tutorial.py
[2025-08-07T17:26:48.552+0000] {processor.py:914} INFO - Processing file /home/airflow/.local/lib/python3.12/site-packages/airflow/example_dags/tutorial.py for tasks to queue
[2025-08-07T17:26:48.554+0000] {logging_mixin.py:190} INFO - [2025-08-07T17:26:48.554+0000] {dagbag.py:588} INFO - Filling up the DagBag from /home/airflow/.local/lib/python3.12/site-packages/airflow/example_dags/tutorial.py
[2025-08-07T17:26:48.566+0000] {processor.py:925} INFO - DAG(s) 'tutorial' retrieved from /home/airflow/.local/lib/python3.12/site-packages/airflow/example_dags/tutorial.py
[2025-08-07T17:26:48.590+0000] {logging_mixin.py:190} INFO - [2025-08-07T17:26:48.590+0000] {dag.py:3239} INFO - Sync 1 DAGs
[2025-08-07T17:26:48.623+0000] {logging_mixin.py:190} INFO - [2025-08-07T17:26:48.622+0000] {dag.py:4180} INFO - Setting next_dagrun for tutorial to 2025-08-06 00:00:00+00:00, run_after=2025-08-07 00:00:00+00:00
[2025-08-07T17:26:48.650+0000] {processor.py:208} INFO - Processing /home/airflow/.local/lib/python3.12/site-packages/airflow/example_dags/tutorial.py took 0.105 seconds
[2025-08-07T17:26:58.772+0000] {processor.py:186} INFO - Started process (PID=2135) to work on /home/airflow/.local/lib/python3.12/site-packages/airflow/example_dags/tutorial.py
[2025-08-07T17:26:58.774+0000] {processor.py:914} INFO - Processing file /home/airflow/.local/lib/python3.12/site-packages/airflow/example_dags/tutorial.py for tasks to queue
[2025-08-07T17:28:11.928+0000] {logging_mixin.py:190} INFO - [2025-08-07T17:26:58.776+0000] {dagbag.py:588} INFO - Filling up the DagBag from /home/airflow/.local/lib/python3.12/site-packages/airflow/example_dags/tutorial.py
[2025-08-07T17:28:11.937+0000] {processor.py:925} INFO - DAG(s) 'tutorial' retrieved from /home/airflow/.local/lib/python3.12/site-packages/airflow/example_dags/tutorial.py
[2025-08-07T17:28:11.961+0000] {logging_mixin.py:190} INFO - [2025-08-07T17:28:11.960+0000] {dag.py:3239} INFO - Sync 1 DAGs
[2025-08-07T17:26:58.432+0000] {logging_mixin.py:190} INFO - [2025-08-07T17:26:58.432+0000] {dag.py:4180} INFO - Setting next_dagrun for tutorial to 2025-08-06 00:00:00+00:00, run_after=2025-08-07 00:00:00+00:00
[2025-08-07T17:26:58.466+0000] {processor.py:208} INFO - Processing /home/airflow/.local/lib/python3.12/site-packages/airflow/example_dags/tutorial.py took 0.114 seconds
[2025-08-07T17:27:29.921+0000] {processor.py:186} INFO - Started process (PID=2195) to work on /home/airflow/.local/lib/python3.12/site-packages/airflow/example_dags/tutorial.py
[2025-08-07T17:27:29.923+0000] {processor.py:914} INFO - Processing file /home/airflow/.local/lib/python3.12/site-packages/airflow/example_dags/tutorial.py for tasks to queue
[2025-08-07T17:27:29.924+0000] {logging_mixin.py:190} INFO - [2025-08-07T17:27:29.924+0000] {dagbag.py:588} INFO - Filling up the DagBag from /home/airflow/.local/lib/python3.12/site-packages/airflow/example_dags/tutorial.py
[2025-08-07T17:27:29.935+0000] {processor.py:925} INFO - DAG(s) 'tutorial' retrieved from /home/airflow/.local/lib/python3.12/site-packages/airflow/example_dags/tutorial.py
[2025-08-07T17:27:29.958+0000] {logging_mixin.py:190} INFO - [2025-08-07T17:27:29.957+0000] {dag.py:3239} INFO - Sync 1 DAGs
[2025-08-07T17:27:29.989+0000] {logging_mixin.py:190} INFO - [2025-08-07T17:27:29.988+0000] {dag.py:4180} INFO - Setting next_dagrun for tutorial to 2025-08-06 00:00:00+00:00, run_after=2025-08-07 00:00:00+00:00
[2025-08-07T17:27:30.019+0000] {processor.py:208} INFO - Processing /home/airflow/.local/lib/python3.12/site-packages/airflow/example_dags/tutorial.py took 0.105 seconds
[2025-08-07T17:27:59.222+0000] {processor.py:186} INFO - Started process (PID=2265) to work on /home/airflow/.local/lib/python3.12/site-packages/airflow/example_dags/tutorial.py
[2025-08-07T17:27:59.226+0000] {processor.py:914} INFO - Processing file /home/airflow/.local/lib/python3.12/site-packages/airflow/example_dags/tutorial.py for tasks to queue
[2025-08-07T17:27:59.229+0000] {logging_mixin.py:190} INFO - [2025-08-07T17:27:59.228+0000] {dagbag.py:588} INFO - Filling up the DagBag from /home/airflow/.local/lib/python3.12/site-packages/airflow/example_dags/tutorial.py
[2025-08-07T17:27:59.239+0000] {processor.py:925} INFO - DAG(s) 'tutorial' retrieved from /home/airflow/.local/lib/python3.12/site-packages/airflow/example_dags/tutorial.py
[2025-08-07T17:27:59.263+0000] {logging_mixin.py:190} INFO - [2025-08-07T17:27:59.263+0000] {dag.py:3239} INFO - Sync 1 DAGs
[2025-08-07T17:27:59.290+0000] {logging_mixin.py:190} INFO - [2025-08-07T17:27:59.290+0000] {dag.py:4180} INFO - Setting next_dagrun for tutorial to 2025-08-06 00:00:00+00:00, run_after=2025-08-07 00:00:00+00:00
[2025-08-07T17:27:59.319+0000] {processor.py:208} INFO - Processing /home/airflow/.local/lib/python3.12/site-packages/airflow/example_dags/tutorial.py took 0.107 seconds
[2025-08-07T17:28:30.097+0000] {processor.py:186} INFO - Started process (PID=2329) to work on /home/airflow/.local/lib/python3.12/site-packages/airflow/example_dags/tutorial.py
[2025-08-07T17:28:30.097+0000] {processor.py:914} INFO - Processing file /home/airflow/.local/lib/python3.12/site-packages/airflow/example_dags/tutorial.py for tasks to queue
[2025-08-07T17:28:30.099+0000] {logging_mixin.py:190} INFO - [2025-08-07T17:28:30.098+0000] {dagbag.py:588} INFO - Filling up the DagBag from /home/airflow/.local/lib/python3.12/site-packages/airflow/example_dags/tutorial.py
[2025-08-07T17:28:30.108+0000] {processor.py:925} INFO - DAG(s) 'tutorial' retrieved from /home/airflow/.local/lib/python3.12/site-packages/airflow/example_dags/tutorial.py
[2025-08-07T17:28:30.134+0000] {logging_mixin.py:190} INFO - [2025-08-07T17:28:30.133+0000] {dag.py:3239} INFO - Sync 1 DAGs
[2025-08-07T17:28:30.159+0000] {logging_mixin.py:190} INFO - [2025-08-07T17:28:30.159+0000] {dag.py:4180} INFO - Setting next_dagrun for tutorial to 2025-08-06 00:00:00+00:00, run_after=2025-08-07 00:00:00+00:00
[2025-08-07T17:28:30.185+0000] {processor.py:208} INFO - Processing /home/airflow/.local/lib/python3.12/site-packages/airflow/example_dags/tutorial.py took 0.095 seconds
[2025-08-07T17:28:40.875+0000] {processor.py:186} INFO - Started process (PID=2394) to work on /home/airflow/.local/lib/python3.12/site-packages/airflow/example_dags/tutorial.py
[2025-08-07T17:28:40.876+0000] {processor.py:914} INFO - Processing file /home/airflow/.local/lib/python3.12/site-packages/airflow/example_dags/tutorial.py for tasks to queue
[2025-08-07T17:28:40.879+0000] {logging_mixin.py:190} INFO - [2025-08-07T17:28:40.878+0000] {dagbag.py:588} INFO - Filling up the DagBag from /home/airflow/.local/lib/python3.12/site-packages/airflow/example_dags/tutorial.py
[2025-08-07T17:28:40.892+0000] {processor.py:925} INFO - DAG(s) 'tutorial' retrieved from /home/airflow/.local/lib/python3.12/site-packages/airflow/example_dags/tutorial.py
[2025-08-07T17:28:40.927+0000] {logging_mixin.py:190} INFO - [2025-08-07T17:28:40.927+0000] {dag.py:3239} INFO - Sync 1 DAGs
[2025-08-07T17:28:40.977+0000] {logging_mixin.py:190} INFO - [2025-08-07T17:28:40.977+0000] {dag.py:4180} INFO - Setting next_dagrun for tutorial to 2025-08-06 00:00:00+00:00, run_after=2025-08-07 00:00:00+00:00
[2025-08-07T17:28:41.014+0000] {processor.py:208} INFO - Processing /home/airflow/.local/lib/python3.12/site-packages/airflow/example_dags/tutorial.py took 0.149 seconds
[2025-08-07T17:29:12.144+0000] {processor.py:186} INFO - Started process (PID=2460) to work on /home/airflow/.local/lib/python3.12/site-packages/airflow/example_dags/tutorial.py
[2025-08-07T17:29:12.146+0000] {processor.py:914} INFO - Processing file /home/airflow/.local/lib/python3.12/site-packages/airflow/example_dags/tutorial.py for tasks to queue
[2025-08-07T17:29:12.147+0000] {logging_mixin.py:190} INFO - [2025-08-07T17:29:12.147+0000] {dagbag.py:588} INFO - Filling up the DagBag from /home/airflow/.local/lib/python3.12/site-packages/airflow/example_dags/tutorial.py
[2025-08-07T17:29:12.159+0000] {processor.py:925} INFO - DAG(s) 'tutorial' retrieved from /home/airflow/.local/lib/python3.12/site-packages/airflow/example_dags/tutorial.py
[2025-08-07T17:29:12.196+0000] {logging_mixin.py:190} INFO - [2025-08-07T17:29:12.196+0000] {dag.py:3239} INFO - Sync 1 DAGs
[2025-08-07T17:29:12.241+0000] {logging_mixin.py:190} INFO - [2025-08-07T17:29:12.240+0000] {dag.py:4180} INFO - Setting next_dagrun for tutorial to 2025-08-06 00:00:00+00:00, run_after=2025-08-07 00:00:00+00:00
[2025-08-07T17:29:12.283+0000] {processor.py:208} INFO - Processing /home/airflow/.local/lib/python3.12/site-packages/airflow/example_dags/tutorial.py took 0.147 seconds
[2025-08-07T17:29:19.475+0000] {processor.py:186} INFO - Started process (PID=2518) to work on /home/airflow/.local/lib/python3.12/site-packages/airflow/example_dags/tutorial.py
[2025-08-07T17:29:19.477+0000] {processor.py:914} INFO - Processing file /home/airflow/.local/lib/python3.12/site-packages/airflow/example_dags/tutorial.py for tasks to queue
[2025-08-07T17:29:19.479+0000] {logging_mixin.py:190} INFO - [2025-08-07T17:29:19.479+0000] {dagbag.py:588} INFO - Filling up the DagBag from /home/airflow/.local/lib/python3.12/site-packages/airflow/example_dags/tutorial.py
[2025-08-07T17:29:19.496+0000] {processor.py:925} INFO - DAG(s) 'tutorial' retrieved from /home/airflow/.local/lib/python3.12/site-packages/airflow/example_dags/tutorial.py
[2025-08-07T17:29:19.520+0000] {logging_mixin.py:190} INFO - [2025-08-07T17:29:19.520+0000] {dag.py:3239} INFO - Sync 1 DAGs
[2025-08-07T17:29:19.558+0000] {logging_mixin.py:190} INFO - [2025-08-07T17:29:19.558+0000] {dag.py:4180} INFO - Setting next_dagrun for tutorial to 2025-08-06 00:00:00+00:00, run_after=2025-08-07 00:00:00+00:00
[2025-08-07T17:29:19.584+0000] {processor.py:208} INFO - Processing /home/airflow/.local/lib/python3.12/site-packages/airflow/example_dags/tutorial.py took 0.117 seconds
[2025-08-07T17:29:50.852+0000] {processor.py:186} INFO - Started process (PID=2582) to work on /home/airflow/.local/lib/python3.12/site-packages/airflow/example_dags/tutorial.py
[2025-08-07T17:29:50.855+0000] {processor.py:914} INFO - Processing file /home/airflow/.local/lib/python3.12/site-packages/airflow/example_dags/tutorial.py for tasks to queue
[2025-08-07T17:29:50.857+0000] {logging_mixin.py:190} INFO - [2025-08-07T17:29:50.856+0000] {dagbag.py:588} INFO - Filling up the DagBag from /home/airflow/.local/lib/python3.12/site-packages/airflow/example_dags/tutorial.py
[2025-08-07T17:29:50.870+0000] {processor.py:925} INFO - DAG(s) 'tutorial' retrieved from /home/airflow/.local/lib/python3.12/site-packages/airflow/example_dags/tutorial.py
[2025-08-07T17:29:50.903+0000] {logging_mixin.py:190} INFO - [2025-08-07T17:29:50.903+0000] {dag.py:3239} INFO - Sync 1 DAGs
[2025-08-07T17:29:50.953+0000] {logging_mixin.py:190} INFO - [2025-08-07T17:29:50.953+0000] {dag.py:4180} INFO - Setting next_dagrun for tutorial to 2025-08-06 00:00:00+00:00, run_after=2025-08-07 00:00:00+00:00
[2025-08-07T17:29:50.987+0000] {processor.py:208} INFO - Processing /home/airflow/.local/lib/python3.12/site-packages/airflow/example_dags/tutorial.py took 0.144 seconds
[2025-08-07T17:30:22.380+0000] {processor.py:186} INFO - Started process (PID=2646) to work on /home/airflow/.local/lib/python3.12/site-packages/airflow/example_dags/tutorial.py
[2025-08-07T17:30:22.381+0000] {processor.py:914} INFO - Processing file /home/airflow/.local/lib/python3.12/site-packages/airflow/example_dags/tutorial.py for tasks to queue
[2025-08-07T17:30:22.383+0000] {logging_mixin.py:190} INFO - [2025-08-07T17:30:22.382+0000] {dagbag.py:588} INFO - Filling up the DagBag from /home/airflow/.local/lib/python3.12/site-packages/airflow/example_dags/tutorial.py
[2025-08-07T17:30:22.393+0000] {processor.py:925} INFO - DAG(s) 'tutorial' retrieved from /home/airflow/.local/lib/python3.12/site-packages/airflow/example_dags/tutorial.py
[2025-08-07T17:30:22.420+0000] {logging_mixin.py:190} INFO - [2025-08-07T17:30:22.420+0000] {dag.py:3239} INFO - Sync 1 DAGs
[2025-08-07T17:30:22.455+0000] {logging_mixin.py:190} INFO - [2025-08-07T17:30:22.455+0000] {dag.py:4180} INFO - Setting next_dagrun for tutorial to 2025-08-06 00:00:00+00:00, run_after=2025-08-07 00:00:00+00:00
[2025-08-07T17:30:22.482+0000] {processor.py:208} INFO - Processing /home/airflow/.local/lib/python3.12/site-packages/airflow/example_dags/tutorial.py took 0.109 seconds
[2025-08-07T17:42:41.014+0000] {processor.py:186} INFO - Started process (PID=2724) to work on /home/airflow/.local/lib/python3.12/site-packages/airflow/example_dags/tutorial.py
[2025-08-07T17:42:41.016+0000] {processor.py:914} INFO - Processing file /home/airflow/.local/lib/python3.12/site-packages/airflow/example_dags/tutorial.py for tasks to queue
[2025-08-07T17:42:41.018+0000] {logging_mixin.py:190} INFO - [2025-08-07T17:42:41.017+0000] {dagbag.py:588} INFO - Filling up the DagBag from /home/airflow/.local/lib/python3.12/site-packages/airflow/example_dags/tutorial.py
[2025-08-07T17:42:41.036+0000] {processor.py:925} INFO - DAG(s) 'tutorial' retrieved from /home/airflow/.local/lib/python3.12/site-packages/airflow/example_dags/tutorial.py
[2025-08-07T17:42:41.072+0000] {logging_mixin.py:190} INFO - [2025-08-07T17:42:41.072+0000] {dag.py:3239} INFO - Sync 1 DAGs
[2025-08-07T17:42:41.111+0000] {logging_mixin.py:190} INFO - [2025-08-07T17:42:41.108+0000] {dag.py:4180} INFO - Setting next_dagrun for tutorial to 2025-08-06 00:00:00+00:00, run_after=2025-08-07 00:00:00+00:00
[2025-08-07T17:42:41.142+0000] {processor.py:208} INFO - Processing /home/airflow/.local/lib/python3.12/site-packages/airflow/example_dags/tutorial.py took 0.139 seconds
[2025-08-07T17:43:13.150+0000] {processor.py:186} INFO - Started process (PID=2788) to work on /home/airflow/.local/lib/python3.12/site-packages/airflow/example_dags/tutorial.py
[2025-08-07T17:43:13.151+0000] {processor.py:914} INFO - Processing file /home/airflow/.local/lib/python3.12/site-packages/airflow/example_dags/tutorial.py for tasks to queue
[2025-08-07T17:43:13.153+0000] {logging_mixin.py:190} INFO - [2025-08-07T17:43:13.152+0000] {dagbag.py:588} INFO - Filling up the DagBag from /home/airflow/.local/lib/python3.12/site-packages/airflow/example_dags/tutorial.py
[2025-08-07T17:43:13.168+0000] {processor.py:925} INFO - DAG(s) 'tutorial' retrieved from /home/airflow/.local/lib/python3.12/site-packages/airflow/example_dags/tutorial.py
[2025-08-07T17:43:13.217+0000] {logging_mixin.py:190} INFO - [2025-08-07T17:43:13.216+0000] {dag.py:3239} INFO - Sync 1 DAGs
[2025-08-07T17:43:13.262+0000] {logging_mixin.py:190} INFO - [2025-08-07T17:43:13.262+0000] {dag.py:4180} INFO - Setting next_dagrun for tutorial to 2025-08-06 00:00:00+00:00, run_after=2025-08-07 00:00:00+00:00
[2025-08-07T17:43:13.306+0000] {processor.py:208} INFO - Processing /home/airflow/.local/lib/python3.12/site-packages/airflow/example_dags/tutorial.py took 0.162 seconds
[2025-08-07T17:43:31.799+0000] {processor.py:186} INFO - Started process (PID=2854) to work on /home/airflow/.local/lib/python3.12/site-packages/airflow/example_dags/tutorial.py
[2025-08-07T17:43:31.800+0000] {processor.py:914} INFO - Processing file /home/airflow/.local/lib/python3.12/site-packages/airflow/example_dags/tutorial.py for tasks to queue
[2025-08-07T17:43:31.803+0000] {logging_mixin.py:190} INFO - [2025-08-07T17:43:31.802+0000] {dagbag.py:588} INFO - Filling up the DagBag from /home/airflow/.local/lib/python3.12/site-packages/airflow/example_dags/tutorial.py
[2025-08-07T17:43:31.850+0000] {processor.py:925} INFO - DAG(s) 'tutorial' retrieved from /home/airflow/.local/lib/python3.12/site-packages/airflow/example_dags/tutorial.py
[2025-08-07T17:43:31.928+0000] {logging_mixin.py:190} INFO - [2025-08-07T17:43:31.928+0000] {dag.py:3239} INFO - Sync 1 DAGs
[2025-08-07T17:43:32.448+0000] {logging_mixin.py:190} INFO - [2025-08-07T17:43:32.447+0000] {dag.py:4180} INFO - Setting next_dagrun for tutorial to 2025-08-06 00:00:00+00:00, run_after=2025-08-07 00:00:00+00:00
[2025-08-07T17:43:32.543+0000] {processor.py:208} INFO - Processing /home/airflow/.local/lib/python3.12/site-packages/airflow/example_dags/tutorial.py took 0.785 seconds
[2025-08-07T17:43:50.151+0000] {processor.py:186} INFO - Started process (PID=2914) to work on /home/airflow/.local/lib/python3.12/site-packages/airflow/example_dags/tutorial.py
[2025-08-07T17:43:50.156+0000] {processor.py:914} INFO - Processing file /home/airflow/.local/lib/python3.12/site-packages/airflow/example_dags/tutorial.py for tasks to queue
[2025-08-07T17:43:50.157+0000] {logging_mixin.py:190} INFO - [2025-08-07T17:43:50.157+0000] {dagbag.py:588} INFO - Filling up the DagBag from /home/airflow/.local/lib/python3.12/site-packages/airflow/example_dags/tutorial.py
[2025-08-07T17:43:50.170+0000] {processor.py:925} INFO - DAG(s) 'tutorial' retrieved from /home/airflow/.local/lib/python3.12/site-packages/airflow/example_dags/tutorial.py
[2025-08-07T17:43:50.200+0000] {logging_mixin.py:190} INFO - [2025-08-07T17:43:50.199+0000] {dag.py:3239} INFO - Sync 1 DAGs
[2025-08-07T17:43:50.490+0000] {logging_mixin.py:190} INFO - [2025-08-07T17:43:50.489+0000] {dag.py:4180} INFO - Setting next_dagrun for tutorial to 2025-08-06 00:00:00+00:00, run_after=2025-08-07 00:00:00+00:00
[2025-08-07T17:43:50.531+0000] {processor.py:208} INFO - Processing /home/airflow/.local/lib/python3.12/site-packages/airflow/example_dags/tutorial.py took 0.385 seconds
[2025-08-07T17:44:24.170+0000] {processor.py:186} INFO - Started process (PID=2986) to work on /home/airflow/.local/lib/python3.12/site-packages/airflow/example_dags/tutorial.py
[2025-08-07T17:44:24.172+0000] {processor.py:914} INFO - Processing file /home/airflow/.local/lib/python3.12/site-packages/airflow/example_dags/tutorial.py for tasks to queue
[2025-08-07T17:44:24.181+0000] {logging_mixin.py:190} INFO - [2025-08-07T17:44:24.180+0000] {dagbag.py:588} INFO - Filling up the DagBag from /home/airflow/.local/lib/python3.12/site-packages/airflow/example_dags/tutorial.py
[2025-08-07T17:44:24.197+0000] {processor.py:925} INFO - DAG(s) 'tutorial' retrieved from /home/airflow/.local/lib/python3.12/site-packages/airflow/example_dags/tutorial.py
[2025-08-07T17:44:24.250+0000] {logging_mixin.py:190} INFO - [2025-08-07T17:44:24.249+0000] {dag.py:3239} INFO - Sync 1 DAGs
[2025-08-07T17:44:24.591+0000] {logging_mixin.py:190} INFO - [2025-08-07T17:44:24.590+0000] {dag.py:4180} INFO - Setting next_dagrun for tutorial to 2025-08-06 00:00:00+00:00, run_after=2025-08-07 00:00:00+00:00
[2025-08-07T17:44:24.631+0000] {processor.py:208} INFO - Processing /home/airflow/.local/lib/python3.12/site-packages/airflow/example_dags/tutorial.py took 0.471 seconds
[2025-08-07T17:44:56.693+0000] {processor.py:186} INFO - Started process (PID=3052) to work on /home/airflow/.local/lib/python3.12/site-packages/airflow/example_dags/tutorial.py
[2025-08-07T17:44:56.698+0000] {processor.py:914} INFO - Processing file /home/airflow/.local/lib/python3.12/site-packages/airflow/example_dags/tutorial.py for tasks to queue
[2025-08-07T17:44:56.701+0000] {logging_mixin.py:190} INFO - [2025-08-07T17:44:56.700+0000] {dagbag.py:588} INFO - Filling up the DagBag from /home/airflow/.local/lib/python3.12/site-packages/airflow/example_dags/tutorial.py
[2025-08-07T17:44:56.721+0000] {processor.py:925} INFO - DAG(s) 'tutorial' retrieved from /home/airflow/.local/lib/python3.12/site-packages/airflow/example_dags/tutorial.py
[2025-08-07T17:44:56.772+0000] {logging_mixin.py:190} INFO - [2025-08-07T17:44:56.771+0000] {dag.py:3239} INFO - Sync 1 DAGs
[2025-08-07T17:44:57.191+0000] {logging_mixin.py:190} INFO - [2025-08-07T17:44:57.190+0000] {dag.py:4180} INFO - Setting next_dagrun for tutorial to 2025-08-06 00:00:00+00:00, run_after=2025-08-07 00:00:00+00:00
[2025-08-07T17:44:57.233+0000] {processor.py:208} INFO - Processing /home/airflow/.local/lib/python3.12/site-packages/airflow/example_dags/tutorial.py took 0.554 seconds
[2025-08-07T17:45:28.688+0000] {processor.py:186} INFO - Started process (PID=3117) to work on /home/airflow/.local/lib/python3.12/site-packages/airflow/example_dags/tutorial.py
[2025-08-07T17:45:28.689+0000] {processor.py:914} INFO - Processing file /home/airflow/.local/lib/python3.12/site-packages/airflow/example_dags/tutorial.py for tasks to queue
[2025-08-07T17:45:28.691+0000] {logging_mixin.py:190} INFO - [2025-08-07T17:45:28.691+0000] {dagbag.py:588} INFO - Filling up the DagBag from /home/airflow/.local/lib/python3.12/site-packages/airflow/example_dags/tutorial.py
[2025-08-07T17:45:28.710+0000] {processor.py:925} INFO - DAG(s) 'tutorial' retrieved from /home/airflow/.local/lib/python3.12/site-packages/airflow/example_dags/tutorial.py
[2025-08-07T17:45:28.752+0000] {logging_mixin.py:190} INFO - [2025-08-07T17:45:28.751+0000] {dag.py:3239} INFO - Sync 1 DAGs
[2025-08-07T17:45:29.102+0000] {logging_mixin.py:190} INFO - [2025-08-07T17:45:29.102+0000] {dag.py:4180} INFO - Setting next_dagrun for tutorial to 2025-08-06 00:00:00+00:00, run_after=2025-08-07 00:00:00+00:00
[2025-08-07T17:45:29.158+0000] {processor.py:208} INFO - Processing /home/airflow/.local/lib/python3.12/site-packages/airflow/example_dags/tutorial.py took 0.480 seconds
[2025-08-07T17:45:59.287+0000] {processor.py:186} INFO - Started process (PID=3182) to work on /home/airflow/.local/lib/python3.12/site-packages/airflow/example_dags/tutorial.py
[2025-08-07T17:45:59.292+0000] {processor.py:914} INFO - Processing file /home/airflow/.local/lib/python3.12/site-packages/airflow/example_dags/tutorial.py for tasks to queue
[2025-08-07T17:45:59.294+0000] {logging_mixin.py:190} INFO - [2025-08-07T17:45:59.293+0000] {dagbag.py:588} INFO - Filling up the DagBag from /home/airflow/.local/lib/python3.12/site-packages/airflow/example_dags/tutorial.py
[2025-08-07T17:45:59.313+0000] {processor.py:925} INFO - DAG(s) 'tutorial' retrieved from /home/airflow/.local/lib/python3.12/site-packages/airflow/example_dags/tutorial.py
[2025-08-07T17:45:59.353+0000] {logging_mixin.py:190} INFO - [2025-08-07T17:45:59.353+0000] {dag.py:3239} INFO - Sync 1 DAGs
[2025-08-07T17:45:59.405+0000] {logging_mixin.py:190} INFO - [2025-08-07T17:45:59.405+0000] {dag.py:4180} INFO - Setting next_dagrun for tutorial to 2025-08-06 00:00:00+00:00, run_after=2025-08-07 00:00:00+00:00
[2025-08-07T17:45:59.766+0000] {processor.py:208} INFO - Processing /home/airflow/.local/lib/python3.12/site-packages/airflow/example_dags/tutorial.py took 0.489 seconds
[2025-08-07T17:46:30.211+0000] {processor.py:186} INFO - Started process (PID=3245) to work on /home/airflow/.local/lib/python3.12/site-packages/airflow/example_dags/tutorial.py
[2025-08-07T17:46:30.212+0000] {processor.py:914} INFO - Processing file /home/airflow/.local/lib/python3.12/site-packages/airflow/example_dags/tutorial.py for tasks to queue
[2025-08-07T17:46:30.214+0000] {logging_mixin.py:190} INFO - [2025-08-07T17:46:30.214+0000] {dagbag.py:588} INFO - Filling up the DagBag from /home/airflow/.local/lib/python3.12/site-packages/airflow/example_dags/tutorial.py
[2025-08-07T17:46:30.231+0000] {processor.py:925} INFO - DAG(s) 'tutorial' retrieved from /home/airflow/.local/lib/python3.12/site-packages/airflow/example_dags/tutorial.py
[2025-08-07T17:46:30.271+0000] {logging_mixin.py:190} INFO - [2025-08-07T17:46:30.271+0000] {dag.py:3239} INFO - Sync 1 DAGs
[2025-08-07T17:46:30.310+0000] {logging_mixin.py:190} INFO - [2025-08-07T17:46:30.310+0000] {dag.py:4180} INFO - Setting next_dagrun for tutorial to 2025-08-06 00:00:00+00:00, run_after=2025-08-07 00:00:00+00:00
[2025-08-07T17:46:30.343+0000] {processor.py:208} INFO - Processing /home/airflow/.local/lib/python3.12/site-packages/airflow/example_dags/tutorial.py took 0.141 seconds
[2025-08-07T17:47:00.510+0000] {processor.py:186} INFO - Started process (PID=3309) to work on /home/airflow/.local/lib/python3.12/site-packages/airflow/example_dags/tutorial.py
[2025-08-07T17:47:00.512+0000] {processor.py:914} INFO - Processing file /home/airflow/.local/lib/python3.12/site-packages/airflow/example_dags/tutorial.py for tasks to queue
[2025-08-07T17:47:00.513+0000] {logging_mixin.py:190} INFO - [2025-08-07T17:47:00.513+0000] {dagbag.py:588} INFO - Filling up the DagBag from /home/airflow/.local/lib/python3.12/site-packages/airflow/example_dags/tutorial.py
[2025-08-07T17:47:00.529+0000] {processor.py:925} INFO - DAG(s) 'tutorial' retrieved from /home/airflow/.local/lib/python3.12/site-packages/airflow/example_dags/tutorial.py
[2025-08-07T17:47:00.562+0000] {logging_mixin.py:190} INFO - [2025-08-07T17:47:00.562+0000] {dag.py:3239} INFO - Sync 1 DAGs
[2025-08-07T17:47:00.603+0000] {logging_mixin.py:190} INFO - [2025-08-07T17:47:00.603+0000] {dag.py:4180} INFO - Setting next_dagrun for tutorial to 2025-08-06 00:00:00+00:00, run_after=2025-08-07 00:00:00+00:00
[2025-08-07T17:47:00.643+0000] {processor.py:208} INFO - Processing /home/airflow/.local/lib/python3.12/site-packages/airflow/example_dags/tutorial.py took 0.142 seconds
[2025-08-07T17:47:31.680+0000] {processor.py:186} INFO - Started process (PID=3374) to work on /home/airflow/.local/lib/python3.12/site-packages/airflow/example_dags/tutorial.py
[2025-08-07T17:47:31.691+0000] {processor.py:914} INFO - Processing file /home/airflow/.local/lib/python3.12/site-packages/airflow/example_dags/tutorial.py for tasks to queue
[2025-08-07T17:47:31.698+0000] {logging_mixin.py:190} INFO - [2025-08-07T17:47:31.698+0000] {dagbag.py:588} INFO - Filling up the DagBag from /home/airflow/.local/lib/python3.12/site-packages/airflow/example_dags/tutorial.py
[2025-08-07T17:47:31.746+0000] {processor.py:925} INFO - DAG(s) 'tutorial' retrieved from /home/airflow/.local/lib/python3.12/site-packages/airflow/example_dags/tutorial.py
[2025-08-07T17:47:31.802+0000] {logging_mixin.py:190} INFO - [2025-08-07T17:47:31.801+0000] {dag.py:3239} INFO - Sync 1 DAGs
[2025-08-07T17:47:31.896+0000] {logging_mixin.py:190} INFO - [2025-08-07T17:47:31.892+0000] {dag.py:4180} INFO - Setting next_dagrun for tutorial to 2025-08-06 00:00:00+00:00, run_after=2025-08-07 00:00:00+00:00
[2025-08-07T17:47:31.988+0000] {processor.py:208} INFO - Processing /home/airflow/.local/lib/python3.12/site-packages/airflow/example_dags/tutorial.py took 0.331 seconds
[2025-08-07T17:48:02.906+0000] {processor.py:186} INFO - Started process (PID=3440) to work on /home/airflow/.local/lib/python3.12/site-packages/airflow/example_dags/tutorial.py
[2025-08-07T17:48:02.907+0000] {processor.py:914} INFO - Processing file /home/airflow/.local/lib/python3.12/site-packages/airflow/example_dags/tutorial.py for tasks to queue
[2025-08-07T17:48:02.909+0000] {logging_mixin.py:190} INFO - [2025-08-07T17:48:02.908+0000] {dagbag.py:588} INFO - Filling up the DagBag from /home/airflow/.local/lib/python3.12/site-packages/airflow/example_dags/tutorial.py
[2025-08-07T17:48:02.927+0000] {processor.py:925} INFO - DAG(s) 'tutorial' retrieved from /home/airflow/.local/lib/python3.12/site-packages/airflow/example_dags/tutorial.py
[2025-08-07T17:48:02.970+0000] {logging_mixin.py:190} INFO - [2025-08-07T17:48:02.970+0000] {dag.py:3239} INFO - Sync 1 DAGs
[2025-08-07T17:48:03.026+0000] {logging_mixin.py:190} INFO - [2025-08-07T17:48:03.026+0000] {dag.py:4180} INFO - Setting next_dagrun for tutorial to 2025-08-06 00:00:00+00:00, run_after=2025-08-07 00:00:00+00:00
[2025-08-07T17:48:03.066+0000] {processor.py:208} INFO - Processing /home/airflow/.local/lib/python3.12/site-packages/airflow/example_dags/tutorial.py took 0.175 seconds
[2025-08-07T17:48:34.949+0000] {processor.py:186} INFO - Started process (PID=3503) to work on /home/airflow/.local/lib/python3.12/site-packages/airflow/example_dags/tutorial.py
[2025-08-07T17:48:34.951+0000] {processor.py:914} INFO - Processing file /home/airflow/.local/lib/python3.12/site-packages/airflow/example_dags/tutorial.py for tasks to queue
[2025-08-07T17:48:34.959+0000] {logging_mixin.py:190} INFO - [2025-08-07T17:48:34.958+0000] {dagbag.py:588} INFO - Filling up the DagBag from /home/airflow/.local/lib/python3.12/site-packages/airflow/example_dags/tutorial.py
[2025-08-07T17:48:34.996+0000] {processor.py:925} INFO - DAG(s) 'tutorial' retrieved from /home/airflow/.local/lib/python3.12/site-packages/airflow/example_dags/tutorial.py
[2025-08-07T17:48:35.056+0000] {logging_mixin.py:190} INFO - [2025-08-07T17:48:35.055+0000] {dag.py:3239} INFO - Sync 1 DAGs
[2025-08-07T17:48:35.110+0000] {logging_mixin.py:190} INFO - [2025-08-07T17:48:35.110+0000] {dag.py:4180} INFO - Setting next_dagrun for tutorial to 2025-08-06 00:00:00+00:00, run_after=2025-08-07 00:00:00+00:00
[2025-08-07T17:48:35.159+0000] {processor.py:208} INFO - Processing /home/airflow/.local/lib/python3.12/site-packages/airflow/example_dags/tutorial.py took 0.232 seconds
[2025-08-07T17:49:07.131+0000] {processor.py:186} INFO - Started process (PID=3565) to work on /home/airflow/.local/lib/python3.12/site-packages/airflow/example_dags/tutorial.py
[2025-08-07T17:49:07.137+0000] {processor.py:914} INFO - Processing file /home/airflow/.local/lib/python3.12/site-packages/airflow/example_dags/tutorial.py for tasks to queue
[2025-08-07T17:49:07.139+0000] {logging_mixin.py:190} INFO - [2025-08-07T17:49:07.138+0000] {dagbag.py:588} INFO - Filling up the DagBag from /home/airflow/.local/lib/python3.12/site-packages/airflow/example_dags/tutorial.py
[2025-08-07T17:49:07.160+0000] {processor.py:925} INFO - DAG(s) 'tutorial' retrieved from /home/airflow/.local/lib/python3.12/site-packages/airflow/example_dags/tutorial.py
[2025-08-07T17:49:07.211+0000] {logging_mixin.py:190} INFO - [2025-08-07T17:49:07.211+0000] {dag.py:3239} INFO - Sync 1 DAGs
[2025-08-07T17:49:07.282+0000] {logging_mixin.py:190} INFO - [2025-08-07T17:49:07.281+0000] {dag.py:4180} INFO - Setting next_dagrun for tutorial to 2025-08-06 00:00:00+00:00, run_after=2025-08-07 00:00:00+00:00
[2025-08-07T17:49:07.331+0000] {processor.py:208} INFO - Processing /home/airflow/.local/lib/python3.12/site-packages/airflow/example_dags/tutorial.py took 0.221 seconds
[2025-08-07T17:49:38.677+0000] {processor.py:186} INFO - Started process (PID=3626) to work on /home/airflow/.local/lib/python3.12/site-packages/airflow/example_dags/tutorial.py
[2025-08-07T17:49:38.678+0000] {processor.py:914} INFO - Processing file /home/airflow/.local/lib/python3.12/site-packages/airflow/example_dags/tutorial.py for tasks to queue
[2025-08-07T17:49:38.685+0000] {logging_mixin.py:190} INFO - [2025-08-07T17:49:38.684+0000] {dagbag.py:588} INFO - Filling up the DagBag from /home/airflow/.local/lib/python3.12/site-packages/airflow/example_dags/tutorial.py
[2025-08-07T17:49:38.709+0000] {processor.py:925} INFO - DAG(s) 'tutorial' retrieved from /home/airflow/.local/lib/python3.12/site-packages/airflow/example_dags/tutorial.py
[2025-08-07T17:49:38.759+0000] {logging_mixin.py:190} INFO - [2025-08-07T17:49:38.759+0000] {dag.py:3239} INFO - Sync 1 DAGs
[2025-08-07T17:49:38.819+0000] {logging_mixin.py:190} INFO - [2025-08-07T17:49:38.818+0000] {dag.py:4180} INFO - Setting next_dagrun for tutorial to 2025-08-06 00:00:00+00:00, run_after=2025-08-07 00:00:00+00:00
[2025-08-07T17:49:38.888+0000] {processor.py:208} INFO - Processing /home/airflow/.local/lib/python3.12/site-packages/airflow/example_dags/tutorial.py took 0.230 seconds
[2025-08-07T17:49:56.986+0000] {processor.py:186} INFO - Started process (PID=3692) to work on /home/airflow/.local/lib/python3.12/site-packages/airflow/example_dags/tutorial.py
[2025-08-07T17:49:56.987+0000] {processor.py:914} INFO - Processing file /home/airflow/.local/lib/python3.12/site-packages/airflow/example_dags/tutorial.py for tasks to queue
[2025-08-07T17:49:56.989+0000] {logging_mixin.py:190} INFO - [2025-08-07T17:49:56.988+0000] {dagbag.py:588} INFO - Filling up the DagBag from /home/airflow/.local/lib/python3.12/site-packages/airflow/example_dags/tutorial.py
[2025-08-07T17:49:57.007+0000] {processor.py:925} INFO - DAG(s) 'tutorial' retrieved from /home/airflow/.local/lib/python3.12/site-packages/airflow/example_dags/tutorial.py
[2025-08-07T17:49:57.048+0000] {logging_mixin.py:190} INFO - [2025-08-07T17:49:57.048+0000] {dag.py:3239} INFO - Sync 1 DAGs
[2025-08-07T17:49:57.097+0000] {logging_mixin.py:190} INFO - [2025-08-07T17:49:57.097+0000] {dag.py:4180} INFO - Setting next_dagrun for tutorial to 2025-08-06 00:00:00+00:00, run_after=2025-08-07 00:00:00+00:00
[2025-08-07T17:49:57.139+0000] {processor.py:208} INFO - Processing /home/airflow/.local/lib/python3.12/site-packages/airflow/example_dags/tutorial.py took 0.164 seconds
[2025-08-07T17:51:25.405+0000] {processor.py:186} INFO - Started process (PID=3752) to work on /home/airflow/.local/lib/python3.12/site-packages/airflow/example_dags/tutorial.py
[2025-08-07T17:51:25.408+0000] {processor.py:914} INFO - Processing file /home/airflow/.local/lib/python3.12/site-packages/airflow/example_dags/tutorial.py for tasks to queue
[2025-08-07T17:51:25.416+0000] {logging_mixin.py:190} INFO - [2025-08-07T17:51:25.415+0000] {dagbag.py:588} INFO - Filling up the DagBag from /home/airflow/.local/lib/python3.12/site-packages/airflow/example_dags/tutorial.py
[2025-08-07T17:51:25.446+0000] {processor.py:925} INFO - DAG(s) 'tutorial' retrieved from /home/airflow/.local/lib/python3.12/site-packages/airflow/example_dags/tutorial.py
[2025-08-07T17:50:11.990+0000] {logging_mixin.py:190} INFO - [2025-08-07T17:50:11.989+0000] {dag.py:3239} INFO - Sync 1 DAGs
[2025-08-07T17:50:12.180+0000] {logging_mixin.py:190} INFO - [2025-08-07T17:50:12.179+0000] {dag.py:4180} INFO - Setting next_dagrun for tutorial to 2025-08-06 00:00:00+00:00, run_after=2025-08-07 00:00:00+00:00
[2025-08-07T17:50:12.260+0000] {processor.py:208} INFO - Processing /home/airflow/.local/lib/python3.12/site-packages/airflow/example_dags/tutorial.py took 0.443 seconds
[2025-08-07T17:50:43.168+0000] {processor.py:186} INFO - Started process (PID=3823) to work on /home/airflow/.local/lib/python3.12/site-packages/airflow/example_dags/tutorial.py
[2025-08-07T17:50:43.170+0000] {processor.py:914} INFO - Processing file /home/airflow/.local/lib/python3.12/site-packages/airflow/example_dags/tutorial.py for tasks to queue
[2025-08-07T17:50:43.176+0000] {logging_mixin.py:190} INFO - [2025-08-07T17:50:43.176+0000] {dagbag.py:588} INFO - Filling up the DagBag from /home/airflow/.local/lib/python3.12/site-packages/airflow/example_dags/tutorial.py
[2025-08-07T17:50:43.198+0000] {processor.py:925} INFO - DAG(s) 'tutorial' retrieved from /home/airflow/.local/lib/python3.12/site-packages/airflow/example_dags/tutorial.py
[2025-08-07T17:50:43.245+0000] {logging_mixin.py:190} INFO - [2025-08-07T17:50:43.245+0000] {dag.py:3239} INFO - Sync 1 DAGs
[2025-08-07T17:50:43.300+0000] {logging_mixin.py:190} INFO - [2025-08-07T17:50:43.300+0000] {dag.py:4180} INFO - Setting next_dagrun for tutorial to 2025-08-06 00:00:00+00:00, run_after=2025-08-07 00:00:00+00:00
[2025-08-07T17:50:43.355+0000] {processor.py:208} INFO - Processing /home/airflow/.local/lib/python3.12/site-packages/airflow/example_dags/tutorial.py took 0.199 seconds
[2025-08-07T17:51:14.510+0000] {processor.py:186} INFO - Started process (PID=3889) to work on /home/airflow/.local/lib/python3.12/site-packages/airflow/example_dags/tutorial.py
[2025-08-07T17:51:14.511+0000] {processor.py:914} INFO - Processing file /home/airflow/.local/lib/python3.12/site-packages/airflow/example_dags/tutorial.py for tasks to queue
[2025-08-07T17:51:14.514+0000] {logging_mixin.py:190} INFO - [2025-08-07T17:51:14.513+0000] {dagbag.py:588} INFO - Filling up the DagBag from /home/airflow/.local/lib/python3.12/site-packages/airflow/example_dags/tutorial.py
[2025-08-07T17:51:14.553+0000] {processor.py:925} INFO - DAG(s) 'tutorial' retrieved from /home/airflow/.local/lib/python3.12/site-packages/airflow/example_dags/tutorial.py
[2025-08-07T17:51:14.599+0000] {logging_mixin.py:190} INFO - [2025-08-07T17:51:14.599+0000] {dag.py:3239} INFO - Sync 1 DAGs
[2025-08-07T17:51:14.650+0000] {logging_mixin.py:190} INFO - [2025-08-07T17:51:14.650+0000] {dag.py:4180} INFO - Setting next_dagrun for tutorial to 2025-08-06 00:00:00+00:00, run_after=2025-08-07 00:00:00+00:00
[2025-08-07T17:51:14.691+0000] {processor.py:208} INFO - Processing /home/airflow/.local/lib/python3.12/site-packages/airflow/example_dags/tutorial.py took 0.207 seconds
[2025-08-07T17:51:46.914+0000] {processor.py:186} INFO - Started process (PID=3955) to work on /home/airflow/.local/lib/python3.12/site-packages/airflow/example_dags/tutorial.py
[2025-08-07T17:51:46.915+0000] {processor.py:914} INFO - Processing file /home/airflow/.local/lib/python3.12/site-packages/airflow/example_dags/tutorial.py for tasks to queue
[2025-08-07T17:51:46.916+0000] {logging_mixin.py:190} INFO - [2025-08-07T17:51:46.916+0000] {dagbag.py:588} INFO - Filling up the DagBag from /home/airflow/.local/lib/python3.12/site-packages/airflow/example_dags/tutorial.py
[2025-08-07T17:51:46.944+0000] {processor.py:925} INFO - DAG(s) 'tutorial' retrieved from /home/airflow/.local/lib/python3.12/site-packages/airflow/example_dags/tutorial.py
[2025-08-07T17:51:46.985+0000] {logging_mixin.py:190} INFO - [2025-08-07T17:51:46.985+0000] {dag.py:3239} INFO - Sync 1 DAGs
[2025-08-07T17:51:47.043+0000] {logging_mixin.py:190} INFO - [2025-08-07T17:51:47.043+0000] {dag.py:4180} INFO - Setting next_dagrun for tutorial to 2025-08-06 00:00:00+00:00, run_after=2025-08-07 00:00:00+00:00
[2025-08-07T17:51:47.094+0000] {processor.py:208} INFO - Processing /home/airflow/.local/lib/python3.12/site-packages/airflow/example_dags/tutorial.py took 0.198 seconds
[2025-08-07T17:52:16.692+0000] {processor.py:186} INFO - Started process (PID=4022) to work on /home/airflow/.local/lib/python3.12/site-packages/airflow/example_dags/tutorial.py
[2025-08-07T17:52:16.693+0000] {processor.py:914} INFO - Processing file /home/airflow/.local/lib/python3.12/site-packages/airflow/example_dags/tutorial.py for tasks to queue
[2025-08-07T17:52:16.700+0000] {logging_mixin.py:190} INFO - [2025-08-07T17:52:16.700+0000] {dagbag.py:588} INFO - Filling up the DagBag from /home/airflow/.local/lib/python3.12/site-packages/airflow/example_dags/tutorial.py
[2025-08-07T17:52:16.733+0000] {processor.py:925} INFO - DAG(s) 'tutorial' retrieved from /home/airflow/.local/lib/python3.12/site-packages/airflow/example_dags/tutorial.py
[2025-08-07T17:52:16.782+0000] {logging_mixin.py:190} INFO - [2025-08-07T17:52:16.782+0000] {dag.py:3239} INFO - Sync 1 DAGs
[2025-08-07T17:53:30.418+0000] {logging_mixin.py:190} INFO - [2025-08-07T17:53:30.418+0000] {dag.py:4180} INFO - Setting next_dagrun for tutorial to 2025-08-06 00:00:00+00:00, run_after=2025-08-07 00:00:00+00:00
[2025-08-07T17:52:16.924+0000] {processor.py:208} INFO - Processing /home/airflow/.local/lib/python3.12/site-packages/airflow/example_dags/tutorial.py took 0.243 seconds
[2025-08-07T17:52:36.091+0000] {processor.py:186} INFO - Started process (PID=4081) to work on /home/airflow/.local/lib/python3.12/site-packages/airflow/example_dags/tutorial.py
[2025-08-07T17:52:36.093+0000] {processor.py:914} INFO - Processing file /home/airflow/.local/lib/python3.12/site-packages/airflow/example_dags/tutorial.py for tasks to queue
[2025-08-07T17:52:36.095+0000] {logging_mixin.py:190} INFO - [2025-08-07T17:52:36.094+0000] {dagbag.py:588} INFO - Filling up the DagBag from /home/airflow/.local/lib/python3.12/site-packages/airflow/example_dags/tutorial.py
[2025-08-07T17:52:36.115+0000] {processor.py:925} INFO - DAG(s) 'tutorial' retrieved from /home/airflow/.local/lib/python3.12/site-packages/airflow/example_dags/tutorial.py
[2025-08-07T17:52:36.165+0000] {logging_mixin.py:190} INFO - [2025-08-07T17:52:36.164+0000] {dag.py:3239} INFO - Sync 1 DAGs
[2025-08-07T17:52:36.230+0000] {logging_mixin.py:190} INFO - [2025-08-07T17:52:36.230+0000] {dag.py:4180} INFO - Setting next_dagrun for tutorial to 2025-08-06 00:00:00+00:00, run_after=2025-08-07 00:00:00+00:00
[2025-08-07T17:52:36.275+0000] {processor.py:208} INFO - Processing /home/airflow/.local/lib/python3.12/site-packages/airflow/example_dags/tutorial.py took 0.201 seconds
[2025-08-07T17:53:08.663+0000] {processor.py:186} INFO - Started process (PID=4144) to work on /home/airflow/.local/lib/python3.12/site-packages/airflow/example_dags/tutorial.py
[2025-08-07T17:53:08.664+0000] {processor.py:914} INFO - Processing file /home/airflow/.local/lib/python3.12/site-packages/airflow/example_dags/tutorial.py for tasks to queue
[2025-08-07T17:53:08.666+0000] {logging_mixin.py:190} INFO - [2025-08-07T17:53:08.665+0000] {dagbag.py:588} INFO - Filling up the DagBag from /home/airflow/.local/lib/python3.12/site-packages/airflow/example_dags/tutorial.py
[2025-08-07T17:53:08.686+0000] {processor.py:925} INFO - DAG(s) 'tutorial' retrieved from /home/airflow/.local/lib/python3.12/site-packages/airflow/example_dags/tutorial.py
[2025-08-07T17:53:08.742+0000] {logging_mixin.py:190} INFO - [2025-08-07T17:53:08.737+0000] {dag.py:3239} INFO - Sync 1 DAGs
[2025-08-07T17:53:08.805+0000] {logging_mixin.py:190} INFO - [2025-08-07T17:53:08.804+0000] {dag.py:4180} INFO - Setting next_dagrun for tutorial to 2025-08-06 00:00:00+00:00, run_after=2025-08-07 00:00:00+00:00
[2025-08-07T17:53:08.853+0000] {processor.py:208} INFO - Processing /home/airflow/.local/lib/python3.12/site-packages/airflow/example_dags/tutorial.py took 0.206 seconds
[2025-08-07T17:53:38.045+0000] {processor.py:186} INFO - Started process (PID=4207) to work on /home/airflow/.local/lib/python3.12/site-packages/airflow/example_dags/tutorial.py
[2025-08-07T17:53:38.047+0000] {processor.py:914} INFO - Processing file /home/airflow/.local/lib/python3.12/site-packages/airflow/example_dags/tutorial.py for tasks to queue
[2025-08-07T17:53:38.053+0000] {logging_mixin.py:190} INFO - [2025-08-07T17:53:38.053+0000] {dagbag.py:588} INFO - Filling up the DagBag from /home/airflow/.local/lib/python3.12/site-packages/airflow/example_dags/tutorial.py
[2025-08-07T17:53:38.074+0000] {processor.py:925} INFO - DAG(s) 'tutorial' retrieved from /home/airflow/.local/lib/python3.12/site-packages/airflow/example_dags/tutorial.py
[2025-08-07T17:53:38.124+0000] {logging_mixin.py:190} INFO - [2025-08-07T17:53:38.124+0000] {dag.py:3239} INFO - Sync 1 DAGs
[2025-08-07T17:53:38.184+0000] {logging_mixin.py:190} INFO - [2025-08-07T17:53:38.183+0000] {dag.py:4180} INFO - Setting next_dagrun for tutorial to 2025-08-06 00:00:00+00:00, run_after=2025-08-07 00:00:00+00:00
[2025-08-07T17:53:38.233+0000] {processor.py:208} INFO - Processing /home/airflow/.local/lib/python3.12/site-packages/airflow/example_dags/tutorial.py took 0.201 seconds
[2025-08-07T17:53:53.619+0000] {processor.py:186} INFO - Started process (PID=4273) to work on /home/airflow/.local/lib/python3.12/site-packages/airflow/example_dags/tutorial.py
[2025-08-07T17:53:53.621+0000] {processor.py:914} INFO - Processing file /home/airflow/.local/lib/python3.12/site-packages/airflow/example_dags/tutorial.py for tasks to queue
[2025-08-07T17:53:53.628+0000] {logging_mixin.py:190} INFO - [2025-08-07T17:53:53.627+0000] {dagbag.py:588} INFO - Filling up the DagBag from /home/airflow/.local/lib/python3.12/site-packages/airflow/example_dags/tutorial.py
[2025-08-07T17:53:53.650+0000] {processor.py:925} INFO - DAG(s) 'tutorial' retrieved from /home/airflow/.local/lib/python3.12/site-packages/airflow/example_dags/tutorial.py
[2025-08-07T17:53:53.718+0000] {logging_mixin.py:190} INFO - [2025-08-07T17:53:53.717+0000] {dag.py:3239} INFO - Sync 1 DAGs
[2025-08-07T17:53:53.807+0000] {logging_mixin.py:190} INFO - [2025-08-07T17:53:53.807+0000] {dag.py:4180} INFO - Setting next_dagrun for tutorial to 2025-08-06 00:00:00+00:00, run_after=2025-08-07 00:00:00+00:00
[2025-08-07T17:53:53.869+0000] {processor.py:208} INFO - Processing /home/airflow/.local/lib/python3.12/site-packages/airflow/example_dags/tutorial.py took 0.271 seconds
[2025-08-07T17:54:07.467+0000] {processor.py:186} INFO - Started process (PID=4333) to work on /home/airflow/.local/lib/python3.12/site-packages/airflow/example_dags/tutorial.py
[2025-08-07T17:54:07.473+0000] {processor.py:914} INFO - Processing file /home/airflow/.local/lib/python3.12/site-packages/airflow/example_dags/tutorial.py for tasks to queue
[2025-08-07T17:54:07.475+0000] {logging_mixin.py:190} INFO - [2025-08-07T17:54:07.474+0000] {dagbag.py:588} INFO - Filling up the DagBag from /home/airflow/.local/lib/python3.12/site-packages/airflow/example_dags/tutorial.py
[2025-08-07T17:54:07.503+0000] {processor.py:925} INFO - DAG(s) 'tutorial' retrieved from /home/airflow/.local/lib/python3.12/site-packages/airflow/example_dags/tutorial.py
[2025-08-07T17:54:07.547+0000] {logging_mixin.py:190} INFO - [2025-08-07T17:54:07.547+0000] {dag.py:3239} INFO - Sync 1 DAGs
[2025-08-07T17:54:07.614+0000] {logging_mixin.py:190} INFO - [2025-08-07T17:54:07.614+0000] {dag.py:4180} INFO - Setting next_dagrun for tutorial to 2025-08-06 00:00:00+00:00, run_after=2025-08-07 00:00:00+00:00
[2025-08-07T17:54:07.663+0000] {processor.py:208} INFO - Processing /home/airflow/.local/lib/python3.12/site-packages/airflow/example_dags/tutorial.py took 0.208 seconds
[2025-08-07T17:54:39.072+0000] {processor.py:186} INFO - Started process (PID=4403) to work on /home/airflow/.local/lib/python3.12/site-packages/airflow/example_dags/tutorial.py
[2025-08-07T17:54:39.073+0000] {processor.py:914} INFO - Processing file /home/airflow/.local/lib/python3.12/site-packages/airflow/example_dags/tutorial.py for tasks to queue
[2025-08-07T17:54:39.080+0000] {logging_mixin.py:190} INFO - [2025-08-07T17:54:39.075+0000] {dagbag.py:588} INFO - Filling up the DagBag from /home/airflow/.local/lib/python3.12/site-packages/airflow/example_dags/tutorial.py
[2025-08-07T17:54:39.095+0000] {processor.py:925} INFO - DAG(s) 'tutorial' retrieved from /home/airflow/.local/lib/python3.12/site-packages/airflow/example_dags/tutorial.py
[2025-08-07T17:54:39.144+0000] {logging_mixin.py:190} INFO - [2025-08-07T17:54:39.144+0000] {dag.py:3239} INFO - Sync 1 DAGs
[2025-08-07T17:54:39.202+0000] {logging_mixin.py:190} INFO - [2025-08-07T17:54:39.201+0000] {dag.py:4180} INFO - Setting next_dagrun for tutorial to 2025-08-06 00:00:00+00:00, run_after=2025-08-07 00:00:00+00:00
[2025-08-07T17:54:39.245+0000] {processor.py:208} INFO - Processing /home/airflow/.local/lib/python3.12/site-packages/airflow/example_dags/tutorial.py took 0.184 seconds
[2025-08-07T17:55:13.036+0000] {processor.py:186} INFO - Started process (PID=4467) to work on /home/airflow/.local/lib/python3.12/site-packages/airflow/example_dags/tutorial.py
[2025-08-07T17:55:13.038+0000] {processor.py:914} INFO - Processing file /home/airflow/.local/lib/python3.12/site-packages/airflow/example_dags/tutorial.py for tasks to queue
[2025-08-07T17:55:13.040+0000] {logging_mixin.py:190} INFO - [2025-08-07T17:55:13.039+0000] {dagbag.py:588} INFO - Filling up the DagBag from /home/airflow/.local/lib/python3.12/site-packages/airflow/example_dags/tutorial.py
[2025-08-07T17:55:13.067+0000] {processor.py:925} INFO - DAG(s) 'tutorial' retrieved from /home/airflow/.local/lib/python3.12/site-packages/airflow/example_dags/tutorial.py
[2025-08-07T17:55:13.127+0000] {logging_mixin.py:190} INFO - [2025-08-07T17:55:13.127+0000] {dag.py:3239} INFO - Sync 1 DAGs
[2025-08-07T17:55:13.210+0000] {logging_mixin.py:190} INFO - [2025-08-07T17:55:13.209+0000] {dag.py:4180} INFO - Setting next_dagrun for tutorial to 2025-08-06 00:00:00+00:00, run_after=2025-08-07 00:00:00+00:00
[2025-08-07T17:55:13.278+0000] {processor.py:208} INFO - Processing /home/airflow/.local/lib/python3.12/site-packages/airflow/example_dags/tutorial.py took 0.260 seconds
